#
# There is insufficient memory for the Java Runtime Environment to continue.
# Native memory allocation (malloc) failed to allocate 1111696 bytes for Chunk::new
# Possible reasons:
#   The system is out of physical RAM or swap space
#   The process is running with CompressedOops enabled, and the Java Heap may be blocking the growth of the native heap
# Possible solutions:
#   Reduce memory load on the system
#   Increase physical memory or swap space
#   Check if swap backing store is full
#   Decrease Java heap size (-Xmx/-Xms)
#   Decrease number of Java threads
#   Decrease Java thread stack sizes (-Xss)
#   Set larger code cache with -XX:ReservedCodeCacheSize=
#   JVM is running with Unscaled Compressed Oops mode in which the Java heap is
#     placed in the first 4GB address space. The Java Heap base address is the
#     maximum limit for the native heap growth. Please use -XX:HeapBaseMinAddress
#     to set the Java Heap base and to place the Java Heap above 4GB virtual address.
# This output file may be truncated or incomplete.
#
#  Out of Memory Error (./open/src/hotspot/share/memory/arena.cpp:197), pid=8240, tid=14412
#
# JRE version: Java(TM) SE Runtime Environment 18.9 (11.0.17+10) (build 11.0.17+10-LTS-269)
# Java VM: Java HotSpot(TM) 64-Bit Server VM 18.9 (11.0.17+10-LTS-269, mixed mode, tiered, compressed oops, g1 gc, windows-amd64)
# No core dump will be written. Minidumps are not enabled by default on client versions of Windows
#

---------------  S U M M A R Y ------------

Command Line: --add-opens=java.base/java.util=ALL-UNNAMED --add-opens=java.base/java.lang=ALL-UNNAMED --add-opens=java.base/java.lang.invoke=ALL-UNNAMED --add-opens=java.prefs/java.util.prefs=ALL-UNNAMED --add-opens=java.base/java.nio.charset=ALL-UNNAMED --add-opens=java.base/java.net=ALL-UNNAMED --add-opens=java.base/java.util.concurrent.atomic=ALL-UNNAMED -XX:MaxMetaspaceSize=384m -XX:+HeapDumpOnOutOfMemoryError -Xms256m -Xmx512m -Dfile.encoding=windows-1252 -Duser.country=IT -Duser.language=it -Duser.variant -javaagent:C:\Users\marko\.gradle\wrapper\dists\gradle-8.6-bin\afr5mpiioh2wthjmwnkmdsd5w\gradle-8.6\lib\agents\gradle-instrumentation-agent-8.6.jar org.gradle.launcher.daemon.bootstrap.GradleDaemon 8.6

Host: Intel(R) Core(TM) i5-8250U CPU @ 1.60GHz, 8 cores, 7G,  Windows 10 , 64 bit Build 19041 (10.0.19041.3636)
Time: Thu May  2 15:50:16 2024 ora legale Europa occidentale elapsed time: 18.296587 seconds (0d 0h 0m 18s)

---------------  T H R E A D  ---------------

Current thread (0x00000285c820f800):  JavaThread "C2 CompilerThread0" daemon [_thread_in_native, id=14412, stack(0x000000b615b00000,0x000000b615c00000)]


Current CompileTask:
C2:  18296 6869       4       java.lang.reflect.AccessibleObject::checkCanSetAccessible (386 bytes)

Stack: [0x000000b615b00000,0x000000b615c00000]
Native frames: (J=compiled Java code, j=interpreted, Vv=VM code, C=native code)
V  [jvm.dll+0x62b5da]
V  [jvm.dll+0x7653df]
V  [jvm.dll+0x766a89]
V  [jvm.dll+0x767113]
V  [jvm.dll+0x23dd28]
V  [jvm.dll+0xb2a1c]
V  [jvm.dll+0xb2fdc]
V  [jvm.dll+0x341597]
V  [jvm.dll+0x18cc59]
V  [jvm.dll+0x1f8815]
V  [jvm.dll+0x1f78fd]
V  [jvm.dll+0x177c91]
V  [jvm.dll+0x207296]
V  [jvm.dll+0x20542b]
V  [jvm.dll+0x72b2c0]
V  [jvm.dll+0x723e64]
V  [jvm.dll+0x62a485]
C  [ucrtbase.dll+0x21bb2]
C  [KERNEL32.DLL+0x17344]
C  [ntdll.dll+0x526b1]


---------------  P R O C E S S  ---------------

Threads class SMR info:
_java_thread_list=0x00000285caeba450, length=74, elements={
0x00000285ad201000, 0x00000285c7981000, 0x00000285c7982800, 0x00000285c8209000,
0x00000285c820a000, 0x00000285c820c000, 0x00000285c820f800, 0x00000285c8210800,
0x00000285c8213800, 0x00000285c8377000, 0x00000285ca8c4000, 0x00000285c83a8800,
0x00000285c9d67800, 0x00000285ca3be000, 0x00000285ca410800, 0x00000285c9941800,
0x00000285cab90800, 0x00000285c9ba2000, 0x00000285c89a8800, 0x00000285cb03c800,
0x00000285cb03d800, 0x00000285cb03f000, 0x00000285cb03b000, 0x00000285cb03f800,
0x00000285cb03e000, 0x00000285cb03b800, 0x00000285cb03a000, 0x00000285cb040800,
0x00000285cb2e3800, 0x00000285cb2e4000, 0x00000285cb2df800, 0x00000285cb2e1000,
0x00000285cb2e0000, 0x00000285cb2e1800, 0x00000285cb2e7800, 0x00000285cb2e2800,
0x00000285cb2ea000, 0x00000285cb2ec800, 0x00000285cb2eb800, 0x00000285cb2ed000,
0x00000285cb2ee000, 0x00000285cb2e9000, 0x00000285cb2ea800, 0x00000285cf44e800,
0x00000285cf44f800, 0x00000285cf452000, 0x00000285cf451000, 0x00000285cf44d800,
0x00000285cf450000, 0x00000285cf452800, 0x00000285cf44d000, 0x00000285cf457800,
0x00000285cf458800, 0x00000285cf454000, 0x00000285cd77d000, 0x00000285cf455000,
0x00000285cf456000, 0x00000285cf456800, 0x00000285cf453800, 0x00000285cf459000,
0x00000285cf45a000, 0x00000285cf45b000, 0x00000285cf45b800, 0x00000285cb3f1800,
0x00000285cb3ef000, 0x00000285cb3f4000, 0x00000285cb3f1000, 0x00000285cb3f5000,
0x00000285cb3f3800, 0x00000285cb3f0000, 0x00000285cb3f5800, 0x00000285cb3f6800,
0x00000285cb3f7800, 0x00000285cb3f2800
}

Java Threads: ( => current thread )
  0x00000285ad201000 JavaThread "main" [_thread_blocked, id=11628, stack(0x000000b614f00000,0x000000b615000000)]
  0x00000285c7981000 JavaThread "Reference Handler" daemon [_thread_blocked, id=5476, stack(0x000000b615600000,0x000000b615700000)]
  0x00000285c7982800 JavaThread "Finalizer" daemon [_thread_blocked, id=6256, stack(0x000000b615700000,0x000000b615800000)]
  0x00000285c8209000 JavaThread "Signal Dispatcher" daemon [_thread_blocked, id=10592, stack(0x000000b615800000,0x000000b615900000)]
  0x00000285c820a000 JavaThread "Attach Listener" daemon [_thread_blocked, id=9840, stack(0x000000b615900000,0x000000b615a00000)]
  0x00000285c820c000 JavaThread "Service Thread" daemon [_thread_blocked, id=12924, stack(0x000000b615a00000,0x000000b615b00000)]
=>0x00000285c820f800 JavaThread "C2 CompilerThread0" daemon [_thread_in_native, id=14412, stack(0x000000b615b00000,0x000000b615c00000)]
  0x00000285c8210800 JavaThread "C1 CompilerThread0" daemon [_thread_in_native, id=12260, stack(0x000000b615c00000,0x000000b615d00000)]
  0x00000285c8213800 JavaThread "Sweeper thread" daemon [_thread_blocked, id=9832, stack(0x000000b615d00000,0x000000b615e00000)]
  0x00000285c8377000 JavaThread "Common-Cleaner" daemon [_thread_blocked, id=2908, stack(0x000000b615e00000,0x000000b615f00000)]
  0x00000285ca8c4000 JavaThread "Daemon health stats" [_thread_blocked, id=10812, stack(0x000000b616700000,0x000000b616800000)]
  0x00000285c83a8800 JavaThread "Incoming local TCP Connector on port 61857" [_thread_in_native, id=5288, stack(0x000000b615f00000,0x000000b616000000)]
  0x00000285c9d67800 JavaThread "Daemon periodic checks" [_thread_blocked, id=14680, stack(0x000000b616000000,0x000000b616100000)]
  0x00000285ca3be000 JavaThread "Daemon" [_thread_blocked, id=13912, stack(0x000000b616800000,0x000000b616900000)]
  0x00000285ca410800 JavaThread "Handler for socket connection from /127.0.0.1:61857 to /127.0.0.1:61858" [_thread_in_native, id=380, stack(0x000000b616900000,0x000000b616a00000)]
  0x00000285c9941800 JavaThread "Cancel handler" [_thread_blocked, id=12804, stack(0x000000b616a00000,0x000000b616b00000)]
  0x00000285cab90800 JavaThread "Daemon worker" [_thread_blocked, id=14636, stack(0x000000b616b00000,0x000000b616c00000)]
  0x00000285c9ba2000 JavaThread "Asynchronous log dispatcher for DefaultDaemonConnection: socket connection from /127.0.0.1:61857 to /127.0.0.1:61858" [_thread_in_Java, id=7972, stack(0x000000b616c00000,0x000000b616d00000)]
  0x00000285c89a8800 JavaThread "Stdin handler" [_thread_blocked, id=15232, stack(0x000000b616d00000,0x000000b616e00000)]
  0x00000285cb03c800 JavaThread "Daemon client event forwarder" [_thread_blocked, id=12508, stack(0x000000b616e00000,0x000000b616f00000)]
  0x00000285cb03d800 JavaThread "Cache worker for journal cache (C:\Users\marko\.gradle\caches\journal-1)" [_thread_blocked, id=1128, stack(0x000000b617200000,0x000000b617300000)]
  0x00000285cb03f000 JavaThread "File lock request listener" [_thread_in_native, id=4572, stack(0x000000b617300000,0x000000b617400000)]
  0x00000285cb03b000 JavaThread "Cache worker for file hash cache (C:\Users\marko\.gradle\caches\8.6\fileHashes)" [_thread_blocked, id=7100, stack(0x000000b617400000,0x000000b617500000)]
  0x00000285cb03f800 JavaThread "File watcher server" daemon [_thread_in_native, id=3556, stack(0x000000b617700000,0x000000b617800000)]
  0x00000285cb03e000 JavaThread "File watcher consumer" daemon [_thread_blocked, id=9072, stack(0x000000b617800000,0x000000b617900000)]
  0x00000285cb03b800 JavaThread "Cache worker for checksums cache (C:\Users\marko\Desktop\ISS_24\issLab24\bw24\.gradle\8.6\checksums)" [_thread_blocked, id=12784, stack(0x000000b617900000,0x000000b617a00000)]
  0x00000285cb03a000 JavaThread "Cache worker for file hash cache (C:\Users\marko\Desktop\ISS_24\issLab24\bw24\.gradle\8.6\fileHashes)" [_thread_blocked, id=14628, stack(0x000000b617a00000,0x000000b617b00000)]
  0x00000285cb040800 JavaThread "Cache worker for cache directory md-supplier (C:\Users\marko\.gradle\caches\8.6\md-supplier)" [_thread_blocked, id=14816, stack(0x000000b617b00000,0x000000b617c00000)]
  0x00000285cb2e3800 JavaThread "Cache worker for cache directory md-rule (C:\Users\marko\.gradle\caches\8.6\md-rule)" [_thread_blocked, id=9860, stack(0x000000b617c00000,0x000000b617d00000)]
  0x00000285cb2e4000 JavaThread "Cache worker for file content cache (C:\Users\marko\.gradle\caches\8.6\fileContent)" [_thread_blocked, id=10996, stack(0x000000b617d00000,0x000000b617e00000)]
  0x00000285cb2df800 JavaThread "jar transforms" [_thread_blocked, id=9516, stack(0x000000b617e00000,0x000000b617f00000)]
  0x00000285cb2e1000 JavaThread "jar transforms Thread 2" [_thread_blocked, id=14972, stack(0x000000b617f00000,0x000000b618000000)]
  0x00000285cb2e0000 JavaThread "jar transforms Thread 3" [_thread_blocked, id=2536, stack(0x000000b617600000,0x000000b617700000)]
  0x00000285cb2e1800 JavaThread "Cache worker for Build Output Cleanup Cache (C:\Users\marko\Desktop\ISS_24\issLab24\bw24\.gradle\buildOutputCleanup)" [_thread_blocked, id=10756, stack(0x000000b618100000,0x000000b618200000)]
  0x00000285cb2e7800 JavaThread "Unconstrained build operations" [_thread_blocked, id=3252, stack(0x000000b618200000,0x000000b618300000)]
  0x00000285cb2e2800 JavaThread "Unconstrained build operations Thread 2" [_thread_blocked, id=6840, stack(0x000000b618300000,0x000000b618400000)]
  0x00000285cb2ea000 JavaThread "Unconstrained build operations Thread 3" [_thread_blocked, id=15256, stack(0x000000b618400000,0x000000b618500000)]
  0x00000285cb2ec800 JavaThread "Unconstrained build operations Thread 4" [_thread_blocked, id=10712, stack(0x000000b618500000,0x000000b618600000)]
  0x00000285cb2eb800 JavaThread "Unconstrained build operations Thread 5" [_thread_blocked, id=3664, stack(0x000000b618600000,0x000000b618700000)]
  0x00000285cb2ed000 JavaThread "Unconstrained build operations Thread 6" [_thread_blocked, id=8508, stack(0x000000b618700000,0x000000b618800000)]
  0x00000285cb2ee000 JavaThread "Unconstrained build operations Thread 7" [_thread_blocked, id=12252, stack(0x000000b618800000,0x000000b618900000)]
  0x00000285cb2e9000 JavaThread "Memory manager" [_thread_blocked, id=2728, stack(0x000000b618000000,0x000000b618100000)]
  0x00000285cb2ea800 JavaThread "build event listener" [_thread_blocked, id=13420, stack(0x000000b617500000,0x000000b617600000)]
  0x00000285cf44e800 JavaThread "jar transforms Thread 4" [_thread_blocked, id=2272, stack(0x000000b618a00000,0x000000b618b00000)]
  0x00000285cf44f800 JavaThread "ForkJoinPool.commonPool-worker-3" daemon [_thread_blocked, id=12200, stack(0x000000b618b00000,0x000000b618c00000)]
  0x00000285cf452000 JavaThread "ForkJoinPool.commonPool-worker-5" daemon [_thread_blocked, id=11116, stack(0x000000b618c00000,0x000000b618d00000)]
  0x00000285cf451000 JavaThread "ForkJoinPool.commonPool-worker-7" daemon [_thread_blocked, id=4036, stack(0x000000b618d00000,0x000000b618e00000)]
  0x00000285cf44d800 JavaThread "ForkJoinPool.commonPool-worker-9" daemon [_thread_blocked, id=76, stack(0x000000b618e00000,0x000000b618f00000)]
  0x00000285cf450000 JavaThread "ForkJoinPool.commonPool-worker-13" daemon [_thread_blocked, id=7948, stack(0x000000b618f00000,0x000000b619000000)]
  0x00000285cf452800 JavaThread "ForkJoinPool.commonPool-worker-11" daemon [_thread_blocked, id=1720, stack(0x000000b619000000,0x000000b619100000)]
  0x00000285cf44d000 JavaThread "ForkJoinPool.commonPool-worker-15" daemon [_thread_blocked, id=8524, stack(0x000000b619100000,0x000000b619200000)]
  0x00000285cf457800 JavaThread "Exec process" [_thread_blocked, id=10360, stack(0x000000b619200000,0x000000b619300000)]
  0x00000285cf458800 JavaThread "Exec process Thread 2" [_thread_blocked, id=10448, stack(0x000000b619300000,0x000000b619400000)]
  0x00000285cf454000 JavaThread "Exec process Thread 3" [_thread_blocked, id=10488, stack(0x000000b619400000,0x000000b619500000)]
  0x00000285cd77d000 JavaThread "C2 CompilerThread1" daemon [_thread_in_native, id=6432, stack(0x000000b618900000,0x000000b618a00000)]
  0x00000285cf455000 JavaThread "included builds" [_thread_blocked, id=3940, stack(0x000000b619500000,0x000000b619600000)]
  0x00000285cf456000 JavaThread "Execution worker" [_thread_in_native, id=2356, stack(0x000000b619600000,0x000000b619700000)]
  0x00000285cf456800 JavaThread "Execution worker Thread 2" [_thread_blocked, id=2972, stack(0x000000b619700000,0x000000b619800000)]
  0x00000285cf453800 JavaThread "Execution worker Thread 3" [_thread_blocked, id=7600, stack(0x000000b619800000,0x000000b619900000)]
  0x00000285cf459000 JavaThread "Execution worker Thread 4" [_thread_blocked, id=13952, stack(0x000000b619900000,0x000000b619a00000)]
  0x00000285cf45a000 JavaThread "Execution worker Thread 5" [_thread_blocked, id=4884, stack(0x000000b619a00000,0x000000b619b00000)]
  0x00000285cf45b000 JavaThread "Execution worker Thread 6" [_thread_blocked, id=8224, stack(0x000000b619b00000,0x000000b619c00000)]
  0x00000285cf45b800 JavaThread "Execution worker Thread 7" [_thread_blocked, id=9224, stack(0x000000b619c00000,0x000000b619d00000)]
  0x00000285cb3f1800 JavaThread "Cache worker for execution history cache (C:\Users\marko\Desktop\ISS_24\issLab24\bw24\.gradle\8.6\executionHistory)" [_thread_blocked, id=8768, stack(0x000000b619d00000,0x000000b619e00000)]
  0x00000285cb3ef000 JavaThread "Unconstrained build operations Thread 8" [_thread_blocked, id=2700, stack(0x000000b619e00000,0x000000b619f00000)]
  0x00000285cb3f4000 JavaThread "Unconstrained build operations Thread 9" [_thread_blocked, id=8168, stack(0x000000b619f00000,0x000000b61a000000)]
  0x00000285cb3f1000 JavaThread "Unconstrained build operations Thread 10" [_thread_blocked, id=1556, stack(0x000000b61a000000,0x000000b61a100000)]
  0x00000285cb3f5000 JavaThread "Unconstrained build operations Thread 11" [_thread_blocked, id=13888, stack(0x000000b61a100000,0x000000b61a200000)]
  0x00000285cb3f3800 JavaThread "Unconstrained build operations Thread 12" [_thread_blocked, id=8388, stack(0x000000b61a200000,0x000000b61a300000)]
  0x00000285cb3f0000 JavaThread "Unconstrained build operations Thread 13" [_thread_blocked, id=7796, stack(0x000000b61a300000,0x000000b61a400000)]
  0x00000285cb3f5800 JavaThread "Unconstrained build operations Thread 14" [_thread_blocked, id=5964, stack(0x000000b61a400000,0x000000b61a500000)]
  0x00000285cb3f6800 JavaThread "Unconstrained build operations Thread 15" [_thread_blocked, id=2328, stack(0x000000b61a500000,0x000000b61a600000)]
  0x00000285cb3f7800 JavaThread "Unconstrained build operations Thread 16" [_thread_blocked, id=9500, stack(0x000000b61a600000,0x000000b61a700000)]
  0x00000285cb3f2800 JavaThread "Unconstrained build operations Thread 17" [_thread_blocked, id=14620, stack(0x000000b61a700000,0x000000b61a800000)]

Other Threads:
  0x00000285c797f000 VMThread "VM Thread" [stack: 0x000000b615500000,0x000000b615600000] [id=6944]
  0x00000285c84dd000 WatcherThread [stack: 0x000000b616100000,0x000000b616200000] [id=13924]
  0x00000285ad216000 GCTaskThread "GC Thread#0" [stack: 0x000000b615000000,0x000000b615100000] [id=14476]
  0x00000285c9850800 GCTaskThread "GC Thread#1" [stack: 0x000000b616200000,0x000000b616300000] [id=8188]
  0x00000285ca2f5800 GCTaskThread "GC Thread#2" [stack: 0x000000b616300000,0x000000b616400000] [id=8560]
  0x00000285ca2f6800 GCTaskThread "GC Thread#3" [stack: 0x000000b616400000,0x000000b616500000] [id=5584]
  0x00000285ca2f3000 GCTaskThread "GC Thread#4" [stack: 0x000000b616500000,0x000000b616600000] [id=8068]
  0x00000285ca2f3800 GCTaskThread "GC Thread#5" [stack: 0x000000b616600000,0x000000b616700000] [id=8180]
  0x00000285ca2f4000 GCTaskThread "GC Thread#6" [stack: 0x000000b616f00000,0x000000b617000000] [id=10380]
  0x00000285ca2f5000 GCTaskThread "GC Thread#7" [stack: 0x000000b617000000,0x000000b617100000] [id=4724]
  0x00000285ad22d000 ConcurrentGCThread "G1 Main Marker" [stack: 0x000000b615100000,0x000000b615200000] [id=14268]
  0x00000285ad231000 ConcurrentGCThread "G1 Conc#0" [stack: 0x000000b615200000,0x000000b615300000] [id=2696]
  0x00000285ca2f0000 ConcurrentGCThread "G1 Conc#1" [stack: 0x000000b617100000,0x000000b617200000] [id=1396]
  0x00000285c7812800 ConcurrentGCThread "G1 Refine#0" [stack: 0x000000b615300000,0x000000b615400000] [id=15104]
  0x00000285c7813800 ConcurrentGCThread "G1 Young RemSet Sampling" [stack: 0x000000b615400000,0x000000b615500000] [id=5276]

Threads with active compile tasks:
C2 CompilerThread0    18385 6869       4       java.lang.reflect.AccessibleObject::checkCanSetAccessible (386 bytes)
C2 CompilerThread1    18385 6598 %     4       org.gradle.internal.instantiation.generator.AbstractClassGenerator::inspectType @ 107 (560 bytes)

VM state:not at safepoint (normal execution)

VM Mutex/Monitor currently owned by a thread: None

Heap address: 0x00000000e0000000, size: 512 MB, Compressed Oops mode: 32-bit
Narrow klass base: 0x0000000000000000, Narrow klass shift: 3
Compressed class space size: 394264576 Address: 0x0000000100000000

Heap:
 garbage-first heap   total 262144K, used 87482K [0x00000000e0000000, 0x0000000100000000)
  region size 1024K, 41 young (41984K), 18 survivors (18432K)
 Metaspace       used 76827K, capacity 79457K, committed 79536K, reserved 454656K
  class space    used 10413K, capacity 11486K, committed 11520K, reserved 385024K
Heap Regions: E=young(eden), S=young(survivor), O=old, HS=humongous(starts), HC=humongous(continues), CS=collection set, F=free, A=archive, TAMS=top-at-mark-start (previous, next)
|   0|0x00000000e0000000, 0x00000000e0100000, 0x00000000e0100000|100%|HS|  |TAMS 0x00000000e0100000, 0x00000000e0000000| Complete 
|   1|0x00000000e0100000, 0x00000000e0200000, 0x00000000e0200000|100%|HC|  |TAMS 0x00000000e0200000, 0x00000000e0100000| Complete 
|   2|0x00000000e0200000, 0x00000000e0300000, 0x00000000e0300000|100%|HC|  |TAMS 0x00000000e0300000, 0x00000000e0200000| Complete 
|   3|0x00000000e0300000, 0x00000000e0400000, 0x00000000e0400000|100%|HC|  |TAMS 0x00000000e0400000, 0x00000000e0300000| Complete 
|   4|0x00000000e0400000, 0x00000000e0500000, 0x00000000e0500000|100%| O|  |TAMS 0x00000000e0500000, 0x00000000e0400000| Untracked 
|   5|0x00000000e0500000, 0x00000000e0600000, 0x00000000e0600000|100%| O|  |TAMS 0x00000000e0600000, 0x00000000e0500000| Untracked 
|   6|0x00000000e0600000, 0x00000000e0700000, 0x00000000e0700000|100%| O|  |TAMS 0x00000000e0700000, 0x00000000e0600000| Untracked 
|   7|0x00000000e0700000, 0x00000000e0800000, 0x00000000e0800000|100%| O|  |TAMS 0x00000000e0800000, 0x00000000e0700000| Untracked 
|   8|0x00000000e0800000, 0x00000000e0900000, 0x00000000e0900000|100%| O|  |TAMS 0x00000000e0900000, 0x00000000e0800000| Untracked 
|   9|0x00000000e0900000, 0x00000000e0a00000, 0x00000000e0a00000|100%| O|  |TAMS 0x00000000e0a00000, 0x00000000e0900000| Untracked 
|  10|0x00000000e0a00000, 0x00000000e0b00000, 0x00000000e0b00000|100%| O|  |TAMS 0x00000000e0b00000, 0x00000000e0a00000| Untracked 
|  11|0x00000000e0b00000, 0x00000000e0c00000, 0x00000000e0c00000|100%| O|  |TAMS 0x00000000e0c00000, 0x00000000e0b00000| Untracked 
|  12|0x00000000e0c00000, 0x00000000e0d00000, 0x00000000e0d00000|100%| O|  |TAMS 0x00000000e0d00000, 0x00000000e0c00000| Untracked 
|  13|0x00000000e0d00000, 0x00000000e0e00000, 0x00000000e0e00000|100%| O|  |TAMS 0x00000000e0e00000, 0x00000000e0d00000| Untracked 
|  14|0x00000000e0e00000, 0x00000000e0f00000, 0x00000000e0f00000|100%| O|  |TAMS 0x00000000e0f00000, 0x00000000e0e00000| Untracked 
|  15|0x00000000e0f00000, 0x00000000e1000000, 0x00000000e1000000|100%| O|  |TAMS 0x00000000e1000000, 0x00000000e0f00000| Untracked 
|  16|0x00000000e1000000, 0x00000000e1100000, 0x00000000e1100000|100%| O|  |TAMS 0x00000000e1100000, 0x00000000e1000000| Untracked 
|  17|0x00000000e1100000, 0x00000000e1200000, 0x00000000e1200000|100%| O|  |TAMS 0x00000000e1200000, 0x00000000e1100000| Untracked 
|  18|0x00000000e1200000, 0x00000000e1300000, 0x00000000e1300000|100%| O|  |TAMS 0x00000000e1300000, 0x00000000e1200000| Untracked 
|  19|0x00000000e1300000, 0x00000000e1400000, 0x00000000e1400000|100%|HS|  |TAMS 0x00000000e1300000, 0x00000000e1300000| Complete 
|  20|0x00000000e1400000, 0x00000000e1500000, 0x00000000e1500000|100%|HC|  |TAMS 0x00000000e1400000, 0x00000000e1400000| Complete 
|  21|0x00000000e1500000, 0x00000000e1600000, 0x00000000e1600000|100%|HC|  |TAMS 0x00000000e1500000, 0x00000000e1500000| Complete 
|  22|0x00000000e1600000, 0x00000000e1700000, 0x00000000e1700000|100%|HC|  |TAMS 0x00000000e1600000, 0x00000000e1600000| Complete 
|  23|0x00000000e1700000, 0x00000000e1800000, 0x00000000e1800000|100%| O|  |TAMS 0x00000000e1700000, 0x00000000e1700000| Untracked 
|  24|0x00000000e1800000, 0x00000000e1900000, 0x00000000e1900000|100%| O|  |TAMS 0x00000000e1800000, 0x00000000e1800000| Untracked 
|  25|0x00000000e1900000, 0x00000000e1a00000, 0x00000000e1a00000|100%| O|  |TAMS 0x00000000e1900000, 0x00000000e1900000| Untracked 
|  26|0x00000000e1a00000, 0x00000000e1b00000, 0x00000000e1b00000|100%|HS|  |TAMS 0x00000000e1b00000, 0x00000000e1a00000| Complete 
|  27|0x00000000e1b00000, 0x00000000e1c00000, 0x00000000e1c00000|100%|HC|  |TAMS 0x00000000e1c00000, 0x00000000e1b00000| Complete 
|  28|0x00000000e1c00000, 0x00000000e1d00000, 0x00000000e1d00000|100%|HS|  |TAMS 0x00000000e1d00000, 0x00000000e1c00000| Complete 
|  29|0x00000000e1d00000, 0x00000000e1e00000, 0x00000000e1e00000|100%|HC|  |TAMS 0x00000000e1e00000, 0x00000000e1d00000| Complete 
|  30|0x00000000e1e00000, 0x00000000e1f00000, 0x00000000e1f00000|100%| O|  |TAMS 0x00000000e1f00000, 0x00000000e1e00000| Untracked 
|  31|0x00000000e1f00000, 0x00000000e2000000, 0x00000000e2000000|100%| O|  |TAMS 0x00000000e2000000, 0x00000000e1f00000| Untracked 
|  32|0x00000000e2000000, 0x00000000e2100000, 0x00000000e2100000|100%| O|  |TAMS 0x00000000e2100000, 0x00000000e2000000| Untracked 
|  33|0x00000000e2100000, 0x00000000e2200000, 0x00000000e2200000|100%| O|  |TAMS 0x00000000e2200000, 0x00000000e2100000| Untracked 
|  34|0x00000000e2200000, 0x00000000e2300000, 0x00000000e2300000|100%| O|  |TAMS 0x00000000e222f800, 0x00000000e2200000| Untracked 
|  35|0x00000000e2300000, 0x00000000e2400000, 0x00000000e2400000|100%|HS|  |TAMS 0x00000000e2300000, 0x00000000e2300000| Complete 
|  36|0x00000000e2400000, 0x00000000e2500000, 0x00000000e2500000|100%|HC|  |TAMS 0x00000000e2400000, 0x00000000e2400000| Complete 
|  37|0x00000000e2500000, 0x00000000e2600000, 0x00000000e2600000|100%|HC|  |TAMS 0x00000000e2500000, 0x00000000e2500000| Complete 
|  38|0x00000000e2600000, 0x00000000e2700000, 0x00000000e2700000|100%|HC|  |TAMS 0x00000000e2600000, 0x00000000e2600000| Complete 
|  39|0x00000000e2700000, 0x00000000e2800000, 0x00000000e2800000|100%| O|  |TAMS 0x00000000e2700000, 0x00000000e2700000| Untracked 
|  40|0x00000000e2800000, 0x00000000e2900000, 0x00000000e2900000|100%| O|  |TAMS 0x00000000e2800000, 0x00000000e2800000| Untracked 
|  41|0x00000000e2900000, 0x00000000e2a00000, 0x00000000e2a00000|100%| O|  |TAMS 0x00000000e2900000, 0x00000000e2900000| Untracked 
|  42|0x00000000e2a00000, 0x00000000e2b00000, 0x00000000e2b00000|100%| O|  |TAMS 0x00000000e2a00000, 0x00000000e2a00000| Untracked 
|  43|0x00000000e2b00000, 0x00000000e2c00000, 0x00000000e2c00000|100%| O|  |TAMS 0x00000000e2b00000, 0x00000000e2b00000| Untracked 
|  44|0x00000000e2c00000, 0x00000000e2d00000, 0x00000000e2d00000|100%| O|  |TAMS 0x00000000e2c00000, 0x00000000e2c00000| Untracked 
|  45|0x00000000e2d00000, 0x00000000e2e00000, 0x00000000e2e00000|100%| O|  |TAMS 0x00000000e2d00000, 0x00000000e2d00000| Untracked 
|  46|0x00000000e2e00000, 0x00000000e2eeb200, 0x00000000e2f00000| 91%| O|  |TAMS 0x00000000e2e00000, 0x00000000e2e00000| Untracked 
|  47|0x00000000e2f00000, 0x00000000e2f00000, 0x00000000e3000000|  0%| F|  |TAMS 0x00000000e2f00000, 0x00000000e2f00000| Untracked 
|  48|0x00000000e3000000, 0x00000000e3000000, 0x00000000e3100000|  0%| F|  |TAMS 0x00000000e3000000, 0x00000000e3000000| Untracked 
|  49|0x00000000e3100000, 0x00000000e3100000, 0x00000000e3200000|  0%| F|  |TAMS 0x00000000e3100000, 0x00000000e3100000| Untracked 
|  50|0x00000000e3200000, 0x00000000e3200000, 0x00000000e3300000|  0%| F|  |TAMS 0x00000000e3200000, 0x00000000e3200000| Untracked 
|  51|0x00000000e3300000, 0x00000000e3300000, 0x00000000e3400000|  0%| F|  |TAMS 0x00000000e3300000, 0x00000000e3300000| Untracked 
|  52|0x00000000e3400000, 0x00000000e3400000, 0x00000000e3500000|  0%| F|  |TAMS 0x00000000e3400000, 0x00000000e3400000| Untracked 
|  53|0x00000000e3500000, 0x00000000e3500000, 0x00000000e3600000|  0%| F|  |TAMS 0x00000000e3500000, 0x00000000e3500000| Untracked 
|  54|0x00000000e3600000, 0x00000000e3600000, 0x00000000e3700000|  0%| F|  |TAMS 0x00000000e3600000, 0x00000000e3600000| Untracked 
|  55|0x00000000e3700000, 0x00000000e3700000, 0x00000000e3800000|  0%| F|  |TAMS 0x00000000e3700000, 0x00000000e3700000| Untracked 
|  56|0x00000000e3800000, 0x00000000e3800000, 0x00000000e3900000|  0%| F|  |TAMS 0x00000000e3800000, 0x00000000e3800000| Untracked 
|  57|0x00000000e3900000, 0x00000000e3900000, 0x00000000e3a00000|  0%| F|  |TAMS 0x00000000e3900000, 0x00000000e3900000| Untracked 
|  58|0x00000000e3a00000, 0x00000000e3a00000, 0x00000000e3b00000|  0%| F|  |TAMS 0x00000000e3a00000, 0x00000000e3a00000| Untracked 
|  59|0x00000000e3b00000, 0x00000000e3b00000, 0x00000000e3c00000|  0%| F|  |TAMS 0x00000000e3b00000, 0x00000000e3b00000| Untracked 
|  60|0x00000000e3c00000, 0x00000000e3c00000, 0x00000000e3d00000|  0%| F|  |TAMS 0x00000000e3c00000, 0x00000000e3c00000| Untracked 
|  61|0x00000000e3d00000, 0x00000000e3d00000, 0x00000000e3e00000|  0%| F|  |TAMS 0x00000000e3d00000, 0x00000000e3d00000| Untracked 
|  62|0x00000000e3e00000, 0x00000000e3e00000, 0x00000000e3f00000|  0%| F|  |TAMS 0x00000000e3e00000, 0x00000000e3e00000| Untracked 
|  63|0x00000000e3f00000, 0x00000000e3f00000, 0x00000000e4000000|  0%| F|  |TAMS 0x00000000e3f00000, 0x00000000e3f00000| Untracked 
|  64|0x00000000e4000000, 0x00000000e4000000, 0x00000000e4100000|  0%| F|  |TAMS 0x00000000e4000000, 0x00000000e4000000| Untracked 
|  65|0x00000000e4100000, 0x00000000e4100000, 0x00000000e4200000|  0%| F|  |TAMS 0x00000000e4100000, 0x00000000e4100000| Untracked 
|  66|0x00000000e4200000, 0x00000000e4200000, 0x00000000e4300000|  0%| F|  |TAMS 0x00000000e4200000, 0x00000000e4200000| Untracked 
|  67|0x00000000e4300000, 0x00000000e4300000, 0x00000000e4400000|  0%| F|  |TAMS 0x00000000e4300000, 0x00000000e4300000| Untracked 
|  68|0x00000000e4400000, 0x00000000e4400000, 0x00000000e4500000|  0%| F|  |TAMS 0x00000000e4400000, 0x00000000e4400000| Untracked 
|  69|0x00000000e4500000, 0x00000000e4500000, 0x00000000e4600000|  0%| F|  |TAMS 0x00000000e4500000, 0x00000000e4500000| Untracked 
|  70|0x00000000e4600000, 0x00000000e4600000, 0x00000000e4700000|  0%| F|  |TAMS 0x00000000e4600000, 0x00000000e4600000| Untracked 
|  71|0x00000000e4700000, 0x00000000e4700000, 0x00000000e4800000|  0%| F|  |TAMS 0x00000000e4700000, 0x00000000e4700000| Untracked 
|  72|0x00000000e4800000, 0x00000000e4800000, 0x00000000e4900000|  0%| F|  |TAMS 0x00000000e4800000, 0x00000000e4800000| Untracked 
|  73|0x00000000e4900000, 0x00000000e4900000, 0x00000000e4a00000|  0%| F|  |TAMS 0x00000000e4900000, 0x00000000e4900000| Untracked 
|  74|0x00000000e4a00000, 0x00000000e4a00000, 0x00000000e4b00000|  0%| F|  |TAMS 0x00000000e4a00000, 0x00000000e4a00000| Untracked 
|  75|0x00000000e4b00000, 0x00000000e4b00000, 0x00000000e4c00000|  0%| F|  |TAMS 0x00000000e4b00000, 0x00000000e4b00000| Untracked 
|  76|0x00000000e4c00000, 0x00000000e4c00000, 0x00000000e4d00000|  0%| F|  |TAMS 0x00000000e4c00000, 0x00000000e4c00000| Untracked 
|  77|0x00000000e4d00000, 0x00000000e4d00000, 0x00000000e4e00000|  0%| F|  |TAMS 0x00000000e4d00000, 0x00000000e4d00000| Untracked 
|  78|0x00000000e4e00000, 0x00000000e4e00000, 0x00000000e4f00000|  0%| F|  |TAMS 0x00000000e4e00000, 0x00000000e4e00000| Untracked 
|  79|0x00000000e4f00000, 0x00000000e4f00000, 0x00000000e5000000|  0%| F|  |TAMS 0x00000000e4f00000, 0x00000000e4f00000| Untracked 
|  80|0x00000000e5000000, 0x00000000e5000000, 0x00000000e5100000|  0%| F|  |TAMS 0x00000000e5000000, 0x00000000e5000000| Untracked 
|  81|0x00000000e5100000, 0x00000000e5100000, 0x00000000e5200000|  0%| F|  |TAMS 0x00000000e5100000, 0x00000000e5100000| Untracked 
|  82|0x00000000e5200000, 0x00000000e5200000, 0x00000000e5300000|  0%| F|  |TAMS 0x00000000e5200000, 0x00000000e5200000| Untracked 
|  83|0x00000000e5300000, 0x00000000e5300000, 0x00000000e5400000|  0%| F|  |TAMS 0x00000000e5300000, 0x00000000e5300000| Untracked 
|  84|0x00000000e5400000, 0x00000000e5400000, 0x00000000e5500000|  0%| F|  |TAMS 0x00000000e5400000, 0x00000000e5400000| Untracked 
|  85|0x00000000e5500000, 0x00000000e5583840, 0x00000000e5600000| 51%| S|CS|TAMS 0x00000000e5500000, 0x00000000e5500000| Complete 
|  86|0x00000000e5600000, 0x00000000e5700000, 0x00000000e5700000|100%| S|CS|TAMS 0x00000000e5600000, 0x00000000e5600000| Complete 
|  87|0x00000000e5700000, 0x00000000e5800000, 0x00000000e5800000|100%| S|CS|TAMS 0x00000000e5700000, 0x00000000e5700000| Complete 
|  88|0x00000000e5800000, 0x00000000e5900000, 0x00000000e5900000|100%| S|CS|TAMS 0x00000000e5800000, 0x00000000e5800000| Complete 
|  89|0x00000000e5900000, 0x00000000e5a00000, 0x00000000e5a00000|100%| S|CS|TAMS 0x00000000e5900000, 0x00000000e5900000| Complete 
|  90|0x00000000e5a00000, 0x00000000e5a00000, 0x00000000e5b00000|  0%| F|  |TAMS 0x00000000e5a00000, 0x00000000e5a00000| Untracked 
|  91|0x00000000e5b00000, 0x00000000e5c00000, 0x00000000e5c00000|100%| S|CS|TAMS 0x00000000e5b00000, 0x00000000e5b00000| Complete 
|  92|0x00000000e5c00000, 0x00000000e5d00000, 0x00000000e5d00000|100%| S|CS|TAMS 0x00000000e5c00000, 0x00000000e5c00000| Complete 
|  93|0x00000000e5d00000, 0x00000000e5e00000, 0x00000000e5e00000|100%| S|CS|TAMS 0x00000000e5d00000, 0x00000000e5d00000| Complete 
|  94|0x00000000e5e00000, 0x00000000e5f00000, 0x00000000e5f00000|100%| S|CS|TAMS 0x00000000e5e00000, 0x00000000e5e00000| Complete 
|  95|0x00000000e5f00000, 0x00000000e6000000, 0x00000000e6000000|100%| S|CS|TAMS 0x00000000e5f00000, 0x00000000e5f00000| Complete 
|  96|0x00000000e6000000, 0x00000000e6100000, 0x00000000e6100000|100%| S|CS|TAMS 0x00000000e6000000, 0x00000000e6000000| Complete 
|  97|0x00000000e6100000, 0x00000000e6200000, 0x00000000e6200000|100%| S|CS|TAMS 0x00000000e6100000, 0x00000000e6100000| Complete 
|  98|0x00000000e6200000, 0x00000000e6300000, 0x00000000e6300000|100%| S|CS|TAMS 0x00000000e6200000, 0x00000000e6200000| Complete 
|  99|0x00000000e6300000, 0x00000000e6400000, 0x00000000e6400000|100%| S|CS|TAMS 0x00000000e6300000, 0x00000000e6300000| Complete 
| 100|0x00000000e6400000, 0x00000000e6500000, 0x00000000e6500000|100%| S|CS|TAMS 0x00000000e6400000, 0x00000000e6400000| Complete 
| 101|0x00000000e6500000, 0x00000000e6600000, 0x00000000e6600000|100%| S|CS|TAMS 0x00000000e6500000, 0x00000000e6500000| Complete 
| 102|0x00000000e6600000, 0x00000000e6700000, 0x00000000e6700000|100%| S|CS|TAMS 0x00000000e6600000, 0x00000000e6600000| Complete 
| 103|0x00000000e6700000, 0x00000000e6700000, 0x00000000e6800000|  0%| F|  |TAMS 0x00000000e6700000, 0x00000000e6700000| Untracked 
| 104|0x00000000e6800000, 0x00000000e6800000, 0x00000000e6900000|  0%| F|  |TAMS 0x00000000e6800000, 0x00000000e6800000| Untracked 
| 105|0x00000000e6900000, 0x00000000e6900000, 0x00000000e6a00000|  0%| F|  |TAMS 0x00000000e6900000, 0x00000000e6900000| Untracked 
| 106|0x00000000e6a00000, 0x00000000e6a00000, 0x00000000e6b00000|  0%| F|  |TAMS 0x00000000e6a00000, 0x00000000e6a00000| Untracked 
| 107|0x00000000e6b00000, 0x00000000e6b00000, 0x00000000e6c00000|  0%| F|  |TAMS 0x00000000e6b00000, 0x00000000e6b00000| Untracked 
| 108|0x00000000e6c00000, 0x00000000e6c00000, 0x00000000e6d00000|  0%| F|  |TAMS 0x00000000e6c00000, 0x00000000e6c00000| Untracked 
| 109|0x00000000e6d00000, 0x00000000e6d00000, 0x00000000e6e00000|  0%| F|  |TAMS 0x00000000e6d00000, 0x00000000e6d00000| Untracked 
| 110|0x00000000e6e00000, 0x00000000e6e00000, 0x00000000e6f00000|  0%| F|  |TAMS 0x00000000e6e00000, 0x00000000e6e00000| Untracked 
| 111|0x00000000e6f00000, 0x00000000e6f00000, 0x00000000e7000000|  0%| F|  |TAMS 0x00000000e6f00000, 0x00000000e6f00000| Untracked 
| 112|0x00000000e7000000, 0x00000000e7000000, 0x00000000e7100000|  0%| F|  |TAMS 0x00000000e7000000, 0x00000000e7000000| Untracked 
| 113|0x00000000e7100000, 0x00000000e7100000, 0x00000000e7200000|  0%| F|  |TAMS 0x00000000e7100000, 0x00000000e7100000| Untracked 
| 114|0x00000000e7200000, 0x00000000e7200000, 0x00000000e7300000|  0%| F|  |TAMS 0x00000000e7200000, 0x00000000e7200000| Untracked 
| 115|0x00000000e7300000, 0x00000000e7400000, 0x00000000e7400000|100%| S|CS|TAMS 0x00000000e7300000, 0x00000000e7300000| Complete 
| 116|0x00000000e7400000, 0x00000000e7400000, 0x00000000e7500000|  0%| F|  |TAMS 0x00000000e7400000, 0x00000000e7400000| Untracked 
| 117|0x00000000e7500000, 0x00000000e7500000, 0x00000000e7600000|  0%| F|  |TAMS 0x00000000e7500000, 0x00000000e7500000| Untracked 
| 118|0x00000000e7600000, 0x00000000e7600000, 0x00000000e7700000|  0%| F|  |TAMS 0x00000000e7600000, 0x00000000e7600000| Untracked 
| 119|0x00000000e7700000, 0x00000000e7700000, 0x00000000e7800000|  0%| F|  |TAMS 0x00000000e7700000, 0x00000000e7700000| Untracked 
| 120|0x00000000e7800000, 0x00000000e7800000, 0x00000000e7900000|  0%| F|  |TAMS 0x00000000e7800000, 0x00000000e7800000| Untracked 
| 121|0x00000000e7900000, 0x00000000e7900000, 0x00000000e7a00000|  0%| F|  |TAMS 0x00000000e7900000, 0x00000000e7900000| Untracked 
| 122|0x00000000e7a00000, 0x00000000e7a00000, 0x00000000e7b00000|  0%| F|  |TAMS 0x00000000e7a00000, 0x00000000e7a00000| Untracked 
| 123|0x00000000e7b00000, 0x00000000e7b00000, 0x00000000e7c00000|  0%| F|  |TAMS 0x00000000e7b00000, 0x00000000e7b00000| Untracked 
| 124|0x00000000e7c00000, 0x00000000e7c00000, 0x00000000e7d00000|  0%| F|  |TAMS 0x00000000e7c00000, 0x00000000e7c00000| Untracked 
| 125|0x00000000e7d00000, 0x00000000e7d00000, 0x00000000e7e00000|  0%| F|  |TAMS 0x00000000e7d00000, 0x00000000e7d00000| Untracked 
| 126|0x00000000e7e00000, 0x00000000e7e00000, 0x00000000e7f00000|  0%| F|  |TAMS 0x00000000e7e00000, 0x00000000e7e00000| Untracked 
| 127|0x00000000e7f00000, 0x00000000e7f00000, 0x00000000e8000000|  0%| F|  |TAMS 0x00000000e7f00000, 0x00000000e7f00000| Untracked 
| 128|0x00000000e8000000, 0x00000000e8000000, 0x00000000e8100000|  0%| F|  |TAMS 0x00000000e8000000, 0x00000000e8000000| Untracked 
| 129|0x00000000e8100000, 0x00000000e8100000, 0x00000000e8200000|  0%| F|  |TAMS 0x00000000e8100000, 0x00000000e8100000| Untracked 
| 130|0x00000000e8200000, 0x00000000e8200000, 0x00000000e8300000|  0%| F|  |TAMS 0x00000000e8200000, 0x00000000e8200000| Untracked 
| 131|0x00000000e8300000, 0x00000000e8300000, 0x00000000e8400000|  0%| F|  |TAMS 0x00000000e8300000, 0x00000000e8300000| Untracked 
| 132|0x00000000e8400000, 0x00000000e8400000, 0x00000000e8500000|  0%| F|  |TAMS 0x00000000e8400000, 0x00000000e8400000| Untracked 
| 133|0x00000000e8500000, 0x00000000e8500000, 0x00000000e8600000|  0%| F|  |TAMS 0x00000000e8500000, 0x00000000e8500000| Untracked 
| 134|0x00000000e8600000, 0x00000000e8600000, 0x00000000e8700000|  0%| F|  |TAMS 0x00000000e8600000, 0x00000000e8600000| Untracked 
| 135|0x00000000e8700000, 0x00000000e8700000, 0x00000000e8800000|  0%| F|  |TAMS 0x00000000e8700000, 0x00000000e8700000| Untracked 
| 136|0x00000000e8800000, 0x00000000e8800000, 0x00000000e8900000|  0%| F|  |TAMS 0x00000000e8800000, 0x00000000e8800000| Untracked 
| 137|0x00000000e8900000, 0x00000000e8900000, 0x00000000e8a00000|  0%| F|  |TAMS 0x00000000e8900000, 0x00000000e8900000| Untracked 
| 138|0x00000000e8a00000, 0x00000000e8a00000, 0x00000000e8b00000|  0%| F|  |TAMS 0x00000000e8a00000, 0x00000000e8a00000| Untracked 
| 139|0x00000000e8b00000, 0x00000000e8b00000, 0x00000000e8c00000|  0%| F|  |TAMS 0x00000000e8b00000, 0x00000000e8b00000| Untracked 
| 140|0x00000000e8c00000, 0x00000000e8c00000, 0x00000000e8d00000|  0%| F|  |TAMS 0x00000000e8c00000, 0x00000000e8c00000| Untracked 
| 141|0x00000000e8d00000, 0x00000000e8d00000, 0x00000000e8e00000|  0%| F|  |TAMS 0x00000000e8d00000, 0x00000000e8d00000| Untracked 
| 142|0x00000000e8e00000, 0x00000000e8e00000, 0x00000000e8f00000|  0%| F|  |TAMS 0x00000000e8e00000, 0x00000000e8e00000| Untracked 
| 143|0x00000000e8f00000, 0x00000000e8f00000, 0x00000000e9000000|  0%| F|  |TAMS 0x00000000e8f00000, 0x00000000e8f00000| Untracked 
| 144|0x00000000e9000000, 0x00000000e9000000, 0x00000000e9100000|  0%| F|  |TAMS 0x00000000e9000000, 0x00000000e9000000| Untracked 
| 145|0x00000000e9100000, 0x00000000e9100000, 0x00000000e9200000|  0%| F|  |TAMS 0x00000000e9100000, 0x00000000e9100000| Untracked 
| 146|0x00000000e9200000, 0x00000000e9200000, 0x00000000e9300000|  0%| F|  |TAMS 0x00000000e9200000, 0x00000000e9200000| Untracked 
| 147|0x00000000e9300000, 0x00000000e9300000, 0x00000000e9400000|  0%| F|  |TAMS 0x00000000e9300000, 0x00000000e9300000| Untracked 
| 148|0x00000000e9400000, 0x00000000e9400000, 0x00000000e9500000|  0%| F|  |TAMS 0x00000000e9400000, 0x00000000e9400000| Untracked 
| 149|0x00000000e9500000, 0x00000000e9500000, 0x00000000e9600000|  0%| F|  |TAMS 0x00000000e9500000, 0x00000000e9500000| Untracked 
| 150|0x00000000e9600000, 0x00000000e9600000, 0x00000000e9700000|  0%| F|  |TAMS 0x00000000e9600000, 0x00000000e9600000| Untracked 
| 151|0x00000000e9700000, 0x00000000e9700000, 0x00000000e9800000|  0%| F|  |TAMS 0x00000000e9700000, 0x00000000e9700000| Untracked 
| 152|0x00000000e9800000, 0x00000000e9800000, 0x00000000e9900000|  0%| F|  |TAMS 0x00000000e9800000, 0x00000000e9800000| Untracked 
| 153|0x00000000e9900000, 0x00000000e9900000, 0x00000000e9a00000|  0%| F|  |TAMS 0x00000000e9900000, 0x00000000e9900000| Untracked 
| 154|0x00000000e9a00000, 0x00000000e9a00000, 0x00000000e9b00000|  0%| F|  |TAMS 0x00000000e9a00000, 0x00000000e9a00000| Untracked 
| 155|0x00000000e9b00000, 0x00000000e9b00000, 0x00000000e9c00000|  0%| F|  |TAMS 0x00000000e9b00000, 0x00000000e9b00000| Untracked 
| 156|0x00000000e9c00000, 0x00000000e9c00000, 0x00000000e9d00000|  0%| F|  |TAMS 0x00000000e9c00000, 0x00000000e9c00000| Untracked 
| 157|0x00000000e9d00000, 0x00000000e9d00000, 0x00000000e9e00000|  0%| F|  |TAMS 0x00000000e9d00000, 0x00000000e9d00000| Untracked 
| 158|0x00000000e9e00000, 0x00000000e9e00000, 0x00000000e9f00000|  0%| F|  |TAMS 0x00000000e9e00000, 0x00000000e9e00000| Untracked 
| 159|0x00000000e9f00000, 0x00000000e9f00000, 0x00000000ea000000|  0%| F|  |TAMS 0x00000000e9f00000, 0x00000000e9f00000| Untracked 
| 160|0x00000000ea000000, 0x00000000ea000000, 0x00000000ea100000|  0%| F|  |TAMS 0x00000000ea000000, 0x00000000ea000000| Untracked 
| 161|0x00000000ea100000, 0x00000000ea100000, 0x00000000ea200000|  0%| F|  |TAMS 0x00000000ea100000, 0x00000000ea100000| Untracked 
| 162|0x00000000ea200000, 0x00000000ea200000, 0x00000000ea300000|  0%| F|  |TAMS 0x00000000ea200000, 0x00000000ea200000| Untracked 
| 163|0x00000000ea300000, 0x00000000ea300000, 0x00000000ea400000|  0%| F|  |TAMS 0x00000000ea300000, 0x00000000ea300000| Untracked 
| 164|0x00000000ea400000, 0x00000000ea400000, 0x00000000ea500000|  0%| F|  |TAMS 0x00000000ea400000, 0x00000000ea400000| Untracked 
| 165|0x00000000ea500000, 0x00000000ea500000, 0x00000000ea600000|  0%| F|  |TAMS 0x00000000ea500000, 0x00000000ea500000| Untracked 
| 166|0x00000000ea600000, 0x00000000ea600000, 0x00000000ea700000|  0%| F|  |TAMS 0x00000000ea600000, 0x00000000ea600000| Untracked 
| 167|0x00000000ea700000, 0x00000000ea700000, 0x00000000ea800000|  0%| F|  |TAMS 0x00000000ea700000, 0x00000000ea700000| Untracked 
| 168|0x00000000ea800000, 0x00000000ea800000, 0x00000000ea900000|  0%| F|  |TAMS 0x00000000ea800000, 0x00000000ea800000| Untracked 
| 169|0x00000000ea900000, 0x00000000ea900000, 0x00000000eaa00000|  0%| F|  |TAMS 0x00000000ea900000, 0x00000000ea900000| Untracked 
| 170|0x00000000eaa00000, 0x00000000eaa00000, 0x00000000eab00000|  0%| F|  |TAMS 0x00000000eaa00000, 0x00000000eaa00000| Untracked 
| 171|0x00000000eab00000, 0x00000000eab00000, 0x00000000eac00000|  0%| F|  |TAMS 0x00000000eab00000, 0x00000000eab00000| Untracked 
| 172|0x00000000eac00000, 0x00000000eac00000, 0x00000000ead00000|  0%| F|  |TAMS 0x00000000eac00000, 0x00000000eac00000| Untracked 
| 173|0x00000000ead00000, 0x00000000ead00000, 0x00000000eae00000|  0%| F|  |TAMS 0x00000000ead00000, 0x00000000ead00000| Untracked 
| 174|0x00000000eae00000, 0x00000000eae00000, 0x00000000eaf00000|  0%| F|  |TAMS 0x00000000eae00000, 0x00000000eae00000| Untracked 
| 175|0x00000000eaf00000, 0x00000000eaf00000, 0x00000000eb000000|  0%| F|  |TAMS 0x00000000eaf00000, 0x00000000eaf00000| Untracked 
| 176|0x00000000eb000000, 0x00000000eb000000, 0x00000000eb100000|  0%| F|  |TAMS 0x00000000eb000000, 0x00000000eb000000| Untracked 
| 177|0x00000000eb100000, 0x00000000eb100000, 0x00000000eb200000|  0%| F|  |TAMS 0x00000000eb100000, 0x00000000eb100000| Untracked 
| 178|0x00000000eb200000, 0x00000000eb200000, 0x00000000eb300000|  0%| F|  |TAMS 0x00000000eb200000, 0x00000000eb200000| Untracked 
| 179|0x00000000eb300000, 0x00000000eb300000, 0x00000000eb400000|  0%| F|  |TAMS 0x00000000eb300000, 0x00000000eb300000| Untracked 
| 180|0x00000000eb400000, 0x00000000eb400000, 0x00000000eb500000|  0%| F|  |TAMS 0x00000000eb400000, 0x00000000eb400000| Untracked 
| 181|0x00000000eb500000, 0x00000000eb500000, 0x00000000eb600000|  0%| F|  |TAMS 0x00000000eb500000, 0x00000000eb500000| Untracked 
| 182|0x00000000eb600000, 0x00000000eb600000, 0x00000000eb700000|  0%| F|  |TAMS 0x00000000eb600000, 0x00000000eb600000| Untracked 
| 183|0x00000000eb700000, 0x00000000eb700000, 0x00000000eb800000|  0%| F|  |TAMS 0x00000000eb700000, 0x00000000eb700000| Untracked 
| 184|0x00000000eb800000, 0x00000000eb800000, 0x00000000eb900000|  0%| F|  |TAMS 0x00000000eb800000, 0x00000000eb800000| Untracked 
| 185|0x00000000eb900000, 0x00000000eb900000, 0x00000000eba00000|  0%| F|  |TAMS 0x00000000eb900000, 0x00000000eb900000| Untracked 
| 186|0x00000000eba00000, 0x00000000eba00000, 0x00000000ebb00000|  0%| F|  |TAMS 0x00000000eba00000, 0x00000000eba00000| Untracked 
| 187|0x00000000ebb00000, 0x00000000ebb00000, 0x00000000ebc00000|  0%| F|  |TAMS 0x00000000ebb00000, 0x00000000ebb00000| Untracked 
| 188|0x00000000ebc00000, 0x00000000ebc00000, 0x00000000ebd00000|  0%| F|  |TAMS 0x00000000ebc00000, 0x00000000ebc00000| Untracked 
| 189|0x00000000ebd00000, 0x00000000ebd00000, 0x00000000ebe00000|  0%| F|  |TAMS 0x00000000ebd00000, 0x00000000ebd00000| Untracked 
| 190|0x00000000ebe00000, 0x00000000ebe00000, 0x00000000ebf00000|  0%| F|  |TAMS 0x00000000ebe00000, 0x00000000ebe00000| Untracked 
| 191|0x00000000ebf00000, 0x00000000ebf00000, 0x00000000ec000000|  0%| F|  |TAMS 0x00000000ebf00000, 0x00000000ebf00000| Untracked 
| 192|0x00000000ec000000, 0x00000000ec000000, 0x00000000ec100000|  0%| F|  |TAMS 0x00000000ec000000, 0x00000000ec000000| Untracked 
| 193|0x00000000ec100000, 0x00000000ec100000, 0x00000000ec200000|  0%| F|  |TAMS 0x00000000ec100000, 0x00000000ec100000| Untracked 
| 194|0x00000000ec200000, 0x00000000ec200000, 0x00000000ec300000|  0%| F|  |TAMS 0x00000000ec200000, 0x00000000ec200000| Untracked 
| 195|0x00000000ec300000, 0x00000000ec300000, 0x00000000ec400000|  0%| F|  |TAMS 0x00000000ec300000, 0x00000000ec300000| Untracked 
| 196|0x00000000ec400000, 0x00000000ec400000, 0x00000000ec500000|  0%| F|  |TAMS 0x00000000ec400000, 0x00000000ec400000| Untracked 
| 197|0x00000000ec500000, 0x00000000ec500000, 0x00000000ec600000|  0%| F|  |TAMS 0x00000000ec500000, 0x00000000ec500000| Untracked 
| 198|0x00000000ec600000, 0x00000000ec600000, 0x00000000ec700000|  0%| F|  |TAMS 0x00000000ec600000, 0x00000000ec600000| Untracked 
| 199|0x00000000ec700000, 0x00000000ec700000, 0x00000000ec800000|  0%| F|  |TAMS 0x00000000ec700000, 0x00000000ec700000| Untracked 
| 200|0x00000000ec800000, 0x00000000ec800000, 0x00000000ec900000|  0%| F|  |TAMS 0x00000000ec800000, 0x00000000ec800000| Untracked 
| 201|0x00000000ec900000, 0x00000000ec900000, 0x00000000eca00000|  0%| F|  |TAMS 0x00000000ec900000, 0x00000000ec900000| Untracked 
| 202|0x00000000eca00000, 0x00000000eca00000, 0x00000000ecb00000|  0%| F|  |TAMS 0x00000000eca00000, 0x00000000eca00000| Untracked 
| 203|0x00000000ecb00000, 0x00000000ecb00000, 0x00000000ecc00000|  0%| F|  |TAMS 0x00000000ecb00000, 0x00000000ecb00000| Untracked 
| 204|0x00000000ecc00000, 0x00000000ecc00000, 0x00000000ecd00000|  0%| F|  |TAMS 0x00000000ecc00000, 0x00000000ecc00000| Untracked 
| 205|0x00000000ecd00000, 0x00000000ecd00000, 0x00000000ece00000|  0%| F|  |TAMS 0x00000000ecd00000, 0x00000000ecd00000| Untracked 
| 206|0x00000000ece00000, 0x00000000ece00000, 0x00000000ecf00000|  0%| F|  |TAMS 0x00000000ece00000, 0x00000000ece00000| Untracked 
| 207|0x00000000ecf00000, 0x00000000ecf00000, 0x00000000ed000000|  0%| F|  |TAMS 0x00000000ecf00000, 0x00000000ecf00000| Untracked 
| 208|0x00000000ed000000, 0x00000000ed000000, 0x00000000ed100000|  0%| F|  |TAMS 0x00000000ed000000, 0x00000000ed000000| Untracked 
| 209|0x00000000ed100000, 0x00000000ed100000, 0x00000000ed200000|  0%| F|  |TAMS 0x00000000ed100000, 0x00000000ed100000| Untracked 
| 210|0x00000000ed200000, 0x00000000ed200000, 0x00000000ed300000|  0%| F|  |TAMS 0x00000000ed200000, 0x00000000ed200000| Untracked 
| 211|0x00000000ed300000, 0x00000000ed300000, 0x00000000ed400000|  0%| F|  |TAMS 0x00000000ed300000, 0x00000000ed300000| Untracked 
| 212|0x00000000ed400000, 0x00000000ed400000, 0x00000000ed500000|  0%| F|  |TAMS 0x00000000ed400000, 0x00000000ed400000| Untracked 
| 213|0x00000000ed500000, 0x00000000ed500000, 0x00000000ed600000|  0%| F|  |TAMS 0x00000000ed500000, 0x00000000ed500000| Untracked 
| 214|0x00000000ed600000, 0x00000000ed600000, 0x00000000ed700000|  0%| F|  |TAMS 0x00000000ed600000, 0x00000000ed600000| Untracked 
| 215|0x00000000ed700000, 0x00000000ed700000, 0x00000000ed800000|  0%| F|  |TAMS 0x00000000ed700000, 0x00000000ed700000| Untracked 
| 216|0x00000000ed800000, 0x00000000ed800000, 0x00000000ed900000|  0%| F|  |TAMS 0x00000000ed800000, 0x00000000ed800000| Untracked 
| 217|0x00000000ed900000, 0x00000000ed900000, 0x00000000eda00000|  0%| F|  |TAMS 0x00000000ed900000, 0x00000000ed900000| Untracked 
| 218|0x00000000eda00000, 0x00000000eda00000, 0x00000000edb00000|  0%| F|  |TAMS 0x00000000eda00000, 0x00000000eda00000| Untracked 
| 219|0x00000000edb00000, 0x00000000edb00000, 0x00000000edc00000|  0%| F|  |TAMS 0x00000000edb00000, 0x00000000edb00000| Untracked 
| 220|0x00000000edc00000, 0x00000000edc00000, 0x00000000edd00000|  0%| F|  |TAMS 0x00000000edc00000, 0x00000000edc00000| Untracked 
| 221|0x00000000edd00000, 0x00000000edd00000, 0x00000000ede00000|  0%| F|  |TAMS 0x00000000edd00000, 0x00000000edd00000| Untracked 
| 222|0x00000000ede00000, 0x00000000ede00000, 0x00000000edf00000|  0%| F|  |TAMS 0x00000000ede00000, 0x00000000ede00000| Untracked 
| 223|0x00000000edf00000, 0x00000000edf00000, 0x00000000ee000000|  0%| F|  |TAMS 0x00000000edf00000, 0x00000000edf00000| Untracked 
| 224|0x00000000ee000000, 0x00000000ee000000, 0x00000000ee100000|  0%| F|  |TAMS 0x00000000ee000000, 0x00000000ee000000| Untracked 
| 225|0x00000000ee100000, 0x00000000ee100000, 0x00000000ee200000|  0%| F|  |TAMS 0x00000000ee100000, 0x00000000ee100000| Untracked 
| 226|0x00000000ee200000, 0x00000000ee200000, 0x00000000ee300000|  0%| F|  |TAMS 0x00000000ee200000, 0x00000000ee200000| Untracked 
| 227|0x00000000ee300000, 0x00000000ee300000, 0x00000000ee400000|  0%| F|  |TAMS 0x00000000ee300000, 0x00000000ee300000| Untracked 
| 228|0x00000000ee400000, 0x00000000ee400000, 0x00000000ee500000|  0%| F|  |TAMS 0x00000000ee400000, 0x00000000ee400000| Untracked 
| 229|0x00000000ee500000, 0x00000000ee500000, 0x00000000ee600000|  0%| F|  |TAMS 0x00000000ee500000, 0x00000000ee500000| Untracked 
| 230|0x00000000ee600000, 0x00000000ee600000, 0x00000000ee700000|  0%| F|  |TAMS 0x00000000ee600000, 0x00000000ee600000| Untracked 
| 231|0x00000000ee700000, 0x00000000ee700000, 0x00000000ee800000|  0%| F|  |TAMS 0x00000000ee700000, 0x00000000ee700000| Untracked 
| 232|0x00000000ee800000, 0x00000000ee800000, 0x00000000ee900000|  0%| F|  |TAMS 0x00000000ee800000, 0x00000000ee800000| Untracked 
| 233|0x00000000ee900000, 0x00000000ee9a1818, 0x00000000eea00000| 63%| E|  |TAMS 0x00000000ee900000, 0x00000000ee900000| Complete 
| 234|0x00000000eea00000, 0x00000000eeb00000, 0x00000000eeb00000|100%| E|CS|TAMS 0x00000000eea00000, 0x00000000eea00000| Complete 
| 235|0x00000000eeb00000, 0x00000000eec00000, 0x00000000eec00000|100%| E|CS|TAMS 0x00000000eeb00000, 0x00000000eeb00000| Complete 
| 236|0x00000000eec00000, 0x00000000eed00000, 0x00000000eed00000|100%| E|CS|TAMS 0x00000000eec00000, 0x00000000eec00000| Complete 
| 237|0x00000000eed00000, 0x00000000eee00000, 0x00000000eee00000|100%| E|CS|TAMS 0x00000000eed00000, 0x00000000eed00000| Complete 
| 238|0x00000000eee00000, 0x00000000eef00000, 0x00000000eef00000|100%| E|CS|TAMS 0x00000000eee00000, 0x00000000eee00000| Complete 
| 239|0x00000000eef00000, 0x00000000ef000000, 0x00000000ef000000|100%| E|CS|TAMS 0x00000000eef00000, 0x00000000eef00000| Complete 
| 240|0x00000000ef000000, 0x00000000ef100000, 0x00000000ef100000|100%| E|CS|TAMS 0x00000000ef000000, 0x00000000ef000000| Complete 
| 241|0x00000000ef100000, 0x00000000ef200000, 0x00000000ef200000|100%| E|CS|TAMS 0x00000000ef100000, 0x00000000ef100000| Complete 
| 242|0x00000000ef200000, 0x00000000ef300000, 0x00000000ef300000|100%| E|CS|TAMS 0x00000000ef200000, 0x00000000ef200000| Complete 
| 243|0x00000000ef300000, 0x00000000ef400000, 0x00000000ef400000|100%| E|CS|TAMS 0x00000000ef300000, 0x00000000ef300000| Complete 
| 244|0x00000000ef400000, 0x00000000ef500000, 0x00000000ef500000|100%| E|CS|TAMS 0x00000000ef400000, 0x00000000ef400000| Complete 
| 245|0x00000000ef500000, 0x00000000ef600000, 0x00000000ef600000|100%| E|CS|TAMS 0x00000000ef500000, 0x00000000ef500000| Complete 
| 246|0x00000000ef600000, 0x00000000ef700000, 0x00000000ef700000|100%| E|CS|TAMS 0x00000000ef600000, 0x00000000ef600000| Complete 
| 247|0x00000000ef700000, 0x00000000ef800000, 0x00000000ef800000|100%| E|  |TAMS 0x00000000ef700000, 0x00000000ef700000| Complete 
| 248|0x00000000ef800000, 0x00000000ef900000, 0x00000000ef900000|100%| E|CS|TAMS 0x00000000ef800000, 0x00000000ef800000| Complete 
| 249|0x00000000ef900000, 0x00000000efa00000, 0x00000000efa00000|100%| E|CS|TAMS 0x00000000ef900000, 0x00000000ef900000| Complete 
| 250|0x00000000efa00000, 0x00000000efb00000, 0x00000000efb00000|100%| E|CS|TAMS 0x00000000efa00000, 0x00000000efa00000| Complete 
| 251|0x00000000efb00000, 0x00000000efc00000, 0x00000000efc00000|100%| E|CS|TAMS 0x00000000efb00000, 0x00000000efb00000| Complete 
| 252|0x00000000efc00000, 0x00000000efd00000, 0x00000000efd00000|100%| E|CS|TAMS 0x00000000efc00000, 0x00000000efc00000| Complete 
| 253|0x00000000efd00000, 0x00000000efe00000, 0x00000000efe00000|100%| E|CS|TAMS 0x00000000efd00000, 0x00000000efd00000| Complete 
| 254|0x00000000efe00000, 0x00000000eff00000, 0x00000000eff00000|100%| E|CS|TAMS 0x00000000efe00000, 0x00000000efe00000| Complete 
| 255|0x00000000eff00000, 0x00000000f0000000, 0x00000000f0000000|100%| E|CS|TAMS 0x00000000eff00000, 0x00000000eff00000| Complete 

Card table byte_map: [0x00000285c3d00000,0x00000285c3e00000] _byte_map_base: 0x00000285c3600000

Marking Bits (Prev, Next): (CMBitMap*) 0x00000285ad2281f0, (CMBitMap*) 0x00000285ad2281b8
 Prev Bits: [0x00000285c4700000, 0x00000285c4f00000)
 Next Bits: [0x00000285c3f00000, 0x00000285c4700000)

Polling page: 0x00000285ab0d0000

Metaspace:

Usage:
  Non-class:     66.44 MB capacity,    64.88 MB ( 98%) used,     1.26 MB (  2%) free+waste,   303.63 KB ( <1%) overhead. 
      Class:     11.22 MB capacity,    10.17 MB ( 91%) used,   921.98 KB (  8%) free+waste,   150.81 KB (  1%) overhead. 
       Both:     77.66 MB capacity,    75.05 MB ( 97%) used,     2.16 MB (  3%) free+waste,   454.44 KB ( <1%) overhead. 

Virtual space:
  Non-class space:       68.00 MB reserved,      66.67 MB ( 98%) committed 
      Class space:      376.00 MB reserved,      11.25 MB (  3%) committed 
             Both:      444.00 MB reserved,      77.92 MB ( 18%) committed 

Chunk freelists:
   Non-Class:  5.63 KB
       Class:  256 bytes
        Both:  5.88 KB

CodeHeap 'non-profiled nmethods': size=120000Kb used=4249Kb max_used=4249Kb free=115750Kb
 bounds [0x00000285bc3a0000, 0x00000285bc7d0000, 0x00000285c38d0000]
CodeHeap 'profiled nmethods': size=120000Kb used=15167Kb max_used=15167Kb free=104832Kb
 bounds [0x00000285b4e70000, 0x00000285b5d40000, 0x00000285bc3a0000]
CodeHeap 'non-nmethods': size=5760Kb used=2283Kb max_used=2319Kb free=3476Kb
 bounds [0x00000285b48d0000, 0x00000285b4b40000, 0x00000285b4e70000]
 total_blobs=7998 nmethods=7111 adapters=797
 compilation: enabled
              stopped_count=0, restarted_count=0
 full_count=0

Compilation events (10 events):
Event: 18.264 Thread 0x00000285c8210800 7117       2       io.spring.gradle.dependencymanagement.org.codehaus.plexus.util.xml.pull.MXParser::isEmptyElementTag (26 bytes)
Event: 18.264 Thread 0x00000285c8210800 nmethod 7117 0x00000285b5d29710 code [0x00000285b5d298c0, 0x00000285b5d29aa8]
Event: 18.264 Thread 0x00000285c8210800 7118   !   2       io.spring.gradle.dependencymanagement.org.codehaus.plexus.util.xml.pull.MXParser::parseComment (486 bytes)
Event: 18.268 Thread 0x00000285c8210800 nmethod 7118 0x00000285b5d29b90 code [0x00000285b5d29ec0, 0x00000285b5d2b788]
Event: 18.268 Thread 0x00000285c8210800 7119   !   2       io.spring.gradle.dependencymanagement.org.apache.maven.model.ConfigurationContainer::clone (98 bytes)
Event: 18.270 Thread 0x00000285c8210800 nmethod 7119 0x00000285b5d2c390 code [0x00000285b5d2c5e0, 0x00000285b5d2cd88]
Event: 18.271 Thread 0x00000285c8210800 7120       2       java.lang.ThreadLocal$ThreadLocalMap$Entry::<init> (11 bytes)
Event: 18.271 Thread 0x00000285c8210800 nmethod 7120 0x00000285b5d2d310 code [0x00000285b5d2d4a0, 0x00000285b5d2d6d8]
Event: 18.276 Thread 0x00000285c8210800 7121       2       org.gradle.internal.resources.AbstractResourceLockRegistry::detailsForCurrentThread (54 bytes)
Event: 18.277 Thread 0x00000285c8210800 nmethod 7121 0x00000285b5d2d790 code [0x00000285b5d2d960, 0x00000285b5d2dd18]

GC Heap History (10 events):
Event: 5.397 GC heap before
{Heap before GC invocations=4 (full 0):
 garbage-first heap   total 262144K, used 118016K [0x00000000e0000000, 0x0000000100000000)
  region size 1024K, 100 young (102400K), 3 survivors (3072K)
 Metaspace       used 34922K, capacity 35816K, committed 35888K, reserved 417792K
  class space    used 4615K, capacity 4968K, committed 4992K, reserved 385024K
}
Event: 5.407 GC heap after
{Heap after GC invocations=5 (full 0):
 garbage-first heap   total 262144K, used 24221K [0x00000000e0000000, 0x0000000100000000)
  region size 1024K, 6 young (6144K), 6 survivors (6144K)
 Metaspace       used 34922K, capacity 35816K, committed 35888K, reserved 417792K
  class space    used 4615K, capacity 4968K, committed 4992K, reserved 385024K
}
Event: 9.435 GC heap before
{Heap before GC invocations=6 (full 0):
 garbage-first heap   total 262144K, used 152221K [0x00000000e0000000, 0x0000000100000000)
  region size 1024K, 132 young (135168K), 6 survivors (6144K)
 Metaspace       used 46843K, capacity 48156K, committed 48176K, reserved 428032K
  class space    used 6264K, capacity 6773K, committed 6784K, reserved 385024K
}
Event: 9.453 GC heap after
{Heap after GC invocations=7 (full 0):
 garbage-first heap   total 262144K, used 30753K [0x00000000e0000000, 0x0000000100000000)
  region size 1024K, 12 young (12288K), 12 survivors (12288K)
 Metaspace       used 46843K, capacity 48156K, committed 48176K, reserved 428032K
  class space    used 6264K, capacity 6773K, committed 6784K, reserved 385024K
}
Event: 12.615 GC heap before
{Heap before GC invocations=7 (full 0):
 garbage-first heap   total 262144K, used 184353K [0x00000000e0000000, 0x0000000100000000)
  region size 1024K, 153 young (156672K), 12 survivors (12288K)
 Metaspace       used 58011K, capacity 60041K, committed 60208K, reserved 438272K
  class space    used 7851K, capacity 8708K, committed 8832K, reserved 385024K
}
Event: 12.644 GC heap after
{Heap after GC invocations=8 (full 0):
 garbage-first heap   total 262144K, used 40055K [0x00000000e0000000, 0x0000000100000000)
  region size 1024K, 12 young (12288K), 12 survivors (12288K)
 Metaspace       used 58011K, capacity 60041K, committed 60208K, reserved 438272K
  class space    used 7851K, capacity 8708K, committed 8832K, reserved 385024K
}
Event: 14.709 GC heap before
{Heap before GC invocations=9 (full 0):
 garbage-first heap   total 262144K, used 192631K [0x00000000e0000000, 0x0000000100000000)
  region size 1024K, 153 young (156672K), 12 survivors (12288K)
 Metaspace       used 68843K, capacity 71068K, committed 71344K, reserved 446464K
  class space    used 9288K, capacity 10213K, committed 10240K, reserved 385024K
}
Event: 14.723 GC heap after
{Heap after GC invocations=10 (full 0):
 garbage-first heap   total 262144K, used 55630K [0x00000000e0000000, 0x0000000100000000)
  region size 1024K, 13 young (13312K), 13 survivors (13312K)
 Metaspace       used 68843K, capacity 71068K, committed 71344K, reserved 446464K
  class space    used 9288K, capacity 10213K, committed 10240K, reserved 385024K
}
Event: 17.590 GC heap before
{Heap before GC invocations=10 (full 0):
 garbage-first heap   total 262144K, used 198990K [0x00000000e0000000, 0x0000000100000000)
  region size 1024K, 153 young (156672K), 13 survivors (13312K)
 Metaspace       used 75313K, capacity 77947K, committed 78128K, reserved 452608K
  class space    used 10269K, capacity 11348K, committed 11392K, reserved 385024K
}
Event: 17.616 GC heap after
{Heap after GC invocations=11 (full 0):
 garbage-first heap   total 262144K, used 65978K [0x00000000e0000000, 0x0000000100000000)
  region size 1024K, 18 young (18432K), 18 survivors (18432K)
 Metaspace       used 75313K, capacity 77947K, committed 78128K, reserved 452608K
  class space    used 10269K, capacity 11348K, committed 11392K, reserved 385024K
}

Deoptimization events (10 events):
Event: 17.837 Thread 0x00000285cf456000 Uncommon trap: reason=class_check action=maybe_recompile pc=0x00000285bc550aa0 method=java.util.regex.Pattern$BmpCharProperty.match(Ljava/util/regex/Matcher;ILjava/lang/CharSequence;)Z @ 14 c2
Event: 17.877 Thread 0x00000285cf456000 Uncommon trap: reason=unstable_if action=reinterpret pc=0x00000285bc778ec4 method=java.util.Hashtable.put(Ljava/lang/Object;Ljava/lang/Object;)Ljava/lang/Object; @ 51 c2
Event: 17.937 Thread 0x00000285cf456000 Uncommon trap: reason=class_check action=maybe_recompile pc=0x00000285bc554ff0 method=java.util.regex.Matcher.getTextLength()I @ 4 c2
Event: 17.961 Thread 0x00000285cf456000 Uncommon trap: reason=class_check action=maybe_recompile pc=0x00000285bc554ff0 method=java.util.regex.Matcher.getTextLength()I @ 4 c2
Event: 17.977 Thread 0x00000285cf456000 Uncommon trap: reason=unstable_if action=reinterpret pc=0x00000285bc7ba2b0 method=io.spring.gradle.dependencymanagement.org.codehaus.plexus.util.xml.pull.MXParser.nextImpl()I @ 200 c2
Event: 18.025 Thread 0x00000285cf456000 Uncommon trap: reason=unstable_if action=reinterpret pc=0x00000285bc5795a8 method=sun.nio.cs.UTF_8$Decoder.decodeArrayLoop(Ljava/nio/ByteBuffer;Ljava/nio/CharBuffer;)Ljava/nio/charset/CoderResult; @ 84 c2
Event: 18.027 Thread 0x00000285cf456000 Uncommon trap: reason=unstable_if action=reinterpret pc=0x00000285bc4c9bf0 method=sun.nio.cs.UTF_8$Decoder.decodeArrayLoop(Ljava/nio/ByteBuffer;Ljava/nio/CharBuffer;)Ljava/nio/charset/CoderResult; @ 84 c2
Event: 18.027 Thread 0x00000285cf456000 Uncommon trap: reason=unstable_if action=reinterpret pc=0x00000285bc3bf3cc method=java.lang.StringUTF16.compress([CII)[B @ 13 c2
Event: 18.035 Thread 0x00000285cf456000 Uncommon trap: reason=unstable_if action=reinterpret pc=0x00000285bc532fc4 method=java.lang.String.indexOf(Ljava/lang/String;)I @ 8 c2
Event: 18.125 Thread 0x00000285cf456000 Uncommon trap: reason=unstable_if action=reinterpret pc=0x00000285bc4929c4 method=java.lang.String.regionMatches(ZILjava/lang/String;II)Z @ 21 c2

Classes redefined (0 events):
No events

Internal exceptions (10 events):
Event: 17.416 Thread 0x00000285cf456000 Exception <a 'java/lang/ClassNotFoundException'{0x00000000e7d8a020}: groovy/util/NodeBeanInfo> (0x00000000e7d8a020) thrown at [./open/src/hotspot/share/classfile/systemDictionary.cpp, line 226]
Event: 17.417 Thread 0x00000285cf456000 Exception <a 'java/lang/ClassNotFoundException'{0x00000000e7df7668}: groovy/util/NodeCustomizer> (0x00000000e7df7668) thrown at [./open/src/hotspot/share/classfile/systemDictionary.cpp, line 226]
Event: 17.431 Thread 0x00000285cf456000 Exception <a 'java/lang/ClassNotFoundException'{0x00000000e7bbd588}: groovy/util/NodeListBeanInfo> (0x00000000e7bbd588) thrown at [./open/src/hotspot/share/classfile/systemDictionary.cpp, line 226]
Event: 17.432 Thread 0x00000285cf456000 Exception <a 'java/lang/ClassNotFoundException'{0x00000000e7bd10d8}: java/util/ArrayListBeanInfo> (0x00000000e7bd10d8) thrown at [./open/src/hotspot/share/classfile/systemDictionary.cpp, line 226]
Event: 17.433 Thread 0x00000285cf456000 Exception <a 'java/lang/ClassNotFoundException'{0x00000000e7be52a0}: java/util/AbstractListBeanInfo> (0x00000000e7be52a0) thrown at [./open/src/hotspot/share/classfile/systemDictionary.cpp, line 226]
Event: 17.434 Thread 0x00000285cf456000 Exception <a 'java/lang/ClassNotFoundException'{0x00000000e7bf9320}: java/util/AbstractListCustomizer> (0x00000000e7bf9320) thrown at [./open/src/hotspot/share/classfile/systemDictionary.cpp, line 226]
Event: 17.437 Thread 0x00000285cf456000 Exception <a 'java/lang/ClassNotFoundException'{0x00000000e7a17f18}: java/util/ArrayListCustomizer> (0x00000000e7a17f18) thrown at [./open/src/hotspot/share/classfile/systemDictionary.cpp, line 226]
Event: 17.441 Thread 0x00000285cf456000 Exception <a 'java/lang/ClassNotFoundException'{0x00000000e7aa0848}: groovy/util/NodeListCustomizer> (0x00000000e7aa0848) thrown at [./open/src/hotspot/share/classfile/systemDictionary.cpp, line 226]
Event: 17.537 Thread 0x00000285cf456000 Exception <a 'java/lang/NoSuchMethodError'{0x00000000e7692380}: java.lang.invoke.DirectMethodHandle$Holder.invokeStatic(Ljava/lang/Object;Ljava/lang/Object;Ljava/lang/Object;Ljava/lang/Object;Ljava/lang/Object;Ljava/lang/Object;Ljava/lang/Object;Ljava/lan
Event: 17.539 Thread 0x00000285cf456000 Exception <a 'java/lang/NoSuchMethodError'{0x00000000e76a0a78}: java.lang.invoke.DirectMethodHandle$Holder.invokeStatic(Ljava/lang/Object;Ljava/lang/Object;Ljava/lang/Object;Ljava/lang/Object;Ljava/lang/Object;Ljava/lang/Object;Ljava/lang/Object;Ljava/lan

Events (10 events):
Event: 18.115 loading class io/spring/gradle/dependencymanagement/org/codehaus/plexus/interpolation/RegexBasedInterpolator done
Event: 18.116 Executing VM operation: Deoptimize
Event: 18.119 Executing VM operation: Deoptimize done
Event: 18.125 Thread 0x00000285cf456000 Uncommon trap: trap_request=0xffffff4d fr.pc=0x00000285bc4929c4 relative=0x0000000000000484
Event: 18.125 Thread 0x00000285cf456000 DEOPT PACKING pc=0x00000285bc4929c4 sp=0x000000b6196f8520
Event: 18.125 Thread 0x00000285cf456000 DEOPT UNPACKING pc=0x00000285b48f662f sp=0x000000b6196f84d0 mode 2
Event: 18.134 loading class io/spring/gradle/dependencymanagement/org/apache/maven/model/ActivationOS
Event: 18.134 loading class io/spring/gradle/dependencymanagement/org/apache/maven/model/ActivationOS done
Event: 18.231 Thread 0x00000285cb3f6800 Thread added: 0x00000285cb3f6800
Event: 18.253 Thread 0x00000285cb3f7800 Thread added: 0x00000285cb3f7800


Dynamic libraries:
0x00007ff7c5940000 - 0x00007ff7c594f000 	C:\Program Files\Java\jdk-11.0.17\bin\java.exe
0x00007ffc983b0000 - 0x00007ffc985a8000 	C:\WINDOWS\SYSTEM32\ntdll.dll
0x00007ffc96510000 - 0x00007ffc965cd000 	C:\WINDOWS\System32\KERNEL32.DLL
0x00007ffc95d70000 - 0x00007ffc96066000 	C:\WINDOWS\System32\KERNELBASE.dll
0x00007ffc95b00000 - 0x00007ffc95c00000 	C:\WINDOWS\System32\ucrtbase.dll
0x00007ffc90ed0000 - 0x00007ffc90ee5000 	C:\Program Files\Java\jdk-11.0.17\bin\VCRUNTIME140.dll
0x00007ffc903c0000 - 0x00007ffc903d8000 	C:\Program Files\Java\jdk-11.0.17\bin\jli.dll
0x00007ffc97100000 - 0x00007ffc971b0000 	C:\WINDOWS\System32\ADVAPI32.dll
0x00007ffc97f10000 - 0x00007ffc97fae000 	C:\WINDOWS\System32\msvcrt.dll
0x00007ffc96700000 - 0x00007ffc967a0000 	C:\WINDOWS\System32\sechost.dll
0x00007ffc967a0000 - 0x00007ffc968c3000 	C:\WINDOWS\System32\RPCRT4.dll
0x00007ffc96340000 - 0x00007ffc96367000 	C:\WINDOWS\System32\bcrypt.dll
0x00007ffc98080000 - 0x00007ffc9821f000 	C:\WINDOWS\System32\USER32.dll
0x00007ffc7efd0000 - 0x00007ffc7f26a000 	C:\WINDOWS\WinSxS\amd64_microsoft.windows.common-controls_6595b64144ccf1df_6.0.19041.3636_none_60b6a03d71f818d5\COMCTL32.dll
0x00007ffc95c00000 - 0x00007ffc95c22000 	C:\WINDOWS\System32\win32u.dll
0x00007ffc971b0000 - 0x00007ffc971db000 	C:\WINDOWS\System32\GDI32.dll
0x00007ffc96070000 - 0x00007ffc96187000 	C:\WINDOWS\System32\gdi32full.dll
0x00007ffc95a60000 - 0x00007ffc95afd000 	C:\WINDOWS\System32\msvcp_win.dll
0x00007ffc8ed30000 - 0x00007ffc8ed3a000 	C:\WINDOWS\SYSTEM32\VERSION.dll
0x00007ffc98330000 - 0x00007ffc98362000 	C:\WINDOWS\System32\IMM32.DLL
0x00007ffc81780000 - 0x00007ffc8181b000 	C:\Program Files\Java\jdk-11.0.17\bin\msvcp140.dll
0x00007ffc68710000 - 0x00007ffc6922a000 	C:\Program Files\Java\jdk-11.0.17\bin\server\jvm.dll
0x00007ffc968d0000 - 0x00007ffc968d8000 	C:\WINDOWS\System32\PSAPI.DLL
0x00007ffc8ee40000 - 0x00007ffc8ee49000 	C:\WINDOWS\SYSTEM32\WSOCK32.dll
0x00007ffc77620000 - 0x00007ffc77647000 	C:\WINDOWS\SYSTEM32\WINMM.dll
0x00007ffc97090000 - 0x00007ffc970fb000 	C:\WINDOWS\System32\WS2_32.dll
0x00007ffc94240000 - 0x00007ffc94252000 	C:\WINDOWS\SYSTEM32\kernel.appcore.dll
0x00007ffc903b0000 - 0x00007ffc903c0000 	C:\Program Files\Java\jdk-11.0.17\bin\verify.dll
0x00007ffc93730000 - 0x00007ffc93914000 	C:\WINDOWS\SYSTEM32\DBGHELP.DLL
0x00007ffc833d0000 - 0x00007ffc83404000 	C:\WINDOWS\SYSTEM32\dbgcore.DLL
0x00007ffc95c30000 - 0x00007ffc95cb2000 	C:\WINDOWS\System32\bcryptPrimitives.dll
0x00007ffc8fbb0000 - 0x00007ffc8fbd8000 	C:\Program Files\Java\jdk-11.0.17\bin\java.dll
0x00007ffc903a0000 - 0x00007ffc903aa000 	C:\Program Files\Java\jdk-11.0.17\bin\jimage.dll
0x00007ffc87530000 - 0x00007ffc8753e000 	C:\Program Files\Java\jdk-11.0.17\bin\instrument.dll
0x00007ffc8fb90000 - 0x00007ffc8fba6000 	C:\Program Files\Java\jdk-11.0.17\bin\zip.dll
0x00007ffc97440000 - 0x00007ffc97bab000 	C:\WINDOWS\System32\SHELL32.dll
0x00007ffc93920000 - 0x00007ffc940be000 	C:\WINDOWS\SYSTEM32\windows.storage.dll
0x00007ffc97bb0000 - 0x00007ffc97f03000 	C:\WINDOWS\System32\combase.dll
0x00007ffc953c0000 - 0x00007ffc953ee000 	C:\WINDOWS\SYSTEM32\Wldp.dll
0x00007ffc97fb0000 - 0x00007ffc9807d000 	C:\WINDOWS\System32\OLEAUT32.dll
0x00007ffc971e0000 - 0x00007ffc9728d000 	C:\WINDOWS\System32\SHCORE.dll
0x00007ffc982d0000 - 0x00007ffc98325000 	C:\WINDOWS\System32\shlwapi.dll
0x00007ffc95990000 - 0x00007ffc959b3000 	C:\WINDOWS\SYSTEM32\profapi.dll
0x00007ffc81760000 - 0x00007ffc81779000 	C:\Program Files\Java\jdk-11.0.17\bin\net.dll
0x00007ffc8cb50000 - 0x00007ffc8cc5a000 	C:\WINDOWS\SYSTEM32\WINHTTP.dll
0x00007ffc95120000 - 0x00007ffc9518a000 	C:\WINDOWS\system32\mswsock.dll
0x00007ffc81740000 - 0x00007ffc81752000 	C:\Program Files\Java\jdk-11.0.17\bin\nio.dll
0x00007ffc6ec90000 - 0x00007ffc6ecb7000 	C:\Users\marko\.gradle\native\c067742578af261105cb4f569cf0c3c89f3d7b1fecec35dd04571415982c5e48\windows-amd64\native-platform.dll
0x00007ffc6efe0000 - 0x00007ffc6f124000 	C:\Users\marko\.gradle\native\38dada09dfb8b06ba9b0570ebf7e218e3eb74d4ef43ca46872605cf95ebc2f47\windows-amd64\native-platform-file-events.dll
0x00007ffc8ee30000 - 0x00007ffc8ee39000 	C:\Program Files\Java\jdk-11.0.17\bin\management.dll
0x00007ffc87bd0000 - 0x00007ffc87bdb000 	C:\Program Files\Java\jdk-11.0.17\bin\management_ext.dll
0x00007ffc95320000 - 0x00007ffc95338000 	C:\WINDOWS\SYSTEM32\CRYPTSP.dll
0x00007ffc94a00000 - 0x00007ffc94a34000 	C:\WINDOWS\system32\rsaenh.dll
0x00007ffc95910000 - 0x00007ffc9593e000 	C:\WINDOWS\SYSTEM32\USERENV.dll
0x00007ffc95310000 - 0x00007ffc9531c000 	C:\WINDOWS\SYSTEM32\CRYPTBASE.dll
0x00007ffc94de0000 - 0x00007ffc94e1b000 	C:\WINDOWS\SYSTEM32\IPHLPAPI.DLL
0x00007ffc966f0000 - 0x00007ffc966f8000 	C:\WINDOWS\System32\NSI.dll
0x00007ffc8e9c0000 - 0x00007ffc8e9d7000 	C:\WINDOWS\SYSTEM32\dhcpcsvc6.DLL
0x00007ffc8e9a0000 - 0x00007ffc8e9bd000 	C:\WINDOWS\SYSTEM32\dhcpcsvc.DLL
0x00007ffc94e20000 - 0x00007ffc94eeb000 	C:\WINDOWS\SYSTEM32\DNSAPI.dll
0x00007ffc92a70000 - 0x00007ffc92b00000 	C:\WINDOWS\system32\apphelp.dll

dbghelp: loaded successfully - version: 4.0.5 - missing functions: none
symbol engine: initialized successfully - sym options: 0x614 - pdb path: .;C:\Program Files\Java\jdk-11.0.17\bin;C:\WINDOWS\SYSTEM32;C:\WINDOWS\WinSxS\amd64_microsoft.windows.common-controls_6595b64144ccf1df_6.0.19041.3636_none_60b6a03d71f818d5;C:\Program Files\Java\jdk-11.0.17\bin\server;C:\Users\marko\.gradle\native\c067742578af261105cb4f569cf0c3c89f3d7b1fecec35dd04571415982c5e48\windows-amd64;C:\Users\marko\.gradle\native\38dada09dfb8b06ba9b0570ebf7e218e3eb74d4ef43ca46872605cf95ebc2f47\windows-amd64

VM Arguments:
jvm_args: --add-opens=java.base/java.util=ALL-UNNAMED --add-opens=java.base/java.lang=ALL-UNNAMED --add-opens=java.base/java.lang.invoke=ALL-UNNAMED --add-opens=java.prefs/java.util.prefs=ALL-UNNAMED --add-opens=java.base/java.nio.charset=ALL-UNNAMED --add-opens=java.base/java.net=ALL-UNNAMED --add-opens=java.base/java.util.concurrent.atomic=ALL-UNNAMED -XX:MaxMetaspaceSize=384m -XX:+HeapDumpOnOutOfMemoryError -Xms256m -Xmx512m -Dfile.encoding=windows-1252 -Duser.country=IT -Duser.language=it -Duser.variant -javaagent:C:\Users\marko\.gradle\wrapper\dists\gradle-8.6-bin\afr5mpiioh2wthjmwnkmdsd5w\gradle-8.6\lib\agents\gradle-instrumentation-agent-8.6.jar 
java_command: org.gradle.launcher.daemon.bootstrap.GradleDaemon 8.6
java_class_path (initial): C:\Users\marko\.gradle\wrapper\dists\gradle-8.6-bin\afr5mpiioh2wthjmwnkmdsd5w\gradle-8.6\lib\gradle-launcher-8.6.jar
Launcher Type: SUN_STANDARD

[Global flags]
     intx CICompilerCount                          = 4                                         {product} {ergonomic}
   size_t CompressedClassSpaceSize                 = 394264576                                 {product} {ergonomic}
     uint ConcGCThreads                            = 2                                         {product} {ergonomic}
     uint G1ConcRefinementThreads                  = 8                                         {product} {ergonomic}
   size_t G1HeapRegionSize                         = 1048576                                   {product} {ergonomic}
    uintx GCDrainStackTargetSize                   = 64                                        {product} {ergonomic}
     bool HeapDumpOnOutOfMemoryError               = true                                   {manageable} {command line}
   size_t InitialHeapSize                          = 268435456                                 {product} {command line}
   size_t MarkStackSize                            = 4194304                                   {product} {ergonomic}
   size_t MaxHeapSize                              = 536870912                                 {product} {command line}
   size_t MaxMetaspaceSize                         = 402653184                                 {product} {command line}
   size_t MaxNewSize                               = 321912832                                 {product} {ergonomic}
   size_t MinHeapDeltaBytes                        = 1048576                                   {product} {ergonomic}
    uintx NonNMethodCodeHeapSize                   = 5836300                                {pd product} {ergonomic}
    uintx NonProfiledCodeHeapSize                  = 122910970                              {pd product} {ergonomic}
    uintx ProfiledCodeHeapSize                     = 122910970                              {pd product} {ergonomic}
    uintx ReservedCodeCacheSize                    = 251658240                              {pd product} {ergonomic}
     bool SegmentedCodeCache                       = true                                      {product} {ergonomic}
     bool UseCompressedClassPointers               = true                                 {lp64_product} {ergonomic}
     bool UseCompressedOops                        = true                                 {lp64_product} {ergonomic}
     bool UseG1GC                                  = true                                      {product} {ergonomic}
     bool UseLargePagesIndividualAllocation        = false                                  {pd product} {ergonomic}

Logging:
Log output configuration:
 #0: stdout all=warning uptime,level,tags
 #1: stderr all=off uptime,level,tags

Environment Variables:
JAVA_HOME=C:\Program Files\Java\jdk-11.0.17
CLASSPATH=C:\Users\marko\Desktop\ISS_24\issLab24\bw24\\gradle\wrapper\gradle-wrapper.jar
PATH=C:\Program Files\Java\jdk-11.0.17\bin;C:\Gradle\gradle-8.6\bin;C:\Program Files\Python310\Scripts\;C:\Program Files\Python310\;C:\Program Files\Common Files\Oracle\Java\javapath;C:\Program Files (x86)\Common Files\Oracle\Java\javapath;C:\Program Files (x86)\Razer Chroma SDK\bin;C:\Program Files\Razer Chroma SDK\bin;C:\Program Files (x86)\Razer\ChromaBroadcast\bin;C:\Program Files\Razer\ChromaBroadcast\bin;C:\Program Files (x86)\Intel\Intel(R) Management Engine Components\iCLS\;C:\Program Files\Intel\Intel(R) Management Engine Components\iCLS\;C:\WINDOWS\system32;C:\WINDOWS;C:\WINDOWS\System32\Wbem;C:\WINDOWS\System32\WindowsPowerShell\v1.0\;C:\Program Files (x86)\Intel\Intel(R) Management Engine Components\DAL;C:\Program Files\Intel\Intel(R) Management Engine Components\DAL;C:\Program Files (x86)\Intel\Intel(R) Management Engine Components\IPT;C:\Program Files\Intel\Intel(R) Management Engine Components\IPT;C:\WINDOWS\System32\OpenSSH\;C:\WINDOWS\system32\config\systemprofile\AppData\Local\Microsoft\WindowsApps;C:\WINDOWS\system32;C:\WINDOWS;C:\WINDOWS\System32\Wbem;C:\WINDOWS\System32\WindowsPowerShell\v1.0\;C:\WINDOWS\System32\OpenSSH\;C:\Users\marko\AppData\Roaming\nvm;C:\Program Files\nodejs;C:\Program Files\Git\cmd;C:\Program Files\Git LFS;C:\Users\marko\AppData\Roaming\Python\Python310\Scripts;C:\Program Files\Docker\Docker\resources\bin;C:\Program Files\nodejs\;C:\Program Files\Graphviz\bin;C:\Users\marko\AppData\Local\Programs\Microsoft VS Code\bin;C:\Users\marko\AppData\Local\Microsoft\WindowsApps;C:\Users\marko\Desktop\antlr;C:\Users\marko\AppData\Local\JetBrains\IntelliJ IDEA Community Edition 2022.3.2\bin;C:\Users\marko\AppData\Roaming\npm
USERNAME=marko
OS=Windows_NT
PROCESSOR_IDENTIFIER=Intel64 Family 6 Model 142 Stepping 10, GenuineIntel



---------------  S Y S T E M  ---------------

OS: Windows 10 , 64 bit Build 19041 (10.0.19041.3636)
Hyper-V role detected

CPU:total 8 (initial active 8) (4 cores per cpu, 2 threads per core) family 6 model 142 stepping 10 microcode 0xb4, cmov, cx8, fxsr, mmx, sse, sse2, sse3, ssse3, sse4.1, sse4.2, popcnt, avx, avx2, aes, clmul, erms, 3dnowpref, lzcnt, ht, tsc, tscinvbit, bmi1, bmi2, adx, fma

Memory: 4k page, system-wide physical 8058M (539M free)
TotalPageFile size 8058M (AvailPageFile size 5M)
current process WorkingSet (physical memory assigned to process): 438M, peak: 440M
current process commit charge ("private bytes"): 525M, peak: 525M

vm_info: Java HotSpot(TM) 64-Bit Server VM (11.0.17+10-LTS-269) for windows-amd64 JRE (11.0.17+10-LTS-269), built on Sep 13 2022 19:26:37 by "mach5one" with MS VC++ 15.9 (VS2017)

END.
