#
# There is insufficient memory for the Java Runtime Environment to continue.
# Native memory allocation (malloc) failed to allocate 410576 bytes for Chunk::new
# Possible reasons:
#   The system is out of physical RAM or swap space
#   The process is running with CompressedOops enabled, and the Java Heap may be blocking the growth of the native heap
# Possible solutions:
#   Reduce memory load on the system
#   Increase physical memory or swap space
#   Check if swap backing store is full
#   Decrease Java heap size (-Xmx/-Xms)
#   Decrease number of Java threads
#   Decrease Java thread stack sizes (-Xss)
#   Set larger code cache with -XX:ReservedCodeCacheSize=
#   JVM is running with Unscaled Compressed Oops mode in which the Java heap is
#     placed in the first 4GB address space. The Java Heap base address is the
#     maximum limit for the native heap growth. Please use -XX:HeapBaseMinAddress
#     to set the Java Heap base and to place the Java Heap above 4GB virtual address.
# This output file may be truncated or incomplete.
#
#  Out of Memory Error (./open/src/hotspot/share/memory/arena.cpp:197), pid=7104, tid=13392
#
# JRE version: Java(TM) SE Runtime Environment 18.9 (11.0.17+10) (build 11.0.17+10-LTS-269)
# Java VM: Java HotSpot(TM) 64-Bit Server VM 18.9 (11.0.17+10-LTS-269, mixed mode, tiered, compressed oops, g1 gc, windows-amd64)
# No core dump will be written. Minidumps are not enabled by default on client versions of Windows
#

---------------  S U M M A R Y ------------

Command Line: --add-opens=java.base/java.util=ALL-UNNAMED --add-opens=java.base/java.lang=ALL-UNNAMED --add-opens=java.base/java.lang.invoke=ALL-UNNAMED --add-opens=java.prefs/java.util.prefs=ALL-UNNAMED --add-opens=java.base/java.nio.charset=ALL-UNNAMED --add-opens=java.base/java.net=ALL-UNNAMED --add-opens=java.base/java.util.concurrent.atomic=ALL-UNNAMED -XX:MaxMetaspaceSize=384m -XX:+HeapDumpOnOutOfMemoryError -Xms256m -Xmx512m -Dfile.encoding=windows-1252 -Duser.country=IT -Duser.language=it -Duser.variant -javaagent:C:\Users\marko\.gradle\wrapper\dists\gradle-8.6-bin\afr5mpiioh2wthjmwnkmdsd5w\gradle-8.6\lib\agents\gradle-instrumentation-agent-8.6.jar org.gradle.launcher.daemon.bootstrap.GradleDaemon 8.6

Host: Intel(R) Core(TM) i5-8250U CPU @ 1.60GHz, 8 cores, 7G,  Windows 10 , 64 bit Build 19041 (10.0.19041.3636)
Time: Thu May  2 15:50:45 2024 ora legale Europa occidentale elapsed time: 17.327553 seconds (0d 0h 0m 17s)

---------------  T H R E A D  ---------------

Current thread (0x0000023e3e951800):  JavaThread "C2 CompilerThread1" daemon [_thread_in_native, id=13392, stack(0x00000093e9500000,0x00000093e9600000)]


Current CompileTask:
C2:  17327 6744       4       groovy.lang.MetaClassImpl::addMetaMethodToIndex (65 bytes)

Stack: [0x00000093e9500000,0x00000093e9600000]
Native frames: (J=compiled Java code, j=interpreted, Vv=VM code, C=native code)
V  [jvm.dll+0x62b5da]
V  [jvm.dll+0x7653df]
V  [jvm.dll+0x766a89]
V  [jvm.dll+0x767113]
V  [jvm.dll+0x23dd28]
V  [jvm.dll+0xb2a1c]
V  [jvm.dll+0xb2fdc]
V  [jvm.dll+0x341597]
V  [jvm.dll+0x18cb03]
V  [jvm.dll+0x1f8815]
V  [jvm.dll+0x1f78fd]
V  [jvm.dll+0x177c91]
V  [jvm.dll+0x207296]
V  [jvm.dll+0x20542b]
V  [jvm.dll+0x72b2c0]
V  [jvm.dll+0x723e64]
V  [jvm.dll+0x62a485]
C  [ucrtbase.dll+0x21bb2]
C  [KERNEL32.DLL+0x17344]
C  [ntdll.dll+0x526b1]


---------------  P R O C E S S  ---------------

Threads class SMR info:
_java_thread_list=0x0000023e41d6c9f0, length=64, elements={
0x0000023e21991000, 0x0000023e3c0f9000, 0x0000023e3c102800, 0x0000023e3c97d000,
0x0000023e3c97e800, 0x0000023e3c980800, 0x0000023e3c986000, 0x0000023e3c987000,
0x0000023e3c989000, 0x0000023e3cb0c800, 0x0000023e40035800, 0x0000023e3cb42000,
0x0000023e3ceb8000, 0x0000023e3eabd000, 0x0000023e3eabd800, 0x0000023e3e819000,
0x0000023e3f201800, 0x0000023e3eae1800, 0x0000023e3eae2000, 0x0000023e3f6a2000,
0x0000023e3f6a0800, 0x0000023e3f6a3000, 0x0000023e3f6a5800, 0x0000023e3f6a1000,
0x0000023e3f69f800, 0x0000023e3f6a6000, 0x0000023e3f6a3800, 0x0000023e3f6a4800,
0x0000023e3fb3d800, 0x0000023e3fb3e800, 0x0000023e3fb3a800, 0x0000023e3fb3c000,
0x0000023e3fb3f800, 0x0000023e3fb40000, 0x0000023e3fb41000, 0x0000023e3fb3b000,
0x0000023e3fb43800, 0x0000023e3fb44000, 0x0000023e3fb46800, 0x0000023e3fb46000,
0x0000023e3fb47800, 0x0000023e3fb45000, 0x0000023e3fb48800, 0x0000023e3fb42800,
0x0000023e453c5800, 0x0000023e453c3000, 0x0000023e453c6000, 0x0000023e453c8000,
0x0000023e453c7000, 0x0000023e453c3800, 0x0000023e453c8800, 0x0000023e453ca000,
0x0000023e453c9800, 0x0000023e453c4800, 0x0000023e453d1000, 0x0000023e453cc000,
0x0000023e453cd800, 0x0000023e453ce800, 0x0000023e453cf000, 0x0000023e453cb000,
0x0000023e453d0000, 0x0000023e453cc800, 0x0000023e453d1800, 0x0000023e3e951800
}

Java Threads: ( => current thread )
  0x0000023e21991000 JavaThread "main" [_thread_blocked, id=13376, stack(0x00000093e4700000,0x00000093e4800000)]
  0x0000023e3c0f9000 JavaThread "Reference Handler" daemon [_thread_blocked, id=1696, stack(0x00000093e4e00000,0x00000093e4f00000)]
  0x0000023e3c102800 JavaThread "Finalizer" daemon [_thread_blocked, id=264, stack(0x00000093e4f00000,0x00000093e5000000)]
  0x0000023e3c97d000 JavaThread "Signal Dispatcher" daemon [_thread_blocked, id=5184, stack(0x00000093e5000000,0x00000093e5100000)]
  0x0000023e3c97e800 JavaThread "Attach Listener" daemon [_thread_blocked, id=13740, stack(0x00000093e5100000,0x00000093e5200000)]
  0x0000023e3c980800 JavaThread "Service Thread" daemon [_thread_blocked, id=6820, stack(0x00000093e5200000,0x00000093e5300000)]
  0x0000023e3c986000 JavaThread "C2 CompilerThread0" daemon [_thread_in_native, id=408, stack(0x00000093e5300000,0x00000093e5400000)]
  0x0000023e3c987000 JavaThread "C1 CompilerThread0" daemon [_thread_blocked, id=11200, stack(0x00000093e5400000,0x00000093e5500000)]
  0x0000023e3c989000 JavaThread "Sweeper thread" daemon [_thread_blocked, id=7844, stack(0x00000093e5500000,0x00000093e5600000)]
  0x0000023e3cb0c800 JavaThread "Common-Cleaner" daemon [_thread_blocked, id=14964, stack(0x00000093e5600000,0x00000093e5700000)]
  0x0000023e40035800 JavaThread "Daemon health stats" [_thread_blocked, id=5468, stack(0x00000093e5f00000,0x00000093e6000000)]
  0x0000023e3cb42000 JavaThread "Incoming local TCP Connector on port 61870" [_thread_in_native, id=7920, stack(0x00000093e5700000,0x00000093e5800000)]
  0x0000023e3ceb8000 JavaThread "Daemon periodic checks" [_thread_blocked, id=14400, stack(0x00000093e5900000,0x00000093e5a00000)]
  0x0000023e3eabd000 JavaThread "Daemon" [_thread_blocked, id=14784, stack(0x00000093e6000000,0x00000093e6100000)]
  0x0000023e3eabd800 JavaThread "Handler for socket connection from /127.0.0.1:61870 to /127.0.0.1:61871" [_thread_in_native, id=14544, stack(0x00000093e6100000,0x00000093e6200000)]
  0x0000023e3e819000 JavaThread "Cancel handler" [_thread_blocked, id=13064, stack(0x00000093e6200000,0x00000093e6300000)]
  0x0000023e3f201800 JavaThread "Daemon worker" [_thread_blocked, id=15204, stack(0x00000093e6300000,0x00000093e6400000)]
  0x0000023e3eae1800 JavaThread "Asynchronous log dispatcher for DefaultDaemonConnection: socket connection from /127.0.0.1:61870 to /127.0.0.1:61871" [_thread_blocked, id=4064, stack(0x00000093e6400000,0x00000093e6500000)]
  0x0000023e3eae2000 JavaThread "Stdin handler" [_thread_blocked, id=3560, stack(0x00000093e6500000,0x00000093e6600000)]
  0x0000023e3f6a2000 JavaThread "Daemon client event forwarder" [_thread_blocked, id=10052, stack(0x00000093e6600000,0x00000093e6700000)]
  0x0000023e3f6a0800 JavaThread "Cache worker for journal cache (C:\Users\marko\.gradle\caches\journal-1)" [_thread_blocked, id=7692, stack(0x00000093e6a00000,0x00000093e6b00000)]
  0x0000023e3f6a3000 JavaThread "File lock request listener" [_thread_in_native, id=6440, stack(0x00000093e6b00000,0x00000093e6c00000)]
  0x0000023e3f6a5800 JavaThread "Cache worker for file hash cache (C:\Users\marko\.gradle\caches\8.6\fileHashes)" [_thread_blocked, id=11164, stack(0x00000093e6c00000,0x00000093e6d00000)]
  0x0000023e3f6a1000 JavaThread "File watcher server" daemon [_thread_in_native, id=9668, stack(0x00000093e6f00000,0x00000093e7000000)]
  0x0000023e3f69f800 JavaThread "File watcher consumer" daemon [_thread_blocked, id=2096, stack(0x00000093e7000000,0x00000093e7100000)]
  0x0000023e3f6a6000 JavaThread "Cache worker for checksums cache (C:\Users\marko\Desktop\ISS_24\issLab24\bw24\.gradle\8.6\checksums)" [_thread_blocked, id=11072, stack(0x00000093e7100000,0x00000093e7200000)]
  0x0000023e3f6a3800 JavaThread "Cache worker for file hash cache (C:\Users\marko\Desktop\ISS_24\issLab24\bw24\.gradle\8.6\fileHashes)" [_thread_blocked, id=5816, stack(0x00000093e7200000,0x00000093e7300000)]
  0x0000023e3f6a4800 JavaThread "Cache worker for cache directory md-supplier (C:\Users\marko\.gradle\caches\8.6\md-supplier)" [_thread_blocked, id=14576, stack(0x00000093e7300000,0x00000093e7400000)]
  0x0000023e3fb3d800 JavaThread "Cache worker for cache directory md-rule (C:\Users\marko\.gradle\caches\8.6\md-rule)" [_thread_blocked, id=9644, stack(0x00000093e7400000,0x00000093e7500000)]
  0x0000023e3fb3e800 JavaThread "Cache worker for file content cache (C:\Users\marko\.gradle\caches\8.6\fileContent)" [_thread_blocked, id=13792, stack(0x00000093e7500000,0x00000093e7600000)]
  0x0000023e3fb3a800 JavaThread "jar transforms" [_thread_blocked, id=15124, stack(0x00000093e7600000,0x00000093e7700000)]
  0x0000023e3fb3c000 JavaThread "jar transforms Thread 2" [_thread_blocked, id=14520, stack(0x00000093e7700000,0x00000093e7800000)]
  0x0000023e3fb3f800 JavaThread "jar transforms Thread 3" [_thread_blocked, id=744, stack(0x00000093e6e00000,0x00000093e6f00000)]
  0x0000023e3fb40000 JavaThread "Cache worker for Build Output Cleanup Cache (C:\Users\marko\Desktop\ISS_24\issLab24\bw24\.gradle\buildOutputCleanup)" [_thread_blocked, id=13732, stack(0x00000093e7900000,0x00000093e7a00000)]
  0x0000023e3fb41000 JavaThread "Unconstrained build operations" [_thread_blocked, id=12164, stack(0x00000093e7a00000,0x00000093e7b00000)]
  0x0000023e3fb3b000 JavaThread "Unconstrained build operations Thread 2" [_thread_blocked, id=10512, stack(0x00000093e7b00000,0x00000093e7c00000)]
  0x0000023e3fb43800 JavaThread "Unconstrained build operations Thread 3" [_thread_blocked, id=4784, stack(0x00000093e7c00000,0x00000093e7d00000)]
  0x0000023e3fb44000 JavaThread "Unconstrained build operations Thread 4" [_thread_blocked, id=11592, stack(0x00000093e7d00000,0x00000093e7e00000)]
  0x0000023e3fb46800 JavaThread "Unconstrained build operations Thread 5" [_thread_blocked, id=13136, stack(0x00000093e7e00000,0x00000093e7f00000)]
  0x0000023e3fb46000 JavaThread "Unconstrained build operations Thread 6" [_thread_blocked, id=3564, stack(0x00000093e7f00000,0x00000093e8000000)]
  0x0000023e3fb47800 JavaThread "Unconstrained build operations Thread 7" [_thread_blocked, id=9688, stack(0x00000093e8000000,0x00000093e8100000)]
  0x0000023e3fb45000 JavaThread "Memory manager" [_thread_blocked, id=4452, stack(0x00000093e8100000,0x00000093e8200000)]
  0x0000023e3fb48800 JavaThread "build event listener" [_thread_blocked, id=9596, stack(0x00000093e8200000,0x00000093e8300000)]
  0x0000023e3fb42800 JavaThread "jar transforms Thread 4" [_thread_blocked, id=6960, stack(0x00000093e8300000,0x00000093e8400000)]
  0x0000023e453c5800 JavaThread "ForkJoinPool.commonPool-worker-3" daemon [_thread_blocked, id=3076, stack(0x00000093e8400000,0x00000093e8500000)]
  0x0000023e453c3000 JavaThread "ForkJoinPool.commonPool-worker-5" daemon [_thread_blocked, id=13672, stack(0x00000093e8500000,0x00000093e8600000)]
  0x0000023e453c6000 JavaThread "ForkJoinPool.commonPool-worker-9" daemon [_thread_blocked, id=856, stack(0x00000093e8600000,0x00000093e8700000)]
  0x0000023e453c8000 JavaThread "ForkJoinPool.commonPool-worker-7" daemon [_thread_blocked, id=13976, stack(0x00000093e8700000,0x00000093e8800000)]
  0x0000023e453c7000 JavaThread "ForkJoinPool.commonPool-worker-11" daemon [_thread_blocked, id=5848, stack(0x00000093e8800000,0x00000093e8900000)]
  0x0000023e453c3800 JavaThread "ForkJoinPool.commonPool-worker-15" daemon [_thread_blocked, id=8744, stack(0x00000093e8900000,0x00000093e8a00000)]
  0x0000023e453c8800 JavaThread "ForkJoinPool.commonPool-worker-13" daemon [_thread_blocked, id=14136, stack(0x00000093e8a00000,0x00000093e8b00000)]
  0x0000023e453ca000 JavaThread "Exec process" daemon [_thread_blocked, id=3344, stack(0x00000093e8b00000,0x00000093e8c00000)]
  0x0000023e453c9800 JavaThread "Exec process Thread 2" daemon [_thread_blocked, id=9592, stack(0x00000093e8c00000,0x00000093e8d00000)]
  0x0000023e453c4800 JavaThread "Exec process Thread 3" daemon [_thread_blocked, id=4992, stack(0x00000093e8d00000,0x00000093e8e00000)]
  0x0000023e453d1000 JavaThread "included builds" [_thread_blocked, id=9892, stack(0x00000093e7800000,0x00000093e7900000)]
  0x0000023e453cc000 JavaThread "Execution worker" [_thread_blocked, id=10948, stack(0x00000093e8e00000,0x00000093e8f00000)]
  0x0000023e453cd800 JavaThread "Execution worker Thread 2" [_thread_blocked, id=7380, stack(0x00000093e8f00000,0x00000093e9000000)]
  0x0000023e453ce800 JavaThread "Execution worker Thread 3" [_thread_blocked, id=12284, stack(0x00000093e9000000,0x00000093e9100000)]
  0x0000023e453cf000 JavaThread "Execution worker Thread 4" [_thread_blocked, id=216, stack(0x00000093e9100000,0x00000093e9200000)]
  0x0000023e453cb000 JavaThread "Execution worker Thread 5" [_thread_blocked, id=9848, stack(0x00000093e9200000,0x00000093e9300000)]
  0x0000023e453d0000 JavaThread "Execution worker Thread 6" [_thread_in_Java, id=13284, stack(0x00000093e9300000,0x00000093e9400000)]
  0x0000023e453cc800 JavaThread "Execution worker Thread 7" [_thread_blocked, id=14360, stack(0x00000093e9400000,0x00000093e9500000)]
  0x0000023e453d1800 JavaThread "Cache worker for execution history cache (C:\Users\marko\Desktop\ISS_24\issLab24\bw24\.gradle\8.6\executionHistory)" [_thread_blocked, id=11464, stack(0x00000093e6d00000,0x00000093e6e00000)]
=>0x0000023e3e951800 JavaThread "C2 CompilerThread1" daemon [_thread_in_native, id=13392, stack(0x00000093e9500000,0x00000093e9600000)]

Other Threads:
  0x0000023e3c0f7000 VMThread "VM Thread" [stack: 0x00000093e4d00000,0x00000093e4e00000] [id=9568]
  0x0000023e3ccb1800 WatcherThread [stack: 0x00000093e5800000,0x00000093e5900000] [id=9564]
  0x0000023e219a6000 GCTaskThread "GC Thread#0" [stack: 0x00000093e4800000,0x00000093e4900000] [id=8460]
  0x0000023e3dc67000 GCTaskThread "GC Thread#1" [stack: 0x00000093e5a00000,0x00000093e5b00000] [id=15320]
  0x0000023e3db3b000 GCTaskThread "GC Thread#2" [stack: 0x00000093e5b00000,0x00000093e5c00000] [id=6800]
  0x0000023e3d320800 GCTaskThread "GC Thread#3" [stack: 0x00000093e5c00000,0x00000093e5d00000] [id=7592]
  0x0000023e3d602800 GCTaskThread "GC Thread#4" [stack: 0x00000093e5d00000,0x00000093e5e00000] [id=7160]
  0x0000023e3dbdc000 GCTaskThread "GC Thread#5" [stack: 0x00000093e5e00000,0x00000093e5f00000] [id=6924]
  0x0000023e3f6c4000 GCTaskThread "GC Thread#6" [stack: 0x00000093e6700000,0x00000093e6800000] [id=6712]
  0x0000023e3fa0e800 GCTaskThread "GC Thread#7" [stack: 0x00000093e6800000,0x00000093e6900000] [id=13460]
  0x0000023e219bb000 ConcurrentGCThread "G1 Main Marker" [stack: 0x00000093e4900000,0x00000093e4a00000] [id=14608]
  0x0000023e219be800 ConcurrentGCThread "G1 Conc#0" [stack: 0x00000093e4a00000,0x00000093e4b00000] [id=13216]
  0x0000023e3f1b7000 ConcurrentGCThread "G1 Conc#1" [stack: 0x00000093e6900000,0x00000093e6a00000] [id=12696]
  0x0000023e3bf86800 ConcurrentGCThread "G1 Refine#0" [stack: 0x00000093e4b00000,0x00000093e4c00000] [id=3788]
  0x0000023e3bf87000 ConcurrentGCThread "G1 Young RemSet Sampling" [stack: 0x00000093e4c00000,0x00000093e4d00000] [id=3888]

Threads with active compile tasks:
C2 CompilerThread0    17400 6725       4       java.lang.Class::privateGetPublicMethods (224 bytes)
C2 CompilerThread1    17400 6744       4       groovy.lang.MetaClassImpl::addMetaMethodToIndex (65 bytes)

VM state:not at safepoint (normal execution)

VM Mutex/Monitor currently owned by a thread: None

Heap address: 0x00000000e0000000, size: 512 MB, Compressed Oops mode: 32-bit
Narrow klass base: 0x0000000000000000, Narrow klass shift: 3
Compressed class space size: 394264576 Address: 0x0000000100000000

Heap:
 garbage-first heap   total 262144K, used 74685K [0x00000000e0000000, 0x0000000100000000)
  region size 1024K, 29 young (29696K), 18 survivors (18432K)
 Metaspace       used 75583K, capacity 78362K, committed 78540K, reserved 452608K
  class space    used 10344K, capacity 11433K, committed 11520K, reserved 385024K
Heap Regions: E=young(eden), S=young(survivor), O=old, HS=humongous(starts), HC=humongous(continues), CS=collection set, F=free, A=archive, TAMS=top-at-mark-start (previous, next)
|   0|0x00000000e0000000, 0x00000000e0100000, 0x00000000e0100000|100%|HS|  |TAMS 0x00000000e0100000, 0x00000000e0000000| Complete 
|   1|0x00000000e0100000, 0x00000000e0200000, 0x00000000e0200000|100%|HC|  |TAMS 0x00000000e0200000, 0x00000000e0100000| Complete 
|   2|0x00000000e0200000, 0x00000000e0300000, 0x00000000e0300000|100%|HC|  |TAMS 0x00000000e0300000, 0x00000000e0200000| Complete 
|   3|0x00000000e0300000, 0x00000000e0400000, 0x00000000e0400000|100%|HC|  |TAMS 0x00000000e0400000, 0x00000000e0300000| Complete 
|   4|0x00000000e0400000, 0x00000000e0500000, 0x00000000e0500000|100%| O|  |TAMS 0x00000000e0500000, 0x00000000e0400000| Untracked 
|   5|0x00000000e0500000, 0x00000000e0600000, 0x00000000e0600000|100%| O|  |TAMS 0x00000000e0600000, 0x00000000e0500000| Untracked 
|   6|0x00000000e0600000, 0x00000000e0700000, 0x00000000e0700000|100%| O|  |TAMS 0x00000000e0700000, 0x00000000e0600000| Untracked 
|   7|0x00000000e0700000, 0x00000000e0800000, 0x00000000e0800000|100%| O|  |TAMS 0x00000000e0800000, 0x00000000e0700000| Untracked 
|   8|0x00000000e0800000, 0x00000000e0900000, 0x00000000e0900000|100%| O|  |TAMS 0x00000000e0900000, 0x00000000e0800000| Untracked 
|   9|0x00000000e0900000, 0x00000000e0a00000, 0x00000000e0a00000|100%| O|  |TAMS 0x00000000e0a00000, 0x00000000e0900000| Untracked 
|  10|0x00000000e0a00000, 0x00000000e0b00000, 0x00000000e0b00000|100%| O|  |TAMS 0x00000000e0b00000, 0x00000000e0a00000| Untracked 
|  11|0x00000000e0b00000, 0x00000000e0c00000, 0x00000000e0c00000|100%| O|  |TAMS 0x00000000e0c00000, 0x00000000e0b00000| Untracked 
|  12|0x00000000e0c00000, 0x00000000e0d00000, 0x00000000e0d00000|100%| O|  |TAMS 0x00000000e0d00000, 0x00000000e0c00000| Untracked 
|  13|0x00000000e0d00000, 0x00000000e0e00000, 0x00000000e0e00000|100%| O|  |TAMS 0x00000000e0e00000, 0x00000000e0d00000| Untracked 
|  14|0x00000000e0e00000, 0x00000000e0f00000, 0x00000000e0f00000|100%| O|  |TAMS 0x00000000e0f00000, 0x00000000e0e00000| Untracked 
|  15|0x00000000e0f00000, 0x00000000e1000000, 0x00000000e1000000|100%| O|  |TAMS 0x00000000e1000000, 0x00000000e0f00000| Untracked 
|  16|0x00000000e1000000, 0x00000000e1100000, 0x00000000e1100000|100%| O|  |TAMS 0x00000000e1100000, 0x00000000e1000000| Untracked 
|  17|0x00000000e1100000, 0x00000000e1200000, 0x00000000e1200000|100%| O|  |TAMS 0x00000000e1200000, 0x00000000e1100000| Untracked 
|  18|0x00000000e1200000, 0x00000000e1300000, 0x00000000e1300000|100%|HS|  |TAMS 0x00000000e1300000, 0x00000000e1200000| Complete 
|  19|0x00000000e1300000, 0x00000000e1400000, 0x00000000e1400000|100%|HC|  |TAMS 0x00000000e1400000, 0x00000000e1300000| Complete 
|  20|0x00000000e1400000, 0x00000000e1500000, 0x00000000e1500000|100%|HS|  |TAMS 0x00000000e1500000, 0x00000000e1400000| Complete 
|  21|0x00000000e1500000, 0x00000000e1600000, 0x00000000e1600000|100%|HC|  |TAMS 0x00000000e1600000, 0x00000000e1500000| Complete 
|  22|0x00000000e1600000, 0x00000000e1700000, 0x00000000e1700000|100%| O|  |TAMS 0x00000000e1700000, 0x00000000e1600000| Untracked 
|  23|0x00000000e1700000, 0x00000000e1800000, 0x00000000e1800000|100%| O|  |TAMS 0x00000000e1800000, 0x00000000e1700000| Untracked 
|  24|0x00000000e1800000, 0x00000000e1900000, 0x00000000e1900000|100%| O|  |TAMS 0x00000000e1900000, 0x00000000e1800000| Untracked 
|  25|0x00000000e1900000, 0x00000000e1a00000, 0x00000000e1a00000|100%| O|  |TAMS 0x00000000e1a00000, 0x00000000e1900000| Untracked 
|  26|0x00000000e1a00000, 0x00000000e1b00000, 0x00000000e1b00000|100%| O|  |TAMS 0x00000000e1b00000, 0x00000000e1a00000| Untracked 
|  27|0x00000000e1b00000, 0x00000000e1c00000, 0x00000000e1c00000|100%| O|  |TAMS 0x00000000e1c00000, 0x00000000e1b00000| Untracked 
|  28|0x00000000e1c00000, 0x00000000e1d00000, 0x00000000e1d00000|100%| O|  |TAMS 0x00000000e1d00000, 0x00000000e1c00000| Untracked 
|  29|0x00000000e1d00000, 0x00000000e1e00000, 0x00000000e1e00000|100%| O|  |TAMS 0x00000000e1e00000, 0x00000000e1d00000| Untracked 
|  30|0x00000000e1e00000, 0x00000000e1f00000, 0x00000000e1f00000|100%| O|  |TAMS 0x00000000e1f00000, 0x00000000e1e00000| Untracked 
|  31|0x00000000e1f00000, 0x00000000e2000000, 0x00000000e2000000|100%| O|  |TAMS 0x00000000e2000000, 0x00000000e1f00000| Untracked 
|  32|0x00000000e2000000, 0x00000000e2100000, 0x00000000e2100000|100%| O|  |TAMS 0x00000000e2100000, 0x00000000e2000000| Untracked 
|  33|0x00000000e2100000, 0x00000000e2200000, 0x00000000e2200000|100%| O|  |TAMS 0x00000000e2116600, 0x00000000e2100000| Untracked 
|  34|0x00000000e2200000, 0x00000000e2300000, 0x00000000e2300000|100%|HS|  |TAMS 0x00000000e2200000, 0x00000000e2200000| Complete 
|  35|0x00000000e2300000, 0x00000000e2400000, 0x00000000e2400000|100%|HC|  |TAMS 0x00000000e2300000, 0x00000000e2300000| Complete 
|  36|0x00000000e2400000, 0x00000000e2500000, 0x00000000e2500000|100%|HC|  |TAMS 0x00000000e2400000, 0x00000000e2400000| Complete 
|  37|0x00000000e2500000, 0x00000000e2600000, 0x00000000e2600000|100%|HC|  |TAMS 0x00000000e2500000, 0x00000000e2500000| Complete 
|  38|0x00000000e2600000, 0x00000000e2700000, 0x00000000e2700000|100%|HS|  |TAMS 0x00000000e2600000, 0x00000000e2600000| Complete 
|  39|0x00000000e2700000, 0x00000000e2800000, 0x00000000e2800000|100%|HC|  |TAMS 0x00000000e2700000, 0x00000000e2700000| Complete 
|  40|0x00000000e2800000, 0x00000000e2900000, 0x00000000e2900000|100%|HC|  |TAMS 0x00000000e2800000, 0x00000000e2800000| Complete 
|  41|0x00000000e2900000, 0x00000000e2a00000, 0x00000000e2a00000|100%|HC|  |TAMS 0x00000000e2900000, 0x00000000e2900000| Complete 
|  42|0x00000000e2a00000, 0x00000000e2b00000, 0x00000000e2b00000|100%| O|  |TAMS 0x00000000e2a00000, 0x00000000e2a00000| Untracked 
|  43|0x00000000e2b00000, 0x00000000e2c00000, 0x00000000e2c00000|100%| O|  |TAMS 0x00000000e2b00000, 0x00000000e2b00000| Untracked 
|  44|0x00000000e2c00000, 0x00000000e2d00000, 0x00000000e2d00000|100%| O|  |TAMS 0x00000000e2c00000, 0x00000000e2c00000| Untracked 
|  45|0x00000000e2d00000, 0x00000000e2d7f800, 0x00000000e2e00000| 49%| O|  |TAMS 0x00000000e2d00000, 0x00000000e2d00000| Untracked 
|  46|0x00000000e2e00000, 0x00000000e2e00000, 0x00000000e2f00000|  0%| F|  |TAMS 0x00000000e2e00000, 0x00000000e2e00000| Untracked 
|  47|0x00000000e2f00000, 0x00000000e2f00000, 0x00000000e3000000|  0%| F|  |TAMS 0x00000000e2f00000, 0x00000000e2f00000| Untracked 
|  48|0x00000000e3000000, 0x00000000e3000000, 0x00000000e3100000|  0%| F|  |TAMS 0x00000000e3000000, 0x00000000e3000000| Untracked 
|  49|0x00000000e3100000, 0x00000000e3100000, 0x00000000e3200000|  0%| F|  |TAMS 0x00000000e3100000, 0x00000000e3100000| Untracked 
|  50|0x00000000e3200000, 0x00000000e3200000, 0x00000000e3300000|  0%| F|  |TAMS 0x00000000e3200000, 0x00000000e3200000| Untracked 
|  51|0x00000000e3300000, 0x00000000e3300000, 0x00000000e3400000|  0%| F|  |TAMS 0x00000000e3300000, 0x00000000e3300000| Untracked 
|  52|0x00000000e3400000, 0x00000000e3400000, 0x00000000e3500000|  0%| F|  |TAMS 0x00000000e3400000, 0x00000000e3400000| Untracked 
|  53|0x00000000e3500000, 0x00000000e3500000, 0x00000000e3600000|  0%| F|  |TAMS 0x00000000e3500000, 0x00000000e3500000| Untracked 
|  54|0x00000000e3600000, 0x00000000e3600000, 0x00000000e3700000|  0%| F|  |TAMS 0x00000000e3600000, 0x00000000e3600000| Untracked 
|  55|0x00000000e3700000, 0x00000000e3700000, 0x00000000e3800000|  0%| F|  |TAMS 0x00000000e3700000, 0x00000000e3700000| Untracked 
|  56|0x00000000e3800000, 0x00000000e3800000, 0x00000000e3900000|  0%| F|  |TAMS 0x00000000e3800000, 0x00000000e3800000| Untracked 
|  57|0x00000000e3900000, 0x00000000e3900000, 0x00000000e3a00000|  0%| F|  |TAMS 0x00000000e3900000, 0x00000000e3900000| Untracked 
|  58|0x00000000e3a00000, 0x00000000e3a00000, 0x00000000e3b00000|  0%| F|  |TAMS 0x00000000e3a00000, 0x00000000e3a00000| Untracked 
|  59|0x00000000e3b00000, 0x00000000e3b00000, 0x00000000e3c00000|  0%| F|  |TAMS 0x00000000e3b00000, 0x00000000e3b00000| Untracked 
|  60|0x00000000e3c00000, 0x00000000e3c00000, 0x00000000e3d00000|  0%| F|  |TAMS 0x00000000e3c00000, 0x00000000e3c00000| Untracked 
|  61|0x00000000e3d00000, 0x00000000e3d00000, 0x00000000e3e00000|  0%| F|  |TAMS 0x00000000e3d00000, 0x00000000e3d00000| Untracked 
|  62|0x00000000e3e00000, 0x00000000e3e00000, 0x00000000e3f00000|  0%| F|  |TAMS 0x00000000e3e00000, 0x00000000e3e00000| Untracked 
|  63|0x00000000e3f00000, 0x00000000e3f00000, 0x00000000e4000000|  0%| F|  |TAMS 0x00000000e3f00000, 0x00000000e3f00000| Untracked 
|  64|0x00000000e4000000, 0x00000000e4000000, 0x00000000e4100000|  0%| F|  |TAMS 0x00000000e4000000, 0x00000000e4000000| Untracked 
|  65|0x00000000e4100000, 0x00000000e4100000, 0x00000000e4200000|  0%| F|  |TAMS 0x00000000e4100000, 0x00000000e4100000| Untracked 
|  66|0x00000000e4200000, 0x00000000e4200000, 0x00000000e4300000|  0%| F|  |TAMS 0x00000000e4200000, 0x00000000e4200000| Untracked 
|  67|0x00000000e4300000, 0x00000000e4300000, 0x00000000e4400000|  0%| F|  |TAMS 0x00000000e4300000, 0x00000000e4300000| Untracked 
|  68|0x00000000e4400000, 0x00000000e4400000, 0x00000000e4500000|  0%| F|  |TAMS 0x00000000e4400000, 0x00000000e4400000| Untracked 
|  69|0x00000000e4500000, 0x00000000e4500000, 0x00000000e4600000|  0%| F|  |TAMS 0x00000000e4500000, 0x00000000e4500000| Untracked 
|  70|0x00000000e4600000, 0x00000000e4600000, 0x00000000e4700000|  0%| F|  |TAMS 0x00000000e4600000, 0x00000000e4600000| Untracked 
|  71|0x00000000e4700000, 0x00000000e4700000, 0x00000000e4800000|  0%| F|  |TAMS 0x00000000e4700000, 0x00000000e4700000| Untracked 
|  72|0x00000000e4800000, 0x00000000e4800000, 0x00000000e4900000|  0%| F|  |TAMS 0x00000000e4800000, 0x00000000e4800000| Untracked 
|  73|0x00000000e4900000, 0x00000000e4900000, 0x00000000e4a00000|  0%| F|  |TAMS 0x00000000e4900000, 0x00000000e4900000| Untracked 
|  74|0x00000000e4a00000, 0x00000000e4a00000, 0x00000000e4b00000|  0%| F|  |TAMS 0x00000000e4a00000, 0x00000000e4a00000| Untracked 
|  75|0x00000000e4b00000, 0x00000000e4b00000, 0x00000000e4c00000|  0%| F|  |TAMS 0x00000000e4b00000, 0x00000000e4b00000| Untracked 
|  76|0x00000000e4c00000, 0x00000000e4c00000, 0x00000000e4d00000|  0%| F|  |TAMS 0x00000000e4c00000, 0x00000000e4c00000| Untracked 
|  77|0x00000000e4d00000, 0x00000000e4d00000, 0x00000000e4e00000|  0%| F|  |TAMS 0x00000000e4d00000, 0x00000000e4d00000| Untracked 
|  78|0x00000000e4e00000, 0x00000000e4e00000, 0x00000000e4f00000|  0%| F|  |TAMS 0x00000000e4e00000, 0x00000000e4e00000| Untracked 
|  79|0x00000000e4f00000, 0x00000000e4f00000, 0x00000000e5000000|  0%| F|  |TAMS 0x00000000e4f00000, 0x00000000e4f00000| Untracked 
|  80|0x00000000e5000000, 0x00000000e5000000, 0x00000000e5100000|  0%| F|  |TAMS 0x00000000e5000000, 0x00000000e5000000| Untracked 
|  81|0x00000000e5100000, 0x00000000e5100000, 0x00000000e5200000|  0%| F|  |TAMS 0x00000000e5100000, 0x00000000e5100000| Untracked 
|  82|0x00000000e5200000, 0x00000000e5200000, 0x00000000e5300000|  0%| F|  |TAMS 0x00000000e5200000, 0x00000000e5200000| Untracked 
|  83|0x00000000e5300000, 0x00000000e5300000, 0x00000000e5400000|  0%| F|  |TAMS 0x00000000e5300000, 0x00000000e5300000| Untracked 
|  84|0x00000000e5400000, 0x00000000e5400000, 0x00000000e5500000|  0%| F|  |TAMS 0x00000000e5400000, 0x00000000e5400000| Untracked 
|  85|0x00000000e5500000, 0x00000000e5500000, 0x00000000e5600000|  0%| F|  |TAMS 0x00000000e5500000, 0x00000000e5500000| Untracked 
|  86|0x00000000e5600000, 0x00000000e5600000, 0x00000000e5700000|  0%| F|  |TAMS 0x00000000e5600000, 0x00000000e5600000| Untracked 
|  87|0x00000000e5700000, 0x00000000e5700000, 0x00000000e5800000|  0%| F|  |TAMS 0x00000000e5700000, 0x00000000e5700000| Untracked 
|  88|0x00000000e5800000, 0x00000000e5800000, 0x00000000e5900000|  0%| F|  |TAMS 0x00000000e5800000, 0x00000000e5800000| Untracked 
|  89|0x00000000e5900000, 0x00000000e596fc90, 0x00000000e5a00000| 43%| S|CS|TAMS 0x00000000e5900000, 0x00000000e5900000| Complete 
|  90|0x00000000e5a00000, 0x00000000e5b00000, 0x00000000e5b00000|100%| S|CS|TAMS 0x00000000e5a00000, 0x00000000e5a00000| Complete 
|  91|0x00000000e5b00000, 0x00000000e5c00000, 0x00000000e5c00000|100%| S|CS|TAMS 0x00000000e5b00000, 0x00000000e5b00000| Complete 
|  92|0x00000000e5c00000, 0x00000000e5d00000, 0x00000000e5d00000|100%| S|CS|TAMS 0x00000000e5c00000, 0x00000000e5c00000| Complete 
|  93|0x00000000e5d00000, 0x00000000e5e00000, 0x00000000e5e00000|100%| S|CS|TAMS 0x00000000e5d00000, 0x00000000e5d00000| Complete 
|  94|0x00000000e5e00000, 0x00000000e5f00000, 0x00000000e5f00000|100%| S|CS|TAMS 0x00000000e5e00000, 0x00000000e5e00000| Complete 
|  95|0x00000000e5f00000, 0x00000000e6000000, 0x00000000e6000000|100%| S|CS|TAMS 0x00000000e5f00000, 0x00000000e5f00000| Complete 
|  96|0x00000000e6000000, 0x00000000e6100000, 0x00000000e6100000|100%| S|CS|TAMS 0x00000000e6000000, 0x00000000e6000000| Complete 
|  97|0x00000000e6100000, 0x00000000e6100000, 0x00000000e6200000|  0%| F|  |TAMS 0x00000000e6100000, 0x00000000e6100000| Untracked 
|  98|0x00000000e6200000, 0x00000000e6200000, 0x00000000e6300000|  0%| F|  |TAMS 0x00000000e6200000, 0x00000000e6200000| Untracked 
|  99|0x00000000e6300000, 0x00000000e6300000, 0x00000000e6400000|  0%| F|  |TAMS 0x00000000e6300000, 0x00000000e6300000| Untracked 
| 100|0x00000000e6400000, 0x00000000e6400000, 0x00000000e6500000|  0%| F|  |TAMS 0x00000000e6400000, 0x00000000e6400000| Untracked 
| 101|0x00000000e6500000, 0x00000000e6500000, 0x00000000e6600000|  0%| F|  |TAMS 0x00000000e6500000, 0x00000000e6500000| Untracked 
| 102|0x00000000e6600000, 0x00000000e6600000, 0x00000000e6700000|  0%| F|  |TAMS 0x00000000e6600000, 0x00000000e6600000| Untracked 
| 103|0x00000000e6700000, 0x00000000e6700000, 0x00000000e6800000|  0%| F|  |TAMS 0x00000000e6700000, 0x00000000e6700000| Untracked 
| 104|0x00000000e6800000, 0x00000000e6800000, 0x00000000e6900000|  0%| F|  |TAMS 0x00000000e6800000, 0x00000000e6800000| Untracked 
| 105|0x00000000e6900000, 0x00000000e6900000, 0x00000000e6a00000|  0%| F|  |TAMS 0x00000000e6900000, 0x00000000e6900000| Untracked 
| 106|0x00000000e6a00000, 0x00000000e6a00000, 0x00000000e6b00000|  0%| F|  |TAMS 0x00000000e6a00000, 0x00000000e6a00000| Untracked 
| 107|0x00000000e6b00000, 0x00000000e6b00000, 0x00000000e6c00000|  0%| F|  |TAMS 0x00000000e6b00000, 0x00000000e6b00000| Untracked 
| 108|0x00000000e6c00000, 0x00000000e6c00000, 0x00000000e6d00000|  0%| F|  |TAMS 0x00000000e6c00000, 0x00000000e6c00000| Untracked 
| 109|0x00000000e6d00000, 0x00000000e6d00000, 0x00000000e6e00000|  0%| F|  |TAMS 0x00000000e6d00000, 0x00000000e6d00000| Untracked 
| 110|0x00000000e6e00000, 0x00000000e6f00000, 0x00000000e6f00000|100%| S|CS|TAMS 0x00000000e6e00000, 0x00000000e6e00000| Complete 
| 111|0x00000000e6f00000, 0x00000000e7000000, 0x00000000e7000000|100%| S|CS|TAMS 0x00000000e6f00000, 0x00000000e6f00000| Complete 
| 112|0x00000000e7000000, 0x00000000e7100000, 0x00000000e7100000|100%| S|CS|TAMS 0x00000000e7000000, 0x00000000e7000000| Complete 
| 113|0x00000000e7100000, 0x00000000e7200000, 0x00000000e7200000|100%| S|CS|TAMS 0x00000000e7100000, 0x00000000e7100000| Complete 
| 114|0x00000000e7200000, 0x00000000e7300000, 0x00000000e7300000|100%| S|CS|TAMS 0x00000000e7200000, 0x00000000e7200000| Complete 
| 115|0x00000000e7300000, 0x00000000e7400000, 0x00000000e7400000|100%| S|CS|TAMS 0x00000000e7300000, 0x00000000e7300000| Complete 
| 116|0x00000000e7400000, 0x00000000e7500000, 0x00000000e7500000|100%| S|CS|TAMS 0x00000000e7400000, 0x00000000e7400000| Complete 
| 117|0x00000000e7500000, 0x00000000e7600000, 0x00000000e7600000|100%| S|CS|TAMS 0x00000000e7500000, 0x00000000e7500000| Complete 
| 118|0x00000000e7600000, 0x00000000e7700000, 0x00000000e7700000|100%| S|CS|TAMS 0x00000000e7600000, 0x00000000e7600000| Complete 
| 119|0x00000000e7700000, 0x00000000e7800000, 0x00000000e7800000|100%| S|CS|TAMS 0x00000000e7700000, 0x00000000e7700000| Complete 
| 120|0x00000000e7800000, 0x00000000e7800000, 0x00000000e7900000|  0%| F|  |TAMS 0x00000000e7800000, 0x00000000e7800000| Untracked 
| 121|0x00000000e7900000, 0x00000000e7900000, 0x00000000e7a00000|  0%| F|  |TAMS 0x00000000e7900000, 0x00000000e7900000| Untracked 
| 122|0x00000000e7a00000, 0x00000000e7a00000, 0x00000000e7b00000|  0%| F|  |TAMS 0x00000000e7a00000, 0x00000000e7a00000| Untracked 
| 123|0x00000000e7b00000, 0x00000000e7b00000, 0x00000000e7c00000|  0%| F|  |TAMS 0x00000000e7b00000, 0x00000000e7b00000| Untracked 
| 124|0x00000000e7c00000, 0x00000000e7c00000, 0x00000000e7d00000|  0%| F|  |TAMS 0x00000000e7c00000, 0x00000000e7c00000| Untracked 
| 125|0x00000000e7d00000, 0x00000000e7d00000, 0x00000000e7e00000|  0%| F|  |TAMS 0x00000000e7d00000, 0x00000000e7d00000| Untracked 
| 126|0x00000000e7e00000, 0x00000000e7e00000, 0x00000000e7f00000|  0%| F|  |TAMS 0x00000000e7e00000, 0x00000000e7e00000| Untracked 
| 127|0x00000000e7f00000, 0x00000000e7f00000, 0x00000000e8000000|  0%| F|  |TAMS 0x00000000e7f00000, 0x00000000e7f00000| Untracked 
| 128|0x00000000e8000000, 0x00000000e8000000, 0x00000000e8100000|  0%| F|  |TAMS 0x00000000e8000000, 0x00000000e8000000| Untracked 
| 129|0x00000000e8100000, 0x00000000e8100000, 0x00000000e8200000|  0%| F|  |TAMS 0x00000000e8100000, 0x00000000e8100000| Untracked 
| 130|0x00000000e8200000, 0x00000000e8200000, 0x00000000e8300000|  0%| F|  |TAMS 0x00000000e8200000, 0x00000000e8200000| Untracked 
| 131|0x00000000e8300000, 0x00000000e8300000, 0x00000000e8400000|  0%| F|  |TAMS 0x00000000e8300000, 0x00000000e8300000| Untracked 
| 132|0x00000000e8400000, 0x00000000e8400000, 0x00000000e8500000|  0%| F|  |TAMS 0x00000000e8400000, 0x00000000e8400000| Untracked 
| 133|0x00000000e8500000, 0x00000000e8500000, 0x00000000e8600000|  0%| F|  |TAMS 0x00000000e8500000, 0x00000000e8500000| Untracked 
| 134|0x00000000e8600000, 0x00000000e8600000, 0x00000000e8700000|  0%| F|  |TAMS 0x00000000e8600000, 0x00000000e8600000| Untracked 
| 135|0x00000000e8700000, 0x00000000e8700000, 0x00000000e8800000|  0%| F|  |TAMS 0x00000000e8700000, 0x00000000e8700000| Untracked 
| 136|0x00000000e8800000, 0x00000000e8800000, 0x00000000e8900000|  0%| F|  |TAMS 0x00000000e8800000, 0x00000000e8800000| Untracked 
| 137|0x00000000e8900000, 0x00000000e8900000, 0x00000000e8a00000|  0%| F|  |TAMS 0x00000000e8900000, 0x00000000e8900000| Untracked 
| 138|0x00000000e8a00000, 0x00000000e8a00000, 0x00000000e8b00000|  0%| F|  |TAMS 0x00000000e8a00000, 0x00000000e8a00000| Untracked 
| 139|0x00000000e8b00000, 0x00000000e8b00000, 0x00000000e8c00000|  0%| F|  |TAMS 0x00000000e8b00000, 0x00000000e8b00000| Untracked 
| 140|0x00000000e8c00000, 0x00000000e8c00000, 0x00000000e8d00000|  0%| F|  |TAMS 0x00000000e8c00000, 0x00000000e8c00000| Untracked 
| 141|0x00000000e8d00000, 0x00000000e8d00000, 0x00000000e8e00000|  0%| F|  |TAMS 0x00000000e8d00000, 0x00000000e8d00000| Untracked 
| 142|0x00000000e8e00000, 0x00000000e8e00000, 0x00000000e8f00000|  0%| F|  |TAMS 0x00000000e8e00000, 0x00000000e8e00000| Untracked 
| 143|0x00000000e8f00000, 0x00000000e8f00000, 0x00000000e9000000|  0%| F|  |TAMS 0x00000000e8f00000, 0x00000000e8f00000| Untracked 
| 144|0x00000000e9000000, 0x00000000e9000000, 0x00000000e9100000|  0%| F|  |TAMS 0x00000000e9000000, 0x00000000e9000000| Untracked 
| 145|0x00000000e9100000, 0x00000000e9100000, 0x00000000e9200000|  0%| F|  |TAMS 0x00000000e9100000, 0x00000000e9100000| Untracked 
| 146|0x00000000e9200000, 0x00000000e9200000, 0x00000000e9300000|  0%| F|  |TAMS 0x00000000e9200000, 0x00000000e9200000| Untracked 
| 147|0x00000000e9300000, 0x00000000e9300000, 0x00000000e9400000|  0%| F|  |TAMS 0x00000000e9300000, 0x00000000e9300000| Untracked 
| 148|0x00000000e9400000, 0x00000000e9400000, 0x00000000e9500000|  0%| F|  |TAMS 0x00000000e9400000, 0x00000000e9400000| Untracked 
| 149|0x00000000e9500000, 0x00000000e9500000, 0x00000000e9600000|  0%| F|  |TAMS 0x00000000e9500000, 0x00000000e9500000| Untracked 
| 150|0x00000000e9600000, 0x00000000e9600000, 0x00000000e9700000|  0%| F|  |TAMS 0x00000000e9600000, 0x00000000e9600000| Untracked 
| 151|0x00000000e9700000, 0x00000000e9700000, 0x00000000e9800000|  0%| F|  |TAMS 0x00000000e9700000, 0x00000000e9700000| Untracked 
| 152|0x00000000e9800000, 0x00000000e9800000, 0x00000000e9900000|  0%| F|  |TAMS 0x00000000e9800000, 0x00000000e9800000| Untracked 
| 153|0x00000000e9900000, 0x00000000e9900000, 0x00000000e9a00000|  0%| F|  |TAMS 0x00000000e9900000, 0x00000000e9900000| Untracked 
| 154|0x00000000e9a00000, 0x00000000e9a00000, 0x00000000e9b00000|  0%| F|  |TAMS 0x00000000e9a00000, 0x00000000e9a00000| Untracked 
| 155|0x00000000e9b00000, 0x00000000e9b00000, 0x00000000e9c00000|  0%| F|  |TAMS 0x00000000e9b00000, 0x00000000e9b00000| Untracked 
| 156|0x00000000e9c00000, 0x00000000e9c00000, 0x00000000e9d00000|  0%| F|  |TAMS 0x00000000e9c00000, 0x00000000e9c00000| Untracked 
| 157|0x00000000e9d00000, 0x00000000e9d00000, 0x00000000e9e00000|  0%| F|  |TAMS 0x00000000e9d00000, 0x00000000e9d00000| Untracked 
| 158|0x00000000e9e00000, 0x00000000e9e00000, 0x00000000e9f00000|  0%| F|  |TAMS 0x00000000e9e00000, 0x00000000e9e00000| Untracked 
| 159|0x00000000e9f00000, 0x00000000e9f00000, 0x00000000ea000000|  0%| F|  |TAMS 0x00000000e9f00000, 0x00000000e9f00000| Untracked 
| 160|0x00000000ea000000, 0x00000000ea000000, 0x00000000ea100000|  0%| F|  |TAMS 0x00000000ea000000, 0x00000000ea000000| Untracked 
| 161|0x00000000ea100000, 0x00000000ea100000, 0x00000000ea200000|  0%| F|  |TAMS 0x00000000ea100000, 0x00000000ea100000| Untracked 
| 162|0x00000000ea200000, 0x00000000ea200000, 0x00000000ea300000|  0%| F|  |TAMS 0x00000000ea200000, 0x00000000ea200000| Untracked 
| 163|0x00000000ea300000, 0x00000000ea300000, 0x00000000ea400000|  0%| F|  |TAMS 0x00000000ea300000, 0x00000000ea300000| Untracked 
| 164|0x00000000ea400000, 0x00000000ea400000, 0x00000000ea500000|  0%| F|  |TAMS 0x00000000ea400000, 0x00000000ea400000| Untracked 
| 165|0x00000000ea500000, 0x00000000ea500000, 0x00000000ea600000|  0%| F|  |TAMS 0x00000000ea500000, 0x00000000ea500000| Untracked 
| 166|0x00000000ea600000, 0x00000000ea600000, 0x00000000ea700000|  0%| F|  |TAMS 0x00000000ea600000, 0x00000000ea600000| Untracked 
| 167|0x00000000ea700000, 0x00000000ea700000, 0x00000000ea800000|  0%| F|  |TAMS 0x00000000ea700000, 0x00000000ea700000| Untracked 
| 168|0x00000000ea800000, 0x00000000ea800000, 0x00000000ea900000|  0%| F|  |TAMS 0x00000000ea800000, 0x00000000ea800000| Untracked 
| 169|0x00000000ea900000, 0x00000000ea900000, 0x00000000eaa00000|  0%| F|  |TAMS 0x00000000ea900000, 0x00000000ea900000| Untracked 
| 170|0x00000000eaa00000, 0x00000000eaa00000, 0x00000000eab00000|  0%| F|  |TAMS 0x00000000eaa00000, 0x00000000eaa00000| Untracked 
| 171|0x00000000eab00000, 0x00000000eab00000, 0x00000000eac00000|  0%| F|  |TAMS 0x00000000eab00000, 0x00000000eab00000| Untracked 
| 172|0x00000000eac00000, 0x00000000eac00000, 0x00000000ead00000|  0%| F|  |TAMS 0x00000000eac00000, 0x00000000eac00000| Untracked 
| 173|0x00000000ead00000, 0x00000000ead00000, 0x00000000eae00000|  0%| F|  |TAMS 0x00000000ead00000, 0x00000000ead00000| Untracked 
| 174|0x00000000eae00000, 0x00000000eae00000, 0x00000000eaf00000|  0%| F|  |TAMS 0x00000000eae00000, 0x00000000eae00000| Untracked 
| 175|0x00000000eaf00000, 0x00000000eaf00000, 0x00000000eb000000|  0%| F|  |TAMS 0x00000000eaf00000, 0x00000000eaf00000| Untracked 
| 176|0x00000000eb000000, 0x00000000eb000000, 0x00000000eb100000|  0%| F|  |TAMS 0x00000000eb000000, 0x00000000eb000000| Untracked 
| 177|0x00000000eb100000, 0x00000000eb100000, 0x00000000eb200000|  0%| F|  |TAMS 0x00000000eb100000, 0x00000000eb100000| Untracked 
| 178|0x00000000eb200000, 0x00000000eb200000, 0x00000000eb300000|  0%| F|  |TAMS 0x00000000eb200000, 0x00000000eb200000| Untracked 
| 179|0x00000000eb300000, 0x00000000eb300000, 0x00000000eb400000|  0%| F|  |TAMS 0x00000000eb300000, 0x00000000eb300000| Untracked 
| 180|0x00000000eb400000, 0x00000000eb400000, 0x00000000eb500000|  0%| F|  |TAMS 0x00000000eb400000, 0x00000000eb400000| Untracked 
| 181|0x00000000eb500000, 0x00000000eb500000, 0x00000000eb600000|  0%| F|  |TAMS 0x00000000eb500000, 0x00000000eb500000| Untracked 
| 182|0x00000000eb600000, 0x00000000eb600000, 0x00000000eb700000|  0%| F|  |TAMS 0x00000000eb600000, 0x00000000eb600000| Untracked 
| 183|0x00000000eb700000, 0x00000000eb700000, 0x00000000eb800000|  0%| F|  |TAMS 0x00000000eb700000, 0x00000000eb700000| Untracked 
| 184|0x00000000eb800000, 0x00000000eb800000, 0x00000000eb900000|  0%| F|  |TAMS 0x00000000eb800000, 0x00000000eb800000| Untracked 
| 185|0x00000000eb900000, 0x00000000eb900000, 0x00000000eba00000|  0%| F|  |TAMS 0x00000000eb900000, 0x00000000eb900000| Untracked 
| 186|0x00000000eba00000, 0x00000000eba00000, 0x00000000ebb00000|  0%| F|  |TAMS 0x00000000eba00000, 0x00000000eba00000| Untracked 
| 187|0x00000000ebb00000, 0x00000000ebb00000, 0x00000000ebc00000|  0%| F|  |TAMS 0x00000000ebb00000, 0x00000000ebb00000| Untracked 
| 188|0x00000000ebc00000, 0x00000000ebc00000, 0x00000000ebd00000|  0%| F|  |TAMS 0x00000000ebc00000, 0x00000000ebc00000| Untracked 
| 189|0x00000000ebd00000, 0x00000000ebd00000, 0x00000000ebe00000|  0%| F|  |TAMS 0x00000000ebd00000, 0x00000000ebd00000| Untracked 
| 190|0x00000000ebe00000, 0x00000000ebe00000, 0x00000000ebf00000|  0%| F|  |TAMS 0x00000000ebe00000, 0x00000000ebe00000| Untracked 
| 191|0x00000000ebf00000, 0x00000000ebf00000, 0x00000000ec000000|  0%| F|  |TAMS 0x00000000ebf00000, 0x00000000ebf00000| Untracked 
| 192|0x00000000ec000000, 0x00000000ec000000, 0x00000000ec100000|  0%| F|  |TAMS 0x00000000ec000000, 0x00000000ec000000| Untracked 
| 193|0x00000000ec100000, 0x00000000ec100000, 0x00000000ec200000|  0%| F|  |TAMS 0x00000000ec100000, 0x00000000ec100000| Untracked 
| 194|0x00000000ec200000, 0x00000000ec200000, 0x00000000ec300000|  0%| F|  |TAMS 0x00000000ec200000, 0x00000000ec200000| Untracked 
| 195|0x00000000ec300000, 0x00000000ec300000, 0x00000000ec400000|  0%| F|  |TAMS 0x00000000ec300000, 0x00000000ec300000| Untracked 
| 196|0x00000000ec400000, 0x00000000ec400000, 0x00000000ec500000|  0%| F|  |TAMS 0x00000000ec400000, 0x00000000ec400000| Untracked 
| 197|0x00000000ec500000, 0x00000000ec500000, 0x00000000ec600000|  0%| F|  |TAMS 0x00000000ec500000, 0x00000000ec500000| Untracked 
| 198|0x00000000ec600000, 0x00000000ec600000, 0x00000000ec700000|  0%| F|  |TAMS 0x00000000ec600000, 0x00000000ec600000| Untracked 
| 199|0x00000000ec700000, 0x00000000ec700000, 0x00000000ec800000|  0%| F|  |TAMS 0x00000000ec700000, 0x00000000ec700000| Untracked 
| 200|0x00000000ec800000, 0x00000000ec800000, 0x00000000ec900000|  0%| F|  |TAMS 0x00000000ec800000, 0x00000000ec800000| Untracked 
| 201|0x00000000ec900000, 0x00000000ec900000, 0x00000000eca00000|  0%| F|  |TAMS 0x00000000ec900000, 0x00000000ec900000| Untracked 
| 202|0x00000000eca00000, 0x00000000eca00000, 0x00000000ecb00000|  0%| F|  |TAMS 0x00000000eca00000, 0x00000000eca00000| Untracked 
| 203|0x00000000ecb00000, 0x00000000ecb00000, 0x00000000ecc00000|  0%| F|  |TAMS 0x00000000ecb00000, 0x00000000ecb00000| Untracked 
| 204|0x00000000ecc00000, 0x00000000ecc00000, 0x00000000ecd00000|  0%| F|  |TAMS 0x00000000ecc00000, 0x00000000ecc00000| Untracked 
| 205|0x00000000ecd00000, 0x00000000ecd00000, 0x00000000ece00000|  0%| F|  |TAMS 0x00000000ecd00000, 0x00000000ecd00000| Untracked 
| 206|0x00000000ece00000, 0x00000000ece00000, 0x00000000ecf00000|  0%| F|  |TAMS 0x00000000ece00000, 0x00000000ece00000| Untracked 
| 207|0x00000000ecf00000, 0x00000000ecf00000, 0x00000000ed000000|  0%| F|  |TAMS 0x00000000ecf00000, 0x00000000ecf00000| Untracked 
| 208|0x00000000ed000000, 0x00000000ed000000, 0x00000000ed100000|  0%| F|  |TAMS 0x00000000ed000000, 0x00000000ed000000| Untracked 
| 209|0x00000000ed100000, 0x00000000ed100000, 0x00000000ed200000|  0%| F|  |TAMS 0x00000000ed100000, 0x00000000ed100000| Untracked 
| 210|0x00000000ed200000, 0x00000000ed200000, 0x00000000ed300000|  0%| F|  |TAMS 0x00000000ed200000, 0x00000000ed200000| Untracked 
| 211|0x00000000ed300000, 0x00000000ed300000, 0x00000000ed400000|  0%| F|  |TAMS 0x00000000ed300000, 0x00000000ed300000| Untracked 
| 212|0x00000000ed400000, 0x00000000ed400000, 0x00000000ed500000|  0%| F|  |TAMS 0x00000000ed400000, 0x00000000ed400000| Untracked 
| 213|0x00000000ed500000, 0x00000000ed500000, 0x00000000ed600000|  0%| F|  |TAMS 0x00000000ed500000, 0x00000000ed500000| Untracked 
| 214|0x00000000ed600000, 0x00000000ed600000, 0x00000000ed700000|  0%| F|  |TAMS 0x00000000ed600000, 0x00000000ed600000| Untracked 
| 215|0x00000000ed700000, 0x00000000ed700000, 0x00000000ed800000|  0%| F|  |TAMS 0x00000000ed700000, 0x00000000ed700000| Untracked 
| 216|0x00000000ed800000, 0x00000000ed800000, 0x00000000ed900000|  0%| F|  |TAMS 0x00000000ed800000, 0x00000000ed800000| Untracked 
| 217|0x00000000ed900000, 0x00000000ed900000, 0x00000000eda00000|  0%| F|  |TAMS 0x00000000ed900000, 0x00000000ed900000| Untracked 
| 218|0x00000000eda00000, 0x00000000eda00000, 0x00000000edb00000|  0%| F|  |TAMS 0x00000000eda00000, 0x00000000eda00000| Untracked 
| 219|0x00000000edb00000, 0x00000000edb00000, 0x00000000edc00000|  0%| F|  |TAMS 0x00000000edb00000, 0x00000000edb00000| Untracked 
| 220|0x00000000edc00000, 0x00000000edc00000, 0x00000000edd00000|  0%| F|  |TAMS 0x00000000edc00000, 0x00000000edc00000| Untracked 
| 221|0x00000000edd00000, 0x00000000edd00000, 0x00000000ede00000|  0%| F|  |TAMS 0x00000000edd00000, 0x00000000edd00000| Untracked 
| 222|0x00000000ede00000, 0x00000000ede00000, 0x00000000edf00000|  0%| F|  |TAMS 0x00000000ede00000, 0x00000000ede00000| Untracked 
| 223|0x00000000edf00000, 0x00000000edf00000, 0x00000000ee000000|  0%| F|  |TAMS 0x00000000edf00000, 0x00000000edf00000| Untracked 
| 224|0x00000000ee000000, 0x00000000ee000000, 0x00000000ee100000|  0%| F|  |TAMS 0x00000000ee000000, 0x00000000ee000000| Untracked 
| 225|0x00000000ee100000, 0x00000000ee100000, 0x00000000ee200000|  0%| F|  |TAMS 0x00000000ee100000, 0x00000000ee100000| Untracked 
| 226|0x00000000ee200000, 0x00000000ee200000, 0x00000000ee300000|  0%| F|  |TAMS 0x00000000ee200000, 0x00000000ee200000| Untracked 
| 227|0x00000000ee300000, 0x00000000ee300000, 0x00000000ee400000|  0%| F|  |TAMS 0x00000000ee300000, 0x00000000ee300000| Untracked 
| 228|0x00000000ee400000, 0x00000000ee400000, 0x00000000ee500000|  0%| F|  |TAMS 0x00000000ee400000, 0x00000000ee400000| Untracked 
| 229|0x00000000ee500000, 0x00000000ee500000, 0x00000000ee600000|  0%| F|  |TAMS 0x00000000ee500000, 0x00000000ee500000| Untracked 
| 230|0x00000000ee600000, 0x00000000ee600000, 0x00000000ee700000|  0%| F|  |TAMS 0x00000000ee600000, 0x00000000ee600000| Untracked 
| 231|0x00000000ee700000, 0x00000000ee700000, 0x00000000ee800000|  0%| F|  |TAMS 0x00000000ee700000, 0x00000000ee700000| Untracked 
| 232|0x00000000ee800000, 0x00000000ee800000, 0x00000000ee900000|  0%| F|  |TAMS 0x00000000ee800000, 0x00000000ee800000| Untracked 
| 233|0x00000000ee900000, 0x00000000ee900000, 0x00000000eea00000|  0%| F|  |TAMS 0x00000000ee900000, 0x00000000ee900000| Untracked 
| 234|0x00000000eea00000, 0x00000000eea00000, 0x00000000eeb00000|  0%| F|  |TAMS 0x00000000eea00000, 0x00000000eea00000| Untracked 
| 235|0x00000000eeb00000, 0x00000000eeb00000, 0x00000000eec00000|  0%| F|  |TAMS 0x00000000eeb00000, 0x00000000eeb00000| Untracked 
| 236|0x00000000eec00000, 0x00000000eec00000, 0x00000000eed00000|  0%| F|  |TAMS 0x00000000eec00000, 0x00000000eec00000| Untracked 
| 237|0x00000000eed00000, 0x00000000eed00000, 0x00000000eee00000|  0%| F|  |TAMS 0x00000000eed00000, 0x00000000eed00000| Untracked 
| 238|0x00000000eee00000, 0x00000000eee00000, 0x00000000eef00000|  0%| F|  |TAMS 0x00000000eee00000, 0x00000000eee00000| Untracked 
| 239|0x00000000eef00000, 0x00000000eef00000, 0x00000000ef000000|  0%| F|  |TAMS 0x00000000eef00000, 0x00000000eef00000| Untracked 
| 240|0x00000000ef000000, 0x00000000ef000000, 0x00000000ef100000|  0%| F|  |TAMS 0x00000000ef000000, 0x00000000ef000000| Untracked 
| 241|0x00000000ef100000, 0x00000000ef100000, 0x00000000ef200000|  0%| F|  |TAMS 0x00000000ef100000, 0x00000000ef100000| Untracked 
| 242|0x00000000ef200000, 0x00000000ef200000, 0x00000000ef300000|  0%| F|  |TAMS 0x00000000ef200000, 0x00000000ef200000| Untracked 
| 243|0x00000000ef300000, 0x00000000ef300000, 0x00000000ef400000|  0%| F|  |TAMS 0x00000000ef300000, 0x00000000ef300000| Untracked 
| 244|0x00000000ef400000, 0x00000000ef489588, 0x00000000ef500000| 53%| E|  |TAMS 0x00000000ef400000, 0x00000000ef400000| Complete 
| 245|0x00000000ef500000, 0x00000000ef600000, 0x00000000ef600000|100%| E|CS|TAMS 0x00000000ef500000, 0x00000000ef500000| Complete 
| 246|0x00000000ef600000, 0x00000000ef700000, 0x00000000ef700000|100%| E|CS|TAMS 0x00000000ef600000, 0x00000000ef600000| Complete 
| 247|0x00000000ef700000, 0x00000000ef800000, 0x00000000ef800000|100%| E|CS|TAMS 0x00000000ef700000, 0x00000000ef700000| Complete 
| 248|0x00000000ef800000, 0x00000000ef900000, 0x00000000ef900000|100%| E|CS|TAMS 0x00000000ef800000, 0x00000000ef800000| Complete 
| 249|0x00000000ef900000, 0x00000000efa00000, 0x00000000efa00000|100%| E|CS|TAMS 0x00000000ef900000, 0x00000000ef900000| Complete 
| 250|0x00000000efa00000, 0x00000000efb00000, 0x00000000efb00000|100%| E|CS|TAMS 0x00000000efa00000, 0x00000000efa00000| Complete 
| 251|0x00000000efb00000, 0x00000000efc00000, 0x00000000efc00000|100%| E|CS|TAMS 0x00000000efb00000, 0x00000000efb00000| Complete 
| 252|0x00000000efc00000, 0x00000000efd00000, 0x00000000efd00000|100%| E|CS|TAMS 0x00000000efc00000, 0x00000000efc00000| Complete 
| 253|0x00000000efd00000, 0x00000000efe00000, 0x00000000efe00000|100%| E|CS|TAMS 0x00000000efd00000, 0x00000000efd00000| Complete 
| 254|0x00000000efe00000, 0x00000000eff00000, 0x00000000eff00000|100%| E|CS|TAMS 0x00000000efe00000, 0x00000000efe00000| Complete 
| 255|0x00000000eff00000, 0x00000000f0000000, 0x00000000f0000000|100%| E|CS|TAMS 0x00000000eff00000, 0x00000000eff00000| Complete 

Card table byte_map: [0x0000023e38490000,0x0000023e38590000] _byte_map_base: 0x0000023e37d90000

Marking Bits (Prev, Next): (CMBitMap*) 0x0000023e219b6190, (CMBitMap*) 0x0000023e219b6158
 Prev Bits: [0x0000023e38e90000, 0x0000023e39690000)
 Next Bits: [0x0000023e38690000, 0x0000023e38e90000)

Polling page: 0x0000023e1f930000

Metaspace:

Usage:
  Non-class:     65.42 MB capacity,    63.77 MB ( 97%) used,     1.35 MB (  2%) free+waste,   309.56 KB ( <1%) overhead. 
      Class:     11.20 MB capacity,    10.11 MB ( 90%) used,   958.12 KB (  8%) free+waste,   155.31 KB (  1%) overhead. 
       Both:     76.62 MB capacity,    73.88 MB ( 96%) used,     2.29 MB (  3%) free+waste,   464.88 KB ( <1%) overhead. 

Virtual space:
  Non-class space:       66.00 MB reserved,      65.45 MB (>99%) committed 
      Class space:      376.00 MB reserved,      11.25 MB (  3%) committed 
             Both:      442.00 MB reserved,      76.70 MB ( 17%) committed 

Chunk freelists:
   Non-Class:  3.38 KB
       Class:  2.88 KB
        Both:  6.25 KB

CodeHeap 'non-profiled nmethods': size=120000Kb used=4380Kb max_used=4380Kb free=115619Kb
 bounds [0x0000023e30b30000, 0x0000023e30f80000, 0x0000023e38060000]
CodeHeap 'profiled nmethods': size=120000Kb used=14386Kb max_used=14386Kb free=105613Kb
 bounds [0x0000023e29600000, 0x0000023e2a410000, 0x0000023e30b30000]
CodeHeap 'non-nmethods': size=5760Kb used=2283Kb max_used=2324Kb free=3476Kb
 bounds [0x0000023e29060000, 0x0000023e292d0000, 0x0000023e29600000]
 total_blobs=7654 nmethods=6767 adapters=797
 compilation: enabled
              stopped_count=0, restarted_count=0
 full_count=0

Compilation events (10 events):
Event: 17.316 Thread 0x0000023e3c987000 6791       3       org.gradle.api.internal.artifacts.ivyservice.modulecache.ModuleMetadataSerializer$Reader::readMavenDependency (148 bytes)
Event: 17.319 Thread 0x0000023e3c987000 nmethod 6791 0x0000023e2a405290 code [0x0000023e2a4055e0, 0x0000023e2a406ca8]
Event: 17.319 Thread 0x0000023e3c987000 6794       3       org.gradle.internal.component.external.descriptor.MavenScope::values (10 bytes)
Event: 17.320 Thread 0x0000023e3c987000 nmethod 6794 0x0000023e2a407510 code [0x0000023e2a4076c0, 0x0000023e2a407948]
Event: 17.320 Thread 0x0000023e3c987000 6795       3       org.gradle.internal.component.external.model.maven.MavenDependencyType::values (10 bytes)
Event: 17.320 Thread 0x0000023e3c987000 nmethod 6795 0x0000023e2a407a10 code [0x0000023e2a407bc0, 0x0000023e2a407e48]
Event: 17.320 Thread 0x0000023e3c987000 6796       3       org.gradle.internal.component.external.model.maven.MavenDependencyDescriptor::<init> (35 bytes)
Event: 17.321 Thread 0x0000023e3c987000 nmethod 6796 0x0000023e2a407f10 code [0x0000023e2a4080e0, 0x0000023e2a4084a8]
Event: 17.321 Thread 0x0000023e3c987000 6797       3       org.gradle.internal.component.external.model.ExternalDependencyDescriptor::<init> (5 bytes)
Event: 17.321 Thread 0x0000023e3c987000 nmethod 6797 0x0000023e2a408610 code [0x0000023e2a4087a0, 0x0000023e2a4088f8]

GC Heap History (10 events):
Event: 7.656 GC heap before
{Heap before GC invocations=7 (full 0):
 garbage-first heap   total 262144K, used 145087K [0x00000000e0000000, 0x0000000100000000)
  region size 1024K, 125 young (128000K), 6 survivors (6144K)
 Metaspace       used 46344K, capacity 47525K, committed 47744K, reserved 425984K
  class space    used 6187K, capacity 6670K, committed 6784K, reserved 385024K
}
Event: 7.673 GC heap after
{Heap after GC invocations=8 (full 0):
 garbage-first heap   total 262144K, used 30311K [0x00000000e0000000, 0x0000000100000000)
  region size 1024K, 12 young (12288K), 12 survivors (12288K)
 Metaspace       used 46344K, capacity 47525K, committed 47744K, reserved 425984K
  class space    used 6187K, capacity 6670K, committed 6784K, reserved 385024K
}
Event: 10.358 GC heap before
{Heap before GC invocations=8 (full 0):
 garbage-first heap   total 262144K, used 168551K [0x00000000e0000000, 0x0000000100000000)
  region size 1024K, 140 young (143360K), 12 survivors (12288K)
 Metaspace       used 56756K, capacity 58814K, committed 59008K, reserved 436224K
  class space    used 7688K, capacity 8512K, committed 8576K, reserved 385024K
}
Event: 10.383 GC heap after
{Heap after GC invocations=9 (full 0):
 garbage-first heap   total 262144K, used 34991K [0x00000000e0000000, 0x0000000100000000)
  region size 1024K, 12 young (12288K), 12 survivors (12288K)
 Metaspace       used 56756K, capacity 58814K, committed 59008K, reserved 436224K
  class space    used 7688K, capacity 8512K, committed 8576K, reserved 385024K
}
Event: 10.788 GC heap before
{Heap before GC invocations=9 (full 0):
 garbage-first heap   total 262144K, used 57519K [0x00000000e0000000, 0x0000000100000000)
  region size 1024K, 31 young (31744K), 12 survivors (12288K)
 Metaspace       used 57985K, capacity 60024K, committed 60160K, reserved 438272K
  class space    used 7865K, capacity 8701K, committed 8704K, reserved 385024K
}
Event: 10.807 GC heap after
{Heap after GC invocations=10 (full 0):
 garbage-first heap   total 262144K, used 40547K [0x00000000e0000000, 0x0000000100000000)
  region size 1024K, 7 young (7168K), 7 survivors (7168K)
 Metaspace       used 57985K, capacity 60024K, committed 60160K, reserved 438272K
  class space    used 7865K, capacity 8701K, committed 8704K, reserved 385024K
}
Event: 13.202 GC heap before
{Heap before GC invocations=11 (full 0):
 garbage-first heap   total 262144K, used 191075K [0x00000000e0000000, 0x0000000100000000)
  region size 1024K, 146 young (149504K), 7 survivors (7168K)
 Metaspace       used 68619K, capacity 70872K, committed 71116K, reserved 446464K
  class space    used 9276K, capacity 10201K, committed 10240K, reserved 385024K
}
Event: 13.214 GC heap after
{Heap after GC invocations=12 (full 0):
 garbage-first heap   total 262144K, used 54521K [0x00000000e0000000, 0x0000000100000000)
  region size 1024K, 13 young (13312K), 13 survivors (13312K)
 Metaspace       used 68619K, capacity 70872K, committed 71116K, reserved 446464K
  class space    used 9276K, capacity 10201K, committed 10240K, reserved 385024K
}
Event: 17.042 GC heap before
{Heap before GC invocations=12 (full 0):
 garbage-first heap   total 262144K, used 193785K [0x00000000e0000000, 0x0000000100000000)
  region size 1024K, 149 young (152576K), 13 survivors (13312K)
 Metaspace       used 74935K, capacity 77689K, committed 77900K, reserved 452608K
  class space    used 10238K, capacity 11356K, committed 11392K, reserved 385024K
}
Event: 17.069 GC heap after
{Heap after GC invocations=13 (full 0):
 garbage-first heap   total 262144K, used 64445K [0x00000000e0000000, 0x0000000100000000)
  region size 1024K, 18 young (18432K), 18 survivors (18432K)
 Metaspace       used 74935K, capacity 77689K, committed 77900K, reserved 452608K
  class space    used 10238K, capacity 11356K, committed 11392K, reserved 385024K
}

Deoptimization events (10 events):
Event: 14.172 Thread 0x0000023e453c5800 Uncommon trap: reason=bimorphic_or_optimized_type_check action=maybe_recompile pc=0x0000023e30ee82fc method=java.util.concurrent.ConcurrentHashMap.putVal(Ljava/lang/Object;Ljava/lang/Object;Z)Ljava/lang/Object; @ 159 c2
Event: 14.174 Thread 0x0000023e3f201800 Uncommon trap: reason=unstable_if action=reinterpret pc=0x0000023e30cf36dc method=java.util.HashMap$KeySpliterator.characteristics()I @ 4 c2
Event: 16.357 Thread 0x0000023e3f201800 Uncommon trap: reason=bimorphic_or_optimized_type_check action=maybe_recompile pc=0x0000023e30dbd984 method=com.google.common.collect.AbstractIndexedListIterator.next()Ljava/lang/Object; @ 27 c2
Event: 16.448 Thread 0x0000023e3f201800 Uncommon trap: reason=bimorphic_or_optimized_type_check action=maybe_recompile pc=0x0000023e30dbd984 method=com.google.common.collect.AbstractIndexedListIterator.next()Ljava/lang/Object; @ 27 c2
Event: 16.448 Thread 0x0000023e3f201800 Uncommon trap: reason=bimorphic_or_optimized_type_check action=maybe_recompile pc=0x0000023e30dbd984 method=com.google.common.collect.AbstractIndexedListIterator.next()Ljava/lang/Object; @ 27 c2
Event: 16.448 Thread 0x0000023e3f201800 Uncommon trap: reason=bimorphic_or_optimized_type_check action=maybe_recompile pc=0x0000023e30dbd984 method=com.google.common.collect.AbstractIndexedListIterator.next()Ljava/lang/Object; @ 27 c2
Event: 16.518 Thread 0x0000023e3f201800 Uncommon trap: reason=bimorphic_or_optimized_type_check action=maybe_recompile pc=0x0000023e30d6576c method=java.util.stream.StreamOpFlag.fromCharacteristics(Ljava/util/Spliterator;)I @ 14 c2
Event: 16.520 Thread 0x0000023e3f201800 Uncommon trap: reason=bimorphic_or_optimized_type_check action=maybe_recompile pc=0x0000023e30d6576c method=java.util.stream.StreamOpFlag.fromCharacteristics(Ljava/util/Spliterator;)I @ 14 c2
Event: 16.520 Thread 0x0000023e3f201800 Uncommon trap: reason=bimorphic_or_optimized_type_check action=maybe_recompile pc=0x0000023e30d6576c method=java.util.stream.StreamOpFlag.fromCharacteristics(Ljava/util/Spliterator;)I @ 14 c2
Event: 16.521 Thread 0x0000023e3f201800 Uncommon trap: reason=bimorphic_or_optimized_type_check action=maybe_recompile pc=0x0000023e30d6576c method=java.util.stream.StreamOpFlag.fromCharacteristics(Ljava/util/Spliterator;)I @ 14 c2

Classes redefined (0 events):
No events

Internal exceptions (10 events):
Event: 17.023 Thread 0x0000023e453d0000 Exception <a 'java/lang/ClassNotFoundException'{0x00000000e7963258}: groovy/util/NodeBeanInfo> (0x00000000e7963258) thrown at [./open/src/hotspot/share/classfile/systemDictionary.cpp, line 226]
Event: 17.025 Thread 0x0000023e453d0000 Exception <a 'java/lang/ClassNotFoundException'{0x00000000e79d03e0}: groovy/util/NodeCustomizer> (0x00000000e79d03e0) thrown at [./open/src/hotspot/share/classfile/systemDictionary.cpp, line 226]
Event: 17.072 Thread 0x0000023e453d0000 Exception <a 'java/lang/ClassNotFoundException'{0x00000000eff9a358}: groovy/util/NodeListBeanInfo> (0x00000000eff9a358) thrown at [./open/src/hotspot/share/classfile/systemDictionary.cpp, line 226]
Event: 17.073 Thread 0x0000023e453d0000 Exception <a 'java/lang/ClassNotFoundException'{0x00000000effadea8}: java/util/ArrayListBeanInfo> (0x00000000effadea8) thrown at [./open/src/hotspot/share/classfile/systemDictionary.cpp, line 226]
Event: 17.074 Thread 0x0000023e453d0000 Exception <a 'java/lang/ClassNotFoundException'{0x00000000effc1e28}: java/util/AbstractListBeanInfo> (0x00000000effc1e28) thrown at [./open/src/hotspot/share/classfile/systemDictionary.cpp, line 226]
Event: 17.075 Thread 0x0000023e453d0000 Exception <a 'java/lang/ClassNotFoundException'{0x00000000effd6110}: java/util/AbstractListCustomizer> (0x00000000effd6110) thrown at [./open/src/hotspot/share/classfile/systemDictionary.cpp, line 226]
Event: 17.080 Thread 0x0000023e453d0000 Exception <a 'java/lang/ClassNotFoundException'{0x00000000efff4860}: java/util/ArrayListCustomizer> (0x00000000efff4860) thrown at [./open/src/hotspot/share/classfile/systemDictionary.cpp, line 226]
Event: 17.087 Thread 0x0000023e453d0000 Exception <a 'java/lang/ClassNotFoundException'{0x00000000efe7d1f0}: groovy/util/NodeListCustomizer> (0x00000000efe7d1f0) thrown at [./open/src/hotspot/share/classfile/systemDictionary.cpp, line 226]
Event: 17.241 Thread 0x0000023e453d0000 Exception <a 'java/lang/NoSuchMethodError'{0x00000000efa6f140}: java.lang.invoke.DirectMethodHandle$Holder.invokeStatic(Ljava/lang/Object;Ljava/lang/Object;Ljava/lang/Object;Ljava/lang/Object;Ljava/lang/Object;Ljava/lang/Object;Ljava/lang/Object;Ljava/lan
Event: 17.244 Thread 0x0000023e453d0000 Exception <a 'java/lang/NoSuchMethodError'{0x00000000efa7d838}: java.lang.invoke.DirectMethodHandle$Holder.invokeStatic(Ljava/lang/Object;Ljava/lang/Object;Ljava/lang/Object;Ljava/lang/Object;Ljava/lang/Object;Ljava/lang/Object;Ljava/lang/Object;Ljava/lan

Events (10 events):
Event: 17.300 loading class org/gradle/api/internal/artifacts/ivyservice/ivyresolve/LocalModuleComponentRepository
Event: 17.300 loading class org/gradle/api/internal/artifacts/ivyservice/ivyresolve/LocalModuleComponentRepository done
Event: 17.301 loading class org/gradle/api/internal/artifacts/ivyservice/ivyresolve/LocalModuleComponentRepository$LocalAccess
Event: 17.301 loading class org/gradle/api/internal/artifacts/ivyservice/ivyresolve/LocalModuleComponentRepository$LocalAccess done
Event: 17.303 loading class org/gradle/api/internal/artifacts/ivyservice/ivyresolve/LocalModuleComponentRepository$RemoteAccess
Event: 17.303 loading class org/gradle/api/internal/artifacts/ivyservice/ivyresolve/LocalModuleComponentRepository$RemoteAccess done
Event: 17.305 loading class org/gradle/api/internal/artifacts/repositories/AbstractArtifactRepository
Event: 17.305 loading class org/gradle/api/internal/artifacts/repositories/AbstractArtifactRepository done
Event: 17.308 Executing VM operation: RevokeBias
Event: 17.308 Executing VM operation: RevokeBias done


Dynamic libraries:
0x00007ff7c5940000 - 0x00007ff7c594f000 	C:\Program Files\Java\jdk-11.0.17\bin\java.exe
0x00007ffc983b0000 - 0x00007ffc985a8000 	C:\WINDOWS\SYSTEM32\ntdll.dll
0x00007ffc96510000 - 0x00007ffc965cd000 	C:\WINDOWS\System32\KERNEL32.DLL
0x00007ffc95d70000 - 0x00007ffc96066000 	C:\WINDOWS\System32\KERNELBASE.dll
0x00007ffc95b00000 - 0x00007ffc95c00000 	C:\WINDOWS\System32\ucrtbase.dll
0x00007ffc903c0000 - 0x00007ffc903d8000 	C:\Program Files\Java\jdk-11.0.17\bin\jli.dll
0x00007ffc90ed0000 - 0x00007ffc90ee5000 	C:\Program Files\Java\jdk-11.0.17\bin\VCRUNTIME140.dll
0x00007ffc97100000 - 0x00007ffc971b0000 	C:\WINDOWS\System32\ADVAPI32.dll
0x00007ffc97f10000 - 0x00007ffc97fae000 	C:\WINDOWS\System32\msvcrt.dll
0x00007ffc96700000 - 0x00007ffc967a0000 	C:\WINDOWS\System32\sechost.dll
0x00007ffc967a0000 - 0x00007ffc968c3000 	C:\WINDOWS\System32\RPCRT4.dll
0x00007ffc96340000 - 0x00007ffc96367000 	C:\WINDOWS\System32\bcrypt.dll
0x00007ffc98080000 - 0x00007ffc9821f000 	C:\WINDOWS\System32\USER32.dll
0x00007ffc95c00000 - 0x00007ffc95c22000 	C:\WINDOWS\System32\win32u.dll
0x00007ffc7efd0000 - 0x00007ffc7f26a000 	C:\WINDOWS\WinSxS\amd64_microsoft.windows.common-controls_6595b64144ccf1df_6.0.19041.3636_none_60b6a03d71f818d5\COMCTL32.dll
0x00007ffc971b0000 - 0x00007ffc971db000 	C:\WINDOWS\System32\GDI32.dll
0x00007ffc96070000 - 0x00007ffc96187000 	C:\WINDOWS\System32\gdi32full.dll
0x00007ffc95a60000 - 0x00007ffc95afd000 	C:\WINDOWS\System32\msvcp_win.dll
0x00007ffc8ed30000 - 0x00007ffc8ed3a000 	C:\WINDOWS\SYSTEM32\VERSION.dll
0x00007ffc98330000 - 0x00007ffc98362000 	C:\WINDOWS\System32\IMM32.DLL
0x00007ffc81780000 - 0x00007ffc8181b000 	C:\Program Files\Java\jdk-11.0.17\bin\msvcp140.dll
0x00007ffc68710000 - 0x00007ffc6922a000 	C:\Program Files\Java\jdk-11.0.17\bin\server\jvm.dll
0x00007ffc968d0000 - 0x00007ffc968d8000 	C:\WINDOWS\System32\PSAPI.DLL
0x00007ffc8ee40000 - 0x00007ffc8ee49000 	C:\WINDOWS\SYSTEM32\WSOCK32.dll
0x00007ffc77620000 - 0x00007ffc77647000 	C:\WINDOWS\SYSTEM32\WINMM.dll
0x00007ffc97090000 - 0x00007ffc970fb000 	C:\WINDOWS\System32\WS2_32.dll
0x00007ffc94240000 - 0x00007ffc94252000 	C:\WINDOWS\SYSTEM32\kernel.appcore.dll
0x00007ffc903b0000 - 0x00007ffc903c0000 	C:\Program Files\Java\jdk-11.0.17\bin\verify.dll
0x00007ffc93730000 - 0x00007ffc93914000 	C:\WINDOWS\SYSTEM32\DBGHELP.DLL
0x00007ffc833d0000 - 0x00007ffc83404000 	C:\WINDOWS\SYSTEM32\dbgcore.DLL
0x00007ffc95c30000 - 0x00007ffc95cb2000 	C:\WINDOWS\System32\bcryptPrimitives.dll
0x00007ffc8fbb0000 - 0x00007ffc8fbd8000 	C:\Program Files\Java\jdk-11.0.17\bin\java.dll
0x00007ffc903a0000 - 0x00007ffc903aa000 	C:\Program Files\Java\jdk-11.0.17\bin\jimage.dll
0x00007ffc87530000 - 0x00007ffc8753e000 	C:\Program Files\Java\jdk-11.0.17\bin\instrument.dll
0x00007ffc8fb90000 - 0x00007ffc8fba6000 	C:\Program Files\Java\jdk-11.0.17\bin\zip.dll
0x00007ffc97440000 - 0x00007ffc97bab000 	C:\WINDOWS\System32\SHELL32.dll
0x00007ffc93920000 - 0x00007ffc940be000 	C:\WINDOWS\SYSTEM32\windows.storage.dll
0x00007ffc97bb0000 - 0x00007ffc97f03000 	C:\WINDOWS\System32\combase.dll
0x00007ffc953c0000 - 0x00007ffc953ee000 	C:\WINDOWS\SYSTEM32\Wldp.dll
0x00007ffc97fb0000 - 0x00007ffc9807d000 	C:\WINDOWS\System32\OLEAUT32.dll
0x00007ffc971e0000 - 0x00007ffc9728d000 	C:\WINDOWS\System32\SHCORE.dll
0x00007ffc982d0000 - 0x00007ffc98325000 	C:\WINDOWS\System32\shlwapi.dll
0x00007ffc95990000 - 0x00007ffc959b3000 	C:\WINDOWS\SYSTEM32\profapi.dll
0x00007ffc81760000 - 0x00007ffc81779000 	C:\Program Files\Java\jdk-11.0.17\bin\net.dll
0x00007ffc8cb50000 - 0x00007ffc8cc5a000 	C:\WINDOWS\SYSTEM32\WINHTTP.dll
0x00007ffc95120000 - 0x00007ffc9518a000 	C:\WINDOWS\system32\mswsock.dll
0x00007ffc81740000 - 0x00007ffc81752000 	C:\Program Files\Java\jdk-11.0.17\bin\nio.dll
0x00007ffc6ec90000 - 0x00007ffc6ecb7000 	C:\Users\marko\.gradle\native\c067742578af261105cb4f569cf0c3c89f3d7b1fecec35dd04571415982c5e48\windows-amd64\native-platform.dll
0x00007ffc6efe0000 - 0x00007ffc6f124000 	C:\Users\marko\.gradle\native\38dada09dfb8b06ba9b0570ebf7e218e3eb74d4ef43ca46872605cf95ebc2f47\windows-amd64\native-platform-file-events.dll
0x00007ffc8ee30000 - 0x00007ffc8ee39000 	C:\Program Files\Java\jdk-11.0.17\bin\management.dll
0x00007ffc87bd0000 - 0x00007ffc87bdb000 	C:\Program Files\Java\jdk-11.0.17\bin\management_ext.dll
0x00007ffc95320000 - 0x00007ffc95338000 	C:\WINDOWS\SYSTEM32\CRYPTSP.dll
0x00007ffc94a00000 - 0x00007ffc94a34000 	C:\WINDOWS\system32\rsaenh.dll
0x00007ffc95910000 - 0x00007ffc9593e000 	C:\WINDOWS\SYSTEM32\USERENV.dll
0x00007ffc95310000 - 0x00007ffc9531c000 	C:\WINDOWS\SYSTEM32\CRYPTBASE.dll
0x00007ffc94de0000 - 0x00007ffc94e1b000 	C:\WINDOWS\SYSTEM32\IPHLPAPI.DLL
0x00007ffc966f0000 - 0x00007ffc966f8000 	C:\WINDOWS\System32\NSI.dll
0x00007ffc8e9c0000 - 0x00007ffc8e9d7000 	C:\WINDOWS\SYSTEM32\dhcpcsvc6.DLL
0x00007ffc8e9a0000 - 0x00007ffc8e9bd000 	C:\WINDOWS\SYSTEM32\dhcpcsvc.DLL
0x00007ffc94e20000 - 0x00007ffc94eeb000 	C:\WINDOWS\SYSTEM32\DNSAPI.dll
0x00007ffc92a70000 - 0x00007ffc92b00000 	C:\WINDOWS\system32\apphelp.dll

dbghelp: loaded successfully - version: 4.0.5 - missing functions: none
symbol engine: initialized successfully - sym options: 0x614 - pdb path: .;C:\Program Files\Java\jdk-11.0.17\bin;C:\WINDOWS\SYSTEM32;C:\WINDOWS\WinSxS\amd64_microsoft.windows.common-controls_6595b64144ccf1df_6.0.19041.3636_none_60b6a03d71f818d5;C:\Program Files\Java\jdk-11.0.17\bin\server;C:\Users\marko\.gradle\native\c067742578af261105cb4f569cf0c3c89f3d7b1fecec35dd04571415982c5e48\windows-amd64;C:\Users\marko\.gradle\native\38dada09dfb8b06ba9b0570ebf7e218e3eb74d4ef43ca46872605cf95ebc2f47\windows-amd64

VM Arguments:
jvm_args: --add-opens=java.base/java.util=ALL-UNNAMED --add-opens=java.base/java.lang=ALL-UNNAMED --add-opens=java.base/java.lang.invoke=ALL-UNNAMED --add-opens=java.prefs/java.util.prefs=ALL-UNNAMED --add-opens=java.base/java.nio.charset=ALL-UNNAMED --add-opens=java.base/java.net=ALL-UNNAMED --add-opens=java.base/java.util.concurrent.atomic=ALL-UNNAMED -XX:MaxMetaspaceSize=384m -XX:+HeapDumpOnOutOfMemoryError -Xms256m -Xmx512m -Dfile.encoding=windows-1252 -Duser.country=IT -Duser.language=it -Duser.variant -javaagent:C:\Users\marko\.gradle\wrapper\dists\gradle-8.6-bin\afr5mpiioh2wthjmwnkmdsd5w\gradle-8.6\lib\agents\gradle-instrumentation-agent-8.6.jar 
java_command: org.gradle.launcher.daemon.bootstrap.GradleDaemon 8.6
java_class_path (initial): C:\Users\marko\.gradle\wrapper\dists\gradle-8.6-bin\afr5mpiioh2wthjmwnkmdsd5w\gradle-8.6\lib\gradle-launcher-8.6.jar
Launcher Type: SUN_STANDARD

[Global flags]
     intx CICompilerCount                          = 4                                         {product} {ergonomic}
   size_t CompressedClassSpaceSize                 = 394264576                                 {product} {ergonomic}
     uint ConcGCThreads                            = 2                                         {product} {ergonomic}
     uint G1ConcRefinementThreads                  = 8                                         {product} {ergonomic}
   size_t G1HeapRegionSize                         = 1048576                                   {product} {ergonomic}
    uintx GCDrainStackTargetSize                   = 64                                        {product} {ergonomic}
     bool HeapDumpOnOutOfMemoryError               = true                                   {manageable} {command line}
   size_t InitialHeapSize                          = 268435456                                 {product} {command line}
   size_t MarkStackSize                            = 4194304                                   {product} {ergonomic}
   size_t MaxHeapSize                              = 536870912                                 {product} {command line}
   size_t MaxMetaspaceSize                         = 402653184                                 {product} {command line}
   size_t MaxNewSize                               = 321912832                                 {product} {ergonomic}
   size_t MinHeapDeltaBytes                        = 1048576                                   {product} {ergonomic}
    uintx NonNMethodCodeHeapSize                   = 5836300                                {pd product} {ergonomic}
    uintx NonProfiledCodeHeapSize                  = 122910970                              {pd product} {ergonomic}
    uintx ProfiledCodeHeapSize                     = 122910970                              {pd product} {ergonomic}
    uintx ReservedCodeCacheSize                    = 251658240                              {pd product} {ergonomic}
     bool SegmentedCodeCache                       = true                                      {product} {ergonomic}
     bool UseCompressedClassPointers               = true                                 {lp64_product} {ergonomic}
     bool UseCompressedOops                        = true                                 {lp64_product} {ergonomic}
     bool UseG1GC                                  = true                                      {product} {ergonomic}
     bool UseLargePagesIndividualAllocation        = false                                  {pd product} {ergonomic}

Logging:
Log output configuration:
 #0: stdout all=warning uptime,level,tags
 #1: stderr all=off uptime,level,tags

Environment Variables:
JAVA_HOME=C:\Program Files\Java\jdk-11.0.17
CLASSPATH=C:\Users\marko\Desktop\ISS_24\issLab24\bw24\\gradle\wrapper\gradle-wrapper.jar
PATH=C:\Program Files\Java\jdk-11.0.17\bin;C:\Gradle\gradle-8.6\bin;C:\Program Files\Python310\Scripts\;C:\Program Files\Python310\;C:\Program Files\Common Files\Oracle\Java\javapath;C:\Program Files (x86)\Common Files\Oracle\Java\javapath;C:\Program Files (x86)\Razer Chroma SDK\bin;C:\Program Files\Razer Chroma SDK\bin;C:\Program Files (x86)\Razer\ChromaBroadcast\bin;C:\Program Files\Razer\ChromaBroadcast\bin;C:\Program Files (x86)\Intel\Intel(R) Management Engine Components\iCLS\;C:\Program Files\Intel\Intel(R) Management Engine Components\iCLS\;C:\WINDOWS\system32;C:\WINDOWS;C:\WINDOWS\System32\Wbem;C:\WINDOWS\System32\WindowsPowerShell\v1.0\;C:\Program Files (x86)\Intel\Intel(R) Management Engine Components\DAL;C:\Program Files\Intel\Intel(R) Management Engine Components\DAL;C:\Program Files (x86)\Intel\Intel(R) Management Engine Components\IPT;C:\Program Files\Intel\Intel(R) Management Engine Components\IPT;C:\WINDOWS\System32\OpenSSH\;C:\WINDOWS\system32\config\systemprofile\AppData\Local\Microsoft\WindowsApps;C:\WINDOWS\system32;C:\WINDOWS;C:\WINDOWS\System32\Wbem;C:\WINDOWS\System32\WindowsPowerShell\v1.0\;C:\WINDOWS\System32\OpenSSH\;C:\Users\marko\AppData\Roaming\nvm;C:\Program Files\nodejs;C:\Program Files\Git\cmd;C:\Program Files\Git LFS;C:\Users\marko\AppData\Roaming\Python\Python310\Scripts;C:\Program Files\Docker\Docker\resources\bin;C:\Program Files\nodejs\;C:\Program Files\Graphviz\bin;C:\Users\marko\AppData\Local\Programs\Microsoft VS Code\bin;C:\Users\marko\AppData\Local\Microsoft\WindowsApps;C:\Users\marko\Desktop\antlr;C:\Users\marko\AppData\Local\JetBrains\IntelliJ IDEA Community Edition 2022.3.2\bin;C:\Users\marko\AppData\Roaming\npm
USERNAME=marko
OS=Windows_NT
PROCESSOR_IDENTIFIER=Intel64 Family 6 Model 142 Stepping 10, GenuineIntel



---------------  S Y S T E M  ---------------

OS: Windows 10 , 64 bit Build 19041 (10.0.19041.3636)
Hyper-V role detected

CPU:total 8 (initial active 8) (4 cores per cpu, 2 threads per core) family 6 model 142 stepping 10 microcode 0xb4, cmov, cx8, fxsr, mmx, sse, sse2, sse3, ssse3, sse4.1, sse4.2, popcnt, avx, avx2, aes, clmul, erms, 3dnowpref, lzcnt, ht, tsc, tscinvbit, bmi1, bmi2, adx, fma

Memory: 4k page, system-wide physical 8058M (564M free)
TotalPageFile size 8058M (AvailPageFile size 25M)
current process WorkingSet (physical memory assigned to process): 422M, peak: 431M
current process commit charge ("private bytes"): 515M, peak: 533M

vm_info: Java HotSpot(TM) 64-Bit Server VM (11.0.17+10-LTS-269) for windows-amd64 JRE (11.0.17+10-LTS-269), built on Sep 13 2022 19:26:37 by "mach5one" with MS VC++ 15.9 (VS2017)

END.
