#
# There is insufficient memory for the Java Runtime Environment to continue.
# Native memory allocation (malloc) failed to allocate 1064176 bytes for Chunk::new
# Possible reasons:
#   The system is out of physical RAM or swap space
#   The process is running with CompressedOops enabled, and the Java Heap may be blocking the growth of the native heap
# Possible solutions:
#   Reduce memory load on the system
#   Increase physical memory or swap space
#   Check if swap backing store is full
#   Decrease Java heap size (-Xmx/-Xms)
#   Decrease number of Java threads
#   Decrease Java thread stack sizes (-Xss)
#   Set larger code cache with -XX:ReservedCodeCacheSize=
#   JVM is running with Unscaled Compressed Oops mode in which the Java heap is
#     placed in the first 4GB address space. The Java Heap base address is the
#     maximum limit for the native heap growth. Please use -XX:HeapBaseMinAddress
#     to set the Java Heap base and to place the Java Heap above 4GB virtual address.
# This output file may be truncated or incomplete.
#
#  Out of Memory Error (./open/src/hotspot/share/memory/arena.cpp:197), pid=15492, tid=4680
#
# JRE version: Java(TM) SE Runtime Environment 18.9 (11.0.17+10) (build 11.0.17+10-LTS-269)
# Java VM: Java HotSpot(TM) 64-Bit Server VM 18.9 (11.0.17+10-LTS-269, mixed mode, tiered, compressed oops, g1 gc, windows-amd64)
# No core dump will be written. Minidumps are not enabled by default on client versions of Windows
#

---------------  S U M M A R Y ------------

Command Line: --add-opens=java.base/java.util=ALL-UNNAMED --add-opens=java.base/java.lang=ALL-UNNAMED --add-opens=java.base/java.lang.invoke=ALL-UNNAMED --add-opens=java.prefs/java.util.prefs=ALL-UNNAMED --add-opens=java.base/java.nio.charset=ALL-UNNAMED --add-opens=java.base/java.net=ALL-UNNAMED --add-opens=java.base/java.util.concurrent.atomic=ALL-UNNAMED -XX:MaxMetaspaceSize=384m -XX:+HeapDumpOnOutOfMemoryError -Xms256m -Xmx512m -Dfile.encoding=windows-1252 -Duser.country=IT -Duser.language=it -Duser.variant -javaagent:C:\Users\marko\.gradle\wrapper\dists\gradle-8.4-bin\1w5dpkrfk8irigvoxmyhowfim\gradle-8.4\lib\agents\gradle-instrumentation-agent-8.4.jar org.gradle.launcher.daemon.bootstrap.GradleDaemon 8.4

Host: Intel(R) Core(TM) i5-8250U CPU @ 1.60GHz, 8 cores, 7G,  Windows 10 , 64 bit Build 19041 (10.0.19041.3636)
Time: Thu Apr  4 16:14:44 2024 ora legale Europa occidentale elapsed time: 10.137624 seconds (0d 0h 0m 10s)

---------------  T H R E A D  ---------------

Current thread (0x00000242de1ae000):  JavaThread "C2 CompilerThread0" daemon [_thread_in_native, id=4680, stack(0x000000d3e3900000,0x000000d3e3a00000)]


Current CompileTask:
C2:  10137 2880  s!   4       jdk.internal.loader.URLClassPath::getLoader (194 bytes)

Stack: [0x000000d3e3900000,0x000000d3e3a00000]
Native frames: (J=compiled Java code, j=interpreted, Vv=VM code, C=native code)
V  [jvm.dll+0x62b5da]
V  [jvm.dll+0x7653df]
V  [jvm.dll+0x766a89]
V  [jvm.dll+0x767113]
V  [sechost.dll+0x23dd28]
V  [jvm.dll+0xb2a1c]
V  [jvm.dll+0xb2fdc]
V  [jvm.dll+0x341552]
V  [jvm.dll+0x30ef13]
V  [jvm.dll+0x30e25a]
V  [jvm.dll+0x1f8733]
V  [jvm.dll+0x1f78fd]
V  [jvm.dll+0x177c91]
V  [jvm.dll+0x207296]
V  [jvm.dll+0x20542b]
V  [jvm.dll+0x72b2c0]
V  [jvm.dll+0x723e64]
V  [jvm.dll+0x62a485]
C  [ucrtbase.dll+0x21bb2]
C  [KERNEL32.DLL+0x17344]
C  [ntdll.dll+0x526b1]


---------------  P R O C E S S  ---------------

Threads class SMR info:
_java_thread_list=0x00000242dfd38970, length=33, elements={
0x00000242c1251000, 0x00000242dd91c000, 0x00000242dd925000, 0x00000242de19f800,
0x00000242de1a1800, 0x00000242de1a5000, 0x00000242de1ae000, 0x00000242de1bd000,
0x00000242de1b2000, 0x00000242de33c000, 0x00000242e09f0000, 0x00000242de396000,
0x00000242df57e800, 0x00000242e040a800, 0x00000242dfa84000, 0x00000242e0116000,
0x00000242e0bf4800, 0x00000242dfc07800, 0x00000242e0ad7000, 0x00000242de3f7000,
0x00000242de3f9000, 0x00000242de3f6800, 0x00000242de485800, 0x00000242de3fb000,
0x00000242de3f8000, 0x00000242de3fd000, 0x00000242de3f9800, 0x00000242de3fc000,
0x00000242de3fa800, 0x00000242e1fea000, 0x00000242e1fe9000, 0x00000242e1fed000,
0x00000242e23a2000
}

Java Threads: ( => current thread )
  0x00000242c1251000 JavaThread "main" [_thread_blocked, id=6704, stack(0x000000d3e2d00000,0x000000d3e2e00000)]
  0x00000242dd91c000 JavaThread "Reference Handler" daemon [_thread_blocked, id=13980, stack(0x000000d3e3400000,0x000000d3e3500000)]
  0x00000242dd925000 JavaThread "Finalizer" daemon [_thread_blocked, id=13952, stack(0x000000d3e3500000,0x000000d3e3600000)]
  0x00000242de19f800 JavaThread "Signal Dispatcher" daemon [_thread_blocked, id=13368, stack(0x000000d3e3600000,0x000000d3e3700000)]
  0x00000242de1a1800 JavaThread "Attach Listener" daemon [_thread_blocked, id=9244, stack(0x000000d3e3700000,0x000000d3e3800000)]
  0x00000242de1a5000 JavaThread "Service Thread" daemon [_thread_blocked, id=6324, stack(0x000000d3e3800000,0x000000d3e3900000)]
=>0x00000242de1ae000 JavaThread "C2 CompilerThread0" daemon [_thread_in_native, id=4680, stack(0x000000d3e3900000,0x000000d3e3a00000)]
  0x00000242de1bd000 JavaThread "C1 CompilerThread0" daemon [_thread_blocked, id=4564, stack(0x000000d3e3a00000,0x000000d3e3b00000)]
  0x00000242de1b2000 JavaThread "Sweeper thread" daemon [_thread_blocked, id=6412, stack(0x000000d3e3b00000,0x000000d3e3c00000)]
  0x00000242de33c000 JavaThread "Common-Cleaner" daemon [_thread_blocked, id=6168, stack(0x000000d3e3c00000,0x000000d3e3d00000)]
  0x00000242e09f0000 JavaThread "Daemon health stats" [_thread_blocked, id=13868, stack(0x000000d3e4400000,0x000000d3e4500000)]
  0x00000242de396000 JavaThread "Incoming local TCP Connector on port 61347" [_thread_in_native, id=1944, stack(0x000000d3e3d00000,0x000000d3e3e00000)]
  0x00000242df57e800 JavaThread "Daemon periodic checks" [_thread_blocked, id=2388, stack(0x000000d3e4500000,0x000000d3e4600000)]
  0x00000242e040a800 JavaThread "Daemon" [_thread_blocked, id=11740, stack(0x000000d3e4600000,0x000000d3e4700000)]
  0x00000242dfa84000 JavaThread "Handler for socket connection from /127.0.0.1:61347 to /127.0.0.1:61348" [_thread_in_native, id=14800, stack(0x000000d3e4700000,0x000000d3e4800000)]
  0x00000242e0116000 JavaThread "Cancel handler" [_thread_blocked, id=860, stack(0x000000d3e4800000,0x000000d3e4900000)]
  0x00000242e0bf4800 JavaThread "Daemon worker" [_thread_in_vm, id=8240, stack(0x000000d3e4900000,0x000000d3e4a00000)]
  0x00000242dfc07800 JavaThread "Asynchronous log dispatcher for DefaultDaemonConnection: socket connection from /127.0.0.1:61347 to /127.0.0.1:61348" [_thread_blocked, id=14852, stack(0x000000d3e4a00000,0x000000d3e4b00000)]
  0x00000242e0ad7000 JavaThread "Stdin handler" [_thread_blocked, id=3980, stack(0x000000d3e4b00000,0x000000d3e4c00000)]
  0x00000242de3f7000 JavaThread "Daemon client event forwarder" [_thread_blocked, id=16044, stack(0x000000d3e4c00000,0x000000d3e4d00000)]
  0x00000242de3f9000 JavaThread "Cache worker for journal cache (C:\Users\marko\.gradle\caches\journal-1)" [_thread_blocked, id=13964, stack(0x000000d3e5000000,0x000000d3e5100000)]
  0x00000242de3f6800 JavaThread "File lock request listener" [_thread_in_native, id=11784, stack(0x000000d3e5100000,0x000000d3e5200000)]
  0x00000242de485800 JavaThread "C2 CompilerThread1" daemon [_thread_in_native, id=1596, stack(0x000000d3e5200000,0x000000d3e5300000)]
  0x00000242de3fb000 JavaThread "Cache worker for file hash cache (C:\Users\marko\.gradle\caches\8.4\fileHashes)" [_thread_blocked, id=12776, stack(0x000000d3e5300000,0x000000d3e5400000)]
  0x00000242de3f8000 JavaThread "File watcher server" daemon [_thread_in_native, id=696, stack(0x000000d3e5500000,0x000000d3e5600000)]
  0x00000242de3fd000 JavaThread "File watcher consumer" daemon [_thread_blocked, id=15040, stack(0x000000d3e5600000,0x000000d3e5700000)]
  0x00000242de3f9800 JavaThread "Cache worker for checksums cache (C:\Users\marko\Desktop\ISS_24\natali_projects\ping24\.gradle\8.4\checksums)" [_thread_blocked, id=16148, stack(0x000000d3e5400000,0x000000d3e5500000)]
  0x00000242de3fc000 JavaThread "Cache worker for file hash cache (C:\Users\marko\Desktop\ISS_24\natali_projects\ping24\.gradle\8.4\fileHashes)" [_thread_blocked, id=14868, stack(0x000000d3e5700000,0x000000d3e5800000)]
  0x00000242de3fa800 JavaThread "Cache worker for cache directory md-supplier (C:\Users\marko\.gradle\caches\8.4\md-supplier)" [_thread_blocked, id=6748, stack(0x000000d3e5800000,0x000000d3e5900000)]
  0x00000242e1fea000 JavaThread "Cache worker for file content cache (C:\Users\marko\.gradle\caches\8.4\fileContent)" [_thread_blocked, id=5336, stack(0x000000d3e5900000,0x000000d3e5a00000)]
  0x00000242e1fe9000 JavaThread "Cache worker for cache directory md-rule (C:\Users\marko\.gradle\caches\8.4\md-rule)" [_thread_blocked, id=4644, stack(0x000000d3e5a00000,0x000000d3e5b00000)]
  0x00000242e1fed000 JavaThread "Cache worker for execution history cache (C:\Users\marko\.gradle\caches\8.4\executionHistory)" [_thread_blocked, id=8420, stack(0x000000d3e5b00000,0x000000d3e5c00000)]
  0x00000242e23a2000 JavaThread "C2 CompilerThread2" daemon [_thread_in_native, id=8560, stack(0x000000d3e5c00000,0x000000d3e5d00000)]

Other Threads:
  0x00000242dd918800 VMThread "VM Thread" [stack: 0x000000d3e3300000,0x000000d3e3400000] [id=1192]
  0x00000242de522000 WatcherThread [stack: 0x000000d3e3e00000,0x000000d3e3f00000] [id=6620]
  0x00000242c1266000 GCTaskThread "GC Thread#0" [stack: 0x000000d3e2e00000,0x000000d3e2f00000] [id=11720]
  0x00000242df8ac000 GCTaskThread "GC Thread#1" [stack: 0x000000d3e3f00000,0x000000d3e4000000] [id=13272]
  0x00000242df148800 GCTaskThread "GC Thread#2" [stack: 0x000000d3e4000000,0x000000d3e4100000] [id=13544]
  0x00000242df149800 GCTaskThread "GC Thread#3" [stack: 0x000000d3e4100000,0x000000d3e4200000] [id=15528]
  0x00000242df4ee000 GCTaskThread "GC Thread#4" [stack: 0x000000d3e4200000,0x000000d3e4300000] [id=13916]
  0x00000242df4ee800 GCTaskThread "GC Thread#5" [stack: 0x000000d3e4300000,0x000000d3e4400000] [id=14020]
  0x00000242df4bd800 GCTaskThread "GC Thread#6" [stack: 0x000000d3e4d00000,0x000000d3e4e00000] [id=12616]
  0x00000242df4bc000 GCTaskThread "GC Thread#7" [stack: 0x000000d3e4e00000,0x000000d3e4f00000] [id=16232]
  0x00000242c127c000 ConcurrentGCThread "G1 Main Marker" [stack: 0x000000d3e2f00000,0x000000d3e3000000] [id=6740]
  0x00000242c127d800 ConcurrentGCThread "G1 Conc#0" [stack: 0x000000d3e3000000,0x000000d3e3100000] [id=5192]
  0x00000242df46d800 ConcurrentGCThread "G1 Conc#1" [stack: 0x000000d3e4f00000,0x000000d3e5000000] [id=5520]
  0x00000242dd7aa800 ConcurrentGCThread "G1 Refine#0" [stack: 0x000000d3e3100000,0x000000d3e3200000] [id=13284]
  0x00000242dd7ab800 ConcurrentGCThread "G1 Young RemSet Sampling" [stack: 0x000000d3e3200000,0x000000d3e3300000] [id=8752]

Threads with active compile tasks:
C2 CompilerThread0    10184 2880  s!   4       jdk.internal.loader.URLClassPath::getLoader (194 bytes)
C1 CompilerThread0    10184 2978       3       org.codehaus.groovy.util.ManagedReference::<init> (40 bytes)
C2 CompilerThread1    10185 2977       4       java.lang.Class::reflectionData (43 bytes)
C2 CompilerThread2    10185 2901       4       jdk.internal.loader.URLClassPath::getResource (74 bytes)

VM state:not at safepoint (normal execution)

VM Mutex/Monitor currently owned by a thread: None

Heap address: 0x00000000e0000000, size: 512 MB, Compressed Oops mode: 32-bit
Narrow klass base: 0x0000000000000000, Narrow klass shift: 3
Compressed class space size: 394264576 Address: 0x0000000100000000

Heap:
 garbage-first heap   total 262144K, used 26908K [0x00000000e0000000, 0x0000000100000000)
  region size 1024K, 10 young (10240K), 5 survivors (5120K)
 Metaspace       used 34005K, capacity 34921K, committed 35196K, reserved 415744K
  class space    used 4563K, capacity 4929K, committed 5068K, reserved 385024K
Heap Regions: E=young(eden), S=young(survivor), O=old, HS=humongous(starts), HC=humongous(continues), CS=collection set, F=free, A=archive, TAMS=top-at-mark-start (previous, next)
|   0|0x00000000e0000000, 0x00000000e0100000, 0x00000000e0100000|100%|HS|  |TAMS 0x00000000e0100000, 0x00000000e0000000| Complete 
|   1|0x00000000e0100000, 0x00000000e0200000, 0x00000000e0200000|100%|HC|  |TAMS 0x00000000e0200000, 0x00000000e0100000| Complete 
|   2|0x00000000e0200000, 0x00000000e0300000, 0x00000000e0300000|100%|HC|  |TAMS 0x00000000e0300000, 0x00000000e0200000| Complete 
|   3|0x00000000e0300000, 0x00000000e0400000, 0x00000000e0400000|100%|HC|  |TAMS 0x00000000e0400000, 0x00000000e0300000| Complete 
|   4|0x00000000e0400000, 0x00000000e0500000, 0x00000000e0500000|100%| O|  |TAMS 0x00000000e0500000, 0x00000000e0400000| Untracked 
|   5|0x00000000e0500000, 0x00000000e0600000, 0x00000000e0600000|100%| O|  |TAMS 0x00000000e0600000, 0x00000000e0500000| Untracked 
|   6|0x00000000e0600000, 0x00000000e0700000, 0x00000000e0700000|100%| O|  |TAMS 0x00000000e0700000, 0x00000000e0600000| Untracked 
|   7|0x00000000e0700000, 0x00000000e0800000, 0x00000000e0800000|100%| O|  |TAMS 0x00000000e078e200, 0x00000000e0700000| Untracked 
|   8|0x00000000e0800000, 0x00000000e0900000, 0x00000000e0900000|100%| O|  |TAMS 0x00000000e0800000, 0x00000000e0800000| Untracked 
|   9|0x00000000e0900000, 0x00000000e0a00000, 0x00000000e0a00000|100%| O|  |TAMS 0x00000000e0900000, 0x00000000e0900000| Untracked 
|  10|0x00000000e0a00000, 0x00000000e0b00000, 0x00000000e0b00000|100%| O|  |TAMS 0x00000000e0a00000, 0x00000000e0a00000| Untracked 
|  11|0x00000000e0b00000, 0x00000000e0c00000, 0x00000000e0c00000|100%| O|  |TAMS 0x00000000e0b00000, 0x00000000e0b00000| Untracked 
|  12|0x00000000e0c00000, 0x00000000e0d00000, 0x00000000e0d00000|100%| O|  |TAMS 0x00000000e0c00000, 0x00000000e0c00000| Untracked 
|  13|0x00000000e0d00000, 0x00000000e0e00000, 0x00000000e0e00000|100%| O|  |TAMS 0x00000000e0d00000, 0x00000000e0d00000| Untracked 
|  14|0x00000000e0e00000, 0x00000000e0f00000, 0x00000000e0f00000|100%| O|  |TAMS 0x00000000e0e00000, 0x00000000e0e00000| Untracked 
|  15|0x00000000e0f00000, 0x00000000e1000000, 0x00000000e1000000|100%| O|  |TAMS 0x00000000e0f00000, 0x00000000e0f00000| Untracked 
|  16|0x00000000e1000000, 0x00000000e1100000, 0x00000000e1100000|100%| O|  |TAMS 0x00000000e1000000, 0x00000000e1000000| Untracked 
|  17|0x00000000e1100000, 0x00000000e11aee00, 0x00000000e1200000| 68%| O|  |TAMS 0x00000000e1100000, 0x00000000e1100000| Untracked 
|  18|0x00000000e1200000, 0x00000000e1200000, 0x00000000e1300000|  0%| F|  |TAMS 0x00000000e1200000, 0x00000000e1200000| Untracked 
|  19|0x00000000e1300000, 0x00000000e1300000, 0x00000000e1400000|  0%| F|  |TAMS 0x00000000e1300000, 0x00000000e1300000| Untracked 
|  20|0x00000000e1400000, 0x00000000e1400000, 0x00000000e1500000|  0%| F|  |TAMS 0x00000000e1400000, 0x00000000e1400000| Untracked 
|  21|0x00000000e1500000, 0x00000000e1500000, 0x00000000e1600000|  0%| F|  |TAMS 0x00000000e1500000, 0x00000000e1500000| Untracked 
|  22|0x00000000e1600000, 0x00000000e1600000, 0x00000000e1700000|  0%| F|  |TAMS 0x00000000e1600000, 0x00000000e1600000| Untracked 
|  23|0x00000000e1700000, 0x00000000e1700000, 0x00000000e1800000|  0%| F|  |TAMS 0x00000000e1700000, 0x00000000e1700000| Untracked 
|  24|0x00000000e1800000, 0x00000000e1800000, 0x00000000e1900000|  0%| F|  |TAMS 0x00000000e1800000, 0x00000000e1800000| Untracked 
|  25|0x00000000e1900000, 0x00000000e1900000, 0x00000000e1a00000|  0%| F|  |TAMS 0x00000000e1900000, 0x00000000e1900000| Untracked 
|  26|0x00000000e1a00000, 0x00000000e1a00000, 0x00000000e1b00000|  0%| F|  |TAMS 0x00000000e1a00000, 0x00000000e1a00000| Untracked 
|  27|0x00000000e1b00000, 0x00000000e1b00000, 0x00000000e1c00000|  0%| F|  |TAMS 0x00000000e1b00000, 0x00000000e1b00000| Untracked 
|  28|0x00000000e1c00000, 0x00000000e1c00000, 0x00000000e1d00000|  0%| F|  |TAMS 0x00000000e1c00000, 0x00000000e1c00000| Untracked 
|  29|0x00000000e1d00000, 0x00000000e1d00000, 0x00000000e1e00000|  0%| F|  |TAMS 0x00000000e1d00000, 0x00000000e1d00000| Untracked 
|  30|0x00000000e1e00000, 0x00000000e1e00000, 0x00000000e1f00000|  0%| F|  |TAMS 0x00000000e1e00000, 0x00000000e1e00000| Untracked 
|  31|0x00000000e1f00000, 0x00000000e1f00000, 0x00000000e2000000|  0%| F|  |TAMS 0x00000000e1f00000, 0x00000000e1f00000| Untracked 
|  32|0x00000000e2000000, 0x00000000e2000000, 0x00000000e2100000|  0%| F|  |TAMS 0x00000000e2000000, 0x00000000e2000000| Untracked 
|  33|0x00000000e2100000, 0x00000000e2100000, 0x00000000e2200000|  0%| F|  |TAMS 0x00000000e2100000, 0x00000000e2100000| Untracked 
|  34|0x00000000e2200000, 0x00000000e2200000, 0x00000000e2300000|  0%| F|  |TAMS 0x00000000e2200000, 0x00000000e2200000| Untracked 
|  35|0x00000000e2300000, 0x00000000e2300000, 0x00000000e2400000|  0%| F|  |TAMS 0x00000000e2300000, 0x00000000e2300000| Untracked 
|  36|0x00000000e2400000, 0x00000000e2400000, 0x00000000e2500000|  0%| F|  |TAMS 0x00000000e2400000, 0x00000000e2400000| Untracked 
|  37|0x00000000e2500000, 0x00000000e2500000, 0x00000000e2600000|  0%| F|  |TAMS 0x00000000e2500000, 0x00000000e2500000| Untracked 
|  38|0x00000000e2600000, 0x00000000e2600000, 0x00000000e2700000|  0%| F|  |TAMS 0x00000000e2600000, 0x00000000e2600000| Untracked 
|  39|0x00000000e2700000, 0x00000000e2700000, 0x00000000e2800000|  0%| F|  |TAMS 0x00000000e2700000, 0x00000000e2700000| Untracked 
|  40|0x00000000e2800000, 0x00000000e2800000, 0x00000000e2900000|  0%| F|  |TAMS 0x00000000e2800000, 0x00000000e2800000| Untracked 
|  41|0x00000000e2900000, 0x00000000e2900000, 0x00000000e2a00000|  0%| F|  |TAMS 0x00000000e2900000, 0x00000000e2900000| Untracked 
|  42|0x00000000e2a00000, 0x00000000e2a00000, 0x00000000e2b00000|  0%| F|  |TAMS 0x00000000e2a00000, 0x00000000e2a00000| Untracked 
|  43|0x00000000e2b00000, 0x00000000e2b00000, 0x00000000e2c00000|  0%| F|  |TAMS 0x00000000e2b00000, 0x00000000e2b00000| Untracked 
|  44|0x00000000e2c00000, 0x00000000e2c00000, 0x00000000e2d00000|  0%| F|  |TAMS 0x00000000e2c00000, 0x00000000e2c00000| Untracked 
|  45|0x00000000e2d00000, 0x00000000e2d00000, 0x00000000e2e00000|  0%| F|  |TAMS 0x00000000e2d00000, 0x00000000e2d00000| Untracked 
|  46|0x00000000e2e00000, 0x00000000e2e00000, 0x00000000e2f00000|  0%| F|  |TAMS 0x00000000e2e00000, 0x00000000e2e00000| Untracked 
|  47|0x00000000e2f00000, 0x00000000e2f00000, 0x00000000e3000000|  0%| F|  |TAMS 0x00000000e2f00000, 0x00000000e2f00000| Untracked 
|  48|0x00000000e3000000, 0x00000000e3000000, 0x00000000e3100000|  0%| F|  |TAMS 0x00000000e3000000, 0x00000000e3000000| Untracked 
|  49|0x00000000e3100000, 0x00000000e3100000, 0x00000000e3200000|  0%| F|  |TAMS 0x00000000e3100000, 0x00000000e3100000| Untracked 
|  50|0x00000000e3200000, 0x00000000e3200000, 0x00000000e3300000|  0%| F|  |TAMS 0x00000000e3200000, 0x00000000e3200000| Untracked 
|  51|0x00000000e3300000, 0x00000000e3300000, 0x00000000e3400000|  0%| F|  |TAMS 0x00000000e3300000, 0x00000000e3300000| Untracked 
|  52|0x00000000e3400000, 0x00000000e3400000, 0x00000000e3500000|  0%| F|  |TAMS 0x00000000e3400000, 0x00000000e3400000| Untracked 
|  53|0x00000000e3500000, 0x00000000e3500000, 0x00000000e3600000|  0%| F|  |TAMS 0x00000000e3500000, 0x00000000e3500000| Untracked 
|  54|0x00000000e3600000, 0x00000000e3600000, 0x00000000e3700000|  0%| F|  |TAMS 0x00000000e3600000, 0x00000000e3600000| Untracked 
|  55|0x00000000e3700000, 0x00000000e3700000, 0x00000000e3800000|  0%| F|  |TAMS 0x00000000e3700000, 0x00000000e3700000| Untracked 
|  56|0x00000000e3800000, 0x00000000e3800000, 0x00000000e3900000|  0%| F|  |TAMS 0x00000000e3800000, 0x00000000e3800000| Untracked 
|  57|0x00000000e3900000, 0x00000000e3900000, 0x00000000e3a00000|  0%| F|  |TAMS 0x00000000e3900000, 0x00000000e3900000| Untracked 
|  58|0x00000000e3a00000, 0x00000000e3a00000, 0x00000000e3b00000|  0%| F|  |TAMS 0x00000000e3a00000, 0x00000000e3a00000| Untracked 
|  59|0x00000000e3b00000, 0x00000000e3b00000, 0x00000000e3c00000|  0%| F|  |TAMS 0x00000000e3b00000, 0x00000000e3b00000| Untracked 
|  60|0x00000000e3c00000, 0x00000000e3c00000, 0x00000000e3d00000|  0%| F|  |TAMS 0x00000000e3c00000, 0x00000000e3c00000| Untracked 
|  61|0x00000000e3d00000, 0x00000000e3d00000, 0x00000000e3e00000|  0%| F|  |TAMS 0x00000000e3d00000, 0x00000000e3d00000| Untracked 
|  62|0x00000000e3e00000, 0x00000000e3e00000, 0x00000000e3f00000|  0%| F|  |TAMS 0x00000000e3e00000, 0x00000000e3e00000| Untracked 
|  63|0x00000000e3f00000, 0x00000000e3f00000, 0x00000000e4000000|  0%| F|  |TAMS 0x00000000e3f00000, 0x00000000e3f00000| Untracked 
|  64|0x00000000e4000000, 0x00000000e4000000, 0x00000000e4100000|  0%| F|  |TAMS 0x00000000e4000000, 0x00000000e4000000| Untracked 
|  65|0x00000000e4100000, 0x00000000e4100000, 0x00000000e4200000|  0%| F|  |TAMS 0x00000000e4100000, 0x00000000e4100000| Untracked 
|  66|0x00000000e4200000, 0x00000000e4200000, 0x00000000e4300000|  0%| F|  |TAMS 0x00000000e4200000, 0x00000000e4200000| Untracked 
|  67|0x00000000e4300000, 0x00000000e4300000, 0x00000000e4400000|  0%| F|  |TAMS 0x00000000e4300000, 0x00000000e4300000| Untracked 
|  68|0x00000000e4400000, 0x00000000e4400000, 0x00000000e4500000|  0%| F|  |TAMS 0x00000000e4400000, 0x00000000e4400000| Untracked 
|  69|0x00000000e4500000, 0x00000000e4500000, 0x00000000e4600000|  0%| F|  |TAMS 0x00000000e4500000, 0x00000000e4500000| Untracked 
|  70|0x00000000e4600000, 0x00000000e4600000, 0x00000000e4700000|  0%| F|  |TAMS 0x00000000e4600000, 0x00000000e4600000| Untracked 
|  71|0x00000000e4700000, 0x00000000e4700000, 0x00000000e4800000|  0%| F|  |TAMS 0x00000000e4700000, 0x00000000e4700000| Untracked 
|  72|0x00000000e4800000, 0x00000000e4800000, 0x00000000e4900000|  0%| F|  |TAMS 0x00000000e4800000, 0x00000000e4800000| Untracked 
|  73|0x00000000e4900000, 0x00000000e4900000, 0x00000000e4a00000|  0%| F|  |TAMS 0x00000000e4900000, 0x00000000e4900000| Untracked 
|  74|0x00000000e4a00000, 0x00000000e4a00000, 0x00000000e4b00000|  0%| F|  |TAMS 0x00000000e4a00000, 0x00000000e4a00000| Untracked 
|  75|0x00000000e4b00000, 0x00000000e4b00000, 0x00000000e4c00000|  0%| F|  |TAMS 0x00000000e4b00000, 0x00000000e4b00000| Untracked 
|  76|0x00000000e4c00000, 0x00000000e4c00000, 0x00000000e4d00000|  0%| F|  |TAMS 0x00000000e4c00000, 0x00000000e4c00000| Untracked 
|  77|0x00000000e4d00000, 0x00000000e4d00000, 0x00000000e4e00000|  0%| F|  |TAMS 0x00000000e4d00000, 0x00000000e4d00000| Untracked 
|  78|0x00000000e4e00000, 0x00000000e4e00000, 0x00000000e4f00000|  0%| F|  |TAMS 0x00000000e4e00000, 0x00000000e4e00000| Untracked 
|  79|0x00000000e4f00000, 0x00000000e4f00000, 0x00000000e5000000|  0%| F|  |TAMS 0x00000000e4f00000, 0x00000000e4f00000| Untracked 
|  80|0x00000000e5000000, 0x00000000e5000000, 0x00000000e5100000|  0%| F|  |TAMS 0x00000000e5000000, 0x00000000e5000000| Untracked 
|  81|0x00000000e5100000, 0x00000000e5100000, 0x00000000e5200000|  0%| F|  |TAMS 0x00000000e5100000, 0x00000000e5100000| Untracked 
|  82|0x00000000e5200000, 0x00000000e5200000, 0x00000000e5300000|  0%| F|  |TAMS 0x00000000e5200000, 0x00000000e5200000| Untracked 
|  83|0x00000000e5300000, 0x00000000e5300000, 0x00000000e5400000|  0%| F|  |TAMS 0x00000000e5300000, 0x00000000e5300000| Untracked 
|  84|0x00000000e5400000, 0x00000000e5400000, 0x00000000e5500000|  0%| F|  |TAMS 0x00000000e5400000, 0x00000000e5400000| Untracked 
|  85|0x00000000e5500000, 0x00000000e5500000, 0x00000000e5600000|  0%| F|  |TAMS 0x00000000e5500000, 0x00000000e5500000| Untracked 
|  86|0x00000000e5600000, 0x00000000e5600000, 0x00000000e5700000|  0%| F|  |TAMS 0x00000000e5600000, 0x00000000e5600000| Untracked 
|  87|0x00000000e5700000, 0x00000000e5700000, 0x00000000e5800000|  0%| F|  |TAMS 0x00000000e5700000, 0x00000000e5700000| Untracked 
|  88|0x00000000e5800000, 0x00000000e5800000, 0x00000000e5900000|  0%| F|  |TAMS 0x00000000e5800000, 0x00000000e5800000| Untracked 
|  89|0x00000000e5900000, 0x00000000e5900000, 0x00000000e5a00000|  0%| F|  |TAMS 0x00000000e5900000, 0x00000000e5900000| Untracked 
|  90|0x00000000e5a00000, 0x00000000e5a00000, 0x00000000e5b00000|  0%| F|  |TAMS 0x00000000e5a00000, 0x00000000e5a00000| Untracked 
|  91|0x00000000e5b00000, 0x00000000e5b00000, 0x00000000e5c00000|  0%| F|  |TAMS 0x00000000e5b00000, 0x00000000e5b00000| Untracked 
|  92|0x00000000e5c00000, 0x00000000e5c00000, 0x00000000e5d00000|  0%| F|  |TAMS 0x00000000e5c00000, 0x00000000e5c00000| Untracked 
|  93|0x00000000e5d00000, 0x00000000e5d00000, 0x00000000e5e00000|  0%| F|  |TAMS 0x00000000e5d00000, 0x00000000e5d00000| Untracked 
|  94|0x00000000e5e00000, 0x00000000e5e00000, 0x00000000e5f00000|  0%| F|  |TAMS 0x00000000e5e00000, 0x00000000e5e00000| Untracked 
|  95|0x00000000e5f00000, 0x00000000e5f00000, 0x00000000e6000000|  0%| F|  |TAMS 0x00000000e5f00000, 0x00000000e5f00000| Untracked 
|  96|0x00000000e6000000, 0x00000000e6000000, 0x00000000e6100000|  0%| F|  |TAMS 0x00000000e6000000, 0x00000000e6000000| Untracked 
|  97|0x00000000e6100000, 0x00000000e6100000, 0x00000000e6200000|  0%| F|  |TAMS 0x00000000e6100000, 0x00000000e6100000| Untracked 
|  98|0x00000000e6200000, 0x00000000e6200000, 0x00000000e6300000|  0%| F|  |TAMS 0x00000000e6200000, 0x00000000e6200000| Untracked 
|  99|0x00000000e6300000, 0x00000000e6300000, 0x00000000e6400000|  0%| F|  |TAMS 0x00000000e6300000, 0x00000000e6300000| Untracked 
| 100|0x00000000e6400000, 0x00000000e6400000, 0x00000000e6500000|  0%| F|  |TAMS 0x00000000e6400000, 0x00000000e6400000| Untracked 
| 101|0x00000000e6500000, 0x00000000e6500000, 0x00000000e6600000|  0%| F|  |TAMS 0x00000000e6500000, 0x00000000e6500000| Untracked 
| 102|0x00000000e6600000, 0x00000000e6600000, 0x00000000e6700000|  0%| F|  |TAMS 0x00000000e6600000, 0x00000000e6600000| Untracked 
| 103|0x00000000e6700000, 0x00000000e6700000, 0x00000000e6800000|  0%| F|  |TAMS 0x00000000e6700000, 0x00000000e6700000| Untracked 
| 104|0x00000000e6800000, 0x00000000e6800000, 0x00000000e6900000|  0%| F|  |TAMS 0x00000000e6800000, 0x00000000e6800000| Untracked 
| 105|0x00000000e6900000, 0x00000000e6900000, 0x00000000e6a00000|  0%| F|  |TAMS 0x00000000e6900000, 0x00000000e6900000| Untracked 
| 106|0x00000000e6a00000, 0x00000000e6a00000, 0x00000000e6b00000|  0%| F|  |TAMS 0x00000000e6a00000, 0x00000000e6a00000| Untracked 
| 107|0x00000000e6b00000, 0x00000000e6b00000, 0x00000000e6c00000|  0%| F|  |TAMS 0x00000000e6b00000, 0x00000000e6b00000| Untracked 
| 108|0x00000000e6c00000, 0x00000000e6c00000, 0x00000000e6d00000|  0%| F|  |TAMS 0x00000000e6c00000, 0x00000000e6c00000| Untracked 
| 109|0x00000000e6d00000, 0x00000000e6d00000, 0x00000000e6e00000|  0%| F|  |TAMS 0x00000000e6d00000, 0x00000000e6d00000| Untracked 
| 110|0x00000000e6e00000, 0x00000000e6e00000, 0x00000000e6f00000|  0%| F|  |TAMS 0x00000000e6e00000, 0x00000000e6e00000| Untracked 
| 111|0x00000000e6f00000, 0x00000000e6f00000, 0x00000000e7000000|  0%| F|  |TAMS 0x00000000e6f00000, 0x00000000e6f00000| Untracked 
| 112|0x00000000e7000000, 0x00000000e7000000, 0x00000000e7100000|  0%| F|  |TAMS 0x00000000e7000000, 0x00000000e7000000| Untracked 
| 113|0x00000000e7100000, 0x00000000e7100000, 0x00000000e7200000|  0%| F|  |TAMS 0x00000000e7100000, 0x00000000e7100000| Untracked 
| 114|0x00000000e7200000, 0x00000000e7200000, 0x00000000e7300000|  0%| F|  |TAMS 0x00000000e7200000, 0x00000000e7200000| Untracked 
| 115|0x00000000e7300000, 0x00000000e7300000, 0x00000000e7400000|  0%| F|  |TAMS 0x00000000e7300000, 0x00000000e7300000| Untracked 
| 116|0x00000000e7400000, 0x00000000e7400000, 0x00000000e7500000|  0%| F|  |TAMS 0x00000000e7400000, 0x00000000e7400000| Untracked 
| 117|0x00000000e7500000, 0x00000000e7500000, 0x00000000e7600000|  0%| F|  |TAMS 0x00000000e7500000, 0x00000000e7500000| Untracked 
| 118|0x00000000e7600000, 0x00000000e7600000, 0x00000000e7700000|  0%| F|  |TAMS 0x00000000e7600000, 0x00000000e7600000| Untracked 
| 119|0x00000000e7700000, 0x00000000e7700000, 0x00000000e7800000|  0%| F|  |TAMS 0x00000000e7700000, 0x00000000e7700000| Untracked 
| 120|0x00000000e7800000, 0x00000000e7800000, 0x00000000e7900000|  0%| F|  |TAMS 0x00000000e7800000, 0x00000000e7800000| Untracked 
| 121|0x00000000e7900000, 0x00000000e7900000, 0x00000000e7a00000|  0%| F|  |TAMS 0x00000000e7900000, 0x00000000e7900000| Untracked 
| 122|0x00000000e7a00000, 0x00000000e7a00000, 0x00000000e7b00000|  0%| F|  |TAMS 0x00000000e7a00000, 0x00000000e7a00000| Untracked 
| 123|0x00000000e7b00000, 0x00000000e7b00000, 0x00000000e7c00000|  0%| F|  |TAMS 0x00000000e7b00000, 0x00000000e7b00000| Untracked 
| 124|0x00000000e7c00000, 0x00000000e7c00000, 0x00000000e7d00000|  0%| F|  |TAMS 0x00000000e7c00000, 0x00000000e7c00000| Untracked 
| 125|0x00000000e7d00000, 0x00000000e7d00000, 0x00000000e7e00000|  0%| F|  |TAMS 0x00000000e7d00000, 0x00000000e7d00000| Untracked 
| 126|0x00000000e7e00000, 0x00000000e7e00000, 0x00000000e7f00000|  0%| F|  |TAMS 0x00000000e7e00000, 0x00000000e7e00000| Untracked 
| 127|0x00000000e7f00000, 0x00000000e7f00000, 0x00000000e8000000|  0%| F|  |TAMS 0x00000000e7f00000, 0x00000000e7f00000| Untracked 
| 128|0x00000000e8000000, 0x00000000e8000000, 0x00000000e8100000|  0%| F|  |TAMS 0x00000000e8000000, 0x00000000e8000000| Untracked 
| 129|0x00000000e8100000, 0x00000000e8100000, 0x00000000e8200000|  0%| F|  |TAMS 0x00000000e8100000, 0x00000000e8100000| Untracked 
| 130|0x00000000e8200000, 0x00000000e8200000, 0x00000000e8300000|  0%| F|  |TAMS 0x00000000e8200000, 0x00000000e8200000| Untracked 
| 131|0x00000000e8300000, 0x00000000e8300000, 0x00000000e8400000|  0%| F|  |TAMS 0x00000000e8300000, 0x00000000e8300000| Untracked 
| 132|0x00000000e8400000, 0x00000000e8400000, 0x00000000e8500000|  0%| F|  |TAMS 0x00000000e8400000, 0x00000000e8400000| Untracked 
| 133|0x00000000e8500000, 0x00000000e8500000, 0x00000000e8600000|  0%| F|  |TAMS 0x00000000e8500000, 0x00000000e8500000| Untracked 
| 134|0x00000000e8600000, 0x00000000e8600000, 0x00000000e8700000|  0%| F|  |TAMS 0x00000000e8600000, 0x00000000e8600000| Untracked 
| 135|0x00000000e8700000, 0x00000000e8700000, 0x00000000e8800000|  0%| F|  |TAMS 0x00000000e8700000, 0x00000000e8700000| Untracked 
| 136|0x00000000e8800000, 0x00000000e8800000, 0x00000000e8900000|  0%| F|  |TAMS 0x00000000e8800000, 0x00000000e8800000| Untracked 
| 137|0x00000000e8900000, 0x00000000e8900000, 0x00000000e8a00000|  0%| F|  |TAMS 0x00000000e8900000, 0x00000000e8900000| Untracked 
| 138|0x00000000e8a00000, 0x00000000e8a00000, 0x00000000e8b00000|  0%| F|  |TAMS 0x00000000e8a00000, 0x00000000e8a00000| Untracked 
| 139|0x00000000e8b00000, 0x00000000e8b00000, 0x00000000e8c00000|  0%| F|  |TAMS 0x00000000e8b00000, 0x00000000e8b00000| Untracked 
| 140|0x00000000e8c00000, 0x00000000e8c00000, 0x00000000e8d00000|  0%| F|  |TAMS 0x00000000e8c00000, 0x00000000e8c00000| Untracked 
| 141|0x00000000e8d00000, 0x00000000e8d00000, 0x00000000e8e00000|  0%| F|  |TAMS 0x00000000e8d00000, 0x00000000e8d00000| Untracked 
| 142|0x00000000e8e00000, 0x00000000e8e00000, 0x00000000e8f00000|  0%| F|  |TAMS 0x00000000e8e00000, 0x00000000e8e00000| Untracked 
| 143|0x00000000e8f00000, 0x00000000e8f00000, 0x00000000e9000000|  0%| F|  |TAMS 0x00000000e8f00000, 0x00000000e8f00000| Untracked 
| 144|0x00000000e9000000, 0x00000000e9000000, 0x00000000e9100000|  0%| F|  |TAMS 0x00000000e9000000, 0x00000000e9000000| Untracked 
| 145|0x00000000e9100000, 0x00000000e91983c8, 0x00000000e9200000| 59%| S|CS|TAMS 0x00000000e9100000, 0x00000000e9100000| Complete 
| 146|0x00000000e9200000, 0x00000000e9300000, 0x00000000e9300000|100%| S|CS|TAMS 0x00000000e9200000, 0x00000000e9200000| Complete 
| 147|0x00000000e9300000, 0x00000000e9400000, 0x00000000e9400000|100%| S|CS|TAMS 0x00000000e9300000, 0x00000000e9300000| Complete 
| 148|0x00000000e9400000, 0x00000000e9500000, 0x00000000e9500000|100%| S|CS|TAMS 0x00000000e9400000, 0x00000000e9400000| Complete 
| 149|0x00000000e9500000, 0x00000000e9600000, 0x00000000e9600000|100%| S|CS|TAMS 0x00000000e9500000, 0x00000000e9500000| Complete 
| 150|0x00000000e9600000, 0x00000000e9600000, 0x00000000e9700000|  0%| F|  |TAMS 0x00000000e9600000, 0x00000000e9600000| Untracked 
| 151|0x00000000e9700000, 0x00000000e9700000, 0x00000000e9800000|  0%| F|  |TAMS 0x00000000e9700000, 0x00000000e9700000| Untracked 
| 152|0x00000000e9800000, 0x00000000e9800000, 0x00000000e9900000|  0%| F|  |TAMS 0x00000000e9800000, 0x00000000e9800000| Untracked 
| 153|0x00000000e9900000, 0x00000000e9900000, 0x00000000e9a00000|  0%| F|  |TAMS 0x00000000e9900000, 0x00000000e9900000| Untracked 
| 154|0x00000000e9a00000, 0x00000000e9a00000, 0x00000000e9b00000|  0%| F|  |TAMS 0x00000000e9a00000, 0x00000000e9a00000| Untracked 
| 155|0x00000000e9b00000, 0x00000000e9b00000, 0x00000000e9c00000|  0%| F|  |TAMS 0x00000000e9b00000, 0x00000000e9b00000| Untracked 
| 156|0x00000000e9c00000, 0x00000000e9c00000, 0x00000000e9d00000|  0%| F|  |TAMS 0x00000000e9c00000, 0x00000000e9c00000| Untracked 
| 157|0x00000000e9d00000, 0x00000000e9d00000, 0x00000000e9e00000|  0%| F|  |TAMS 0x00000000e9d00000, 0x00000000e9d00000| Untracked 
| 158|0x00000000e9e00000, 0x00000000e9e00000, 0x00000000e9f00000|  0%| F|  |TAMS 0x00000000e9e00000, 0x00000000e9e00000| Untracked 
| 159|0x00000000e9f00000, 0x00000000e9f00000, 0x00000000ea000000|  0%| F|  |TAMS 0x00000000e9f00000, 0x00000000e9f00000| Untracked 
| 160|0x00000000ea000000, 0x00000000ea000000, 0x00000000ea100000|  0%| F|  |TAMS 0x00000000ea000000, 0x00000000ea000000| Untracked 
| 161|0x00000000ea100000, 0x00000000ea100000, 0x00000000ea200000|  0%| F|  |TAMS 0x00000000ea100000, 0x00000000ea100000| Untracked 
| 162|0x00000000ea200000, 0x00000000ea200000, 0x00000000ea300000|  0%| F|  |TAMS 0x00000000ea200000, 0x00000000ea200000| Untracked 
| 163|0x00000000ea300000, 0x00000000ea300000, 0x00000000ea400000|  0%| F|  |TAMS 0x00000000ea300000, 0x00000000ea300000| Untracked 
| 164|0x00000000ea400000, 0x00000000ea400000, 0x00000000ea500000|  0%| F|  |TAMS 0x00000000ea400000, 0x00000000ea400000| Untracked 
| 165|0x00000000ea500000, 0x00000000ea500000, 0x00000000ea600000|  0%| F|  |TAMS 0x00000000ea500000, 0x00000000ea500000| Untracked 
| 166|0x00000000ea600000, 0x00000000ea600000, 0x00000000ea700000|  0%| F|  |TAMS 0x00000000ea600000, 0x00000000ea600000| Untracked 
| 167|0x00000000ea700000, 0x00000000ea700000, 0x00000000ea800000|  0%| F|  |TAMS 0x00000000ea700000, 0x00000000ea700000| Untracked 
| 168|0x00000000ea800000, 0x00000000ea800000, 0x00000000ea900000|  0%| F|  |TAMS 0x00000000ea800000, 0x00000000ea800000| Untracked 
| 169|0x00000000ea900000, 0x00000000ea900000, 0x00000000eaa00000|  0%| F|  |TAMS 0x00000000ea900000, 0x00000000ea900000| Untracked 
| 170|0x00000000eaa00000, 0x00000000eaa00000, 0x00000000eab00000|  0%| F|  |TAMS 0x00000000eaa00000, 0x00000000eaa00000| Untracked 
| 171|0x00000000eab00000, 0x00000000eab00000, 0x00000000eac00000|  0%| F|  |TAMS 0x00000000eab00000, 0x00000000eab00000| Untracked 
| 172|0x00000000eac00000, 0x00000000eac00000, 0x00000000ead00000|  0%| F|  |TAMS 0x00000000eac00000, 0x00000000eac00000| Untracked 
| 173|0x00000000ead00000, 0x00000000ead00000, 0x00000000eae00000|  0%| F|  |TAMS 0x00000000ead00000, 0x00000000ead00000| Untracked 
| 174|0x00000000eae00000, 0x00000000eae00000, 0x00000000eaf00000|  0%| F|  |TAMS 0x00000000eae00000, 0x00000000eae00000| Untracked 
| 175|0x00000000eaf00000, 0x00000000eaf00000, 0x00000000eb000000|  0%| F|  |TAMS 0x00000000eaf00000, 0x00000000eaf00000| Untracked 
| 176|0x00000000eb000000, 0x00000000eb000000, 0x00000000eb100000|  0%| F|  |TAMS 0x00000000eb000000, 0x00000000eb000000| Untracked 
| 177|0x00000000eb100000, 0x00000000eb100000, 0x00000000eb200000|  0%| F|  |TAMS 0x00000000eb100000, 0x00000000eb100000| Untracked 
| 178|0x00000000eb200000, 0x00000000eb200000, 0x00000000eb300000|  0%| F|  |TAMS 0x00000000eb200000, 0x00000000eb200000| Untracked 
| 179|0x00000000eb300000, 0x00000000eb300000, 0x00000000eb400000|  0%| F|  |TAMS 0x00000000eb300000, 0x00000000eb300000| Untracked 
| 180|0x00000000eb400000, 0x00000000eb400000, 0x00000000eb500000|  0%| F|  |TAMS 0x00000000eb400000, 0x00000000eb400000| Untracked 
| 181|0x00000000eb500000, 0x00000000eb500000, 0x00000000eb600000|  0%| F|  |TAMS 0x00000000eb500000, 0x00000000eb500000| Untracked 
| 182|0x00000000eb600000, 0x00000000eb600000, 0x00000000eb700000|  0%| F|  |TAMS 0x00000000eb600000, 0x00000000eb600000| Untracked 
| 183|0x00000000eb700000, 0x00000000eb700000, 0x00000000eb800000|  0%| F|  |TAMS 0x00000000eb700000, 0x00000000eb700000| Untracked 
| 184|0x00000000eb800000, 0x00000000eb800000, 0x00000000eb900000|  0%| F|  |TAMS 0x00000000eb800000, 0x00000000eb800000| Untracked 
| 185|0x00000000eb900000, 0x00000000eb900000, 0x00000000eba00000|  0%| F|  |TAMS 0x00000000eb900000, 0x00000000eb900000| Untracked 
| 186|0x00000000eba00000, 0x00000000eba00000, 0x00000000ebb00000|  0%| F|  |TAMS 0x00000000eba00000, 0x00000000eba00000| Untracked 
| 187|0x00000000ebb00000, 0x00000000ebb00000, 0x00000000ebc00000|  0%| F|  |TAMS 0x00000000ebb00000, 0x00000000ebb00000| Untracked 
| 188|0x00000000ebc00000, 0x00000000ebc00000, 0x00000000ebd00000|  0%| F|  |TAMS 0x00000000ebc00000, 0x00000000ebc00000| Untracked 
| 189|0x00000000ebd00000, 0x00000000ebd00000, 0x00000000ebe00000|  0%| F|  |TAMS 0x00000000ebd00000, 0x00000000ebd00000| Untracked 
| 190|0x00000000ebe00000, 0x00000000ebe00000, 0x00000000ebf00000|  0%| F|  |TAMS 0x00000000ebe00000, 0x00000000ebe00000| Untracked 
| 191|0x00000000ebf00000, 0x00000000ebf00000, 0x00000000ec000000|  0%| F|  |TAMS 0x00000000ebf00000, 0x00000000ebf00000| Untracked 
| 192|0x00000000ec000000, 0x00000000ec000000, 0x00000000ec100000|  0%| F|  |TAMS 0x00000000ec000000, 0x00000000ec000000| Untracked 
| 193|0x00000000ec100000, 0x00000000ec100000, 0x00000000ec200000|  0%| F|  |TAMS 0x00000000ec100000, 0x00000000ec100000| Untracked 
| 194|0x00000000ec200000, 0x00000000ec200000, 0x00000000ec300000|  0%| F|  |TAMS 0x00000000ec200000, 0x00000000ec200000| Untracked 
| 195|0x00000000ec300000, 0x00000000ec300000, 0x00000000ec400000|  0%| F|  |TAMS 0x00000000ec300000, 0x00000000ec300000| Untracked 
| 196|0x00000000ec400000, 0x00000000ec400000, 0x00000000ec500000|  0%| F|  |TAMS 0x00000000ec400000, 0x00000000ec400000| Untracked 
| 197|0x00000000ec500000, 0x00000000ec500000, 0x00000000ec600000|  0%| F|  |TAMS 0x00000000ec500000, 0x00000000ec500000| Untracked 
| 198|0x00000000ec600000, 0x00000000ec600000, 0x00000000ec700000|  0%| F|  |TAMS 0x00000000ec600000, 0x00000000ec600000| Untracked 
| 199|0x00000000ec700000, 0x00000000ec700000, 0x00000000ec800000|  0%| F|  |TAMS 0x00000000ec700000, 0x00000000ec700000| Untracked 
| 200|0x00000000ec800000, 0x00000000ec800000, 0x00000000ec900000|  0%| F|  |TAMS 0x00000000ec800000, 0x00000000ec800000| Untracked 
| 201|0x00000000ec900000, 0x00000000ec900000, 0x00000000eca00000|  0%| F|  |TAMS 0x00000000ec900000, 0x00000000ec900000| Untracked 
| 202|0x00000000eca00000, 0x00000000eca00000, 0x00000000ecb00000|  0%| F|  |TAMS 0x00000000eca00000, 0x00000000eca00000| Untracked 
| 203|0x00000000ecb00000, 0x00000000ecb00000, 0x00000000ecc00000|  0%| F|  |TAMS 0x00000000ecb00000, 0x00000000ecb00000| Untracked 
| 204|0x00000000ecc00000, 0x00000000ecc00000, 0x00000000ecd00000|  0%| F|  |TAMS 0x00000000ecc00000, 0x00000000ecc00000| Untracked 
| 205|0x00000000ecd00000, 0x00000000ecd00000, 0x00000000ece00000|  0%| F|  |TAMS 0x00000000ecd00000, 0x00000000ecd00000| Untracked 
| 206|0x00000000ece00000, 0x00000000ece00000, 0x00000000ecf00000|  0%| F|  |TAMS 0x00000000ece00000, 0x00000000ece00000| Untracked 
| 207|0x00000000ecf00000, 0x00000000ecf00000, 0x00000000ed000000|  0%| F|  |TAMS 0x00000000ecf00000, 0x00000000ecf00000| Untracked 
| 208|0x00000000ed000000, 0x00000000ed000000, 0x00000000ed100000|  0%| F|  |TAMS 0x00000000ed000000, 0x00000000ed000000| Untracked 
| 209|0x00000000ed100000, 0x00000000ed100000, 0x00000000ed200000|  0%| F|  |TAMS 0x00000000ed100000, 0x00000000ed100000| Untracked 
| 210|0x00000000ed200000, 0x00000000ed200000, 0x00000000ed300000|  0%| F|  |TAMS 0x00000000ed200000, 0x00000000ed200000| Untracked 
| 211|0x00000000ed300000, 0x00000000ed300000, 0x00000000ed400000|  0%| F|  |TAMS 0x00000000ed300000, 0x00000000ed300000| Untracked 
| 212|0x00000000ed400000, 0x00000000ed400000, 0x00000000ed500000|  0%| F|  |TAMS 0x00000000ed400000, 0x00000000ed400000| Untracked 
| 213|0x00000000ed500000, 0x00000000ed500000, 0x00000000ed600000|  0%| F|  |TAMS 0x00000000ed500000, 0x00000000ed500000| Untracked 
| 214|0x00000000ed600000, 0x00000000ed600000, 0x00000000ed700000|  0%| F|  |TAMS 0x00000000ed600000, 0x00000000ed600000| Untracked 
| 215|0x00000000ed700000, 0x00000000ed700000, 0x00000000ed800000|  0%| F|  |TAMS 0x00000000ed700000, 0x00000000ed700000| Untracked 
| 216|0x00000000ed800000, 0x00000000ed800000, 0x00000000ed900000|  0%| F|  |TAMS 0x00000000ed800000, 0x00000000ed800000| Untracked 
| 217|0x00000000ed900000, 0x00000000ed900000, 0x00000000eda00000|  0%| F|  |TAMS 0x00000000ed900000, 0x00000000ed900000| Untracked 
| 218|0x00000000eda00000, 0x00000000eda00000, 0x00000000edb00000|  0%| F|  |TAMS 0x00000000eda00000, 0x00000000eda00000| Untracked 
| 219|0x00000000edb00000, 0x00000000edb00000, 0x00000000edc00000|  0%| F|  |TAMS 0x00000000edb00000, 0x00000000edb00000| Untracked 
| 220|0x00000000edc00000, 0x00000000edc00000, 0x00000000edd00000|  0%| F|  |TAMS 0x00000000edc00000, 0x00000000edc00000| Untracked 
| 221|0x00000000edd00000, 0x00000000edd00000, 0x00000000ede00000|  0%| F|  |TAMS 0x00000000edd00000, 0x00000000edd00000| Untracked 
| 222|0x00000000ede00000, 0x00000000ede00000, 0x00000000edf00000|  0%| F|  |TAMS 0x00000000ede00000, 0x00000000ede00000| Untracked 
| 223|0x00000000edf00000, 0x00000000edf00000, 0x00000000ee000000|  0%| F|  |TAMS 0x00000000edf00000, 0x00000000edf00000| Untracked 
| 224|0x00000000ee000000, 0x00000000ee000000, 0x00000000ee100000|  0%| F|  |TAMS 0x00000000ee000000, 0x00000000ee000000| Untracked 
| 225|0x00000000ee100000, 0x00000000ee100000, 0x00000000ee200000|  0%| F|  |TAMS 0x00000000ee100000, 0x00000000ee100000| Untracked 
| 226|0x00000000ee200000, 0x00000000ee200000, 0x00000000ee300000|  0%| F|  |TAMS 0x00000000ee200000, 0x00000000ee200000| Untracked 
| 227|0x00000000ee300000, 0x00000000ee300000, 0x00000000ee400000|  0%| F|  |TAMS 0x00000000ee300000, 0x00000000ee300000| Untracked 
| 228|0x00000000ee400000, 0x00000000ee400000, 0x00000000ee500000|  0%| F|  |TAMS 0x00000000ee400000, 0x00000000ee400000| Untracked 
| 229|0x00000000ee500000, 0x00000000ee500000, 0x00000000ee600000|  0%| F|  |TAMS 0x00000000ee500000, 0x00000000ee500000| Untracked 
| 230|0x00000000ee600000, 0x00000000ee600000, 0x00000000ee700000|  0%| F|  |TAMS 0x00000000ee600000, 0x00000000ee600000| Untracked 
| 231|0x00000000ee700000, 0x00000000ee700000, 0x00000000ee800000|  0%| F|  |TAMS 0x00000000ee700000, 0x00000000ee700000| Untracked 
| 232|0x00000000ee800000, 0x00000000ee800000, 0x00000000ee900000|  0%| F|  |TAMS 0x00000000ee800000, 0x00000000ee800000| Untracked 
| 233|0x00000000ee900000, 0x00000000ee900000, 0x00000000eea00000|  0%| F|  |TAMS 0x00000000ee900000, 0x00000000ee900000| Untracked 
| 234|0x00000000eea00000, 0x00000000eea00000, 0x00000000eeb00000|  0%| F|  |TAMS 0x00000000eea00000, 0x00000000eea00000| Untracked 
| 235|0x00000000eeb00000, 0x00000000eeb00000, 0x00000000eec00000|  0%| F|  |TAMS 0x00000000eeb00000, 0x00000000eeb00000| Untracked 
| 236|0x00000000eec00000, 0x00000000eec00000, 0x00000000eed00000|  0%| F|  |TAMS 0x00000000eec00000, 0x00000000eec00000| Untracked 
| 237|0x00000000eed00000, 0x00000000eed00000, 0x00000000eee00000|  0%| F|  |TAMS 0x00000000eed00000, 0x00000000eed00000| Untracked 
| 238|0x00000000eee00000, 0x00000000eee00000, 0x00000000eef00000|  0%| F|  |TAMS 0x00000000eee00000, 0x00000000eee00000| Untracked 
| 239|0x00000000eef00000, 0x00000000eef00000, 0x00000000ef000000|  0%| F|  |TAMS 0x00000000eef00000, 0x00000000eef00000| Untracked 
| 240|0x00000000ef000000, 0x00000000ef000000, 0x00000000ef100000|  0%| F|  |TAMS 0x00000000ef000000, 0x00000000ef000000| Untracked 
| 241|0x00000000ef100000, 0x00000000ef100000, 0x00000000ef200000|  0%| F|  |TAMS 0x00000000ef100000, 0x00000000ef100000| Untracked 
| 242|0x00000000ef200000, 0x00000000ef200000, 0x00000000ef300000|  0%| F|  |TAMS 0x00000000ef200000, 0x00000000ef200000| Untracked 
| 243|0x00000000ef300000, 0x00000000ef300000, 0x00000000ef400000|  0%| F|  |TAMS 0x00000000ef300000, 0x00000000ef300000| Untracked 
| 244|0x00000000ef400000, 0x00000000ef400000, 0x00000000ef500000|  0%| F|  |TAMS 0x00000000ef400000, 0x00000000ef400000| Untracked 
| 245|0x00000000ef500000, 0x00000000ef500000, 0x00000000ef600000|  0%| F|  |TAMS 0x00000000ef500000, 0x00000000ef500000| Untracked 
| 246|0x00000000ef600000, 0x00000000ef600000, 0x00000000ef700000|  0%| F|  |TAMS 0x00000000ef600000, 0x00000000ef600000| Untracked 
| 247|0x00000000ef700000, 0x00000000ef700000, 0x00000000ef800000|  0%| F|  |TAMS 0x00000000ef700000, 0x00000000ef700000| Untracked 
| 248|0x00000000ef800000, 0x00000000ef800000, 0x00000000ef900000|  0%| F|  |TAMS 0x00000000ef800000, 0x00000000ef800000| Untracked 
| 249|0x00000000ef900000, 0x00000000ef900000, 0x00000000efa00000|  0%| F|  |TAMS 0x00000000ef900000, 0x00000000ef900000| Untracked 
| 250|0x00000000efa00000, 0x00000000efa00000, 0x00000000efb00000|  0%| F|  |TAMS 0x00000000efa00000, 0x00000000efa00000| Untracked 
| 251|0x00000000efb00000, 0x00000000efb80800, 0x00000000efc00000| 50%| E|  |TAMS 0x00000000efb00000, 0x00000000efb00000| Complete 
| 252|0x00000000efc00000, 0x00000000efd00000, 0x00000000efd00000|100%| E|CS|TAMS 0x00000000efc00000, 0x00000000efc00000| Complete 
| 253|0x00000000efd00000, 0x00000000efe00000, 0x00000000efe00000|100%| E|CS|TAMS 0x00000000efd00000, 0x00000000efd00000| Complete 
| 254|0x00000000efe00000, 0x00000000eff00000, 0x00000000eff00000|100%| E|CS|TAMS 0x00000000efe00000, 0x00000000efe00000| Complete 
| 255|0x00000000eff00000, 0x00000000f0000000, 0x00000000f0000000|100%| E|CS|TAMS 0x00000000eff00000, 0x00000000eff00000| Complete 

Card table byte_map: [0x00000242d9c80000,0x00000242d9d80000] _byte_map_base: 0x00000242d9580000

Marking Bits (Prev, Next): (CMBitMap*) 0x00000242c1279660, (CMBitMap*) 0x00000242c1279628
 Prev Bits: [0x00000242da680000, 0x00000242dae80000)
 Next Bits: [0x00000242d9e80000, 0x00000242da680000)

Polling page: 0x00000242c2ae0000

Metaspace:

Usage:
  Non-class:     29.35 MB capacity,    28.82 MB ( 98%) used,   461.33 KB (  2%) free+waste,    85.81 KB ( <1%) overhead. 
      Class:      4.81 MB capacity,     4.46 MB ( 93%) used,   316.17 KB (  6%) free+waste,    44.44 KB ( <1%) overhead. 
       Both:     34.17 MB capacity,    33.28 MB ( 97%) used,   777.50 KB (  2%) free+waste,   130.25 KB ( <1%) overhead. 

Virtual space:
  Non-class space:       30.00 MB reserved,      29.42 MB ( 98%) committed 
      Class space:      376.00 MB reserved,       4.95 MB (  1%) committed 
             Both:      406.00 MB reserved,      34.37 MB (  8%) committed 

Chunk freelists:
   Non-Class:  1.00 KB
       Class:  3.88 KB
        Both:  4.88 KB

CodeHeap 'non-profiled nmethods': size=120000Kb used=1581Kb max_used=1581Kb free=118418Kb
 bounds [0x00000242d1bc0000, 0x00000242d1e30000, 0x00000242d90f0000]
CodeHeap 'profiled nmethods': size=120000Kb used=6377Kb max_used=6377Kb free=113623Kb
 bounds [0x00000242ca690000, 0x00000242cacd0000, 0x00000242d1bc0000]
CodeHeap 'non-nmethods': size=5760Kb used=1173Kb max_used=1215Kb free=4586Kb
 bounds [0x00000242ca0f0000, 0x00000242ca360000, 0x00000242ca690000]
 total_blobs=3502 nmethods=2977 adapters=436
 compilation: enabled
              stopped_count=0, restarted_count=0
 full_count=0

Compilation events (10 events):
Event: 10.090 Thread 0x00000242de1bd000 nmethod 2937 0x00000242cacb9f10 code [0x00000242cacba120, 0x00000242cacba818]
Event: 10.090 Thread 0x00000242de1bd000 2938       3       org.codehaus.groovy.vmplugin.v9.Java9$$Lambda$408/0x00000001004be440::get$Lambda (9 bytes)
Event: 10.090 Thread 0x00000242de1bd000 nmethod 2938 0x00000242cacbaa90 code [0x00000242cacbac40, 0x00000242cacbae98]
Event: 10.098 Thread 0x00000242de1bd000 2942       1       java.lang.module.ModuleDescriptor$Opens::source (5 bytes)
Event: 10.098 Thread 0x00000242de1bd000 nmethod 2942 0x00000242d1d3ce90 code [0x00000242d1d3d020, 0x00000242d1d3d0d8]
Event: 10.099 Thread 0x00000242e23a2000 2901       4       jdk.internal.loader.URLClassPath::getResource (74 bytes)
Event: 10.110 Thread 0x00000242de1bd000 2945       3       org.codehaus.groovy.vmplugin.v9.Java9::isExported (21 bytes)
Event: 10.111 Thread 0x00000242de1bd000 nmethod 2945 0x00000242cacbaf90 code [0x00000242cacbb1a0, 0x00000242cacbb898]
Event: 10.124 Thread 0x00000242de485800 nmethod 2822 0x00000242d1d3d190 code [0x00000242d1d3d7a0, 0x00000242d1d433b8]
Event: 10.125 Thread 0x00000242de485800 2939       4       java.util.Spliterators$IteratorSpliterator::tryAdvance (77 bytes)

GC Heap History (8 events):
Event: 0.806 GC heap before
{Heap before GC invocations=0 (full 0):
 garbage-first heap   total 262144K, used 27648K [0x00000000e0000000, 0x0000000100000000)
  region size 1024K, 24 young (24576K), 0 survivors (0K)
 Metaspace       used 9963K, capacity 10197K, committed 10368K, reserved 395264K
  class space    used 1014K, capacity 1081K, committed 1152K, reserved 385024K
}
Event: 0.830 GC heap after
{Heap after GC invocations=1 (full 0):
 garbage-first heap   total 262144K, used 10808K [0x00000000e0000000, 0x0000000100000000)
  region size 1024K, 3 young (3072K), 3 survivors (3072K)
 Metaspace       used 9963K, capacity 10197K, committed 10368K, reserved 395264K
  class space    used 1014K, capacity 1081K, committed 1152K, reserved 385024K
}
Event: 6.372 GC heap before
{Heap before GC invocations=1 (full 0):
 garbage-first heap   total 262144K, used 110136K [0x00000000e0000000, 0x0000000100000000)
  region size 1024K, 100 young (102400K), 3 survivors (3072K)
 Metaspace       used 20714K, capacity 21167K, committed 21296K, reserved 405504K
  class space    used 2500K, capacity 2665K, committed 2688K, reserved 385024K
}
Event: 6.387 GC heap after
{Heap after GC invocations=2 (full 0):
 garbage-first heap   total 262144K, used 18365K [0x00000000e0000000, 0x0000000100000000)
  region size 1024K, 11 young (11264K), 11 survivors (11264K)
 Metaspace       used 20714K, capacity 21167K, committed 21296K, reserved 405504K
  class space    used 2500K, capacity 2665K, committed 2688K, reserved 385024K
}
Event: 7.602 GC heap before
{Heap before GC invocations=3 (full 0):
 garbage-first heap   total 262144K, used 57277K [0x00000000e0000000, 0x0000000100000000)
  region size 1024K, 50 young (51200K), 11 survivors (11264K)
 Metaspace       used 24376K, capacity 25009K, committed 25084K, reserved 407552K
  class space    used 3090K, capacity 3334K, committed 3404K, reserved 385024K
}
Event: 7.615 GC heap after
{Heap after GC invocations=4 (full 0):
 garbage-first heap   total 262144K, used 19924K [0x00000000e0000000, 0x0000000100000000)
  region size 1024K, 2 young (2048K), 2 survivors (2048K)
 Metaspace       used 24376K, capacity 25009K, committed 25084K, reserved 407552K
  class space    used 3090K, capacity 3334K, committed 3404K, reserved 385024K
}
Event: 9.876 GC heap before
{Heap before GC invocations=4 (full 0):
 garbage-first heap   total 262144K, used 126420K [0x00000000e0000000, 0x0000000100000000)
  region size 1024K, 106 young (108544K), 2 survivors (2048K)
 Metaspace       used 33478K, capacity 34269K, committed 34428K, reserved 415744K
  class space    used 4484K, capacity 4795K, committed 4812K, reserved 385024K
}
Event: 9.883 GC heap after
{Heap after GC invocations=5 (full 0):
 garbage-first heap   total 262144K, used 22812K [0x00000000e0000000, 0x0000000100000000)
  region size 1024K, 5 young (5120K), 5 survivors (5120K)
 Metaspace       used 33478K, capacity 34269K, committed 34428K, reserved 415744K
  class space    used 4484K, capacity 4795K, committed 4812K, reserved 385024K
}

Deoptimization events (10 events):
Event: 6.801 Thread 0x00000242e0bf4800 Uncommon trap: reason=bimorphic_or_optimized_type_check action=maybe_recompile pc=0x00000242d1c43b24 method=java.util.AbstractList$Itr.hasNext()Z @ 8 c2
Event: 6.801 Thread 0x00000242e0bf4800 Uncommon trap: reason=bimorphic_or_optimized_type_check action=maybe_recompile pc=0x00000242d1c43eb4 method=java.util.AbstractList$Itr.next()Ljava/lang/Object; @ 14 c2
Event: 6.802 Thread 0x00000242e0bf4800 Uncommon trap: reason=unstable_if action=reinterpret pc=0x00000242d1c38b84 method=java.io.File.getName()Ljava/lang/String; @ 16 c2
Event: 6.802 Thread 0x00000242e0bf4800 Uncommon trap: reason=unstable_if action=reinterpret pc=0x00000242d1c36394 method=java.lang.String.substring(I)Ljava/lang/String; @ 34 c2
Event: 7.966 Thread 0x00000242e0bf4800 Uncommon trap: reason=unstable_if action=reinterpret pc=0x00000242d1c0bff4 method=java.util.HashMap.hash(Ljava/lang/Object;)I @ 1 c2
Event: 8.414 Thread 0x00000242e0bf4800 Uncommon trap: reason=predicate action=maybe_recompile pc=0x00000242d1ce59fc method=com.google.common.base.CharMatcher.indexIn(Ljava/lang/CharSequence;I)I @ 19 c2
Event: 9.068 Thread 0x00000242e0bf4800 Uncommon trap: reason=unstable_if action=reinterpret pc=0x00000242d1cb5d28 method=java.util.HashMap.hash(Ljava/lang/Object;)I @ 1 c2
Event: 9.068 Thread 0x00000242e0bf4800 Uncommon trap: reason=unstable_if action=reinterpret pc=0x00000242d1c4812c method=java.util.HashMap.hash(Ljava/lang/Object;)I @ 1 c2
Event: 9.455 Thread 0x00000242e0bf4800 Uncommon trap: reason=unstable_if action=reinterpret pc=0x00000242d1cea6e4 method=java.util.regex.Pattern$BmpCharProperty.match(Ljava/util/regex/Matcher;ILjava/lang/CharSequence;)Z @ 39 c2
Event: 9.651 Thread 0x00000242e0bf4800 Uncommon trap: reason=unstable_if action=reinterpret pc=0x00000242d1cb6c1c method=java.util.HashMap.putVal(ILjava/lang/Object;Ljava/lang/Object;ZZ)Ljava/lang/Object; @ 162 c2

Classes redefined (0 events):
No events

Internal exceptions (10 events):
Event: 9.068 Thread 0x00000242e0bf4800 Implicit null exception at 0x00000242d1cb5b55 to 0x00000242d1cb5d18
Event: 9.068 Thread 0x00000242e0bf4800 Implicit null exception at 0x00000242d1c480af to 0x00000242d1c4811d
Event: 9.352 Thread 0x00000242e0bf4800 Exception <a 'java/lang/NoSuchMethodError'{0x00000000ea5f6270}: java.lang.invoke.Invokers$Holder.linkToTargetMethod(Ljava/lang/Object;Ljava/lang/Object;Ljava/lang/Object;Ljava/lang/Object;Ljava/lang/Object;Ljava/lang/Object;Ljava/lang/Object;Ljava/lang/Ob
Event: 9.365 Thread 0x00000242e0bf4800 Exception <a 'java/lang/IncompatibleClassChangeError'{0x00000000ea48bb30}: Found class java.lang.Object, but interface was expected> (0x00000000ea48bb30) thrown at [./open/src/hotspot/share/interpreter/linkResolver.cpp, line 838]
Event: 9.679 Thread 0x00000242e0bf4800 Exception <a 'java/lang/NoSuchMethodError'{0x00000000e9aa9c40}: java.lang.invoke.Invokers$Holder.linkToTargetMethod(Ljava/lang/Object;IILjava/lang/Object;)Ljava/lang/Object;> (0x00000000e9aa9c40) thrown at [./open/src/hotspot/share/interpreter/linkResolve
Event: 9.683 Thread 0x00000242e0bf4800 Exception <a 'java/lang/NoSuchMethodError'{0x00000000e9ac1ea8}: java.lang.invoke.DirectMethodHandle$Holder.invokeStatic(Ljava/lang/Object;Ljava/lang/Object;IILjava/lang/Object;Ljava/lang/Object;)Ljava/lang/Object;> (0x00000000e9ac1ea8) thrown at [./open/s
Event: 10.042 Thread 0x00000242e0bf4800 Exception <a 'java/lang/NoSuchMethodError'{0x00000000efddb130}: java.lang.invoke.DirectMethodHandle$Holder.invokeStaticInit(Ljava/lang/Object;Ljava/lang/Object;Ljava/lang/Object;)V> (0x00000000efddb130) thrown at [./open/src/hotspot/share/interpreter/link
Event: 10.044 Thread 0x00000242e0bf4800 Exception <a 'java/lang/NoSuchMethodError'{0x00000000efde2340}: java.lang.invoke.DirectMethodHandle$Holder.invokeStaticInit(Ljava/lang/Object;Ljava/lang/Object;Ljava/lang/Object;Ljava/lang/Object;)V> (0x00000000efde2340) thrown at [./open/src/hotspot/shar
Event: 10.050 Thread 0x00000242e0bf4800 Exception <a 'java/lang/NoSuchMethodError'{0x00000000efc03ef8}: java.lang.invoke.DirectMethodHandle$Holder.invokeStaticInit(Ljava/lang/Object;Ljava/lang/Object;Ljava/lang/Object;Ljava/lang/Object;Ljava/lang/Object;)V> (0x00000000efc03ef8) thrown at [./ope
Event: 10.052 Thread 0x00000242e0bf4800 Exception <a 'java/lang/NoSuchMethodError'{0x00000000efc0b890}: java.lang.invoke.DirectMethodHandle$Holder.invokeStaticInit(Ljava/lang/Object;Ljava/lang/Object;Ljava/lang/Object;)I> (0x00000000efc0b890) thrown at [./open/src/hotspot/share/interpreter/link

Events (10 events):
Event: 10.028 loading class org/codehaus/groovy/ast/MethodNode done
Event: 10.030 loading class org/codehaus/groovy/ast/ConstructorNode
Event: 10.030 loading class org/codehaus/groovy/ast/ConstructorNode done
Event: 10.030 loading class org/codehaus/groovy/ast/PackageNode
Event: 10.030 loading class org/codehaus/groovy/ast/PackageNode done
Event: 10.031 loading class java/lang/IllegalCallerException
Event: 10.032 loading class java/lang/IllegalCallerException done
Event: 10.033 loading class sun/nio/fs/ExtendedFileSystemProvider
Event: 10.034 loading class sun/nio/fs/ExtendedFileSystemProvider done
Event: 10.099 Thread 0x00000242e23a2000 Thread added: 0x00000242e23a2000


Dynamic libraries:
0x00007ff7929d0000 - 0x00007ff7929df000 	C:\Program Files\Java\jdk-11.0.17\bin\java.exe
0x00007ff8cba50000 - 0x00007ff8cbc48000 	C:\WINDOWS\SYSTEM32\ntdll.dll
0x00007ff8cb560000 - 0x00007ff8cb61d000 	C:\WINDOWS\System32\KERNEL32.DLL
0x00007ff8c9200000 - 0x00007ff8c94f6000 	C:\WINDOWS\System32\KERNELBASE.dll
0x00007ff8c9100000 - 0x00007ff8c9200000 	C:\WINDOWS\System32\ucrtbase.dll
0x00007ff8b2a20000 - 0x00007ff8b2a35000 	C:\Program Files\Java\jdk-11.0.17\bin\VCRUNTIME140.dll
0x00007ff8b2a40000 - 0x00007ff8b2a58000 	C:\Program Files\Java\jdk-11.0.17\bin\jli.dll
0x00007ff8cad90000 - 0x00007ff8cae40000 	C:\WINDOWS\System32\ADVAPI32.dll
0x00007ff8ca090000 - 0x00007ff8ca12e000 	C:\WINDOWS\System32\msvcrt.dll
0x00007ff8c9f10000 - 0x00007ff8c9fb0000 	C:\WINDOWS\System32\sechost.dll
0x00007ff8cb870000 - 0x00007ff8cb995000 	C:\WINDOWS\System32\RPCRT4.dll
0x00007ff8c9720000 - 0x00007ff8c9747000 	C:\WINDOWS\System32\bcrypt.dll
0x00007ff8cb6d0000 - 0x00007ff8cb86e000 	C:\WINDOWS\System32\USER32.dll
0x00007ff8c97c0000 - 0x00007ff8c97e2000 	C:\WINDOWS\System32\win32u.dll
0x00007ff8ba8b0000 - 0x00007ff8bab4a000 	C:\WINDOWS\WinSxS\amd64_microsoft.windows.common-controls_6595b64144ccf1df_6.0.19041.3636_none_60b6a03d71f818d5\COMCTL32.dll
0x00007ff8cb6a0000 - 0x00007ff8cb6cb000 	C:\WINDOWS\System32\GDI32.dll
0x00007ff8c95b0000 - 0x00007ff8c96c7000 	C:\WINDOWS\System32\gdi32full.dll
0x00007ff8c97f0000 - 0x00007ff8c988d000 	C:\WINDOWS\System32\msvcp_win.dll
0x00007ff8c1e00000 - 0x00007ff8c1e0a000 	C:\WINDOWS\SYSTEM32\VERSION.dll
0x00007ff8cabc0000 - 0x00007ff8cabf2000 	C:\WINDOWS\System32\IMM32.DLL
0x00007ff894f70000 - 0x00007ff89500b000 	C:\Program Files\Java\jdk-11.0.17\bin\msvcp140.dll
0x00007ff8743b0000 - 0x00007ff874eca000 	C:\Program Files\Java\jdk-11.0.17\bin\server\jvm.dll
0x00007ff8c9ef0000 - 0x00007ff8c9ef8000 	C:\WINDOWS\System32\PSAPI.DLL
0x00007ff8c1120000 - 0x00007ff8c1147000 	C:\WINDOWS\SYSTEM32\WINMM.dll
0x00007ff8c30d0000 - 0x00007ff8c30d9000 	C:\WINDOWS\SYSTEM32\WSOCK32.dll
0x00007ff8cb9a0000 - 0x00007ff8cba0b000 	C:\WINDOWS\System32\WS2_32.dll
0x00007ff8c7900000 - 0x00007ff8c7912000 	C:\WINDOWS\SYSTEM32\kernel.appcore.dll
0x00007ff8b2b60000 - 0x00007ff8b2b70000 	C:\Program Files\Java\jdk-11.0.17\bin\verify.dll
0x00007ff8c6df0000 - 0x00007ff8c6fd4000 	C:\WINDOWS\SYSTEM32\DBGHELP.DLL
0x00007ff8c2c20000 - 0x00007ff8c2c54000 	C:\WINDOWS\SYSTEM32\dbgcore.DLL
0x00007ff8c99f0000 - 0x00007ff8c9a72000 	C:\WINDOWS\System32\bcryptPrimitives.dll
0x00007ff8b2910000 - 0x00007ff8b2938000 	C:\Program Files\Java\jdk-11.0.17\bin\java.dll
0x00007ff8b29c0000 - 0x00007ff8b29ca000 	C:\Program Files\Java\jdk-11.0.17\bin\jimage.dll
0x00007ff8ab100000 - 0x00007ff8ab10e000 	C:\Program Files\Java\jdk-11.0.17\bin\instrument.dll
0x00007ff8ab930000 - 0x00007ff8ab946000 	C:\Program Files\Java\jdk-11.0.17\bin\zip.dll
0x00007ff8ca280000 - 0x00007ff8ca9eb000 	C:\WINDOWS\System32\SHELL32.dll
0x00007ff8c6fe0000 - 0x00007ff8c777e000 	C:\WINDOWS\SYSTEM32\windows.storage.dll
0x00007ff8cb080000 - 0x00007ff8cb3d3000 	C:\WINDOWS\System32\combase.dll
0x00007ff8c8ac0000 - 0x00007ff8c8aee000 	C:\WINDOWS\SYSTEM32\Wldp.dll
0x00007ff8cafb0000 - 0x00007ff8cb07d000 	C:\WINDOWS\System32\OLEAUT32.dll
0x00007ff8caea0000 - 0x00007ff8caf4d000 	C:\WINDOWS\System32\SHCORE.dll
0x00007ff8cb500000 - 0x00007ff8cb555000 	C:\WINDOWS\System32\shlwapi.dll
0x00007ff8c9030000 - 0x00007ff8c9055000 	C:\WINDOWS\SYSTEM32\profapi.dll
0x00007ff8aad10000 - 0x00007ff8aad29000 	C:\Program Files\Java\jdk-11.0.17\bin\net.dll
0x00007ff8c1a40000 - 0x00007ff8c1b4a000 	C:\WINDOWS\SYSTEM32\WINHTTP.dll
0x00007ff8c87c0000 - 0x00007ff8c882a000 	C:\WINDOWS\system32\mswsock.dll
0x00007ff8aacf0000 - 0x00007ff8aad02000 	C:\Program Files\Java\jdk-11.0.17\bin\nio.dll
0x00007ff8b29f0000 - 0x00007ff8b2a17000 	C:\Users\marko\.gradle\native\c067742578af261105cb4f569cf0c3c89f3d7b1fecec35dd04571415982c5e48\windows-amd64\native-platform.dll
0x00007ff894470000 - 0x00007ff8945b4000 	C:\Users\marko\.gradle\native\38dada09dfb8b06ba9b0570ebf7e218e3eb74d4ef43ca46872605cf95ebc2f47\windows-amd64\native-platform-file-events.dll
0x00007ff8b28a0000 - 0x00007ff8b28a9000 	C:\Program Files\Java\jdk-11.0.17\bin\management.dll
0x00007ff8b2730000 - 0x00007ff8b273b000 	C:\Program Files\Java\jdk-11.0.17\bin\management_ext.dll
0x00007ff8c89c0000 - 0x00007ff8c89d8000 	C:\WINDOWS\SYSTEM32\CRYPTSP.dll
0x00007ff8c80b0000 - 0x00007ff8c80e4000 	C:\WINDOWS\system32\rsaenh.dll
0x00007ff8c8ff0000 - 0x00007ff8c901e000 	C:\WINDOWS\SYSTEM32\USERENV.dll
0x00007ff8c89b0000 - 0x00007ff8c89bc000 	C:\WINDOWS\SYSTEM32\CRYPTBASE.dll
0x00007ff8c8490000 - 0x00007ff8c84cb000 	C:\WINDOWS\SYSTEM32\IPHLPAPI.DLL
0x00007ff8ca1c0000 - 0x00007ff8ca1c8000 	C:\WINDOWS\System32\NSI.dll
0x00007ff8c2cb0000 - 0x00007ff8c2cc7000 	C:\WINDOWS\SYSTEM32\dhcpcsvc6.DLL
0x00007ff8c2c90000 - 0x00007ff8c2cad000 	C:\WINDOWS\SYSTEM32\dhcpcsvc.DLL
0x00007ff8c84d0000 - 0x00007ff8c859b000 	C:\WINDOWS\SYSTEM32\DNSAPI.dll

dbghelp: loaded successfully - version: 4.0.5 - missing functions: none
symbol engine: initialized successfully - sym options: 0x614 - pdb path: .;C:\Program Files\Java\jdk-11.0.17\bin;C:\WINDOWS\SYSTEM32;C:\WINDOWS\WinSxS\amd64_microsoft.windows.common-controls_6595b64144ccf1df_6.0.19041.3636_none_60b6a03d71f818d5;C:\Program Files\Java\jdk-11.0.17\bin\server;C:\Users\marko\.gradle\native\c067742578af261105cb4f569cf0c3c89f3d7b1fecec35dd04571415982c5e48\windows-amd64;C:\Users\marko\.gradle\native\38dada09dfb8b06ba9b0570ebf7e218e3eb74d4ef43ca46872605cf95ebc2f47\windows-amd64

VM Arguments:
jvm_args: --add-opens=java.base/java.util=ALL-UNNAMED --add-opens=java.base/java.lang=ALL-UNNAMED --add-opens=java.base/java.lang.invoke=ALL-UNNAMED --add-opens=java.prefs/java.util.prefs=ALL-UNNAMED --add-opens=java.base/java.nio.charset=ALL-UNNAMED --add-opens=java.base/java.net=ALL-UNNAMED --add-opens=java.base/java.util.concurrent.atomic=ALL-UNNAMED -XX:MaxMetaspaceSize=384m -XX:+HeapDumpOnOutOfMemoryError -Xms256m -Xmx512m -Dfile.encoding=windows-1252 -Duser.country=IT -Duser.language=it -Duser.variant -javaagent:C:\Users\marko\.gradle\wrapper\dists\gradle-8.4-bin\1w5dpkrfk8irigvoxmyhowfim\gradle-8.4\lib\agents\gradle-instrumentation-agent-8.4.jar 
java_command: org.gradle.launcher.daemon.bootstrap.GradleDaemon 8.4
java_class_path (initial): C:\Users\marko\.gradle\wrapper\dists\gradle-8.4-bin\1w5dpkrfk8irigvoxmyhowfim\gradle-8.4\lib\gradle-launcher-8.4.jar
Launcher Type: SUN_STANDARD

[Global flags]
     intx CICompilerCount                          = 4                                         {product} {ergonomic}
   size_t CompressedClassSpaceSize                 = 394264576                                 {product} {ergonomic}
     uint ConcGCThreads                            = 2                                         {product} {ergonomic}
     uint G1ConcRefinementThreads                  = 8                                         {product} {ergonomic}
   size_t G1HeapRegionSize                         = 1048576                                   {product} {ergonomic}
    uintx GCDrainStackTargetSize                   = 64                                        {product} {ergonomic}
     bool HeapDumpOnOutOfMemoryError               = true                                   {manageable} {command line}
   size_t InitialHeapSize                          = 268435456                                 {product} {command line}
   size_t MarkStackSize                            = 4194304                                   {product} {ergonomic}
   size_t MaxHeapSize                              = 536870912                                 {product} {command line}
   size_t MaxMetaspaceSize                         = 402653184                                 {product} {command line}
   size_t MaxNewSize                               = 321912832                                 {product} {ergonomic}
   size_t MinHeapDeltaBytes                        = 1048576                                   {product} {ergonomic}
    uintx NonNMethodCodeHeapSize                   = 5836300                                {pd product} {ergonomic}
    uintx NonProfiledCodeHeapSize                  = 122910970                              {pd product} {ergonomic}
    uintx ProfiledCodeHeapSize                     = 122910970                              {pd product} {ergonomic}
    uintx ReservedCodeCacheSize                    = 251658240                              {pd product} {ergonomic}
     bool SegmentedCodeCache                       = true                                      {product} {ergonomic}
     bool UseCompressedClassPointers               = true                                 {lp64_product} {ergonomic}
     bool UseCompressedOops                        = true                                 {lp64_product} {ergonomic}
     bool UseG1GC                                  = true                                      {product} {ergonomic}
     bool UseLargePagesIndividualAllocation        = false                                  {pd product} {ergonomic}

Logging:
Log output configuration:
 #0: stdout all=warning uptime,level,tags
 #1: stderr all=off uptime,level,tags

Environment Variables:
JAVA_HOME=C:\Program Files\Java\jdk-11.0.17
CLASSPATH=C:\Users\marko\Desktop\ISS_24\natali_projects\ping24\\gradle\wrapper\gradle-wrapper.jar
PATH=C:\Program Files\Java\jdk-11.0.17\bin;C:\Gradle\gradle-8.6\bin;C:\Program Files\Python310\Scripts\;C:\Program Files\Python310\;C:\Program Files\Common Files\Oracle\Java\javapath;C:\Program Files (x86)\Common Files\Oracle\Java\javapath;C:\Program Files (x86)\Razer Chroma SDK\bin;C:\Program Files\Razer Chroma SDK\bin;C:\Program Files (x86)\Razer\ChromaBroadcast\bin;C:\Program Files\Razer\ChromaBroadcast\bin;C:\Program Files (x86)\Intel\Intel(R) Management Engine Components\iCLS\;C:\Program Files\Intel\Intel(R) Management Engine Components\iCLS\;C:\WINDOWS\system32;C:\WINDOWS;C:\WINDOWS\System32\Wbem;C:\WINDOWS\System32\WindowsPowerShell\v1.0\;C:\Program Files (x86)\Intel\Intel(R) Management Engine Components\DAL;C:\Program Files\Intel\Intel(R) Management Engine Components\DAL;C:\Program Files (x86)\Intel\Intel(R) Management Engine Components\IPT;C:\Program Files\Intel\Intel(R) Management Engine Components\IPT;C:\WINDOWS\System32\OpenSSH\;C:\WINDOWS\system32\config\systemprofile\AppData\Local\Microsoft\WindowsApps;C:\WINDOWS\system32;C:\WINDOWS;C:\WINDOWS\System32\Wbem;C:\WINDOWS\System32\WindowsPowerShell\v1.0\;C:\WINDOWS\System32\OpenSSH\;C:\Users\marko\AppData\Roaming\nvm;C:\Program Files\nodejs;C:\Program Files\Git\cmd;C:\Program Files\Git LFS;C:\Users\marko\AppData\Roaming\Python\Python310\Scripts;C:\Program Files\Docker\Docker\resources\bin;C:\Program Files\nodejs\;C:\Program Files\Graphviz\bin;C:\Users\marko\AppData\Local\Programs\Microsoft VS Code\bin;C:\Users\marko\AppData\Local\Microsoft\WindowsApps;C:\Users\marko\Desktop\antlr;C:\Users\marko\AppData\Local\JetBrains\IntelliJ IDEA Community Edition 2022.3.2\bin;C:\Users\marko\AppData\Roaming\npm
USERNAME=marko
OS=Windows_NT
PROCESSOR_IDENTIFIER=Intel64 Family 6 Model 142 Stepping 10, GenuineIntel



---------------  S Y S T E M  ---------------

OS: Windows 10 , 64 bit Build 19041 (10.0.19041.3636)
Hyper-V role detected

CPU:total 8 (initial active 8) (4 cores per cpu, 2 threads per core) family 6 model 142 stepping 10 microcode 0xb4, cmov, cx8, fxsr, mmx, sse, sse2, sse3, ssse3, sse4.1, sse4.2, popcnt, avx, avx2, aes, clmul, erms, 3dnowpref, lzcnt, ht, tsc, tscinvbit, bmi1, bmi2, adx, fma

Memory: 4k page, system-wide physical 8058M (782M free)
TotalPageFile size 8058M (AvailPageFile size 6M)
current process WorkingSet (physical memory assigned to process): 275M, peak: 275M
current process commit charge ("private bytes"): 445M, peak: 446M

vm_info: Java HotSpot(TM) 64-Bit Server VM (11.0.17+10-LTS-269) for windows-amd64 JRE (11.0.17+10-LTS-269), built on Sep 13 2022 19:26:37 by "mach5one" with MS VC++ 15.9 (VS2017)

END.
