#
# There is insufficient memory for the Java Runtime Environment to continue.
# Native memory allocation (malloc) failed to allocate 1496656 bytes for Chunk::new
# Possible reasons:
#   The system is out of physical RAM or swap space
#   The process is running with CompressedOops enabled, and the Java Heap may be blocking the growth of the native heap
# Possible solutions:
#   Reduce memory load on the system
#   Increase physical memory or swap space
#   Check if swap backing store is full
#   Decrease Java heap size (-Xmx/-Xms)
#   Decrease number of Java threads
#   Decrease Java thread stack sizes (-Xss)
#   Set larger code cache with -XX:ReservedCodeCacheSize=
#   JVM is running with Unscaled Compressed Oops mode in which the Java heap is
#     placed in the first 4GB address space. The Java Heap base address is the
#     maximum limit for the native heap growth. Please use -XX:HeapBaseMinAddress
#     to set the Java Heap base and to place the Java Heap above 4GB virtual address.
# This output file may be truncated or incomplete.
#
#  Out of Memory Error (arena.cpp:189), pid=7188, tid=2220
#
# JRE version: Java(TM) SE Runtime Environment (17.0.11+7) (build 17.0.11+7-LTS-207)
# Java VM: Java HotSpot(TM) 64-Bit Server VM (17.0.11+7-LTS-207, mixed mode, sharing, tiered, compressed oops, compressed class ptrs, g1 gc, windows-amd64)
# No core dump will be written. Minidumps are not enabled by default on client versions of Windows
#

---------------  S U M M A R Y ------------

Command Line: -Xmx64m -Xms64m -Dorg.gradle.appname=gradlew org.gradle.wrapper.GradleWrapperMain run

Host: Intel(R) Core(TM) i5-8250U CPU @ 1.60GHz, 8 cores, 7G,  Windows 10 , 64 bit Build 19041 (10.0.19041.3636)
Time: Tue May 28 15:02:21 2024 ora legale Europa occidentale elapsed time: 11855.723085 seconds (0d 3h 17m 35s)

---------------  T H R E A D  ---------------

Current thread (0x000002117a9fc6f0):  JavaThread "C2 CompilerThread0" daemon [_thread_in_native, id=2220, stack(0x0000002cd9200000,0x0000002cd9300000)]


Current CompileTask:
C2:11855723 2107       4       org.gradle.internal.logging.console.BuildStatusRenderer::renderNow (43 bytes)

Stack: [0x0000002cd9200000,0x0000002cd9300000]
Native frames: (J=compiled Java code, j=interpreted, Vv=VM code, C=native code)
V  [jvm.dll+0x679cca]
V  [jvm.dll+0x7da13d]
V  [jvm.dll+0x7dba83]
V  [jvm.dll+0x7dc0f3]
V  [jvm.dll+0x2449af]
V  [jvm.dll+0xab83b]
V  [jvm.dll+0xabe1c]
V  [jvm.dll+0x36155f]
V  [jvm.dll+0x1b9fca]
V  [jvm.dll+0x216337]
V  [jvm.dll+0x21560f]
V  [jvm.dll+0x1a2040]
V  [jvm.dll+0x225a2b]
V  [jvm.dll+0x223bcb]
V  [jvm.dll+0x7903ec]
V  [jvm.dll+0x78a85a]
V  [jvm.dll+0x678bb5]
C  [ucrtbase.dll+0x21bb2]
C  [KERNEL32.DLL+0x17344]
C  [ntdll.dll+0x526b1]


---------------  P R O C E S S  ---------------

Threads class SMR info:
_java_thread_list=0x00000211410c3970, length=15, elements={
0x0000021161265ff0, 0x000002117a9d8000, 0x000002117a9d8e80, 0x000002117a9f66b0,
0x000002117a9f7270, 0x000002117a9f9c40, 0x000002117a9fada0, 0x000002117a9fc6f0,
0x000002117a9fec20, 0x000002117a9ff620, 0x000002117f0518a0, 0x000002117f05bc10,
0x000002117fbf9590, 0x000002117f1f92e0, 0x0000021141109400
}

Java Threads: ( => current thread )
  0x0000021161265ff0 JavaThread "main" [_thread_in_native, id=7672, stack(0x0000002cd8500000,0x0000002cd8600000)]
  0x000002117a9d8000 JavaThread "Reference Handler" daemon [_thread_blocked, id=10288, stack(0x0000002cd8c00000,0x0000002cd8d00000)]
  0x000002117a9d8e80 JavaThread "Finalizer" daemon [_thread_blocked, id=752, stack(0x0000002cd8d00000,0x0000002cd8e00000)]
  0x000002117a9f66b0 JavaThread "Signal Dispatcher" daemon [_thread_blocked, id=7932, stack(0x0000002cd8e00000,0x0000002cd8f00000)]
  0x000002117a9f7270 JavaThread "Attach Listener" daemon [_thread_blocked, id=9604, stack(0x0000002cd8f00000,0x0000002cd9000000)]
  0x000002117a9f9c40 JavaThread "Service Thread" daemon [_thread_blocked, id=17268, stack(0x0000002cd9000000,0x0000002cd9100000)]
  0x000002117a9fada0 JavaThread "Monitor Deflation Thread" daemon [_thread_blocked, id=14208, stack(0x0000002cd9100000,0x0000002cd9200000)]
=>0x000002117a9fc6f0 JavaThread "C2 CompilerThread0" daemon [_thread_in_native, id=2220, stack(0x0000002cd9200000,0x0000002cd9300000)]
  0x000002117a9fec20 JavaThread "C1 CompilerThread0" daemon [_thread_blocked, id=6104, stack(0x0000002cd9300000,0x0000002cd9400000)]
  0x000002117a9ff620 JavaThread "Sweeper thread" daemon [_thread_blocked, id=4852, stack(0x0000002cd9400000,0x0000002cd9500000)]
  0x000002117f0518a0 JavaThread "Notification Thread" daemon [_thread_blocked, id=10064, stack(0x0000002cd9500000,0x0000002cd9600000)]
  0x000002117f05bc10 JavaThread "Common-Cleaner" daemon [_thread_blocked, id=2184, stack(0x0000002cd9700000,0x0000002cd9800000)]
  0x000002117fbf9590 JavaThread "pool-1-thread-1" [_thread_in_native, id=1936, stack(0x0000002cd9e00000,0x0000002cd9f00000)]
  0x000002117f1f92e0 JavaThread "DisconnectableInputStream source reader" daemon [_thread_in_native, id=17112, stack(0x0000002cda000000,0x0000002cda100000)]
  0x0000021141109400 JavaThread "Forward input" [_thread_blocked, id=14844, stack(0x0000002cda100000,0x0000002cda200000)]

Other Threads:
  0x000002117a9d2390 VMThread "VM Thread" [stack: 0x0000002cd8b00000,0x0000002cd8c00000] [id=14984]
  0x000002117f0583b0 WatcherThread [stack: 0x0000002cd9600000,0x0000002cd9700000] [id=6536]
  0x0000021161287270 GCTaskThread "GC Thread#0" [stack: 0x0000002cd8600000,0x0000002cd8700000] [id=16728]
  0x000002117f56a900 GCTaskThread "GC Thread#1" [stack: 0x0000002cd9900000,0x0000002cd9a00000] [id=8848]
  0x000002117fb4a140 GCTaskThread "GC Thread#2" [stack: 0x0000002cd9a00000,0x0000002cd9b00000] [id=15876]
  0x000002117fb16550 GCTaskThread "GC Thread#3" [stack: 0x0000002cd9b00000,0x0000002cd9c00000] [id=14156]
  0x000002117fb995d0 GCTaskThread "GC Thread#4" [stack: 0x0000002cd9c00000,0x0000002cd9d00000] [id=2328]
  0x000002117fb99ca0 GCTaskThread "GC Thread#5" [stack: 0x0000002cd9d00000,0x0000002cd9e00000] [id=8408]
  0x00000211410d1320 GCTaskThread "GC Thread#6" [stack: 0x0000002cd8200000,0x0000002cd8300000] [id=1420]
  0x0000021141056050 GCTaskThread "GC Thread#7" [stack: 0x0000002cd8300000,0x0000002cd8400000] [id=6032]
  0x00000211612889c0 ConcurrentGCThread "G1 Main Marker" [stack: 0x0000002cd8700000,0x0000002cd8800000] [id=15600]
  0x00000211612893d0 ConcurrentGCThread "G1 Conc#0" [stack: 0x0000002cd8800000,0x0000002cd8900000] [id=3988]
  0x00000211612ea660 ConcurrentGCThread "G1 Refine#0" [stack: 0x0000002cd8900000,0x0000002cd8a00000] [id=16900]
  0x00000211612eb090 ConcurrentGCThread "G1 Service" [stack: 0x0000002cd8a00000,0x0000002cd8b00000] [id=968]

Threads with active compile tasks:
C2 CompilerThread0  11855796 2107       4       org.gradle.internal.logging.console.BuildStatusRenderer::renderNow (43 bytes)

VM state: not at safepoint (normal execution)

VM Mutex/Monitor currently owned by a thread: None

Heap address: 0x00000000fc000000, size: 64 MB, Compressed Oops mode: 32-bit

CDS archive(s) mapped at: [0x0000021100000000-0x0000021100bd0000-0x0000021100bd0000), size 12386304, SharedBaseAddress: 0x0000021100000000, ArchiveRelocationMode: 1.
Compressed class space mapped at: 0x0000021101000000-0x0000021141000000, reserved size: 1073741824
Narrow klass base: 0x0000021100000000, Narrow klass shift: 0, Narrow klass range: 0x100000000

GC Precious Log:
 CPUs: 8 total, 8 available
 Memory: 8058M
 Large Page Support: Disabled
 NUMA Support: Disabled
 Compressed Oops: Enabled (32-bit)
 Heap Region Size: 1M
 Heap Min Capacity: 64M
 Heap Initial Capacity: 64M
 Heap Max Capacity: 64M
 Pre-touch: Disabled
 Parallel Workers: 8
 Concurrent Workers: 2
 Concurrent Refinement Workers: 8
 Periodic GC: Disabled

Heap:
 garbage-first heap   total 65536K, used 34819K [0x00000000fc000000, 0x0000000100000000)
  region size 1024K, 26 young (26624K), 3 survivors (3072K)
 Metaspace       used 10018K, committed 10176K, reserved 1114112K
  class space    used 1277K, committed 1344K, reserved 1048576K

Heap Regions: E=young(eden), S=young(survivor), O=old, HS=humongous(starts), HC=humongous(continues), CS=collection set, F=free, OA=open archive, CA=closed archive, TAMS=top-at-mark-start (previous, next)
|   0|0x00000000fc000000, 0x00000000fc100000, 0x00000000fc100000|100%| O|  |TAMS 0x00000000fc000000, 0x00000000fc000000| Untracked 
|   1|0x00000000fc100000, 0x00000000fc200000, 0x00000000fc200000|100%| O|  |TAMS 0x00000000fc100000, 0x00000000fc100000| Untracked 
|   2|0x00000000fc200000, 0x00000000fc22ac00, 0x00000000fc300000| 16%| O|  |TAMS 0x00000000fc200000, 0x00000000fc200000| Untracked 
|   3|0x00000000fc300000, 0x00000000fc400000, 0x00000000fc400000|100%|HS|  |TAMS 0x00000000fc300000, 0x00000000fc300000| Complete 
|   4|0x00000000fc400000, 0x00000000fc500000, 0x00000000fc500000|100%|HC|  |TAMS 0x00000000fc400000, 0x00000000fc400000| Complete 
|   5|0x00000000fc500000, 0x00000000fc600000, 0x00000000fc600000|100%|HC|  |TAMS 0x00000000fc500000, 0x00000000fc500000| Complete 
|   6|0x00000000fc600000, 0x00000000fc700000, 0x00000000fc700000|100%| O|  |TAMS 0x00000000fc600000, 0x00000000fc600000| Untracked 
|   7|0x00000000fc700000, 0x00000000fc800000, 0x00000000fc800000|100%| O|  |TAMS 0x00000000fc700000, 0x00000000fc700000| Untracked 
|   8|0x00000000fc800000, 0x00000000fc900000, 0x00000000fc900000|100%| O|  |TAMS 0x00000000fc800000, 0x00000000fc800000| Untracked 
|   9|0x00000000fc900000, 0x00000000fca00000, 0x00000000fca00000|100%| O|  |TAMS 0x00000000fc900000, 0x00000000fc900000| Untracked 
|  10|0x00000000fca00000, 0x00000000fca00000, 0x00000000fcb00000|  0%| F|  |TAMS 0x00000000fca00000, 0x00000000fca00000| Untracked 
|  11|0x00000000fcb00000, 0x00000000fcb00000, 0x00000000fcc00000|  0%| F|  |TAMS 0x00000000fcb00000, 0x00000000fcb00000| Untracked 
|  12|0x00000000fcc00000, 0x00000000fcc00000, 0x00000000fcd00000|  0%| F|  |TAMS 0x00000000fcc00000, 0x00000000fcc00000| Untracked 
|  13|0x00000000fcd00000, 0x00000000fcd00000, 0x00000000fce00000|  0%| F|  |TAMS 0x00000000fcd00000, 0x00000000fcd00000| Untracked 
|  14|0x00000000fce00000, 0x00000000fce00000, 0x00000000fcf00000|  0%| F|  |TAMS 0x00000000fce00000, 0x00000000fce00000| Untracked 
|  15|0x00000000fcf00000, 0x00000000fcf00000, 0x00000000fd000000|  0%| F|  |TAMS 0x00000000fcf00000, 0x00000000fcf00000| Untracked 
|  16|0x00000000fd000000, 0x00000000fd000000, 0x00000000fd100000|  0%| F|  |TAMS 0x00000000fd000000, 0x00000000fd000000| Untracked 
|  17|0x00000000fd100000, 0x00000000fd100000, 0x00000000fd200000|  0%| F|  |TAMS 0x00000000fd100000, 0x00000000fd100000| Untracked 
|  18|0x00000000fd200000, 0x00000000fd200000, 0x00000000fd300000|  0%| F|  |TAMS 0x00000000fd200000, 0x00000000fd200000| Untracked 
|  19|0x00000000fd300000, 0x00000000fd300000, 0x00000000fd400000|  0%| F|  |TAMS 0x00000000fd300000, 0x00000000fd300000| Untracked 
|  20|0x00000000fd400000, 0x00000000fd400000, 0x00000000fd500000|  0%| F|  |TAMS 0x00000000fd400000, 0x00000000fd400000| Untracked 
|  21|0x00000000fd500000, 0x00000000fd500000, 0x00000000fd600000|  0%| F|  |TAMS 0x00000000fd500000, 0x00000000fd500000| Untracked 
|  22|0x00000000fd600000, 0x00000000fd600000, 0x00000000fd700000|  0%| F|  |TAMS 0x00000000fd600000, 0x00000000fd600000| Untracked 
|  23|0x00000000fd700000, 0x00000000fd700000, 0x00000000fd800000|  0%| F|  |TAMS 0x00000000fd700000, 0x00000000fd700000| Untracked 
|  24|0x00000000fd800000, 0x00000000fd800000, 0x00000000fd900000|  0%| F|  |TAMS 0x00000000fd800000, 0x00000000fd800000| Untracked 
|  25|0x00000000fd900000, 0x00000000fd900000, 0x00000000fda00000|  0%| F|  |TAMS 0x00000000fd900000, 0x00000000fd900000| Untracked 
|  26|0x00000000fda00000, 0x00000000fda00000, 0x00000000fdb00000|  0%| F|  |TAMS 0x00000000fda00000, 0x00000000fda00000| Untracked 
|  27|0x00000000fdb00000, 0x00000000fdb00000, 0x00000000fdc00000|  0%| F|  |TAMS 0x00000000fdb00000, 0x00000000fdb00000| Untracked 
|  28|0x00000000fdc00000, 0x00000000fdc00000, 0x00000000fdd00000|  0%| F|  |TAMS 0x00000000fdc00000, 0x00000000fdc00000| Untracked 
|  29|0x00000000fdd00000, 0x00000000fdd00000, 0x00000000fde00000|  0%| F|  |TAMS 0x00000000fdd00000, 0x00000000fdd00000| Untracked 
|  30|0x00000000fde00000, 0x00000000fde00000, 0x00000000fdf00000|  0%| F|  |TAMS 0x00000000fde00000, 0x00000000fde00000| Untracked 
|  31|0x00000000fdf00000, 0x00000000fdf00000, 0x00000000fe000000|  0%| F|  |TAMS 0x00000000fdf00000, 0x00000000fdf00000| Untracked 
|  32|0x00000000fe000000, 0x00000000fe000000, 0x00000000fe100000|  0%| F|  |TAMS 0x00000000fe000000, 0x00000000fe000000| Untracked 
|  33|0x00000000fe100000, 0x00000000fe100000, 0x00000000fe200000|  0%| F|  |TAMS 0x00000000fe100000, 0x00000000fe100000| Untracked 
|  34|0x00000000fe200000, 0x00000000fe200000, 0x00000000fe300000|  0%| F|  |TAMS 0x00000000fe200000, 0x00000000fe200000| Untracked 
|  35|0x00000000fe300000, 0x00000000fe300000, 0x00000000fe400000|  0%| F|  |TAMS 0x00000000fe300000, 0x00000000fe300000| Untracked 
|  36|0x00000000fe400000, 0x00000000fe4d6038, 0x00000000fe500000| 83%| S|CS|TAMS 0x00000000fe400000, 0x00000000fe400000| Complete 
|  37|0x00000000fe500000, 0x00000000fe600000, 0x00000000fe600000|100%| S|CS|TAMS 0x00000000fe500000, 0x00000000fe500000| Complete 
|  38|0x00000000fe600000, 0x00000000fe600000, 0x00000000fe700000|  0%| F|  |TAMS 0x00000000fe600000, 0x00000000fe600000| Untracked 
|  39|0x00000000fe700000, 0x00000000fe700000, 0x00000000fe800000|  0%| F|  |TAMS 0x00000000fe700000, 0x00000000fe700000| Untracked 
|  40|0x00000000fe800000, 0x00000000fe8b00a0, 0x00000000fe900000| 68%| E|  |TAMS 0x00000000fe800000, 0x00000000fe800000| Complete 
|  41|0x00000000fe900000, 0x00000000fea00000, 0x00000000fea00000|100%| S|CS|TAMS 0x00000000fe900000, 0x00000000fe900000| Complete 
|  42|0x00000000fea00000, 0x00000000feb00000, 0x00000000feb00000|100%| E|CS|TAMS 0x00000000fea00000, 0x00000000fea00000| Complete 
|  43|0x00000000feb00000, 0x00000000fec00000, 0x00000000fec00000|100%| E|CS|TAMS 0x00000000feb00000, 0x00000000feb00000| Complete 
|  44|0x00000000fec00000, 0x00000000fed00000, 0x00000000fed00000|100%| E|CS|TAMS 0x00000000fec00000, 0x00000000fec00000| Complete 
|  45|0x00000000fed00000, 0x00000000fee00000, 0x00000000fee00000|100%| E|CS|TAMS 0x00000000fed00000, 0x00000000fed00000| Complete 
|  46|0x00000000fee00000, 0x00000000fef00000, 0x00000000fef00000|100%| E|CS|TAMS 0x00000000fee00000, 0x00000000fee00000| Complete 
|  47|0x00000000fef00000, 0x00000000ff000000, 0x00000000ff000000|100%| E|CS|TAMS 0x00000000fef00000, 0x00000000fef00000| Complete 
|  48|0x00000000ff000000, 0x00000000ff100000, 0x00000000ff100000|100%| E|CS|TAMS 0x00000000ff000000, 0x00000000ff000000| Complete 
|  49|0x00000000ff100000, 0x00000000ff200000, 0x00000000ff200000|100%| E|CS|TAMS 0x00000000ff100000, 0x00000000ff100000| Complete 
|  50|0x00000000ff200000, 0x00000000ff300000, 0x00000000ff300000|100%| E|CS|TAMS 0x00000000ff200000, 0x00000000ff200000| Complete 
|  51|0x00000000ff300000, 0x00000000ff400000, 0x00000000ff400000|100%| E|CS|TAMS 0x00000000ff300000, 0x00000000ff300000| Complete 
|  52|0x00000000ff400000, 0x00000000ff500000, 0x00000000ff500000|100%| E|CS|TAMS 0x00000000ff400000, 0x00000000ff400000| Complete 
|  53|0x00000000ff500000, 0x00000000ff600000, 0x00000000ff600000|100%| E|CS|TAMS 0x00000000ff500000, 0x00000000ff500000| Complete 
|  54|0x00000000ff600000, 0x00000000ff700000, 0x00000000ff700000|100%| E|CS|TAMS 0x00000000ff600000, 0x00000000ff600000| Complete 
|  55|0x00000000ff700000, 0x00000000ff800000, 0x00000000ff800000|100%| E|CS|TAMS 0x00000000ff700000, 0x00000000ff700000| Complete 
|  56|0x00000000ff800000, 0x00000000ff900000, 0x00000000ff900000|100%| E|CS|TAMS 0x00000000ff800000, 0x00000000ff800000| Complete 
|  57|0x00000000ff900000, 0x00000000ffa00000, 0x00000000ffa00000|100%| E|CS|TAMS 0x00000000ff900000, 0x00000000ff900000| Complete 
|  58|0x00000000ffa00000, 0x00000000ffb00000, 0x00000000ffb00000|100%| E|CS|TAMS 0x00000000ffa00000, 0x00000000ffa00000| Complete 
|  59|0x00000000ffb00000, 0x00000000ffc00000, 0x00000000ffc00000|100%| E|CS|TAMS 0x00000000ffb00000, 0x00000000ffb00000| Complete 
|  60|0x00000000ffc00000, 0x00000000ffd00000, 0x00000000ffd00000|100%| E|CS|TAMS 0x00000000ffc00000, 0x00000000ffc00000| Complete 
|  61|0x00000000ffd00000, 0x00000000ffe00000, 0x00000000ffe00000|100%| E|CS|TAMS 0x00000000ffd00000, 0x00000000ffd00000| Complete 
|  62|0x00000000ffe00000, 0x00000000fff00000, 0x00000000fff00000|100%| E|CS|TAMS 0x00000000ffe00000, 0x00000000ffe00000| Complete 
|  63|0x00000000fff00000, 0x0000000100000000, 0x0000000100000000|100%| E|CS|TAMS 0x00000000fff00000, 0x00000000fff00000| Complete 

Card table byte_map: [0x0000021161180000,0x00000211611a0000] _byte_map_base: 0x00000211609a0000

Marking Bits (Prev, Next): (CMBitMap*) 0x0000021161287890, (CMBitMap*) 0x00000211612878d0
 Prev Bits: [0x0000021177e60000, 0x0000021177f60000)
 Next Bits: [0x0000021177f60000, 0x0000021178060000)

Polling page: 0x000002115f240000

Metaspace:

Usage:
  Non-class:      8.54 MB used.
      Class:      1.25 MB used.
       Both:      9.78 MB used.

Virtual space:
  Non-class space:       64.00 MB reserved,       8.62 MB ( 13%) committed,  1 nodes.
      Class space:        1.00 GB reserved,       1.31 MB ( <1%) committed,  1 nodes.
             Both:        1.06 GB reserved,       9.94 MB ( <1%) committed. 

Chunk freelists:
   Non-Class:  6.70 MB
       Class:  14.58 MB
        Both:  21.28 MB

MaxMetaspaceSize: unlimited
CompressedClassSpaceSize: 1.00 GB
Initial GC threshold: 21.00 MB
Current GC threshold: 21.00 MB
CDS: on
MetaspaceReclaimPolicy: balanced
 - commit_granule_bytes: 65536.
 - commit_granule_words: 8192.
 - virtual_space_node_default_size: 8388608.
 - enlarge_chunks_in_place: 1.
 - new_chunks_are_fully_committed: 0.
 - uncommit_free_chunks: 1.
 - use_allocation_guard: 0.
 - handle_deallocations: 1.


Internal statistics:

num_allocs_failed_limit: 0.
num_arena_births: 90.
num_arena_deaths: 0.
num_vsnodes_births: 2.
num_vsnodes_deaths: 0.
num_space_committed: 159.
num_space_uncommitted: 0.
num_chunks_returned_to_freelist: 0.
num_chunks_taken_from_freelist: 342.
num_chunk_merges: 0.
num_chunk_splits: 229.
num_chunks_enlarged: 192.
num_inconsistent_stats: 0.

CodeHeap 'non-profiled nmethods': size=120000Kb used=1063Kb max_used=1063Kb free=118936Kb
 bounds [0x0000021170600000, 0x0000021170870000, 0x0000021177b30000]
CodeHeap 'profiled nmethods': size=120000Kb used=3896Kb max_used=3896Kb free=116103Kb
 bounds [0x0000021168b30000, 0x0000021168f00000, 0x0000021170060000]
CodeHeap 'non-nmethods': size=5760Kb used=1191Kb max_used=1263Kb free=4568Kb
 bounds [0x0000021170060000, 0x00000211702d0000, 0x0000021170600000]
 total_blobs=2593 nmethods=2104 adapters=402
 compilation: enabled
              stopped_count=0, restarted_count=0
 full_count=0

Compilation events (20 events):
Event: 745.535 Thread 0x000002117a9fc6f0 nmethod 2096 0x0000021170700790 code [0x0000021170700940, 0x00000211707012c8]
Event: 844.801 Thread 0x000002117a9fec20 2098       3       org.gradle.internal.time.TimeSource$1::currentTimeMillis (4 bytes)
Event: 844.801 Thread 0x000002117a9fec20 nmethod 2098 0x0000021168efce10 code [0x0000021168efcfa0, 0x0000021168efd0d8]
Event: 860.199 Thread 0x000002117a9fec20 2099       3       org.gradle.internal.time.MonotonicClock::sync (26 bytes)
Event: 860.200 Thread 0x000002117a9fec20 nmethod 2099 0x0000021168efd190 code [0x0000021168efd360, 0x0000021168efd5b8]
Event: 984.499 Thread 0x000002117a9fc6f0 2100       4       com.google.common.collect.Lists$ReverseList$1::hasNext (10 bytes)
Event: 984.501 Thread 0x000002117a9fc6f0 nmethod 2100 0x0000021170701b90 code [0x0000021170701d00, 0x0000021170701db8]
Event: 1033.504 Thread 0x000002117a9fc6f0 2101       4       org.fusesource.jansi.Ansi::appendEscapeSequence (44 bytes)
Event: 1033.578 Thread 0x000002117a9fc6f0 nmethod 2101 0x0000021170701e90 code [0x00000211707020c0, 0x0000021170703be0]
Event: 11853.225 Thread 0x000002117a9fc6f0 2102       4       java.io.OutputStreamWriter::flush (8 bytes)
Event: 11853.235 Thread 0x000002117a9fec20 2104       3       org.gradle.internal.logging.console.BuildStatusRenderer::renderNow (43 bytes)
Event: 11853.236 Thread 0x000002117a9fec20 nmethod 2104 0x0000021168efd790 code [0x0000021168efd980, 0x0000021168efde98]
Event: 11853.238 Thread 0x000002117a9fc6f0 nmethod 2102 0x0000021170704890 code [0x0000021170704a60, 0x00000211707055c8]
Event: 11853.238 Thread 0x000002117a9fc6f0 2103   !   4       org.gradle.internal.logging.console.AnsiConsole::flush (27 bytes)
Event: 11853.263 Thread 0x000002117a9fc6f0 nmethod 2103 0x0000021170705c90 code [0x0000021170705f20, 0x00000211707071f0]
Event: 11853.263 Thread 0x000002117a9fc6f0 2105       4       org.gradle.internal.logging.console.DefaultAnsiExecutor::write (39 bytes)
Event: 11853.287 Thread 0x000002117a9fc6f0 nmethod 2105 0x0000021170707d10 code [0x0000021170707f60, 0x0000021170708ef0]
Event: 11853.342 Thread 0x000002117a9fc6f0 2106       4       org.gradle.internal.logging.console.AnsiConsole::redraw (64 bytes)
Event: 11853.345 Thread 0x000002117a9fc6f0 nmethod 2106 0x0000021170709810 code [0x00000211707099c0, 0x0000021170709b38]
Event: 11855.044 Thread 0x000002117a9fc6f0 2107       4       org.gradle.internal.logging.console.BuildStatusRenderer::renderNow (43 bytes)

GC Heap History (4 events):
Event: 1.247 GC heap before
{Heap before GC invocations=0 (full 0):
 garbage-first heap   total 65536K, used 28672K [0x00000000fc000000, 0x0000000100000000)
  region size 1024K, 23 young (23552K), 0 survivors (0K)
 Metaspace       used 3932K, committed 4160K, reserved 1114112K
  class space    used 502K, committed 576K, reserved 1048576K
}
Event: 1.258 GC heap after
{Heap after GC invocations=1 (full 0):
 garbage-first heap   total 65536K, used 9312K [0x00000000fc000000, 0x0000000100000000)
  region size 1024K, 3 young (3072K), 3 survivors (3072K)
 Metaspace       used 3932K, committed 4160K, reserved 1114112K
  class space    used 502K, committed 576K, reserved 1048576K
}
Event: 73.683 GC heap before
{Heap before GC invocations=1 (full 0):
 garbage-first heap   total 65536K, used 31840K [0x00000000fc000000, 0x0000000100000000)
  region size 1024K, 25 young (25600K), 3 survivors (3072K)
 Metaspace       used 9830K, committed 10048K, reserved 1114112K
  class space    used 1277K, committed 1344K, reserved 1048576K
}
Event: 73.693 GC heap after
{Heap after GC invocations=2 (full 0):
 garbage-first heap   total 65536K, used 12291K [0x00000000fc000000, 0x0000000100000000)
  region size 1024K, 3 young (3072K), 3 survivors (3072K)
 Metaspace       used 9830K, committed 10048K, reserved 1114112K
  class space    used 1277K, committed 1344K, reserved 1048576K
}

Deoptimization events (20 events):
Event: 6.831 Thread 0x0000021161265ff0 Uncommon trap: trap_request=0xffffffc6 fr.pc=0x000002117067b16c relative=0x00000000000012cc
Event: 6.831 Thread 0x0000021161265ff0 Uncommon trap: reason=bimorphic_or_optimized_type_check action=maybe_recompile pc=0x000002117067b16c method=java.util.HashMap.putVal(ILjava/lang/Object;Ljava/lang/Object;ZZ)Ljava/lang/Object; @ 203 c2
Event: 6.831 Thread 0x0000021161265ff0 DEOPT PACKING pc=0x000002117067b16c sp=0x0000002cd85f9ae0
Event: 6.831 Thread 0x0000021161265ff0 DEOPT UNPACKING pc=0x00000211700b23a3 sp=0x0000002cd85f9a70 mode 2
Event: 6.832 Thread 0x0000021161265ff0 Uncommon trap: trap_request=0xffffffc6 fr.pc=0x000002117067b16c relative=0x00000000000012cc
Event: 6.832 Thread 0x0000021161265ff0 Uncommon trap: reason=bimorphic_or_optimized_type_check action=maybe_recompile pc=0x000002117067b16c method=java.util.HashMap.putVal(ILjava/lang/Object;Ljava/lang/Object;ZZ)Ljava/lang/Object; @ 203 c2
Event: 6.832 Thread 0x0000021161265ff0 DEOPT PACKING pc=0x000002117067b16c sp=0x0000002cd85f9ae0
Event: 6.832 Thread 0x0000021161265ff0 DEOPT UNPACKING pc=0x00000211700b23a3 sp=0x0000002cd85f9a70 mode 2
Event: 6.841 Thread 0x0000021161265ff0 Uncommon trap: trap_request=0xffffffc6 fr.pc=0x000002117067b16c relative=0x00000000000012cc
Event: 6.841 Thread 0x0000021161265ff0 Uncommon trap: reason=bimorphic_or_optimized_type_check action=maybe_recompile pc=0x000002117067b16c method=java.util.HashMap.putVal(ILjava/lang/Object;Ljava/lang/Object;ZZ)Ljava/lang/Object; @ 203 c2
Event: 6.841 Thread 0x0000021161265ff0 DEOPT PACKING pc=0x000002117067b16c sp=0x0000002cd85f9ae0
Event: 6.841 Thread 0x0000021161265ff0 DEOPT UNPACKING pc=0x00000211700b23a3 sp=0x0000002cd85f9a70 mode 2
Event: 267.110 Thread 0x000002117fbf9590 DEOPT PACKING pc=0x0000021168e36303 sp=0x0000002cd9efe7d0
Event: 267.111 Thread 0x000002117fbf9590 DEOPT UNPACKING pc=0x00000211700b2b43 sp=0x0000002cd9efdc40 mode 0
Event: 354.708 Thread 0x000002117fbf9590 DEOPT PACKING pc=0x0000021168e83af4 sp=0x0000002cd9efeb60
Event: 354.708 Thread 0x000002117fbf9590 DEOPT UNPACKING pc=0x00000211700b2b43 sp=0x0000002cd9efe030 mode 0
Event: 11853.220 Thread 0x000002117fbf9590 Uncommon trap: trap_request=0xffffff45 fr.pc=0x00000211706de2ac relative=0x000000000000712c
Event: 11853.220 Thread 0x000002117fbf9590 Uncommon trap: reason=unstable_if action=reinterpret pc=0x00000211706de2ac method=org.gradle.internal.time.TimeFormatting.formatDurationTerse(J)Ljava/lang/String; @ 13 c2
Event: 11853.220 Thread 0x000002117fbf9590 DEOPT PACKING pc=0x00000211706de2ac sp=0x0000002cd9eff040
Event: 11853.220 Thread 0x000002117fbf9590 DEOPT UNPACKING pc=0x00000211700b23a3 sp=0x0000002cd9efef00 mode 2

Classes unloaded (0 events):
No events

Classes redefined (0 events):
No events

Internal exceptions (20 events):
Event: 1.133 Thread 0x0000021161265ff0 Exception <a 'java/lang/NoSuchMethodError'{0x00000000fea71e98}: 'java.lang.Object java.lang.invoke.DirectMethodHandle$Holder.invokeVirtual(java.lang.Object, java.lang.Object, java.lang.Object, java.lang.Object, java.lang.Object, java.lang.Object, java.lang.Object)'> (0x00000000fea71e98) 
thrown [s\open\src\hotspot\share\interpreter\linkResolver.cpp, line 759]
Event: 1.137 Thread 0x0000021161265ff0 Exception <a 'java/lang/NoSuchMethodError'{0x00000000fea839d8}: 'java.lang.Object java.lang.invoke.Invokers$Holder.invoker(java.lang.Object, java.lang.Object, java.lang.Object)'> (0x00000000fea839d8) 
thrown [s\open\src\hotspot\share\interpreter\linkResolver.cpp, line 759]
Event: 1.140 Thread 0x0000021161265ff0 Exception <a 'java/lang/NoSuchMethodError'{0x00000000fea8caa8}: 'java.lang.Object java.lang.invoke.DirectMethodHandle$Holder.invokeStatic(java.lang.Object, java.lang.Object, int)'> (0x00000000fea8caa8) 
thrown [s\open\src\hotspot\share\interpreter\linkResolver.cpp, line 759]
Event: 1.146 Thread 0x0000021161265ff0 Exception <a 'java/lang/NoSuchMethodError'{0x00000000fea98798}: 'void java.lang.invoke.DelegatingMethodHandle$Holder.delegate(java.lang.Object, java.lang.Object, int, java.lang.Object)'> (0x00000000fea98798) 
thrown [s\open\src\hotspot\share\interpreter\linkResolver.cpp, line 759]
Event: 1.148 Thread 0x0000021161265ff0 Exception <a 'java/lang/NoSuchMethodError'{0x00000000fea9c8e0}: 'int java.lang.invoke.DirectMethodHandle$Holder.invokeSpecial(java.lang.Object, java.lang.Object, java.lang.Object)'> (0x00000000fea9c8e0) 
thrown [s\open\src\hotspot\share\interpreter\linkResolver.cpp, line 759]
Event: 1.153 Thread 0x0000021161265ff0 Exception <a 'java/lang/NoSuchMethodError'{0x00000000feaafa28}: 'java.lang.Object java.lang.invoke.Invokers$Holder.invokeExact_MT(java.lang.Object, java.lang.Object, java.lang.Object, java.lang.Object)'> (0x00000000feaafa28) 
thrown [s\open\src\hotspot\share\interpreter\linkResolver.cpp, line 759]
Event: 1.449 Thread 0x0000021161265ff0 Exception <a 'java/lang/NoSuchMethodError'{0x00000000ffb1ac88}: 'java.lang.Object java.lang.invoke.DirectMethodHandle$Holder.invokeInterface(java.lang.Object, java.lang.Object, java.lang.Object)'> (0x00000000ffb1ac88) 
thrown [s\open\src\hotspot\share\interpreter\linkResolver.cpp, line 759]
Event: 1.491 Thread 0x0000021161265ff0 Implicit null exception at 0x0000021170645b13 to 0x0000021170645f6c
Event: 1.491 Thread 0x0000021161265ff0 Implicit null exception at 0x000002117063f191 to 0x000002117063f5c8
Event: 1.537 Thread 0x0000021161265ff0 Exception <a 'java/lang/NoSuchMethodError'{0x00000000ffad0300}: 'java.lang.Object java.lang.invoke.DirectMethodHandle$Holder.invokeStaticInit(java.lang.Object)'> (0x00000000ffad0300) 
thrown [s\open\src\hotspot\share\interpreter\linkResolver.cpp, line 759]
Event: 1.755 Thread 0x0000021161265ff0 Exception <a 'java/lang/NoSuchMethodError'{0x00000000ff686310}: 'java.lang.Object java.lang.invoke.DirectMethodHandle$Holder.invokeStaticInit(java.lang.Object, int, int, int, int)'> (0x00000000ff686310) 
thrown [s\open\src\hotspot\share\interpreter\linkResolver.cpp, line 759]
Event: 1.898 Thread 0x0000021161265ff0 Exception <a 'java/lang/NoSuchMethodError'{0x00000000ff6f79b0}: 'java.lang.Object java.lang.invoke.DirectMethodHandle$Holder.invokeStaticInit(java.lang.Object, java.lang.Object, int, int, int, int)'> (0x00000000ff6f79b0) 
thrown [s\open\src\hotspot\share\interpreter\linkResolver.cpp, line 759]
Event: 2.193 Thread 0x0000021161265ff0 Exception <a 'java/lang/NoSuchMethodError'{0x00000000ff525998}: 'void java.lang.invoke.DirectMethodHandle$Holder.invokeStatic(java.lang.Object, java.lang.Object, java.lang.Object)'> (0x00000000ff525998) 
thrown [s\open\src\hotspot\share\interpreter\linkResolver.cpp, line 759]
Event: 2.233 Thread 0x0000021161265ff0 Implicit null exception at 0x0000021170636ef2 to 0x000002117063750c
Event: 2.234 Thread 0x0000021161265ff0 Implicit null exception at 0x0000021170640a72 to 0x000002117064108c
Event: 2.633 Thread 0x00000211412b81a0 Exception <a 'java/lang/NoSuchMethodError'{0x00000000feeebe78}: 'void java.lang.invoke.DirectMethodHandle$Holder.invokeStatic(java.lang.Object, long)'> (0x00000000feeebe78) 
thrown [s\open\src\hotspot\share\interpreter\linkResolver.cpp, line 759]
Event: 2.634 Thread 0x00000211412b81a0 Exception <a 'java/lang/NoSuchMethodError'{0x00000000feef1528}: 'java.lang.Object java.lang.invoke.DirectMethodHandle$Holder.newInvokeSpecial(java.lang.Object, long)'> (0x00000000feef1528) 
thrown [s\open\src\hotspot\share\interpreter\linkResolver.cpp, line 759]
Event: 2.639 Thread 0x00000211412b81a0 Exception <a 'java/lang/NoSuchMethodError'{0x00000000feefc6d0}: 'java.lang.Object java.lang.invoke.DirectMethodHandle$Holder.invokeStaticInit(java.lang.Object, java.lang.Object, long, java.lang.Object)'> (0x00000000feefc6d0) 
thrown [s\open\src\hotspot\share\interpreter\linkResolver.cpp, line 759]
Event: 2.643 Thread 0x00000211412b81a0 Exception <a 'java/lang/NoSuchMethodError'{0x00000000fed037d0}: 'java.lang.Object java.lang.invoke.DirectMethodHandle$Holder.newInvokeSpecial(java.lang.Object, java.lang.Object, long)'> (0x00000000fed037d0) 
thrown [s\open\src\hotspot\share\interpreter\linkResolver.cpp, line 759]
Event: 2.644 Thread 0x00000211412b81a0 Exception <a 'java/lang/NoSuchMethodError'{0x00000000fed07ac0}: 'java.lang.Object java.lang.invoke.Invokers$Holder.linkToTargetMethod(java.lang.Object, long, java.lang.Object)'> (0x00000000fed07ac0) 
thrown [s\open\src\hotspot\share\interpreter\linkResolver.cpp, line 759]

VM Operations (20 events):
Event: 520.285 Executing VM operation: Cleanup
Event: 520.285 Executing VM operation: Cleanup done
Event: 527.344 Executing VM operation: Cleanup
Event: 527.344 Executing VM operation: Cleanup done
Event: 535.388 Executing VM operation: Cleanup
Event: 535.388 Executing VM operation: Cleanup done
Event: 538.418 Executing VM operation: Cleanup
Event: 538.418 Executing VM operation: Cleanup done
Event: 539.421 Executing VM operation: Cleanup
Event: 539.421 Executing VM operation: Cleanup done
Event: 541.203 Executing VM operation: HandshakeAllThreads
Event: 541.203 Executing VM operation: HandshakeAllThreads done
Event: 556.316 Executing VM operation: Cleanup
Event: 556.316 Executing VM operation: Cleanup done
Event: 613.667 Executing VM operation: Cleanup
Event: 613.667 Executing VM operation: Cleanup done
Event: 986.031 Executing VM operation: Cleanup
Event: 986.031 Executing VM operation: Cleanup done
Event: 11853.567 Executing VM operation: Cleanup
Event: 11853.568 Executing VM operation: Cleanup done

Events (20 events):
Event: 73.376 loading class jdk/internal/reflect/ByteVectorImpl
Event: 73.376 loading class jdk/internal/reflect/ByteVector
Event: 73.376 loading class jdk/internal/reflect/ByteVector done
Event: 73.376 loading class jdk/internal/reflect/ByteVectorImpl done
Event: 73.376 loading class jdk/internal/reflect/ClassFileAssembler
Event: 73.377 loading class jdk/internal/reflect/ClassFileAssembler done
Event: 73.377 loading class jdk/internal/reflect/UTF8
Event: 73.377 loading class jdk/internal/reflect/UTF8 done
Event: 73.379 loading class jdk/internal/reflect/Label
Event: 73.379 loading class jdk/internal/reflect/Label done
Event: 73.379 loading class jdk/internal/reflect/Label$PatchInfo
Event: 73.379 loading class jdk/internal/reflect/Label$PatchInfo done
Event: 73.379 loading class jdk/internal/reflect/MethodAccessorGenerator$1
Event: 73.379 loading class jdk/internal/reflect/MethodAccessorGenerator$1 done
Event: 73.379 loading class jdk/internal/reflect/ClassDefiner
Event: 73.379 loading class jdk/internal/reflect/ClassDefiner done
Event: 73.379 loading class jdk/internal/reflect/ClassDefiner$1
Event: 73.379 loading class jdk/internal/reflect/ClassDefiner$1 done
Event: 73.433 loading class java/util/ArrayList$ListItr
Event: 73.433 loading class java/util/ArrayList$ListItr done


Dynamic libraries:
0x00007ff6803d0000 - 0x00007ff6803e0000 	C:\Program Files\Java\jdk-17.0.11\bin\java.exe
0x00007ff8decd0000 - 0x00007ff8deec8000 	C:\WINDOWS\SYSTEM32\ntdll.dll
0x00007ff8de720000 - 0x00007ff8de7dd000 	C:\WINDOWS\System32\KERNEL32.DLL
0x00007ff8dc560000 - 0x00007ff8dc856000 	C:\WINDOWS\System32\KERNELBASE.dll
0x00007ff8dc380000 - 0x00007ff8dc480000 	C:\WINDOWS\System32\ucrtbase.dll
0x00007ff8d56f0000 - 0x00007ff8d5709000 	C:\Program Files\Java\jdk-17.0.11\bin\jli.dll
0x00007ff8de0d0000 - 0x00007ff8de180000 	C:\WINDOWS\System32\ADVAPI32.dll
0x00007ff8d56d0000 - 0x00007ff8d56eb000 	C:\Program Files\Java\jdk-17.0.11\bin\VCRUNTIME140.dll
0x00007ff8dea30000 - 0x00007ff8deace000 	C:\WINDOWS\System32\msvcrt.dll
0x00007ff8debf0000 - 0x00007ff8dec90000 	C:\WINDOWS\System32\sechost.dll
0x00007ff8dd620000 - 0x00007ff8dd743000 	C:\WINDOWS\System32\RPCRT4.dll
0x00007ff8dc920000 - 0x00007ff8dc947000 	C:\WINDOWS\System32\bcrypt.dll
0x00007ff8dd750000 - 0x00007ff8dd8ef000 	C:\WINDOWS\System32\USER32.dll
0x00007ff8dc480000 - 0x00007ff8dc4a2000 	C:\WINDOWS\System32\win32u.dll
0x00007ff8de7f0000 - 0x00007ff8de81b000 	C:\WINDOWS\System32\GDI32.dll
0x00007ff8c17c0000 - 0x00007ff8c1a5a000 	C:\WINDOWS\WinSxS\amd64_microsoft.windows.common-controls_6595b64144ccf1df_6.0.19041.3636_none_60b6a03d71f818d5\COMCTL32.dll
0x00007ff8dcb50000 - 0x00007ff8dcc67000 	C:\WINDOWS\System32\gdi32full.dll
0x00007ff8dcab0000 - 0x00007ff8dcb4d000 	C:\WINDOWS\System32\msvcp_win.dll
0x00007ff8d4590000 - 0x00007ff8d459a000 	C:\WINDOWS\SYSTEM32\VERSION.dll
0x00007ff8dde50000 - 0x00007ff8dde82000 	C:\WINDOWS\System32\IMM32.DLL
0x00007ff8d7720000 - 0x00007ff8d772c000 	C:\Program Files\Java\jdk-17.0.11\bin\vcruntime140_1.dll
0x00007ff8b1bf0000 - 0x00007ff8b1c7e000 	C:\Program Files\Java\jdk-17.0.11\bin\msvcp140.dll
0x00007ff88ba30000 - 0x00007ff88c610000 	C:\Program Files\Java\jdk-17.0.11\bin\server\jvm.dll
0x00007ff8dcde0000 - 0x00007ff8dcde8000 	C:\WINDOWS\System32\PSAPI.DLL
0x00007ff8bad70000 - 0x00007ff8bad79000 	C:\WINDOWS\SYSTEM32\WSOCK32.dll
0x00007ff8c0da0000 - 0x00007ff8c0dc7000 	C:\WINDOWS\SYSTEM32\WINMM.dll
0x00007ff8ddd10000 - 0x00007ff8ddd7b000 	C:\WINDOWS\System32\WS2_32.dll
0x00007ff8dab60000 - 0x00007ff8dab72000 	C:\WINDOWS\SYSTEM32\kernel.appcore.dll
0x00007ff8d6380000 - 0x00007ff8d638a000 	C:\Program Files\Java\jdk-17.0.11\bin\jimage.dll
0x00007ff8da7f0000 - 0x00007ff8da9d4000 	C:\WINDOWS\SYSTEM32\DBGHELP.DLL
0x00007ff8c9040000 - 0x00007ff8c9074000 	C:\WINDOWS\SYSTEM32\dbgcore.DLL
0x00007ff8dcc70000 - 0x00007ff8dccf2000 	C:\WINDOWS\System32\bcryptPrimitives.dll
0x00007ff8bdf60000 - 0x00007ff8bdf85000 	C:\Program Files\Java\jdk-17.0.11\bin\java.dll
0x00007ff8afd60000 - 0x00007ff8afe37000 	C:\Program Files\Java\jdk-17.0.11\bin\jsvml.dll
0x00007ff8dcdf0000 - 0x00007ff8dd55b000 	C:\WINDOWS\System32\SHELL32.dll
0x00007ff8d9f30000 - 0x00007ff8da6ce000 	C:\WINDOWS\SYSTEM32\windows.storage.dll
0x00007ff8dd9b0000 - 0x00007ff8ddd03000 	C:\WINDOWS\System32\combase.dll
0x00007ff8dbce0000 - 0x00007ff8dbd0e000 	C:\WINDOWS\SYSTEM32\Wldp.dll
0x00007ff8de5f0000 - 0x00007ff8de6bd000 	C:\WINDOWS\System32\OLEAUT32.dll
0x00007ff8ddda0000 - 0x00007ff8dde4d000 	C:\WINDOWS\System32\SHCORE.dll
0x00007ff8dd8f0000 - 0x00007ff8dd945000 	C:\WINDOWS\System32\shlwapi.dll
0x00007ff8dc2b0000 - 0x00007ff8dc2d3000 	C:\WINDOWS\SYSTEM32\profapi.dll
0x00007ff8cb280000 - 0x00007ff8cb299000 	C:\Program Files\Java\jdk-17.0.11\bin\net.dll
0x00007ff8d2790000 - 0x00007ff8d289a000 	C:\WINDOWS\SYSTEM32\WINHTTP.dll
0x00007ff8dba20000 - 0x00007ff8dba8a000 	C:\WINDOWS\system32\mswsock.dll
0x00007ff8c1a80000 - 0x00007ff8c1a96000 	C:\Program Files\Java\jdk-17.0.11\bin\nio.dll
0x00007ff8bdb50000 - 0x00007ff8bdb68000 	C:\Program Files\Java\jdk-17.0.11\bin\zip.dll
0x00007ff8d60c0000 - 0x00007ff8d60d0000 	C:\Program Files\Java\jdk-17.0.11\bin\verify.dll
0x00007ff8bd8f0000 - 0x00007ff8bd917000 	C:\Users\marko\.gradle\native\e1d6ef7f7dcc3fd88c89a11ec53ec762bb8ba0a96d01ffa2cd45eb1d1d8dd5c5\windows-amd64\native-platform.dll
0x00007ff8d5f20000 - 0x00007ff8d5f2a000 	C:\Users\marko\.gradle\native\jansi\1.18\windows64\jansi.dll
0x00007ff8d5bf0000 - 0x00007ff8d5bfa000 	C:\Program Files\Java\jdk-17.0.11\bin\management.dll
0x00007ff8d5930000 - 0x00007ff8d593b000 	C:\Program Files\Java\jdk-17.0.11\bin\management_ext.dll
0x00007ff8dbc40000 - 0x00007ff8dbc58000 	C:\WINDOWS\SYSTEM32\CRYPTSP.dll
0x00007ff8db320000 - 0x00007ff8db354000 	C:\WINDOWS\system32\rsaenh.dll
0x00007ff8dc230000 - 0x00007ff8dc25e000 	C:\WINDOWS\SYSTEM32\USERENV.dll
0x00007ff8dbc30000 - 0x00007ff8dbc3c000 	C:\WINDOWS\SYSTEM32\CRYPTBASE.dll
0x00007ff8db6f0000 - 0x00007ff8db72b000 	C:\WINDOWS\SYSTEM32\IPHLPAPI.DLL
0x00007ff8de7e0000 - 0x00007ff8de7e8000 	C:\WINDOWS\System32\NSI.dll
0x00007ff8d45c0000 - 0x00007ff8d45d7000 	C:\WINDOWS\SYSTEM32\dhcpcsvc6.DLL
0x00007ff8d45a0000 - 0x00007ff8d45bd000 	C:\WINDOWS\SYSTEM32\dhcpcsvc.DLL
0x00007ff8db730000 - 0x00007ff8db7fb000 	C:\WINDOWS\SYSTEM32\DNSAPI.dll
0x00007ff8d56a0000 - 0x00007ff8d56ae000 	C:\Program Files\Java\jdk-17.0.11\bin\sunmscapi.dll
0x00007ff8dc950000 - 0x00007ff8dcaae000 	C:\WINDOWS\System32\CRYPT32.dll
0x00007ff8dbd50000 - 0x00007ff8dbd78000 	C:\WINDOWS\SYSTEM32\ncrypt.dll
0x00007ff8dbd10000 - 0x00007ff8dbd4b000 	C:\WINDOWS\SYSTEM32\NTASN1.dll
0x00007ff8d7440000 - 0x00007ff8d7447000 	C:\WINDOWS\system32\wshunix.dll

dbghelp: loaded successfully - version: 4.0.5 - missing functions: none
symbol engine: initialized successfully - sym options: 0x614 - pdb path: .;C:\Program Files\Java\jdk-17.0.11\bin;C:\WINDOWS\SYSTEM32;C:\WINDOWS\WinSxS\amd64_microsoft.windows.common-controls_6595b64144ccf1df_6.0.19041.3636_none_60b6a03d71f818d5;C:\Program Files\Java\jdk-17.0.11\bin\server;C:\Users\marko\.gradle\native\e1d6ef7f7dcc3fd88c89a11ec53ec762bb8ba0a96d01ffa2cd45eb1d1d8dd5c5\windows-amd64;C:\Users\marko\.gradle\native\jansi\1.18\windows64

VM Arguments:
jvm_args: -Xmx64m -Xms64m -Dorg.gradle.appname=gradlew 
java_command: org.gradle.wrapper.GradleWrapperMain run
java_class_path (initial): C:\Users\marko\Desktop\ISS_24\issLab24\unibo.basicrobot24\\gradle\wrapper\gradle-wrapper.jar
Launcher Type: SUN_STANDARD

[Global flags]
     intx CICompilerCount                          = 4                                         {product} {ergonomic}
     uint ConcGCThreads                            = 2                                         {product} {ergonomic}
     uint G1ConcRefinementThreads                  = 8                                         {product} {ergonomic}
   size_t G1HeapRegionSize                         = 1048576                                   {product} {ergonomic}
    uintx GCDrainStackTargetSize                   = 64                                        {product} {ergonomic}
   size_t InitialHeapSize                          = 67108864                                  {product} {command line}
   size_t MarkStackSize                            = 4194304                                   {product} {ergonomic}
   size_t MaxHeapSize                              = 67108864                                  {product} {command line}
   size_t MaxNewSize                               = 39845888                                  {product} {ergonomic}
   size_t MinHeapDeltaBytes                        = 1048576                                   {product} {ergonomic}
   size_t MinHeapSize                              = 67108864                                  {product} {command line}
    uintx NonNMethodCodeHeapSize                   = 5839372                                {pd product} {ergonomic}
    uintx NonProfiledCodeHeapSize                  = 122909434                              {pd product} {ergonomic}
    uintx ProfiledCodeHeapSize                     = 122909434                              {pd product} {ergonomic}
    uintx ReservedCodeCacheSize                    = 251658240                              {pd product} {ergonomic}
     bool SegmentedCodeCache                       = true                                      {product} {ergonomic}
   size_t SoftMaxHeapSize                          = 67108864                               {manageable} {ergonomic}
     bool UseCompressedClassPointers               = true                           {product lp64_product} {ergonomic}
     bool UseCompressedOops                        = true                           {product lp64_product} {ergonomic}
     bool UseG1GC                                  = true                                      {product} {ergonomic}
     bool UseLargePagesIndividualAllocation        = false                                  {pd product} {ergonomic}

Logging:
Log output configuration:
 #0: stdout all=warning uptime,level,tags
 #1: stderr all=off uptime,level,tags

Environment Variables:
JAVA_HOME=C:\Program Files\Java\jdk-17.0.11
CLASSPATH=C:\Users\marko\Desktop\ISS_24\issLab24\unibo.basicrobot24\\gradle\wrapper\gradle-wrapper.jar
PATH=C:\Program Files\Java\jdk-17.0.11\bin;C:\Gradle\gradle-8.6\bin;C:\Program Files\Python310\Scripts\;C:\Program Files\Python310\;C:\Program Files\Common Files\Oracle\Java\javapath;C:\Program Files (x86)\Common Files\Oracle\Java\javapath;C:\Program Files (x86)\Razer Chroma SDK\bin;C:\Program Files\Razer Chroma SDK\bin;C:\Program Files (x86)\Razer\ChromaBroadcast\bin;C:\Program Files\Razer\ChromaBroadcast\bin;C:\Program Files (x86)\Intel\Intel(R) Management Engine Components\iCLS\;C:\Program Files\Intel\Intel(R) Management Engine Components\iCLS\;C:\WINDOWS\system32;C:\WINDOWS;C:\WINDOWS\System32\Wbem;C:\WINDOWS\System32\WindowsPowerShell\v1.0\;C:\Program Files (x86)\Intel\Intel(R) Management Engine Components\DAL;C:\Program Files\Intel\Intel(R) Management Engine Components\DAL;C:\Program Files (x86)\Intel\Intel(R) Management Engine Components\IPT;C:\Program Files\Intel\Intel(R) Management Engine Components\IPT;C:\WINDOWS\System32\OpenSSH\;C:\WINDOWS\system32\config\systemprofile\AppData\Local\Microsoft\WindowsApps;C:\WINDOWS\system32;C:\WINDOWS;C:\WINDOWS\System32\Wbem;C:\WINDOWS\System32\WindowsPowerShell\v1.0\;C:\WINDOWS\System32\OpenSSH\;C:\Users\marko\AppData\Roaming\nvm;C:\Program Files\nodejs;C:\Program Files\Git\cmd;C:\Program Files\Git LFS;C:\Users\marko\AppData\Roaming\Python\Python310\Scripts;C:\Program Files\Docker\Docker\resources\bin;C:\Program Files\nodejs\;C:\Program Files\Graphviz\bin;C:\Users\marko\AppData\Local\Programs\Microsoft VS Code\bin;C:\Users\marko\AppData\Local\Microsoft\WindowsApps;C:\Users\marko\AppData\Roaming\nvm;C:\Program Files\nodejs;C:\Users\marko\AppData\Roaming\Python\Python310\Scripts;C:\Users\marko\Desktop\antlr;;C:\Users\marko\AppData\Local\JetBrains\IntelliJ IDEA Community Edition 2022.3.2\bin;;C:\Users\marko\AppData\Roaming\npm
USERNAME=marko
OS=Windows_NT
PROCESSOR_IDENTIFIER=Intel64 Family 6 Model 142 Stepping 10, GenuineIntel



---------------  S Y S T E M  ---------------

OS:
 Windows 10 , 64 bit Build 19041 (10.0.19041.3636)
OS uptime: 7 days 4:39 hours
Hyper-V role detected

CPU: total 8 (initial active 8) (4 cores per cpu, 2 threads per core) family 6 model 142 stepping 10 microcode 0xb4, cx8, cmov, fxsr, ht, mmx, 3dnowpref, sse, sse2, sse3, ssse3, sse4.1, sse4.2, popcnt, lzcnt, tsc, tscinvbit, avx, avx2, aes, erms, clmul, bmi1, bmi2, adx, fma, vzeroupper, clflush, clflushopt, hv

Memory: 4k page, system-wide physical 8058M (823M free)
TotalPageFile size 8058M (AvailPageFile size 4M)
current process WorkingSet (physical memory assigned to process): 113M, peak: 116M
current process commit charge ("private bytes"): 183M, peak: 186M

vm_info: Java HotSpot(TM) 64-Bit Server VM (17.0.11+7-LTS-207) for windows-amd64 JRE (17.0.11+7-LTS-207), built on Mar 11 2024 19:01:50 by "mach5one" with MS VC++ 17.6 (VS2022)

END.
