#
# There is insufficient memory for the Java Runtime Environment to continue.
# Native memory allocation (malloc) failed to allocate 32744 bytes for ChunkPool::allocate
# Possible reasons:
#   The system is out of physical RAM or swap space
#   The process is running with CompressedOops enabled, and the Java Heap may be blocking the growth of the native heap
# Possible solutions:
#   Reduce memory load on the system
#   Increase physical memory or swap space
#   Check if swap backing store is full
#   Decrease Java heap size (-Xmx/-Xms)
#   Decrease number of Java threads
#   Decrease Java thread stack sizes (-Xss)
#   Set larger code cache with -XX:ReservedCodeCacheSize=
#   JVM is running with Unscaled Compressed Oops mode in which the Java heap is
#     placed in the first 4GB address space. The Java Heap base address is the
#     maximum limit for the native heap growth. Please use -XX:HeapBaseMinAddress
#     to set the Java Heap base and to place the Java Heap above 4GB virtual address.
# This output file may be truncated or incomplete.
#
#  Out of Memory Error (arena.cpp:78), pid=10848, tid=12720
#
# JRE version: Java(TM) SE Runtime Environment (17.0.11+7) (build 17.0.11+7-LTS-207)
# Java VM: Java HotSpot(TM) 64-Bit Server VM (17.0.11+7-LTS-207, mixed mode, sharing, tiered, compressed oops, compressed class ptrs, g1 gc, windows-amd64)
# No core dump will be written. Minidumps are not enabled by default on client versions of Windows
#

---------------  S U M M A R Y ------------

Command Line: --add-opens=java.base/java.util=ALL-UNNAMED --add-opens=java.base/java.lang=ALL-UNNAMED --add-opens=java.base/java.lang.invoke=ALL-UNNAMED --add-opens=java.base/java.util=ALL-UNNAMED --add-opens=java.prefs/java.util.prefs=ALL-UNNAMED --add-opens=java.prefs/java.util.prefs=ALL-UNNAMED --add-opens=java.base/java.nio.charset=ALL-UNNAMED --add-opens=java.base/java.net=ALL-UNNAMED --add-opens=java.base/java.util.concurrent.atomic=ALL-UNNAMED -XX:MaxMetaspaceSize=256m -XX:+HeapDumpOnOutOfMemoryError -Xms256m -Xmx512m -Dfile.encoding=windows-1252 -Duser.country=IT -Duser.language=it -Duser.variant org.gradle.launcher.daemon.bootstrap.GradleDaemon 7.4.2

Host: Intel(R) Core(TM) i5-8250U CPU @ 1.60GHz, 8 cores, 7G,  Windows 10 , 64 bit Build 19041 (10.0.19041.3636)
Time: Thu May 23 16:14:23 2024 ora legale Europa occidentale elapsed time: 11.469369 seconds (0d 0h 0m 11s)

---------------  T H R E A D  ---------------

Current thread (0x000001dac4903420):  JavaThread "C2 CompilerThread2" daemon [_thread_in_native, id=12720, stack(0x0000003f00300000,0x0000003f00400000)]


Current CompileTask:
C2:  11469 5955       4       java.beans.MethodRef::set (58 bytes)

Stack: [0x0000003f00300000,0x0000003f00400000]
Native frames: (J=compiled Java code, j=interpreted, Vv=VM code, C=native code)
V  [jvm.dll+0x679cca]
V  [jvm.dll+0x7da13d]
V  [jvm.dll+0x7dba83]
V  [jvm.dll+0x7dc0f3]
V  [jvm.dll+0x2449af]
V  [jvm.dll+0xaba8c]
V  [jvm.dll+0xabe1c]
V  [jvm.dll+0x3666a9]
V  [jvm.dll+0x563b38]
V  [jvm.dll+0x562b95]
V  [jvm.dll+0x56348b]
V  [jvm.dll+0x32bd90]
V  [jvm.dll+0x32b1fa]
V  [jvm.dll+0x2161df]
V  [jvm.dll+0x21560f]
V  [jvm.dll+0x1a2040]
V  [jvm.dll+0x225a2b]
V  [jvm.dll+0x223bcb]
V  [jvm.dll+0x7903ec]
V  [jvm.dll+0x78a85a]
V  [jvm.dll+0x678bb5]
C  [ucrtbase.dll+0x21bb2]
C  [KERNEL32.DLL+0x17344]
C  [ntdll.dll+0x526b1]


---------------  P R O C E S S  ---------------

Threads class SMR info:
_java_thread_list=0x000001dac6504650, length=94, elements={
0x000001da95159fd0, 0x000001daafa890d0, 0x000001daafa89ba0, 0x000001daafaa4060,
0x000001daafaa4b30, 0x000001daafaa7410, 0x000001daafaa7ce0, 0x000001daafaa88e0,
0x000001daafaad2f0, 0x000001daafaadc00, 0x000001daafd169f0, 0x000001daafd155b0,
0x000001daafd164e0, 0x000001daafd150a0, 0x000001daafd13c60, 0x000001daafd14170,
0x000001daafd13750, 0x000001daafd15fd0, 0x000001daafd13240, 0x000001daafd14b90,
0x000001daafd14680, 0x000001daafd15ac0, 0x000001dac358a430, 0x000001dac358d6d0,
0x000001dac358bd80, 0x000001dac358c290, 0x000001dac358dbe0, 0x000001dac358ae50,
0x000001dac358c7a0, 0x000001dac358ccb0, 0x000001dac3589f20, 0x000001dac358d1c0,
0x000001daafe94710, 0x000001dac4903420, 0x000001dac358e600, 0x000001dac358f020,
0x000001dac358f530, 0x000001dac358fa40, 0x000001dac3588ae0, 0x000001dac358b870,
0x000001dac4350f10, 0x000001dac434fad0, 0x000001dac434ffe0, 0x000001dac434f5c0,
0x000001dac4351420, 0x000001dac4351e40, 0x000001dac434f0b0, 0x000001dac4350a00,
0x000001dac4352860, 0x000001dac43504f0, 0x000001dac4352350, 0x000001dac66f9f70,
0x000001dac66f62b0, 0x000001dac66f9550, 0x000001dac66fd210, 0x000001dac66fcd00,
0x000001dac66f8620, 0x000001dac66fdc30, 0x000001dac66f9040, 0x000001dac66fc2e0,
0x000001dac66fc7f0, 0x000001dac66f67c0, 0x000001dac66fa990, 0x000001dac66f9a60,
0x000001dac66fb8c0, 0x000001dac66fa480, 0x000001dac66faea0, 0x000001dac66fb3b0,
0x000001dac66f6cd0, 0x000001dac66fbdd0, 0x000001dac66fd720, 0x000001dac66f71e0,
0x000001dac66f76f0, 0x000001dac66f7c00, 0x000001dac66f8110, 0x000001dac66f8b30,
0x000001dac21e5f10, 0x000001dac21e7350, 0x000001dac21e8280, 0x000001dac21ea0e0,
0x000001dac21e4fe0, 0x000001dac21e8790, 0x000001dac21e3ba0, 0x000001dac21e9bd0,
0x000001dac21e8ca0, 0x000001dac21e91b0, 0x000001dac21e96c0, 0x000001dac21e7860,
0x000001dac21e7d70, 0x000001dac21e54f0, 0x000001dac21e5a00, 0x000001dac21e6420,
0x000001dac21ea5f0, 0x000001dac21e6930
}

Java Threads: ( => current thread )
  0x000001da95159fd0 JavaThread "main" [_thread_blocked, id=11732, stack(0x0000003f7d100000,0x0000003f7d200000)]
  0x000001daafa890d0 JavaThread "Reference Handler" daemon [_thread_blocked, id=152, stack(0x0000003f7d800000,0x0000003f7d900000)]
  0x000001daafa89ba0 JavaThread "Finalizer" daemon [_thread_blocked, id=16584, stack(0x0000003f7d900000,0x0000003f7da00000)]
  0x000001daafaa4060 JavaThread "Signal Dispatcher" daemon [_thread_blocked, id=3352, stack(0x0000003f7da00000,0x0000003f7db00000)]
  0x000001daafaa4b30 JavaThread "Attach Listener" daemon [_thread_blocked, id=6768, stack(0x0000003f7db00000,0x0000003f7dc00000)]
  0x000001daafaa7410 JavaThread "Service Thread" daemon [_thread_blocked, id=10996, stack(0x0000003f7dc00000,0x0000003f7dd00000)]
  0x000001daafaa7ce0 JavaThread "Monitor Deflation Thread" daemon [_thread_blocked, id=7008, stack(0x0000003f7dd00000,0x0000003f7de00000)]
  0x000001daafaa88e0 JavaThread "C2 CompilerThread0" daemon [_thread_in_native, id=13632, stack(0x0000003f7de00000,0x0000003f7df00000)]
  0x000001daafaad2f0 JavaThread "C1 CompilerThread0" daemon [_thread_blocked, id=10432, stack(0x0000003f7df00000,0x0000003f7e000000)]
  0x000001daafaadc00 JavaThread "Sweeper thread" daemon [_thread_blocked, id=7212, stack(0x0000003f7e000000,0x0000003f7e100000)]
  0x000001daafd169f0 JavaThread "Common-Cleaner" daemon [_thread_blocked, id=13756, stack(0x0000003f7e100000,0x0000003f7e200000)]
  0x000001daafd155b0 JavaThread "Notification Thread" daemon [_thread_blocked, id=11248, stack(0x0000003f7e200000,0x0000003f7e300000)]
  0x000001daafd164e0 JavaThread "Daemon health stats" [_thread_blocked, id=628, stack(0x0000003f7eb00000,0x0000003f7ec00000)]
  0x000001daafd150a0 JavaThread "Incoming local TCP Connector on port 64747" [_thread_in_native, id=14512, stack(0x0000003f7ec00000,0x0000003f7ed00000)]
  0x000001daafd13c60 JavaThread "Daemon periodic checks" [_thread_blocked, id=11368, stack(0x0000003f7ed00000,0x0000003f7ee00000)]
  0x000001daafd14170 JavaThread "Daemon" [_thread_blocked, id=15452, stack(0x0000003f7ee00000,0x0000003f7ef00000)]
  0x000001daafd13750 JavaThread "Handler for socket connection from /127.0.0.1:64747 to /127.0.0.1:64748" [_thread_in_native, id=15176, stack(0x0000003f7ef00000,0x0000003f7f000000)]
  0x000001daafd15fd0 JavaThread "Cancel handler" [_thread_blocked, id=11844, stack(0x0000003f7f000000,0x0000003f7f100000)]
  0x000001daafd13240 JavaThread "Daemon worker" [_thread_in_vm, id=2372, stack(0x0000003f7f100000,0x0000003f7f200000)]
  0x000001daafd14b90 JavaThread "Asynchronous log dispatcher for DefaultDaemonConnection: socket connection from /127.0.0.1:64747 to /127.0.0.1:64748" [_thread_blocked, id=14708, stack(0x0000003f7f200000,0x0000003f7f300000)]
  0x000001daafd14680 JavaThread "Stdin handler" [_thread_blocked, id=17260, stack(0x0000003f7f300000,0x0000003f7f400000)]
  0x000001daafd15ac0 JavaThread "Daemon client event forwarder" [_thread_blocked, id=14208, stack(0x0000003f7f400000,0x0000003f7f500000)]
  0x000001dac358a430 JavaThread "Cache worker for journal cache (C:\Users\marko\.gradle\caches\journal-1)" [_thread_blocked, id=16872, stack(0x0000003f7e500000,0x0000003f7e600000)]
  0x000001dac358d6d0 JavaThread "File lock request listener" [_thread_in_native, id=6036, stack(0x0000003f7f500000,0x0000003f7f600000)]
  0x000001dac358bd80 JavaThread "Cache worker for file hash cache (C:\Users\marko\.gradle\caches\7.4.2\fileHashes)" [_thread_blocked, id=1612, stack(0x0000003f7f600000,0x0000003f7f700000)]
  0x000001dac358c290 JavaThread "File watcher server" daemon [_thread_in_native, id=4516, stack(0x0000003f7f800000,0x0000003f7f900000)]
  0x000001dac358dbe0 JavaThread "File watcher consumer" daemon [_thread_blocked, id=13004, stack(0x0000003f7f900000,0x0000003f7fa00000)]
  0x000001dac358ae50 JavaThread "Cache worker for checksums cache (C:\Users\marko\Desktop\ISS_24\issLab24\unibo.basicrobot24\.gradle\7.4.2\checksums)" [_thread_blocked, id=6428, stack(0x0000003f7fa00000,0x0000003f7fb00000)]
  0x000001dac358c7a0 JavaThread "Cache worker for cache directory md-rule (C:\Users\marko\.gradle\caches\7.4.2\md-rule)" [_thread_blocked, id=16240, stack(0x0000003f7fb00000,0x0000003f7fc00000)]
  0x000001dac358ccb0 JavaThread "Cache worker for file hash cache (C:\Users\marko\Desktop\ISS_24\issLab24\unibo.basicrobot24\.gradle\7.4.2\fileHashes)" [_thread_blocked, id=13832, stack(0x0000003f7fc00000,0x0000003f7fd00000)]
  0x000001dac3589f20 JavaThread "Cache worker for cache directory md-supplier (C:\Users\marko\.gradle\caches\7.4.2\md-supplier)" [_thread_blocked, id=15420, stack(0x0000003f7fd00000,0x0000003f7fe00000)]
  0x000001dac358d1c0 JavaThread "Cache worker for execution history cache (C:\Users\marko\.gradle\caches\7.4.2\executionHistory)" [_thread_blocked, id=3104, stack(0x0000003f7fe00000,0x0000003f7ff00000)]
  0x000001daafe94710 JavaThread "C2 CompilerThread1" daemon [_thread_in_native, id=8956, stack(0x0000003f00200000,0x0000003f00300000)]
=>0x000001dac4903420 JavaThread "C2 CompilerThread2" daemon [_thread_in_native, id=12720, stack(0x0000003f00300000,0x0000003f00400000)]
  0x000001dac358e600 JavaThread "jar transforms" [_thread_blocked, id=2656, stack(0x0000003f00400000,0x0000003f00500000)]
  0x000001dac358f020 JavaThread "jar transforms Thread 2" [_thread_blocked, id=2876, stack(0x0000003f00500000,0x0000003f00600000)]
  0x000001dac358f530 JavaThread "Cache worker for file content cache (C:\Users\marko\.gradle\caches\7.4.2\fileContent)" [_thread_blocked, id=14556, stack(0x0000003f00600000,0x0000003f00700000)]
  0x000001dac358fa40 JavaThread "Cache worker for dependencies-accessors (C:\Users\marko\Desktop\ISS_24\issLab24\unibo.basicrobot24\.gradle\7.4.2\dependencies-accessors)" [_thread_blocked, id=15384, stack(0x0000003f00700000,0x0000003f00800000)]
  0x000001dac3588ae0 JavaThread "jar transforms Thread 3" [_thread_blocked, id=9148, stack(0x0000003f00800000,0x0000003f00900000)]
  0x000001dac358b870 JavaThread "Cache worker for Build Output Cleanup Cache (C:\Users\marko\Desktop\ISS_24\issLab24\unibo.basicrobot24\.gradle\buildOutputCleanup)" [_thread_blocked, id=9692, stack(0x0000003f00900000,0x0000003f00a00000)]
  0x000001dac4350f10 JavaThread "Unconstrained build operations" [_thread_blocked, id=8608, stack(0x0000003f00a00000,0x0000003f00b00000)]
  0x000001dac434fad0 JavaThread "Unconstrained build operations Thread 2" [_thread_blocked, id=14300, stack(0x0000003f00b00000,0x0000003f00c00000)]
  0x000001dac434ffe0 JavaThread "Unconstrained build operations Thread 3" [_thread_blocked, id=13804, stack(0x0000003f00c00000,0x0000003f00d00000)]
  0x000001dac434f5c0 JavaThread "Unconstrained build operations Thread 4" [_thread_blocked, id=5236, stack(0x0000003f00d00000,0x0000003f00e00000)]
  0x000001dac4351420 JavaThread "Unconstrained build operations Thread 5" [_thread_blocked, id=16912, stack(0x0000003f00e00000,0x0000003f00f00000)]
  0x000001dac4351e40 JavaThread "Unconstrained build operations Thread 6" [_thread_blocked, id=14028, stack(0x0000003f00f00000,0x0000003f01000000)]
  0x000001dac434f0b0 JavaThread "Unconstrained build operations Thread 7" [_thread_blocked, id=14196, stack(0x0000003f01000000,0x0000003f01100000)]
  0x000001dac4350a00 JavaThread "Unconstrained build operations Thread 8" [_thread_blocked, id=5828, stack(0x0000003f01100000,0x0000003f01200000)]
  0x000001dac4352860 JavaThread "Unconstrained build operations Thread 9" [_thread_blocked, id=8904, stack(0x0000003f01200000,0x0000003f01300000)]
  0x000001dac43504f0 JavaThread "Unconstrained build operations Thread 10" [_thread_blocked, id=9616, stack(0x0000003f01300000,0x0000003f01400000)]
  0x000001dac4352350 JavaThread "Unconstrained build operations Thread 11" [_thread_blocked, id=16228, stack(0x0000003f01400000,0x0000003f01500000)]
  0x000001dac66f9f70 JavaThread "Unconstrained build operations Thread 12" [_thread_blocked, id=12716, stack(0x0000003f01500000,0x0000003f01600000)]
  0x000001dac66f62b0 JavaThread "Unconstrained build operations Thread 13" [_thread_blocked, id=6056, stack(0x0000003f01600000,0x0000003f01700000)]
  0x000001dac66f9550 JavaThread "Unconstrained build operations Thread 14" [_thread_blocked, id=14972, stack(0x0000003f01700000,0x0000003f01800000)]
  0x000001dac66fd210 JavaThread "Unconstrained build operations Thread 15" [_thread_blocked, id=3396, stack(0x0000003f01800000,0x0000003f01900000)]
  0x000001dac66fcd00 JavaThread "Unconstrained build operations Thread 16" [_thread_blocked, id=14832, stack(0x0000003f01900000,0x0000003f01a00000)]
  0x000001dac66f8620 JavaThread "Unconstrained build operations Thread 17" [_thread_blocked, id=14800, stack(0x0000003f01a00000,0x0000003f01b00000)]
  0x000001dac66fdc30 JavaThread "Unconstrained build operations Thread 18" [_thread_blocked, id=13980, stack(0x0000003f01b00000,0x0000003f01c00000)]
  0x000001dac66f9040 JavaThread "Unconstrained build operations Thread 19" [_thread_blocked, id=14232, stack(0x0000003f01c00000,0x0000003f01d00000)]
  0x000001dac66fc2e0 JavaThread "Unconstrained build operations Thread 20" [_thread_blocked, id=3672, stack(0x0000003f01d00000,0x0000003f01e00000)]
  0x000001dac66fc7f0 JavaThread "Unconstrained build operations Thread 21" [_thread_blocked, id=3696, stack(0x0000003f01e00000,0x0000003f01f00000)]
  0x000001dac66f67c0 JavaThread "Unconstrained build operations Thread 22" [_thread_blocked, id=5460, stack(0x0000003f01f00000,0x0000003f02000000)]
  0x000001dac66fa990 JavaThread "Unconstrained build operations Thread 23" [_thread_blocked, id=5800, stack(0x0000003f02000000,0x0000003f02100000)]
  0x000001dac66f9a60 JavaThread "Unconstrained build operations Thread 24" [_thread_blocked, id=5680, stack(0x0000003f02100000,0x0000003f02200000)]
  0x000001dac66fb8c0 JavaThread "Unconstrained build operations Thread 25" [_thread_blocked, id=10316, stack(0x0000003f02200000,0x0000003f02300000)]
  0x000001dac66fa480 JavaThread "Unconstrained build operations Thread 26" [_thread_blocked, id=9420, stack(0x0000003f02300000,0x0000003f02400000)]
  0x000001dac66faea0 JavaThread "Unconstrained build operations Thread 27" [_thread_blocked, id=13976, stack(0x0000003f02400000,0x0000003f02500000)]
  0x000001dac66fb3b0 JavaThread "Unconstrained build operations Thread 28" [_thread_blocked, id=8304, stack(0x0000003f02500000,0x0000003f02600000)]
  0x000001dac66f6cd0 JavaThread "Unconstrained build operations Thread 29" [_thread_blocked, id=15928, stack(0x0000003f02600000,0x0000003f02700000)]
  0x000001dac66fbdd0 JavaThread "Unconstrained build operations Thread 30" [_thread_blocked, id=15772, stack(0x0000003f02700000,0x0000003f02800000)]
  0x000001dac66fd720 JavaThread "Unconstrained build operations Thread 31" [_thread_blocked, id=16600, stack(0x0000003f02800000,0x0000003f02900000)]
  0x000001dac66f71e0 JavaThread "Unconstrained build operations Thread 32" [_thread_blocked, id=14760, stack(0x0000003f02900000,0x0000003f02a00000)]
  0x000001dac66f76f0 JavaThread "Unconstrained build operations Thread 33" [_thread_blocked, id=12164, stack(0x0000003f02a00000,0x0000003f02b00000)]
  0x000001dac66f7c00 JavaThread "Unconstrained build operations Thread 34" [_thread_blocked, id=3188, stack(0x0000003f02b00000,0x0000003f02c00000)]
  0x000001dac66f8110 JavaThread "Unconstrained build operations Thread 35" [_thread_blocked, id=15988, stack(0x0000003f02c00000,0x0000003f02d00000)]
  0x000001dac66f8b30 JavaThread "Unconstrained build operations Thread 36" [_thread_blocked, id=5328, stack(0x0000003f02d00000,0x0000003f02e00000)]
  0x000001dac21e5f10 JavaThread "Unconstrained build operations Thread 37" [_thread_blocked, id=6936, stack(0x0000003f02e00000,0x0000003f02f00000)]
  0x000001dac21e7350 JavaThread "Unconstrained build operations Thread 38" [_thread_blocked, id=9528, stack(0x0000003f02f00000,0x0000003f03000000)]
  0x000001dac21e8280 JavaThread "Unconstrained build operations Thread 39" [_thread_blocked, id=13676, stack(0x0000003f03000000,0x0000003f03100000)]
  0x000001dac21ea0e0 JavaThread "Unconstrained build operations Thread 40" [_thread_blocked, id=9040, stack(0x0000003f03100000,0x0000003f03200000)]
  0x000001dac21e4fe0 JavaThread "Unconstrained build operations Thread 41" [_thread_blocked, id=7788, stack(0x0000003f03200000,0x0000003f03300000)]
  0x000001dac21e8790 JavaThread "Unconstrained build operations Thread 42" [_thread_blocked, id=12276, stack(0x0000003f03300000,0x0000003f03400000)]
  0x000001dac21e3ba0 JavaThread "Unconstrained build operations Thread 43" [_thread_blocked, id=3620, stack(0x0000003f03400000,0x0000003f03500000)]
  0x000001dac21e9bd0 JavaThread "Unconstrained build operations Thread 44" [_thread_blocked, id=8212, stack(0x0000003f03500000,0x0000003f03600000)]
  0x000001dac21e8ca0 JavaThread "Unconstrained build operations Thread 45" [_thread_blocked, id=1420, stack(0x0000003f03600000,0x0000003f03700000)]
  0x000001dac21e91b0 JavaThread "Unconstrained build operations Thread 46" [_thread_blocked, id=9292, stack(0x0000003f03700000,0x0000003f03800000)]
  0x000001dac21e96c0 JavaThread "jar transforms Thread 4" [_thread_blocked, id=7320, stack(0x0000003f03800000,0x0000003f03900000)]
  0x000001dac21e7860 JavaThread "jar transforms Thread 5" [_thread_blocked, id=9108, stack(0x0000003f03900000,0x0000003f03a00000)]
  0x000001dac21e7d70 JavaThread "jar transforms Thread 6" [_thread_blocked, id=6496, stack(0x0000003f03a00000,0x0000003f03b00000)]
  0x000001dac21e54f0 JavaThread "jar transforms Thread 7" [_thread_blocked, id=8216, stack(0x0000003f03b00000,0x0000003f03c00000)]
  0x000001dac21e5a00 JavaThread "jar transforms Thread 8" [_thread_blocked, id=7164, stack(0x0000003f03c00000,0x0000003f03d00000)]
  0x000001dac21e6420 JavaThread "Memory manager" [_thread_blocked, id=15960, stack(0x0000003f03d00000,0x0000003f03e00000)]
  0x000001dac21ea5f0 JavaThread "build event listener" [_thread_blocked, id=9284, stack(0x0000003f03e00000,0x0000003f03f00000)]
  0x000001dac21e6930 JavaThread "build event listener" [_thread_blocked, id=11168, stack(0x0000003f03f00000,0x0000003f04000000)]

Other Threads:
  0x000001daafa82700 VMThread "VM Thread" [stack: 0x0000003f7d700000,0x0000003f7d800000] [id=7720]
  0x000001da951aad30 WatcherThread [stack: 0x0000003f7e300000,0x0000003f7e400000] [id=2920]
  0x000001da951867f0 GCTaskThread "GC Thread#0" [stack: 0x0000003f7d200000,0x0000003f7d300000] [id=15044]
  0x000001dac32218a0 GCTaskThread "GC Thread#1" [stack: 0x0000003f7e600000,0x0000003f7e700000] [id=14856]
  0x000001dac29a8050 GCTaskThread "GC Thread#2" [stack: 0x0000003f7e700000,0x0000003f7e800000] [id=1700]
  0x000001dac32208a0 GCTaskThread "GC Thread#3" [stack: 0x0000003f7e800000,0x0000003f7e900000] [id=15168]
  0x000001dac2f68bd0 GCTaskThread "GC Thread#4" [stack: 0x0000003f7e900000,0x0000003f7ea00000] [id=32]
  0x000001dac2f68e90 GCTaskThread "GC Thread#5" [stack: 0x0000003f7ea00000,0x0000003f7eb00000] [id=12916]
  0x000001dac445f060 GCTaskThread "GC Thread#6" [stack: 0x0000003f7ff00000,0x0000003f80000000] [id=14908]
  0x000001dac4e728b0 GCTaskThread "GC Thread#7" [stack: 0x0000003f00000000,0x0000003f00100000] [id=6356]
  0x000001da9518c500 ConcurrentGCThread "G1 Main Marker" [stack: 0x0000003f7d300000,0x0000003f7d400000] [id=3376]
  0x000001da9518ccc0 ConcurrentGCThread "G1 Conc#0" [stack: 0x0000003f7d400000,0x0000003f7d500000] [id=7864]
  0x000001dac4e725f0 ConcurrentGCThread "G1 Conc#1" [stack: 0x0000003f00100000,0x0000003f00200000] [id=4784]
  0x000001da9522e380 ConcurrentGCThread "G1 Refine#0" [stack: 0x0000003f7d500000,0x0000003f7d600000] [id=4480]
  0x000001dac3517920 ConcurrentGCThread "G1 Refine#1" [stack: 0x0000003f04000000,0x0000003f04100000] [id=8384]
  0x000001da9522eb60 ConcurrentGCThread "G1 Service" [stack: 0x0000003f7d600000,0x0000003f7d700000] [id=9928]

Threads with active compile tasks:
C2 CompilerThread0    11507 5894       4       groovy.lang.MetaClassImpl$1MOPIter::methodNameAction (325 bytes)
C2 CompilerThread1    11507 5961   !   4       com.sun.beans.TypeResolver::resolve (261 bytes)
C2 CompilerThread2    11507 5955       4       java.beans.MethodRef::set (58 bytes)

VM state: not at safepoint (normal execution)

VM Mutex/Monitor currently owned by a thread: None

Heap address: 0x00000000e0000000, size: 512 MB, Compressed Oops mode: 32-bit

CDS archive(s) mapped at: [0x000001dab0000000-0x000001dab0bd0000-0x000001dab0bd0000), size 12386304, SharedBaseAddress: 0x000001dab0000000, ArchiveRelocationMode: 1.
Compressed class space mapped at: 0x000001dab1000000-0x000001dabe000000, reserved size: 218103808
Narrow klass base: 0x000001dab0000000, Narrow klass shift: 0, Narrow klass range: 0x100000000

GC Precious Log:
 CPUs: 8 total, 8 available
 Memory: 8058M
 Large Page Support: Disabled
 NUMA Support: Disabled
 Compressed Oops: Enabled (32-bit)
 Heap Region Size: 1M
 Heap Min Capacity: 256M
 Heap Initial Capacity: 256M
 Heap Max Capacity: 512M
 Pre-touch: Disabled
 Parallel Workers: 8
 Concurrent Workers: 2
 Concurrent Refinement Workers: 8
 Periodic GC: Disabled

Heap:
 garbage-first heap   total 262144K, used 114672K [0x00000000e0000000, 0x0000000100000000)
  region size 1024K, 72 young (73728K), 1 survivors (1024K)
 Metaspace       used 54374K, committed 54848K, reserved 278528K
  class space    used 7591K, committed 7808K, reserved 212992K

Heap Regions: E=young(eden), S=young(survivor), O=old, HS=humongous(starts), HC=humongous(continues), CS=collection set, F=free, OA=open archive, CA=closed archive, TAMS=top-at-mark-start (previous, next)
|   0|0x00000000e0000000, 0x00000000e0100000, 0x00000000e0100000|100%| O|  |TAMS 0x00000000e0100000, 0x00000000e0000000| Untracked 
|   1|0x00000000e0100000, 0x00000000e0200000, 0x00000000e0200000|100%| O|  |TAMS 0x00000000e0100000, 0x00000000e0100000| Untracked 
|   2|0x00000000e0200000, 0x00000000e0300000, 0x00000000e0300000|100%| O|  |TAMS 0x00000000e0300000, 0x00000000e0200000| Untracked 
|   3|0x00000000e0300000, 0x00000000e0400000, 0x00000000e0400000|100%|HS|  |TAMS 0x00000000e0400000, 0x00000000e0300000| Complete 
|   4|0x00000000e0400000, 0x00000000e0500000, 0x00000000e0500000|100%|HC|  |TAMS 0x00000000e0500000, 0x00000000e0400000| Complete 
|   5|0x00000000e0500000, 0x00000000e0600000, 0x00000000e0600000|100%|HC|  |TAMS 0x00000000e0600000, 0x00000000e0500000| Complete 
|   6|0x00000000e0600000, 0x00000000e0700000, 0x00000000e0700000|100%| O|  |TAMS 0x00000000e0700000, 0x00000000e0600000| Untracked 
|   7|0x00000000e0700000, 0x00000000e0800000, 0x00000000e0800000|100%| O|  |TAMS 0x00000000e0800000, 0x00000000e0700000| Untracked 
|   8|0x00000000e0800000, 0x00000000e0900000, 0x00000000e0900000|100%| O|  |TAMS 0x00000000e0900000, 0x00000000e0800000| Untracked 
|   9|0x00000000e0900000, 0x00000000e0a00000, 0x00000000e0a00000|100%| O|  |TAMS 0x00000000e0a00000, 0x00000000e0900000| Untracked 
|  10|0x00000000e0a00000, 0x00000000e0b00000, 0x00000000e0b00000|100%| O|  |TAMS 0x00000000e0b00000, 0x00000000e0a00000| Untracked 
|  11|0x00000000e0b00000, 0x00000000e0c00000, 0x00000000e0c00000|100%| O|  |TAMS 0x00000000e0c00000, 0x00000000e0b00000| Untracked 
|  12|0x00000000e0c00000, 0x00000000e0d00000, 0x00000000e0d00000|100%| O|  |TAMS 0x00000000e0d00000, 0x00000000e0c00000| Untracked 
|  13|0x00000000e0d00000, 0x00000000e0e00000, 0x00000000e0e00000|100%| O|  |TAMS 0x00000000e0e00000, 0x00000000e0d00000| Untracked 
|  14|0x00000000e0e00000, 0x00000000e0f00000, 0x00000000e0f00000|100%| O|  |TAMS 0x00000000e0f00000, 0x00000000e0e00000| Untracked 
|  15|0x00000000e0f00000, 0x00000000e0f00000, 0x00000000e1000000|  0%| F|  |TAMS 0x00000000e0f00000, 0x00000000e0f00000| Untracked 
|  16|0x00000000e1000000, 0x00000000e1100000, 0x00000000e1100000|100%| O|  |TAMS 0x00000000e1100000, 0x00000000e1000000| Untracked 
|  17|0x00000000e1100000, 0x00000000e1200000, 0x00000000e1200000|100%| O|  |TAMS 0x00000000e1200000, 0x00000000e1100000| Untracked 
|  18|0x00000000e1200000, 0x00000000e1300000, 0x00000000e1300000|100%| O|  |TAMS 0x00000000e1300000, 0x00000000e1200000| Untracked 
|  19|0x00000000e1300000, 0x00000000e1400000, 0x00000000e1400000|100%| O|  |TAMS 0x00000000e1400000, 0x00000000e1300000| Untracked 
|  20|0x00000000e1400000, 0x00000000e1500000, 0x00000000e1500000|100%| O|  |TAMS 0x00000000e1500000, 0x00000000e1400000| Untracked 
|  21|0x00000000e1500000, 0x00000000e1600000, 0x00000000e1600000|100%| O|  |TAMS 0x00000000e1600000, 0x00000000e1500000| Untracked 
|  22|0x00000000e1600000, 0x00000000e1700000, 0x00000000e1700000|100%| O|  |TAMS 0x00000000e1700000, 0x00000000e1600000| Untracked 
|  23|0x00000000e1700000, 0x00000000e1800000, 0x00000000e1800000|100%| O|  |TAMS 0x00000000e1800000, 0x00000000e1700000| Untracked 
|  24|0x00000000e1800000, 0x00000000e1900000, 0x00000000e1900000|100%| O|  |TAMS 0x00000000e1900000, 0x00000000e1800000| Untracked 
|  25|0x00000000e1900000, 0x00000000e1a00000, 0x00000000e1a00000|100%| O|  |TAMS 0x00000000e1a00000, 0x00000000e1900000| Untracked 
|  26|0x00000000e1a00000, 0x00000000e1b00000, 0x00000000e1b00000|100%| O|  |TAMS 0x00000000e1b00000, 0x00000000e1a00000| Untracked 
|  27|0x00000000e1b00000, 0x00000000e1c00000, 0x00000000e1c00000|100%| O|  |TAMS 0x00000000e1c00000, 0x00000000e1b00000| Untracked 
|  28|0x00000000e1c00000, 0x00000000e1d00000, 0x00000000e1d00000|100%| O|  |TAMS 0x00000000e1c46800, 0x00000000e1c00000| Untracked 
|  29|0x00000000e1d00000, 0x00000000e1e00000, 0x00000000e1e00000|100%|HS|  |TAMS 0x00000000e1d00000, 0x00000000e1d00000| Complete 
|  30|0x00000000e1e00000, 0x00000000e1f00000, 0x00000000e1f00000|100%|HC|  |TAMS 0x00000000e1e00000, 0x00000000e1e00000| Complete 
|  31|0x00000000e1f00000, 0x00000000e2000000, 0x00000000e2000000|100%|HS|  |TAMS 0x00000000e1f00000, 0x00000000e1f00000| Complete 
|  32|0x00000000e2000000, 0x00000000e2100000, 0x00000000e2100000|100%|HC|  |TAMS 0x00000000e2000000, 0x00000000e2000000| Complete 
|  33|0x00000000e2100000, 0x00000000e2200000, 0x00000000e2200000|100%|HC|  |TAMS 0x00000000e2100000, 0x00000000e2100000| Complete 
|  34|0x00000000e2200000, 0x00000000e2300000, 0x00000000e2300000|100%|HC|  |TAMS 0x00000000e2200000, 0x00000000e2200000| Complete 
|  35|0x00000000e2300000, 0x00000000e2400000, 0x00000000e2400000|100%| O|  |TAMS 0x00000000e2300000, 0x00000000e2300000| Untracked 
|  36|0x00000000e2400000, 0x00000000e2500000, 0x00000000e2500000|100%| O|  |TAMS 0x00000000e2400000, 0x00000000e2400000| Untracked 
|  37|0x00000000e2500000, 0x00000000e2600000, 0x00000000e2600000|100%| O|  |TAMS 0x00000000e2500000, 0x00000000e2500000| Untracked 
|  38|0x00000000e2600000, 0x00000000e2700000, 0x00000000e2700000|100%| O|  |TAMS 0x00000000e2600000, 0x00000000e2600000| Untracked 
|  39|0x00000000e2700000, 0x00000000e2800000, 0x00000000e2800000|100%| O|  |TAMS 0x00000000e2700000, 0x00000000e2700000| Untracked 
|  40|0x00000000e2800000, 0x00000000e2900000, 0x00000000e2900000|100%| O|  |TAMS 0x00000000e2800000, 0x00000000e2800000| Untracked 
|  41|0x00000000e2900000, 0x00000000e2a00000, 0x00000000e2a00000|100%| O|  |TAMS 0x00000000e2900000, 0x00000000e2900000| Untracked 
|  42|0x00000000e2a00000, 0x00000000e2a0c600, 0x00000000e2b00000|  4%| O|  |TAMS 0x00000000e2a00000, 0x00000000e2a00000| Untracked 
|  43|0x00000000e2b00000, 0x00000000e2b00000, 0x00000000e2c00000|  0%| F|  |TAMS 0x00000000e2b00000, 0x00000000e2b00000| Untracked 
|  44|0x00000000e2c00000, 0x00000000e2c00000, 0x00000000e2d00000|  0%| F|  |TAMS 0x00000000e2c00000, 0x00000000e2c00000| Untracked 
|  45|0x00000000e2d00000, 0x00000000e2d00000, 0x00000000e2e00000|  0%| F|  |TAMS 0x00000000e2d00000, 0x00000000e2d00000| Untracked 
|  46|0x00000000e2e00000, 0x00000000e2e00000, 0x00000000e2f00000|  0%| F|  |TAMS 0x00000000e2e00000, 0x00000000e2e00000| Untracked 
|  47|0x00000000e2f00000, 0x00000000e2f00000, 0x00000000e3000000|  0%| F|  |TAMS 0x00000000e2f00000, 0x00000000e2f00000| Untracked 
|  48|0x00000000e3000000, 0x00000000e3000000, 0x00000000e3100000|  0%| F|  |TAMS 0x00000000e3000000, 0x00000000e3000000| Untracked 
|  49|0x00000000e3100000, 0x00000000e3100000, 0x00000000e3200000|  0%| F|  |TAMS 0x00000000e3100000, 0x00000000e3100000| Untracked 
|  50|0x00000000e3200000, 0x00000000e3200000, 0x00000000e3300000|  0%| F|  |TAMS 0x00000000e3200000, 0x00000000e3200000| Untracked 
|  51|0x00000000e3300000, 0x00000000e3300000, 0x00000000e3400000|  0%| F|  |TAMS 0x00000000e3300000, 0x00000000e3300000| Untracked 
|  52|0x00000000e3400000, 0x00000000e3400000, 0x00000000e3500000|  0%| F|  |TAMS 0x00000000e3400000, 0x00000000e3400000| Untracked 
|  53|0x00000000e3500000, 0x00000000e3500000, 0x00000000e3600000|  0%| F|  |TAMS 0x00000000e3500000, 0x00000000e3500000| Untracked 
|  54|0x00000000e3600000, 0x00000000e3600000, 0x00000000e3700000|  0%| F|  |TAMS 0x00000000e3600000, 0x00000000e3600000| Untracked 
|  55|0x00000000e3700000, 0x00000000e3700000, 0x00000000e3800000|  0%| F|  |TAMS 0x00000000e3700000, 0x00000000e3700000| Untracked 
|  56|0x00000000e3800000, 0x00000000e3800000, 0x00000000e3900000|  0%| F|  |TAMS 0x00000000e3800000, 0x00000000e3800000| Untracked 
|  57|0x00000000e3900000, 0x00000000e3900000, 0x00000000e3a00000|  0%| F|  |TAMS 0x00000000e3900000, 0x00000000e3900000| Untracked 
|  58|0x00000000e3a00000, 0x00000000e3a00000, 0x00000000e3b00000|  0%| F|  |TAMS 0x00000000e3a00000, 0x00000000e3a00000| Untracked 
|  59|0x00000000e3b00000, 0x00000000e3b00000, 0x00000000e3c00000|  0%| F|  |TAMS 0x00000000e3b00000, 0x00000000e3b00000| Untracked 
|  60|0x00000000e3c00000, 0x00000000e3c00000, 0x00000000e3d00000|  0%| F|  |TAMS 0x00000000e3c00000, 0x00000000e3c00000| Untracked 
|  61|0x00000000e3d00000, 0x00000000e3d00000, 0x00000000e3e00000|  0%| F|  |TAMS 0x00000000e3d00000, 0x00000000e3d00000| Untracked 
|  62|0x00000000e3e00000, 0x00000000e3e00000, 0x00000000e3f00000|  0%| F|  |TAMS 0x00000000e3e00000, 0x00000000e3e00000| Untracked 
|  63|0x00000000e3f00000, 0x00000000e3f00000, 0x00000000e4000000|  0%| F|  |TAMS 0x00000000e3f00000, 0x00000000e3f00000| Untracked 
|  64|0x00000000e4000000, 0x00000000e4000000, 0x00000000e4100000|  0%| F|  |TAMS 0x00000000e4000000, 0x00000000e4000000| Untracked 
|  65|0x00000000e4100000, 0x00000000e4100000, 0x00000000e4200000|  0%| F|  |TAMS 0x00000000e4100000, 0x00000000e4100000| Untracked 
|  66|0x00000000e4200000, 0x00000000e4200000, 0x00000000e4300000|  0%| F|  |TAMS 0x00000000e4200000, 0x00000000e4200000| Untracked 
|  67|0x00000000e4300000, 0x00000000e4300000, 0x00000000e4400000|  0%| F|  |TAMS 0x00000000e4300000, 0x00000000e4300000| Untracked 
|  68|0x00000000e4400000, 0x00000000e4400000, 0x00000000e4500000|  0%| F|  |TAMS 0x00000000e4400000, 0x00000000e4400000| Untracked 
|  69|0x00000000e4500000, 0x00000000e4500000, 0x00000000e4600000|  0%| F|  |TAMS 0x00000000e4500000, 0x00000000e4500000| Untracked 
|  70|0x00000000e4600000, 0x00000000e4600000, 0x00000000e4700000|  0%| F|  |TAMS 0x00000000e4600000, 0x00000000e4600000| Untracked 
|  71|0x00000000e4700000, 0x00000000e4700000, 0x00000000e4800000|  0%| F|  |TAMS 0x00000000e4700000, 0x00000000e4700000| Untracked 
|  72|0x00000000e4800000, 0x00000000e4800000, 0x00000000e4900000|  0%| F|  |TAMS 0x00000000e4800000, 0x00000000e4800000| Untracked 
|  73|0x00000000e4900000, 0x00000000e4900000, 0x00000000e4a00000|  0%| F|  |TAMS 0x00000000e4900000, 0x00000000e4900000| Untracked 
|  74|0x00000000e4a00000, 0x00000000e4a00000, 0x00000000e4b00000|  0%| F|  |TAMS 0x00000000e4a00000, 0x00000000e4a00000| Untracked 
|  75|0x00000000e4b00000, 0x00000000e4b00000, 0x00000000e4c00000|  0%| F|  |TAMS 0x00000000e4b00000, 0x00000000e4b00000| Untracked 
|  76|0x00000000e4c00000, 0x00000000e4c00000, 0x00000000e4d00000|  0%| F|  |TAMS 0x00000000e4c00000, 0x00000000e4c00000| Untracked 
|  77|0x00000000e4d00000, 0x00000000e4d00000, 0x00000000e4e00000|  0%| F|  |TAMS 0x00000000e4d00000, 0x00000000e4d00000| Untracked 
|  78|0x00000000e4e00000, 0x00000000e4e00000, 0x00000000e4f00000|  0%| F|  |TAMS 0x00000000e4e00000, 0x00000000e4e00000| Untracked 
|  79|0x00000000e4f00000, 0x00000000e4f00000, 0x00000000e5000000|  0%| F|  |TAMS 0x00000000e4f00000, 0x00000000e4f00000| Untracked 
|  80|0x00000000e5000000, 0x00000000e5000000, 0x00000000e5100000|  0%| F|  |TAMS 0x00000000e5000000, 0x00000000e5000000| Untracked 
|  81|0x00000000e5100000, 0x00000000e5100000, 0x00000000e5200000|  0%| F|  |TAMS 0x00000000e5100000, 0x00000000e5100000| Untracked 
|  82|0x00000000e5200000, 0x00000000e5200000, 0x00000000e5300000|  0%| F|  |TAMS 0x00000000e5200000, 0x00000000e5200000| Untracked 
|  83|0x00000000e5300000, 0x00000000e5300000, 0x00000000e5400000|  0%| F|  |TAMS 0x00000000e5300000, 0x00000000e5300000| Untracked 
|  84|0x00000000e5400000, 0x00000000e5400000, 0x00000000e5500000|  0%| F|  |TAMS 0x00000000e5400000, 0x00000000e5400000| Untracked 
|  85|0x00000000e5500000, 0x00000000e5500000, 0x00000000e5600000|  0%| F|  |TAMS 0x00000000e5500000, 0x00000000e5500000| Untracked 
|  86|0x00000000e5600000, 0x00000000e5600000, 0x00000000e5700000|  0%| F|  |TAMS 0x00000000e5600000, 0x00000000e5600000| Untracked 
|  87|0x00000000e5700000, 0x00000000e5700000, 0x00000000e5800000|  0%| F|  |TAMS 0x00000000e5700000, 0x00000000e5700000| Untracked 
|  88|0x00000000e5800000, 0x00000000e5800000, 0x00000000e5900000|  0%| F|  |TAMS 0x00000000e5800000, 0x00000000e5800000| Untracked 
|  89|0x00000000e5900000, 0x00000000e5900000, 0x00000000e5a00000|  0%| F|  |TAMS 0x00000000e5900000, 0x00000000e5900000| Untracked 
|  90|0x00000000e5a00000, 0x00000000e5a00000, 0x00000000e5b00000|  0%| F|  |TAMS 0x00000000e5a00000, 0x00000000e5a00000| Untracked 
|  91|0x00000000e5b00000, 0x00000000e5b00000, 0x00000000e5c00000|  0%| F|  |TAMS 0x00000000e5b00000, 0x00000000e5b00000| Untracked 
|  92|0x00000000e5c00000, 0x00000000e5c00000, 0x00000000e5d00000|  0%| F|  |TAMS 0x00000000e5c00000, 0x00000000e5c00000| Untracked 
|  93|0x00000000e5d00000, 0x00000000e5d00000, 0x00000000e5e00000|  0%| F|  |TAMS 0x00000000e5d00000, 0x00000000e5d00000| Untracked 
|  94|0x00000000e5e00000, 0x00000000e5e00000, 0x00000000e5f00000|  0%| F|  |TAMS 0x00000000e5e00000, 0x00000000e5e00000| Untracked 
|  95|0x00000000e5f00000, 0x00000000e5f00000, 0x00000000e6000000|  0%| F|  |TAMS 0x00000000e5f00000, 0x00000000e5f00000| Untracked 
|  96|0x00000000e6000000, 0x00000000e6000000, 0x00000000e6100000|  0%| F|  |TAMS 0x00000000e6000000, 0x00000000e6000000| Untracked 
|  97|0x00000000e6100000, 0x00000000e6100000, 0x00000000e6200000|  0%| F|  |TAMS 0x00000000e6100000, 0x00000000e6100000| Untracked 
|  98|0x00000000e6200000, 0x00000000e6200000, 0x00000000e6300000|  0%| F|  |TAMS 0x00000000e6200000, 0x00000000e6200000| Untracked 
|  99|0x00000000e6300000, 0x00000000e6300000, 0x00000000e6400000|  0%| F|  |TAMS 0x00000000e6300000, 0x00000000e6300000| Untracked 
| 100|0x00000000e6400000, 0x00000000e6400000, 0x00000000e6500000|  0%| F|  |TAMS 0x00000000e6400000, 0x00000000e6400000| Untracked 
| 101|0x00000000e6500000, 0x00000000e6500000, 0x00000000e6600000|  0%| F|  |TAMS 0x00000000e6500000, 0x00000000e6500000| Untracked 
| 102|0x00000000e6600000, 0x00000000e6600000, 0x00000000e6700000|  0%| F|  |TAMS 0x00000000e6600000, 0x00000000e6600000| Untracked 
| 103|0x00000000e6700000, 0x00000000e6700000, 0x00000000e6800000|  0%| F|  |TAMS 0x00000000e6700000, 0x00000000e6700000| Untracked 
| 104|0x00000000e6800000, 0x00000000e6800000, 0x00000000e6900000|  0%| F|  |TAMS 0x00000000e6800000, 0x00000000e6800000| Untracked 
| 105|0x00000000e6900000, 0x00000000e6900000, 0x00000000e6a00000|  0%| F|  |TAMS 0x00000000e6900000, 0x00000000e6900000| Untracked 
| 106|0x00000000e6a00000, 0x00000000e6a00000, 0x00000000e6b00000|  0%| F|  |TAMS 0x00000000e6a00000, 0x00000000e6a00000| Untracked 
| 107|0x00000000e6b00000, 0x00000000e6b00000, 0x00000000e6c00000|  0%| F|  |TAMS 0x00000000e6b00000, 0x00000000e6b00000| Untracked 
| 108|0x00000000e6c00000, 0x00000000e6c00000, 0x00000000e6d00000|  0%| F|  |TAMS 0x00000000e6c00000, 0x00000000e6c00000| Untracked 
| 109|0x00000000e6d00000, 0x00000000e6d00000, 0x00000000e6e00000|  0%| F|  |TAMS 0x00000000e6d00000, 0x00000000e6d00000| Untracked 
| 110|0x00000000e6e00000, 0x00000000e6e00000, 0x00000000e6f00000|  0%| F|  |TAMS 0x00000000e6e00000, 0x00000000e6e00000| Untracked 
| 111|0x00000000e6f00000, 0x00000000e6f00000, 0x00000000e7000000|  0%| F|  |TAMS 0x00000000e6f00000, 0x00000000e6f00000| Untracked 
| 112|0x00000000e7000000, 0x00000000e7000000, 0x00000000e7100000|  0%| F|  |TAMS 0x00000000e7000000, 0x00000000e7000000| Untracked 
| 113|0x00000000e7100000, 0x00000000e7100000, 0x00000000e7200000|  0%| F|  |TAMS 0x00000000e7100000, 0x00000000e7100000| Untracked 
| 114|0x00000000e7200000, 0x00000000e7200000, 0x00000000e7300000|  0%| F|  |TAMS 0x00000000e7200000, 0x00000000e7200000| Untracked 
| 115|0x00000000e7300000, 0x00000000e7300000, 0x00000000e7400000|  0%| F|  |TAMS 0x00000000e7300000, 0x00000000e7300000| Untracked 
| 116|0x00000000e7400000, 0x00000000e7400000, 0x00000000e7500000|  0%| F|  |TAMS 0x00000000e7400000, 0x00000000e7400000| Untracked 
| 117|0x00000000e7500000, 0x00000000e7500000, 0x00000000e7600000|  0%| F|  |TAMS 0x00000000e7500000, 0x00000000e7500000| Untracked 
| 118|0x00000000e7600000, 0x00000000e7600000, 0x00000000e7700000|  0%| F|  |TAMS 0x00000000e7600000, 0x00000000e7600000| Untracked 
| 119|0x00000000e7700000, 0x00000000e7700000, 0x00000000e7800000|  0%| F|  |TAMS 0x00000000e7700000, 0x00000000e7700000| Untracked 
| 120|0x00000000e7800000, 0x00000000e7800000, 0x00000000e7900000|  0%| F|  |TAMS 0x00000000e7800000, 0x00000000e7800000| Untracked 
| 121|0x00000000e7900000, 0x00000000e7900000, 0x00000000e7a00000|  0%| F|  |TAMS 0x00000000e7900000, 0x00000000e7900000| Untracked 
| 122|0x00000000e7a00000, 0x00000000e7a00000, 0x00000000e7b00000|  0%| F|  |TAMS 0x00000000e7a00000, 0x00000000e7a00000| Untracked 
| 123|0x00000000e7b00000, 0x00000000e7b00000, 0x00000000e7c00000|  0%| F|  |TAMS 0x00000000e7b00000, 0x00000000e7b00000| Untracked 
| 124|0x00000000e7c00000, 0x00000000e7c00000, 0x00000000e7d00000|  0%| F|  |TAMS 0x00000000e7c00000, 0x00000000e7c00000| Untracked 
| 125|0x00000000e7d00000, 0x00000000e7d00000, 0x00000000e7e00000|  0%| F|  |TAMS 0x00000000e7d00000, 0x00000000e7d00000| Untracked 
| 126|0x00000000e7e00000, 0x00000000e7e00000, 0x00000000e7f00000|  0%| F|  |TAMS 0x00000000e7e00000, 0x00000000e7e00000| Untracked 
| 127|0x00000000e7f00000, 0x00000000e7f00000, 0x00000000e8000000|  0%| F|  |TAMS 0x00000000e7f00000, 0x00000000e7f00000| Untracked 
| 128|0x00000000e8000000, 0x00000000e8000000, 0x00000000e8100000|  0%| F|  |TAMS 0x00000000e8000000, 0x00000000e8000000| Untracked 
| 129|0x00000000e8100000, 0x00000000e8100000, 0x00000000e8200000|  0%| F|  |TAMS 0x00000000e8100000, 0x00000000e8100000| Untracked 
| 130|0x00000000e8200000, 0x00000000e8200000, 0x00000000e8300000|  0%| F|  |TAMS 0x00000000e8200000, 0x00000000e8200000| Untracked 
| 131|0x00000000e8300000, 0x00000000e8300000, 0x00000000e8400000|  0%| F|  |TAMS 0x00000000e8300000, 0x00000000e8300000| Untracked 
| 132|0x00000000e8400000, 0x00000000e8400000, 0x00000000e8500000|  0%| F|  |TAMS 0x00000000e8400000, 0x00000000e8400000| Untracked 
| 133|0x00000000e8500000, 0x00000000e8500000, 0x00000000e8600000|  0%| F|  |TAMS 0x00000000e8500000, 0x00000000e8500000| Untracked 
| 134|0x00000000e8600000, 0x00000000e8600000, 0x00000000e8700000|  0%| F|  |TAMS 0x00000000e8600000, 0x00000000e8600000| Untracked 
| 135|0x00000000e8700000, 0x00000000e8700000, 0x00000000e8800000|  0%| F|  |TAMS 0x00000000e8700000, 0x00000000e8700000| Untracked 
| 136|0x00000000e8800000, 0x00000000e8800000, 0x00000000e8900000|  0%| F|  |TAMS 0x00000000e8800000, 0x00000000e8800000| Untracked 
| 137|0x00000000e8900000, 0x00000000e8900000, 0x00000000e8a00000|  0%| F|  |TAMS 0x00000000e8900000, 0x00000000e8900000| Untracked 
| 138|0x00000000e8a00000, 0x00000000e8a00000, 0x00000000e8b00000|  0%| F|  |TAMS 0x00000000e8a00000, 0x00000000e8a00000| Untracked 
| 139|0x00000000e8b00000, 0x00000000e8b00000, 0x00000000e8c00000|  0%| F|  |TAMS 0x00000000e8b00000, 0x00000000e8b00000| Untracked 
| 140|0x00000000e8c00000, 0x00000000e8c00000, 0x00000000e8d00000|  0%| F|  |TAMS 0x00000000e8c00000, 0x00000000e8c00000| Untracked 
| 141|0x00000000e8d00000, 0x00000000e8d00000, 0x00000000e8e00000|  0%| F|  |TAMS 0x00000000e8d00000, 0x00000000e8d00000| Untracked 
| 142|0x00000000e8e00000, 0x00000000e8e00000, 0x00000000e8f00000|  0%| F|  |TAMS 0x00000000e8e00000, 0x00000000e8e00000| Untracked 
| 143|0x00000000e8f00000, 0x00000000e8f00000, 0x00000000e9000000|  0%| F|  |TAMS 0x00000000e8f00000, 0x00000000e8f00000| Untracked 
| 144|0x00000000e9000000, 0x00000000e9000000, 0x00000000e9100000|  0%| F|  |TAMS 0x00000000e9000000, 0x00000000e9000000| Untracked 
| 145|0x00000000e9100000, 0x00000000e9100000, 0x00000000e9200000|  0%| F|  |TAMS 0x00000000e9100000, 0x00000000e9100000| Untracked 
| 146|0x00000000e9200000, 0x00000000e9200000, 0x00000000e9300000|  0%| F|  |TAMS 0x00000000e9200000, 0x00000000e9200000| Untracked 
| 147|0x00000000e9300000, 0x00000000e9300000, 0x00000000e9400000|  0%| F|  |TAMS 0x00000000e9300000, 0x00000000e9300000| Untracked 
| 148|0x00000000e9400000, 0x00000000e9400000, 0x00000000e9500000|  0%| F|  |TAMS 0x00000000e9400000, 0x00000000e9400000| Untracked 
| 149|0x00000000e9500000, 0x00000000e9500000, 0x00000000e9600000|  0%| F|  |TAMS 0x00000000e9500000, 0x00000000e9500000| Untracked 
| 150|0x00000000e9600000, 0x00000000e9600000, 0x00000000e9700000|  0%| F|  |TAMS 0x00000000e9600000, 0x00000000e9600000| Untracked 
| 151|0x00000000e9700000, 0x00000000e9700000, 0x00000000e9800000|  0%| F|  |TAMS 0x00000000e9700000, 0x00000000e9700000| Untracked 
| 152|0x00000000e9800000, 0x00000000e9800000, 0x00000000e9900000|  0%| F|  |TAMS 0x00000000e9800000, 0x00000000e9800000| Untracked 
| 153|0x00000000e9900000, 0x00000000e9900000, 0x00000000e9a00000|  0%| F|  |TAMS 0x00000000e9900000, 0x00000000e9900000| Untracked 
| 154|0x00000000e9a00000, 0x00000000e9a00000, 0x00000000e9b00000|  0%| F|  |TAMS 0x00000000e9a00000, 0x00000000e9a00000| Untracked 
| 155|0x00000000e9b00000, 0x00000000e9b00000, 0x00000000e9c00000|  0%| F|  |TAMS 0x00000000e9b00000, 0x00000000e9b00000| Untracked 
| 156|0x00000000e9c00000, 0x00000000e9c00000, 0x00000000e9d00000|  0%| F|  |TAMS 0x00000000e9c00000, 0x00000000e9c00000| Untracked 
| 157|0x00000000e9d00000, 0x00000000e9d00000, 0x00000000e9e00000|  0%| F|  |TAMS 0x00000000e9d00000, 0x00000000e9d00000| Untracked 
| 158|0x00000000e9e00000, 0x00000000e9e00000, 0x00000000e9f00000|  0%| F|  |TAMS 0x00000000e9e00000, 0x00000000e9e00000| Untracked 
| 159|0x00000000e9f00000, 0x00000000e9f00000, 0x00000000ea000000|  0%| F|  |TAMS 0x00000000e9f00000, 0x00000000e9f00000| Untracked 
| 160|0x00000000ea000000, 0x00000000ea000000, 0x00000000ea100000|  0%| F|  |TAMS 0x00000000ea000000, 0x00000000ea000000| Untracked 
| 161|0x00000000ea100000, 0x00000000ea100000, 0x00000000ea200000|  0%| F|  |TAMS 0x00000000ea100000, 0x00000000ea100000| Untracked 
| 162|0x00000000ea200000, 0x00000000ea200000, 0x00000000ea300000|  0%| F|  |TAMS 0x00000000ea200000, 0x00000000ea200000| Untracked 
| 163|0x00000000ea300000, 0x00000000ea300000, 0x00000000ea400000|  0%| F|  |TAMS 0x00000000ea300000, 0x00000000ea300000| Untracked 
| 164|0x00000000ea400000, 0x00000000ea400000, 0x00000000ea500000|  0%| F|  |TAMS 0x00000000ea400000, 0x00000000ea400000| Untracked 
| 165|0x00000000ea500000, 0x00000000ea500000, 0x00000000ea600000|  0%| F|  |TAMS 0x00000000ea500000, 0x00000000ea500000| Untracked 
| 166|0x00000000ea600000, 0x00000000ea600000, 0x00000000ea700000|  0%| F|  |TAMS 0x00000000ea600000, 0x00000000ea600000| Untracked 
| 167|0x00000000ea700000, 0x00000000ea700000, 0x00000000ea800000|  0%| F|  |TAMS 0x00000000ea700000, 0x00000000ea700000| Untracked 
| 168|0x00000000ea800000, 0x00000000ea800000, 0x00000000ea900000|  0%| F|  |TAMS 0x00000000ea800000, 0x00000000ea800000| Untracked 
| 169|0x00000000ea900000, 0x00000000ea900000, 0x00000000eaa00000|  0%| F|  |TAMS 0x00000000ea900000, 0x00000000ea900000| Untracked 
| 170|0x00000000eaa00000, 0x00000000eaa00000, 0x00000000eab00000|  0%| F|  |TAMS 0x00000000eaa00000, 0x00000000eaa00000| Untracked 
| 171|0x00000000eab00000, 0x00000000eab00000, 0x00000000eac00000|  0%| F|  |TAMS 0x00000000eab00000, 0x00000000eab00000| Untracked 
| 172|0x00000000eac00000, 0x00000000eac00000, 0x00000000ead00000|  0%| F|  |TAMS 0x00000000eac00000, 0x00000000eac00000| Untracked 
| 173|0x00000000ead00000, 0x00000000ead00000, 0x00000000eae00000|  0%| F|  |TAMS 0x00000000ead00000, 0x00000000ead00000| Untracked 
| 174|0x00000000eae00000, 0x00000000eae00000, 0x00000000eaf00000|  0%| F|  |TAMS 0x00000000eae00000, 0x00000000eae00000| Untracked 
| 175|0x00000000eaf00000, 0x00000000eaf00000, 0x00000000eb000000|  0%| F|  |TAMS 0x00000000eaf00000, 0x00000000eaf00000| Untracked 
| 176|0x00000000eb000000, 0x00000000eb000000, 0x00000000eb100000|  0%| F|  |TAMS 0x00000000eb000000, 0x00000000eb000000| Untracked 
| 177|0x00000000eb100000, 0x00000000eb100000, 0x00000000eb200000|  0%| F|  |TAMS 0x00000000eb100000, 0x00000000eb100000| Untracked 
| 178|0x00000000eb200000, 0x00000000eb200000, 0x00000000eb300000|  0%| F|  |TAMS 0x00000000eb200000, 0x00000000eb200000| Untracked 
| 179|0x00000000eb300000, 0x00000000eb300000, 0x00000000eb400000|  0%| F|  |TAMS 0x00000000eb300000, 0x00000000eb300000| Untracked 
| 180|0x00000000eb400000, 0x00000000eb400000, 0x00000000eb500000|  0%| F|  |TAMS 0x00000000eb400000, 0x00000000eb400000| Untracked 
| 181|0x00000000eb500000, 0x00000000eb500000, 0x00000000eb600000|  0%| F|  |TAMS 0x00000000eb500000, 0x00000000eb500000| Untracked 
| 182|0x00000000eb600000, 0x00000000eb600000, 0x00000000eb700000|  0%| F|  |TAMS 0x00000000eb600000, 0x00000000eb600000| Untracked 
| 183|0x00000000eb700000, 0x00000000eb700000, 0x00000000eb800000|  0%| F|  |TAMS 0x00000000eb700000, 0x00000000eb700000| Untracked 
| 184|0x00000000eb800000, 0x00000000eb880800, 0x00000000eb900000| 50%| E|  |TAMS 0x00000000eb800000, 0x00000000eb800000| Complete 
| 185|0x00000000eb900000, 0x00000000eba00000, 0x00000000eba00000|100%| E|CS|TAMS 0x00000000eb900000, 0x00000000eb900000| Complete 
| 186|0x00000000eba00000, 0x00000000ebb00000, 0x00000000ebb00000|100%| E|CS|TAMS 0x00000000eba00000, 0x00000000eba00000| Complete 
| 187|0x00000000ebb00000, 0x00000000ebc00000, 0x00000000ebc00000|100%| E|CS|TAMS 0x00000000ebb00000, 0x00000000ebb00000| Complete 
| 188|0x00000000ebc00000, 0x00000000ebd00000, 0x00000000ebd00000|100%| E|CS|TAMS 0x00000000ebc00000, 0x00000000ebc00000| Complete 
| 189|0x00000000ebd00000, 0x00000000ebe00000, 0x00000000ebe00000|100%| E|CS|TAMS 0x00000000ebd00000, 0x00000000ebd00000| Complete 
| 190|0x00000000ebe00000, 0x00000000ebf00000, 0x00000000ebf00000|100%| E|CS|TAMS 0x00000000ebe00000, 0x00000000ebe00000| Complete 
| 191|0x00000000ebf00000, 0x00000000ec000000, 0x00000000ec000000|100%| E|CS|TAMS 0x00000000ebf00000, 0x00000000ebf00000| Complete 
| 192|0x00000000ec000000, 0x00000000ec100000, 0x00000000ec100000|100%| E|CS|TAMS 0x00000000ec000000, 0x00000000ec000000| Complete 
| 193|0x00000000ec100000, 0x00000000ec200000, 0x00000000ec200000|100%| E|CS|TAMS 0x00000000ec100000, 0x00000000ec100000| Complete 
| 194|0x00000000ec200000, 0x00000000ec300000, 0x00000000ec300000|100%| E|CS|TAMS 0x00000000ec200000, 0x00000000ec200000| Complete 
| 195|0x00000000ec300000, 0x00000000ec400000, 0x00000000ec400000|100%| E|CS|TAMS 0x00000000ec300000, 0x00000000ec300000| Complete 
| 196|0x00000000ec400000, 0x00000000ec500000, 0x00000000ec500000|100%| E|CS|TAMS 0x00000000ec400000, 0x00000000ec400000| Complete 
| 197|0x00000000ec500000, 0x00000000ec600000, 0x00000000ec600000|100%| E|CS|TAMS 0x00000000ec500000, 0x00000000ec500000| Complete 
| 198|0x00000000ec600000, 0x00000000ec700000, 0x00000000ec700000|100%| E|CS|TAMS 0x00000000ec600000, 0x00000000ec600000| Complete 
| 199|0x00000000ec700000, 0x00000000ec800000, 0x00000000ec800000|100%| E|CS|TAMS 0x00000000ec700000, 0x00000000ec700000| Complete 
| 200|0x00000000ec800000, 0x00000000ec900000, 0x00000000ec900000|100%| E|CS|TAMS 0x00000000ec800000, 0x00000000ec800000| Complete 
| 201|0x00000000ec900000, 0x00000000eca00000, 0x00000000eca00000|100%| E|CS|TAMS 0x00000000ec900000, 0x00000000ec900000| Complete 
| 202|0x00000000eca00000, 0x00000000ecb00000, 0x00000000ecb00000|100%| E|CS|TAMS 0x00000000eca00000, 0x00000000eca00000| Complete 
| 203|0x00000000ecb00000, 0x00000000ecc00000, 0x00000000ecc00000|100%| E|CS|TAMS 0x00000000ecb00000, 0x00000000ecb00000| Complete 
| 204|0x00000000ecc00000, 0x00000000ecd00000, 0x00000000ecd00000|100%| E|CS|TAMS 0x00000000ecc00000, 0x00000000ecc00000| Complete 
| 205|0x00000000ecd00000, 0x00000000ece00000, 0x00000000ece00000|100%| E|CS|TAMS 0x00000000ecd00000, 0x00000000ecd00000| Complete 
| 206|0x00000000ece00000, 0x00000000ecf00000, 0x00000000ecf00000|100%| E|CS|TAMS 0x00000000ece00000, 0x00000000ece00000| Complete 
| 207|0x00000000ecf00000, 0x00000000ed000000, 0x00000000ed000000|100%| E|CS|TAMS 0x00000000ecf00000, 0x00000000ecf00000| Complete 
| 208|0x00000000ed000000, 0x00000000ed100000, 0x00000000ed100000|100%| E|CS|TAMS 0x00000000ed000000, 0x00000000ed000000| Complete 
| 209|0x00000000ed100000, 0x00000000ed200000, 0x00000000ed200000|100%| E|CS|TAMS 0x00000000ed100000, 0x00000000ed100000| Complete 
| 210|0x00000000ed200000, 0x00000000ed300000, 0x00000000ed300000|100%| E|CS|TAMS 0x00000000ed200000, 0x00000000ed200000| Complete 
| 211|0x00000000ed300000, 0x00000000ed400000, 0x00000000ed400000|100%| E|CS|TAMS 0x00000000ed300000, 0x00000000ed300000| Complete 
| 212|0x00000000ed400000, 0x00000000ed500000, 0x00000000ed500000|100%| E|CS|TAMS 0x00000000ed400000, 0x00000000ed400000| Complete 
| 213|0x00000000ed500000, 0x00000000ed600000, 0x00000000ed600000|100%| E|CS|TAMS 0x00000000ed500000, 0x00000000ed500000| Complete 
| 214|0x00000000ed600000, 0x00000000ed700000, 0x00000000ed700000|100%| E|CS|TAMS 0x00000000ed600000, 0x00000000ed600000| Complete 
| 215|0x00000000ed700000, 0x00000000ed800000, 0x00000000ed800000|100%| E|CS|TAMS 0x00000000ed700000, 0x00000000ed700000| Complete 
| 216|0x00000000ed800000, 0x00000000ed900000, 0x00000000ed900000|100%| E|CS|TAMS 0x00000000ed800000, 0x00000000ed800000| Complete 
| 217|0x00000000ed900000, 0x00000000eda00000, 0x00000000eda00000|100%| E|CS|TAMS 0x00000000ed900000, 0x00000000ed900000| Complete 
| 218|0x00000000eda00000, 0x00000000edb00000, 0x00000000edb00000|100%| E|CS|TAMS 0x00000000eda00000, 0x00000000eda00000| Complete 
| 219|0x00000000edb00000, 0x00000000edc00000, 0x00000000edc00000|100%| E|CS|TAMS 0x00000000edb00000, 0x00000000edb00000| Complete 
| 220|0x00000000edc00000, 0x00000000edd00000, 0x00000000edd00000|100%| E|CS|TAMS 0x00000000edc00000, 0x00000000edc00000| Complete 
| 221|0x00000000edd00000, 0x00000000ede00000, 0x00000000ede00000|100%| E|CS|TAMS 0x00000000edd00000, 0x00000000edd00000| Complete 
| 222|0x00000000ede00000, 0x00000000edf00000, 0x00000000edf00000|100%| E|CS|TAMS 0x00000000ede00000, 0x00000000ede00000| Complete 
| 223|0x00000000edf00000, 0x00000000ee000000, 0x00000000ee000000|100%| E|CS|TAMS 0x00000000edf00000, 0x00000000edf00000| Complete 
| 224|0x00000000ee000000, 0x00000000ee100000, 0x00000000ee100000|100%| E|CS|TAMS 0x00000000ee000000, 0x00000000ee000000| Complete 
| 225|0x00000000ee100000, 0x00000000ee200000, 0x00000000ee200000|100%| E|CS|TAMS 0x00000000ee100000, 0x00000000ee100000| Complete 
| 226|0x00000000ee200000, 0x00000000ee300000, 0x00000000ee300000|100%| E|CS|TAMS 0x00000000ee200000, 0x00000000ee200000| Complete 
| 227|0x00000000ee300000, 0x00000000ee400000, 0x00000000ee400000|100%| E|CS|TAMS 0x00000000ee300000, 0x00000000ee300000| Complete 
| 228|0x00000000ee400000, 0x00000000ee500000, 0x00000000ee500000|100%| E|CS|TAMS 0x00000000ee400000, 0x00000000ee400000| Complete 
| 229|0x00000000ee500000, 0x00000000ee600000, 0x00000000ee600000|100%| E|CS|TAMS 0x00000000ee500000, 0x00000000ee500000| Complete 
| 230|0x00000000ee600000, 0x00000000ee700000, 0x00000000ee700000|100%| E|CS|TAMS 0x00000000ee600000, 0x00000000ee600000| Complete 
| 231|0x00000000ee700000, 0x00000000ee800000, 0x00000000ee800000|100%| E|CS|TAMS 0x00000000ee700000, 0x00000000ee700000| Complete 
| 232|0x00000000ee800000, 0x00000000ee900000, 0x00000000ee900000|100%| E|CS|TAMS 0x00000000ee800000, 0x00000000ee800000| Complete 
| 233|0x00000000ee900000, 0x00000000eea00000, 0x00000000eea00000|100%| E|CS|TAMS 0x00000000ee900000, 0x00000000ee900000| Complete 
| 234|0x00000000eea00000, 0x00000000eeb00000, 0x00000000eeb00000|100%| E|CS|TAMS 0x00000000eea00000, 0x00000000eea00000| Complete 
| 235|0x00000000eeb00000, 0x00000000eec00000, 0x00000000eec00000|100%| E|CS|TAMS 0x00000000eeb00000, 0x00000000eeb00000| Complete 
| 236|0x00000000eec00000, 0x00000000eed00000, 0x00000000eed00000|100%| E|CS|TAMS 0x00000000eec00000, 0x00000000eec00000| Complete 
| 237|0x00000000eed00000, 0x00000000eee00000, 0x00000000eee00000|100%| E|CS|TAMS 0x00000000eed00000, 0x00000000eed00000| Complete 
| 238|0x00000000eee00000, 0x00000000eef00000, 0x00000000eef00000|100%| E|CS|TAMS 0x00000000eee00000, 0x00000000eee00000| Complete 
| 239|0x00000000eef00000, 0x00000000ef000000, 0x00000000ef000000|100%| E|CS|TAMS 0x00000000eef00000, 0x00000000eef00000| Complete 
| 240|0x00000000ef000000, 0x00000000ef100000, 0x00000000ef100000|100%| E|CS|TAMS 0x00000000ef000000, 0x00000000ef000000| Complete 
| 241|0x00000000ef100000, 0x00000000ef200000, 0x00000000ef200000|100%| E|CS|TAMS 0x00000000ef100000, 0x00000000ef100000| Complete 
| 242|0x00000000ef200000, 0x00000000ef300000, 0x00000000ef300000|100%| E|CS|TAMS 0x00000000ef200000, 0x00000000ef200000| Complete 
| 243|0x00000000ef300000, 0x00000000ef400000, 0x00000000ef400000|100%| E|CS|TAMS 0x00000000ef300000, 0x00000000ef300000| Complete 
| 244|0x00000000ef400000, 0x00000000ef500000, 0x00000000ef500000|100%| E|CS|TAMS 0x00000000ef400000, 0x00000000ef400000| Complete 
| 245|0x00000000ef500000, 0x00000000ef600000, 0x00000000ef600000|100%| E|CS|TAMS 0x00000000ef500000, 0x00000000ef500000| Complete 
| 246|0x00000000ef600000, 0x00000000ef700000, 0x00000000ef700000|100%| E|CS|TAMS 0x00000000ef600000, 0x00000000ef600000| Complete 
| 247|0x00000000ef700000, 0x00000000ef800000, 0x00000000ef800000|100%| E|CS|TAMS 0x00000000ef700000, 0x00000000ef700000| Complete 
| 248|0x00000000ef800000, 0x00000000ef900000, 0x00000000ef900000|100%| E|CS|TAMS 0x00000000ef800000, 0x00000000ef800000| Complete 
| 249|0x00000000ef900000, 0x00000000efa00000, 0x00000000efa00000|100%| E|CS|TAMS 0x00000000ef900000, 0x00000000ef900000| Complete 
| 250|0x00000000efa00000, 0x00000000efb00000, 0x00000000efb00000|100%| E|CS|TAMS 0x00000000efa00000, 0x00000000efa00000| Complete 
| 251|0x00000000efb00000, 0x00000000efc00000, 0x00000000efc00000|100%| E|CS|TAMS 0x00000000efb00000, 0x00000000efb00000| Complete 
| 252|0x00000000efc00000, 0x00000000efcefb40, 0x00000000efd00000| 93%| S|CS|TAMS 0x00000000efc00000, 0x00000000efc00000| Complete 
| 253|0x00000000efd00000, 0x00000000efe00000, 0x00000000efe00000|100%| E|CS|TAMS 0x00000000efd00000, 0x00000000efd00000| Complete 
| 254|0x00000000efe00000, 0x00000000eff00000, 0x00000000eff00000|100%| E|CS|TAMS 0x00000000efe00000, 0x00000000efe00000| Complete 
| 255|0x00000000eff00000, 0x00000000f0000000, 0x00000000f0000000|100%| E|CS|TAMS 0x00000000eff00000, 0x00000000eff00000| Complete 

Card table byte_map: [0x000001daabe50000,0x000001daabf50000] _byte_map_base: 0x000001daab750000

Marking Bits (Prev, Next): (CMBitMap*) 0x000001da95187bd0, (CMBitMap*) 0x000001da95187c10
 Prev Bits: [0x000001daac050000, 0x000001daac850000)
 Next Bits: [0x000001daac850000, 0x000001daad050000)

Polling page: 0x000001da93120000

Metaspace:

Usage:
  Non-class:     45.69 MB used.
      Class:      7.41 MB used.
       Both:     53.10 MB used.

Virtual space:
  Non-class space:       64.00 MB reserved,      45.94 MB ( 72%) committed,  1 nodes.
      Class space:      208.00 MB reserved,       7.62 MB (  4%) committed,  1 nodes.
             Both:      272.00 MB reserved,      53.56 MB ( 20%) committed. 

Chunk freelists:
   Non-Class:  1.69 MB
       Class:  8.25 MB
        Both:  9.94 MB

MaxMetaspaceSize: 256.00 MB
CompressedClassSpaceSize: 208.00 MB
Initial GC threshold: 21.00 MB
Current GC threshold: 59.38 MB
CDS: on
MetaspaceReclaimPolicy: balanced
 - commit_granule_bytes: 65536.
 - commit_granule_words: 8192.
 - virtual_space_node_default_size: 8388608.
 - enlarge_chunks_in_place: 1.
 - new_chunks_are_fully_committed: 0.
 - uncommit_free_chunks: 1.
 - use_allocation_guard: 0.
 - handle_deallocations: 1.


Internal statistics:

num_allocs_failed_limit: 9.
num_arena_births: 514.
num_arena_deaths: 0.
num_vsnodes_births: 2.
num_vsnodes_deaths: 0.
num_space_committed: 857.
num_space_uncommitted: 0.
num_chunks_returned_to_freelist: 9.
num_chunks_taken_from_freelist: 2647.
num_chunk_merges: 9.
num_chunk_splits: 1780.
num_chunks_enlarged: 1188.
num_inconsistent_stats: 0.

CodeHeap 'non-profiled nmethods': size=120000Kb used=3208Kb max_used=3208Kb free=116791Kb
 bounds [0x000001daa44f0000, 0x000001daa4820000, 0x000001daaba20000]
CodeHeap 'profiled nmethods': size=120000Kb used=10538Kb max_used=10538Kb free=109461Kb
 bounds [0x000001da9ca20000, 0x000001da9d470000, 0x000001daa3f50000]
CodeHeap 'non-nmethods': size=5760Kb used=2345Kb max_used=2448Kb free=3414Kb
 bounds [0x000001daa3f50000, 0x000001daa41c0000, 0x000001daa44f0000]
 total_blobs=6173 nmethods=5308 adapters=777
 compilation: enabled
              stopped_count=0, restarted_count=0
 full_count=0

Compilation events (20 events):
Event: 11.459 Thread 0x000001daafaad2f0 nmethod 6044 0x000001daa4606490 code [0x000001daa4606620, 0x000001daa46066f8]
Event: 11.460 Thread 0x000001daafaad2f0 6045       1       org.gradle.api.internal.tasks.properties.ModifierAnnotationCategory::getDisplayName (5 bytes)
Event: 11.460 Thread 0x000001daafaad2f0 nmethod 6045 0x000001daa4606190 code [0x000001daa4606320, 0x000001daa46063f8]
Event: 11.461 Thread 0x000001daafaad2f0 6046       3       java.lang.reflect.Method::getDeclaredAnnotations (5 bytes)
Event: 11.461 Thread 0x000001daafaad2f0 nmethod 6046 0x000001da9d466490 code [0x000001da9d466680, 0x000001da9d466b28]
Event: 11.461 Thread 0x000001daafaad2f0 6047       3       com.google.common.collect.ImmutableMap::<init> (5 bytes)
Event: 11.462 Thread 0x000001daafaad2f0 nmethod 6047 0x000001da9d466c90 code [0x000001da9d466e20, 0x000001da9d466f78]
Event: 11.462 Thread 0x000001daafaad2f0 6048       3       com.google.common.collect.MultimapBuilder::treeKeys (14 bytes)
Event: 11.462 Thread 0x000001daafaad2f0 nmethod 6048 0x000001da9d467010 code [0x000001da9d4671e0, 0x000001da9d467608]
Event: 11.462 Thread 0x000001daafaad2f0 6049       3       com.google.common.collect.ComparatorOrdering::compare (12 bytes)
Event: 11.462 Thread 0x000001daafaad2f0 nmethod 6049 0x000001da9d467790 code [0x000001da9d467940, 0x000001da9d467b08]
Event: 11.462 Thread 0x000001daafaad2f0 6051       3       com.google.common.collect.NaturalOrdering::compare (13 bytes)
Event: 11.462 Thread 0x000001daafaad2f0 nmethod 6051 0x000001da9d467c10 code [0x000001da9d467e20, 0x000001da9d468548]
Event: 11.462 Thread 0x000001daafaad2f0 6050       1       org.gradle.internal.reflect.annotations.impl.DefaultTypeAnnotationMetadataStore$PropertyAnnotationMetadataBuilder::getPropertyName (5 bytes)
Event: 11.462 Thread 0x000001daafaad2f0 nmethod 6050 0x000001daa4605e90 code [0x000001daa4606020, 0x000001daa46060f8]
Event: 11.462 Thread 0x000001daafaad2f0 6052       3       org.gradle.internal.reflect.annotations.impl.DefaultPropertyAnnotationMetadata::compareTo (9 bytes)
Event: 11.463 Thread 0x000001daafaad2f0 nmethod 6052 0x000001da9d468790 code [0x000001da9d468960, 0x000001da9d468ce8]
Event: 11.464 Thread 0x000001daafaad2f0 6053       3       com.google.common.collect.SingletonImmutableBiMap::get (20 bytes)
Event: 11.464 Thread 0x000001daafaad2f0 nmethod 6053 0x000001da9d468e90 code [0x000001da9d469040, 0x000001da9d4692a8]
Event: 11.467 Thread 0x000001daafaad2f0 6054       2       java.util.ArrayList$Itr::<init> (26 bytes)

GC Heap History (16 events):
Event: 0.803 GC heap before
{Heap before GC invocations=0 (full 0):
 garbage-first heap   total 262144K, used 28672K [0x00000000e0000000, 0x0000000100000000)
  region size 1024K, 23 young (23552K), 0 survivors (0K)
 Metaspace       used 2968K, committed 3136K, reserved 278528K
  class space    used 380K, committed 448K, reserved 212992K
}
Event: 0.810 GC heap after
{Heap after GC invocations=1 (full 0):
 garbage-first heap   total 262144K, used 9057K [0x00000000e0000000, 0x0000000100000000)
  region size 1024K, 3 young (3072K), 3 survivors (3072K)
 Metaspace       used 2968K, committed 3136K, reserved 278528K
  class space    used 380K, committed 448K, reserved 212992K
}
Event: 1.519 GC heap before
{Heap before GC invocations=1 (full 0):
 garbage-first heap   total 262144K, used 36705K [0x00000000e0000000, 0x0000000100000000)
  region size 1024K, 30 young (30720K), 3 survivors (3072K)
 Metaspace       used 3893K, committed 4096K, reserved 278528K
  class space    used 476K, committed 576K, reserved 212992K
}
Event: 1.525 GC heap after
{Heap after GC invocations=2 (full 0):
 garbage-first heap   total 262144K, used 13396K [0x00000000e0000000, 0x0000000100000000)
  region size 1024K, 4 young (4096K), 4 survivors (4096K)
 Metaspace       used 3893K, committed 4096K, reserved 278528K
  class space    used 476K, committed 576K, reserved 212992K
}
Event: 4.436 GC heap before
{Heap before GC invocations=2 (full 0):
 garbage-first heap   total 262144K, used 114772K [0x00000000e0000000, 0x0000000100000000)
  region size 1024K, 104 young (106496K), 4 survivors (4096K)
 Metaspace       used 21286K, committed 21504K, reserved 278528K
  class space    used 3154K, committed 3264K, reserved 212992K
}
Event: 4.452 GC heap after
{Heap after GC invocations=3 (full 0):
 garbage-first heap   total 262144K, used 20849K [0x00000000e0000000, 0x0000000100000000)
  region size 1024K, 12 young (12288K), 12 survivors (12288K)
 Metaspace       used 21286K, committed 21504K, reserved 278528K
  class space    used 3154K, committed 3264K, reserved 212992K
}
Event: 6.662 GC heap before
{Heap before GC invocations=4 (full 0):
 garbage-first heap   total 262144K, used 122225K [0x00000000e0000000, 0x0000000100000000)
  region size 1024K, 109 young (111616K), 12 survivors (12288K)
 Metaspace       used 35606K, committed 35968K, reserved 278528K
  class space    used 4877K, committed 5056K, reserved 212992K
}
Event: 6.683 GC heap after
{Heap after GC invocations=5 (full 0):
 garbage-first heap   total 262144K, used 29284K [0x00000000e0000000, 0x0000000100000000)
  region size 1024K, 16 young (16384K), 16 survivors (16384K)
 Metaspace       used 35606K, committed 35968K, reserved 278528K
  class space    used 4877K, committed 5056K, reserved 212992K
}
Event: 6.713 GC heap before
{Heap before GC invocations=5 (full 0):
 garbage-first heap   total 262144K, used 30308K [0x00000000e0000000, 0x0000000100000000)
  region size 1024K, 17 young (17408K), 16 survivors (16384K)
 Metaspace       used 35740K, committed 36096K, reserved 278528K
  class space    used 4896K, committed 5056K, reserved 212992K
}
Event: 6.731 GC heap after
{Heap after GC invocations=6 (full 0):
 garbage-first heap   total 262144K, used 29881K [0x00000000e0000000, 0x0000000100000000)
  region size 1024K, 2 young (2048K), 2 survivors (2048K)
 Metaspace       used 35740K, committed 36096K, reserved 278528K
  class space    used 4896K, committed 5056K, reserved 212992K
}
Event: 6.782 GC heap before
{Heap before GC invocations=6 (full 0):
 garbage-first heap   total 262144K, used 30905K [0x00000000e0000000, 0x0000000100000000)
  region size 1024K, 4 young (4096K), 2 survivors (2048K)
 Metaspace       used 35948K, committed 36288K, reserved 278528K
  class space    used 4923K, committed 5056K, reserved 212992K
}
Event: 6.784 GC heap after
{Heap after GC invocations=7 (full 0):
 garbage-first heap   total 262144K, used 28552K [0x00000000e0000000, 0x0000000100000000)
  region size 1024K, 1 young (1024K), 1 survivors (1024K)
 Metaspace       used 35948K, committed 36288K, reserved 278528K
  class space    used 4923K, committed 5056K, reserved 212992K
}
Event: 10.122 GC heap before
{Heap before GC invocations=8 (full 0):
 garbage-first heap   total 262144K, used 184200K [0x00000000e0000000, 0x0000000100000000)
  region size 1024K, 147 young (150528K), 1 survivors (1024K)
 Metaspace       used 51473K, committed 51968K, reserved 278528K
  class space    used 7154K, committed 7360K, reserved 212992K
}
Event: 10.134 GC heap after
{Heap after GC invocations=9 (full 0):
 garbage-first heap   total 262144K, used 42348K [0x00000000e0000000, 0x0000000100000000)
  region size 1024K, 9 young (9216K), 9 survivors (9216K)
 Metaspace       used 51473K, committed 51968K, reserved 278528K
  class space    used 7154K, committed 7360K, reserved 212992K
}
Event: 10.275 GC heap before
{Heap before GC invocations=9 (full 0):
 garbage-first heap   total 262144K, used 45420K [0x00000000e0000000, 0x0000000100000000)
  region size 1024K, 12 young (12288K), 9 survivors (9216K)
 Metaspace       used 51829K, committed 52288K, reserved 278528K
  class space    used 7201K, committed 7424K, reserved 212992K
}
Event: 10.286 GC heap after
{Heap after GC invocations=10 (full 0):
 garbage-first heap   total 262144K, used 42992K [0x00000000e0000000, 0x0000000100000000)
  region size 1024K, 1 young (1024K), 1 survivors (1024K)
 Metaspace       used 51829K, committed 52288K, reserved 278528K
  class space    used 7201K, committed 7424K, reserved 212992K
}

Deoptimization events (20 events):
Event: 11.411 Thread 0x000001daafd13240 Uncommon trap: trap_request=0xffffff45 fr.pc=0x000001daa470d460 relative=0x0000000000000820
Event: 11.411 Thread 0x000001daafd13240 Uncommon trap: reason=unstable_if action=reinterpret pc=0x000001daa470d460 method=java.util.concurrent.ConcurrentHashMap.replaceNode(Ljava/lang/Object;Ljava/lang/Object;Ljava/lang/Object;)Ljava/lang/Object; @ 136 c2
Event: 11.412 Thread 0x000001daafd13240 DEOPT PACKING pc=0x000001daa470d460 sp=0x0000003f7f1f79f0
Event: 11.412 Thread 0x000001daafd13240 DEOPT UNPACKING pc=0x000001daa3fa23a3 sp=0x0000003f7f1f7978 mode 2
Event: 11.453 Thread 0x000001daafd13240 Uncommon trap: trap_request=0xffffffbe fr.pc=0x000001daa45cda60 relative=0x0000000000000d60
Event: 11.453 Thread 0x000001daafd13240 Uncommon trap: reason=profile_predicate action=maybe_recompile pc=0x000001daa45cda60 method=java.util.TreeMap.getEntryUsingComparator(Ljava/lang/Object;)Ljava/util/TreeMap$Entry; @ 19 c2
Event: 11.453 Thread 0x000001daafd13240 DEOPT PACKING pc=0x000001daa45cda60 sp=0x0000003f7f1f8f70
Event: 11.453 Thread 0x000001daafd13240 DEOPT UNPACKING pc=0x000001daa3fa23a3 sp=0x0000003f7f1f8e90 mode 2
Event: 11.454 Thread 0x000001daafd13240 Uncommon trap: trap_request=0xffffffbe fr.pc=0x000001daa45cda60 relative=0x0000000000000d60
Event: 11.454 Thread 0x000001daafd13240 Uncommon trap: reason=profile_predicate action=maybe_recompile pc=0x000001daa45cda60 method=java.util.TreeMap.getEntryUsingComparator(Ljava/lang/Object;)Ljava/util/TreeMap$Entry; @ 19 c2
Event: 11.454 Thread 0x000001daafd13240 DEOPT PACKING pc=0x000001daa45cda60 sp=0x0000003f7f1f8f70
Event: 11.454 Thread 0x000001daafd13240 DEOPT UNPACKING pc=0x000001daa3fa23a3 sp=0x0000003f7f1f8e90 mode 2
Event: 11.454 Thread 0x000001daafd13240 Uncommon trap: trap_request=0xffffffbe fr.pc=0x000001daa45cda60 relative=0x0000000000000d60
Event: 11.454 Thread 0x000001daafd13240 Uncommon trap: reason=profile_predicate action=maybe_recompile pc=0x000001daa45cda60 method=java.util.TreeMap.getEntryUsingComparator(Ljava/lang/Object;)Ljava/util/TreeMap$Entry; @ 19 c2
Event: 11.454 Thread 0x000001daafd13240 DEOPT PACKING pc=0x000001daa45cda60 sp=0x0000003f7f1f8f70
Event: 11.454 Thread 0x000001daafd13240 DEOPT UNPACKING pc=0x000001daa3fa23a3 sp=0x0000003f7f1f8e90 mode 2
Event: 11.454 Thread 0x000001daafd13240 Uncommon trap: trap_request=0xffffffbe fr.pc=0x000001daa45cda60 relative=0x0000000000000d60
Event: 11.454 Thread 0x000001daafd13240 Uncommon trap: reason=profile_predicate action=maybe_recompile pc=0x000001daa45cda60 method=java.util.TreeMap.getEntryUsingComparator(Ljava/lang/Object;)Ljava/util/TreeMap$Entry; @ 19 c2
Event: 11.454 Thread 0x000001daafd13240 DEOPT PACKING pc=0x000001daa45cda60 sp=0x0000003f7f1f8f70
Event: 11.454 Thread 0x000001daafd13240 DEOPT UNPACKING pc=0x000001daa3fa23a3 sp=0x0000003f7f1f8e90 mode 2

Classes unloaded (0 events):
No events

Classes redefined (0 events):
No events

Internal exceptions (20 events):
Event: 11.276 Thread 0x000001daafd13240 Exception <a 'java/lang/ClassNotFoundException'{0x00000000ec522f68}: org/gradle/api/java/archives/internal/DefaultManifestBeanInfo> (0x00000000ec522f68) 
thrown [s\open\src\hotspot\share\classfile\systemDictionary.cpp, line 256]
Event: 11.277 Thread 0x000001daafd13240 Exception <a 'java/lang/ClassNotFoundException'{0x00000000ec53cf48}: org/gradle/api/java/archives/internal/DefaultManifestCustomizer> (0x00000000ec53cf48) 
thrown [s\open\src\hotspot\share\classfile\systemDictionary.cpp, line 256]
Event: 11.286 Thread 0x000001daafd13240 Exception <a 'java/lang/ClassNotFoundException'{0x00000000ec5f7690}: org/gradle/api/DefaultTask_DecoratedBeanInfo> (0x00000000ec5f7690) 
thrown [s\open\src\hotspot\share\classfile\systemDictionary.cpp, line 256]
Event: 11.287 Thread 0x000001daafd13240 Exception <a 'java/lang/ClassNotFoundException'{0x00000000ec40c328}: org/gradle/api/DefaultTask_DecoratedCustomizer> (0x00000000ec40c328) 
thrown [s\open\src\hotspot\share\classfile\systemDictionary.cpp, line 256]
Event: 11.296 Thread 0x000001daafd13240 Exception <a 'java/lang/ClassNotFoundException'{0x00000000ec2604d8}: org/gradle/api/distribution/internal/DefaultDistributionContainer_DecoratedBeanInfo> (0x00000000ec2604d8) 
thrown [s\open\src\hotspot\share\classfile\systemDictionary.cpp, line 256]
Event: 11.297 Thread 0x000001daafd13240 Exception <a 'java/lang/ClassNotFoundException'{0x00000000ec279db8}: org/gradle/api/distribution/internal/DefaultDistributionContainerBeanInfo> (0x00000000ec279db8) 
thrown [s\open\src\hotspot\share\classfile\systemDictionary.cpp, line 256]
Event: 11.298 Thread 0x000001daafd13240 Exception <a 'java/lang/ClassNotFoundException'{0x00000000ec2930e8}: org/gradle/api/distribution/internal/DefaultDistributionContainerCustomizer> (0x00000000ec2930e8) 
thrown [s\open\src\hotspot\share\classfile\systemDictionary.cpp, line 256]
Event: 11.299 Thread 0x000001daafd13240 Exception <a 'java/lang/ClassNotFoundException'{0x00000000ec2b4d68}: org/gradle/api/distribution/internal/DefaultDistributionContainer_DecoratedCustomizer> (0x00000000ec2b4d68) 
thrown [s\open\src\hotspot\share\classfile\systemDictionary.cpp, line 256]
Event: 11.303 Thread 0x000001daafd13240 Exception <a 'java/lang/ClassNotFoundException'{0x00000000ec124bd0}: org/gradle/api/distribution/internal/DefaultDistribution_DecoratedBeanInfo> (0x00000000ec124bd0) 
thrown [s\open\src\hotspot\share\classfile\systemDictionary.cpp, line 256]
Event: 11.304 Thread 0x000001daafd13240 Exception <a 'java/lang/ClassNotFoundException'{0x00000000ec13ebf0}: org/gradle/api/distribution/internal/DefaultDistributionBeanInfo> (0x00000000ec13ebf0) 
thrown [s\open\src\hotspot\share\classfile\systemDictionary.cpp, line 256]
Event: 11.305 Thread 0x000001daafd13240 Exception <a 'java/lang/ClassNotFoundException'{0x00000000ec158c40}: org/gradle/api/distribution/internal/DefaultDistributionCustomizer> (0x00000000ec158c40) 
thrown [s\open\src\hotspot\share\classfile\systemDictionary.cpp, line 256]
Event: 11.306 Thread 0x000001daafd13240 Exception <a 'java/lang/ClassNotFoundException'{0x00000000ec1777d0}: org/gradle/api/distribution/internal/DefaultDistribution_DecoratedCustomizer> (0x00000000ec1777d0) 
thrown [s\open\src\hotspot\share\classfile\systemDictionary.cpp, line 256]
Event: 11.312 Thread 0x000001daafd13240 Exception <a 'java/lang/ClassNotFoundException'{0x00000000ec003c30}: org/gradle/api/internal/file/copy/DefaultCopySpec_DecoratedBeanInfo> (0x00000000ec003c30) 
thrown [s\open\src\hotspot\share\classfile\systemDictionary.cpp, line 256]
Event: 11.313 Thread 0x000001daafd13240 Exception <a 'java/lang/ClassNotFoundException'{0x00000000ec01cd40}: org/gradle/api/internal/file/copy/DefaultCopySpecBeanInfo> (0x00000000ec01cd40) 
thrown [s\open\src\hotspot\share\classfile\systemDictionary.cpp, line 256]
Event: 11.315 Thread 0x000001daafd13240 Exception <a 'java/lang/ClassNotFoundException'{0x00000000ec0358f0}: org/gradle/api/internal/file/copy/DefaultCopySpecCustomizer> (0x00000000ec0358f0) 
thrown [s\open\src\hotspot\share\classfile\systemDictionary.cpp, line 256]
Event: 11.318 Thread 0x000001daafd13240 Exception <a 'java/lang/ClassNotFoundException'{0x00000000ec0a3090}: org/gradle/api/internal/file/copy/DefaultCopySpec_DecoratedCustomizer> (0x00000000ec0a3090) 
thrown [s\open\src\hotspot\share\classfile\systemDictionary.cpp, line 256]
Event: 11.355 Thread 0x000001daafd13240 Exception <a 'java/lang/ClassNotFoundException'{0x00000000ebd78738}: org/gradle/api/tasks/JavaExec_DecoratedBeanInfo> (0x00000000ebd78738) 
thrown [s\open\src\hotspot\share\classfile\systemDictionary.cpp, line 256]
Event: 11.356 Thread 0x000001daafd13240 Exception <a 'java/lang/ClassNotFoundException'{0x00000000ebd90880}: org/gradle/api/tasks/JavaExecBeanInfo> (0x00000000ebd90880) 
thrown [s\open\src\hotspot\share\classfile\systemDictionary.cpp, line 256]
Event: 11.357 Thread 0x000001daafd13240 Exception <a 'java/lang/ClassNotFoundException'{0x00000000ebda8310}: org/gradle/api/tasks/JavaExecCustomizer> (0x00000000ebda8310) 
thrown [s\open\src\hotspot\share\classfile\systemDictionary.cpp, line 256]
Event: 11.359 Thread 0x000001daafd13240 Exception <a 'java/lang/ClassNotFoundException'{0x00000000ebc19a40}: org/gradle/api/tasks/JavaExec_DecoratedCustomizer> (0x00000000ebc19a40) 
thrown [s\open\src\hotspot\share\classfile\systemDictionary.cpp, line 256]

VM Operations (20 events):
Event: 8.377 Executing VM operation: ICBufferFull
Event: 8.377 Executing VM operation: ICBufferFull done
Event: 8.586 Executing VM operation: HandshakeAllThreads
Event: 8.586 Executing VM operation: HandshakeAllThreads done
Event: 9.373 Executing VM operation: ICBufferFull
Event: 9.373 Executing VM operation: ICBufferFull done
Event: 9.838 Executing VM operation: HandshakeAllThreads
Event: 9.838 Executing VM operation: HandshakeAllThreads done
Event: 9.852 Executing VM operation: HandshakeAllThreads
Event: 9.852 Executing VM operation: HandshakeAllThreads done
Event: 10.121 Executing VM operation: G1CollectForAllocation
Event: 10.135 Executing VM operation: G1CollectForAllocation done
Event: 10.275 Executing VM operation: G1CollectForAllocation
Event: 10.286 Executing VM operation: G1CollectForAllocation done
Event: 10.974 Executing VM operation: ICBufferFull
Event: 10.974 Executing VM operation: ICBufferFull done
Event: 11.043 Executing VM operation: HandshakeAllThreads
Event: 11.044 Executing VM operation: HandshakeAllThreads done
Event: 11.204 Executing VM operation: HandshakeAllThreads
Event: 11.204 Executing VM operation: HandshakeAllThreads done

Events (20 events):
Event: 11.037 loading class java/util/HashSetCustomizer
Event: 11.037 loading class java/util/HashSetCustomizer done
Event: 11.037 loading class java/util/HashSetCustomizer
Event: 11.037 loading class java/util/HashSetCustomizer done
Event: 11.039 loading class java/util/LinkedHashSetCustomizer
Event: 11.039 loading class java/util/LinkedHashSetCustomizer done
Event: 11.039 loading class java/util/LinkedHashSetCustomizer
Event: 11.039 loading class java/util/LinkedHashSetCustomizer done
Event: 11.110 loading class java/lang/StackTraceElement$HashedModules
Event: 11.110 loading class java/lang/StackTraceElement$HashedModules done
Event: 11.209 loading class java/lang/EnumBeanInfo
Event: 11.209 loading class java/lang/EnumBeanInfo done
Event: 11.209 loading class java/lang/EnumBeanInfo
Event: 11.209 loading class java/lang/EnumBeanInfo done
Event: 11.209 loading class java/lang/EnumCustomizer
Event: 11.209 loading class java/lang/EnumCustomizer done
Event: 11.209 loading class java/lang/EnumCustomizer
Event: 11.209 loading class java/lang/EnumCustomizer done
Event: 11.237 loading class java/io/FilterReader
Event: 11.237 loading class java/io/FilterReader done


Dynamic libraries:
0x00007ff674260000 - 0x00007ff674270000 	C:\Program Files\Java\jdk-17.0.11\bin\java.exe
0x00007ff8decd0000 - 0x00007ff8deec8000 	C:\WINDOWS\SYSTEM32\ntdll.dll
0x00007ff8de720000 - 0x00007ff8de7dd000 	C:\WINDOWS\System32\KERNEL32.DLL
0x00007ff8dc560000 - 0x00007ff8dc856000 	C:\WINDOWS\System32\KERNELBASE.dll
0x00007ff8dc380000 - 0x00007ff8dc480000 	C:\WINDOWS\System32\ucrtbase.dll
0x00007ff8d5650000 - 0x00007ff8d5669000 	C:\Program Files\Java\jdk-17.0.11\bin\jli.dll
0x00007ff8d5670000 - 0x00007ff8d568b000 	C:\Program Files\Java\jdk-17.0.11\bin\VCRUNTIME140.dll
0x00007ff8de0d0000 - 0x00007ff8de180000 	C:\WINDOWS\System32\ADVAPI32.dll
0x00007ff8dea30000 - 0x00007ff8deace000 	C:\WINDOWS\System32\msvcrt.dll
0x00007ff8debf0000 - 0x00007ff8dec90000 	C:\WINDOWS\System32\sechost.dll
0x00007ff8dd620000 - 0x00007ff8dd743000 	C:\WINDOWS\System32\RPCRT4.dll
0x00007ff8dc920000 - 0x00007ff8dc947000 	C:\WINDOWS\System32\bcrypt.dll
0x00007ff8dd750000 - 0x00007ff8dd8ef000 	C:\WINDOWS\System32\USER32.dll
0x00007ff8dc480000 - 0x00007ff8dc4a2000 	C:\WINDOWS\System32\win32u.dll
0x00007ff8c17c0000 - 0x00007ff8c1a5a000 	C:\WINDOWS\WinSxS\amd64_microsoft.windows.common-controls_6595b64144ccf1df_6.0.19041.3636_none_60b6a03d71f818d5\COMCTL32.dll
0x00007ff8de7f0000 - 0x00007ff8de81b000 	C:\WINDOWS\System32\GDI32.dll
0x00007ff8dcb50000 - 0x00007ff8dcc67000 	C:\WINDOWS\System32\gdi32full.dll
0x00007ff8dcab0000 - 0x00007ff8dcb4d000 	C:\WINDOWS\System32\msvcp_win.dll
0x00007ff8d4590000 - 0x00007ff8d459a000 	C:\WINDOWS\SYSTEM32\VERSION.dll
0x00007ff8dde50000 - 0x00007ff8dde82000 	C:\WINDOWS\System32\IMM32.DLL
0x00007ff8d7440000 - 0x00007ff8d744c000 	C:\Program Files\Java\jdk-17.0.11\bin\vcruntime140_1.dll
0x00007ff8bdf90000 - 0x00007ff8be01e000 	C:\Program Files\Java\jdk-17.0.11\bin\msvcp140.dll
0x00007ff8a7e70000 - 0x00007ff8a8a50000 	C:\Program Files\Java\jdk-17.0.11\bin\server\jvm.dll
0x00007ff8dcde0000 - 0x00007ff8dcde8000 	C:\WINDOWS\System32\PSAPI.DLL
0x00007ff8bad70000 - 0x00007ff8bad79000 	C:\WINDOWS\SYSTEM32\WSOCK32.dll
0x00007ff8c0da0000 - 0x00007ff8c0dc7000 	C:\WINDOWS\SYSTEM32\WINMM.dll
0x00007ff8ddd10000 - 0x00007ff8ddd7b000 	C:\WINDOWS\System32\WS2_32.dll
0x00007ff8dab60000 - 0x00007ff8dab72000 	C:\WINDOWS\SYSTEM32\kernel.appcore.dll
0x00007ff8d56a0000 - 0x00007ff8d56aa000 	C:\Program Files\Java\jdk-17.0.11\bin\jimage.dll
0x00007ff8da7f0000 - 0x00007ff8da9d4000 	C:\WINDOWS\SYSTEM32\DBGHELP.DLL
0x00007ff8c9040000 - 0x00007ff8c9074000 	C:\WINDOWS\SYSTEM32\dbgcore.DLL
0x00007ff8dcc70000 - 0x00007ff8dccf2000 	C:\WINDOWS\System32\bcryptPrimitives.dll
0x00007ff8bf8e0000 - 0x00007ff8bf905000 	C:\Program Files\Java\jdk-17.0.11\bin\java.dll
0x00007ff8bad80000 - 0x00007ff8bae57000 	C:\Program Files\Java\jdk-17.0.11\bin\jsvml.dll
0x00007ff8dcdf0000 - 0x00007ff8dd55b000 	C:\WINDOWS\System32\SHELL32.dll
0x00007ff8d9f30000 - 0x00007ff8da6ce000 	C:\WINDOWS\SYSTEM32\windows.storage.dll
0x00007ff8dd9b0000 - 0x00007ff8ddd03000 	C:\WINDOWS\System32\combase.dll
0x00007ff8dbce0000 - 0x00007ff8dbd0e000 	C:\WINDOWS\SYSTEM32\Wldp.dll
0x00007ff8de5f0000 - 0x00007ff8de6bd000 	C:\WINDOWS\System32\OLEAUT32.dll
0x00007ff8ddda0000 - 0x00007ff8dde4d000 	C:\WINDOWS\System32\SHCORE.dll
0x00007ff8dd8f0000 - 0x00007ff8dd945000 	C:\WINDOWS\System32\shlwapi.dll
0x00007ff8dc2b0000 - 0x00007ff8dc2d3000 	C:\WINDOWS\SYSTEM32\profapi.dll
0x00007ff8d4970000 - 0x00007ff8d4989000 	C:\Program Files\Java\jdk-17.0.11\bin\net.dll
0x00007ff8d2790000 - 0x00007ff8d289a000 	C:\WINDOWS\SYSTEM32\WINHTTP.dll
0x00007ff8dba20000 - 0x00007ff8dba8a000 	C:\WINDOWS\system32\mswsock.dll
0x00007ff8d4890000 - 0x00007ff8d48a6000 	C:\Program Files\Java\jdk-17.0.11\bin\nio.dll
0x00007ff8cb3a0000 - 0x00007ff8cb3b8000 	C:\Program Files\Java\jdk-17.0.11\bin\zip.dll
0x00007ff8c9a00000 - 0x00007ff8c9a10000 	C:\Program Files\Java\jdk-17.0.11\bin\verify.dll
0x00007ff8be790000 - 0x00007ff8be7b7000 	C:\Users\marko\.gradle\native\e1d6ef7f7dcc3fd88c89a11ec53ec762bb8ba0a96d01ffa2cd45eb1d1d8dd5c5\windows-amd64\native-platform.dll
0x00007ff8ad700000 - 0x00007ff8ad844000 	C:\Users\marko\.gradle\native\0d407fdbe67a94daf76414ababcb853783967236a71b16ec16e742cd7a986fd3\windows-amd64\native-platform-file-events.dll
0x00007ff8c1b60000 - 0x00007ff8c1b6a000 	C:\Program Files\Java\jdk-17.0.11\bin\management.dll
0x00007ff8c1b50000 - 0x00007ff8c1b5b000 	C:\Program Files\Java\jdk-17.0.11\bin\management_ext.dll
0x00007ff8dbc40000 - 0x00007ff8dbc58000 	C:\WINDOWS\SYSTEM32\CRYPTSP.dll
0x00007ff8db320000 - 0x00007ff8db354000 	C:\WINDOWS\system32\rsaenh.dll
0x00007ff8dc230000 - 0x00007ff8dc25e000 	C:\WINDOWS\SYSTEM32\USERENV.dll
0x00007ff8dbc30000 - 0x00007ff8dbc3c000 	C:\WINDOWS\SYSTEM32\CRYPTBASE.dll
0x00007ff8db6f0000 - 0x00007ff8db72b000 	C:\WINDOWS\SYSTEM32\IPHLPAPI.DLL
0x00007ff8de7e0000 - 0x00007ff8de7e8000 	C:\WINDOWS\System32\NSI.dll
0x00007ff8d45c0000 - 0x00007ff8d45d7000 	C:\WINDOWS\SYSTEM32\dhcpcsvc6.DLL
0x00007ff8d45a0000 - 0x00007ff8d45bd000 	C:\WINDOWS\SYSTEM32\dhcpcsvc.DLL
0x00007ff8db730000 - 0x00007ff8db7fb000 	C:\WINDOWS\SYSTEM32\DNSAPI.dll
0x00007ff8c1a80000 - 0x00007ff8c1a8e000 	C:\Program Files\Java\jdk-17.0.11\bin\sunmscapi.dll
0x00007ff8dc950000 - 0x00007ff8dcaae000 	C:\WINDOWS\System32\CRYPT32.dll
0x00007ff8dbd50000 - 0x00007ff8dbd78000 	C:\WINDOWS\SYSTEM32\ncrypt.dll
0x00007ff8dbd10000 - 0x00007ff8dbd4b000 	C:\WINDOWS\SYSTEM32\NTASN1.dll
0x00007ff8d56b0000 - 0x00007ff8d56b7000 	C:\WINDOWS\system32\wshunix.dll

dbghelp: loaded successfully - version: 4.0.5 - missing functions: none
symbol engine: initialized successfully - sym options: 0x614 - pdb path: .;C:\Program Files\Java\jdk-17.0.11\bin;C:\WINDOWS\SYSTEM32;C:\WINDOWS\WinSxS\amd64_microsoft.windows.common-controls_6595b64144ccf1df_6.0.19041.3636_none_60b6a03d71f818d5;C:\Program Files\Java\jdk-17.0.11\bin\server;C:\Users\marko\.gradle\native\e1d6ef7f7dcc3fd88c89a11ec53ec762bb8ba0a96d01ffa2cd45eb1d1d8dd5c5\windows-amd64;C:\Users\marko\.gradle\native\0d407fdbe67a94daf76414ababcb853783967236a71b16ec16e742cd7a986fd3\windows-amd64

VM Arguments:
jvm_args: --add-opens=java.base/java.util=ALL-UNNAMED --add-opens=java.base/java.lang=ALL-UNNAMED --add-opens=java.base/java.lang.invoke=ALL-UNNAMED --add-opens=java.base/java.util=ALL-UNNAMED --add-opens=java.prefs/java.util.prefs=ALL-UNNAMED --add-opens=java.prefs/java.util.prefs=ALL-UNNAMED --add-opens=java.base/java.nio.charset=ALL-UNNAMED --add-opens=java.base/java.net=ALL-UNNAMED --add-opens=java.base/java.util.concurrent.atomic=ALL-UNNAMED -XX:MaxMetaspaceSize=256m -XX:+HeapDumpOnOutOfMemoryError -Xms256m -Xmx512m -Dfile.encoding=windows-1252 -Duser.country=IT -Duser.language=it -Duser.variant 
java_command: org.gradle.launcher.daemon.bootstrap.GradleDaemon 7.4.2
java_class_path (initial): C:\Users\marko\.gradle\wrapper\dists\gradle-7.4.2-bin\48ivgl02cpt2ed3fh9dbalvx8\gradle-7.4.2\lib\gradle-launcher-7.4.2.jar
Launcher Type: SUN_STANDARD

[Global flags]
     intx CICompilerCount                          = 4                                         {product} {ergonomic}
   size_t CompressedClassSpaceSize                 = 218103808                                 {product} {ergonomic}
     uint ConcGCThreads                            = 2                                         {product} {ergonomic}
     uint G1ConcRefinementThreads                  = 8                                         {product} {ergonomic}
   size_t G1HeapRegionSize                         = 1048576                                   {product} {ergonomic}
    uintx GCDrainStackTargetSize                   = 64                                        {product} {ergonomic}
     bool HeapDumpOnOutOfMemoryError               = true                                   {manageable} {command line}
   size_t InitialHeapSize                          = 268435456                                 {product} {command line}
   size_t MarkStackSize                            = 4194304                                   {product} {ergonomic}
   size_t MaxHeapSize                              = 536870912                                 {product} {command line}
   size_t MaxMetaspaceSize                         = 268435456                                 {product} {command line}
   size_t MaxNewSize                               = 321912832                                 {product} {ergonomic}
   size_t MinHeapDeltaBytes                        = 1048576                                   {product} {ergonomic}
   size_t MinHeapSize                              = 268435456                                 {product} {command line}
    uintx NonNMethodCodeHeapSize                   = 5839372                                {pd product} {ergonomic}
    uintx NonProfiledCodeHeapSize                  = 122909434                              {pd product} {ergonomic}
    uintx ProfiledCodeHeapSize                     = 122909434                              {pd product} {ergonomic}
    uintx ReservedCodeCacheSize                    = 251658240                              {pd product} {ergonomic}
     bool SegmentedCodeCache                       = true                                      {product} {ergonomic}
   size_t SoftMaxHeapSize                          = 536870912                              {manageable} {ergonomic}
     bool UseCompressedClassPointers               = true                           {product lp64_product} {ergonomic}
     bool UseCompressedOops                        = true                           {product lp64_product} {ergonomic}
     bool UseG1GC                                  = true                                      {product} {ergonomic}
     bool UseLargePagesIndividualAllocation        = false                                  {pd product} {ergonomic}

Logging:
Log output configuration:
 #0: stdout all=warning uptime,level,tags
 #1: stderr all=off uptime,level,tags

Environment Variables:
JAVA_HOME=C:\Program Files\Java\jdk-17.0.11
CLASSPATH=C:\Users\marko\Desktop\ISS_24\issLab24\unibo.basicrobot24\\gradle\wrapper\gradle-wrapper.jar
PATH=C:\Program Files\Java\jdk-17.0.11\bin;C:\Gradle\gradle-8.6\bin;C:\Program Files\Python310\Scripts\;C:\Program Files\Python310\;C:\Program Files\Common Files\Oracle\Java\javapath;C:\Program Files (x86)\Common Files\Oracle\Java\javapath;C:\Program Files (x86)\Razer Chroma SDK\bin;C:\Program Files\Razer Chroma SDK\bin;C:\Program Files (x86)\Razer\ChromaBroadcast\bin;C:\Program Files\Razer\ChromaBroadcast\bin;C:\Program Files (x86)\Intel\Intel(R) Management Engine Components\iCLS\;C:\Program Files\Intel\Intel(R) Management Engine Components\iCLS\;C:\WINDOWS\system32;C:\WINDOWS;C:\WINDOWS\System32\Wbem;C:\WINDOWS\System32\WindowsPowerShell\v1.0\;C:\Program Files (x86)\Intel\Intel(R) Management Engine Components\DAL;C:\Program Files\Intel\Intel(R) Management Engine Components\DAL;C:\Program Files (x86)\Intel\Intel(R) Management Engine Components\IPT;C:\Program Files\Intel\Intel(R) Management Engine Components\IPT;C:\WINDOWS\System32\OpenSSH\;C:\WINDOWS\system32\config\systemprofile\AppData\Local\Microsoft\WindowsApps;C:\WINDOWS\system32;C:\WINDOWS;C:\WINDOWS\System32\Wbem;C:\WINDOWS\System32\WindowsPowerShell\v1.0\;C:\WINDOWS\System32\OpenSSH\;C:\Users\marko\AppData\Roaming\nvm;C:\Program Files\nodejs;C:\Program Files\Git\cmd;C:\Program Files\Git LFS;C:\Users\marko\AppData\Roaming\Python\Python310\Scripts;C:\Program Files\Docker\Docker\resources\bin;C:\Program Files\nodejs\;C:\Program Files\Graphviz\bin;C:\Users\marko\AppData\Local\Programs\Microsoft VS Code\bin;C:\Users\marko\AppData\Local\Microsoft\WindowsApps;C:\Users\marko\Desktop\antlr;C:\Users\marko\AppData\Local\JetBrains\IntelliJ IDEA Community Edition 2022.3.2\bin;C:\Users\marko\AppData\Roaming\npm
USERNAME=marko
OS=Windows_NT
PROCESSOR_IDENTIFIER=Intel64 Family 6 Model 142 Stepping 10, GenuineIntel



---------------  S Y S T E M  ---------------

OS:
 Windows 10 , 64 bit Build 19041 (10.0.19041.3636)
OS uptime: 2 days 5:51 hours
Hyper-V role detected

CPU: total 8 (initial active 8) (4 cores per cpu, 2 threads per core) family 6 model 142 stepping 10 microcode 0xb4, cx8, cmov, fxsr, ht, mmx, 3dnowpref, sse, sse2, sse3, ssse3, sse4.1, sse4.2, popcnt, lzcnt, tsc, tscinvbit, avx, avx2, aes, erms, clmul, bmi1, bmi2, adx, fma, vzeroupper, clflush, clflushopt, hv

Memory: 4k page, system-wide physical 8058M (475M free)
TotalPageFile size 8058M (AvailPageFile size 5M)
current process WorkingSet (physical memory assigned to process): 398M, peak: 400M
current process commit charge ("private bytes"): 502M, peak: 503M

vm_info: Java HotSpot(TM) 64-Bit Server VM (17.0.11+7-LTS-207) for windows-amd64 JRE (17.0.11+7-LTS-207), built on Mar 11 2024 19:01:50 by "mach5one" with MS VC++ 17.6 (VS2022)

END.
