#
# There is insufficient memory for the Java Runtime Environment to continue.
# Native memory allocation (mmap) failed to map 65536 bytes for Failed to commit metaspace.
# Possible reasons:
#   The system is out of physical RAM or swap space
#   The process is running with CompressedOops enabled, and the Java Heap may be blocking the growth of the native heap
# Possible solutions:
#   Reduce memory load on the system
#   Increase physical memory or swap space
#   Check if swap backing store is full
#   Decrease Java heap size (-Xmx/-Xms)
#   Decrease number of Java threads
#   Decrease Java thread stack sizes (-Xss)
#   Set larger code cache with -XX:ReservedCodeCacheSize=
#   JVM is running with Unscaled Compressed Oops mode in which the Java heap is
#     placed in the first 4GB address space. The Java Heap base address is the
#     maximum limit for the native heap growth. Please use -XX:HeapBaseMinAddress
#     to set the Java Heap base and to place the Java Heap above 4GB virtual address.
# This output file may be truncated or incomplete.
#
#  Out of Memory Error (virtualSpaceNode.cpp:110), pid=10680, tid=14064
#
# JRE version: Java(TM) SE Runtime Environment (17.0.11+7) (build 17.0.11+7-LTS-207)
# Java VM: Java HotSpot(TM) 64-Bit Server VM (17.0.11+7-LTS-207, mixed mode, sharing, tiered, compressed oops, compressed class ptrs, g1 gc, windows-amd64)
# No core dump will be written. Minidumps are not enabled by default on client versions of Windows
#

---------------  S U M M A R Y ------------

Command Line: org.jetbrains.kotlin.cli.jvm.K2JVMCompiler @C:\Users\marko\Desktop\ISS_24\issLab24\unibo.basicrobot24\build\20240523_14756288648652248670.compiler.options

Host: Intel(R) Core(TM) i5-8250U CPU @ 1.60GHz, 8 cores, 7G,  Windows 10 , 64 bit Build 19041 (10.0.19041.3636)
Time: Thu May 23 15:44:19 2024 ora legale Europa occidentale elapsed time: 9.393768 seconds (0d 0h 0m 9s)

---------------  T H R E A D  ---------------

Current thread (0x000001bd66b76e30):  JavaThread "C1 CompilerThread0" daemon [_thread_in_vm, id=14064, stack(0x0000001849300000,0x0000001849400000)]


Current CompileTask:
C1:   9393 7165   !   3       org.jetbrains.kotlin.types.expressions.ExpressionTypingVisitorDispatcher::lambda$getTypeInfo$0 (352 bytes)

Stack: [0x0000001849300000,0x0000001849400000]
Native frames: (J=compiled Java code, j=interpreted, Vv=VM code, C=native code)
V  [jvm.dll+0x679cca]
V  [jvm.dll+0x7da13d]
V  [jvm.dll+0x7dba83]
V  [jvm.dll+0x7dc0f3]
V  [jvm.dll+0x2449af]
V  [jvm.dll+0x7d5d0b]
V  [jvm.dll+0x6200b6]
V  [jvm.dll+0x1be687]
V  [jvm.dll+0x622a12]
V  [jvm.dll+0x620a76]
V  [jvm.dll+0x631d3a]
V  [jvm.dll+0x62abaa]
V  [jvm.dll+0x1ca420]
V  [jvm.dll+0x1ca610]
V  [jvm.dll+0x1465a1]
V  [jvm.dll+0x1463e5]
V  [jvm.dll+0x13e0b1]
V  [jvm.dll+0x140341]
V  [jvm.dll+0x13e945]
V  [jvm.dll+0x1389e3]
V  [jvm.dll+0x148046]
V  [jvm.dll+0x1341c0]
V  [jvm.dll+0x134520]
V  [jvm.dll+0x1347f8]
V  [jvm.dll+0x133c81]
V  [jvm.dll+0x13596d]
V  [jvm.dll+0x225a2b]
V  [jvm.dll+0x223bcb]
V  [jvm.dll+0x7903ec]
V  [jvm.dll+0x78a85a]
V  [jvm.dll+0x678bb5]
C  [ucrtbase.dll+0x21bb2]
C  [KERNEL32.DLL+0x17344]
C  [ntdll.dll+0x526b1]


---------------  P R O C E S S  ---------------

Threads class SMR info:
_java_thread_list=0x000001bd758bce30, length=13, elements={
0x000001bd46ac6d10, 0x000001bd66b50990, 0x000001bd66b51720, 0x000001bd66b668e0,
0x000001bd66b691c0, 0x000001bd66b69a90, 0x000001bd66b6a360, 0x000001bd66b6e460,
0x000001bd66b76e30, 0x000001bd66b79750, 0x000001bd6b0d0140, 0x000001bd6b0d7820,
0x000001bd6b10e960
}

Java Threads: ( => current thread )
  0x000001bd46ac6d10 JavaThread "main" [_thread_in_vm, id=10788, stack(0x0000001848500000,0x0000001848600000)]
  0x000001bd66b50990 JavaThread "Reference Handler" daemon [_thread_blocked, id=10724, stack(0x0000001848c00000,0x0000001848d00000)]
  0x000001bd66b51720 JavaThread "Finalizer" daemon [_thread_blocked, id=10720, stack(0x0000001848d00000,0x0000001848e00000)]
  0x000001bd66b668e0 JavaThread "Signal Dispatcher" daemon [_thread_blocked, id=10716, stack(0x0000001848e00000,0x0000001848f00000)]
  0x000001bd66b691c0 JavaThread "Attach Listener" daemon [_thread_blocked, id=10636, stack(0x0000001848f00000,0x0000001849000000)]
  0x000001bd66b69a90 JavaThread "Service Thread" daemon [_thread_blocked, id=10820, stack(0x0000001849000000,0x0000001849100000)]
  0x000001bd66b6a360 JavaThread "Monitor Deflation Thread" daemon [_thread_blocked, id=1872, stack(0x0000001849100000,0x0000001849200000)]
  0x000001bd66b6e460 JavaThread "C2 CompilerThread0" daemon [_thread_in_native, id=11976, stack(0x0000001849200000,0x0000001849300000)]
=>0x000001bd66b76e30 JavaThread "C1 CompilerThread0" daemon [_thread_in_vm, id=14064, stack(0x0000001849300000,0x0000001849400000)]
  0x000001bd66b79750 JavaThread "Sweeper thread" daemon [_thread_blocked, id=7832, stack(0x0000001849400000,0x0000001849500000)]
  0x000001bd6b0d0140 JavaThread "Notification Thread" daemon [_thread_blocked, id=3240, stack(0x0000001849500000,0x0000001849600000)]
  0x000001bd6b0d7820 JavaThread "Common-Cleaner" daemon [_thread_blocked, id=15524, stack(0x0000001849700000,0x0000001849800000)]
  0x000001bd6b10e960 JavaThread "C2 CompilerThread1" daemon [_thread_in_native, id=2788, stack(0x0000001849800000,0x0000001849900000)]

Other Threads:
  0x000001bd66b4be70 VMThread "VM Thread" [stack: 0x0000001848b00000,0x0000001848c00000] [id=4808]
  0x000001bd46b4ab30 WatcherThread [stack: 0x0000001849600000,0x0000001849700000] [id=4904]
  0x000001bd46b24030 GCTaskThread "GC Thread#0" [stack: 0x0000001848600000,0x0000001848700000] [id=7980]
  0x000001bd6b5b4df0 GCTaskThread "GC Thread#1" [stack: 0x0000001849900000,0x0000001849a00000] [id=1460]
  0x000001bd6b5efeb0 GCTaskThread "GC Thread#2" [stack: 0x0000001849a00000,0x0000001849b00000] [id=8000]
  0x000001bd6b591750 GCTaskThread "GC Thread#3" [stack: 0x0000001849b00000,0x0000001849c00000] [id=4932]
  0x000001bd6b591a10 GCTaskThread "GC Thread#4" [stack: 0x0000001849c00000,0x0000001849d00000] [id=1892]
  0x000001bd6b591cd0 GCTaskThread "GC Thread#5" [stack: 0x0000001849d00000,0x0000001849e00000] [id=6760]
  0x000001bd6bc1ea90 GCTaskThread "GC Thread#6" [stack: 0x0000001849e00000,0x0000001849f00000] [id=5888]
  0x000001bd6bbbf850 GCTaskThread "GC Thread#7" [stack: 0x0000001849f00000,0x000000184a000000] [id=12508]
  0x000001bd46b34a90 ConcurrentGCThread "G1 Main Marker" [stack: 0x0000001848700000,0x0000001848800000] [id=17252]
  0x000001bd46b35b50 ConcurrentGCThread "G1 Conc#0" [stack: 0x0000001848800000,0x0000001848900000] [id=10684]
  0x000001bd6c0951d0 ConcurrentGCThread "G1 Conc#1" [stack: 0x000000184a100000,0x000000184a200000] [id=1940]
  0x000001bd46b9e300 ConcurrentGCThread "G1 Refine#0" [stack: 0x0000001848900000,0x0000001848a00000] [id=17228]
  0x000001bd46b9ec40 ConcurrentGCThread "G1 Service" [stack: 0x0000001848a00000,0x0000001848b00000] [id=10660]

Threads with active compile tasks:
C2 CompilerThread0     9482 7127       4       org.jetbrains.kotlin.load.java.structure.impl.classFiles.BinaryClassSignatureParser::parseTypeString (120 bytes)
C1 CompilerThread0     9482 7165   !   3       org.jetbrains.kotlin.types.expressions.ExpressionTypingVisitorDispatcher::lambda$getTypeInfo$0 (352 bytes)
C2 CompilerThread1     9482 7123       4       org.jetbrains.org.objectweb.asm.ClassReader::readMethod (1061 bytes)

VM state: not at safepoint (normal execution)

VM Mutex/Monitor currently owned by a thread:  ([mutex/lock_event])
[0x000001bd46ac0fe0] Metaspace_lock - owner thread: 0x000001bd66b76e30
[0x000001bd46ac3000] MethodData_lock - owner thread: 0x000001bd66b76e30

Heap address: 0x0000000082000000, size: 2016 MB, Compressed Oops mode: 32-bit

CDS archive(s) mapped at: [0x000001bd00000000-0x000001bd00bd0000-0x000001bd00bd0000), size 12386304, SharedBaseAddress: 0x000001bd00000000, ArchiveRelocationMode: 1.
Compressed class space mapped at: 0x000001bd01000000-0x000001bd41000000, reserved size: 1073741824
Narrow klass base: 0x000001bd00000000, Narrow klass shift: 0, Narrow klass range: 0x100000000

GC Precious Log:
 CPUs: 8 total, 8 available
 Memory: 8058M
 Large Page Support: Disabled
 NUMA Support: Disabled
 Compressed Oops: Enabled (32-bit)
 Heap Region Size: 1M
 Heap Min Capacity: 8M
 Heap Initial Capacity: 126M
 Heap Max Capacity: 2016M
 Pre-touch: Disabled
 Parallel Workers: 8
 Concurrent Workers: 2
 Concurrent Refinement Workers: 8
 Periodic GC: Disabled

Heap:
 garbage-first heap   total 89088K, used 52398K [0x0000000082000000, 0x0000000100000000)
  region size 1024K, 14 young (14336K), 3 survivors (3072K)
 Metaspace       used 47043K, committed 47360K, reserved 1114112K
  class space    used 5507K, committed 5696K, reserved 1048576K

Heap Regions: E=young(eden), S=young(survivor), O=old, HS=humongous(starts), HC=humongous(continues), CS=collection set, F=free, OA=open archive, CA=closed archive, TAMS=top-at-mark-start (previous, next)
|   0|0x0000000082000000, 0x0000000082100000, 0x0000000082100000|100%|HS|  |TAMS 0x0000000082100000, 0x0000000082000000| Complete 
|   1|0x0000000082100000, 0x0000000082200000, 0x0000000082200000|100%|HC|  |TAMS 0x0000000082200000, 0x0000000082100000| Complete 
|   2|0x0000000082200000, 0x0000000082300000, 0x0000000082300000|100%|HC|  |TAMS 0x0000000082300000, 0x0000000082200000| Complete 
|   3|0x0000000082300000, 0x0000000082400000, 0x0000000082400000|100%|HC|  |TAMS 0x0000000082400000, 0x0000000082300000| Complete 
|   4|0x0000000082400000, 0x0000000082500000, 0x0000000082500000|100%| O|  |TAMS 0x0000000082500000, 0x0000000082400000| Untracked 
|   5|0x0000000082500000, 0x0000000082600000, 0x0000000082600000|100%| O|  |TAMS 0x0000000082600000, 0x0000000082500000| Untracked 
|   6|0x0000000082600000, 0x00000000826d4600, 0x0000000082700000| 82%| O|  |TAMS 0x00000000826d4600, 0x0000000082600000| Untracked 
|   7|0x0000000082700000, 0x0000000082800000, 0x0000000082800000|100%| O|  |TAMS 0x0000000082800000, 0x0000000082700000| Untracked 
|   8|0x0000000082800000, 0x0000000082900000, 0x0000000082900000|100%| O|  |TAMS 0x0000000082900000, 0x0000000082800000| Untracked 
|   9|0x0000000082900000, 0x0000000082a00000, 0x0000000082a00000|100%| O|  |TAMS 0x0000000082a00000, 0x0000000082900000| Untracked 
|  10|0x0000000082a00000, 0x0000000082b00000, 0x0000000082b00000|100%| O|  |TAMS 0x0000000082b00000, 0x0000000082a00000| Untracked 
|  11|0x0000000082b00000, 0x0000000082c00000, 0x0000000082c00000|100%| O|  |TAMS 0x0000000082c00000, 0x0000000082b00000| Untracked 
|  12|0x0000000082c00000, 0x0000000082d00000, 0x0000000082d00000|100%| O|  |TAMS 0x0000000082d00000, 0x0000000082c00000| Untracked 
|  13|0x0000000082d00000, 0x0000000082e00000, 0x0000000082e00000|100%| O|  |TAMS 0x0000000082e00000, 0x0000000082d00000| Untracked 
|  14|0x0000000082e00000, 0x0000000082f00000, 0x0000000082f00000|100%| O|  |TAMS 0x0000000082f00000, 0x0000000082e00000| Untracked 
|  15|0x0000000082f00000, 0x0000000083000000, 0x0000000083000000|100%| O|  |TAMS 0x0000000083000000, 0x0000000082f00000| Untracked 
|  16|0x0000000083000000, 0x0000000083100000, 0x0000000083100000|100%| O|  |TAMS 0x0000000083100000, 0x0000000083000000| Untracked 
|  17|0x0000000083100000, 0x0000000083200000, 0x0000000083200000|100%| O|  |TAMS 0x0000000083200000, 0x0000000083100000| Untracked 
|  18|0x0000000083200000, 0x0000000083300000, 0x0000000083300000|100%| O|  |TAMS 0x0000000083300000, 0x0000000083200000| Untracked 
|  19|0x0000000083300000, 0x0000000083400000, 0x0000000083400000|100%| O|  |TAMS 0x0000000083400000, 0x0000000083300000| Untracked 
|  20|0x0000000083400000, 0x0000000083500000, 0x0000000083500000|100%| O|  |TAMS 0x000000008346d400, 0x0000000083400000| Untracked 
|  21|0x0000000083500000, 0x0000000083600000, 0x0000000083600000|100%| O|  |TAMS 0x0000000083500000, 0x0000000083500000| Untracked 
|  22|0x0000000083600000, 0x0000000083700000, 0x0000000083700000|100%| O|  |TAMS 0x0000000083600000, 0x0000000083600000| Untracked 
|  23|0x0000000083700000, 0x0000000083800000, 0x0000000083800000|100%| O|  |TAMS 0x0000000083700000, 0x0000000083700000| Untracked 
|  24|0x0000000083800000, 0x0000000083900000, 0x0000000083900000|100%| O|  |TAMS 0x0000000083800000, 0x0000000083800000| Untracked 
|  25|0x0000000083900000, 0x0000000083a00000, 0x0000000083a00000|100%| O|  |TAMS 0x0000000083900000, 0x0000000083900000| Untracked 
|  26|0x0000000083a00000, 0x0000000083b00000, 0x0000000083b00000|100%| O|  |TAMS 0x0000000083a00000, 0x0000000083a00000| Untracked 
|  27|0x0000000083b00000, 0x0000000083c00000, 0x0000000083c00000|100%|HS|  |TAMS 0x0000000083b00000, 0x0000000083b00000| Complete 
|  28|0x0000000083c00000, 0x0000000083d00000, 0x0000000083d00000|100%| O|  |TAMS 0x0000000083c00000, 0x0000000083c00000| Untracked 
|  29|0x0000000083d00000, 0x0000000083e00000, 0x0000000083e00000|100%| O|  |TAMS 0x0000000083d00000, 0x0000000083d00000| Untracked 
|  30|0x0000000083e00000, 0x0000000083f00000, 0x0000000083f00000|100%| O|  |TAMS 0x0000000083e00000, 0x0000000083e00000| Untracked 
|  31|0x0000000083f00000, 0x0000000084000000, 0x0000000084000000|100%| O|  |TAMS 0x0000000083f00000, 0x0000000083f00000| Untracked 
|  32|0x0000000084000000, 0x0000000084100000, 0x0000000084100000|100%| O|  |TAMS 0x0000000084000000, 0x0000000084000000| Untracked 
|  33|0x0000000084100000, 0x0000000084200000, 0x0000000084200000|100%| O|  |TAMS 0x0000000084100000, 0x0000000084100000| Untracked 
|  34|0x0000000084200000, 0x0000000084300000, 0x0000000084300000|100%| O|  |TAMS 0x0000000084200000, 0x0000000084200000| Untracked 
|  35|0x0000000084300000, 0x0000000084400000, 0x0000000084400000|100%| O|  |TAMS 0x0000000084300000, 0x0000000084300000| Untracked 
|  36|0x0000000084400000, 0x0000000084500000, 0x0000000084500000|100%| O|  |TAMS 0x0000000084400000, 0x0000000084400000| Untracked 
|  37|0x0000000084500000, 0x0000000084600000, 0x0000000084600000|100%| O|  |TAMS 0x0000000084500000, 0x0000000084500000| Untracked 
|  38|0x0000000084600000, 0x0000000084657200, 0x0000000084700000| 34%| O|  |TAMS 0x0000000084600000, 0x0000000084600000| Untracked 
|  39|0x0000000084700000, 0x0000000084700000, 0x0000000084800000|  0%| F|  |TAMS 0x0000000084700000, 0x0000000084700000| Untracked 
|  40|0x0000000084800000, 0x0000000084800000, 0x0000000084900000|  0%| F|  |TAMS 0x0000000084800000, 0x0000000084800000| Untracked 
|  41|0x0000000084900000, 0x0000000084900000, 0x0000000084a00000|  0%| F|  |TAMS 0x0000000084900000, 0x0000000084900000| Untracked 
|  42|0x0000000084a00000, 0x0000000084a00000, 0x0000000084b00000|  0%| F|  |TAMS 0x0000000084a00000, 0x0000000084a00000| Untracked 
|  43|0x0000000084b00000, 0x0000000084b00000, 0x0000000084c00000|  0%| F|  |TAMS 0x0000000084b00000, 0x0000000084b00000| Untracked 
|  44|0x0000000084c00000, 0x0000000084c00000, 0x0000000084d00000|  0%| F|  |TAMS 0x0000000084c00000, 0x0000000084c00000| Untracked 
|  45|0x0000000084d00000, 0x0000000084d00000, 0x0000000084e00000|  0%| F|  |TAMS 0x0000000084d00000, 0x0000000084d00000| Untracked 
|  46|0x0000000084e00000, 0x0000000084e00000, 0x0000000084f00000|  0%| F|  |TAMS 0x0000000084e00000, 0x0000000084e00000| Untracked 
|  47|0x0000000084f00000, 0x0000000084f00000, 0x0000000085000000|  0%| F|  |TAMS 0x0000000084f00000, 0x0000000084f00000| Untracked 
|  48|0x0000000085000000, 0x0000000085000000, 0x0000000085100000|  0%| F|  |TAMS 0x0000000085000000, 0x0000000085000000| Untracked 
|  49|0x0000000085100000, 0x0000000085100000, 0x0000000085200000|  0%| F|  |TAMS 0x0000000085100000, 0x0000000085100000| Untracked 
|  50|0x0000000085200000, 0x0000000085200000, 0x0000000085300000|  0%| F|  |TAMS 0x0000000085200000, 0x0000000085200000| Untracked 
|  51|0x0000000085300000, 0x0000000085300000, 0x0000000085400000|  0%| F|  |TAMS 0x0000000085300000, 0x0000000085300000| Untracked 
|  52|0x0000000085400000, 0x0000000085400000, 0x0000000085500000|  0%| F|  |TAMS 0x0000000085400000, 0x0000000085400000| Untracked 
|  53|0x0000000085500000, 0x0000000085500000, 0x0000000085600000|  0%| F|  |TAMS 0x0000000085500000, 0x0000000085500000| Untracked 
|  54|0x0000000085600000, 0x0000000085600000, 0x0000000085700000|  0%| F|  |TAMS 0x0000000085600000, 0x0000000085600000| Untracked 
|  55|0x0000000085700000, 0x0000000085700000, 0x0000000085800000|  0%| F|  |TAMS 0x0000000085700000, 0x0000000085700000| Untracked 
|  56|0x0000000085800000, 0x0000000085900000, 0x0000000085900000|100%| S|CS|TAMS 0x0000000085800000, 0x0000000085800000| Complete 
|  57|0x0000000085900000, 0x0000000085a00000, 0x0000000085a00000|100%| S|CS|TAMS 0x0000000085900000, 0x0000000085900000| Complete 
|  58|0x0000000085a00000, 0x0000000085b00000, 0x0000000085b00000|100%| S|CS|TAMS 0x0000000085a00000, 0x0000000085a00000| Complete 
|  59|0x0000000085b00000, 0x0000000085b00000, 0x0000000085c00000|  0%| F|  |TAMS 0x0000000085b00000, 0x0000000085b00000| Untracked 
|  60|0x0000000085c00000, 0x0000000085c00000, 0x0000000085d00000|  0%| F|  |TAMS 0x0000000085c00000, 0x0000000085c00000| Untracked 
|  61|0x0000000085d00000, 0x0000000085d00000, 0x0000000085e00000|  0%| F|  |TAMS 0x0000000085d00000, 0x0000000085d00000| Untracked 
|  62|0x0000000085e00000, 0x0000000085e00000, 0x0000000085f00000|  0%| F|  |TAMS 0x0000000085e00000, 0x0000000085e00000| Untracked 
|  63|0x0000000085f00000, 0x0000000085f00000, 0x0000000086000000|  0%| F|  |TAMS 0x0000000085f00000, 0x0000000085f00000| Untracked 
|  64|0x0000000086000000, 0x0000000086000000, 0x0000000086100000|  0%| F|  |TAMS 0x0000000086000000, 0x0000000086000000| Untracked 
|  65|0x0000000086100000, 0x0000000086100000, 0x0000000086200000|  0%| F|  |TAMS 0x0000000086100000, 0x0000000086100000| Untracked 
|  66|0x0000000086200000, 0x0000000086200000, 0x0000000086300000|  0%| F|  |TAMS 0x0000000086200000, 0x0000000086200000| Untracked 
|  67|0x0000000086300000, 0x0000000086300000, 0x0000000086400000|  0%| F|  |TAMS 0x0000000086300000, 0x0000000086300000| Untracked 
|  68|0x0000000086400000, 0x0000000086400000, 0x0000000086500000|  0%| F|  |TAMS 0x0000000086400000, 0x0000000086400000| Untracked 
|  69|0x0000000086500000, 0x0000000086500000, 0x0000000086600000|  0%| F|  |TAMS 0x0000000086500000, 0x0000000086500000| Untracked 
|  70|0x0000000086600000, 0x0000000086600000, 0x0000000086700000|  0%| F|  |TAMS 0x0000000086600000, 0x0000000086600000| Untracked 
|  71|0x0000000086700000, 0x0000000086700000, 0x0000000086800000|  0%| F|  |TAMS 0x0000000086700000, 0x0000000086700000| Untracked 
|  72|0x0000000086800000, 0x0000000086800000, 0x0000000086900000|  0%| F|  |TAMS 0x0000000086800000, 0x0000000086800000| Untracked 
|  73|0x0000000086900000, 0x0000000086900000, 0x0000000086a00000|  0%| F|  |TAMS 0x0000000086900000, 0x0000000086900000| Untracked 
|  74|0x0000000086a00000, 0x0000000086a00000, 0x0000000086b00000|  0%| F|  |TAMS 0x0000000086a00000, 0x0000000086a00000| Untracked 
|  75|0x0000000086b00000, 0x0000000086b00000, 0x0000000086c00000|  0%| F|  |TAMS 0x0000000086b00000, 0x0000000086b00000| Untracked 
|  76|0x0000000086c00000, 0x0000000086c80800, 0x0000000086d00000| 50%| E|  |TAMS 0x0000000086c00000, 0x0000000086c00000| Complete 
|  77|0x0000000086d00000, 0x0000000086e00000, 0x0000000086e00000|100%| E|CS|TAMS 0x0000000086d00000, 0x0000000086d00000| Complete 
|  78|0x0000000086e00000, 0x0000000086f00000, 0x0000000086f00000|100%| E|CS|TAMS 0x0000000086e00000, 0x0000000086e00000| Complete 
|  79|0x0000000086f00000, 0x0000000087000000, 0x0000000087000000|100%| E|CS|TAMS 0x0000000086f00000, 0x0000000086f00000| Complete 
|  80|0x0000000087000000, 0x0000000087100000, 0x0000000087100000|100%| E|CS|TAMS 0x0000000087000000, 0x0000000087000000| Complete 
|  81|0x0000000087100000, 0x0000000087200000, 0x0000000087200000|100%| E|CS|TAMS 0x0000000087100000, 0x0000000087100000| Complete 
|  82|0x0000000087200000, 0x0000000087300000, 0x0000000087300000|100%| E|CS|TAMS 0x0000000087200000, 0x0000000087200000| Complete 
|  83|0x0000000087300000, 0x0000000087400000, 0x0000000087400000|100%| E|CS|TAMS 0x0000000087300000, 0x0000000087300000| Complete 
|  84|0x0000000087400000, 0x0000000087500000, 0x0000000087500000|100%| E|CS|TAMS 0x0000000087400000, 0x0000000087400000| Complete 
|  85|0x0000000087500000, 0x0000000087600000, 0x0000000087600000|100%| E|CS|TAMS 0x0000000087500000, 0x0000000087500000| Complete 
| 125|0x0000000089d00000, 0x0000000089e00000, 0x0000000089e00000|100%| E|CS|TAMS 0x0000000089d00000, 0x0000000089d00000| Complete 

Card table byte_map: [0x000001bd5f9f0000,0x000001bd5fde0000] _byte_map_base: 0x000001bd5f5e0000

Marking Bits (Prev, Next): (CMBitMap*) 0x000001bd46b24560, (CMBitMap*) 0x000001bd46b245a0
 Prev Bits: [0x000001bd601d0000, 0x000001bd62150000)
 Next Bits: [0x000001bd62150000, 0x000001bd640d0000)

Polling page: 0x000001bd46ba0000

Metaspace:

Usage:
  Non-class:     40.56 MB used.
      Class:      5.38 MB used.
       Both:     45.94 MB used.

Virtual space:
  Non-class space:       64.00 MB reserved,      40.69 MB ( 64%) committed,  1 nodes.
      Class space:        1.00 GB reserved,       5.56 MB ( <1%) committed,  1 nodes.
             Both:        1.06 GB reserved,      46.25 MB (  4%) committed. 

Chunk freelists:
   Non-Class:  6.30 MB
       Class:  10.30 MB
        Both:  16.59 MB

MaxMetaspaceSize: unlimited
CompressedClassSpaceSize: 1.00 GB
Initial GC threshold: 21.00 MB
Current GC threshold: 58.88 MB
CDS: on
MetaspaceReclaimPolicy: balanced
 - commit_granule_bytes: 65536.
 - commit_granule_words: 8192.
 - virtual_space_node_default_size: 8388608.
 - enlarge_chunks_in_place: 1.
 - new_chunks_are_fully_committed: 0.
 - uncommit_free_chunks: 1.
 - use_allocation_guard: 0.
 - handle_deallocations: 1.


Internal statistics:

num_allocs_failed_limit: 6.
num_arena_births: 252.
num_arena_deaths: 0.
num_vsnodes_births: 2.
num_vsnodes_deaths: 0.
num_space_committed: 738.
num_space_uncommitted: 0.
num_chunks_returned_to_freelist: 6.
num_chunks_taken_from_freelist: 1966.
num_chunk_merges: 6.
num_chunk_splits: 1550.
num_chunks_enlarged: 1335.
num_inconsistent_stats: 0.

CodeHeap 'non-profiled nmethods': size=120000Kb used=2966Kb max_used=2966Kb free=117034Kb
 bounds [0x000001bd57660000, 0x000001bd57950000, 0x000001bd5eb90000]
CodeHeap 'profiled nmethods': size=120000Kb used=14038Kb max_used=14038Kb free=105961Kb
 bounds [0x000001bd4fb90000, 0x000001bd50960000, 0x000001bd570c0000]
CodeHeap 'non-nmethods': size=5760Kb used=1292Kb max_used=1363Kb free=4467Kb
 bounds [0x000001bd570c0000, 0x000001bd57330000, 0x000001bd57660000]
 total_blobs=6753 nmethods=6152 adapters=510
 compilation: enabled
              stopped_count=0, restarted_count=0
 full_count=0

Compilation events (20 events):
Event: 9.379 Thread 0x000001bd66b76e30 nmethod 7160 0x000001bd50955410 code [0x000001bd50955660, 0x000001bd50955ef8]
Event: 9.379 Thread 0x000001bd66b76e30 7157       3       kotlin.collections.EmptyMap::entrySet (5 bytes)
Event: 9.380 Thread 0x000001bd66b76e30 nmethod 7157 0x000001bd50156110 code [0x000001bd501562a0, 0x000001bd50156418]
Event: 9.380 Thread 0x000001bd66b76e30 7154       3       org.jetbrains.kotlin.load.java.lazy.descriptors.LazyJavaClassMemberScope::addFunctionFromSupertypes (233 bytes)
Event: 9.382 Thread 0x000001bd66b76e30 nmethod 7154 0x000001bd50956210 code [0x000001bd509566a0, 0x000001bd50958d48]
Event: 9.383 Thread 0x000001bd66b76e30 7147       3       org.jetbrains.kotlin.metadata.deserialization.VersionSpecificBehaviorKt::isVersionRequirementTableWrittenCorrectly (11 bytes)
Event: 9.383 Thread 0x000001bd66b76e30 nmethod 7147 0x000001bd50959a10 code [0x000001bd50959c20, 0x000001bd5095a1c8]
Event: 9.383 Thread 0x000001bd66b76e30 7159       1       org.jetbrains.kotlin.serialization.SerializerExtensionProtocol::getTypeAnnotation (5 bytes)
Event: 9.383 Thread 0x000001bd66b76e30 nmethod 7159 0x000001bd57945510 code [0x000001bd579456a0, 0x000001bd57945778]
Event: 9.384 Thread 0x000001bd66b76e30 7148       3       org.jetbrains.kotlin.resolve.OverridingUtilTypeSystemContext::isMarkedNullable (6 bytes)
Event: 9.384 Thread 0x000001bd66b76e30 nmethod 7148 0x000001bd50679210 code [0x000001bd506793a0, 0x000001bd506794c8]
Event: 9.384 Thread 0x000001bd66b76e30 7156       3       org.jetbrains.kotlin.resolve.calls.components.ClassicTypeSystemContextForCS::createEmptySubstitutor (7 bytes)
Event: 9.384 Thread 0x000001bd66b76e30 nmethod 7156 0x000001bd5067e310 code [0x000001bd5067e4a0, 0x000001bd5067e5b8]
Event: 9.384 Thread 0x000001bd66b76e30 7151       3       org.jetbrains.kotlin.resolve.jvm.JvmClassName::byClassId (87 bytes)
Event: 9.386 Thread 0x000001bd66b76e30 nmethod 7151 0x000001bd5095a410 code [0x000001bd5095a780, 0x000001bd5095b9c8]
Event: 9.386 Thread 0x000001bd66b76e30 7162       3       org.jetbrains.kotlin.resolve.calls.tower.KotlinResolutionStatelessCallbacksImpl::isBuilderInferenceCall (28 bytes)
Event: 9.387 Thread 0x000001bd66b76e30 nmethod 7162 0x000001bd5095c110 code [0x000001bd5095c3c0, 0x000001bd5095cf48]
Event: 9.387 Thread 0x000001bd66b76e30 7164       3       org.jetbrains.kotlin.types.expressions.ExpressionTypingVisitorDispatcher$$Lambda$210/0x000001bd014a3b18::invoke (20 bytes)
Event: 9.387 Thread 0x000001bd66b76e30 nmethod 7164 0x000001bd5015a110 code [0x000001bd5015a2c0, 0x000001bd5015a428]
Event: 9.387 Thread 0x000001bd66b76e30 7165   !   3       org.jetbrains.kotlin.types.expressions.ExpressionTypingVisitorDispatcher::lambda$getTypeInfo$0 (352 bytes)

GC Heap History (20 events):
Event: 2.019 GC heap before
{Heap before GC invocations=2 (full 0):
 garbage-first heap   total 129024K, used 48097K [0x0000000082000000, 0x0000000100000000)
  region size 1024K, 41 young (41984K), 4 survivors (4096K)
 Metaspace       used 21309K, committed 21504K, reserved 1114112K
  class space    used 2895K, committed 3008K, reserved 1048576K
}
Event: 2.032 GC heap after
{Heap after GC invocations=3 (full 0):
 garbage-first heap   total 129024K, used 16367K [0x0000000082000000, 0x0000000100000000)
  region size 1024K, 10 young (10240K), 10 survivors (10240K)
 Metaspace       used 21309K, committed 21504K, reserved 1114112K
  class space    used 2895K, committed 3008K, reserved 1048576K
}
Event: 2.804 GC heap before
{Heap before GC invocations=4 (full 0):
 garbage-first heap   total 61440K, used 42991K [0x0000000082000000, 0x0000000100000000)
  region size 1024K, 36 young (36864K), 10 survivors (10240K)
 Metaspace       used 26177K, committed 26368K, reserved 1114112K
  class space    used 3425K, committed 3520K, reserved 1048576K
}
Event: 2.833 GC heap after
{Heap after GC invocations=5 (full 0):
 garbage-first heap   total 61440K, used 19806K [0x0000000082000000, 0x0000000100000000)
  region size 1024K, 4 young (4096K), 4 survivors (4096K)
 Metaspace       used 26177K, committed 26368K, reserved 1114112K
  class space    used 3425K, committed 3520K, reserved 1048576K
}
Event: 3.622 GC heap before
{Heap before GC invocations=5 (full 0):
 garbage-first heap   total 61440K, used 42334K [0x0000000082000000, 0x0000000100000000)
  region size 1024K, 27 young (27648K), 4 survivors (4096K)
 Metaspace       used 31286K, committed 31488K, reserved 1114112K
  class space    used 3899K, committed 3968K, reserved 1048576K
}
Event: 3.643 GC heap after
{Heap after GC invocations=6 (full 0):
 garbage-first heap   total 61440K, used 22291K [0x0000000082000000, 0x0000000100000000)
  region size 1024K, 3 young (3072K), 3 survivors (3072K)
 Metaspace       used 31286K, committed 31488K, reserved 1114112K
  class space    used 3899K, committed 3968K, reserved 1048576K
}
Event: 4.452 GC heap before
{Heap before GC invocations=6 (full 0):
 garbage-first heap   total 61440K, used 43795K [0x0000000082000000, 0x0000000100000000)
  region size 1024K, 25 young (25600K), 3 survivors (3072K)
 Metaspace       used 35569K, committed 35776K, reserved 1114112K
  class space    used 4410K, committed 4480K, reserved 1048576K
}
Event: 4.469 GC heap after
{Heap after GC invocations=7 (full 0):
 garbage-first heap   total 73728K, used 24838K [0x0000000082000000, 0x0000000100000000)
  region size 1024K, 4 young (4096K), 4 survivors (4096K)
 Metaspace       used 35569K, committed 35776K, reserved 1114112K
  class space    used 4410K, committed 4480K, reserved 1048576K
}
Event: 4.539 GC heap before
{Heap before GC invocations=7 (full 0):
 garbage-first heap   total 73728K, used 25862K [0x0000000082000000, 0x0000000100000000)
  region size 1024K, 6 young (6144K), 4 survivors (4096K)
 Metaspace       used 35869K, committed 36096K, reserved 1114112K
  class space    used 4443K, committed 4544K, reserved 1048576K
}
Event: 4.550 GC heap after
{Heap after GC invocations=8 (full 0):
 garbage-first heap   total 73728K, used 25694K [0x0000000082000000, 0x0000000100000000)
  region size 1024K, 1 young (1024K), 1 survivors (1024K)
 Metaspace       used 35869K, committed 36096K, reserved 1114112K
  class space    used 4443K, committed 4544K, reserved 1048576K
}
Event: 5.182 GC heap before
{Heap before GC invocations=9 (full 0):
 garbage-first heap   total 73728K, used 55390K [0x0000000082000000, 0x0000000100000000)
  region size 1024K, 29 young (29696K), 1 survivors (1024K)
 Metaspace       used 38108K, committed 38400K, reserved 1114112K
  class space    used 4674K, committed 4864K, reserved 1048576K
}
Event: 5.191 GC heap after
{Heap after GC invocations=10 (full 0):
 garbage-first heap   total 73728K, used 27521K [0x0000000082000000, 0x0000000100000000)
  region size 1024K, 3 young (3072K), 3 survivors (3072K)
 Metaspace       used 38108K, committed 38400K, reserved 1114112K
  class space    used 4674K, committed 4864K, reserved 1048576K
}
Event: 5.679 GC heap before
{Heap before GC invocations=10 (full 0):
 garbage-first heap   total 73728K, used 55169K [0x0000000082000000, 0x0000000100000000)
  region size 1024K, 30 young (30720K), 3 survivors (3072K)
 Metaspace       used 39680K, committed 40000K, reserved 1114112K
  class space    used 4853K, committed 4992K, reserved 1048576K
}
Event: 5.691 GC heap after
{Heap after GC invocations=11 (full 0):
 garbage-first heap   total 73728K, used 29721K [0x0000000082000000, 0x0000000100000000)
  region size 1024K, 3 young (3072K), 3 survivors (3072K)
 Metaspace       used 39680K, committed 40000K, reserved 1114112K
  class space    used 4853K, committed 4992K, reserved 1048576K
}
Event: 6.672 GC heap before
{Heap before GC invocations=11 (full 0):
 garbage-first heap   total 73728K, used 57369K [0x0000000082000000, 0x0000000100000000)
  region size 1024K, 29 young (29696K), 3 survivors (3072K)
 Metaspace       used 43182K, committed 43520K, reserved 1114112K
  class space    used 5199K, committed 5376K, reserved 1048576K
}
Event: 6.691 GC heap after
{Heap after GC invocations=12 (full 0):
 garbage-first heap   total 73728K, used 35037K [0x0000000082000000, 0x0000000100000000)
  region size 1024K, 4 young (4096K), 4 survivors (4096K)
 Metaspace       used 43182K, committed 43520K, reserved 1114112K
  class space    used 5199K, committed 5376K, reserved 1048576K
}
Event: 7.267 GC heap before
{Heap before GC invocations=12 (full 0):
 garbage-first heap   total 73728K, used 56541K [0x0000000082000000, 0x0000000100000000)
  region size 1024K, 25 young (25600K), 4 survivors (4096K)
 Metaspace       used 43927K, committed 44224K, reserved 1114112K
  class space    used 5234K, committed 5376K, reserved 1048576K
}
Event: 7.290 GC heap after
{Heap after GC invocations=13 (full 0):
 garbage-first heap   total 89088K, used 39403K [0x0000000082000000, 0x0000000100000000)
  region size 1024K, 4 young (4096K), 4 survivors (4096K)
 Metaspace       used 43927K, committed 44224K, reserved 1114112K
  class space    used 5234K, committed 5376K, reserved 1048576K
}
Event: 8.456 GC heap before
{Heap before GC invocations=13 (full 0):
 garbage-first heap   total 89088K, used 68075K [0x0000000082000000, 0x0000000100000000)
  region size 1024K, 32 young (32768K), 4 survivors (4096K)
 Metaspace       used 46329K, committed 46656K, reserved 1114112K
  class space    used 5481K, committed 5632K, reserved 1048576K
}
Event: 8.480 GC heap after
{Heap after GC invocations=14 (full 0):
 garbage-first heap   total 89088K, used 42158K [0x0000000082000000, 0x0000000100000000)
  region size 1024K, 3 young (3072K), 3 survivors (3072K)
 Metaspace       used 46329K, committed 46656K, reserved 1114112K
  class space    used 5481K, committed 5632K, reserved 1048576K
}

Deoptimization events (20 events):
Event: 8.938 Thread 0x000001bd46ac6d10 DEOPT PACKING pc=0x000001bd576a5810 sp=0x00000018485f25b0
Event: 8.938 Thread 0x000001bd46ac6d10 DEOPT UNPACKING pc=0x000001bd571123a3 sp=0x00000018485f2520 mode 2
Event: 8.938 Thread 0x000001bd46ac6d10 Uncommon trap: trap_request=0xffffffde fr.pc=0x000001bd576a5810 relative=0x0000000000001350
Event: 8.938 Thread 0x000001bd46ac6d10 Uncommon trap: reason=class_check action=maybe_recompile pc=0x000001bd576a5810 method=java.util.concurrent.ConcurrentHashMap.putVal(Ljava/lang/Object;Ljava/lang/Object;Z)Ljava/lang/Object; @ 242 c2
Event: 8.938 Thread 0x000001bd46ac6d10 DEOPT PACKING pc=0x000001bd576a5810 sp=0x00000018485f25b0
Event: 8.938 Thread 0x000001bd46ac6d10 DEOPT UNPACKING pc=0x000001bd571123a3 sp=0x00000018485f2520 mode 2
Event: 8.954 Thread 0x000001bd46ac6d10 DEOPT PACKING pc=0x000001bd503a672c sp=0x00000018485f1fa0
Event: 8.954 Thread 0x000001bd46ac6d10 DEOPT UNPACKING pc=0x000001bd57112b43 sp=0x00000018485f14c0 mode 0
Event: 8.954 Thread 0x000001bd46ac6d10 Uncommon trap: trap_request=0xffffff76 fr.pc=0x000001bd5792841c relative=0x000000000000305c
Event: 8.954 Thread 0x000001bd46ac6d10 Uncommon trap: reason=predicate action=maybe_recompile pc=0x000001bd5792841c method=org.jetbrains.org.objectweb.asm.ClassReader.readMethod(Lorg/jetbrains/org/objectweb/asm/ClassVisitor;Lorg/jetbrains/org/objectweb/asm/Context;I)I @ 714 c2
Event: 8.954 Thread 0x000001bd46ac6d10 DEOPT PACKING pc=0x000001bd5792841c sp=0x00000018485f2020
Event: 8.954 Thread 0x000001bd46ac6d10 DEOPT UNPACKING pc=0x000001bd571123a3 sp=0x00000018485f1fa8 mode 2
Event: 9.125 Thread 0x000001bd46ac6d10 Uncommon trap: trap_request=0xffffff45 fr.pc=0x000001bd5772ccc8 relative=0x0000000000000368
Event: 9.125 Thread 0x000001bd46ac6d10 Uncommon trap: reason=unstable_if action=reinterpret pc=0x000001bd5772ccc8 method=java.math.BigInteger.compareMagnitude(Ljava/math/BigInteger;)I @ 79 c2
Event: 9.125 Thread 0x000001bd46ac6d10 DEOPT PACKING pc=0x000001bd5772ccc8 sp=0x00000018485f31d0
Event: 9.125 Thread 0x000001bd46ac6d10 DEOPT UNPACKING pc=0x000001bd571123a3 sp=0x00000018485f2ff8 mode 2
Event: 9.299 Thread 0x000001bd46ac6d10 Uncommon trap: trap_request=0xffffffde fr.pc=0x000001bd57844d98 relative=0x0000000000000938
Event: 9.299 Thread 0x000001bd46ac6d10 Uncommon trap: reason=class_check action=maybe_recompile pc=0x000001bd57844d98 method=org.jetbrains.kotlin.storage.LockBasedStorageManager$LockBasedLazyValue.invoke()Ljava/lang/Object; @ 24 c2
Event: 9.299 Thread 0x000001bd46ac6d10 DEOPT PACKING pc=0x000001bd57844d98 sp=0x00000018485f4b00
Event: 9.299 Thread 0x000001bd46ac6d10 DEOPT UNPACKING pc=0x000001bd571123a3 sp=0x00000018485f49f8 mode 2

Classes unloaded (0 events):
No events

Classes redefined (0 events):
No events

Internal exceptions (20 events):
Event: 3.726 Thread 0x000001bd46ac6d10 Exception <a 'java/lang/NoSuchMethodError'{0x00000000874e7058}: 'java.lang.Object java.lang.invoke.DirectMethodHandle$Holder.newInvokeSpecial(java.lang.Object, java.lang.Object, java.lang.Object, int)'> (0x00000000874e7058) 
thrown [s\open\src\hotspot\share\interpreter\linkResolver.cpp, line 759]
Event: 3.727 Thread 0x000001bd46ac6d10 Exception <a 'java/lang/NoSuchMethodError'{0x00000000874eb6e0}: 'java.lang.Object java.lang.invoke.DirectMethodHandle$Holder.invokeSpecial(java.lang.Object, java.lang.Object, java.lang.Object, java.lang.Object, int)'> (0x00000000874eb6e0) 
thrown [s\open\src\hotspot\share\interpreter\linkResolver.cpp, line 759]
Event: 3.728 Thread 0x000001bd46ac6d10 Exception <a 'java/lang/NoSuchMethodError'{0x00000000874ef550}: 'java.lang.Object java.lang.invoke.Invokers$Holder.linkToTargetMethod(java.lang.Object, java.lang.Object, int, java.lang.Object)'> (0x00000000874ef550) 
thrown [s\open\src\hotspot\share\interpreter\linkResolver.cpp, line 759]
Event: 3.950 Thread 0x000001bd46ac6d10 Implicit null exception at 0x000001bd576fcde4 to 0x000001bd576fd094
Event: 4.529 Thread 0x000001bd46ac6d10 Exception <a 'java/lang/NoSuchMethodError'{0x0000000087426d18}: 'java.lang.Object java.lang.invoke.DirectMethodHandle$Holder.newInvokeSpecial(java.lang.Object, java.lang.Object, java.lang.Object, java.lang.Object, java.lang.Object, java.lang.Object, java.lang.Object, java.lang.Object)'> (0x0000000087426d18) 
thrown [s\open\src\hotspot\share\interpreter\linkResolver.cpp, line 759]
Event: 4.530 Thread 0x000001bd46ac6d10 Exception <a 'java/lang/NoSuchMethodError'{0x000000008742c330}: 'java.lang.Object java.lang.invoke.DirectMethodHandle$Holder.invokeSpecial(java.lang.Object, java.lang.Object, java.lang.Object, java.lang.Object, java.lang.Object, java.lang.Object, java.lang.Object, java.lang.Object, java.lang.Object)'> (0x000000008742c330) 
thrown [s\open\src\hotspot\share\interpreter\linkResolver.cpp, line 759]
Event: 4.530 Thread 0x000001bd46ac6d10 Exception <a 'java/lang/NoSuchMethodError'{0x0000000087431260}: 'java.lang.Object java.lang.invoke.Invokers$Holder.linkToTargetMethod(java.lang.Object, java.lang.Object, java.lang.Object, java.lang.Object, java.lang.Object, java.lang.Object, java.lang.Object, java.lang.Object)'> (0x0000000087431260) 
thrown [s\open\src\hotspot\share\interpreter\linkResolver.cpp, line 759]
Event: 4.951 Thread 0x000001bd46ac6d10 Exception <a 'java/lang/NoSuchMethodError'{0x0000000085cb4068}: 'java.lang.Object java.lang.invoke.DirectMethodHandle$Holder.newInvokeSpecial(java.lang.Object, java.lang.Object, java.lang.Object, java.lang.Object, java.lang.Object)'> (0x0000000085cb4068) 
thrown [s\open\src\hotspot\share\interpreter\linkResolver.cpp, line 759]
Event: 5.460 Thread 0x000001bd46ac6d10 Exception <a 'java/lang/NoSuchMethodError'{0x0000000085380b98}: 'java.lang.Object java.lang.invoke.DirectMethodHandle$Holder.newInvokeSpecial(java.lang.Object, java.lang.Object, java.lang.Object, java.lang.Object, java.lang.Object, java.lang.Object)'> (0x0000000085380b98) 
thrown [s\open\src\hotspot\share\interpreter\linkResolver.cpp, line 759]
Event: 5.468 Thread 0x000001bd46ac6d10 Implicit null exception at 0x000001bd57793c0c to 0x000001bd5779401c
Event: 5.620 Thread 0x000001bd46ac6d10 Implicit null exception at 0x000001bd577c8811 to 0x000001bd577c9d90
Event: 5.912 Thread 0x000001bd46ac6d10 Exception <a 'java/lang/NoSuchMethodError'{0x00000000872b6bc8}: 'java.lang.Object java.lang.invoke.DirectMethodHandle$Holder.invokeSpecial(java.lang.Object, java.lang.Object, java.lang.Object, java.lang.Object, java.lang.Object, java.lang.Object, int)'> (0x00000000872b6bc8) 
thrown [s\open\src\hotspot\share\interpreter\linkResolver.cpp, line 759]
Event: 6.707 Thread 0x000001bd46ac6d10 Exception <a 'java/lang/NoSuchMethodError'{0x0000000089d63818}: 'int java.lang.invoke.DirectMethodHandle$Holder.invokeInterface(java.lang.Object, java.lang.Object)'> (0x0000000089d63818) 
thrown [s\open\src\hotspot\share\interpreter\linkResolver.cpp, line 759]
Event: 6.722 Thread 0x000001bd46ac6d10 Exception <a 'java/lang/NoSuchMethodError'{0x0000000089dacc58}: 'java.lang.Object java.lang.invoke.DirectMethodHandle$Holder.newInvokeSpecial(java.lang.Object, int, java.lang.Object)'> (0x0000000089dacc58) 
thrown [s\open\src\hotspot\share\interpreter\linkResolver.cpp, line 759]
Event: 6.749 Thread 0x000001bd46ac6d10 Exception <a 'java/lang/NoSuchMethodError'{0x0000000087418b20}: 'java.lang.Object java.lang.invoke.DirectMethodHandle$Holder.invokeStatic(java.lang.Object, int, java.lang.Object)'> (0x0000000087418b20) 
thrown [s\open\src\hotspot\share\interpreter\linkResolver.cpp, line 759]
Event: 7.554 Thread 0x000001bd46ac6d10 Exception <a 'java/lang/NoSuchMethodError'{0x0000000086dc2058}: 'int java.lang.invoke.DirectMethodHandle$Holder.invokeStaticInit(java.lang.Object, int)'> (0x0000000086dc2058) 
thrown [s\open\src\hotspot\share\interpreter\linkResolver.cpp, line 759]
Event: 7.591 Thread 0x000001bd46ac6d10 Exception <a 'java/lang/NoSuchMethodError'{0x0000000086c4c118}: 'java.lang.Object java.lang.invoke.DirectMethodHandle$Holder.newInvokeSpecial(java.lang.Object, int, java.lang.Object, java.lang.Object)'> (0x0000000086c4c118) 
thrown [s\open\src\hotspot\share\interpreter\linkResolver.cpp, line 759]
Event: 7.592 Thread 0x000001bd46ac6d10 Exception <a 'java/lang/NoSuchMethodError'{0x0000000086c505c0}: 'java.lang.Object java.lang.invoke.DirectMethodHandle$Holder.invokeSpecial(java.lang.Object, java.lang.Object, int, java.lang.Object, java.lang.Object)'> (0x0000000086c505c0) 
thrown [s\open\src\hotspot\share\interpreter\linkResolver.cpp, line 759]
Event: 7.895 Thread 0x000001bd46ac6d10 Exception <a 'java/lang/NoSuchMethodError'{0x00000000866e4038}: 'java.lang.Object java.lang.invoke.DirectMethodHandle$Holder.newInvokeSpecial(java.lang.Object, java.lang.Object, java.lang.Object, java.lang.Object, java.lang.Object, java.lang.Object, java.lang.Object)'> (0x00000000866e4038) 
thrown [s\open\src\hotspot\share\interpreter\linkResolver.cpp, line 759]
Event: 7.895 Thread 0x000001bd46ac6d10 Exception <a 'java/lang/NoSuchMethodError'{0x00000000866e8bf0}: 'java.lang.Object java.lang.invoke.Invokers$Holder.linkToTargetMethod(java.lang.Object, java.lang.Object, java.lang.Object, java.lang.Object, java.lang.Object, java.lang.Object, java.lang.Object)'> (0x00000000866e8bf0) 
thrown [s\open\src\hotspot\share\interpreter\linkResolver.cpp, line 759]

VM Operations (20 events):
Event: 8.380 Executing VM operation: HandshakeAllThreads
Event: 8.381 Executing VM operation: HandshakeAllThreads done
Event: 8.456 Executing VM operation: G1CollectForAllocation
Event: 8.480 Executing VM operation: G1CollectForAllocation done
Event: 8.640 Executing VM operation: ICBufferFull
Event: 8.640 Executing VM operation: ICBufferFull done
Event: 8.763 Executing VM operation: ICBufferFull
Event: 8.764 Executing VM operation: ICBufferFull done
Event: 8.777 Executing VM operation: HandshakeAllThreads
Event: 8.777 Executing VM operation: HandshakeAllThreads done
Event: 8.953 Executing VM operation: HandshakeAllThreads
Event: 8.954 Executing VM operation: HandshakeAllThreads done
Event: 8.977 Executing VM operation: HandshakeAllThreads
Event: 8.977 Executing VM operation: HandshakeAllThreads done
Event: 9.012 Executing VM operation: ICBufferFull
Event: 9.012 Executing VM operation: ICBufferFull done
Event: 9.180 Executing VM operation: ICBufferFull
Event: 9.180 Executing VM operation: ICBufferFull done
Event: 9.324 Executing VM operation: ICBufferFull
Event: 9.324 Executing VM operation: ICBufferFull done

Events (20 events):
Event: 8.405 Thread 0x000001bd66b79750 flushing nmethod 0x000001bd5067d990
Event: 8.405 Thread 0x000001bd66b79750 flushing nmethod 0x000001bd5067e310
Event: 8.405 Thread 0x000001bd66b79750 flushing nmethod 0x000001bd5067ef90
Event: 8.405 Thread 0x000001bd66b79750 flushing nmethod 0x000001bd5067fb90
Event: 8.405 Thread 0x000001bd66b79750 flushing nmethod 0x000001bd50683210
Event: 8.405 Thread 0x000001bd66b79750 flushing nmethod 0x000001bd50683b90
Event: 8.405 Thread 0x000001bd66b79750 flushing nmethod 0x000001bd50684710
Event: 8.405 Thread 0x000001bd66b79750 flushing nmethod 0x000001bd50684f90
Event: 8.406 Thread 0x000001bd66b79750 flushing nmethod 0x000001bd506ab390
Event: 8.406 Thread 0x000001bd66b79750 flushing nmethod 0x000001bd506be090
Event: 8.406 Thread 0x000001bd66b79750 flushing nmethod 0x000001bd506bed90
Event: 8.406 Thread 0x000001bd66b79750 flushing nmethod 0x000001bd506c2510
Event: 8.406 Thread 0x000001bd66b79750 flushing nmethod 0x000001bd506edf90
Event: 8.406 Thread 0x000001bd66b79750 flushing nmethod 0x000001bd506f2710
Event: 8.406 Thread 0x000001bd66b79750 flushing nmethod 0x000001bd506f4990
Event: 8.407 Thread 0x000001bd66b79750 flushing nmethod 0x000001bd5070af10
Event: 8.407 Thread 0x000001bd66b79750 flushing nmethod 0x000001bd50751e90
Event: 8.408 Thread 0x000001bd66b79750 flushing nmethod 0x000001bd507a9810
Event: 9.336 loading class jdk/internal/math/FloatingDecimal$ASCIIToBinaryBuffer
Event: 9.336 loading class jdk/internal/math/FloatingDecimal$ASCIIToBinaryBuffer done


Dynamic libraries:
0x00007ff670860000 - 0x00007ff670870000 	C:\Program Files\Java\jdk-17.0.11\bin\java.exe
0x00007ff8decd0000 - 0x00007ff8deec8000 	C:\WINDOWS\SYSTEM32\ntdll.dll
0x00007ff8de720000 - 0x00007ff8de7dd000 	C:\WINDOWS\System32\KERNEL32.DLL
0x00007ff8dc560000 - 0x00007ff8dc856000 	C:\WINDOWS\System32\KERNELBASE.dll
0x00007ff8dc380000 - 0x00007ff8dc480000 	C:\WINDOWS\System32\ucrtbase.dll
0x00007ff8bdf10000 - 0x00007ff8bdf2b000 	C:\Program Files\Java\jdk-17.0.11\bin\VCRUNTIME140.dll
0x00007ff8be7a0000 - 0x00007ff8be7b9000 	C:\Program Files\Java\jdk-17.0.11\bin\jli.dll
0x00007ff8de0d0000 - 0x00007ff8de180000 	C:\WINDOWS\System32\ADVAPI32.dll
0x00007ff8dea30000 - 0x00007ff8deace000 	C:\WINDOWS\System32\msvcrt.dll
0x00007ff8debf0000 - 0x00007ff8dec90000 	C:\WINDOWS\System32\sechost.dll
0x00007ff8dd620000 - 0x00007ff8dd743000 	C:\WINDOWS\System32\RPCRT4.dll
0x00007ff8dc920000 - 0x00007ff8dc947000 	C:\WINDOWS\System32\bcrypt.dll
0x00007ff8dd750000 - 0x00007ff8dd8ef000 	C:\WINDOWS\System32\USER32.dll
0x00007ff8c17c0000 - 0x00007ff8c1a5a000 	C:\WINDOWS\WinSxS\amd64_microsoft.windows.common-controls_6595b64144ccf1df_6.0.19041.3636_none_60b6a03d71f818d5\COMCTL32.dll
0x00007ff8dc480000 - 0x00007ff8dc4a2000 	C:\WINDOWS\System32\win32u.dll
0x00007ff8de7f0000 - 0x00007ff8de81b000 	C:\WINDOWS\System32\GDI32.dll
0x00007ff8dcb50000 - 0x00007ff8dcc67000 	C:\WINDOWS\System32\gdi32full.dll
0x00007ff8dcab0000 - 0x00007ff8dcb4d000 	C:\WINDOWS\System32\msvcp_win.dll
0x00007ff8d4590000 - 0x00007ff8d459a000 	C:\WINDOWS\SYSTEM32\VERSION.dll
0x00007ff8dde50000 - 0x00007ff8dde82000 	C:\WINDOWS\System32\IMM32.DLL
0x00007ff8bf870000 - 0x00007ff8bf87c000 	C:\Program Files\Java\jdk-17.0.11\bin\vcruntime140_1.dll
0x00007ff8bdc00000 - 0x00007ff8bdc8e000 	C:\Program Files\Java\jdk-17.0.11\bin\msvcp140.dll
0x00007ff880e60000 - 0x00007ff881a40000 	C:\Program Files\Java\jdk-17.0.11\bin\server\jvm.dll
0x00007ff8dcde0000 - 0x00007ff8dcde8000 	C:\WINDOWS\System32\PSAPI.DLL
0x00007ff8c0da0000 - 0x00007ff8c0dc7000 	C:\WINDOWS\SYSTEM32\WINMM.dll
0x00007ff8bad70000 - 0x00007ff8bad79000 	C:\WINDOWS\SYSTEM32\WSOCK32.dll
0x00007ff8ddd10000 - 0x00007ff8ddd7b000 	C:\WINDOWS\System32\WS2_32.dll
0x00007ff8dab60000 - 0x00007ff8dab72000 	C:\WINDOWS\SYSTEM32\kernel.appcore.dll
0x00007ff8be880000 - 0x00007ff8be88a000 	C:\Program Files\Java\jdk-17.0.11\bin\jimage.dll
0x00007ff8da7f0000 - 0x00007ff8da9d4000 	C:\WINDOWS\SYSTEM32\DBGHELP.DLL
0x00007ff8c9040000 - 0x00007ff8c9074000 	C:\WINDOWS\SYSTEM32\dbgcore.DLL
0x00007ff8dcc70000 - 0x00007ff8dccf2000 	C:\WINDOWS\System32\bcryptPrimitives.dll
0x00007ff8bdb40000 - 0x00007ff8bdb65000 	C:\Program Files\Java\jdk-17.0.11\bin\java.dll
0x00007ff8afc50000 - 0x00007ff8afd27000 	C:\Program Files\Java\jdk-17.0.11\bin\jsvml.dll
0x00007ff8dcdf0000 - 0x00007ff8dd55b000 	C:\WINDOWS\System32\SHELL32.dll
0x00007ff8d9f30000 - 0x00007ff8da6ce000 	C:\WINDOWS\SYSTEM32\windows.storage.dll
0x00007ff8dd9b0000 - 0x00007ff8ddd03000 	C:\WINDOWS\System32\combase.dll
0x00007ff8dbce0000 - 0x00007ff8dbd0e000 	C:\WINDOWS\SYSTEM32\Wldp.dll
0x00007ff8de5f0000 - 0x00007ff8de6bd000 	C:\WINDOWS\System32\OLEAUT32.dll
0x00007ff8ddda0000 - 0x00007ff8dde4d000 	C:\WINDOWS\System32\SHCORE.dll
0x00007ff8dd8f0000 - 0x00007ff8dd945000 	C:\WINDOWS\System32\shlwapi.dll
0x00007ff8dc2b0000 - 0x00007ff8dc2d3000 	C:\WINDOWS\SYSTEM32\profapi.dll
0x00007ff8bdb20000 - 0x00007ff8bdb39000 	C:\Program Files\Java\jdk-17.0.11\bin\net.dll
0x00007ff8d2790000 - 0x00007ff8d289a000 	C:\WINDOWS\SYSTEM32\WINHTTP.dll
0x00007ff8dba20000 - 0x00007ff8dba8a000 	C:\WINDOWS\system32\mswsock.dll
0x00007ff8bdb00000 - 0x00007ff8bdb16000 	C:\Program Files\Java\jdk-17.0.11\bin\nio.dll
0x00007ff8bdae0000 - 0x00007ff8bdaf8000 	C:\Program Files\Java\jdk-17.0.11\bin\zip.dll
0x00007ff8be790000 - 0x00007ff8be7a0000 	C:\Program Files\Java\jdk-17.0.11\bin\verify.dll

dbghelp: loaded successfully - version: 4.0.5 - missing functions: none
symbol engine: initialized successfully - sym options: 0x614 - pdb path: .;C:\Program Files\Java\jdk-17.0.11\bin;C:\WINDOWS\SYSTEM32;C:\WINDOWS\WinSxS\amd64_microsoft.windows.common-controls_6595b64144ccf1df_6.0.19041.3636_none_60b6a03d71f818d5;C:\Program Files\Java\jdk-17.0.11\bin\server

VM Arguments:
java_command: org.jetbrains.kotlin.cli.jvm.K2JVMCompiler @C:\Users\marko\Desktop\ISS_24\issLab24\unibo.basicrobot24\build\20240523_14756288648652248670.compiler.options
java_class_path (initial): C:\Users\marko\.gradle\caches\modules-2\files-2.1\org.jetbrains.kotlin\kotlin-compiler-embeddable\1.9.22\9cd4dc7773cf2a99ecd961a88fbbc9a2da3fb5e1\kotlin-compiler-embeddable-1.9.22.jar;C:\Users\marko\.gradle\caches\modules-2\files-2.1\org.jetbrains.kotlin\kotlin-stdlib\1.9.22\d6c44cd08d8f3f9bece8101216dbe6553365c6e3\kotlin-stdlib-1.9.22.jar;C:\Users\marko\.gradle\caches\modules-2\files-2.1\org.jetbrains.kotlin\kotlin-script-runtime\1.9.22\f8139a46fc677ec9badc49ae954392f4f5e7e7c7\kotlin-script-runtime-1.9.22.jar;C:\Users\marko\.gradle\caches\modules-2\files-2.1\org.jetbrains.kotlin\kotlin-reflect\1.9.22\761ab33cf85f03a3a24595e1b92639d82e7a9564\kotlin-reflect-1.9.22.jar;C:\Users\marko\.gradle\caches\modules-2\files-2.1\org.jetbrains.kotlin\kotlin-daemon-embeddable\1.9.22\20e2c5df715f3240c765cfc222530e2796542021\kotlin-daemon-embeddable-1.9.22.jar;C:\Users\marko\.gradle\caches\modules-2\files-2.1\org.jetbrains.intellij.deps\trove4j\1.0.20200330\3afb14d5f9ceb459d724e907a21145e8ff394f02\trove4j-1.0.20200330.jar;C:\Users\marko\.gradle\caches\modules-2\files-2.1\org.jetbrains\annotations\13.0\919f0dfe192fb4e063e7dacadee7f8bb9a2672a9\annotations-13.0.jar
Launcher Type: SUN_STANDARD

[Global flags]
     intx CICompilerCount                          = 4                                         {product} {ergonomic}
     uint ConcGCThreads                            = 2                                         {product} {ergonomic}
     uint G1ConcRefinementThreads                  = 8                                         {product} {ergonomic}
   size_t G1HeapRegionSize                         = 1048576                                   {product} {ergonomic}
    uintx GCDrainStackTargetSize                   = 64                                        {product} {ergonomic}
   size_t InitialHeapSize                          = 132120576                                 {product} {ergonomic}
   size_t MarkStackSize                            = 4194304                                   {product} {ergonomic}
   size_t MaxHeapSize                              = 2113929216                                {product} {ergonomic}
   size_t MaxNewSize                               = 1267728384                                {product} {ergonomic}
   size_t MinHeapDeltaBytes                        = 1048576                                   {product} {ergonomic}
   size_t MinHeapSize                              = 8388608                                   {product} {ergonomic}
    uintx NonNMethodCodeHeapSize                   = 5839372                                {pd product} {ergonomic}
    uintx NonProfiledCodeHeapSize                  = 122909434                              {pd product} {ergonomic}
    uintx ProfiledCodeHeapSize                     = 122909434                              {pd product} {ergonomic}
    uintx ReservedCodeCacheSize                    = 251658240                              {pd product} {ergonomic}
     bool SegmentedCodeCache                       = true                                      {product} {ergonomic}
   size_t SoftMaxHeapSize                          = 2113929216                             {manageable} {ergonomic}
     bool UseCompressedClassPointers               = true                           {product lp64_product} {ergonomic}
     bool UseCompressedOops                        = true                           {product lp64_product} {ergonomic}
     bool UseG1GC                                  = true                                      {product} {ergonomic}
     bool UseLargePagesIndividualAllocation        = false                                  {pd product} {ergonomic}

Logging:
Log output configuration:
 #0: stdout all=warning uptime,level,tags
 #1: stderr all=off uptime,level,tags

Environment Variables:
JAVA_HOME=C:\Program Files\Java\jdk-17.0.11
CLASSPATH=C:\Users\marko\Desktop\ISS_24\issLab24\unibo.basicrobot24\\gradle\wrapper\gradle-wrapper.jar
PATH=C:\Program Files\Java\jdk-17.0.11\bin;C:\Gradle\gradle-8.6\bin;C:\Program Files\Python310\Scripts\;C:\Program Files\Python310\;C:\Program Files\Common Files\Oracle\Java\javapath;C:\Program Files (x86)\Common Files\Oracle\Java\javapath;C:\Program Files (x86)\Razer Chroma SDK\bin;C:\Program Files\Razer Chroma SDK\bin;C:\Program Files (x86)\Razer\ChromaBroadcast\bin;C:\Program Files\Razer\ChromaBroadcast\bin;C:\Program Files (x86)\Intel\Intel(R) Management Engine Components\iCLS\;C:\Program Files\Intel\Intel(R) Management Engine Components\iCLS\;C:\WINDOWS\system32;C:\WINDOWS;C:\WINDOWS\System32\Wbem;C:\WINDOWS\System32\WindowsPowerShell\v1.0\;C:\Program Files (x86)\Intel\Intel(R) Management Engine Components\DAL;C:\Program Files\Intel\Intel(R) Management Engine Components\DAL;C:\Program Files (x86)\Intel\Intel(R) Management Engine Components\IPT;C:\Program Files\Intel\Intel(R) Management Engine Components\IPT;C:\WINDOWS\System32\OpenSSH\;C:\WINDOWS\system32\config\systemprofile\AppData\Local\Microsoft\WindowsApps;C:\WINDOWS\system32;C:\WINDOWS;C:\WINDOWS\System32\Wbem;C:\WINDOWS\System32\WindowsPowerShell\v1.0\;C:\WINDOWS\System32\OpenSSH\;C:\Users\marko\AppData\Roaming\nvm;C:\Program Files\nodejs;C:\Program Files\Git\cmd;C:\Program Files\Git LFS;C:\Users\marko\AppData\Roaming\Python\Python310\Scripts;C:\Program Files\Docker\Docker\resources\bin;C:\Program Files\nodejs\;C:\Program Files\Graphviz\bin;C:\Users\marko\AppData\Local\Programs\Microsoft VS Code\bin;C:\Users\marko\AppData\Local\Microsoft\WindowsApps;C:\Users\marko\AppData\Roaming\nvm;C:\Program Files\nodejs;C:\Users\marko\AppData\Roaming\Python\Python310\Scripts;C:\Users\marko\Desktop\antlr;;C:\Users\marko\AppData\Local\JetBrains\IntelliJ IDEA Community Edition 2022.3.2\bin;;C:\Users\marko\AppData\Roaming\npm
USERNAME=marko
OS=Windows_NT
PROCESSOR_IDENTIFIER=Intel64 Family 6 Model 142 Stepping 10, GenuineIntel



---------------  S Y S T E M  ---------------

OS:
 Windows 10 , 64 bit Build 19041 (10.0.19041.3636)
OS uptime: 2 days 5:21 hours
Hyper-V role detected

CPU: total 8 (initial active 8) (4 cores per cpu, 2 threads per core) family 6 model 142 stepping 10 microcode 0xb4, cx8, cmov, fxsr, ht, mmx, 3dnowpref, sse, sse2, sse3, ssse3, sse4.1, sse4.2, popcnt, lzcnt, tsc, tscinvbit, avx, avx2, aes, erms, clmul, bmi1, bmi2, adx, fma, vzeroupper, clflush, clflushopt, hv

Memory: 4k page, system-wide physical 8058M (460M free)
TotalPageFile size 8058M (AvailPageFile size 5M)
current process WorkingSet (physical memory assigned to process): 242M, peak: 242M
current process commit charge ("private bytes"): 280M, peak: 280M

vm_info: Java HotSpot(TM) 64-Bit Server VM (17.0.11+7-LTS-207) for windows-amd64 JRE (17.0.11+7-LTS-207), built on Mar 11 2024 19:01:50 by "mach5one" with MS VC++ 17.6 (VS2022)

END.
