#
# There is insufficient memory for the Java Runtime Environment to continue.
# Native memory allocation (malloc) failed to allocate 1741360 bytes for Chunk::new
# Possible reasons:
#   The system is out of physical RAM or swap space
#   The process is running with CompressedOops enabled, and the Java Heap may be blocking the growth of the native heap
# Possible solutions:
#   Reduce memory load on the system
#   Increase physical memory or swap space
#   Check if swap backing store is full
#   Decrease Java heap size (-Xmx/-Xms)
#   Decrease number of Java threads
#   Decrease Java thread stack sizes (-Xss)
#   Set larger code cache with -XX:ReservedCodeCacheSize=
#   JVM is running with Unscaled Compressed Oops mode in which the Java heap is
#     placed in the first 4GB address space. The Java Heap base address is the
#     maximum limit for the native heap growth. Please use -XX:HeapBaseMinAddress
#     to set the Java Heap base and to place the Java Heap above 4GB virtual address.
# This output file may be truncated or incomplete.
#
#  Out of Memory Error (arena.cpp:189), pid=13940, tid=13672
#
# JRE version: Java(TM) SE Runtime Environment (17.0.11+7) (build 17.0.11+7-LTS-207)
# Java VM: Java HotSpot(TM) 64-Bit Server VM (17.0.11+7-LTS-207, mixed mode, sharing, tiered, compressed oops, compressed class ptrs, g1 gc, windows-amd64)
# No core dump will be written. Minidumps are not enabled by default on client versions of Windows
#

---------------  S U M M A R Y ------------

Command Line: --add-opens=java.base/java.util=ALL-UNNAMED --add-opens=java.base/java.lang=ALL-UNNAMED --add-opens=java.base/java.lang.invoke=ALL-UNNAMED --add-opens=java.base/java.util=ALL-UNNAMED --add-opens=java.prefs/java.util.prefs=ALL-UNNAMED --add-opens=java.prefs/java.util.prefs=ALL-UNNAMED --add-opens=java.base/java.nio.charset=ALL-UNNAMED --add-opens=java.base/java.net=ALL-UNNAMED --add-opens=java.base/java.util.concurrent.atomic=ALL-UNNAMED -XX:MaxMetaspaceSize=256m -XX:+HeapDumpOnOutOfMemoryError -Xms256m -Xmx512m -Dfile.encoding=windows-1252 -Duser.country=IT -Duser.language=it -Duser.variant org.gradle.launcher.daemon.bootstrap.GradleDaemon 7.4.2

Host: Intel(R) Core(TM) i5-8250U CPU @ 1.60GHz, 8 cores, 7G,  Windows 10 , 64 bit Build 19041 (10.0.19041.3636)
Time: Thu May 23 15:57:55 2024 ora legale Europa occidentale elapsed time: 10.804739 seconds (0d 0h 0m 10s)

---------------  T H R E A D  ---------------

Current thread (0x00000246b1c07840):  JavaThread "C2 CompilerThread1" daemon [_thread_in_native, id=13672, stack(0x00000062f2a00000,0x00000062f2b00000)]


Current CompileTask:
C2:  10804 5861       4       groovy.lang.MetaClassImpl$1MOPIter::methodNameAction (325 bytes)

Stack: [0x00000062f2a00000,0x00000062f2b00000]
Native frames: (J=compiled Java code, j=interpreted, Vv=VM code, C=native code)
V  [jvm.dll+0x679cca]
V  [jvm.dll+0x7da13d]
V  [jvm.dll+0x7dba83]
V  [jvm.dll+0x7dc0f3]
V  [jvm.dll+0x2449af]
V  [jvm.dll+0xab83b]
V  [jvm.dll+0xabe1c]
V  [jvm.dll+0x3615ae]
V  [jvm.dll+0x32bd61]
V  [jvm.dll+0x32b1fa]
V  [jvm.dll+0x2161df]
V  [jvm.dll+0x21560f]
V  [jvm.dll+0x1a2040]
V  [jvm.dll+0x225a2b]
V  [jvm.dll+0x223bcb]
V  [jvm.dll+0x7903ec]
V  [jvm.dll+0x78a85a]
V  [jvm.dll+0x678bb5]
C  [ucrtbase.dll+0x21bb2]
C  [KERNEL32.DLL+0x17344]
C  [ntdll.dll+0x526b1]


---------------  P R O C E S S  ---------------

Threads class SMR info:
_java_thread_list=0x00000246b00d5e70, length=101, elements={
0x0000024680029f10, 0x000002469a84cfc0, 0x000002469a84dd50, 0x000002469a869220,
0x000002469a869cf0, 0x000002469a86c6d0, 0x000002469a86cfa0, 0x000002469a86dba0,
0x000002469a8718b0, 0x000002469a876e00, 0x000002469aae84c0, 0x000002469aaf1bc0,
0x00000246ae8b6210, 0x00000246aedfb000, 0x00000246ae7996d0, 0x00000246ae81b5f0,
0x00000246aed5b840, 0x00000246aee758b0, 0x00000246aee74980, 0x00000246aee77710,
0x00000246aee78130, 0x00000246aee75dc0, 0x00000246aee77c20, 0x00000246aee74e90,
0x00000246aee753a0, 0x00000246aee762d0, 0x00000246aee77200, 0x00000246aee767e0,
0x00000246b1b2b750, 0x00000246b1b289c0, 0x00000246b1b2dac0, 0x00000246b1b2d5b0,
0x00000246b1c07840, 0x00000246b1b2c170, 0x00000246b1b2e4e0, 0x00000246b1b2dfd0,
0x00000246b1b2e9f0, 0x00000246b1b2c680, 0x00000246b1b2ef00, 0x00000246b1b2d0a0,
0x00000246b1b2f410, 0x00000246b1b27fa0, 0x00000246b1b28ed0, 0x00000246b1b284b0,
0x00000246b1b293e0, 0x00000246b1b29e00, 0x00000246b1b2a310, 0x00000246b1b2ad30,
0x00000246adcf0b00, 0x00000246adcef6c0, 0x00000246adcebf10, 0x00000246adcf1f40,
0x00000246adcf00e0, 0x00000246adcf3890, 0x00000246adcefbd0, 0x00000246adcf05f0,
0x00000246adcf1010, 0x00000246adcf1520, 0x00000246adcf1a30, 0x00000246adcee280,
0x00000246adcee790, 0x00000246adcf2450, 0x00000246adcf2960, 0x00000246adcf2e70,
0x00000246adcf3380, 0x00000246adcec420, 0x00000246adcedd70, 0x00000246adcec930,
0x00000246adcece40, 0x00000246adcef1b0, 0x00000246adced350, 0x00000246adced860,
0x00000246adceeca0, 0x00000246af43ced0, 0x00000246af43bfa0, 0x00000246af43f750,
0x00000246af4410a0, 0x00000246af43f240, 0x00000246af43de00, 0x00000246af441fd0,
0x00000246af43d8f0, 0x00000246af4415b0, 0x00000246af4429f0, 0x00000246af440170,
0x00000246af43fc60, 0x00000246af443920, 0x00000246af4424e0, 0x00000246af43ed30,
0x00000246af442f00, 0x00000246af441ac0, 0x00000246af443410, 0x00000246af440680,
0x00000246af43e310, 0x00000246af5dfaa0, 0x00000246af5db8d0, 0x00000246af5daeb0,
0x00000246af5db3c0, 0x00000246af5e1900, 0x00000246af5dc800, 0x00000246af5e0ee0,
0x00000246af5de150
}

Java Threads: ( => current thread )
  0x0000024680029f10 JavaThread "main" [_thread_blocked, id=5800, stack(0x00000062f1700000,0x00000062f1800000)]
  0x000002469a84cfc0 JavaThread "Reference Handler" daemon [_thread_blocked, id=10976, stack(0x00000062f1e00000,0x00000062f1f00000)]
  0x000002469a84dd50 JavaThread "Finalizer" daemon [_thread_blocked, id=16020, stack(0x00000062f1f00000,0x00000062f2000000)]
  0x000002469a869220 JavaThread "Signal Dispatcher" daemon [_thread_blocked, id=6760, stack(0x00000062f2000000,0x00000062f2100000)]
  0x000002469a869cf0 JavaThread "Attach Listener" daemon [_thread_blocked, id=3704, stack(0x00000062f2100000,0x00000062f2200000)]
  0x000002469a86c6d0 JavaThread "Service Thread" daemon [_thread_blocked, id=10520, stack(0x00000062f2200000,0x00000062f2300000)]
  0x000002469a86cfa0 JavaThread "Monitor Deflation Thread" daemon [_thread_blocked, id=13880, stack(0x00000062f2300000,0x00000062f2400000)]
  0x000002469a86dba0 JavaThread "C2 CompilerThread0" daemon [_thread_in_native, id=13108, stack(0x00000062f2400000,0x00000062f2500000)]
  0x000002469a8718b0 JavaThread "C1 CompilerThread0" daemon [_thread_blocked, id=5984, stack(0x00000062f2500000,0x00000062f2600000)]
  0x000002469a876e00 JavaThread "Sweeper thread" daemon [_thread_blocked, id=15212, stack(0x00000062f2600000,0x00000062f2700000)]
  0x000002469aae84c0 JavaThread "Common-Cleaner" daemon [_thread_blocked, id=8664, stack(0x00000062f2700000,0x00000062f2800000)]
  0x000002469aaf1bc0 JavaThread "Notification Thread" daemon [_thread_blocked, id=14372, stack(0x00000062f2800000,0x00000062f2900000)]
  0x00000246ae8b6210 JavaThread "Daemon health stats" [_thread_blocked, id=5284, stack(0x00000062f3100000,0x00000062f3200000)]
  0x00000246aedfb000 JavaThread "Incoming local TCP Connector on port 58619" [_thread_in_native, id=8748, stack(0x00000062f3200000,0x00000062f3300000)]
  0x00000246ae7996d0 JavaThread "Daemon periodic checks" [_thread_blocked, id=11900, stack(0x00000062f3300000,0x00000062f3400000)]
  0x00000246ae81b5f0 JavaThread "Daemon" [_thread_blocked, id=11788, stack(0x00000062f3400000,0x00000062f3500000)]
  0x00000246aed5b840 JavaThread "Handler for socket connection from /127.0.0.1:58619 to /127.0.0.1:58620" [_thread_in_native, id=2804, stack(0x00000062f3500000,0x00000062f3600000)]
  0x00000246aee758b0 JavaThread "Cancel handler" [_thread_blocked, id=4300, stack(0x00000062f3600000,0x00000062f3700000)]
  0x00000246aee74980 JavaThread "Daemon worker" [_thread_blocked, id=8592, stack(0x00000062f3700000,0x00000062f3800000)]
  0x00000246aee77710 JavaThread "Asynchronous log dispatcher for DefaultDaemonConnection: socket connection from /127.0.0.1:58619 to /127.0.0.1:58620" [_thread_blocked, id=13568, stack(0x00000062f3800000,0x00000062f3900000)]
  0x00000246aee78130 JavaThread "Stdin handler" [_thread_blocked, id=14232, stack(0x00000062f3900000,0x00000062f3a00000)]
  0x00000246aee75dc0 JavaThread "Daemon client event forwarder" [_thread_blocked, id=15884, stack(0x00000062f3a00000,0x00000062f3b00000)]
  0x00000246aee77c20 JavaThread "Cache worker for journal cache (C:\Users\marko\.gradle\caches\journal-1)" [_thread_blocked, id=8148, stack(0x00000062f3b00000,0x00000062f3c00000)]
  0x00000246aee74e90 JavaThread "File lock request listener" [_thread_in_native, id=11924, stack(0x00000062f3c00000,0x00000062f3d00000)]
  0x00000246aee753a0 JavaThread "Cache worker for file hash cache (C:\Users\marko\.gradle\caches\7.4.2\fileHashes)" [_thread_blocked, id=8256, stack(0x00000062f3d00000,0x00000062f3e00000)]
  0x00000246aee762d0 JavaThread "File watcher server" daemon [_thread_in_native, id=7124, stack(0x00000062f3e00000,0x00000062f3f00000)]
  0x00000246aee77200 JavaThread "File watcher consumer" daemon [_thread_blocked, id=15100, stack(0x00000062f3f00000,0x00000062f4000000)]
  0x00000246aee767e0 JavaThread "Cache worker for checksums cache (C:\Users\marko\Desktop\ISS_24\issLab24\unibo.basicrobot24\.gradle\7.4.2\checksums)" [_thread_blocked, id=15468, stack(0x00000062f2b00000,0x00000062f2c00000)]
  0x00000246b1b2b750 JavaThread "Cache worker for cache directory md-rule (C:\Users\marko\.gradle\caches\7.4.2\md-rule)" [_thread_blocked, id=16284, stack(0x00000062f4000000,0x00000062f4100000)]
  0x00000246b1b289c0 JavaThread "Cache worker for file hash cache (C:\Users\marko\Desktop\ISS_24\issLab24\unibo.basicrobot24\.gradle\7.4.2\fileHashes)" [_thread_blocked, id=6520, stack(0x00000062f4100000,0x00000062f4200000)]
  0x00000246b1b2dac0 JavaThread "Cache worker for cache directory md-supplier (C:\Users\marko\.gradle\caches\7.4.2\md-supplier)" [_thread_blocked, id=14588, stack(0x00000062f4200000,0x00000062f4300000)]
  0x00000246b1b2d5b0 JavaThread "Cache worker for execution history cache (C:\Users\marko\.gradle\caches\7.4.2\executionHistory)" [_thread_blocked, id=1036, stack(0x00000062f4300000,0x00000062f4400000)]
=>0x00000246b1c07840 JavaThread "C2 CompilerThread1" daemon [_thread_in_native, id=13672, stack(0x00000062f2a00000,0x00000062f2b00000)]
  0x00000246b1b2c170 JavaThread "jar transforms" [_thread_blocked, id=13688, stack(0x00000062f4700000,0x00000062f4800000)]
  0x00000246b1b2e4e0 JavaThread "jar transforms Thread 2" [_thread_blocked, id=10940, stack(0x00000062f4800000,0x00000062f4900000)]
  0x00000246b1b2dfd0 JavaThread "Cache worker for file content cache (C:\Users\marko\.gradle\caches\7.4.2\fileContent)" [_thread_blocked, id=15196, stack(0x00000062f4900000,0x00000062f4a00000)]
  0x00000246b1b2e9f0 JavaThread "Cache worker for dependencies-accessors (C:\Users\marko\Desktop\ISS_24\issLab24\unibo.basicrobot24\.gradle\7.4.2\dependencies-accessors)" [_thread_blocked, id=4160, stack(0x00000062f4a00000,0x00000062f4b00000)]
  0x00000246b1b2c680 JavaThread "jar transforms Thread 3" [_thread_blocked, id=13316, stack(0x00000062f4b00000,0x00000062f4c00000)]
  0x00000246b1b2ef00 JavaThread "Cache worker for Build Output Cleanup Cache (C:\Users\marko\Desktop\ISS_24\issLab24\unibo.basicrobot24\.gradle\buildOutputCleanup)" [_thread_blocked, id=13500, stack(0x00000062f4c00000,0x00000062f4d00000)]
  0x00000246b1b2d0a0 JavaThread "Unconstrained build operations" [_thread_blocked, id=16912, stack(0x00000062f4d00000,0x00000062f4e00000)]
  0x00000246b1b2f410 JavaThread "Unconstrained build operations Thread 2" [_thread_blocked, id=8804, stack(0x00000062f4e00000,0x00000062f4f00000)]
  0x00000246b1b27fa0 JavaThread "Unconstrained build operations Thread 3" [_thread_blocked, id=6876, stack(0x00000062f4f00000,0x00000062f5000000)]
  0x00000246b1b28ed0 JavaThread "Unconstrained build operations Thread 4" [_thread_blocked, id=10692, stack(0x00000062f5000000,0x00000062f5100000)]
  0x00000246b1b284b0 JavaThread "Unconstrained build operations Thread 5" [_thread_blocked, id=1484, stack(0x00000062f5100000,0x00000062f5200000)]
  0x00000246b1b293e0 JavaThread "Unconstrained build operations Thread 6" [_thread_blocked, id=6076, stack(0x00000062f5200000,0x00000062f5300000)]
  0x00000246b1b29e00 JavaThread "Unconstrained build operations Thread 7" [_thread_blocked, id=13812, stack(0x00000062f5300000,0x00000062f5400000)]
  0x00000246b1b2a310 JavaThread "Unconstrained build operations Thread 8" [_thread_blocked, id=4788, stack(0x00000062f5400000,0x00000062f5500000)]
  0x00000246b1b2ad30 JavaThread "Unconstrained build operations Thread 9" [_thread_blocked, id=12024, stack(0x00000062f5500000,0x00000062f5600000)]
  0x00000246adcf0b00 JavaThread "Unconstrained build operations Thread 10" [_thread_blocked, id=8880, stack(0x00000062f5600000,0x00000062f5700000)]
  0x00000246adcef6c0 JavaThread "Unconstrained build operations Thread 11" [_thread_blocked, id=9996, stack(0x00000062f5700000,0x00000062f5800000)]
  0x00000246adcebf10 JavaThread "Unconstrained build operations Thread 12" [_thread_blocked, id=9448, stack(0x00000062f5800000,0x00000062f5900000)]
  0x00000246adcf1f40 JavaThread "Unconstrained build operations Thread 13" [_thread_blocked, id=8212, stack(0x00000062f5900000,0x00000062f5a00000)]
  0x00000246adcf00e0 JavaThread "Unconstrained build operations Thread 14" [_thread_blocked, id=14868, stack(0x00000062f5a00000,0x00000062f5b00000)]
  0x00000246adcf3890 JavaThread "Unconstrained build operations Thread 15" [_thread_blocked, id=9336, stack(0x00000062f5b00000,0x00000062f5c00000)]
  0x00000246adcefbd0 JavaThread "Unconstrained build operations Thread 16" [_thread_blocked, id=15540, stack(0x00000062f5c00000,0x00000062f5d00000)]
  0x00000246adcf05f0 JavaThread "Unconstrained build operations Thread 17" [_thread_blocked, id=3260, stack(0x00000062f5d00000,0x00000062f5e00000)]
  0x00000246adcf1010 JavaThread "Unconstrained build operations Thread 18" [_thread_blocked, id=10060, stack(0x00000062f5e00000,0x00000062f5f00000)]
  0x00000246adcf1520 JavaThread "Unconstrained build operations Thread 19" [_thread_blocked, id=11284, stack(0x00000062f5f00000,0x00000062f6000000)]
  0x00000246adcf1a30 JavaThread "Unconstrained build operations Thread 20" [_thread_blocked, id=16120, stack(0x00000062f6000000,0x00000062f6100000)]
  0x00000246adcee280 JavaThread "Unconstrained build operations Thread 21" [_thread_blocked, id=1652, stack(0x00000062f6100000,0x00000062f6200000)]
  0x00000246adcee790 JavaThread "Unconstrained build operations Thread 22" [_thread_blocked, id=6352, stack(0x00000062f6200000,0x00000062f6300000)]
  0x00000246adcf2450 JavaThread "Unconstrained build operations Thread 23" [_thread_blocked, id=13992, stack(0x00000062f6300000,0x00000062f6400000)]
  0x00000246adcf2960 JavaThread "Unconstrained build operations Thread 24" [_thread_blocked, id=2948, stack(0x00000062f6400000,0x00000062f6500000)]
  0x00000246adcf2e70 JavaThread "Unconstrained build operations Thread 25" [_thread_blocked, id=14760, stack(0x00000062f6500000,0x00000062f6600000)]
  0x00000246adcf3380 JavaThread "Unconstrained build operations Thread 26" [_thread_blocked, id=16140, stack(0x00000062f6600000,0x00000062f6700000)]
  0x00000246adcec420 JavaThread "Unconstrained build operations Thread 27" [_thread_blocked, id=15936, stack(0x00000062f6700000,0x00000062f6800000)]
  0x00000246adcedd70 JavaThread "Unconstrained build operations Thread 28" [_thread_blocked, id=6496, stack(0x00000062f6800000,0x00000062f6900000)]
  0x00000246adcec930 JavaThread "Unconstrained build operations Thread 29" [_thread_blocked, id=3552, stack(0x00000062f6900000,0x00000062f6a00000)]
  0x00000246adcece40 JavaThread "Unconstrained build operations Thread 30" [_thread_blocked, id=11168, stack(0x00000062f6a00000,0x00000062f6b00000)]
  0x00000246adcef1b0 JavaThread "Unconstrained build operations Thread 31" [_thread_blocked, id=15240, stack(0x00000062f6b00000,0x00000062f6c00000)]
  0x00000246adced350 JavaThread "Unconstrained build operations Thread 32" [_thread_blocked, id=8872, stack(0x00000062f6c00000,0x00000062f6d00000)]
  0x00000246adced860 JavaThread "Unconstrained build operations Thread 33" [_thread_blocked, id=2292, stack(0x00000062f6d00000,0x00000062f6e00000)]
  0x00000246adceeca0 JavaThread "Unconstrained build operations Thread 34" [_thread_blocked, id=6364, stack(0x00000062f6e00000,0x00000062f6f00000)]
  0x00000246af43ced0 JavaThread "Unconstrained build operations Thread 35" [_thread_blocked, id=8384, stack(0x00000062f6f00000,0x00000062f7000000)]
  0x00000246af43bfa0 JavaThread "Unconstrained build operations Thread 36" [_thread_blocked, id=14556, stack(0x00000062f7000000,0x00000062f7100000)]
  0x00000246af43f750 JavaThread "Unconstrained build operations Thread 37" [_thread_blocked, id=6836, stack(0x00000062f7100000,0x00000062f7200000)]
  0x00000246af4410a0 JavaThread "Unconstrained build operations Thread 38" [_thread_blocked, id=16536, stack(0x00000062f7200000,0x00000062f7300000)]
  0x00000246af43f240 JavaThread "Unconstrained build operations Thread 39" [_thread_blocked, id=15380, stack(0x00000062f7300000,0x00000062f7400000)]
  0x00000246af43de00 JavaThread "Unconstrained build operations Thread 40" [_thread_blocked, id=12372, stack(0x00000062f7400000,0x00000062f7500000)]
  0x00000246af441fd0 JavaThread "Unconstrained build operations Thread 41" [_thread_blocked, id=13556, stack(0x00000062f7500000,0x00000062f7600000)]
  0x00000246af43d8f0 JavaThread "Unconstrained build operations Thread 42" [_thread_blocked, id=2668, stack(0x00000062f7600000,0x00000062f7700000)]
  0x00000246af4415b0 JavaThread "Unconstrained build operations Thread 43" [_thread_blocked, id=7784, stack(0x00000062f7700000,0x00000062f7800000)]
  0x00000246af4429f0 JavaThread "Unconstrained build operations Thread 44" [_thread_blocked, id=9960, stack(0x00000062f7800000,0x00000062f7900000)]
  0x00000246af440170 JavaThread "Unconstrained build operations Thread 45" [_thread_blocked, id=16640, stack(0x00000062f7900000,0x00000062f7a00000)]
  0x00000246af43fc60 JavaThread "Unconstrained build operations Thread 46" [_thread_blocked, id=13532, stack(0x00000062f7a00000,0x00000062f7b00000)]
  0x00000246af443920 JavaThread "jar transforms Thread 4" [_thread_blocked, id=5068, stack(0x00000062f7b00000,0x00000062f7c00000)]
  0x00000246af4424e0 JavaThread "jar transforms Thread 5" [_thread_blocked, id=10136, stack(0x00000062f7c00000,0x00000062f7d00000)]
  0x00000246af43ed30 JavaThread "jar transforms Thread 6" [_thread_blocked, id=13452, stack(0x00000062f7d00000,0x00000062f7e00000)]
  0x00000246af442f00 JavaThread "jar transforms Thread 7" [_thread_blocked, id=2224, stack(0x00000062f7e00000,0x00000062f7f00000)]
  0x00000246af441ac0 JavaThread "jar transforms Thread 8" [_thread_blocked, id=15548, stack(0x00000062f7f00000,0x00000062f8000000)]
  0x00000246af443410 JavaThread "Memory manager" [_thread_blocked, id=11436, stack(0x00000062f8000000,0x00000062f8100000)]
  0x00000246af440680 JavaThread "build event listener" [_thread_blocked, id=10296, stack(0x00000062f8100000,0x00000062f8200000)]
  0x00000246af43e310 JavaThread "build event listener" [_thread_blocked, id=15560, stack(0x00000062f8200000,0x00000062f8300000)]
  0x00000246af5dfaa0 JavaThread "ForkJoinPool.commonPool-worker-1" daemon [_thread_blocked, id=11964, stack(0x00000062f8300000,0x00000062f8400000)]
  0x00000246af5db8d0 JavaThread "ForkJoinPool.commonPool-worker-2" daemon [_thread_blocked, id=15032, stack(0x00000062f8400000,0x00000062f8500000)]
  0x00000246af5daeb0 JavaThread "ForkJoinPool.commonPool-worker-3" daemon [_thread_blocked, id=8584, stack(0x00000062f8500000,0x00000062f8600000)]
  0x00000246af5db3c0 JavaThread "ForkJoinPool.commonPool-worker-4" daemon [_thread_blocked, id=3268, stack(0x00000062f8600000,0x00000062f8700000)]
  0x00000246af5e1900 JavaThread "ForkJoinPool.commonPool-worker-5" daemon [_thread_blocked, id=16608, stack(0x00000062f8700000,0x00000062f8800000)]
  0x00000246af5dc800 JavaThread "ForkJoinPool.commonPool-worker-6" daemon [_thread_blocked, id=9304, stack(0x00000062f8800000,0x00000062f8900000)]
  0x00000246af5e0ee0 JavaThread "ForkJoinPool.commonPool-worker-7" daemon [_thread_blocked, id=12660, stack(0x00000062f8900000,0x00000062f8a00000)]
  0x00000246af5de150 JavaThread "Exec process" [_thread_in_Java, id=12696, stack(0x00000062f8a00000,0x00000062f8b00000)]

Other Threads:
  0x000002469a847440 VMThread "VM Thread" [stack: 0x00000062f1d00000,0x00000062f1e00000] [id=10468]
  0x0000024680065530 WatcherThread [stack: 0x00000062f2900000,0x00000062f2a00000] [id=7164]
  0x0000024680057d20 GCTaskThread "GC Thread#0" [stack: 0x00000062f1800000,0x00000062f1900000] [id=14288]
  0x00000246ae0b4420 GCTaskThread "GC Thread#1" [stack: 0x00000062f2c00000,0x00000062f2d00000] [id=10316]
  0x00000246ae363d40 GCTaskThread "GC Thread#2" [stack: 0x00000062f2d00000,0x00000062f2e00000] [id=10092]
  0x00000246ad95b310 GCTaskThread "GC Thread#3" [stack: 0x00000062f2e00000,0x00000062f2f00000] [id=8992]
  0x00000246ad95b5d0 GCTaskThread "GC Thread#4" [stack: 0x00000062f2f00000,0x00000062f3000000] [id=8424]
  0x00000246ad95b890 GCTaskThread "GC Thread#5" [stack: 0x00000062f3000000,0x00000062f3100000] [id=14824]
  0x00000246af6c07b0 GCTaskThread "GC Thread#6" [stack: 0x00000062f4400000,0x00000062f4500000] [id=6348]
  0x00000246af6c0a70 GCTaskThread "GC Thread#7" [stack: 0x00000062f4500000,0x00000062f4600000] [id=14448]
  0x000002468005db90 ConcurrentGCThread "G1 Main Marker" [stack: 0x00000062f1900000,0x00000062f1a00000] [id=15904]
  0x000002468005e4b0 ConcurrentGCThread "G1 Conc#0" [stack: 0x00000062f1a00000,0x00000062f1b00000] [id=628]
  0x00000246aee40c30 ConcurrentGCThread "G1 Conc#1" [stack: 0x00000062f4600000,0x00000062f4700000] [id=12008]
  0x000002469a7120d0 ConcurrentGCThread "G1 Refine#0" [stack: 0x00000062f1b00000,0x00000062f1c00000] [id=9284]
  0x000002469a712a10 ConcurrentGCThread "G1 Service" [stack: 0x00000062f1c00000,0x00000062f1d00000] [id=14304]

Threads with active compile tasks:
C2 CompilerThread0    10847 5823       4       java.lang.Class::getMethodsRecursive (99 bytes)
C2 CompilerThread1    10847 5861       4       groovy.lang.MetaClassImpl$1MOPIter::methodNameAction (325 bytes)

VM state: not at safepoint (normal execution)

VM Mutex/Monitor currently owned by a thread: None

Heap address: 0x00000000e0000000, size: 512 MB, Compressed Oops mode: 32-bit

CDS archive(s) mapped at: [0x000002469b000000-0x000002469bbd0000-0x000002469bbd0000), size 12386304, SharedBaseAddress: 0x000002469b000000, ArchiveRelocationMode: 1.
Compressed class space mapped at: 0x000002469c000000-0x00000246a9000000, reserved size: 218103808
Narrow klass base: 0x000002469b000000, Narrow klass shift: 0, Narrow klass range: 0x100000000

GC Precious Log:
 CPUs: 8 total, 8 available
 Memory: 8058M
 Large Page Support: Disabled
 NUMA Support: Disabled
 Compressed Oops: Enabled (32-bit)
 Heap Region Size: 1M
 Heap Min Capacity: 256M
 Heap Initial Capacity: 256M
 Heap Max Capacity: 512M
 Pre-touch: Disabled
 Parallel Workers: 8
 Concurrent Workers: 2
 Concurrent Refinement Workers: 8
 Periodic GC: Disabled

Heap:
 garbage-first heap   total 262144K, used 117258K [0x00000000e0000000, 0x0000000100000000)
  region size 1024K, 83 young (84992K), 9 survivors (9216K)
 Metaspace       used 54701K, committed 55168K, reserved 278528K
  class space    used 7652K, committed 7872K, reserved 212992K

Heap Regions: E=young(eden), S=young(survivor), O=old, HS=humongous(starts), HC=humongous(continues), CS=collection set, F=free, OA=open archive, CA=closed archive, TAMS=top-at-mark-start (previous, next)
|   0|0x00000000e0000000, 0x00000000e0100000, 0x00000000e0100000|100%| O|  |TAMS 0x00000000e0100000, 0x00000000e0000000| Untracked 
|   1|0x00000000e0100000, 0x00000000e0100000, 0x00000000e0200000|  0%| F|  |TAMS 0x00000000e0100000, 0x00000000e0100000| Untracked 
|   2|0x00000000e0200000, 0x00000000e0300000, 0x00000000e0300000|100%| O|  |TAMS 0x00000000e0300000, 0x00000000e0200000| Untracked 
|   3|0x00000000e0300000, 0x00000000e0400000, 0x00000000e0400000|100%|HS|  |TAMS 0x00000000e0400000, 0x00000000e0300000| Complete 
|   4|0x00000000e0400000, 0x00000000e0500000, 0x00000000e0500000|100%|HC|  |TAMS 0x00000000e0500000, 0x00000000e0400000| Complete 
|   5|0x00000000e0500000, 0x00000000e0600000, 0x00000000e0600000|100%|HC|  |TAMS 0x00000000e0600000, 0x00000000e0500000| Complete 
|   6|0x00000000e0600000, 0x00000000e0700000, 0x00000000e0700000|100%| O|  |TAMS 0x00000000e0700000, 0x00000000e0600000| Untracked 
|   7|0x00000000e0700000, 0x00000000e0800000, 0x00000000e0800000|100%| O|  |TAMS 0x00000000e0800000, 0x00000000e0700000| Untracked 
|   8|0x00000000e0800000, 0x00000000e0900000, 0x00000000e0900000|100%| O|  |TAMS 0x00000000e0900000, 0x00000000e0800000| Untracked 
|   9|0x00000000e0900000, 0x00000000e0a00000, 0x00000000e0a00000|100%| O|  |TAMS 0x00000000e0a00000, 0x00000000e0900000| Untracked 
|  10|0x00000000e0a00000, 0x00000000e0b00000, 0x00000000e0b00000|100%| O|  |TAMS 0x00000000e0b00000, 0x00000000e0a00000| Untracked 
|  11|0x00000000e0b00000, 0x00000000e0c00000, 0x00000000e0c00000|100%| O|  |TAMS 0x00000000e0c00000, 0x00000000e0b00000| Untracked 
|  12|0x00000000e0c00000, 0x00000000e0d00000, 0x00000000e0d00000|100%| O|  |TAMS 0x00000000e0d00000, 0x00000000e0c00000| Untracked 
|  13|0x00000000e0d00000, 0x00000000e0e00000, 0x00000000e0e00000|100%| O|  |TAMS 0x00000000e0e00000, 0x00000000e0d00000| Untracked 
|  14|0x00000000e0e00000, 0x00000000e0f00000, 0x00000000e0f00000|100%| O|  |TAMS 0x00000000e0f00000, 0x00000000e0e00000| Untracked 
|  15|0x00000000e0f00000, 0x00000000e1000000, 0x00000000e1000000|100%| O|  |TAMS 0x00000000e1000000, 0x00000000e0f00000| Untracked 
|  16|0x00000000e1000000, 0x00000000e1100000, 0x00000000e1100000|100%| O|  |TAMS 0x00000000e1100000, 0x00000000e1000000| Untracked 
|  17|0x00000000e1100000, 0x00000000e1200000, 0x00000000e1200000|100%| O|  |TAMS 0x00000000e1200000, 0x00000000e1100000| Untracked 
|  18|0x00000000e1200000, 0x00000000e1300000, 0x00000000e1300000|100%| O|  |TAMS 0x00000000e1300000, 0x00000000e1200000| Untracked 
|  19|0x00000000e1300000, 0x00000000e1400000, 0x00000000e1400000|100%| O|  |TAMS 0x00000000e1400000, 0x00000000e1300000| Untracked 
|  20|0x00000000e1400000, 0x00000000e1500000, 0x00000000e1500000|100%| O|  |TAMS 0x00000000e1500000, 0x00000000e1400000| Untracked 
|  21|0x00000000e1500000, 0x00000000e1600000, 0x00000000e1600000|100%| O|  |TAMS 0x00000000e1600000, 0x00000000e1500000| Untracked 
|  22|0x00000000e1600000, 0x00000000e1700000, 0x00000000e1700000|100%| O|  |TAMS 0x00000000e1700000, 0x00000000e1600000| Untracked 
|  23|0x00000000e1700000, 0x00000000e1800000, 0x00000000e1800000|100%| O|  |TAMS 0x00000000e1800000, 0x00000000e1700000| Untracked 
|  24|0x00000000e1800000, 0x00000000e1900000, 0x00000000e1900000|100%| O|  |TAMS 0x00000000e1900000, 0x00000000e1800000| Untracked 
|  25|0x00000000e1900000, 0x00000000e1a00000, 0x00000000e1a00000|100%| O|  |TAMS 0x00000000e1a00000, 0x00000000e1900000| Untracked 
|  26|0x00000000e1a00000, 0x00000000e1b00000, 0x00000000e1b00000|100%| O|  |TAMS 0x00000000e1b00000, 0x00000000e1a00000| Untracked 
|  27|0x00000000e1b00000, 0x00000000e1c00000, 0x00000000e1c00000|100%| O|  |TAMS 0x00000000e1c00000, 0x00000000e1b00000| Untracked 
|  28|0x00000000e1c00000, 0x00000000e1c78600, 0x00000000e1d00000| 47%| O|  |TAMS 0x00000000e1c78600, 0x00000000e1c00000| Untracked 
|  29|0x00000000e1d00000, 0x00000000e1e00000, 0x00000000e1e00000|100%|HS|  |TAMS 0x00000000e1d00000, 0x00000000e1d00000| Complete 
|  30|0x00000000e1e00000, 0x00000000e1f00000, 0x00000000e1f00000|100%|HC|  |TAMS 0x00000000e1e00000, 0x00000000e1e00000| Complete 
|  31|0x00000000e1f00000, 0x00000000e2000000, 0x00000000e2000000|100%|HS|  |TAMS 0x00000000e1f00000, 0x00000000e1f00000| Complete 
|  32|0x00000000e2000000, 0x00000000e2100000, 0x00000000e2100000|100%|HC|  |TAMS 0x00000000e2000000, 0x00000000e2000000| Complete 
|  33|0x00000000e2100000, 0x00000000e2200000, 0x00000000e2200000|100%|HC|  |TAMS 0x00000000e2100000, 0x00000000e2100000| Complete 
|  34|0x00000000e2200000, 0x00000000e2300000, 0x00000000e2300000|100%|HC|  |TAMS 0x00000000e2200000, 0x00000000e2200000| Complete 
|  35|0x00000000e2300000, 0x00000000e2300000, 0x00000000e2400000|  0%| F|  |TAMS 0x00000000e2300000, 0x00000000e2300000| Untracked 
|  36|0x00000000e2400000, 0x00000000e2400000, 0x00000000e2500000|  0%| F|  |TAMS 0x00000000e2400000, 0x00000000e2400000| Untracked 
|  37|0x00000000e2500000, 0x00000000e2500000, 0x00000000e2600000|  0%| F|  |TAMS 0x00000000e2500000, 0x00000000e2500000| Untracked 
|  38|0x00000000e2600000, 0x00000000e2600000, 0x00000000e2700000|  0%| F|  |TAMS 0x00000000e2600000, 0x00000000e2600000| Untracked 
|  39|0x00000000e2700000, 0x00000000e2700000, 0x00000000e2800000|  0%| F|  |TAMS 0x00000000e2700000, 0x00000000e2700000| Untracked 
|  40|0x00000000e2800000, 0x00000000e2800000, 0x00000000e2900000|  0%| F|  |TAMS 0x00000000e2800000, 0x00000000e2800000| Untracked 
|  41|0x00000000e2900000, 0x00000000e2900000, 0x00000000e2a00000|  0%| F|  |TAMS 0x00000000e2900000, 0x00000000e2900000| Untracked 
|  42|0x00000000e2a00000, 0x00000000e2a00000, 0x00000000e2b00000|  0%| F|  |TAMS 0x00000000e2a00000, 0x00000000e2a00000| Untracked 
|  43|0x00000000e2b00000, 0x00000000e2b00000, 0x00000000e2c00000|  0%| F|  |TAMS 0x00000000e2b00000, 0x00000000e2b00000| Untracked 
|  44|0x00000000e2c00000, 0x00000000e2c00000, 0x00000000e2d00000|  0%| F|  |TAMS 0x00000000e2c00000, 0x00000000e2c00000| Untracked 
|  45|0x00000000e2d00000, 0x00000000e2d00000, 0x00000000e2e00000|  0%| F|  |TAMS 0x00000000e2d00000, 0x00000000e2d00000| Untracked 
|  46|0x00000000e2e00000, 0x00000000e2e00000, 0x00000000e2f00000|  0%| F|  |TAMS 0x00000000e2e00000, 0x00000000e2e00000| Untracked 
|  47|0x00000000e2f00000, 0x00000000e2f00000, 0x00000000e3000000|  0%| F|  |TAMS 0x00000000e2f00000, 0x00000000e2f00000| Untracked 
|  48|0x00000000e3000000, 0x00000000e3000000, 0x00000000e3100000|  0%| F|  |TAMS 0x00000000e3000000, 0x00000000e3000000| Untracked 
|  49|0x00000000e3100000, 0x00000000e3100000, 0x00000000e3200000|  0%| F|  |TAMS 0x00000000e3100000, 0x00000000e3100000| Untracked 
|  50|0x00000000e3200000, 0x00000000e3200000, 0x00000000e3300000|  0%| F|  |TAMS 0x00000000e3200000, 0x00000000e3200000| Untracked 
|  51|0x00000000e3300000, 0x00000000e3300000, 0x00000000e3400000|  0%| F|  |TAMS 0x00000000e3300000, 0x00000000e3300000| Untracked 
|  52|0x00000000e3400000, 0x00000000e3400000, 0x00000000e3500000|  0%| F|  |TAMS 0x00000000e3400000, 0x00000000e3400000| Untracked 
|  53|0x00000000e3500000, 0x00000000e3500000, 0x00000000e3600000|  0%| F|  |TAMS 0x00000000e3500000, 0x00000000e3500000| Untracked 
|  54|0x00000000e3600000, 0x00000000e3600000, 0x00000000e3700000|  0%| F|  |TAMS 0x00000000e3600000, 0x00000000e3600000| Untracked 
|  55|0x00000000e3700000, 0x00000000e3700000, 0x00000000e3800000|  0%| F|  |TAMS 0x00000000e3700000, 0x00000000e3700000| Untracked 
|  56|0x00000000e3800000, 0x00000000e3800000, 0x00000000e3900000|  0%| F|  |TAMS 0x00000000e3800000, 0x00000000e3800000| Untracked 
|  57|0x00000000e3900000, 0x00000000e3900000, 0x00000000e3a00000|  0%| F|  |TAMS 0x00000000e3900000, 0x00000000e3900000| Untracked 
|  58|0x00000000e3a00000, 0x00000000e3a00000, 0x00000000e3b00000|  0%| F|  |TAMS 0x00000000e3a00000, 0x00000000e3a00000| Untracked 
|  59|0x00000000e3b00000, 0x00000000e3b00000, 0x00000000e3c00000|  0%| F|  |TAMS 0x00000000e3b00000, 0x00000000e3b00000| Untracked 
|  60|0x00000000e3c00000, 0x00000000e3c00000, 0x00000000e3d00000|  0%| F|  |TAMS 0x00000000e3c00000, 0x00000000e3c00000| Untracked 
|  61|0x00000000e3d00000, 0x00000000e3d00000, 0x00000000e3e00000|  0%| F|  |TAMS 0x00000000e3d00000, 0x00000000e3d00000| Untracked 
|  62|0x00000000e3e00000, 0x00000000e3e00000, 0x00000000e3f00000|  0%| F|  |TAMS 0x00000000e3e00000, 0x00000000e3e00000| Untracked 
|  63|0x00000000e3f00000, 0x00000000e3f00000, 0x00000000e4000000|  0%| F|  |TAMS 0x00000000e3f00000, 0x00000000e3f00000| Untracked 
|  64|0x00000000e4000000, 0x00000000e4000000, 0x00000000e4100000|  0%| F|  |TAMS 0x00000000e4000000, 0x00000000e4000000| Untracked 
|  65|0x00000000e4100000, 0x00000000e4100000, 0x00000000e4200000|  0%| F|  |TAMS 0x00000000e4100000, 0x00000000e4100000| Untracked 
|  66|0x00000000e4200000, 0x00000000e4200000, 0x00000000e4300000|  0%| F|  |TAMS 0x00000000e4200000, 0x00000000e4200000| Untracked 
|  67|0x00000000e4300000, 0x00000000e4300000, 0x00000000e4400000|  0%| F|  |TAMS 0x00000000e4300000, 0x00000000e4300000| Untracked 
|  68|0x00000000e4400000, 0x00000000e4400000, 0x00000000e4500000|  0%| F|  |TAMS 0x00000000e4400000, 0x00000000e4400000| Untracked 
|  69|0x00000000e4500000, 0x00000000e4500000, 0x00000000e4600000|  0%| F|  |TAMS 0x00000000e4500000, 0x00000000e4500000| Untracked 
|  70|0x00000000e4600000, 0x00000000e4600000, 0x00000000e4700000|  0%| F|  |TAMS 0x00000000e4600000, 0x00000000e4600000| Untracked 
|  71|0x00000000e4700000, 0x00000000e4700000, 0x00000000e4800000|  0%| F|  |TAMS 0x00000000e4700000, 0x00000000e4700000| Untracked 
|  72|0x00000000e4800000, 0x00000000e4800000, 0x00000000e4900000|  0%| F|  |TAMS 0x00000000e4800000, 0x00000000e4800000| Untracked 
|  73|0x00000000e4900000, 0x00000000e4900000, 0x00000000e4a00000|  0%| F|  |TAMS 0x00000000e4900000, 0x00000000e4900000| Untracked 
|  74|0x00000000e4a00000, 0x00000000e4a00000, 0x00000000e4b00000|  0%| F|  |TAMS 0x00000000e4a00000, 0x00000000e4a00000| Untracked 
|  75|0x00000000e4b00000, 0x00000000e4b00000, 0x00000000e4c00000|  0%| F|  |TAMS 0x00000000e4b00000, 0x00000000e4b00000| Untracked 
|  76|0x00000000e4c00000, 0x00000000e4c00000, 0x00000000e4d00000|  0%| F|  |TAMS 0x00000000e4c00000, 0x00000000e4c00000| Untracked 
|  77|0x00000000e4d00000, 0x00000000e4d00000, 0x00000000e4e00000|  0%| F|  |TAMS 0x00000000e4d00000, 0x00000000e4d00000| Untracked 
|  78|0x00000000e4e00000, 0x00000000e4e00000, 0x00000000e4f00000|  0%| F|  |TAMS 0x00000000e4e00000, 0x00000000e4e00000| Untracked 
|  79|0x00000000e4f00000, 0x00000000e4f00000, 0x00000000e5000000|  0%| F|  |TAMS 0x00000000e4f00000, 0x00000000e4f00000| Untracked 
|  80|0x00000000e5000000, 0x00000000e5000000, 0x00000000e5100000|  0%| F|  |TAMS 0x00000000e5000000, 0x00000000e5000000| Untracked 
|  81|0x00000000e5100000, 0x00000000e5100000, 0x00000000e5200000|  0%| F|  |TAMS 0x00000000e5100000, 0x00000000e5100000| Untracked 
|  82|0x00000000e5200000, 0x00000000e5200000, 0x00000000e5300000|  0%| F|  |TAMS 0x00000000e5200000, 0x00000000e5200000| Untracked 
|  83|0x00000000e5300000, 0x00000000e5300000, 0x00000000e5400000|  0%| F|  |TAMS 0x00000000e5300000, 0x00000000e5300000| Untracked 
|  84|0x00000000e5400000, 0x00000000e5400000, 0x00000000e5500000|  0%| F|  |TAMS 0x00000000e5400000, 0x00000000e5400000| Untracked 
|  85|0x00000000e5500000, 0x00000000e5500000, 0x00000000e5600000|  0%| F|  |TAMS 0x00000000e5500000, 0x00000000e5500000| Untracked 
|  86|0x00000000e5600000, 0x00000000e5600000, 0x00000000e5700000|  0%| F|  |TAMS 0x00000000e5600000, 0x00000000e5600000| Untracked 
|  87|0x00000000e5700000, 0x00000000e5700000, 0x00000000e5800000|  0%| F|  |TAMS 0x00000000e5700000, 0x00000000e5700000| Untracked 
|  88|0x00000000e5800000, 0x00000000e5800000, 0x00000000e5900000|  0%| F|  |TAMS 0x00000000e5800000, 0x00000000e5800000| Untracked 
|  89|0x00000000e5900000, 0x00000000e5900000, 0x00000000e5a00000|  0%| F|  |TAMS 0x00000000e5900000, 0x00000000e5900000| Untracked 
|  90|0x00000000e5a00000, 0x00000000e5a00000, 0x00000000e5b00000|  0%| F|  |TAMS 0x00000000e5a00000, 0x00000000e5a00000| Untracked 
|  91|0x00000000e5b00000, 0x00000000e5b00000, 0x00000000e5c00000|  0%| F|  |TAMS 0x00000000e5b00000, 0x00000000e5b00000| Untracked 
|  92|0x00000000e5c00000, 0x00000000e5c00000, 0x00000000e5d00000|  0%| F|  |TAMS 0x00000000e5c00000, 0x00000000e5c00000| Untracked 
|  93|0x00000000e5d00000, 0x00000000e5d00000, 0x00000000e5e00000|  0%| F|  |TAMS 0x00000000e5d00000, 0x00000000e5d00000| Untracked 
|  94|0x00000000e5e00000, 0x00000000e5e0a4c0, 0x00000000e5f00000|  4%| S|CS|TAMS 0x00000000e5e00000, 0x00000000e5e00000| Complete 
|  95|0x00000000e5f00000, 0x00000000e6000000, 0x00000000e6000000|100%| S|CS|TAMS 0x00000000e5f00000, 0x00000000e5f00000| Complete 
|  96|0x00000000e6000000, 0x00000000e6100000, 0x00000000e6100000|100%| S|CS|TAMS 0x00000000e6000000, 0x00000000e6000000| Complete 
|  97|0x00000000e6100000, 0x00000000e6200000, 0x00000000e6200000|100%| S|CS|TAMS 0x00000000e6100000, 0x00000000e6100000| Complete 
|  98|0x00000000e6200000, 0x00000000e6300000, 0x00000000e6300000|100%| S|CS|TAMS 0x00000000e6200000, 0x00000000e6200000| Complete 
|  99|0x00000000e6300000, 0x00000000e6400000, 0x00000000e6400000|100%| S|CS|TAMS 0x00000000e6300000, 0x00000000e6300000| Complete 
| 100|0x00000000e6400000, 0x00000000e6500000, 0x00000000e6500000|100%| S|CS|TAMS 0x00000000e6400000, 0x00000000e6400000| Complete 
| 101|0x00000000e6500000, 0x00000000e6600000, 0x00000000e6600000|100%| S|CS|TAMS 0x00000000e6500000, 0x00000000e6500000| Complete 
| 102|0x00000000e6600000, 0x00000000e6700000, 0x00000000e6700000|100%| S|CS|TAMS 0x00000000e6600000, 0x00000000e6600000| Complete 
| 103|0x00000000e6700000, 0x00000000e6700000, 0x00000000e6800000|  0%| F|  |TAMS 0x00000000e6700000, 0x00000000e6700000| Untracked 
| 104|0x00000000e6800000, 0x00000000e6800000, 0x00000000e6900000|  0%| F|  |TAMS 0x00000000e6800000, 0x00000000e6800000| Untracked 
| 105|0x00000000e6900000, 0x00000000e6900000, 0x00000000e6a00000|  0%| F|  |TAMS 0x00000000e6900000, 0x00000000e6900000| Untracked 
| 106|0x00000000e6a00000, 0x00000000e6a00000, 0x00000000e6b00000|  0%| F|  |TAMS 0x00000000e6a00000, 0x00000000e6a00000| Untracked 
| 107|0x00000000e6b00000, 0x00000000e6b00000, 0x00000000e6c00000|  0%| F|  |TAMS 0x00000000e6b00000, 0x00000000e6b00000| Untracked 
| 108|0x00000000e6c00000, 0x00000000e6c00000, 0x00000000e6d00000|  0%| F|  |TAMS 0x00000000e6c00000, 0x00000000e6c00000| Untracked 
| 109|0x00000000e6d00000, 0x00000000e6d00000, 0x00000000e6e00000|  0%| F|  |TAMS 0x00000000e6d00000, 0x00000000e6d00000| Untracked 
| 110|0x00000000e6e00000, 0x00000000e6e00000, 0x00000000e6f00000|  0%| F|  |TAMS 0x00000000e6e00000, 0x00000000e6e00000| Untracked 
| 111|0x00000000e6f00000, 0x00000000e6f00000, 0x00000000e7000000|  0%| F|  |TAMS 0x00000000e6f00000, 0x00000000e6f00000| Untracked 
| 112|0x00000000e7000000, 0x00000000e7000000, 0x00000000e7100000|  0%| F|  |TAMS 0x00000000e7000000, 0x00000000e7000000| Untracked 
| 113|0x00000000e7100000, 0x00000000e7100000, 0x00000000e7200000|  0%| F|  |TAMS 0x00000000e7100000, 0x00000000e7100000| Untracked 
| 114|0x00000000e7200000, 0x00000000e7200000, 0x00000000e7300000|  0%| F|  |TAMS 0x00000000e7200000, 0x00000000e7200000| Untracked 
| 115|0x00000000e7300000, 0x00000000e7300000, 0x00000000e7400000|  0%| F|  |TAMS 0x00000000e7300000, 0x00000000e7300000| Untracked 
| 116|0x00000000e7400000, 0x00000000e7400000, 0x00000000e7500000|  0%| F|  |TAMS 0x00000000e7400000, 0x00000000e7400000| Untracked 
| 117|0x00000000e7500000, 0x00000000e7500000, 0x00000000e7600000|  0%| F|  |TAMS 0x00000000e7500000, 0x00000000e7500000| Untracked 
| 118|0x00000000e7600000, 0x00000000e7600000, 0x00000000e7700000|  0%| F|  |TAMS 0x00000000e7600000, 0x00000000e7600000| Untracked 
| 119|0x00000000e7700000, 0x00000000e7700000, 0x00000000e7800000|  0%| F|  |TAMS 0x00000000e7700000, 0x00000000e7700000| Untracked 
| 120|0x00000000e7800000, 0x00000000e7800000, 0x00000000e7900000|  0%| F|  |TAMS 0x00000000e7800000, 0x00000000e7800000| Untracked 
| 121|0x00000000e7900000, 0x00000000e7900000, 0x00000000e7a00000|  0%| F|  |TAMS 0x00000000e7900000, 0x00000000e7900000| Untracked 
| 122|0x00000000e7a00000, 0x00000000e7a00000, 0x00000000e7b00000|  0%| F|  |TAMS 0x00000000e7a00000, 0x00000000e7a00000| Untracked 
| 123|0x00000000e7b00000, 0x00000000e7b00000, 0x00000000e7c00000|  0%| F|  |TAMS 0x00000000e7b00000, 0x00000000e7b00000| Untracked 
| 124|0x00000000e7c00000, 0x00000000e7c00000, 0x00000000e7d00000|  0%| F|  |TAMS 0x00000000e7c00000, 0x00000000e7c00000| Untracked 
| 125|0x00000000e7d00000, 0x00000000e7d00000, 0x00000000e7e00000|  0%| F|  |TAMS 0x00000000e7d00000, 0x00000000e7d00000| Untracked 
| 126|0x00000000e7e00000, 0x00000000e7e00000, 0x00000000e7f00000|  0%| F|  |TAMS 0x00000000e7e00000, 0x00000000e7e00000| Untracked 
| 127|0x00000000e7f00000, 0x00000000e7f00000, 0x00000000e8000000|  0%| F|  |TAMS 0x00000000e7f00000, 0x00000000e7f00000| Untracked 
| 128|0x00000000e8000000, 0x00000000e8000000, 0x00000000e8100000|  0%| F|  |TAMS 0x00000000e8000000, 0x00000000e8000000| Untracked 
| 129|0x00000000e8100000, 0x00000000e8100000, 0x00000000e8200000|  0%| F|  |TAMS 0x00000000e8100000, 0x00000000e8100000| Untracked 
| 130|0x00000000e8200000, 0x00000000e8200000, 0x00000000e8300000|  0%| F|  |TAMS 0x00000000e8200000, 0x00000000e8200000| Untracked 
| 131|0x00000000e8300000, 0x00000000e8300000, 0x00000000e8400000|  0%| F|  |TAMS 0x00000000e8300000, 0x00000000e8300000| Untracked 
| 132|0x00000000e8400000, 0x00000000e8400000, 0x00000000e8500000|  0%| F|  |TAMS 0x00000000e8400000, 0x00000000e8400000| Untracked 
| 133|0x00000000e8500000, 0x00000000e8500000, 0x00000000e8600000|  0%| F|  |TAMS 0x00000000e8500000, 0x00000000e8500000| Untracked 
| 134|0x00000000e8600000, 0x00000000e8600000, 0x00000000e8700000|  0%| F|  |TAMS 0x00000000e8600000, 0x00000000e8600000| Untracked 
| 135|0x00000000e8700000, 0x00000000e8700000, 0x00000000e8800000|  0%| F|  |TAMS 0x00000000e8700000, 0x00000000e8700000| Untracked 
| 136|0x00000000e8800000, 0x00000000e8800000, 0x00000000e8900000|  0%| F|  |TAMS 0x00000000e8800000, 0x00000000e8800000| Untracked 
| 137|0x00000000e8900000, 0x00000000e8900000, 0x00000000e8a00000|  0%| F|  |TAMS 0x00000000e8900000, 0x00000000e8900000| Untracked 
| 138|0x00000000e8a00000, 0x00000000e8a00000, 0x00000000e8b00000|  0%| F|  |TAMS 0x00000000e8a00000, 0x00000000e8a00000| Untracked 
| 139|0x00000000e8b00000, 0x00000000e8b00000, 0x00000000e8c00000|  0%| F|  |TAMS 0x00000000e8b00000, 0x00000000e8b00000| Untracked 
| 140|0x00000000e8c00000, 0x00000000e8c00000, 0x00000000e8d00000|  0%| F|  |TAMS 0x00000000e8c00000, 0x00000000e8c00000| Untracked 
| 141|0x00000000e8d00000, 0x00000000e8d00000, 0x00000000e8e00000|  0%| F|  |TAMS 0x00000000e8d00000, 0x00000000e8d00000| Untracked 
| 142|0x00000000e8e00000, 0x00000000e8e00000, 0x00000000e8f00000|  0%| F|  |TAMS 0x00000000e8e00000, 0x00000000e8e00000| Untracked 
| 143|0x00000000e8f00000, 0x00000000e8f00000, 0x00000000e9000000|  0%| F|  |TAMS 0x00000000e8f00000, 0x00000000e8f00000| Untracked 
| 144|0x00000000e9000000, 0x00000000e9000000, 0x00000000e9100000|  0%| F|  |TAMS 0x00000000e9000000, 0x00000000e9000000| Untracked 
| 145|0x00000000e9100000, 0x00000000e9100000, 0x00000000e9200000|  0%| F|  |TAMS 0x00000000e9100000, 0x00000000e9100000| Untracked 
| 146|0x00000000e9200000, 0x00000000e9200000, 0x00000000e9300000|  0%| F|  |TAMS 0x00000000e9200000, 0x00000000e9200000| Untracked 
| 147|0x00000000e9300000, 0x00000000e9300000, 0x00000000e9400000|  0%| F|  |TAMS 0x00000000e9300000, 0x00000000e9300000| Untracked 
| 148|0x00000000e9400000, 0x00000000e9400000, 0x00000000e9500000|  0%| F|  |TAMS 0x00000000e9400000, 0x00000000e9400000| Untracked 
| 149|0x00000000e9500000, 0x00000000e9500000, 0x00000000e9600000|  0%| F|  |TAMS 0x00000000e9500000, 0x00000000e9500000| Untracked 
| 150|0x00000000e9600000, 0x00000000e9600000, 0x00000000e9700000|  0%| F|  |TAMS 0x00000000e9600000, 0x00000000e9600000| Untracked 
| 151|0x00000000e9700000, 0x00000000e9700000, 0x00000000e9800000|  0%| F|  |TAMS 0x00000000e9700000, 0x00000000e9700000| Untracked 
| 152|0x00000000e9800000, 0x00000000e9800000, 0x00000000e9900000|  0%| F|  |TAMS 0x00000000e9800000, 0x00000000e9800000| Untracked 
| 153|0x00000000e9900000, 0x00000000e9900000, 0x00000000e9a00000|  0%| F|  |TAMS 0x00000000e9900000, 0x00000000e9900000| Untracked 
| 154|0x00000000e9a00000, 0x00000000e9a00000, 0x00000000e9b00000|  0%| F|  |TAMS 0x00000000e9a00000, 0x00000000e9a00000| Untracked 
| 155|0x00000000e9b00000, 0x00000000e9b00000, 0x00000000e9c00000|  0%| F|  |TAMS 0x00000000e9b00000, 0x00000000e9b00000| Untracked 
| 156|0x00000000e9c00000, 0x00000000e9c00000, 0x00000000e9d00000|  0%| F|  |TAMS 0x00000000e9c00000, 0x00000000e9c00000| Untracked 
| 157|0x00000000e9d00000, 0x00000000e9d00000, 0x00000000e9e00000|  0%| F|  |TAMS 0x00000000e9d00000, 0x00000000e9d00000| Untracked 
| 158|0x00000000e9e00000, 0x00000000e9e00000, 0x00000000e9f00000|  0%| F|  |TAMS 0x00000000e9e00000, 0x00000000e9e00000| Untracked 
| 159|0x00000000e9f00000, 0x00000000e9f00000, 0x00000000ea000000|  0%| F|  |TAMS 0x00000000e9f00000, 0x00000000e9f00000| Untracked 
| 160|0x00000000ea000000, 0x00000000ea000000, 0x00000000ea100000|  0%| F|  |TAMS 0x00000000ea000000, 0x00000000ea000000| Untracked 
| 161|0x00000000ea100000, 0x00000000ea100000, 0x00000000ea200000|  0%| F|  |TAMS 0x00000000ea100000, 0x00000000ea100000| Untracked 
| 162|0x00000000ea200000, 0x00000000ea200000, 0x00000000ea300000|  0%| F|  |TAMS 0x00000000ea200000, 0x00000000ea200000| Untracked 
| 163|0x00000000ea300000, 0x00000000ea300000, 0x00000000ea400000|  0%| F|  |TAMS 0x00000000ea300000, 0x00000000ea300000| Untracked 
| 164|0x00000000ea400000, 0x00000000ea400000, 0x00000000ea500000|  0%| F|  |TAMS 0x00000000ea400000, 0x00000000ea400000| Untracked 
| 165|0x00000000ea500000, 0x00000000ea500000, 0x00000000ea600000|  0%| F|  |TAMS 0x00000000ea500000, 0x00000000ea500000| Untracked 
| 166|0x00000000ea600000, 0x00000000ea600000, 0x00000000ea700000|  0%| F|  |TAMS 0x00000000ea600000, 0x00000000ea600000| Untracked 
| 167|0x00000000ea700000, 0x00000000ea700000, 0x00000000ea800000|  0%| F|  |TAMS 0x00000000ea700000, 0x00000000ea700000| Untracked 
| 168|0x00000000ea800000, 0x00000000ea800000, 0x00000000ea900000|  0%| F|  |TAMS 0x00000000ea800000, 0x00000000ea800000| Untracked 
| 169|0x00000000ea900000, 0x00000000ea900000, 0x00000000eaa00000|  0%| F|  |TAMS 0x00000000ea900000, 0x00000000ea900000| Untracked 
| 170|0x00000000eaa00000, 0x00000000eaa00000, 0x00000000eab00000|  0%| F|  |TAMS 0x00000000eaa00000, 0x00000000eaa00000| Untracked 
| 171|0x00000000eab00000, 0x00000000eab00000, 0x00000000eac00000|  0%| F|  |TAMS 0x00000000eab00000, 0x00000000eab00000| Untracked 
| 172|0x00000000eac00000, 0x00000000eac00000, 0x00000000ead00000|  0%| F|  |TAMS 0x00000000eac00000, 0x00000000eac00000| Untracked 
| 173|0x00000000ead00000, 0x00000000ead00000, 0x00000000eae00000|  0%| F|  |TAMS 0x00000000ead00000, 0x00000000ead00000| Untracked 
| 174|0x00000000eae00000, 0x00000000eae00000, 0x00000000eaf00000|  0%| F|  |TAMS 0x00000000eae00000, 0x00000000eae00000| Untracked 
| 175|0x00000000eaf00000, 0x00000000eaf00000, 0x00000000eb000000|  0%| F|  |TAMS 0x00000000eaf00000, 0x00000000eaf00000| Untracked 
| 176|0x00000000eb000000, 0x00000000eb000000, 0x00000000eb100000|  0%| F|  |TAMS 0x00000000eb000000, 0x00000000eb000000| Untracked 
| 177|0x00000000eb100000, 0x00000000eb100000, 0x00000000eb200000|  0%| F|  |TAMS 0x00000000eb100000, 0x00000000eb100000| Untracked 
| 178|0x00000000eb200000, 0x00000000eb200000, 0x00000000eb300000|  0%| F|  |TAMS 0x00000000eb200000, 0x00000000eb200000| Untracked 
| 179|0x00000000eb300000, 0x00000000eb300000, 0x00000000eb400000|  0%| F|  |TAMS 0x00000000eb300000, 0x00000000eb300000| Untracked 
| 180|0x00000000eb400000, 0x00000000eb400000, 0x00000000eb500000|  0%| F|  |TAMS 0x00000000eb400000, 0x00000000eb400000| Untracked 
| 181|0x00000000eb500000, 0x00000000eb552710, 0x00000000eb600000| 32%| E|  |TAMS 0x00000000eb500000, 0x00000000eb500000| Complete 
| 182|0x00000000eb600000, 0x00000000eb700000, 0x00000000eb700000|100%| E|CS|TAMS 0x00000000eb600000, 0x00000000eb600000| Complete 
| 183|0x00000000eb700000, 0x00000000eb800000, 0x00000000eb800000|100%| E|CS|TAMS 0x00000000eb700000, 0x00000000eb700000| Complete 
| 184|0x00000000eb800000, 0x00000000eb900000, 0x00000000eb900000|100%| E|CS|TAMS 0x00000000eb800000, 0x00000000eb800000| Complete 
| 185|0x00000000eb900000, 0x00000000eba00000, 0x00000000eba00000|100%| E|CS|TAMS 0x00000000eb900000, 0x00000000eb900000| Complete 
| 186|0x00000000eba00000, 0x00000000ebb00000, 0x00000000ebb00000|100%| E|CS|TAMS 0x00000000eba00000, 0x00000000eba00000| Complete 
| 187|0x00000000ebb00000, 0x00000000ebc00000, 0x00000000ebc00000|100%| E|CS|TAMS 0x00000000ebb00000, 0x00000000ebb00000| Complete 
| 188|0x00000000ebc00000, 0x00000000ebd00000, 0x00000000ebd00000|100%| E|CS|TAMS 0x00000000ebc00000, 0x00000000ebc00000| Complete 
| 189|0x00000000ebd00000, 0x00000000ebe00000, 0x00000000ebe00000|100%| E|CS|TAMS 0x00000000ebd00000, 0x00000000ebd00000| Complete 
| 190|0x00000000ebe00000, 0x00000000ebf00000, 0x00000000ebf00000|100%| E|CS|TAMS 0x00000000ebe00000, 0x00000000ebe00000| Complete 
| 191|0x00000000ebf00000, 0x00000000ec000000, 0x00000000ec000000|100%| E|CS|TAMS 0x00000000ebf00000, 0x00000000ebf00000| Complete 
| 192|0x00000000ec000000, 0x00000000ec100000, 0x00000000ec100000|100%| E|CS|TAMS 0x00000000ec000000, 0x00000000ec000000| Complete 
| 193|0x00000000ec100000, 0x00000000ec200000, 0x00000000ec200000|100%| E|CS|TAMS 0x00000000ec100000, 0x00000000ec100000| Complete 
| 194|0x00000000ec200000, 0x00000000ec300000, 0x00000000ec300000|100%| E|CS|TAMS 0x00000000ec200000, 0x00000000ec200000| Complete 
| 195|0x00000000ec300000, 0x00000000ec400000, 0x00000000ec400000|100%| E|CS|TAMS 0x00000000ec300000, 0x00000000ec300000| Complete 
| 196|0x00000000ec400000, 0x00000000ec500000, 0x00000000ec500000|100%| E|CS|TAMS 0x00000000ec400000, 0x00000000ec400000| Complete 
| 197|0x00000000ec500000, 0x00000000ec600000, 0x00000000ec600000|100%| E|CS|TAMS 0x00000000ec500000, 0x00000000ec500000| Complete 
| 198|0x00000000ec600000, 0x00000000ec700000, 0x00000000ec700000|100%| E|CS|TAMS 0x00000000ec600000, 0x00000000ec600000| Complete 
| 199|0x00000000ec700000, 0x00000000ec800000, 0x00000000ec800000|100%| E|CS|TAMS 0x00000000ec700000, 0x00000000ec700000| Complete 
| 200|0x00000000ec800000, 0x00000000ec900000, 0x00000000ec900000|100%| E|CS|TAMS 0x00000000ec800000, 0x00000000ec800000| Complete 
| 201|0x00000000ec900000, 0x00000000eca00000, 0x00000000eca00000|100%| E|CS|TAMS 0x00000000ec900000, 0x00000000ec900000| Complete 
| 202|0x00000000eca00000, 0x00000000ecb00000, 0x00000000ecb00000|100%| E|CS|TAMS 0x00000000eca00000, 0x00000000eca00000| Complete 
| 203|0x00000000ecb00000, 0x00000000ecc00000, 0x00000000ecc00000|100%| E|CS|TAMS 0x00000000ecb00000, 0x00000000ecb00000| Complete 
| 204|0x00000000ecc00000, 0x00000000ecd00000, 0x00000000ecd00000|100%| E|CS|TAMS 0x00000000ecc00000, 0x00000000ecc00000| Complete 
| 205|0x00000000ecd00000, 0x00000000ece00000, 0x00000000ece00000|100%| E|CS|TAMS 0x00000000ecd00000, 0x00000000ecd00000| Complete 
| 206|0x00000000ece00000, 0x00000000ecf00000, 0x00000000ecf00000|100%| E|CS|TAMS 0x00000000ece00000, 0x00000000ece00000| Complete 
| 207|0x00000000ecf00000, 0x00000000ed000000, 0x00000000ed000000|100%| E|CS|TAMS 0x00000000ecf00000, 0x00000000ecf00000| Complete 
| 208|0x00000000ed000000, 0x00000000ed100000, 0x00000000ed100000|100%| E|CS|TAMS 0x00000000ed000000, 0x00000000ed000000| Complete 
| 209|0x00000000ed100000, 0x00000000ed200000, 0x00000000ed200000|100%| E|CS|TAMS 0x00000000ed100000, 0x00000000ed100000| Complete 
| 210|0x00000000ed200000, 0x00000000ed300000, 0x00000000ed300000|100%| E|CS|TAMS 0x00000000ed200000, 0x00000000ed200000| Complete 
| 211|0x00000000ed300000, 0x00000000ed400000, 0x00000000ed400000|100%| E|CS|TAMS 0x00000000ed300000, 0x00000000ed300000| Complete 
| 212|0x00000000ed400000, 0x00000000ed500000, 0x00000000ed500000|100%| E|CS|TAMS 0x00000000ed400000, 0x00000000ed400000| Complete 
| 213|0x00000000ed500000, 0x00000000ed600000, 0x00000000ed600000|100%| E|CS|TAMS 0x00000000ed500000, 0x00000000ed500000| Complete 
| 214|0x00000000ed600000, 0x00000000ed700000, 0x00000000ed700000|100%| E|CS|TAMS 0x00000000ed600000, 0x00000000ed600000| Complete 
| 215|0x00000000ed700000, 0x00000000ed800000, 0x00000000ed800000|100%| E|CS|TAMS 0x00000000ed700000, 0x00000000ed700000| Complete 
| 216|0x00000000ed800000, 0x00000000ed900000, 0x00000000ed900000|100%| E|CS|TAMS 0x00000000ed800000, 0x00000000ed800000| Complete 
| 217|0x00000000ed900000, 0x00000000eda00000, 0x00000000eda00000|100%| E|CS|TAMS 0x00000000ed900000, 0x00000000ed900000| Complete 
| 218|0x00000000eda00000, 0x00000000edb00000, 0x00000000edb00000|100%| E|CS|TAMS 0x00000000eda00000, 0x00000000eda00000| Complete 
| 219|0x00000000edb00000, 0x00000000edc00000, 0x00000000edc00000|100%| E|CS|TAMS 0x00000000edb00000, 0x00000000edb00000| Complete 
| 220|0x00000000edc00000, 0x00000000edd00000, 0x00000000edd00000|100%| E|CS|TAMS 0x00000000edc00000, 0x00000000edc00000| Complete 
| 221|0x00000000edd00000, 0x00000000ede00000, 0x00000000ede00000|100%| E|CS|TAMS 0x00000000edd00000, 0x00000000edd00000| Complete 
| 222|0x00000000ede00000, 0x00000000edf00000, 0x00000000edf00000|100%| E|CS|TAMS 0x00000000ede00000, 0x00000000ede00000| Complete 
| 223|0x00000000edf00000, 0x00000000ee000000, 0x00000000ee000000|100%| E|CS|TAMS 0x00000000edf00000, 0x00000000edf00000| Complete 
| 224|0x00000000ee000000, 0x00000000ee100000, 0x00000000ee100000|100%| E|CS|TAMS 0x00000000ee000000, 0x00000000ee000000| Complete 
| 225|0x00000000ee100000, 0x00000000ee200000, 0x00000000ee200000|100%| E|CS|TAMS 0x00000000ee100000, 0x00000000ee100000| Complete 
| 226|0x00000000ee200000, 0x00000000ee300000, 0x00000000ee300000|100%| E|CS|TAMS 0x00000000ee200000, 0x00000000ee200000| Complete 
| 227|0x00000000ee300000, 0x00000000ee400000, 0x00000000ee400000|100%| E|CS|TAMS 0x00000000ee300000, 0x00000000ee300000| Complete 
| 228|0x00000000ee400000, 0x00000000ee500000, 0x00000000ee500000|100%| E|CS|TAMS 0x00000000ee400000, 0x00000000ee400000| Complete 
| 229|0x00000000ee500000, 0x00000000ee600000, 0x00000000ee600000|100%| E|CS|TAMS 0x00000000ee500000, 0x00000000ee500000| Complete 
| 230|0x00000000ee600000, 0x00000000ee700000, 0x00000000ee700000|100%| E|CS|TAMS 0x00000000ee600000, 0x00000000ee600000| Complete 
| 231|0x00000000ee700000, 0x00000000ee800000, 0x00000000ee800000|100%| E|CS|TAMS 0x00000000ee700000, 0x00000000ee700000| Complete 
| 232|0x00000000ee800000, 0x00000000ee900000, 0x00000000ee900000|100%| E|CS|TAMS 0x00000000ee800000, 0x00000000ee800000| Complete 
| 233|0x00000000ee900000, 0x00000000eea00000, 0x00000000eea00000|100%| E|CS|TAMS 0x00000000ee900000, 0x00000000ee900000| Complete 
| 234|0x00000000eea00000, 0x00000000eeb00000, 0x00000000eeb00000|100%| E|CS|TAMS 0x00000000eea00000, 0x00000000eea00000| Complete 
| 235|0x00000000eeb00000, 0x00000000eec00000, 0x00000000eec00000|100%| E|CS|TAMS 0x00000000eeb00000, 0x00000000eeb00000| Complete 
| 236|0x00000000eec00000, 0x00000000eed00000, 0x00000000eed00000|100%| E|CS|TAMS 0x00000000eec00000, 0x00000000eec00000| Complete 
| 237|0x00000000eed00000, 0x00000000eee00000, 0x00000000eee00000|100%| E|CS|TAMS 0x00000000eed00000, 0x00000000eed00000| Complete 
| 238|0x00000000eee00000, 0x00000000eef00000, 0x00000000eef00000|100%| E|CS|TAMS 0x00000000eee00000, 0x00000000eee00000| Complete 
| 239|0x00000000eef00000, 0x00000000ef000000, 0x00000000ef000000|100%| E|CS|TAMS 0x00000000eef00000, 0x00000000eef00000| Complete 
| 240|0x00000000ef000000, 0x00000000ef100000, 0x00000000ef100000|100%| E|CS|TAMS 0x00000000ef000000, 0x00000000ef000000| Complete 
| 241|0x00000000ef100000, 0x00000000ef200000, 0x00000000ef200000|100%| E|CS|TAMS 0x00000000ef100000, 0x00000000ef100000| Complete 
| 242|0x00000000ef200000, 0x00000000ef300000, 0x00000000ef300000|100%| E|CS|TAMS 0x00000000ef200000, 0x00000000ef200000| Complete 
| 243|0x00000000ef300000, 0x00000000ef400000, 0x00000000ef400000|100%| E|CS|TAMS 0x00000000ef300000, 0x00000000ef300000| Complete 
| 244|0x00000000ef400000, 0x00000000ef500000, 0x00000000ef500000|100%| E|CS|TAMS 0x00000000ef400000, 0x00000000ef400000| Complete 
| 245|0x00000000ef500000, 0x00000000ef600000, 0x00000000ef600000|100%| E|CS|TAMS 0x00000000ef500000, 0x00000000ef500000| Complete 
| 246|0x00000000ef600000, 0x00000000ef700000, 0x00000000ef700000|100%| E|CS|TAMS 0x00000000ef600000, 0x00000000ef600000| Complete 
| 247|0x00000000ef700000, 0x00000000ef800000, 0x00000000ef800000|100%| E|CS|TAMS 0x00000000ef700000, 0x00000000ef700000| Complete 
| 248|0x00000000ef800000, 0x00000000ef900000, 0x00000000ef900000|100%| E|CS|TAMS 0x00000000ef800000, 0x00000000ef800000| Complete 
| 249|0x00000000ef900000, 0x00000000efa00000, 0x00000000efa00000|100%| E|CS|TAMS 0x00000000ef900000, 0x00000000ef900000| Complete 
| 250|0x00000000efa00000, 0x00000000efb00000, 0x00000000efb00000|100%| E|CS|TAMS 0x00000000efa00000, 0x00000000efa00000| Complete 
| 251|0x00000000efb00000, 0x00000000efc00000, 0x00000000efc00000|100%| E|CS|TAMS 0x00000000efb00000, 0x00000000efb00000| Complete 
| 252|0x00000000efc00000, 0x00000000efd00000, 0x00000000efd00000|100%| E|CS|TAMS 0x00000000efc00000, 0x00000000efc00000| Complete 
| 253|0x00000000efd00000, 0x00000000efe00000, 0x00000000efe00000|100%| E|CS|TAMS 0x00000000efd00000, 0x00000000efd00000| Complete 
| 254|0x00000000efe00000, 0x00000000eff00000, 0x00000000eff00000|100%| E|CS|TAMS 0x00000000efe00000, 0x00000000efe00000| Complete 
| 255|0x00000000eff00000, 0x00000000f0000000, 0x00000000f0000000|100%| E|CS|TAMS 0x00000000eff00000, 0x00000000eff00000| Complete 

Card table byte_map: [0x0000024696c10000,0x0000024696d10000] _byte_map_base: 0x0000024696510000

Marking Bits (Prev, Next): (CMBitMap*) 0x0000024680059260, (CMBitMap*) 0x00000246800592a0
 Prev Bits: [0x0000024696e10000, 0x0000024697610000)
 Next Bits: [0x0000024697610000, 0x0000024697e10000)

Polling page: 0x00000246ff780000

Metaspace:

Usage:
  Non-class:     45.96 MB used.
      Class:      7.47 MB used.
       Both:     53.43 MB used.

Virtual space:
  Non-class space:       64.00 MB reserved,      46.19 MB ( 72%) committed,  1 nodes.
      Class space:      208.00 MB reserved,       7.69 MB (  4%) committed,  1 nodes.
             Both:      272.00 MB reserved,      53.88 MB ( 20%) committed. 

Chunk freelists:
   Non-Class:  1.50 MB
       Class:  8.21 MB
        Both:  9.72 MB

MaxMetaspaceSize: 256.00 MB
CompressedClassSpaceSize: 208.00 MB
Initial GC threshold: 21.00 MB
Current GC threshold: 59.38 MB
CDS: on
MetaspaceReclaimPolicy: balanced
 - commit_granule_bytes: 65536.
 - commit_granule_words: 8192.
 - virtual_space_node_default_size: 8388608.
 - enlarge_chunks_in_place: 1.
 - new_chunks_are_fully_committed: 0.
 - uncommit_free_chunks: 1.
 - use_allocation_guard: 0.
 - handle_deallocations: 1.


Internal statistics:

num_allocs_failed_limit: 9.
num_arena_births: 526.
num_arena_deaths: 0.
num_vsnodes_births: 2.
num_vsnodes_deaths: 0.
num_space_committed: 862.
num_space_uncommitted: 0.
num_chunks_returned_to_freelist: 9.
num_chunks_taken_from_freelist: 2669.
num_chunk_merges: 9.
num_chunk_splits: 1785.
num_chunks_enlarged: 1200.
num_inconsistent_stats: 0.

CodeHeap 'non-profiled nmethods': size=120000Kb used=2691Kb max_used=3333Kb free=117308Kb
 bounds [0x000002468f3c0000, 0x000002468f710000, 0x00000246968f0000]
CodeHeap 'profiled nmethods': size=120000Kb used=10343Kb max_used=11006Kb free=109657Kb
 bounds [0x00000246878f0000, 0x00000246883b0000, 0x000002468ee20000]
CodeHeap 'non-nmethods': size=5760Kb used=2348Kb max_used=2430Kb free=3411Kb
 bounds [0x000002468ee20000, 0x000002468f0a0000, 0x000002468f3c0000]
 total_blobs=6043 nmethods=5177 adapters=778
 compilation: enabled
              stopped_count=0, restarted_count=0
 full_count=0

Compilation events (20 events):
Event: 10.791 Thread 0x000002469a8718b0 5946       3       com.google.common.collect.ImmutableMap::<init> (5 bytes)
Event: 10.792 Thread 0x000002469a8718b0 nmethod 5946 0x00000246878f7890 code [0x00000246878f7a20, 0x00000246878f7b78]
Event: 10.792 Thread 0x000002469a8718b0 5947       3       com.google.common.collect.MultimapBuilder::treeKeys (14 bytes)
Event: 10.792 Thread 0x000002469a8718b0 nmethod 5947 0x00000246879bbe10 code [0x00000246879bbfe0, 0x00000246879bc408]
Event: 10.792 Thread 0x000002469a8718b0 5948       3       com.google.common.collect.ComparatorOrdering::compare (12 bytes)
Event: 10.792 Thread 0x000002469a8718b0 nmethod 5948 0x00000246878f7190 code [0x00000246878f7340, 0x00000246878f7508]
Event: 10.792 Thread 0x000002469a8718b0 5950       3       org.gradle.internal.reflect.annotations.impl.DefaultPropertyAnnotationMetadata::compareTo (9 bytes)
Event: 10.792 Thread 0x000002469a8718b0 nmethod 5950 0x00000246879bb710 code [0x00000246879bb8e0, 0x00000246879bbc68]
Event: 10.792 Thread 0x000002469a8718b0 5951       3       com.google.common.collect.NaturalOrdering::compare (13 bytes)
Event: 10.792 Thread 0x000002469a8718b0 nmethod 5951 0x00000246879bab90 code [0x00000246879bada0, 0x00000246879bb4c8]
Event: 10.792 Thread 0x000002469a8718b0 5952       3       com.google.common.collect.NaturalOrdering::compare (18 bytes)
Event: 10.793 Thread 0x000002469a8718b0 nmethod 5952 0x00000246879ba310 code [0x00000246879ba500, 0x00000246879ba9a8]
Event: 10.793 Thread 0x000002469a8718b0 5949       1       org.gradle.internal.reflect.annotations.impl.DefaultTypeAnnotationMetadataStore$PropertyAnnotationMetadataBuilder::getPropertyName (5 bytes)
Event: 10.793 Thread 0x000002469a8718b0 nmethod 5949 0x000002468f675590 code [0x000002468f675720, 0x000002468f6757f8]
Event: 10.793 Thread 0x000002469a8718b0 5953       3       com.google.common.collect.SingletonImmutableBiMap::get (20 bytes)
Event: 10.793 Thread 0x000002469a8718b0 nmethod 5953 0x00000246879b9e10 code [0x00000246879b9fc0, 0x00000246879ba228]
Event: 10.796 Thread 0x000002469a8718b0 5954       3       com.google.common.collect.AbstractMultimap::keySet (23 bytes)
Event: 10.796 Thread 0x000002469a8718b0 nmethod 5954 0x00000246879b9910 code [0x00000246879b9ac0, 0x00000246879b9d68]
Event: 10.796 Thread 0x000002469a8718b0 5955       3       com.google.common.collect.AbstractMapBasedMultimap$KeySet::<init> (11 bytes)
Event: 10.796 Thread 0x000002469a8718b0 nmethod 5955 0x0000024687ee5210 code [0x0000024687ee5400, 0x0000024687ee5a28]

GC Heap History (14 events):
Event: 0.742 GC heap before
{Heap before GC invocations=0 (full 0):
 garbage-first heap   total 262144K, used 28672K [0x00000000e0000000, 0x0000000100000000)
  region size 1024K, 23 young (23552K), 0 survivors (0K)
 Metaspace       used 2962K, committed 3136K, reserved 278528K
  class space    used 380K, committed 448K, reserved 212992K
}
Event: 0.749 GC heap after
{Heap after GC invocations=1 (full 0):
 garbage-first heap   total 262144K, used 9227K [0x00000000e0000000, 0x0000000100000000)
  region size 1024K, 3 young (3072K), 3 survivors (3072K)
 Metaspace       used 2962K, committed 3136K, reserved 278528K
  class space    used 380K, committed 448K, reserved 212992K
}
Event: 1.485 GC heap before
{Heap before GC invocations=1 (full 0):
 garbage-first heap   total 262144K, used 37899K [0x00000000e0000000, 0x0000000100000000)
  region size 1024K, 31 young (31744K), 3 survivors (3072K)
 Metaspace       used 3893K, committed 4096K, reserved 278528K
  class space    used 477K, committed 576K, reserved 212992K
}
Event: 1.491 GC heap after
{Heap after GC invocations=2 (full 0):
 garbage-first heap   total 262144K, used 13536K [0x00000000e0000000, 0x0000000100000000)
  region size 1024K, 4 young (4096K), 4 survivors (4096K)
 Metaspace       used 3893K, committed 4096K, reserved 278528K
  class space    used 477K, committed 576K, reserved 212992K
}
Event: 4.390 GC heap before
{Heap before GC invocations=2 (full 0):
 garbage-first heap   total 262144K, used 115936K [0x00000000e0000000, 0x0000000100000000)
  region size 1024K, 105 young (107520K), 4 survivors (4096K)
 Metaspace       used 21294K, committed 21504K, reserved 278528K
  class space    used 3155K, committed 3264K, reserved 212992K
}
Event: 4.407 GC heap after
{Heap after GC invocations=3 (full 0):
 garbage-first heap   total 262144K, used 21147K [0x00000000e0000000, 0x0000000100000000)
  region size 1024K, 12 young (12288K), 12 survivors (12288K)
 Metaspace       used 21294K, committed 21504K, reserved 278528K
  class space    used 3155K, committed 3264K, reserved 212992K
}
Event: 6.350 GC heap before
{Heap before GC invocations=4 (full 0):
 garbage-first heap   total 262144K, used 122523K [0x00000000e0000000, 0x0000000100000000)
  region size 1024K, 109 young (111616K), 12 survivors (12288K)
 Metaspace       used 35619K, committed 35968K, reserved 278528K
  class space    used 4876K, committed 5056K, reserved 212992K
}
Event: 6.363 GC heap after
{Heap after GC invocations=5 (full 0):
 garbage-first heap   total 262144K, used 29630K [0x00000000e0000000, 0x0000000100000000)
  region size 1024K, 16 young (16384K), 16 survivors (16384K)
 Metaspace       used 35619K, committed 35968K, reserved 278528K
  class space    used 4876K, committed 5056K, reserved 212992K
}
Event: 6.380 GC heap before
{Heap before GC invocations=5 (full 0):
 garbage-first heap   total 262144K, used 30654K [0x00000000e0000000, 0x0000000100000000)
  region size 1024K, 17 young (17408K), 16 survivors (16384K)
 Metaspace       used 35749K, committed 36096K, reserved 278528K
  class space    used 4895K, committed 5056K, reserved 212992K
}
Event: 6.394 GC heap after
{Heap after GC invocations=6 (full 0):
 garbage-first heap   total 262144K, used 30177K [0x00000000e0000000, 0x0000000100000000)
  region size 1024K, 2 young (2048K), 2 survivors (2048K)
 Metaspace       used 35749K, committed 36096K, reserved 278528K
  class space    used 4895K, committed 5056K, reserved 212992K
}
Event: 6.415 GC heap before
{Heap before GC invocations=6 (full 0):
 garbage-first heap   total 262144K, used 31201K [0x00000000e0000000, 0x0000000100000000)
  region size 1024K, 4 young (4096K), 2 survivors (2048K)
 Metaspace       used 35963K, committed 36288K, reserved 278528K
  class space    used 4924K, committed 5056K, reserved 212992K
}
Event: 6.416 GC heap after
{Heap after GC invocations=7 (full 0):
 garbage-first heap   total 262144K, used 28751K [0x00000000e0000000, 0x0000000100000000)
  region size 1024K, 1 young (1024K), 1 survivors (1024K)
 Metaspace       used 35963K, committed 36288K, reserved 278528K
  class space    used 4924K, committed 5056K, reserved 212992K
}
Event: 10.057 GC heap before
{Heap before GC invocations=8 (full 0):
 garbage-first heap   total 262144K, used 190543K [0x00000000e0000000, 0x0000000100000000)
  region size 1024K, 153 young (156672K), 1 survivors (1024K)
 Metaspace       used 51674K, committed 52096K, reserved 278528K
  class space    used 7183K, committed 7360K, reserved 212992K
}
Event: 10.066 GC heap after
{Heap after GC invocations=9 (full 0):
 garbage-first heap   total 262144K, used 42506K [0x00000000e0000000, 0x0000000100000000)
  region size 1024K, 9 young (9216K), 9 survivors (9216K)
 Metaspace       used 51674K, committed 52096K, reserved 278528K
  class space    used 7183K, committed 7360K, reserved 212992K
}

Deoptimization events (20 events):
Event: 10.532 Thread 0x00000246aee74980 Uncommon trap: trap_request=0xffffffc6 fr.pc=0x000002468f6e2d20 relative=0x0000000000000080
Event: 10.532 Thread 0x00000246aee74980 Uncommon trap: reason=bimorphic_or_optimized_type_check action=maybe_recompile pc=0x000002468f6e2d20 method=java.util.Collections$UnmodifiableCollection.size()I @ 4 c2
Event: 10.532 Thread 0x00000246aee74980 DEOPT PACKING pc=0x000002468f6e2d20 sp=0x00000062f37f5a40
Event: 10.532 Thread 0x00000246aee74980 DEOPT UNPACKING pc=0x000002468ee723a3 sp=0x00000062f37f59d0 mode 2
Event: 10.554 Thread 0x00000246aee74980 Uncommon trap: trap_request=0xffffff45 fr.pc=0x000002468f67ba88 relative=0x0000000000002448
Event: 10.554 Thread 0x00000246aee74980 Uncommon trap: reason=unstable_if action=reinterpret pc=0x000002468f67ba88 method=java.util.HashMap.getNode(Ljava/lang/Object;)Ljava/util/HashMap$Node; @ 85 c2
Event: 10.554 Thread 0x00000246aee74980 DEOPT PACKING pc=0x000002468f67ba88 sp=0x00000062f37f7260
Event: 10.554 Thread 0x00000246aee74980 DEOPT UNPACKING pc=0x000002468ee723a3 sp=0x00000062f37f7148 mode 2
Event: 10.554 Thread 0x00000246aee74980 Uncommon trap: trap_request=0xffffff45 fr.pc=0x000002468f65f554 relative=0x0000000000000774
Event: 10.554 Thread 0x00000246aee74980 Uncommon trap: reason=unstable_if action=reinterpret pc=0x000002468f65f554 method=java.util.HashMap.putVal(ILjava/lang/Object;Ljava/lang/Object;ZZ)Ljava/lang/Object; @ 109 c2
Event: 10.554 Thread 0x00000246aee74980 DEOPT PACKING pc=0x000002468f65f554 sp=0x00000062f37f71e0
Event: 10.554 Thread 0x00000246aee74980 DEOPT UNPACKING pc=0x000002468ee723a3 sp=0x00000062f37f7110 mode 2
Event: 10.554 Thread 0x00000246aee74980 Uncommon trap: trap_request=0xffffff45 fr.pc=0x000002468f638d88 relative=0x0000000000000728
Event: 10.554 Thread 0x00000246aee74980 Uncommon trap: reason=unstable_if action=reinterpret pc=0x000002468f638d88 method=java.util.HashMap.putVal(ILjava/lang/Object;Ljava/lang/Object;ZZ)Ljava/lang/Object; @ 109 c2
Event: 10.554 Thread 0x00000246aee74980 DEOPT PACKING pc=0x000002468f638d88 sp=0x00000062f37f7150
Event: 10.554 Thread 0x00000246aee74980 DEOPT UNPACKING pc=0x000002468ee723a3 sp=0x00000062f37f7108 mode 2
Event: 10.554 Thread 0x00000246aee74980 Uncommon trap: trap_request=0xffffff45 fr.pc=0x000002468f4329a8 relative=0x0000000000000a48
Event: 10.554 Thread 0x00000246aee74980 Uncommon trap: reason=unstable_if action=reinterpret pc=0x000002468f4329a8 method=java.util.HashMap.resize()[Ljava/util/HashMap$Node; @ 203 c2
Event: 10.554 Thread 0x00000246aee74980 DEOPT PACKING pc=0x000002468f4329a8 sp=0x00000062f37f70b0
Event: 10.554 Thread 0x00000246aee74980 DEOPT UNPACKING pc=0x000002468ee723a3 sp=0x00000062f37f7048 mode 2

Classes unloaded (0 events):
No events

Classes redefined (0 events):
No events

Internal exceptions (20 events):
Event: 10.645 Thread 0x00000246aee74980 Exception <a 'java/lang/ClassNotFoundException'{0x00000000ec420c40}: org/gradle/api/java/archives/internal/DefaultManifestBeanInfo> (0x00000000ec420c40) 
thrown [s\open\src\hotspot\share\classfile\systemDictionary.cpp, line 256]
Event: 10.646 Thread 0x00000246aee74980 Exception <a 'java/lang/ClassNotFoundException'{0x00000000ec43ac20}: org/gradle/api/java/archives/internal/DefaultManifestCustomizer> (0x00000000ec43ac20) 
thrown [s\open\src\hotspot\share\classfile\systemDictionary.cpp, line 256]
Event: 10.652 Thread 0x00000246aee74980 Exception <a 'java/lang/ClassNotFoundException'{0x00000000ec4f5200}: org/gradle/api/DefaultTask_DecoratedBeanInfo> (0x00000000ec4f5200) 
thrown [s\open\src\hotspot\share\classfile\systemDictionary.cpp, line 256]
Event: 10.653 Thread 0x00000246aee74980 Exception <a 'java/lang/ClassNotFoundException'{0x00000000ec309ed0}: org/gradle/api/DefaultTask_DecoratedCustomizer> (0x00000000ec309ed0) 
thrown [s\open\src\hotspot\share\classfile\systemDictionary.cpp, line 256]
Event: 10.661 Thread 0x00000246aee74980 Exception <a 'java/lang/ClassNotFoundException'{0x00000000ec15dce0}: org/gradle/api/distribution/internal/DefaultDistributionContainer_DecoratedBeanInfo> (0x00000000ec15dce0) 
thrown [s\open\src\hotspot\share\classfile\systemDictionary.cpp, line 256]
Event: 10.661 Thread 0x00000246aee74980 Exception <a 'java/lang/ClassNotFoundException'{0x00000000ec1775c0}: org/gradle/api/distribution/internal/DefaultDistributionContainerBeanInfo> (0x00000000ec1775c0) 
thrown [s\open\src\hotspot\share\classfile\systemDictionary.cpp, line 256]
Event: 10.662 Thread 0x00000246aee74980 Exception <a 'java/lang/ClassNotFoundException'{0x00000000ec1909a0}: org/gradle/api/distribution/internal/DefaultDistributionContainerCustomizer> (0x00000000ec1909a0) 
thrown [s\open\src\hotspot\share\classfile\systemDictionary.cpp, line 256]
Event: 10.663 Thread 0x00000246aee74980 Exception <a 'java/lang/ClassNotFoundException'{0x00000000ec1b2620}: org/gradle/api/distribution/internal/DefaultDistributionContainer_DecoratedCustomizer> (0x00000000ec1b2620) 
thrown [s\open\src\hotspot\share\classfile\systemDictionary.cpp, line 256]
Event: 10.667 Thread 0x00000246aee74980 Exception <a 'java/lang/ClassNotFoundException'{0x00000000ec022120}: org/gradle/api/distribution/internal/DefaultDistribution_DecoratedBeanInfo> (0x00000000ec022120) 
thrown [s\open\src\hotspot\share\classfile\systemDictionary.cpp, line 256]
Event: 10.668 Thread 0x00000246aee74980 Exception <a 'java/lang/ClassNotFoundException'{0x00000000ec03c140}: org/gradle/api/distribution/internal/DefaultDistributionBeanInfo> (0x00000000ec03c140) 
thrown [s\open\src\hotspot\share\classfile\systemDictionary.cpp, line 256]
Event: 10.668 Thread 0x00000246aee74980 Exception <a 'java/lang/ClassNotFoundException'{0x00000000ec056190}: org/gradle/api/distribution/internal/DefaultDistributionCustomizer> (0x00000000ec056190) 
thrown [s\open\src\hotspot\share\classfile\systemDictionary.cpp, line 256]
Event: 10.669 Thread 0x00000246aee74980 Exception <a 'java/lang/ClassNotFoundException'{0x00000000ec074d20}: org/gradle/api/distribution/internal/DefaultDistribution_DecoratedCustomizer> (0x00000000ec074d20) 
thrown [s\open\src\hotspot\share\classfile\systemDictionary.cpp, line 256]
Event: 10.676 Thread 0x00000246aee74980 Exception <a 'java/lang/ClassNotFoundException'{0x00000000ebf00ff0}: org/gradle/api/internal/file/copy/DefaultCopySpec_DecoratedBeanInfo> (0x00000000ebf00ff0) 
thrown [s\open\src\hotspot\share\classfile\systemDictionary.cpp, line 256]
Event: 10.677 Thread 0x00000246aee74980 Exception <a 'java/lang/ClassNotFoundException'{0x00000000ebf1a100}: org/gradle/api/internal/file/copy/DefaultCopySpecBeanInfo> (0x00000000ebf1a100) 
thrown [s\open\src\hotspot\share\classfile\systemDictionary.cpp, line 256]
Event: 10.678 Thread 0x00000246aee74980 Exception <a 'java/lang/ClassNotFoundException'{0x00000000ebf32cb0}: org/gradle/api/internal/file/copy/DefaultCopySpecCustomizer> (0x00000000ebf32cb0) 
thrown [s\open\src\hotspot\share\classfile\systemDictionary.cpp, line 256]
Event: 10.680 Thread 0x00000246aee74980 Exception <a 'java/lang/ClassNotFoundException'{0x00000000ebfa0508}: org/gradle/api/internal/file/copy/DefaultCopySpec_DecoratedCustomizer> (0x00000000ebfa0508) 
thrown [s\open\src\hotspot\share\classfile\systemDictionary.cpp, line 256]
Event: 10.710 Thread 0x00000246aee74980 Exception <a 'java/lang/ClassNotFoundException'{0x00000000ebc76c38}: org/gradle/api/tasks/JavaExec_DecoratedBeanInfo> (0x00000000ebc76c38) 
thrown [s\open\src\hotspot\share\classfile\systemDictionary.cpp, line 256]
Event: 10.711 Thread 0x00000246aee74980 Exception <a 'java/lang/ClassNotFoundException'{0x00000000ebc8ed80}: org/gradle/api/tasks/JavaExecBeanInfo> (0x00000000ebc8ed80) 
thrown [s\open\src\hotspot\share\classfile\systemDictionary.cpp, line 256]
Event: 10.712 Thread 0x00000246aee74980 Exception <a 'java/lang/ClassNotFoundException'{0x00000000ebca6810}: org/gradle/api/tasks/JavaExecCustomizer> (0x00000000ebca6810) 
thrown [s\open\src\hotspot\share\classfile\systemDictionary.cpp, line 256]
Event: 10.715 Thread 0x00000246aee74980 Exception <a 'java/lang/ClassNotFoundException'{0x00000000ebb18008}: org/gradle/api/tasks/JavaExec_DecoratedCustomizer> (0x00000000ebb18008) 
thrown [s\open\src\hotspot\share\classfile\systemDictionary.cpp, line 256]

VM Operations (20 events):
Event: 8.726 Executing VM operation: ICBufferFull
Event: 8.726 Executing VM operation: ICBufferFull done
Event: 9.732 Executing VM operation: Cleanup
Event: 9.732 Executing VM operation: Cleanup done
Event: 9.850 Executing VM operation: HandshakeAllThreads
Event: 9.851 Executing VM operation: HandshakeAllThreads done
Event: 9.859 Executing VM operation: HandshakeAllThreads
Event: 9.860 Executing VM operation: HandshakeAllThreads done
Event: 9.986 Executing VM operation: HandshakeAllThreads
Event: 9.986 Executing VM operation: HandshakeAllThreads done
Event: 10.006 Executing VM operation: HandshakeAllThreads
Event: 10.007 Executing VM operation: HandshakeAllThreads done
Event: 10.021 Executing VM operation: HandshakeAllThreads
Event: 10.021 Executing VM operation: HandshakeAllThreads done
Event: 10.057 Executing VM operation: G1CollectForAllocation
Event: 10.066 Executing VM operation: G1CollectForAllocation done
Event: 10.539 Executing VM operation: ICBufferFull
Event: 10.540 Executing VM operation: ICBufferFull done
Event: 10.588 Executing VM operation: HandshakeAllThreads
Event: 10.588 Executing VM operation: HandshakeAllThreads done

Events (20 events):
Event: 10.495 loading class java/util/HashSetCustomizer done
Event: 10.495 loading class java/util/HashSetCustomizer
Event: 10.495 loading class java/util/HashSetCustomizer done
Event: 10.496 loading class java/util/LinkedHashSetCustomizer
Event: 10.496 loading class java/util/LinkedHashSetCustomizer done
Event: 10.496 loading class java/util/LinkedHashSetCustomizer
Event: 10.496 loading class java/util/LinkedHashSetCustomizer done
Event: 10.531 loading class java/lang/StackTraceElement$HashedModules
Event: 10.532 loading class java/lang/StackTraceElement$HashedModules done
Event: 10.593 loading class java/lang/EnumBeanInfo
Event: 10.593 loading class java/lang/EnumBeanInfo done
Event: 10.593 loading class java/lang/EnumBeanInfo
Event: 10.593 loading class java/lang/EnumBeanInfo done
Event: 10.593 loading class java/lang/EnumCustomizer
Event: 10.593 loading class java/lang/EnumCustomizer done
Event: 10.594 loading class java/lang/EnumCustomizer
Event: 10.594 loading class java/lang/EnumCustomizer done
Event: 10.616 loading class java/io/FilterReader
Event: 10.616 loading class java/io/FilterReader done
Event: 10.802 Thread 0x00000246af5dfaa0 Thread added: 0x00000246af5dfaa0


Dynamic libraries:
0x00007ff674260000 - 0x00007ff674270000 	C:\Program Files\Java\jdk-17.0.11\bin\java.exe
0x00007ff8decd0000 - 0x00007ff8deec8000 	C:\WINDOWS\SYSTEM32\ntdll.dll
0x00007ff8de720000 - 0x00007ff8de7dd000 	C:\WINDOWS\System32\KERNEL32.DLL
0x00007ff8dc560000 - 0x00007ff8dc856000 	C:\WINDOWS\System32\KERNELBASE.dll
0x00007ff8dc380000 - 0x00007ff8dc480000 	C:\WINDOWS\System32\ucrtbase.dll
0x00007ff8bc090000 - 0x00007ff8bc0ab000 	C:\Program Files\Java\jdk-17.0.11\bin\VCRUNTIME140.dll
0x00007ff8bbd80000 - 0x00007ff8bbd99000 	C:\Program Files\Java\jdk-17.0.11\bin\jli.dll
0x00007ff8de0d0000 - 0x00007ff8de180000 	C:\WINDOWS\System32\ADVAPI32.dll
0x00007ff8dea30000 - 0x00007ff8deace000 	C:\WINDOWS\System32\msvcrt.dll
0x00007ff8debf0000 - 0x00007ff8dec90000 	C:\WINDOWS\System32\sechost.dll
0x00007ff8dd620000 - 0x00007ff8dd743000 	C:\WINDOWS\System32\RPCRT4.dll
0x00007ff8dc920000 - 0x00007ff8dc947000 	C:\WINDOWS\System32\bcrypt.dll
0x00007ff8dd750000 - 0x00007ff8dd8ef000 	C:\WINDOWS\System32\USER32.dll
0x00007ff8dc480000 - 0x00007ff8dc4a2000 	C:\WINDOWS\System32\win32u.dll
0x00007ff8c17c0000 - 0x00007ff8c1a5a000 	C:\WINDOWS\WinSxS\amd64_microsoft.windows.common-controls_6595b64144ccf1df_6.0.19041.3636_none_60b6a03d71f818d5\COMCTL32.dll
0x00007ff8de7f0000 - 0x00007ff8de81b000 	C:\WINDOWS\System32\GDI32.dll
0x00007ff8dcb50000 - 0x00007ff8dcc67000 	C:\WINDOWS\System32\gdi32full.dll
0x00007ff8dcab0000 - 0x00007ff8dcb4d000 	C:\WINDOWS\System32\msvcp_win.dll
0x00007ff8d4590000 - 0x00007ff8d459a000 	C:\WINDOWS\SYSTEM32\VERSION.dll
0x00007ff8dde50000 - 0x00007ff8dde82000 	C:\WINDOWS\System32\IMM32.DLL
0x00007ff8bf870000 - 0x00007ff8bf87c000 	C:\Program Files\Java\jdk-17.0.11\bin\vcruntime140_1.dll
0x00007ff8badd0000 - 0x00007ff8bae5e000 	C:\Program Files\Java\jdk-17.0.11\bin\msvcp140.dll
0x00007ff888d10000 - 0x00007ff8898f0000 	C:\Program Files\Java\jdk-17.0.11\bin\server\jvm.dll
0x00007ff8dcde0000 - 0x00007ff8dcde8000 	C:\WINDOWS\System32\PSAPI.DLL
0x00007ff8c0da0000 - 0x00007ff8c0dc7000 	C:\WINDOWS\SYSTEM32\WINMM.dll
0x00007ff8bad70000 - 0x00007ff8bad79000 	C:\WINDOWS\SYSTEM32\WSOCK32.dll
0x00007ff8ddd10000 - 0x00007ff8ddd7b000 	C:\WINDOWS\System32\WS2_32.dll
0x00007ff8dab60000 - 0x00007ff8dab72000 	C:\WINDOWS\SYSTEM32\kernel.appcore.dll
0x00007ff8be760000 - 0x00007ff8be76a000 	C:\Program Files\Java\jdk-17.0.11\bin\jimage.dll
0x00007ff8da7f0000 - 0x00007ff8da9d4000 	C:\WINDOWS\SYSTEM32\DBGHELP.DLL
0x00007ff8c9040000 - 0x00007ff8c9074000 	C:\WINDOWS\SYSTEM32\dbgcore.DLL
0x00007ff8dcc70000 - 0x00007ff8dccf2000 	C:\WINDOWS\System32\bcryptPrimitives.dll
0x00007ff8bafe0000 - 0x00007ff8bb005000 	C:\Program Files\Java\jdk-17.0.11\bin\java.dll
0x00007ff8aeff0000 - 0x00007ff8af0c7000 	C:\Program Files\Java\jdk-17.0.11\bin\jsvml.dll
0x00007ff8dcdf0000 - 0x00007ff8dd55b000 	C:\WINDOWS\System32\SHELL32.dll
0x00007ff8d9f30000 - 0x00007ff8da6ce000 	C:\WINDOWS\SYSTEM32\windows.storage.dll
0x00007ff8dd9b0000 - 0x00007ff8ddd03000 	C:\WINDOWS\System32\combase.dll
0x00007ff8dbce0000 - 0x00007ff8dbd0e000 	C:\WINDOWS\SYSTEM32\Wldp.dll
0x00007ff8de5f0000 - 0x00007ff8de6bd000 	C:\WINDOWS\System32\OLEAUT32.dll
0x00007ff8ddda0000 - 0x00007ff8dde4d000 	C:\WINDOWS\System32\SHCORE.dll
0x00007ff8dd8f0000 - 0x00007ff8dd945000 	C:\WINDOWS\System32\shlwapi.dll
0x00007ff8dc2b0000 - 0x00007ff8dc2d3000 	C:\WINDOWS\SYSTEM32\profapi.dll
0x00007ff8bbc30000 - 0x00007ff8bbc49000 	C:\Program Files\Java\jdk-17.0.11\bin\net.dll
0x00007ff8d2790000 - 0x00007ff8d289a000 	C:\WINDOWS\SYSTEM32\WINHTTP.dll
0x00007ff8dba20000 - 0x00007ff8dba8a000 	C:\WINDOWS\system32\mswsock.dll
0x00007ff8bafc0000 - 0x00007ff8bafd6000 	C:\Program Files\Java\jdk-17.0.11\bin\nio.dll
0x00007ff8bafa0000 - 0x00007ff8bafb8000 	C:\Program Files\Java\jdk-17.0.11\bin\zip.dll
0x00007ff8bdf60000 - 0x00007ff8bdf70000 	C:\Program Files\Java\jdk-17.0.11\bin\verify.dll
0x00007ff8be790000 - 0x00007ff8be7b7000 	C:\Users\marko\.gradle\native\e1d6ef7f7dcc3fd88c89a11ec53ec762bb8ba0a96d01ffa2cd45eb1d1d8dd5c5\windows-amd64\native-platform.dll
0x00007ff8b1870000 - 0x00007ff8b19b4000 	C:\Users\marko\.gradle\native\0d407fdbe67a94daf76414ababcb853783967236a71b16ec16e742cd7a986fd3\windows-amd64\native-platform-file-events.dll
0x00007ff8bc210000 - 0x00007ff8bc21a000 	C:\Program Files\Java\jdk-17.0.11\bin\management.dll
0x00007ff8bbbb0000 - 0x00007ff8bbbbb000 	C:\Program Files\Java\jdk-17.0.11\bin\management_ext.dll
0x00007ff8dbc40000 - 0x00007ff8dbc58000 	C:\WINDOWS\SYSTEM32\CRYPTSP.dll
0x00007ff8db320000 - 0x00007ff8db354000 	C:\WINDOWS\system32\rsaenh.dll
0x00007ff8dc230000 - 0x00007ff8dc25e000 	C:\WINDOWS\SYSTEM32\USERENV.dll
0x00007ff8dbc30000 - 0x00007ff8dbc3c000 	C:\WINDOWS\SYSTEM32\CRYPTBASE.dll
0x00007ff8db6f0000 - 0x00007ff8db72b000 	C:\WINDOWS\SYSTEM32\IPHLPAPI.DLL
0x00007ff8de7e0000 - 0x00007ff8de7e8000 	C:\WINDOWS\System32\NSI.dll
0x00007ff8d45c0000 - 0x00007ff8d45d7000 	C:\WINDOWS\SYSTEM32\dhcpcsvc6.DLL
0x00007ff8d45a0000 - 0x00007ff8d45bd000 	C:\WINDOWS\SYSTEM32\dhcpcsvc.DLL
0x00007ff8db730000 - 0x00007ff8db7fb000 	C:\WINDOWS\SYSTEM32\DNSAPI.dll
0x00007ff8d5570000 - 0x00007ff8d557e000 	C:\Program Files\Java\jdk-17.0.11\bin\sunmscapi.dll
0x00007ff8dc950000 - 0x00007ff8dcaae000 	C:\WINDOWS\System32\CRYPT32.dll
0x00007ff8dbd50000 - 0x00007ff8dbd78000 	C:\WINDOWS\SYSTEM32\ncrypt.dll
0x00007ff8dbd10000 - 0x00007ff8dbd4b000 	C:\WINDOWS\SYSTEM32\NTASN1.dll
0x00007ff8d56b0000 - 0x00007ff8d56b7000 	C:\WINDOWS\system32\wshunix.dll

dbghelp: loaded successfully - version: 4.0.5 - missing functions: none
symbol engine: initialized successfully - sym options: 0x614 - pdb path: .;C:\Program Files\Java\jdk-17.0.11\bin;C:\WINDOWS\SYSTEM32;C:\WINDOWS\WinSxS\amd64_microsoft.windows.common-controls_6595b64144ccf1df_6.0.19041.3636_none_60b6a03d71f818d5;C:\Program Files\Java\jdk-17.0.11\bin\server;C:\Users\marko\.gradle\native\e1d6ef7f7dcc3fd88c89a11ec53ec762bb8ba0a96d01ffa2cd45eb1d1d8dd5c5\windows-amd64;C:\Users\marko\.gradle\native\0d407fdbe67a94daf76414ababcb853783967236a71b16ec16e742cd7a986fd3\windows-amd64

VM Arguments:
jvm_args: --add-opens=java.base/java.util=ALL-UNNAMED --add-opens=java.base/java.lang=ALL-UNNAMED --add-opens=java.base/java.lang.invoke=ALL-UNNAMED --add-opens=java.base/java.util=ALL-UNNAMED --add-opens=java.prefs/java.util.prefs=ALL-UNNAMED --add-opens=java.prefs/java.util.prefs=ALL-UNNAMED --add-opens=java.base/java.nio.charset=ALL-UNNAMED --add-opens=java.base/java.net=ALL-UNNAMED --add-opens=java.base/java.util.concurrent.atomic=ALL-UNNAMED -XX:MaxMetaspaceSize=256m -XX:+HeapDumpOnOutOfMemoryError -Xms256m -Xmx512m -Dfile.encoding=windows-1252 -Duser.country=IT -Duser.language=it -Duser.variant 
java_command: org.gradle.launcher.daemon.bootstrap.GradleDaemon 7.4.2
java_class_path (initial): C:\Users\marko\.gradle\wrapper\dists\gradle-7.4.2-bin\48ivgl02cpt2ed3fh9dbalvx8\gradle-7.4.2\lib\gradle-launcher-7.4.2.jar
Launcher Type: SUN_STANDARD

[Global flags]
     intx CICompilerCount                          = 4                                         {product} {ergonomic}
   size_t CompressedClassSpaceSize                 = 218103808                                 {product} {ergonomic}
     uint ConcGCThreads                            = 2                                         {product} {ergonomic}
     uint G1ConcRefinementThreads                  = 8                                         {product} {ergonomic}
   size_t G1HeapRegionSize                         = 1048576                                   {product} {ergonomic}
    uintx GCDrainStackTargetSize                   = 64                                        {product} {ergonomic}
     bool HeapDumpOnOutOfMemoryError               = true                                   {manageable} {command line}
   size_t InitialHeapSize                          = 268435456                                 {product} {command line}
   size_t MarkStackSize                            = 4194304                                   {product} {ergonomic}
   size_t MaxHeapSize                              = 536870912                                 {product} {command line}
   size_t MaxMetaspaceSize                         = 268435456                                 {product} {command line}
   size_t MaxNewSize                               = 321912832                                 {product} {ergonomic}
   size_t MinHeapDeltaBytes                        = 1048576                                   {product} {ergonomic}
   size_t MinHeapSize                              = 268435456                                 {product} {command line}
    uintx NonNMethodCodeHeapSize                   = 5839372                                {pd product} {ergonomic}
    uintx NonProfiledCodeHeapSize                  = 122909434                              {pd product} {ergonomic}
    uintx ProfiledCodeHeapSize                     = 122909434                              {pd product} {ergonomic}
    uintx ReservedCodeCacheSize                    = 251658240                              {pd product} {ergonomic}
     bool SegmentedCodeCache                       = true                                      {product} {ergonomic}
   size_t SoftMaxHeapSize                          = 536870912                              {manageable} {ergonomic}
     bool UseCompressedClassPointers               = true                           {product lp64_product} {ergonomic}
     bool UseCompressedOops                        = true                           {product lp64_product} {ergonomic}
     bool UseG1GC                                  = true                                      {product} {ergonomic}
     bool UseLargePagesIndividualAllocation        = false                                  {pd product} {ergonomic}

Logging:
Log output configuration:
 #0: stdout all=warning uptime,level,tags
 #1: stderr all=off uptime,level,tags

Environment Variables:
JAVA_HOME=C:\Program Files\Java\jdk-17.0.11
CLASSPATH=C:\Users\marko\Desktop\ISS_24\issLab24\unibo.basicrobot24\\gradle\wrapper\gradle-wrapper.jar
PATH=C:\Program Files\Java\jdk-17.0.11\bin;C:\Gradle\gradle-8.6\bin;C:\Program Files\Python310\Scripts\;C:\Program Files\Python310\;C:\Program Files\Common Files\Oracle\Java\javapath;C:\Program Files (x86)\Common Files\Oracle\Java\javapath;C:\Program Files (x86)\Razer Chroma SDK\bin;C:\Program Files\Razer Chroma SDK\bin;C:\Program Files (x86)\Razer\ChromaBroadcast\bin;C:\Program Files\Razer\ChromaBroadcast\bin;C:\Program Files (x86)\Intel\Intel(R) Management Engine Components\iCLS\;C:\Program Files\Intel\Intel(R) Management Engine Components\iCLS\;C:\WINDOWS\system32;C:\WINDOWS;C:\WINDOWS\System32\Wbem;C:\WINDOWS\System32\WindowsPowerShell\v1.0\;C:\Program Files (x86)\Intel\Intel(R) Management Engine Components\DAL;C:\Program Files\Intel\Intel(R) Management Engine Components\DAL;C:\Program Files (x86)\Intel\Intel(R) Management Engine Components\IPT;C:\Program Files\Intel\Intel(R) Management Engine Components\IPT;C:\WINDOWS\System32\OpenSSH\;C:\WINDOWS\system32\config\systemprofile\AppData\Local\Microsoft\WindowsApps;C:\WINDOWS\system32;C:\WINDOWS;C:\WINDOWS\System32\Wbem;C:\WINDOWS\System32\WindowsPowerShell\v1.0\;C:\WINDOWS\System32\OpenSSH\;C:\Users\marko\AppData\Roaming\nvm;C:\Program Files\nodejs;C:\Program Files\Git\cmd;C:\Program Files\Git LFS;C:\Users\marko\AppData\Roaming\Python\Python310\Scripts;C:\Program Files\Docker\Docker\resources\bin;C:\Program Files\nodejs\;C:\Program Files\Graphviz\bin;C:\Users\marko\AppData\Local\Programs\Microsoft VS Code\bin;C:\Users\marko\AppData\Local\Microsoft\WindowsApps;C:\Users\marko\AppData\Roaming\nvm;C:\Program Files\nodejs;C:\Users\marko\AppData\Roaming\Python\Python310\Scripts;C:\Users\marko\Desktop\antlr;;C:\Users\marko\AppData\Local\JetBrains\IntelliJ IDEA Community Edition 2022.3.2\bin;;C:\Users\marko\AppData\Roaming\npm
USERNAME=marko
OS=Windows_NT
PROCESSOR_IDENTIFIER=Intel64 Family 6 Model 142 Stepping 10, GenuineIntel



---------------  S Y S T E M  ---------------

OS:
 Windows 10 , 64 bit Build 19041 (10.0.19041.3636)
OS uptime: 2 days 5:34 hours
Hyper-V role detected

CPU: total 8 (initial active 8) (4 cores per cpu, 2 threads per core) family 6 model 142 stepping 10 microcode 0xb4, cx8, cmov, fxsr, ht, mmx, 3dnowpref, sse, sse2, sse3, ssse3, sse4.1, sse4.2, popcnt, lzcnt, tsc, tscinvbit, avx, avx2, aes, erms, clmul, bmi1, bmi2, adx, fma, vzeroupper, clflush, clflushopt, hv

Memory: 4k page, system-wide physical 8058M (413M free)
TotalPageFile size 8058M (AvailPageFile size 5M)
current process WorkingSet (physical memory assigned to process): 390M, peak: 394M
current process commit charge ("private bytes"): 495M, peak: 497M

vm_info: Java HotSpot(TM) 64-Bit Server VM (17.0.11+7-LTS-207) for windows-amd64 JRE (17.0.11+7-LTS-207), built on Mar 11 2024 19:01:50 by "mach5one" with MS VC++ 17.6 (VS2022)

END.
