#
# There is insufficient memory for the Java Runtime Environment to continue.
# Native memory allocation (malloc) failed to allocate 1147056 bytes for Chunk::new
# Possible reasons:
#   The system is out of physical RAM or swap space
#   The process is running with CompressedOops enabled, and the Java Heap may be blocking the growth of the native heap
# Possible solutions:
#   Reduce memory load on the system
#   Increase physical memory or swap space
#   Check if swap backing store is full
#   Decrease Java heap size (-Xmx/-Xms)
#   Decrease number of Java threads
#   Decrease Java thread stack sizes (-Xss)
#   Set larger code cache with -XX:ReservedCodeCacheSize=
#   JVM is running with Unscaled Compressed Oops mode in which the Java heap is
#     placed in the first 4GB address space. The Java Heap base address is the
#     maximum limit for the native heap growth. Please use -XX:HeapBaseMinAddress
#     to set the Java Heap base and to place the Java Heap above 4GB virtual address.
# This output file may be truncated or incomplete.
#
#  Out of Memory Error (./open/src/hotspot/share/memory/arena.cpp:197), pid=13584, tid=11116
#
# JRE version: Java(TM) SE Runtime Environment 18.9 (11.0.17+10) (build 11.0.17+10-LTS-269)
# Java VM: Java HotSpot(TM) 64-Bit Server VM 18.9 (11.0.17+10-LTS-269, mixed mode, tiered, compressed oops, g1 gc, windows-amd64)
# No core dump will be written. Minidumps are not enabled by default on client versions of Windows
#

---------------  S U M M A R Y ------------

Command Line: --add-opens=java.base/java.util=ALL-UNNAMED --add-opens=java.base/java.lang=ALL-UNNAMED --add-opens=java.base/java.lang.invoke=ALL-UNNAMED --add-opens=java.prefs/java.util.prefs=ALL-UNNAMED --add-opens=java.base/java.nio.charset=ALL-UNNAMED --add-opens=java.base/java.net=ALL-UNNAMED --add-opens=java.base/java.util.concurrent.atomic=ALL-UNNAMED -XX:MaxMetaspaceSize=384m -XX:+HeapDumpOnOutOfMemoryError -Xms256m -Xmx512m -Dfile.encoding=windows-1252 -Duser.country=IT -Duser.language=it -Duser.variant -javaagent:C:\Users\marko\.gradle\wrapper\dists\gradle-8.4-bin\1w5dpkrfk8irigvoxmyhowfim\gradle-8.4\lib\agents\gradle-instrumentation-agent-8.4.jar org.gradle.launcher.daemon.bootstrap.GradleDaemon 8.4

Host: Intel(R) Core(TM) i5-8250U CPU @ 1.60GHz, 8 cores, 7G,  Windows 10 , 64 bit Build 19041 (10.0.19041.3636)
Time: Tue Feb 27 10:05:07 2024 ora solare Europa occidentale elapsed time: 10.172197 seconds (0d 0h 0m 10s)

---------------  T H R E A D  ---------------

Current thread (0x000001721a583000):  JavaThread "C2 CompilerThread2" daemon [_thread_in_native, id=11116, stack(0x000000140b300000,0x000000140b400000)]


Current CompileTask:
C2:  10172 5199  s!   4       jdk.internal.loader.URLClassPath::getLoader (194 bytes)

Stack: [0x000000140b300000,0x000000140b400000]
Native frames: (J=compiled Java code, j=interpreted, Vv=VM code, C=native code)
V  [jvm.dll+0x62b5da]
V  [jvm.dll+0x7653df]
V  [jvm.dll+0x766a89]
V  [jvm.dll+0x767113]
V  [jvm.dll+0x23dd28]
V  [jvm.dll+0xb2a1c]
V  [jvm.dll+0xb2fdc]
V  [jvm.dll+0x341597]
V  [jvm.dll+0x30ef13]
V  [jvm.dll+0x30e25a]
V  [jvm.dll+0x1f8733]
V  [jvm.dll+0x1f78fd]
V  [jvm.dll+0x177c91]
V  [jvm.dll+0x207296]
V  [jvm.dll+0x20542b]
V  [jvm.dll+0x72b2c0]
V  [jvm.dll+0x723e64]
V  [jvm.dll+0x62a485]
C  [ucrtbase.dll+0x21bb2]
C  [KERNEL32.DLL+0x17344]
C  [ntdll.dll+0x526b1]


---------------  P R O C E S S  ---------------

Threads class SMR info:
_java_thread_list=0x000001721db36310, length=37, elements={
0x0000017279e94000, 0x000001727ff5f000, 0x000001727ff60800, 0x0000017216e66800,
0x0000017216e6a800, 0x0000017216e6c000, 0x0000017216e6f000, 0x0000017216e72800,
0x0000017216e77000, 0x0000017216fdf800, 0x00000172184d4000, 0x000001727ff18800,
0x00000172188b3000, 0x0000017219750000, 0x0000017219350800, 0x0000017219381800,
0x00000172190c9000, 0x00000172177a8800, 0x0000017218f01800, 0x00000172195e2800,
0x00000172195e0000, 0x00000172195e1000, 0x00000172198ed800, 0x00000172195df000,
0x00000172195de800, 0x00000172195e1800, 0x00000172195e3800, 0x00000172195e4000,
0x00000172195e5000, 0x000001721990c000, 0x000001721990a800, 0x000001721990b000,
0x0000017219911000, 0x000001721990e800, 0x0000017219911800, 0x000001721a583000,
0x0000017219912800
}

Java Threads: ( => current thread )
  0x0000017279e94000 JavaThread "main" [_thread_blocked, id=12564, stack(0x0000001408400000,0x0000001408500000)]
  0x000001727ff5f000 JavaThread "Reference Handler" daemon [_thread_blocked, id=15128, stack(0x0000001408b00000,0x0000001408c00000)]
  0x000001727ff60800 JavaThread "Finalizer" daemon [_thread_blocked, id=13704, stack(0x0000001408c00000,0x0000001408d00000)]
  0x0000017216e66800 JavaThread "Signal Dispatcher" daemon [_thread_blocked, id=16824, stack(0x0000001408d00000,0x0000001408e00000)]
  0x0000017216e6a800 JavaThread "Attach Listener" daemon [_thread_blocked, id=14608, stack(0x0000001408e00000,0x0000001408f00000)]
  0x0000017216e6c000 JavaThread "Service Thread" daemon [_thread_blocked, id=14188, stack(0x0000001408f00000,0x0000001409000000)]
  0x0000017216e6f000 JavaThread "C2 CompilerThread0" daemon [_thread_in_native, id=7152, stack(0x0000001409000000,0x0000001409100000)]
  0x0000017216e72800 JavaThread "C1 CompilerThread0" daemon [_thread_blocked, id=4208, stack(0x0000001409100000,0x0000001409200000)]
  0x0000017216e77000 JavaThread "Sweeper thread" daemon [_thread_blocked, id=10048, stack(0x0000001409200000,0x0000001409300000)]
  0x0000017216fdf800 JavaThread "Common-Cleaner" daemon [_thread_blocked, id=9036, stack(0x0000001409300000,0x0000001409400000)]
  0x00000172184d4000 JavaThread "Daemon health stats" [_thread_blocked, id=5188, stack(0x0000001409c00000,0x0000001409d00000)]
  0x000001727ff18800 JavaThread "Incoming local TCP Connector on port 57170" [_thread_in_native, id=1672, stack(0x0000001409400000,0x0000001409500000)]
  0x00000172188b3000 JavaThread "Daemon periodic checks" [_thread_blocked, id=3528, stack(0x0000001409600000,0x0000001409700000)]
  0x0000017219750000 JavaThread "Daemon" [_thread_blocked, id=1816, stack(0x0000001409d00000,0x0000001409e00000)]
  0x0000017219350800 JavaThread "Handler for socket connection from /127.0.0.1:57170 to /127.0.0.1:57171" [_thread_in_native, id=13772, stack(0x0000001409e00000,0x0000001409f00000)]
  0x0000017219381800 JavaThread "Cancel handler" [_thread_blocked, id=9552, stack(0x0000001409f00000,0x000000140a000000)]
  0x00000172190c9000 JavaThread "Daemon worker" [_thread_in_Java, id=14900, stack(0x000000140a000000,0x000000140a100000)]
  0x00000172177a8800 JavaThread "Asynchronous log dispatcher for DefaultDaemonConnection: socket connection from /127.0.0.1:57170 to /127.0.0.1:57171" [_thread_blocked, id=12776, stack(0x000000140a100000,0x000000140a200000)]
  0x0000017218f01800 JavaThread "Stdin handler" [_thread_blocked, id=14500, stack(0x000000140a200000,0x000000140a300000)]
  0x00000172195e2800 JavaThread "Daemon client event forwarder" [_thread_blocked, id=12256, stack(0x000000140a300000,0x000000140a400000)]
  0x00000172195e0000 JavaThread "Cache worker for journal cache (C:\Users\marko\.gradle\caches\journal-1)" [_thread_blocked, id=4644, stack(0x000000140a700000,0x000000140a800000)]
  0x00000172195e1000 JavaThread "File lock request listener" [_thread_in_native, id=17028, stack(0x000000140a800000,0x000000140a900000)]
  0x00000172198ed800 JavaThread "C2 CompilerThread1" daemon [_thread_in_native, id=16648, stack(0x000000140a900000,0x000000140aa00000)]
  0x00000172195df000 JavaThread "Cache worker for file hash cache (C:\Users\marko\.gradle\caches\8.4\fileHashes)" [_thread_blocked, id=4704, stack(0x000000140aa00000,0x000000140ab00000)]
  0x00000172195de800 JavaThread "File watcher server" daemon [_thread_in_native, id=15460, stack(0x000000140ac00000,0x000000140ad00000)]
  0x00000172195e1800 JavaThread "File watcher consumer" daemon [_thread_blocked, id=4148, stack(0x000000140ad00000,0x000000140ae00000)]
  0x00000172195e3800 JavaThread "Cache worker for checksums cache (C:\Users\marko\Desktop\ISS2024\issLab24\servicemath24Synch\.gradle\8.4\checksums)" [_thread_blocked, id=18076, stack(0x000000140ae00000,0x000000140af00000)]
  0x00000172195e4000 JavaThread "Cache worker for file hash cache (C:\Users\marko\Desktop\ISS2024\issLab24\servicemath24Synch\.gradle\8.4\fileHashes)" [_thread_blocked, id=1684, stack(0x000000140af00000,0x000000140b000000)]
  0x00000172195e5000 JavaThread "Cache worker for cache directory md-supplier (C:\Users\marko\.gradle\caches\8.4\md-supplier)" [_thread_blocked, id=17704, stack(0x000000140b000000,0x000000140b100000)]
  0x000001721990c000 JavaThread "Cache worker for file content cache (C:\Users\marko\.gradle\caches\8.4\fileContent)" [_thread_blocked, id=13700, stack(0x000000140b100000,0x000000140b200000)]
  0x000001721990a800 JavaThread "Cache worker for cache directory md-rule (C:\Users\marko\.gradle\caches\8.4\md-rule)" [_thread_blocked, id=16068, stack(0x000000140ab00000,0x000000140ac00000)]
  0x000001721990b000 JavaThread "Cache worker for execution history cache (C:\Users\marko\.gradle\caches\8.4\executionHistory)" [_thread_blocked, id=4176, stack(0x000000140b200000,0x000000140b300000)]
  0x0000017219911000 JavaThread "jar transforms" [_thread_blocked, id=6420, stack(0x000000140b400000,0x000000140b500000)]
  0x000001721990e800 JavaThread "jar transforms Thread 2" [_thread_blocked, id=13016, stack(0x000000140b500000,0x000000140b600000)]
  0x0000017219911800 JavaThread "Cache worker for dependencies-accessors (C:\Users\marko\Desktop\ISS2024\issLab24\servicemath24Synch\.gradle\8.4\dependencies-accessors)" [_thread_blocked, id=12680, stack(0x000000140b600000,0x000000140b700000)]
=>0x000001721a583000 JavaThread "C2 CompilerThread2" daemon [_thread_in_native, id=11116, stack(0x000000140b300000,0x000000140b400000)]
  0x0000017219912800 JavaThread "jar transforms Thread 3" [_thread_blocked, id=15728, stack(0x000000140b700000,0x000000140b800000)]

Other Threads:
  0x000001727ff5b800 VMThread "VM Thread" [stack: 0x0000001408a00000,0x0000001408b00000] [id=13076]
  0x00000172171e7000 WatcherThread [stack: 0x0000001409500000,0x0000001409600000] [id=12124]
  0x0000017279ea9000 GCTaskThread "GC Thread#0" [stack: 0x0000001408500000,0x0000001408600000] [id=8232]
  0x0000017217543800 GCTaskThread "GC Thread#1" [stack: 0x0000001409700000,0x0000001409800000] [id=11292]
  0x00000172181f1800 GCTaskThread "GC Thread#2" [stack: 0x0000001409800000,0x0000001409900000] [id=8480]
  0x0000017218918800 GCTaskThread "GC Thread#3" [stack: 0x0000001409900000,0x0000001409a00000] [id=8120]
  0x0000017217d9e000 GCTaskThread "GC Thread#4" [stack: 0x0000001409a00000,0x0000001409b00000] [id=13348]
  0x0000017217997000 GCTaskThread "GC Thread#5" [stack: 0x0000001409b00000,0x0000001409c00000] [id=4896]
  0x00000172197a0000 GCTaskThread "GC Thread#6" [stack: 0x000000140a400000,0x000000140a500000] [id=15696]
  0x0000017219258000 GCTaskThread "GC Thread#7" [stack: 0x000000140a500000,0x000000140a600000] [id=13228]
  0x0000017279ebd000 ConcurrentGCThread "G1 Main Marker" [stack: 0x0000001408600000,0x0000001408700000] [id=17096]
  0x0000017279ebe800 ConcurrentGCThread "G1 Conc#0" [stack: 0x0000001408700000,0x0000001408800000] [id=4032]
  0x000001721a158000 ConcurrentGCThread "G1 Conc#1" [stack: 0x000000140a600000,0x000000140a700000] [id=10052]
  0x000001727fdee800 ConcurrentGCThread "G1 Refine#0" [stack: 0x0000001408800000,0x0000001408900000] [id=16292]
  0x0000017279f6e800 ConcurrentGCThread "G1 Young RemSet Sampling" [stack: 0x0000001408900000,0x0000001408a00000] [id=16040]

Threads with active compile tasks:
C2 CompilerThread0    10230 5068       4       java.lang.String::split (7 bytes)
C2 CompilerThread1    10230 5215   !   4       java.io.BufferedReader::readLine (304 bytes)
C2 CompilerThread2    10230 5199  s!   4       jdk.internal.loader.URLClassPath::getLoader (194 bytes)

VM state:not at safepoint (normal execution)

VM Mutex/Monitor currently owned by a thread: None

Heap address: 0x00000000e0000000, size: 512 MB, Compressed Oops mode: 32-bit
Narrow klass base: 0x0000000000000000, Narrow klass shift: 3
Compressed class space size: 394264576 Address: 0x0000000100000000

Heap:
 garbage-first heap   total 262144K, used 64915K [0x00000000e0000000, 0x0000000100000000)
  region size 1024K, 42 young (43008K), 11 survivors (11264K)
 Metaspace       used 57896K, capacity 59265K, committed 59392K, reserved 436224K
  class space    used 7514K, capacity 8122K, committed 8192K, reserved 385024K
Heap Regions: E=young(eden), S=young(survivor), O=old, HS=humongous(starts), HC=humongous(continues), CS=collection set, F=free, A=archive, TAMS=top-at-mark-start (previous, next)
|   0|0x00000000e0000000, 0x00000000e0100000, 0x00000000e0100000|100%|HS|  |TAMS 0x00000000e0100000, 0x00000000e0000000| Complete 
|   1|0x00000000e0100000, 0x00000000e0200000, 0x00000000e0200000|100%|HC|  |TAMS 0x00000000e0200000, 0x00000000e0100000| Complete 
|   2|0x00000000e0200000, 0x00000000e0300000, 0x00000000e0300000|100%|HC|  |TAMS 0x00000000e0300000, 0x00000000e0200000| Complete 
|   3|0x00000000e0300000, 0x00000000e0400000, 0x00000000e0400000|100%|HC|  |TAMS 0x00000000e0400000, 0x00000000e0300000| Complete 
|   4|0x00000000e0400000, 0x00000000e0500000, 0x00000000e0500000|100%| O|  |TAMS 0x00000000e0500000, 0x00000000e0400000| Untracked 
|   5|0x00000000e0500000, 0x00000000e0600000, 0x00000000e0600000|100%| O|  |TAMS 0x00000000e0600000, 0x00000000e0500000| Untracked 
|   6|0x00000000e0600000, 0x00000000e0700000, 0x00000000e0700000|100%| O|  |TAMS 0x00000000e0700000, 0x00000000e0600000| Untracked 
|   7|0x00000000e0700000, 0x00000000e0800000, 0x00000000e0800000|100%| O|  |TAMS 0x00000000e0800000, 0x00000000e0700000| Untracked 
|   8|0x00000000e0800000, 0x00000000e0900000, 0x00000000e0900000|100%| O|  |TAMS 0x00000000e0900000, 0x00000000e0800000| Untracked 
|   9|0x00000000e0900000, 0x00000000e0a00000, 0x00000000e0a00000|100%| O|  |TAMS 0x00000000e0a00000, 0x00000000e0900000| Untracked 
|  10|0x00000000e0a00000, 0x00000000e0b00000, 0x00000000e0b00000|100%| O|  |TAMS 0x00000000e0b00000, 0x00000000e0a00000| Untracked 
|  11|0x00000000e0b00000, 0x00000000e0c00000, 0x00000000e0c00000|100%| O|  |TAMS 0x00000000e0c00000, 0x00000000e0b00000| Untracked 
|  12|0x00000000e0c00000, 0x00000000e0d00000, 0x00000000e0d00000|100%| O|  |TAMS 0x00000000e0d00000, 0x00000000e0c00000| Untracked 
|  13|0x00000000e0d00000, 0x00000000e0e00000, 0x00000000e0e00000|100%| O|  |TAMS 0x00000000e0e00000, 0x00000000e0d00000| Untracked 
|  14|0x00000000e0e00000, 0x00000000e0f00000, 0x00000000e0f00000|100%| O|  |TAMS 0x00000000e0f00000, 0x00000000e0e00000| Untracked 
|  15|0x00000000e0f00000, 0x00000000e1000000, 0x00000000e1000000|100%| O|  |TAMS 0x00000000e1000000, 0x00000000e0f00000| Untracked 
|  16|0x00000000e1000000, 0x00000000e1100000, 0x00000000e1100000|100%| O|  |TAMS 0x00000000e10ba200, 0x00000000e1000000| Untracked 
|  17|0x00000000e1100000, 0x00000000e1100000, 0x00000000e1200000|  0%| F|  |TAMS 0x00000000e1100000, 0x00000000e1100000| Untracked 
|  18|0x00000000e1200000, 0x00000000e1200000, 0x00000000e1300000|  0%| F|  |TAMS 0x00000000e1200000, 0x00000000e1200000| Untracked 
|  19|0x00000000e1300000, 0x00000000e1300000, 0x00000000e1400000|  0%| F|  |TAMS 0x00000000e1300000, 0x00000000e1300000| Untracked 
|  20|0x00000000e1400000, 0x00000000e1400000, 0x00000000e1500000|  0%| F|  |TAMS 0x00000000e1400000, 0x00000000e1400000| Untracked 
|  21|0x00000000e1500000, 0x00000000e1500000, 0x00000000e1600000|  0%| F|  |TAMS 0x00000000e1500000, 0x00000000e1500000| Untracked 
|  22|0x00000000e1600000, 0x00000000e1700000, 0x00000000e1700000|100%| O|  |TAMS 0x00000000e1600000, 0x00000000e1600000| Untracked 
|  23|0x00000000e1700000, 0x00000000e1800000, 0x00000000e1800000|100%| O|  |TAMS 0x00000000e1700000, 0x00000000e1700000| Untracked 
|  24|0x00000000e1800000, 0x00000000e1900000, 0x00000000e1900000|100%| O|  |TAMS 0x00000000e1800000, 0x00000000e1800000| Untracked 
|  25|0x00000000e1900000, 0x00000000e1a00000, 0x00000000e1a00000|100%| O|  |TAMS 0x00000000e1900000, 0x00000000e1900000| Untracked 
|  26|0x00000000e1a00000, 0x00000000e1b00000, 0x00000000e1b00000|100%| O|  |TAMS 0x00000000e1a00000, 0x00000000e1a00000| Untracked 
|  27|0x00000000e1b00000, 0x00000000e1bd6600, 0x00000000e1c00000| 83%| O|  |TAMS 0x00000000e1b00000, 0x00000000e1b00000| Untracked 
|  28|0x00000000e1c00000, 0x00000000e1c00000, 0x00000000e1d00000|  0%| F|  |TAMS 0x00000000e1c00000, 0x00000000e1c00000| Untracked 
|  29|0x00000000e1d00000, 0x00000000e1d00000, 0x00000000e1e00000|  0%| F|  |TAMS 0x00000000e1d00000, 0x00000000e1d00000| Untracked 
|  30|0x00000000e1e00000, 0x00000000e1e00000, 0x00000000e1f00000|  0%| F|  |TAMS 0x00000000e1e00000, 0x00000000e1e00000| Untracked 
|  31|0x00000000e1f00000, 0x00000000e1f00000, 0x00000000e2000000|  0%| F|  |TAMS 0x00000000e1f00000, 0x00000000e1f00000| Untracked 
|  32|0x00000000e2000000, 0x00000000e2000000, 0x00000000e2100000|  0%| F|  |TAMS 0x00000000e2000000, 0x00000000e2000000| Untracked 
|  33|0x00000000e2100000, 0x00000000e2100000, 0x00000000e2200000|  0%| F|  |TAMS 0x00000000e2100000, 0x00000000e2100000| Untracked 
|  34|0x00000000e2200000, 0x00000000e2200000, 0x00000000e2300000|  0%| F|  |TAMS 0x00000000e2200000, 0x00000000e2200000| Untracked 
|  35|0x00000000e2300000, 0x00000000e2300000, 0x00000000e2400000|  0%| F|  |TAMS 0x00000000e2300000, 0x00000000e2300000| Untracked 
|  36|0x00000000e2400000, 0x00000000e2400000, 0x00000000e2500000|  0%| F|  |TAMS 0x00000000e2400000, 0x00000000e2400000| Untracked 
|  37|0x00000000e2500000, 0x00000000e2500000, 0x00000000e2600000|  0%| F|  |TAMS 0x00000000e2500000, 0x00000000e2500000| Untracked 
|  38|0x00000000e2600000, 0x00000000e2600000, 0x00000000e2700000|  0%| F|  |TAMS 0x00000000e2600000, 0x00000000e2600000| Untracked 
|  39|0x00000000e2700000, 0x00000000e2700000, 0x00000000e2800000|  0%| F|  |TAMS 0x00000000e2700000, 0x00000000e2700000| Untracked 
|  40|0x00000000e2800000, 0x00000000e2800000, 0x00000000e2900000|  0%| F|  |TAMS 0x00000000e2800000, 0x00000000e2800000| Untracked 
|  41|0x00000000e2900000, 0x00000000e2900000, 0x00000000e2a00000|  0%| F|  |TAMS 0x00000000e2900000, 0x00000000e2900000| Untracked 
|  42|0x00000000e2a00000, 0x00000000e2a00000, 0x00000000e2b00000|  0%| F|  |TAMS 0x00000000e2a00000, 0x00000000e2a00000| Untracked 
|  43|0x00000000e2b00000, 0x00000000e2b00000, 0x00000000e2c00000|  0%| F|  |TAMS 0x00000000e2b00000, 0x00000000e2b00000| Untracked 
|  44|0x00000000e2c00000, 0x00000000e2c00000, 0x00000000e2d00000|  0%| F|  |TAMS 0x00000000e2c00000, 0x00000000e2c00000| Untracked 
|  45|0x00000000e2d00000, 0x00000000e2d00000, 0x00000000e2e00000|  0%| F|  |TAMS 0x00000000e2d00000, 0x00000000e2d00000| Untracked 
|  46|0x00000000e2e00000, 0x00000000e2e00000, 0x00000000e2f00000|  0%| F|  |TAMS 0x00000000e2e00000, 0x00000000e2e00000| Untracked 
|  47|0x00000000e2f00000, 0x00000000e2f00000, 0x00000000e3000000|  0%| F|  |TAMS 0x00000000e2f00000, 0x00000000e2f00000| Untracked 
|  48|0x00000000e3000000, 0x00000000e3000000, 0x00000000e3100000|  0%| F|  |TAMS 0x00000000e3000000, 0x00000000e3000000| Untracked 
|  49|0x00000000e3100000, 0x00000000e3100000, 0x00000000e3200000|  0%| F|  |TAMS 0x00000000e3100000, 0x00000000e3100000| Untracked 
|  50|0x00000000e3200000, 0x00000000e3200000, 0x00000000e3300000|  0%| F|  |TAMS 0x00000000e3200000, 0x00000000e3200000| Untracked 
|  51|0x00000000e3300000, 0x00000000e3300000, 0x00000000e3400000|  0%| F|  |TAMS 0x00000000e3300000, 0x00000000e3300000| Untracked 
|  52|0x00000000e3400000, 0x00000000e3400000, 0x00000000e3500000|  0%| F|  |TAMS 0x00000000e3400000, 0x00000000e3400000| Untracked 
|  53|0x00000000e3500000, 0x00000000e3500000, 0x00000000e3600000|  0%| F|  |TAMS 0x00000000e3500000, 0x00000000e3500000| Untracked 
|  54|0x00000000e3600000, 0x00000000e3600000, 0x00000000e3700000|  0%| F|  |TAMS 0x00000000e3600000, 0x00000000e3600000| Untracked 
|  55|0x00000000e3700000, 0x00000000e3700000, 0x00000000e3800000|  0%| F|  |TAMS 0x00000000e3700000, 0x00000000e3700000| Untracked 
|  56|0x00000000e3800000, 0x00000000e3800000, 0x00000000e3900000|  0%| F|  |TAMS 0x00000000e3800000, 0x00000000e3800000| Untracked 
|  57|0x00000000e3900000, 0x00000000e3900000, 0x00000000e3a00000|  0%| F|  |TAMS 0x00000000e3900000, 0x00000000e3900000| Untracked 
|  58|0x00000000e3a00000, 0x00000000e3a00000, 0x00000000e3b00000|  0%| F|  |TAMS 0x00000000e3a00000, 0x00000000e3a00000| Untracked 
|  59|0x00000000e3b00000, 0x00000000e3b00000, 0x00000000e3c00000|  0%| F|  |TAMS 0x00000000e3b00000, 0x00000000e3b00000| Untracked 
|  60|0x00000000e3c00000, 0x00000000e3c00000, 0x00000000e3d00000|  0%| F|  |TAMS 0x00000000e3c00000, 0x00000000e3c00000| Untracked 
|  61|0x00000000e3d00000, 0x00000000e3d00000, 0x00000000e3e00000|  0%| F|  |TAMS 0x00000000e3d00000, 0x00000000e3d00000| Untracked 
|  62|0x00000000e3e00000, 0x00000000e3e00000, 0x00000000e3f00000|  0%| F|  |TAMS 0x00000000e3e00000, 0x00000000e3e00000| Untracked 
|  63|0x00000000e3f00000, 0x00000000e3f00000, 0x00000000e4000000|  0%| F|  |TAMS 0x00000000e3f00000, 0x00000000e3f00000| Untracked 
|  64|0x00000000e4000000, 0x00000000e4000000, 0x00000000e4100000|  0%| F|  |TAMS 0x00000000e4000000, 0x00000000e4000000| Untracked 
|  65|0x00000000e4100000, 0x00000000e4100000, 0x00000000e4200000|  0%| F|  |TAMS 0x00000000e4100000, 0x00000000e4100000| Untracked 
|  66|0x00000000e4200000, 0x00000000e4200000, 0x00000000e4300000|  0%| F|  |TAMS 0x00000000e4200000, 0x00000000e4200000| Untracked 
|  67|0x00000000e4300000, 0x00000000e4300000, 0x00000000e4400000|  0%| F|  |TAMS 0x00000000e4300000, 0x00000000e4300000| Untracked 
|  68|0x00000000e4400000, 0x00000000e4400000, 0x00000000e4500000|  0%| F|  |TAMS 0x00000000e4400000, 0x00000000e4400000| Untracked 
|  69|0x00000000e4500000, 0x00000000e4500000, 0x00000000e4600000|  0%| F|  |TAMS 0x00000000e4500000, 0x00000000e4500000| Untracked 
|  70|0x00000000e4600000, 0x00000000e4600000, 0x00000000e4700000|  0%| F|  |TAMS 0x00000000e4600000, 0x00000000e4600000| Untracked 
|  71|0x00000000e4700000, 0x00000000e4700000, 0x00000000e4800000|  0%| F|  |TAMS 0x00000000e4700000, 0x00000000e4700000| Untracked 
|  72|0x00000000e4800000, 0x00000000e4800000, 0x00000000e4900000|  0%| F|  |TAMS 0x00000000e4800000, 0x00000000e4800000| Untracked 
|  73|0x00000000e4900000, 0x00000000e4900000, 0x00000000e4a00000|  0%| F|  |TAMS 0x00000000e4900000, 0x00000000e4900000| Untracked 
|  74|0x00000000e4a00000, 0x00000000e4a00000, 0x00000000e4b00000|  0%| F|  |TAMS 0x00000000e4a00000, 0x00000000e4a00000| Untracked 
|  75|0x00000000e4b00000, 0x00000000e4b00000, 0x00000000e4c00000|  0%| F|  |TAMS 0x00000000e4b00000, 0x00000000e4b00000| Untracked 
|  76|0x00000000e4c00000, 0x00000000e4c00000, 0x00000000e4d00000|  0%| F|  |TAMS 0x00000000e4c00000, 0x00000000e4c00000| Untracked 
|  77|0x00000000e4d00000, 0x00000000e4d00000, 0x00000000e4e00000|  0%| F|  |TAMS 0x00000000e4d00000, 0x00000000e4d00000| Untracked 
|  78|0x00000000e4e00000, 0x00000000e4e00000, 0x00000000e4f00000|  0%| F|  |TAMS 0x00000000e4e00000, 0x00000000e4e00000| Untracked 
|  79|0x00000000e4f00000, 0x00000000e4f00000, 0x00000000e5000000|  0%| F|  |TAMS 0x00000000e4f00000, 0x00000000e4f00000| Untracked 
|  80|0x00000000e5000000, 0x00000000e5000000, 0x00000000e5100000|  0%| F|  |TAMS 0x00000000e5000000, 0x00000000e5000000| Untracked 
|  81|0x00000000e5100000, 0x00000000e5100000, 0x00000000e5200000|  0%| F|  |TAMS 0x00000000e5100000, 0x00000000e5100000| Untracked 
|  82|0x00000000e5200000, 0x00000000e5200000, 0x00000000e5300000|  0%| F|  |TAMS 0x00000000e5200000, 0x00000000e5200000| Untracked 
|  83|0x00000000e5300000, 0x00000000e5300000, 0x00000000e5400000|  0%| F|  |TAMS 0x00000000e5300000, 0x00000000e5300000| Untracked 
|  84|0x00000000e5400000, 0x00000000e5400000, 0x00000000e5500000|  0%| F|  |TAMS 0x00000000e5400000, 0x00000000e5400000| Untracked 
|  85|0x00000000e5500000, 0x00000000e5500000, 0x00000000e5600000|  0%| F|  |TAMS 0x00000000e5500000, 0x00000000e5500000| Untracked 
|  86|0x00000000e5600000, 0x00000000e5600000, 0x00000000e5700000|  0%| F|  |TAMS 0x00000000e5600000, 0x00000000e5600000| Untracked 
|  87|0x00000000e5700000, 0x00000000e5700000, 0x00000000e5800000|  0%| F|  |TAMS 0x00000000e5700000, 0x00000000e5700000| Untracked 
|  88|0x00000000e5800000, 0x00000000e5800000, 0x00000000e5900000|  0%| F|  |TAMS 0x00000000e5800000, 0x00000000e5800000| Untracked 
|  89|0x00000000e5900000, 0x00000000e5900000, 0x00000000e5a00000|  0%| F|  |TAMS 0x00000000e5900000, 0x00000000e5900000| Untracked 
|  90|0x00000000e5a00000, 0x00000000e5a00000, 0x00000000e5b00000|  0%| F|  |TAMS 0x00000000e5a00000, 0x00000000e5a00000| Untracked 
|  91|0x00000000e5b00000, 0x00000000e5b00000, 0x00000000e5c00000|  0%| F|  |TAMS 0x00000000e5b00000, 0x00000000e5b00000| Untracked 
|  92|0x00000000e5c00000, 0x00000000e5c00000, 0x00000000e5d00000|  0%| F|  |TAMS 0x00000000e5c00000, 0x00000000e5c00000| Untracked 
|  93|0x00000000e5d00000, 0x00000000e5d00000, 0x00000000e5e00000|  0%| F|  |TAMS 0x00000000e5d00000, 0x00000000e5d00000| Untracked 
|  94|0x00000000e5e00000, 0x00000000e5e8e9f0, 0x00000000e5f00000| 55%| S|CS|TAMS 0x00000000e5e00000, 0x00000000e5e00000| Complete 
|  95|0x00000000e5f00000, 0x00000000e6000000, 0x00000000e6000000|100%| S|CS|TAMS 0x00000000e5f00000, 0x00000000e5f00000| Complete 
|  96|0x00000000e6000000, 0x00000000e6100000, 0x00000000e6100000|100%| S|CS|TAMS 0x00000000e6000000, 0x00000000e6000000| Complete 
|  97|0x00000000e6100000, 0x00000000e6200000, 0x00000000e6200000|100%| S|CS|TAMS 0x00000000e6100000, 0x00000000e6100000| Complete 
|  98|0x00000000e6200000, 0x00000000e6300000, 0x00000000e6300000|100%| S|CS|TAMS 0x00000000e6200000, 0x00000000e6200000| Complete 
|  99|0x00000000e6300000, 0x00000000e6400000, 0x00000000e6400000|100%| S|CS|TAMS 0x00000000e6300000, 0x00000000e6300000| Complete 
| 100|0x00000000e6400000, 0x00000000e6500000, 0x00000000e6500000|100%| S|CS|TAMS 0x00000000e6400000, 0x00000000e6400000| Complete 
| 101|0x00000000e6500000, 0x00000000e6600000, 0x00000000e6600000|100%| S|CS|TAMS 0x00000000e6500000, 0x00000000e6500000| Complete 
| 102|0x00000000e6600000, 0x00000000e6700000, 0x00000000e6700000|100%| S|CS|TAMS 0x00000000e6600000, 0x00000000e6600000| Complete 
| 103|0x00000000e6700000, 0x00000000e6800000, 0x00000000e6800000|100%| S|CS|TAMS 0x00000000e6700000, 0x00000000e6700000| Complete 
| 104|0x00000000e6800000, 0x00000000e6900000, 0x00000000e6900000|100%| S|CS|TAMS 0x00000000e6800000, 0x00000000e6800000| Complete 
| 105|0x00000000e6900000, 0x00000000e6900000, 0x00000000e6a00000|  0%| F|  |TAMS 0x00000000e6900000, 0x00000000e6900000| Untracked 
| 106|0x00000000e6a00000, 0x00000000e6a00000, 0x00000000e6b00000|  0%| F|  |TAMS 0x00000000e6a00000, 0x00000000e6a00000| Untracked 
| 107|0x00000000e6b00000, 0x00000000e6b00000, 0x00000000e6c00000|  0%| F|  |TAMS 0x00000000e6b00000, 0x00000000e6b00000| Untracked 
| 108|0x00000000e6c00000, 0x00000000e6c00000, 0x00000000e6d00000|  0%| F|  |TAMS 0x00000000e6c00000, 0x00000000e6c00000| Untracked 
| 109|0x00000000e6d00000, 0x00000000e6d00000, 0x00000000e6e00000|  0%| F|  |TAMS 0x00000000e6d00000, 0x00000000e6d00000| Untracked 
| 110|0x00000000e6e00000, 0x00000000e6e00000, 0x00000000e6f00000|  0%| F|  |TAMS 0x00000000e6e00000, 0x00000000e6e00000| Untracked 
| 111|0x00000000e6f00000, 0x00000000e6f00000, 0x00000000e7000000|  0%| F|  |TAMS 0x00000000e6f00000, 0x00000000e6f00000| Untracked 
| 112|0x00000000e7000000, 0x00000000e7000000, 0x00000000e7100000|  0%| F|  |TAMS 0x00000000e7000000, 0x00000000e7000000| Untracked 
| 113|0x00000000e7100000, 0x00000000e7100000, 0x00000000e7200000|  0%| F|  |TAMS 0x00000000e7100000, 0x00000000e7100000| Untracked 
| 114|0x00000000e7200000, 0x00000000e7200000, 0x00000000e7300000|  0%| F|  |TAMS 0x00000000e7200000, 0x00000000e7200000| Untracked 
| 115|0x00000000e7300000, 0x00000000e7300000, 0x00000000e7400000|  0%| F|  |TAMS 0x00000000e7300000, 0x00000000e7300000| Untracked 
| 116|0x00000000e7400000, 0x00000000e7400000, 0x00000000e7500000|  0%| F|  |TAMS 0x00000000e7400000, 0x00000000e7400000| Untracked 
| 117|0x00000000e7500000, 0x00000000e7500000, 0x00000000e7600000|  0%| F|  |TAMS 0x00000000e7500000, 0x00000000e7500000| Untracked 
| 118|0x00000000e7600000, 0x00000000e7600000, 0x00000000e7700000|  0%| F|  |TAMS 0x00000000e7600000, 0x00000000e7600000| Untracked 
| 119|0x00000000e7700000, 0x00000000e7700000, 0x00000000e7800000|  0%| F|  |TAMS 0x00000000e7700000, 0x00000000e7700000| Untracked 
| 120|0x00000000e7800000, 0x00000000e7800000, 0x00000000e7900000|  0%| F|  |TAMS 0x00000000e7800000, 0x00000000e7800000| Untracked 
| 121|0x00000000e7900000, 0x00000000e7900000, 0x00000000e7a00000|  0%| F|  |TAMS 0x00000000e7900000, 0x00000000e7900000| Untracked 
| 122|0x00000000e7a00000, 0x00000000e7a00000, 0x00000000e7b00000|  0%| F|  |TAMS 0x00000000e7a00000, 0x00000000e7a00000| Untracked 
| 123|0x00000000e7b00000, 0x00000000e7b00000, 0x00000000e7c00000|  0%| F|  |TAMS 0x00000000e7b00000, 0x00000000e7b00000| Untracked 
| 124|0x00000000e7c00000, 0x00000000e7c00000, 0x00000000e7d00000|  0%| F|  |TAMS 0x00000000e7c00000, 0x00000000e7c00000| Untracked 
| 125|0x00000000e7d00000, 0x00000000e7d00000, 0x00000000e7e00000|  0%| F|  |TAMS 0x00000000e7d00000, 0x00000000e7d00000| Untracked 
| 126|0x00000000e7e00000, 0x00000000e7e00000, 0x00000000e7f00000|  0%| F|  |TAMS 0x00000000e7e00000, 0x00000000e7e00000| Untracked 
| 127|0x00000000e7f00000, 0x00000000e7f00000, 0x00000000e8000000|  0%| F|  |TAMS 0x00000000e7f00000, 0x00000000e7f00000| Untracked 
| 128|0x00000000e8000000, 0x00000000e8000000, 0x00000000e8100000|  0%| F|  |TAMS 0x00000000e8000000, 0x00000000e8000000| Untracked 
| 129|0x00000000e8100000, 0x00000000e8100000, 0x00000000e8200000|  0%| F|  |TAMS 0x00000000e8100000, 0x00000000e8100000| Untracked 
| 130|0x00000000e8200000, 0x00000000e8200000, 0x00000000e8300000|  0%| F|  |TAMS 0x00000000e8200000, 0x00000000e8200000| Untracked 
| 131|0x00000000e8300000, 0x00000000e8300000, 0x00000000e8400000|  0%| F|  |TAMS 0x00000000e8300000, 0x00000000e8300000| Untracked 
| 132|0x00000000e8400000, 0x00000000e8400000, 0x00000000e8500000|  0%| F|  |TAMS 0x00000000e8400000, 0x00000000e8400000| Untracked 
| 133|0x00000000e8500000, 0x00000000e8500000, 0x00000000e8600000|  0%| F|  |TAMS 0x00000000e8500000, 0x00000000e8500000| Untracked 
| 134|0x00000000e8600000, 0x00000000e8600000, 0x00000000e8700000|  0%| F|  |TAMS 0x00000000e8600000, 0x00000000e8600000| Untracked 
| 135|0x00000000e8700000, 0x00000000e8700000, 0x00000000e8800000|  0%| F|  |TAMS 0x00000000e8700000, 0x00000000e8700000| Untracked 
| 136|0x00000000e8800000, 0x00000000e8800000, 0x00000000e8900000|  0%| F|  |TAMS 0x00000000e8800000, 0x00000000e8800000| Untracked 
| 137|0x00000000e8900000, 0x00000000e8900000, 0x00000000e8a00000|  0%| F|  |TAMS 0x00000000e8900000, 0x00000000e8900000| Untracked 
| 138|0x00000000e8a00000, 0x00000000e8a00000, 0x00000000e8b00000|  0%| F|  |TAMS 0x00000000e8a00000, 0x00000000e8a00000| Untracked 
| 139|0x00000000e8b00000, 0x00000000e8b00000, 0x00000000e8c00000|  0%| F|  |TAMS 0x00000000e8b00000, 0x00000000e8b00000| Untracked 
| 140|0x00000000e8c00000, 0x00000000e8c00000, 0x00000000e8d00000|  0%| F|  |TAMS 0x00000000e8c00000, 0x00000000e8c00000| Untracked 
| 141|0x00000000e8d00000, 0x00000000e8d00000, 0x00000000e8e00000|  0%| F|  |TAMS 0x00000000e8d00000, 0x00000000e8d00000| Untracked 
| 142|0x00000000e8e00000, 0x00000000e8e00000, 0x00000000e8f00000|  0%| F|  |TAMS 0x00000000e8e00000, 0x00000000e8e00000| Untracked 
| 143|0x00000000e8f00000, 0x00000000e8f00000, 0x00000000e9000000|  0%| F|  |TAMS 0x00000000e8f00000, 0x00000000e8f00000| Untracked 
| 144|0x00000000e9000000, 0x00000000e9000000, 0x00000000e9100000|  0%| F|  |TAMS 0x00000000e9000000, 0x00000000e9000000| Untracked 
| 145|0x00000000e9100000, 0x00000000e9100000, 0x00000000e9200000|  0%| F|  |TAMS 0x00000000e9100000, 0x00000000e9100000| Untracked 
| 146|0x00000000e9200000, 0x00000000e9200000, 0x00000000e9300000|  0%| F|  |TAMS 0x00000000e9200000, 0x00000000e9200000| Untracked 
| 147|0x00000000e9300000, 0x00000000e9300000, 0x00000000e9400000|  0%| F|  |TAMS 0x00000000e9300000, 0x00000000e9300000| Untracked 
| 148|0x00000000e9400000, 0x00000000e9400000, 0x00000000e9500000|  0%| F|  |TAMS 0x00000000e9400000, 0x00000000e9400000| Untracked 
| 149|0x00000000e9500000, 0x00000000e9500000, 0x00000000e9600000|  0%| F|  |TAMS 0x00000000e9500000, 0x00000000e9500000| Untracked 
| 150|0x00000000e9600000, 0x00000000e9600000, 0x00000000e9700000|  0%| F|  |TAMS 0x00000000e9600000, 0x00000000e9600000| Untracked 
| 151|0x00000000e9700000, 0x00000000e9700000, 0x00000000e9800000|  0%| F|  |TAMS 0x00000000e9700000, 0x00000000e9700000| Untracked 
| 152|0x00000000e9800000, 0x00000000e9800000, 0x00000000e9900000|  0%| F|  |TAMS 0x00000000e9800000, 0x00000000e9800000| Untracked 
| 153|0x00000000e9900000, 0x00000000e9900000, 0x00000000e9a00000|  0%| F|  |TAMS 0x00000000e9900000, 0x00000000e9900000| Untracked 
| 154|0x00000000e9a00000, 0x00000000e9a00000, 0x00000000e9b00000|  0%| F|  |TAMS 0x00000000e9a00000, 0x00000000e9a00000| Untracked 
| 155|0x00000000e9b00000, 0x00000000e9b00000, 0x00000000e9c00000|  0%| F|  |TAMS 0x00000000e9b00000, 0x00000000e9b00000| Untracked 
| 156|0x00000000e9c00000, 0x00000000e9c00000, 0x00000000e9d00000|  0%| F|  |TAMS 0x00000000e9c00000, 0x00000000e9c00000| Untracked 
| 157|0x00000000e9d00000, 0x00000000e9d00000, 0x00000000e9e00000|  0%| F|  |TAMS 0x00000000e9d00000, 0x00000000e9d00000| Untracked 
| 158|0x00000000e9e00000, 0x00000000e9e00000, 0x00000000e9f00000|  0%| F|  |TAMS 0x00000000e9e00000, 0x00000000e9e00000| Untracked 
| 159|0x00000000e9f00000, 0x00000000e9f00000, 0x00000000ea000000|  0%| F|  |TAMS 0x00000000e9f00000, 0x00000000e9f00000| Untracked 
| 160|0x00000000ea000000, 0x00000000ea000000, 0x00000000ea100000|  0%| F|  |TAMS 0x00000000ea000000, 0x00000000ea000000| Untracked 
| 161|0x00000000ea100000, 0x00000000ea100000, 0x00000000ea200000|  0%| F|  |TAMS 0x00000000ea100000, 0x00000000ea100000| Untracked 
| 162|0x00000000ea200000, 0x00000000ea200000, 0x00000000ea300000|  0%| F|  |TAMS 0x00000000ea200000, 0x00000000ea200000| Untracked 
| 163|0x00000000ea300000, 0x00000000ea300000, 0x00000000ea400000|  0%| F|  |TAMS 0x00000000ea300000, 0x00000000ea300000| Untracked 
| 164|0x00000000ea400000, 0x00000000ea400000, 0x00000000ea500000|  0%| F|  |TAMS 0x00000000ea400000, 0x00000000ea400000| Untracked 
| 165|0x00000000ea500000, 0x00000000ea500000, 0x00000000ea600000|  0%| F|  |TAMS 0x00000000ea500000, 0x00000000ea500000| Untracked 
| 166|0x00000000ea600000, 0x00000000ea600000, 0x00000000ea700000|  0%| F|  |TAMS 0x00000000ea600000, 0x00000000ea600000| Untracked 
| 167|0x00000000ea700000, 0x00000000ea700000, 0x00000000ea800000|  0%| F|  |TAMS 0x00000000ea700000, 0x00000000ea700000| Untracked 
| 168|0x00000000ea800000, 0x00000000ea800000, 0x00000000ea900000|  0%| F|  |TAMS 0x00000000ea800000, 0x00000000ea800000| Untracked 
| 169|0x00000000ea900000, 0x00000000ea900000, 0x00000000eaa00000|  0%| F|  |TAMS 0x00000000ea900000, 0x00000000ea900000| Untracked 
| 170|0x00000000eaa00000, 0x00000000eaa00000, 0x00000000eab00000|  0%| F|  |TAMS 0x00000000eaa00000, 0x00000000eaa00000| Untracked 
| 171|0x00000000eab00000, 0x00000000eab00000, 0x00000000eac00000|  0%| F|  |TAMS 0x00000000eab00000, 0x00000000eab00000| Untracked 
| 172|0x00000000eac00000, 0x00000000eac00000, 0x00000000ead00000|  0%| F|  |TAMS 0x00000000eac00000, 0x00000000eac00000| Untracked 
| 173|0x00000000ead00000, 0x00000000ead00000, 0x00000000eae00000|  0%| F|  |TAMS 0x00000000ead00000, 0x00000000ead00000| Untracked 
| 174|0x00000000eae00000, 0x00000000eae00000, 0x00000000eaf00000|  0%| F|  |TAMS 0x00000000eae00000, 0x00000000eae00000| Untracked 
| 175|0x00000000eaf00000, 0x00000000eaf00000, 0x00000000eb000000|  0%| F|  |TAMS 0x00000000eaf00000, 0x00000000eaf00000| Untracked 
| 176|0x00000000eb000000, 0x00000000eb000000, 0x00000000eb100000|  0%| F|  |TAMS 0x00000000eb000000, 0x00000000eb000000| Untracked 
| 177|0x00000000eb100000, 0x00000000eb100000, 0x00000000eb200000|  0%| F|  |TAMS 0x00000000eb100000, 0x00000000eb100000| Untracked 
| 178|0x00000000eb200000, 0x00000000eb200000, 0x00000000eb300000|  0%| F|  |TAMS 0x00000000eb200000, 0x00000000eb200000| Untracked 
| 179|0x00000000eb300000, 0x00000000eb300000, 0x00000000eb400000|  0%| F|  |TAMS 0x00000000eb300000, 0x00000000eb300000| Untracked 
| 180|0x00000000eb400000, 0x00000000eb400000, 0x00000000eb500000|  0%| F|  |TAMS 0x00000000eb400000, 0x00000000eb400000| Untracked 
| 181|0x00000000eb500000, 0x00000000eb500000, 0x00000000eb600000|  0%| F|  |TAMS 0x00000000eb500000, 0x00000000eb500000| Untracked 
| 182|0x00000000eb600000, 0x00000000eb600000, 0x00000000eb700000|  0%| F|  |TAMS 0x00000000eb600000, 0x00000000eb600000| Untracked 
| 183|0x00000000eb700000, 0x00000000eb700000, 0x00000000eb800000|  0%| F|  |TAMS 0x00000000eb700000, 0x00000000eb700000| Untracked 
| 184|0x00000000eb800000, 0x00000000eb800000, 0x00000000eb900000|  0%| F|  |TAMS 0x00000000eb800000, 0x00000000eb800000| Untracked 
| 185|0x00000000eb900000, 0x00000000eb900000, 0x00000000eba00000|  0%| F|  |TAMS 0x00000000eb900000, 0x00000000eb900000| Untracked 
| 186|0x00000000eba00000, 0x00000000eba00000, 0x00000000ebb00000|  0%| F|  |TAMS 0x00000000eba00000, 0x00000000eba00000| Untracked 
| 187|0x00000000ebb00000, 0x00000000ebb00000, 0x00000000ebc00000|  0%| F|  |TAMS 0x00000000ebb00000, 0x00000000ebb00000| Untracked 
| 188|0x00000000ebc00000, 0x00000000ebc00000, 0x00000000ebd00000|  0%| F|  |TAMS 0x00000000ebc00000, 0x00000000ebc00000| Untracked 
| 189|0x00000000ebd00000, 0x00000000ebd00000, 0x00000000ebe00000|  0%| F|  |TAMS 0x00000000ebd00000, 0x00000000ebd00000| Untracked 
| 190|0x00000000ebe00000, 0x00000000ebe00000, 0x00000000ebf00000|  0%| F|  |TAMS 0x00000000ebe00000, 0x00000000ebe00000| Untracked 
| 191|0x00000000ebf00000, 0x00000000ebf00000, 0x00000000ec000000|  0%| F|  |TAMS 0x00000000ebf00000, 0x00000000ebf00000| Untracked 
| 192|0x00000000ec000000, 0x00000000ec000000, 0x00000000ec100000|  0%| F|  |TAMS 0x00000000ec000000, 0x00000000ec000000| Untracked 
| 193|0x00000000ec100000, 0x00000000ec100000, 0x00000000ec200000|  0%| F|  |TAMS 0x00000000ec100000, 0x00000000ec100000| Untracked 
| 194|0x00000000ec200000, 0x00000000ec200000, 0x00000000ec300000|  0%| F|  |TAMS 0x00000000ec200000, 0x00000000ec200000| Untracked 
| 195|0x00000000ec300000, 0x00000000ec300000, 0x00000000ec400000|  0%| F|  |TAMS 0x00000000ec300000, 0x00000000ec300000| Untracked 
| 196|0x00000000ec400000, 0x00000000ec400000, 0x00000000ec500000|  0%| F|  |TAMS 0x00000000ec400000, 0x00000000ec400000| Untracked 
| 197|0x00000000ec500000, 0x00000000ec500000, 0x00000000ec600000|  0%| F|  |TAMS 0x00000000ec500000, 0x00000000ec500000| Untracked 
| 198|0x00000000ec600000, 0x00000000ec600000, 0x00000000ec700000|  0%| F|  |TAMS 0x00000000ec600000, 0x00000000ec600000| Untracked 
| 199|0x00000000ec700000, 0x00000000ec700000, 0x00000000ec800000|  0%| F|  |TAMS 0x00000000ec700000, 0x00000000ec700000| Untracked 
| 200|0x00000000ec800000, 0x00000000ec800000, 0x00000000ec900000|  0%| F|  |TAMS 0x00000000ec800000, 0x00000000ec800000| Untracked 
| 201|0x00000000ec900000, 0x00000000ec900000, 0x00000000eca00000|  0%| F|  |TAMS 0x00000000ec900000, 0x00000000ec900000| Untracked 
| 202|0x00000000eca00000, 0x00000000eca00000, 0x00000000ecb00000|  0%| F|  |TAMS 0x00000000eca00000, 0x00000000eca00000| Untracked 
| 203|0x00000000ecb00000, 0x00000000ecb00000, 0x00000000ecc00000|  0%| F|  |TAMS 0x00000000ecb00000, 0x00000000ecb00000| Untracked 
| 204|0x00000000ecc00000, 0x00000000ecc00000, 0x00000000ecd00000|  0%| F|  |TAMS 0x00000000ecc00000, 0x00000000ecc00000| Untracked 
| 205|0x00000000ecd00000, 0x00000000ecd00000, 0x00000000ece00000|  0%| F|  |TAMS 0x00000000ecd00000, 0x00000000ecd00000| Untracked 
| 206|0x00000000ece00000, 0x00000000ece00000, 0x00000000ecf00000|  0%| F|  |TAMS 0x00000000ece00000, 0x00000000ece00000| Untracked 
| 207|0x00000000ecf00000, 0x00000000ecf00000, 0x00000000ed000000|  0%| F|  |TAMS 0x00000000ecf00000, 0x00000000ecf00000| Untracked 
| 208|0x00000000ed000000, 0x00000000ed000000, 0x00000000ed100000|  0%| F|  |TAMS 0x00000000ed000000, 0x00000000ed000000| Untracked 
| 209|0x00000000ed100000, 0x00000000ed100000, 0x00000000ed200000|  0%| F|  |TAMS 0x00000000ed100000, 0x00000000ed100000| Untracked 
| 210|0x00000000ed200000, 0x00000000ed200000, 0x00000000ed300000|  0%| F|  |TAMS 0x00000000ed200000, 0x00000000ed200000| Untracked 
| 211|0x00000000ed300000, 0x00000000ed300000, 0x00000000ed400000|  0%| F|  |TAMS 0x00000000ed300000, 0x00000000ed300000| Untracked 
| 212|0x00000000ed400000, 0x00000000ed400000, 0x00000000ed500000|  0%| F|  |TAMS 0x00000000ed400000, 0x00000000ed400000| Untracked 
| 213|0x00000000ed500000, 0x00000000ed500000, 0x00000000ed600000|  0%| F|  |TAMS 0x00000000ed500000, 0x00000000ed500000| Untracked 
| 214|0x00000000ed600000, 0x00000000ed600000, 0x00000000ed700000|  0%| F|  |TAMS 0x00000000ed600000, 0x00000000ed600000| Untracked 
| 215|0x00000000ed700000, 0x00000000ed700000, 0x00000000ed800000|  0%| F|  |TAMS 0x00000000ed700000, 0x00000000ed700000| Untracked 
| 216|0x00000000ed800000, 0x00000000ed800000, 0x00000000ed900000|  0%| F|  |TAMS 0x00000000ed800000, 0x00000000ed800000| Untracked 
| 217|0x00000000ed900000, 0x00000000ed900000, 0x00000000eda00000|  0%| F|  |TAMS 0x00000000ed900000, 0x00000000ed900000| Untracked 
| 218|0x00000000eda00000, 0x00000000eda00000, 0x00000000edb00000|  0%| F|  |TAMS 0x00000000eda00000, 0x00000000eda00000| Untracked 
| 219|0x00000000edb00000, 0x00000000edb00000, 0x00000000edc00000|  0%| F|  |TAMS 0x00000000edb00000, 0x00000000edb00000| Untracked 
| 220|0x00000000edc00000, 0x00000000edc00000, 0x00000000edd00000|  0%| F|  |TAMS 0x00000000edc00000, 0x00000000edc00000| Untracked 
| 221|0x00000000edd00000, 0x00000000edd00000, 0x00000000ede00000|  0%| F|  |TAMS 0x00000000edd00000, 0x00000000edd00000| Untracked 
| 222|0x00000000ede00000, 0x00000000ede00000, 0x00000000edf00000|  0%| F|  |TAMS 0x00000000ede00000, 0x00000000ede00000| Untracked 
| 223|0x00000000edf00000, 0x00000000edf00000, 0x00000000ee000000|  0%| F|  |TAMS 0x00000000edf00000, 0x00000000edf00000| Untracked 
| 224|0x00000000ee000000, 0x00000000ee000000, 0x00000000ee100000|  0%| F|  |TAMS 0x00000000ee000000, 0x00000000ee000000| Untracked 
| 225|0x00000000ee100000, 0x00000000ee180800, 0x00000000ee200000| 50%| E|  |TAMS 0x00000000ee100000, 0x00000000ee100000| Complete 
| 226|0x00000000ee200000, 0x00000000ee300000, 0x00000000ee300000|100%| E|CS|TAMS 0x00000000ee200000, 0x00000000ee200000| Complete 
| 227|0x00000000ee300000, 0x00000000ee400000, 0x00000000ee400000|100%| E|CS|TAMS 0x00000000ee300000, 0x00000000ee300000| Complete 
| 228|0x00000000ee400000, 0x00000000ee500000, 0x00000000ee500000|100%| E|CS|TAMS 0x00000000ee400000, 0x00000000ee400000| Complete 
| 229|0x00000000ee500000, 0x00000000ee600000, 0x00000000ee600000|100%| E|CS|TAMS 0x00000000ee500000, 0x00000000ee500000| Complete 
| 230|0x00000000ee600000, 0x00000000ee700000, 0x00000000ee700000|100%| E|CS|TAMS 0x00000000ee600000, 0x00000000ee600000| Complete 
| 231|0x00000000ee700000, 0x00000000ee800000, 0x00000000ee800000|100%| E|CS|TAMS 0x00000000ee700000, 0x00000000ee700000| Complete 
| 232|0x00000000ee800000, 0x00000000ee900000, 0x00000000ee900000|100%| E|CS|TAMS 0x00000000ee800000, 0x00000000ee800000| Complete 
| 233|0x00000000ee900000, 0x00000000eea00000, 0x00000000eea00000|100%| E|CS|TAMS 0x00000000ee900000, 0x00000000ee900000| Complete 
| 234|0x00000000eea00000, 0x00000000eeb00000, 0x00000000eeb00000|100%| E|CS|TAMS 0x00000000eea00000, 0x00000000eea00000| Complete 
| 235|0x00000000eeb00000, 0x00000000eec00000, 0x00000000eec00000|100%| E|CS|TAMS 0x00000000eeb00000, 0x00000000eeb00000| Complete 
| 236|0x00000000eec00000, 0x00000000eed00000, 0x00000000eed00000|100%| E|CS|TAMS 0x00000000eec00000, 0x00000000eec00000| Complete 
| 237|0x00000000eed00000, 0x00000000eee00000, 0x00000000eee00000|100%| E|CS|TAMS 0x00000000eed00000, 0x00000000eed00000| Complete 
| 238|0x00000000eee00000, 0x00000000eef00000, 0x00000000eef00000|100%| E|CS|TAMS 0x00000000eee00000, 0x00000000eee00000| Complete 
| 239|0x00000000eef00000, 0x00000000ef000000, 0x00000000ef000000|100%| E|CS|TAMS 0x00000000eef00000, 0x00000000eef00000| Complete 
| 240|0x00000000ef000000, 0x00000000ef100000, 0x00000000ef100000|100%| E|CS|TAMS 0x00000000ef000000, 0x00000000ef000000| Complete 
| 241|0x00000000ef100000, 0x00000000ef200000, 0x00000000ef200000|100%| E|CS|TAMS 0x00000000ef100000, 0x00000000ef100000| Complete 
| 242|0x00000000ef200000, 0x00000000ef300000, 0x00000000ef300000|100%| E|CS|TAMS 0x00000000ef200000, 0x00000000ef200000| Complete 
| 243|0x00000000ef300000, 0x00000000ef400000, 0x00000000ef400000|100%| E|CS|TAMS 0x00000000ef300000, 0x00000000ef300000| Complete 
| 244|0x00000000ef400000, 0x00000000ef500000, 0x00000000ef500000|100%| E|CS|TAMS 0x00000000ef400000, 0x00000000ef400000| Complete 
| 245|0x00000000ef500000, 0x00000000ef600000, 0x00000000ef600000|100%| E|CS|TAMS 0x00000000ef500000, 0x00000000ef500000| Complete 
| 246|0x00000000ef600000, 0x00000000ef700000, 0x00000000ef700000|100%| E|CS|TAMS 0x00000000ef600000, 0x00000000ef600000| Complete 
| 247|0x00000000ef700000, 0x00000000ef800000, 0x00000000ef800000|100%| E|CS|TAMS 0x00000000ef700000, 0x00000000ef700000| Complete 
| 248|0x00000000ef800000, 0x00000000ef900000, 0x00000000ef900000|100%| E|CS|TAMS 0x00000000ef800000, 0x00000000ef800000| Complete 
| 249|0x00000000ef900000, 0x00000000efa00000, 0x00000000efa00000|100%| E|CS|TAMS 0x00000000ef900000, 0x00000000ef900000| Complete 
| 250|0x00000000efa00000, 0x00000000efb00000, 0x00000000efb00000|100%| E|CS|TAMS 0x00000000efa00000, 0x00000000efa00000| Complete 
| 251|0x00000000efb00000, 0x00000000efc00000, 0x00000000efc00000|100%| E|CS|TAMS 0x00000000efb00000, 0x00000000efb00000| Complete 
| 252|0x00000000efc00000, 0x00000000efd00000, 0x00000000efd00000|100%| E|CS|TAMS 0x00000000efc00000, 0x00000000efc00000| Complete 
| 253|0x00000000efd00000, 0x00000000efe00000, 0x00000000efe00000|100%| E|CS|TAMS 0x00000000efd00000, 0x00000000efd00000| Complete 
| 254|0x00000000efe00000, 0x00000000eff00000, 0x00000000eff00000|100%| E|CS|TAMS 0x00000000efe00000, 0x00000000efe00000| Complete 
| 255|0x00000000eff00000, 0x00000000f0000000, 0x00000000f0000000|100%| E|CS|TAMS 0x00000000eff00000, 0x00000000eff00000| Complete 

Card table byte_map: [0x000001727c2b0000,0x000001727c3b0000] _byte_map_base: 0x000001727bbb0000

Marking Bits (Prev, Next): (CMBitMap*) 0x0000017279eba358, (CMBitMap*) 0x0000017279eba390
 Prev Bits: [0x000001727c4b0000, 0x000001727ccb0000)
 Next Bits: [0x000001727ccb0000, 0x000001727d4b0000)

Polling page: 0x0000017279f70000

Metaspace:

Usage:
  Non-class:     50.01 MB capacity,    49.23 MB ( 98%) used,   635.68 KB (  1%) free+waste,   159.38 KB ( <1%) overhead. 
      Class:      7.93 MB capacity,     7.34 MB ( 93%) used,   523.99 KB (  6%) free+waste,    78.69 KB ( <1%) overhead. 
       Both:     57.94 MB capacity,    56.57 MB ( 98%) used,     1.13 MB (  2%) free+waste,   238.06 KB ( <1%) overhead. 

Virtual space:
  Non-class space:       52.00 MB reserved,      50.25 MB ( 97%) committed 
      Class space:      376.00 MB reserved,       8.00 MB (  2%) committed 
             Both:      428.00 MB reserved,      58.25 MB ( 14%) committed 

Chunk freelists:
   Non-Class:  7.13 KB
       Class:  768 bytes
        Both:  7.88 KB

CodeHeap 'non-profiled nmethods': size=120000Kb used=3257Kb max_used=3257Kb free=116742Kb
 bounds [0x000001720f0c0000, 0x000001720f3f0000, 0x00000172165f0000]
CodeHeap 'profiled nmethods': size=120000Kb used=10905Kb max_used=10905Kb free=109094Kb
 bounds [0x0000017207b90000, 0x0000017208640000, 0x000001720f0c0000]
CodeHeap 'non-nmethods': size=5760Kb used=2241Kb max_used=2275Kb free=3518Kb
 bounds [0x00000172075f0000, 0x0000017207860000, 0x0000017207b90000]
 total_blobs=6006 nmethods=5180 adapters=737
 compilation: enabled
              stopped_count=0, restarted_count=0
 full_count=0

Compilation events (10 events):
Event: 10.101 Thread 0x0000017216e72800 5231       3       java.lang.String::hashCode (49 bytes)
Event: 10.102 Thread 0x0000017216e72800 nmethod 5231 0x000001720862c990 code [0x000001720862cb60, 0x000001720862cf68]
Event: 10.104 Thread 0x0000017216e72800 5233   !   3       java.util.concurrent.ConcurrentHashMap::transfer (828 bytes)
Event: 10.109 Thread 0x0000017216e72800 nmethod 5233 0x000001720862d090 code [0x000001720862d4e0, 0x00000172086306c8]
Event: 10.112 Thread 0x0000017216e72800 5235       2       sun.net.util.URLUtil::urlNoFragString (114 bytes)
Event: 10.113 Thread 0x0000017216e72800 nmethod 5235 0x0000017208631b90 code [0x0000017208631de0, 0x0000017208632338]
Event: 10.113 Thread 0x0000017216e72800 5236       2       java.net.URL::getDefaultPort (8 bytes)
Event: 10.113 Thread 0x0000017216e72800 nmethod 5236 0x0000017208632690 code [0x0000017208632820, 0x0000017208632948]
Event: 10.160 Thread 0x0000017216e72800 5237       3       java.net.URLStreamHandler::setURL (73 bytes)
Event: 10.161 Thread 0x0000017216e72800 nmethod 5237 0x0000017208632a10 code [0x0000017208632cc0, 0x00000172086339f8]

GC Heap History (10 events):
Event: 3.516 GC heap before
{Heap before GC invocations=2 (full 0):
 garbage-first heap   total 262144K, used 45341K [0x00000000e0000000, 0x0000000100000000)
  region size 1024K, 37 young (37888K), 9 survivors (9216K)
 Metaspace       used 20696K, capacity 21167K, committed 21296K, reserved 405504K
  class space    used 2502K, capacity 2665K, committed 2688K, reserved 385024K
}
Event: 3.524 GC heap after
{Heap after GC invocations=3 (full 0):
 garbage-first heap   total 262144K, used 18440K [0x00000000e0000000, 0x0000000100000000)
  region size 1024K, 2 young (2048K), 2 survivors (2048K)
 Metaspace       used 20696K, capacity 21167K, committed 21296K, reserved 405504K
  class space    used 2502K, capacity 2665K, committed 2688K, reserved 385024K
}
Event: 4.232 GC heap before
{Heap before GC invocations=4 (full 0):
 garbage-first heap   total 262144K, used 87048K [0x00000000e0000000, 0x0000000100000000)
  region size 1024K, 69 young (70656K), 2 survivors (2048K)
 Metaspace       used 26279K, capacity 26993K, committed 27264K, reserved 409600K
  class space    used 3412K, capacity 3677K, committed 3712K, reserved 385024K
}
Event: 4.238 GC heap after
{Heap after GC invocations=5 (full 0):
 garbage-first heap   total 262144K, used 20537K [0x00000000e0000000, 0x0000000100000000)
  region size 1024K, 4 young (4096K), 4 survivors (4096K)
 Metaspace       used 26279K, capacity 26993K, committed 27264K, reserved 409600K
  class space    used 3412K, capacity 3677K, committed 3712K, reserved 385024K
}
Event: 5.841 GC heap before
{Heap before GC invocations=5 (full 0):
 garbage-first heap   total 262144K, used 105529K [0x00000000e0000000, 0x0000000100000000)
  region size 1024K, 89 young (91136K), 4 survivors (4096K)
 Metaspace       used 35103K, capacity 35927K, committed 35968K, reserved 417792K
  class space    used 4630K, capacity 4965K, committed 4992K, reserved 385024K
}
Event: 5.855 GC heap after
{Heap after GC invocations=6 (full 0):
 garbage-first heap   total 262144K, used 23790K [0x00000000e0000000, 0x0000000100000000)
  region size 1024K, 7 young (7168K), 7 survivors (7168K)
 Metaspace       used 35103K, capacity 35927K, committed 35968K, reserved 417792K
  class space    used 4630K, capacity 4965K, committed 4992K, reserved 385024K
}
Event: 7.732 GC heap before
{Heap before GC invocations=7 (full 0):
 garbage-first heap   total 262144K, used 153838K [0x00000000e0000000, 0x0000000100000000)
  region size 1024K, 133 young (136192K), 7 survivors (7168K)
 Metaspace       used 49937K, capacity 51233K, committed 51328K, reserved 430080K
  class space    used 6541K, capacity 7030K, committed 7040K, reserved 385024K
}
Event: 7.752 GC heap after
{Heap after GC invocations=8 (full 0):
 garbage-first heap   total 262144K, used 31457K [0x00000000e0000000, 0x0000000100000000)
  region size 1024K, 14 young (14336K), 14 survivors (14336K)
 Metaspace       used 49937K, capacity 51233K, committed 51328K, reserved 430080K
  class space    used 6541K, capacity 7030K, committed 7040K, reserved 385024K
}
Event: 9.702 GC heap before
{Heap before GC invocations=8 (full 0):
 garbage-first heap   total 262144K, used 175841K [0x00000000e0000000, 0x0000000100000000)
  region size 1024K, 151 young (154624K), 14 survivors (14336K)
 Metaspace       used 54055K, capacity 55410K, committed 55552K, reserved 434176K
  class space    used 7040K, capacity 7609K, committed 7680K, reserved 385024K
}
Event: 9.718 GC heap after
{Heap after GC invocations=9 (full 0):
 garbage-first heap   total 262144K, used 34195K [0x00000000e0000000, 0x0000000100000000)
  region size 1024K, 11 young (11264K), 11 survivors (11264K)
 Metaspace       used 54055K, capacity 55410K, committed 55552K, reserved 434176K
  class space    used 7040K, capacity 7609K, committed 7680K, reserved 385024K
}

Deoptimization events (10 events):
Event: 10.075 Thread 0x00000172190c9000 Uncommon trap: reason=unstable_if action=reinterpret pc=0x000001720f0ec24c method=java.util.Properties$LineReader.readLine()I @ 249 c2
Event: 10.081 Thread 0x00000172190c9000 Uncommon trap: reason=unstable_if action=reinterpret pc=0x000001720f156c0c method=java.lang.StringUTF16.compress([CII)[B @ 13 c2
Event: 10.081 Thread 0x00000172190c9000 Uncommon trap: reason=unstable_if action=reinterpret pc=0x000001720f1bc6b0 method=java.lang.String.startsWith(Ljava/lang/String;I)Z @ 46 c2
Event: 10.081 Thread 0x00000172190c9000 Uncommon trap: reason=unstable_if action=reinterpret pc=0x000001720f11a4e4 method=java.lang.String.startsWith(Ljava/lang/String;I)Z @ 46 c2
Event: 10.081 Thread 0x00000172190c9000 Uncommon trap: reason=unstable_if action=reinterpret pc=0x000001720f0dfd4c method=java.lang.StringUTF16.compress([CII)[B @ 13 c2
Event: 10.081 Thread 0x00000172190c9000 Uncommon trap: reason=unstable_if action=reinterpret pc=0x000001720f0d8510 method=java.lang.StringUTF16.compress([CI[BII)I @ 20 c2
Event: 10.091 Thread 0x00000172190c9000 Uncommon trap: reason=unstable_if action=reinterpret pc=0x000001720f28cfc4 method=java.lang.String.indexOf(Ljava/lang/String;)I @ 8 c2
Event: 10.098 Thread 0x00000172190c9000 Uncommon trap: reason=unstable_if action=reinterpret pc=0x000001720f372cb8 method=java.util.concurrent.ConcurrentHashMap.putVal(Ljava/lang/Object;Ljava/lang/Object;Z)Ljava/lang/Object; @ 245 c2
Event: 10.098 Thread 0x00000172190c9000 Uncommon trap: reason=unstable_if action=reinterpret pc=0x000001720f0c7f88 method=java.lang.String.isLatin1()Z @ 10 c2
Event: 10.104 Thread 0x00000172190c9000 Uncommon trap: reason=unstable_if action=reinterpret pc=0x000001720f3d37d0 method=java.util.concurrent.ConcurrentHashMap.transfer([Ljava/util/concurrent/ConcurrentHashMap$Node;[Ljava/util/concurrent/ConcurrentHashMap$Node;)V @ 352 c2

Classes redefined (0 events):
No events

Internal exceptions (10 events):
Event: 9.237 Thread 0x00000172190c9000 Exception <a 'java/lang/ClassNotFoundException'{0x00000000e9a98930}: org/gradle/internal/metaobject/ConfigureDelegateBeanInfo> (0x00000000e9a98930) thrown at [./open/src/hotspot/share/classfile/systemDictionary.cpp, line 226]
Event: 9.238 Thread 0x00000172190c9000 Exception <a 'java/lang/ClassNotFoundException'{0x00000000e9ac1f68}: org/gradle/internal/metaobject/ConfigureDelegateCustomizer> (0x00000000e9ac1f68) thrown at [./open/src/hotspot/share/classfile/systemDictionary.cpp, line 226]
Event: 9.255 Thread 0x00000172190c9000 Exception <a 'java/lang/ClassNotFoundException'{0x00000000e99c3068}: org/gradle/plugin/use/internal/PluginRequestCollector$PluginDependenciesSpecImplBeanInfo> (0x00000000e99c3068) thrown at [./open/src/hotspot/share/classfile/systemDictionary.cpp, line 22
Event: 9.257 Thread 0x00000172190c9000 Exception <a 'java/lang/ClassNotFoundException'{0x00000000e99f51b8}: org/gradle/plugin/use/internal/PluginRequestCollector$PluginDependenciesSpecImplCustomizer> (0x00000000e99f51b8) thrown at [./open/src/hotspot/share/classfile/systemDictionary.cpp, line 
Event: 9.264 Thread 0x00000172190c9000 Exception <a 'java/lang/ClassNotFoundException'{0x00000000e9866130}: org/gradle/plugin/use/internal/PluginRequestCollector$PluginDependencySpecImplBeanInfo> (0x00000000e9866130) thrown at [./open/src/hotspot/share/classfile/systemDictionary.cpp, line 226]
Event: 9.266 Thread 0x00000172190c9000 Exception <a 'java/lang/ClassNotFoundException'{0x00000000e9897680}: org/gradle/plugin/use/internal/PluginRequestCollector$PluginDependencySpecImplCustomizer> (0x00000000e9897680) thrown at [./open/src/hotspot/share/classfile/systemDictionary.cpp, line 22
Event: 9.764 Thread 0x00000172190c9000 Implicit null exception at 0x000001720f0f9257 to 0x000001720f0f9750
Event: 9.770 Thread 0x00000172190c9000 Implicit null exception at 0x000001720f28d5cb to 0x000001720f28d5ec
Event: 9.771 Thread 0x00000172190c9000 Implicit null exception at 0x000001720f0ffc54 to 0x000001720f100188
Event: 9.867 Thread 0x00000172190c9000 Exception <a 'sun/nio/fs/WindowsException'{0x00000000ef318ff8}> (0x00000000ef318ff8) thrown at [./open/src/hotspot/share/prims/jni.cpp, line 611]

Events (10 events):
Event: 10.165 loading class org/apache/http/impl/DefaultHttpResponseFactory
Event: 10.165 loading class org/apache/http/impl/DefaultHttpResponseFactory done
Event: 10.166 loading class org/apache/http/HttpResponse
Event: 10.166 loading class org/apache/http/HttpResponse done
Event: 10.167 loading class org/apache/http/ReasonPhraseCatalog
Event: 10.167 loading class org/apache/http/ReasonPhraseCatalog done
Event: 10.167 loading class org/apache/http/impl/EnglishReasonPhraseCatalog
Event: 10.167 loading class org/apache/http/impl/EnglishReasonPhraseCatalog done
Event: 10.168 loading class org/apache/http/impl/entity/LaxContentLengthStrategy
Event: 10.168 loading class org/apache/http/impl/entity/LaxContentLengthStrategy done


Dynamic libraries:
0x00007ff729840000 - 0x00007ff72984f000 	C:\Program Files\Java\jdk-11.0.17\bin\java.exe
0x00007ff918fb0000 - 0x00007ff9191a8000 	C:\WINDOWS\SYSTEM32\ntdll.dll
0x00007ff917500000 - 0x00007ff9175bd000 	C:\WINDOWS\System32\KERNEL32.DLL
0x00007ff9168b0000 - 0x00007ff916ba6000 	C:\WINDOWS\System32\KERNELBASE.dll
0x00007ff916dd0000 - 0x00007ff916ed0000 	C:\WINDOWS\System32\ucrtbase.dll
0x00007ff9036c0000 - 0x00007ff9036d5000 	C:\Program Files\Java\jdk-11.0.17\bin\VCRUNTIME140.dll
0x00007ff9056e0000 - 0x00007ff9056f8000 	C:\Program Files\Java\jdk-11.0.17\bin\jli.dll
0x00007ff918d80000 - 0x00007ff918e33000 	C:\WINDOWS\System32\ADVAPI32.dll
0x00007ff918210000 - 0x00007ff9182ae000 	C:\WINDOWS\System32\msvcrt.dll
0x00007ff9173e0000 - 0x00007ff91747f000 	C:\WINDOWS\System32\sechost.dll
0x00007ff918e40000 - 0x00007ff918f66000 	C:\WINDOWS\System32\RPCRT4.dll
0x00007ff9166e0000 - 0x00007ff916707000 	C:\WINDOWS\System32\bcrypt.dll
0x00007ff918070000 - 0x00007ff91820e000 	C:\WINDOWS\System32\USER32.dll
0x00007ff916bb0000 - 0x00007ff916bd2000 	C:\WINDOWS\System32\win32u.dll
0x00007ff9039e0000 - 0x00007ff903c7a000 	C:\WINDOWS\WinSxS\amd64_microsoft.windows.common-controls_6595b64144ccf1df_6.0.19041.3636_none_60b6a03d71f818d5\COMCTL32.dll
0x00007ff9179e0000 - 0x00007ff917a0b000 	C:\WINDOWS\System32\GDI32.dll
0x00007ff916ed0000 - 0x00007ff916fe7000 	C:\WINDOWS\System32\gdi32full.dll
0x00007ff916810000 - 0x00007ff9168ad000 	C:\WINDOWS\System32\msvcp_win.dll
0x00007ff90f560000 - 0x00007ff90f56a000 	C:\WINDOWS\SYSTEM32\VERSION.dll
0x00007ff918bc0000 - 0x00007ff918bf2000 	C:\WINDOWS\System32\IMM32.DLL
0x00007ff8e8fe0000 - 0x00007ff8e907b000 	C:\Program Files\Java\jdk-11.0.17\bin\msvcp140.dll
0x00007ff8b8610000 - 0x00007ff8b912a000 	C:\Program Files\Java\jdk-11.0.17\bin\server\jvm.dll
0x00007ff918bb0000 - 0x00007ff918bb8000 	C:\WINDOWS\System32\PSAPI.DLL
0x00007ff906b10000 - 0x00007ff906b19000 	C:\WINDOWS\SYSTEM32\WSOCK32.dll
0x00007ff8ff8a0000 - 0x00007ff8ff8c7000 	C:\WINDOWS\SYSTEM32\WINMM.dll
0x00007ff918c00000 - 0x00007ff918c6b000 	C:\WINDOWS\System32\WS2_32.dll
0x00007ff914e70000 - 0x00007ff914e82000 	C:\WINDOWS\SYSTEM32\kernel.appcore.dll
0x00007ff9119f0000 - 0x00007ff911a00000 	C:\Program Files\Java\jdk-11.0.17\bin\verify.dll
0x00007ff914360000 - 0x00007ff914544000 	C:\WINDOWS\SYSTEM32\DBGHELP.DLL
0x00007ff8fd360000 - 0x00007ff8fd394000 	C:\WINDOWS\SYSTEM32\dbgcore.DLL
0x00007ff916be0000 - 0x00007ff916c62000 	C:\WINDOWS\System32\bcryptPrimitives.dll
0x00007ff8eda30000 - 0x00007ff8eda58000 	C:\Program Files\Java\jdk-11.0.17\bin\java.dll
0x00007ff906f20000 - 0x00007ff906f2a000 	C:\Program Files\Java\jdk-11.0.17\bin\jimage.dll
0x00007ff8f7170000 - 0x00007ff8f717e000 	C:\Program Files\Java\jdk-11.0.17\bin\instrument.dll
0x00007ff8f4ff0000 - 0x00007ff8f5006000 	C:\Program Files\Java\jdk-11.0.17\bin\zip.dll
0x00007ff918390000 - 0x00007ff918ad5000 	C:\WINDOWS\System32\SHELL32.dll
0x00007ff914550000 - 0x00007ff914cec000 	C:\WINDOWS\SYSTEM32\windows.storage.dll
0x00007ff917680000 - 0x00007ff9179d4000 	C:\WINDOWS\System32\combase.dll
0x00007ff916030000 - 0x00007ff91605e000 	C:\WINDOWS\SYSTEM32\Wldp.dll
0x00007ff918ae0000 - 0x00007ff918bad000 	C:\WINDOWS\System32\OLEAUT32.dll
0x00007ff917050000 - 0x00007ff9170fd000 	C:\WINDOWS\System32\SHCORE.dll
0x00007ff916ff0000 - 0x00007ff917045000 	C:\WINDOWS\System32\shlwapi.dll
0x00007ff9165a0000 - 0x00007ff9165c5000 	C:\WINDOWS\SYSTEM32\profapi.dll
0x00007ff8f4b90000 - 0x00007ff8f4ba9000 	C:\Program Files\Java\jdk-11.0.17\bin\net.dll
0x00007ff90e0c0000 - 0x00007ff90e1ca000 	C:\WINDOWS\SYSTEM32\WINHTTP.dll
0x00007ff915d30000 - 0x00007ff915d9a000 	C:\WINDOWS\system32\mswsock.dll
0x00007ff8f1bf0000 - 0x00007ff8f1c02000 	C:\Program Files\Java\jdk-11.0.17\bin\nio.dll
0x00007ff8edb40000 - 0x00007ff8edb67000 	C:\Users\marko\.gradle\native\c067742578af261105cb4f569cf0c3c89f3d7b1fecec35dd04571415982c5e48\windows-amd64\native-platform.dll
0x00007ff8e5b00000 - 0x00007ff8e5c44000 	C:\Users\marko\.gradle\native\38dada09dfb8b06ba9b0570ebf7e218e3eb74d4ef43ca46872605cf95ebc2f47\windows-amd64\native-platform-file-events.dll
0x00007ff905a60000 - 0x00007ff905a69000 	C:\Program Files\Java\jdk-11.0.17\bin\management.dll
0x00007ff905990000 - 0x00007ff90599b000 	C:\Program Files\Java\jdk-11.0.17\bin\management_ext.dll
0x00007ff915f30000 - 0x00007ff915f48000 	C:\WINDOWS\SYSTEM32\CRYPTSP.dll
0x00007ff915620000 - 0x00007ff915654000 	C:\WINDOWS\system32\rsaenh.dll
0x00007ff916560000 - 0x00007ff91658e000 	C:\WINDOWS\SYSTEM32\USERENV.dll
0x00007ff915f20000 - 0x00007ff915f2c000 	C:\WINDOWS\SYSTEM32\CRYPTBASE.dll
0x00007ff915a00000 - 0x00007ff915a3b000 	C:\WINDOWS\SYSTEM32\IPHLPAPI.DLL
0x00007ff917f10000 - 0x00007ff917f18000 	C:\WINDOWS\System32\NSI.dll
0x00007ff90f660000 - 0x00007ff90f677000 	C:\WINDOWS\SYSTEM32\dhcpcsvc6.DLL
0x00007ff90f640000 - 0x00007ff90f65d000 	C:\WINDOWS\SYSTEM32\dhcpcsvc.DLL
0x00007ff915a40000 - 0x00007ff915b0b000 	C:\WINDOWS\SYSTEM32\DNSAPI.dll
0x00007ff8f5ec0000 - 0x00007ff8f5ecd000 	C:\Program Files\Java\jdk-11.0.17\bin\sunmscapi.dll
0x00007ff916c70000 - 0x00007ff916dcd000 	C:\WINDOWS\System32\CRYPT32.dll
0x00007ff9160a0000 - 0x00007ff9160c8000 	C:\WINDOWS\SYSTEM32\ncrypt.dll
0x00007ff916060000 - 0x00007ff91609b000 	C:\WINDOWS\SYSTEM32\NTASN1.dll
0x00007ff8ed930000 - 0x00007ff8ed955000 	C:\Program Files\Java\jdk-11.0.17\bin\sunec.dll

dbghelp: loaded successfully - version: 4.0.5 - missing functions: none
symbol engine: initialized successfully - sym options: 0x614 - pdb path: .;C:\Program Files\Java\jdk-11.0.17\bin;C:\WINDOWS\SYSTEM32;C:\WINDOWS\WinSxS\amd64_microsoft.windows.common-controls_6595b64144ccf1df_6.0.19041.3636_none_60b6a03d71f818d5;C:\Program Files\Java\jdk-11.0.17\bin\server;C:\Users\marko\.gradle\native\c067742578af261105cb4f569cf0c3c89f3d7b1fecec35dd04571415982c5e48\windows-amd64;C:\Users\marko\.gradle\native\38dada09dfb8b06ba9b0570ebf7e218e3eb74d4ef43ca46872605cf95ebc2f47\windows-amd64

VM Arguments:
jvm_args: --add-opens=java.base/java.util=ALL-UNNAMED --add-opens=java.base/java.lang=ALL-UNNAMED --add-opens=java.base/java.lang.invoke=ALL-UNNAMED --add-opens=java.prefs/java.util.prefs=ALL-UNNAMED --add-opens=java.base/java.nio.charset=ALL-UNNAMED --add-opens=java.base/java.net=ALL-UNNAMED --add-opens=java.base/java.util.concurrent.atomic=ALL-UNNAMED -XX:MaxMetaspaceSize=384m -XX:+HeapDumpOnOutOfMemoryError -Xms256m -Xmx512m -Dfile.encoding=windows-1252 -Duser.country=IT -Duser.language=it -Duser.variant -javaagent:C:\Users\marko\.gradle\wrapper\dists\gradle-8.4-bin\1w5dpkrfk8irigvoxmyhowfim\gradle-8.4\lib\agents\gradle-instrumentation-agent-8.4.jar 
java_command: org.gradle.launcher.daemon.bootstrap.GradleDaemon 8.4
java_class_path (initial): C:\Users\marko\.gradle\wrapper\dists\gradle-8.4-bin\1w5dpkrfk8irigvoxmyhowfim\gradle-8.4\lib\gradle-launcher-8.4.jar
Launcher Type: SUN_STANDARD

[Global flags]
     intx CICompilerCount                          = 4                                         {product} {ergonomic}
   size_t CompressedClassSpaceSize                 = 394264576                                 {product} {ergonomic}
     uint ConcGCThreads                            = 2                                         {product} {ergonomic}
     uint G1ConcRefinementThreads                  = 8                                         {product} {ergonomic}
   size_t G1HeapRegionSize                         = 1048576                                   {product} {ergonomic}
    uintx GCDrainStackTargetSize                   = 64                                        {product} {ergonomic}
     bool HeapDumpOnOutOfMemoryError               = true                                   {manageable} {command line}
   size_t InitialHeapSize                          = 268435456                                 {product} {command line}
   size_t MarkStackSize                            = 4194304                                   {product} {ergonomic}
   size_t MaxHeapSize                              = 536870912                                 {product} {command line}
   size_t MaxMetaspaceSize                         = 402653184                                 {product} {command line}
   size_t MaxNewSize                               = 321912832                                 {product} {ergonomic}
   size_t MinHeapDeltaBytes                        = 1048576                                   {product} {ergonomic}
    uintx NonNMethodCodeHeapSize                   = 5836300                                {pd product} {ergonomic}
    uintx NonProfiledCodeHeapSize                  = 122910970                              {pd product} {ergonomic}
    uintx ProfiledCodeHeapSize                     = 122910970                              {pd product} {ergonomic}
    uintx ReservedCodeCacheSize                    = 251658240                              {pd product} {ergonomic}
     bool SegmentedCodeCache                       = true                                      {product} {ergonomic}
     bool UseCompressedClassPointers               = true                                 {lp64_product} {ergonomic}
     bool UseCompressedOops                        = true                                 {lp64_product} {ergonomic}
     bool UseG1GC                                  = true                                      {product} {ergonomic}
     bool UseLargePagesIndividualAllocation        = false                                  {pd product} {ergonomic}

Logging:
Log output configuration:
 #0: stdout all=warning uptime,level,tags
 #1: stderr all=off uptime,level,tags

Environment Variables:
JAVA_HOME=C:\Program Files\Java\jdk-11.0.17
CLASSPATH=C:\Users\marko\Desktop\ISS2024\issLab24\servicemath24Synch\\gradle\wrapper\gradle-wrapper.jar
PATH=C:/Users/marko/Desktop/eclipse//plugins/org.eclipse.justj.openjdk.hotspot.jre.full.win32.x86_64_17.0.3.v20220515-1416/jre/bin/server;C:/Users/marko/Desktop/eclipse//plugins/org.eclipse.justj.openjdk.hotspot.jre.full.win32.x86_64_17.0.3.v20220515-1416/jre/bin;C:\Program Files\Java\jdk-11.0.17\bin;C:\Gradle\gradle-8.6\bin;C:\Program Files\Python310\Scripts\;C:\Program Files\Python310\;C:\Program Files\Common Files\Oracle\Java\javapath;C:\Program Files (x86)\Common Files\Oracle\Java\javapath;C:\Program Files (x86)\Razer Chroma SDK\bin;C:\Program Files\Razer Chroma SDK\bin;C:\Program Files (x86)\Razer\ChromaBroadcast\bin;C:\Program Files\Razer\ChromaBroadcast\bin;C:\Program Files (x86)\Intel\Intel(R) Management Engine Components\iCLS\;C:\Program Files\Intel\Intel(R) Management Engine Components\iCLS\;C:\WINDOWS\system32;C:\WINDOWS;C:\WINDOWS\System32\Wbem;C:\WINDOWS\System32\WindowsPowerShell\v1.0\;C:\Program Files (x86)\Intel\Intel(R) Management Engine Components\DAL;C:\Program Files\Intel\Intel(R) Management Engine Components\DAL;C:\Program Files (x86)\Intel\Intel(R) Management Engine Components\IPT;C:\Program Files\Intel\Intel(R) Management Engine Components\IPT;C:\WINDOWS\System32\OpenSSH\;C:\WINDOWS\system32\config\systemprofile\AppData\Local\Microsoft\WindowsApps;C:\WINDOWS\system32;C:\WINDOWS;C:\WINDOWS\System32\Wbem;C:\WINDOWS\System32\WindowsPowerShell\v1.0\;C:\WINDOWS\System32\OpenSSH\;C:\Users\marko\AppData\Roaming\nvm;C:\Program Files\nodejs;C:\Program Files\Git\cmd;C:\Program Files\Git LFS;C:\Users\marko\AppData\Roaming\Python\Python310\Scripts;;C:\Program Files\Docker\Docker\resources\bin;C:\Program Files\nodejs\;C:\Users\marko\AppData\Local\Programs\Microsoft VS Code\bin;C:\Users\marko\AppData\Local\Microsoft\WindowsApps;C:\Users\marko\AppData\Roaming\nvm;C:\Program Files\nodejs;C:\Users\marko\AppData\Roaming\Python\Python310\Scripts;C:\Users\marko\Desktop\antlr;;C:\Users\marko\AppData\Local\JetBrains\IntelliJ IDEA Community Edition 2022.3.2\bin;;C:\Use
USERNAME=marko
OS=Windows_NT
PROCESSOR_IDENTIFIER=Intel64 Family 6 Model 142 Stepping 10, GenuineIntel



---------------  S Y S T E M  ---------------

OS: Windows 10 , 64 bit Build 19041 (10.0.19041.3636)
Hyper-V role detected

CPU:total 8 (initial active 8) (4 cores per cpu, 2 threads per core) family 6 model 142 stepping 10 microcode 0xb4, cmov, cx8, fxsr, mmx, sse, sse2, sse3, ssse3, sse4.1, sse4.2, popcnt, avx, avx2, aes, clmul, erms, 3dnowpref, lzcnt, ht, tsc, tscinvbit, bmi1, bmi2, adx, fma

Memory: 4k page, system-wide physical 8058M (680M free)
TotalPageFile size 8058M (AvailPageFile size 5M)
current process WorkingSet (physical memory assigned to process): 391M, peak: 393M
current process commit charge ("private bytes"): 502M, peak: 505M

vm_info: Java HotSpot(TM) 64-Bit Server VM (11.0.17+10-LTS-269) for windows-amd64 JRE (11.0.17+10-LTS-269), built on Sep 13 2022 19:26:37 by "mach5one" with MS VC++ 15.9 (VS2017)

END.
