#
# There is insufficient memory for the Java Runtime Environment to continue.
# Native memory allocation (malloc) failed to allocate 131088 bytes for Chunk::new
# Possible reasons:
#   The system is out of physical RAM or swap space
#   The process is running with CompressedOops enabled, and the Java Heap may be blocking the growth of the native heap
# Possible solutions:
#   Reduce memory load on the system
#   Increase physical memory or swap space
#   Check if swap backing store is full
#   Decrease Java heap size (-Xmx/-Xms)
#   Decrease number of Java threads
#   Decrease Java thread stack sizes (-Xss)
#   Set larger code cache with -XX:ReservedCodeCacheSize=
#   JVM is running with Unscaled Compressed Oops mode in which the Java heap is
#     placed in the first 4GB address space. The Java Heap base address is the
#     maximum limit for the native heap growth. Please use -XX:HeapBaseMinAddress
#     to set the Java Heap base and to place the Java Heap above 4GB virtual address.
# This output file may be truncated or incomplete.
#
#  Out of Memory Error (arena.cpp:197), pid=8468, tid=14396
#
# JRE version: OpenJDK Runtime Environment Temurin-11.0.23+9 (11.0.23+9) (build 11.0.23+9)
# Java VM: OpenJDK 64-Bit Server VM Temurin-11.0.23+9 (11.0.23+9, mixed mode, tiered, compressed oops, g1 gc, windows-amd64)
# No core dump will be written. Minidumps are not enabled by default on client versions of Windows
#

---------------  S U M M A R Y ------------

Command Line: --module-path=C:\Users\marko\.gradle\caches\modules-2\files-2.1\org.openjfx\javafx-fxml\11\d5ff9262ef49d166db658d15f37e3ecff38fde4b\javafx-fxml-11-win.jar;C:\Users\marko\.gradle\caches\modules-2\files-2.1\org.openjfx\javafx-web\11\5c8a3b6cacde832437dff8e21a82749b5f66c1cf\javafx-web-11-win.jar;C:\Users\marko\.gradle\caches\modules-2\files-2.1\org.openjfx\javafx-controls\11\af8d24de44e16a19ae959028eb23a48c145fb682\javafx-controls-11-win.jar;C:\Users\marko\.gradle\caches\modules-2\files-2.1\org.openjfx\javafx-media\11\b7a33f3ff0cad17af71e883c0921bc6819cad9c8\javafx-media-11-win.jar;C:\Users\marko\.gradle\caches\modules-2\files-2.1\org.openjfx\javafx-graphics\11\9345c7ea43dbcc73a62eca5332717b4ce617e6c6\javafx-graphics-11-win.jar;C:\Users\marko\.gradle\caches\modules-2\files-2.1\org.openjfx\javafx-base\11\ad3a4acfaa28b484d30c40c1f009445cc3f6e68b\javafx-base-11-win.jar --add-modules=javafx.controls,javafx.fxml,javafx.web,javafx.graphics -Dfile.encoding=windows-1252 -Duser.country=IT -Duser.language=it -Duser.variant it.unibo.ctxbasicrobot.MainCtxbasicrobotKt

Host: Intel(R) Core(TM) i5-8250U CPU @ 1.60GHz, 8 cores, 7G,  Windows 10 , 64 bit Build 19041 (10.0.19041.3636)
Time: Tue May 28 11:29:59 2024 ora legale Europa occidentale elapsed time: 4.749797 seconds (0d 0h 0m 4s)

---------------  T H R E A D  ---------------

Current thread (0x0000021cd26ec000):  JavaThread "C2 CompilerThread1" daemon [_thread_in_native, id=14396, stack(0x000000ba4cd00000,0x000000ba4ce00000)]


Current CompileTask:
C2:   4750 1846       4       jdk.internal.org.objectweb.asm.Frame::execute (2264 bytes)

Stack: [0x000000ba4cd00000,0x000000ba4ce00000]
Native frames: (J=compiled Java code, j=interpreted, Vv=VM code, C=native code)
V  [jvm.dll+0x645caa]
V  [jvm.dll+0x7d9849]
V  [jvm.dll+0x7daf49]
V  [jvm.dll+0x7db633]
V  [jvm.dll+0x269845]
V  [jvm.dll+0xc1bfc]
V  [jvm.dll+0xc21ac]
V  [jvm.dll+0xc1d0b]
V  [jvm.dll+0x622aaf]
V  [jvm.dll+0x550f33]
V  [jvm.dll+0x220fab]
V  [jvm.dll+0x2234d9]
V  [jvm.dll+0x2206e4]
V  [jvm.dll+0x19e5c1]
V  [jvm.dll+0x2308a9]
V  [jvm.dll+0x22ea1f]
V  [jvm.dll+0x79aa01]
V  [jvm.dll+0x7936d4]
V  [jvm.dll+0x644a65]
C  [ucrtbase.dll+0x21bb2]
C  [KERNEL32.DLL+0x17344]
C  [ntdll.dll+0x526b1]


---------------  P R O C E S S  ---------------

Threads class SMR info:
_java_thread_list=0x0000021cd0ee5100, length=29, elements={
0x0000021ccf228800, 0x0000021ccf231000, 0x0000021ccf27e800, 0x0000021ccf280800,
0x0000021ccf281800, 0x0000021ccf286000, 0x0000021ccf293000, 0x0000021ccf298000,
0x0000021cce9b8000, 0x0000021cd05d7000, 0x0000021cd0896800, 0x0000021cd2253800,
0x0000021cd2252800, 0x0000021cd2251000, 0x0000021cd2252000, 0x0000021cd291b000,
0x0000021cd291c000, 0x0000021cd2917000, 0x0000021cd2919800, 0x0000021cd2916000,
0x0000021cd291c800, 0x0000021cd291d800, 0x0000021cd291a000, 0x0000021cd2918000,
0x0000021cd291e800, 0x0000021cd2918800, 0x0000021cd2921800, 0x0000021cd26ec000,
0x0000021cd45b0800
}

Java Threads: ( => current thread )
  0x0000021ccf228800 JavaThread "Reference Handler" daemon [_thread_blocked, id=10468, stack(0x000000ba4c400000,0x000000ba4c500000)]
  0x0000021ccf231000 JavaThread "Finalizer" daemon [_thread_blocked, id=15724, stack(0x000000ba4c500000,0x000000ba4c600000)]
  0x0000021ccf27e800 JavaThread "Signal Dispatcher" daemon [_thread_blocked, id=16348, stack(0x000000ba4c600000,0x000000ba4c700000)]
  0x0000021ccf280800 JavaThread "Attach Listener" daemon [_thread_blocked, id=7064, stack(0x000000ba4c700000,0x000000ba4c800000)]
  0x0000021ccf281800 JavaThread "Service Thread" daemon [_thread_blocked, id=3068, stack(0x000000ba4c800000,0x000000ba4c900000)]
  0x0000021ccf286000 JavaThread "C2 CompilerThread0" daemon [_thread_blocked, id=13824, stack(0x000000ba4c900000,0x000000ba4ca00000)]
  0x0000021ccf293000 JavaThread "C1 CompilerThread0" daemon [_thread_blocked, id=16852, stack(0x000000ba4ca00000,0x000000ba4cb00000)]
  0x0000021ccf298000 JavaThread "Sweeper thread" daemon [_thread_blocked, id=8424, stack(0x000000ba4cb00000,0x000000ba4cc00000)]
  0x0000021cce9b8000 JavaThread "Common-Cleaner" daemon [_thread_blocked, id=10952, stack(0x000000ba4cc00000,0x000000ba4cd00000)]
  0x0000021cd05d7000 JavaThread "qakcpuspool-1" daemon [_thread_blocked, id=2660, stack(0x000000ba4d200000,0x000000ba4d300000)]
  0x0000021cd0896800 JavaThread "qakcpuspool-2" daemon [_thread_blocked, id=8436, stack(0x000000ba4d300000,0x000000ba4d400000)]
  0x0000021cd2253800 JavaThread "DefaultDispatcher-worker-1" daemon [_thread_blocked, id=14840, stack(0x000000ba4d400000,0x000000ba4d500000)]
  0x0000021cd2252800 JavaThread "DefaultDispatcher-worker-2" daemon [_thread_blocked, id=9568, stack(0x000000ba4d500000,0x000000ba4d600000)]
  0x0000021cd2251000 JavaThread "DefaultDispatcher-worker-3" daemon [_thread_blocked, id=2952, stack(0x000000ba4d600000,0x000000ba4d700000)]
  0x0000021cd2252000 JavaThread "qakcpuspool-3" daemon [_thread_blocked, id=1848, stack(0x000000ba4d700000,0x000000ba4d800000)]
  0x0000021cd291b000 JavaThread "tcpSrv" daemon [_thread_in_native, id=15384, stack(0x000000ba4d800000,0x000000ba4d900000)]
  0x0000021cd291c000 JavaThread "CoapServer(main)#1" [_thread_blocked, id=11508, stack(0x000000ba4d900000,0x000000ba4da00000)]
  0x0000021cd2917000 JavaThread "CoapServer(secondary)#1" [_thread_blocked, id=7252, stack(0x000000ba4da00000,0x000000ba4db00000)]
  0x0000021cd2919800 JavaThread "CoapServer(secondary)#2" [_thread_blocked, id=5732, stack(0x000000ba4db00000,0x000000ba4dc00000)]
  0x0000021cd2916000 JavaThread "UDP-Receiver-0.0.0.0/0.0.0.0:8020[0]" daemon [_thread_in_native, id=11312, stack(0x000000ba4dc00000,0x000000ba4dd00000)]
  0x0000021cd291c800 JavaThread "UDP-Sender-0.0.0.0/0.0.0.0:8020[0]" daemon [_thread_blocked, id=3984, stack(0x000000ba4dd00000,0x000000ba4de00000)]
  0x0000021cd291d800 JavaThread "qakcpuspool-4" daemon [_thread_blocked, id=5032, stack(0x000000ba4de00000,0x000000ba4df00000)]
  0x0000021cd291a000 JavaThread "qakcpuspool-5" daemon [_thread_blocked, id=11820, stack(0x000000ba4df00000,0x000000ba4e000000)]
  0x0000021cd2918000 JavaThread "qakcpuspool-6" daemon [_thread_in_vm, id=14420, stack(0x000000ba4e000000,0x000000ba4e100000)]
  0x0000021cd291e800 JavaThread "qakcpuspool-7" daemon [_thread_blocked, id=16936, stack(0x000000ba4e100000,0x000000ba4e200000)]
  0x0000021cd2918800 JavaThread "qakcpuspool-8" daemon [_thread_blocked, id=13584, stack(0x000000ba4e200000,0x000000ba4e300000)]
  0x0000021cd2921800 JavaThread "DestroyJavaVM" [_thread_blocked, id=11728, stack(0x000000ba4bd00000,0x000000ba4be00000)]
=>0x0000021cd26ec000 JavaThread "C2 CompilerThread1" daemon [_thread_in_native, id=14396, stack(0x000000ba4cd00000,0x000000ba4ce00000)]
  0x0000021cd45b0800 JavaThread "C2 CompilerThread2" daemon [_thread_blocked, id=16376, stack(0x000000ba4ce00000,0x000000ba4cf00000)]

Other Threads:
  0x0000021ccf207000 VMThread "VM Thread" [stack: 0x000000ba4c300000,0x000000ba4c400000] [id=7276]
  0x0000021ccfb58000 WatcherThread [stack: 0x000000ba4cf00000,0x000000ba4d000000] [id=7192]
  0x0000021cada3d800 GCTaskThread "GC Thread#0" [stack: 0x000000ba4be00000,0x000000ba4bf00000] [id=9648]
  0x0000021cd0435800 GCTaskThread "GC Thread#1" [stack: 0x000000ba4d000000,0x000000ba4d100000] [id=12884]
  0x0000021cd053d800 GCTaskThread "GC Thread#2" [stack: 0x000000ba4d100000,0x000000ba4d200000] [id=9480]
  0x0000021cd1b37000 GCTaskThread "GC Thread#3" [stack: 0x000000ba4e300000,0x000000ba4e400000] [id=12112]
  0x0000021cd1b34000 GCTaskThread "GC Thread#4" [stack: 0x000000ba4e400000,0x000000ba4e500000] [id=2696]
  0x0000021cd1b30800 GCTaskThread "GC Thread#5" [stack: 0x000000ba4e500000,0x000000ba4e600000] [id=12404]
  0x0000021cd1b31000 GCTaskThread "GC Thread#6" [stack: 0x000000ba4e600000,0x000000ba4e700000] [id=16184]
  0x0000021cd1b34800 GCTaskThread "GC Thread#7" [stack: 0x000000ba4e700000,0x000000ba4e800000] [id=4492]
  0x0000021cada6e000 ConcurrentGCThread "G1 Main Marker" [stack: 0x000000ba4bf00000,0x000000ba4c000000] [id=16336]
  0x0000021cada70000 ConcurrentGCThread "G1 Conc#0" [stack: 0x000000ba4c000000,0x000000ba4c100000] [id=16576]
  0x0000021cd1b31800 ConcurrentGCThread "G1 Conc#1" [stack: 0x000000ba4e800000,0x000000ba4e900000] [id=11640]
  0x0000021cce866800 ConcurrentGCThread "G1 Refine#0" [stack: 0x000000ba4c100000,0x000000ba4c200000] [id=5700]
  0x0000021cce867800 ConcurrentGCThread "G1 Young RemSet Sampling" [stack: 0x000000ba4c200000,0x000000ba4c300000] [id=824]

Threads with active compile tasks:
C1 CompilerThread0     4788 1954       3       java.util.jar.JarFile::getManifestFromReference (151 bytes)
C2 CompilerThread1     4788 1846       4       jdk.internal.org.objectweb.asm.Frame::execute (2264 bytes)

VM state:not at safepoint (normal execution)

VM Mutex/Monitor currently owned by a thread: None

Heap address: 0x0000000082000000, size: 2016 MB, Compressed Oops mode: 32-bit
Narrow klass base: 0x0000000000000000, Narrow klass shift: 3
Compressed class space size: 1073741824 Address: 0x0000000100000000

Heap:
 garbage-first heap   total 129024K, used 25844K [0x0000000082000000, 0x0000000100000000)
  region size 1024K, 14 young (14336K), 9 survivors (9216K)
 Metaspace       used 22050K, capacity 22501K, committed 22908K, reserved 1069056K
  class space    used 2210K, capacity 2373K, committed 2508K, reserved 1048576K
Heap Regions: E=young(eden), S=young(survivor), O=old, HS=humongous(starts), HC=humongous(continues), CS=collection set, F=free, A=archive, TAMS=top-at-mark-start (previous, next)
|   0|0x0000000082000000, 0x0000000082100000, 0x0000000082100000|100%|HS|  |TAMS 0x0000000082100000, 0x0000000082000000| Complete 
|   1|0x0000000082100000, 0x0000000082200000, 0x0000000082200000|100%|HC|  |TAMS 0x0000000082200000, 0x0000000082100000| Complete 
|   2|0x0000000082200000, 0x0000000082300000, 0x0000000082300000|100%|HC|  |TAMS 0x0000000082300000, 0x0000000082200000| Complete 
|   3|0x0000000082300000, 0x0000000082400000, 0x0000000082400000|100%|HC|  |TAMS 0x0000000082400000, 0x0000000082300000| Complete 
|   4|0x0000000082400000, 0x0000000082500000, 0x0000000082500000|100%|HC|  |TAMS 0x0000000082500000, 0x0000000082400000| Complete 
|   5|0x0000000082500000, 0x0000000082600000, 0x0000000082600000|100%|HC|  |TAMS 0x0000000082600000, 0x0000000082500000| Complete 
|   6|0x0000000082600000, 0x0000000082700000, 0x0000000082700000|100%|HC|  |TAMS 0x0000000082700000, 0x0000000082600000| Complete 
|   7|0x0000000082700000, 0x0000000082800000, 0x0000000082800000|100%|HC|  |TAMS 0x0000000082800000, 0x0000000082700000| Complete 
|   8|0x0000000082800000, 0x0000000082900000, 0x0000000082900000|100%|HC|  |TAMS 0x0000000082900000, 0x0000000082800000| Complete 
|   9|0x0000000082900000, 0x0000000082a00000, 0x0000000082a00000|100%|HS|  |TAMS 0x0000000082a00000, 0x0000000082900000| Complete 
|  10|0x0000000082a00000, 0x0000000082b00000, 0x0000000082b00000|100%| O|  |TAMS 0x0000000082b00000, 0x0000000082a00000| Untracked 
|  11|0x0000000082b00000, 0x0000000082c00000, 0x0000000082c00000|100%| O|  |TAMS 0x0000000082c00000, 0x0000000082b00000| Untracked 
|  12|0x0000000082c00000, 0x0000000082ceec00, 0x0000000082d00000| 93%| O|  |TAMS 0x0000000082ceec00, 0x0000000082c00000| Untracked 
|  13|0x0000000082d00000, 0x0000000082d00000, 0x0000000082e00000|  0%| F|  |TAMS 0x0000000082d00000, 0x0000000082d00000| Untracked 
|  14|0x0000000082e00000, 0x0000000082e00000, 0x0000000082f00000|  0%| F|  |TAMS 0x0000000082e00000, 0x0000000082e00000| Untracked 
|  15|0x0000000082f00000, 0x0000000082f00000, 0x0000000083000000|  0%| F|  |TAMS 0x0000000082f00000, 0x0000000082f00000| Untracked 
|  16|0x0000000083000000, 0x0000000083000000, 0x0000000083100000|  0%| F|  |TAMS 0x0000000083000000, 0x0000000083000000| Untracked 
|  17|0x0000000083100000, 0x0000000083100000, 0x0000000083200000|  0%| F|  |TAMS 0x0000000083100000, 0x0000000083100000| Untracked 
|  18|0x0000000083200000, 0x0000000083200000, 0x0000000083300000|  0%| F|  |TAMS 0x0000000083200000, 0x0000000083200000| Untracked 
|  19|0x0000000083300000, 0x0000000083300000, 0x0000000083400000|  0%| F|  |TAMS 0x0000000083300000, 0x0000000083300000| Untracked 
|  20|0x0000000083400000, 0x0000000083400000, 0x0000000083500000|  0%| F|  |TAMS 0x0000000083400000, 0x0000000083400000| Untracked 
|  21|0x0000000083500000, 0x0000000083500000, 0x0000000083600000|  0%| F|  |TAMS 0x0000000083500000, 0x0000000083500000| Untracked 
|  22|0x0000000083600000, 0x0000000083600000, 0x0000000083700000|  0%| F|  |TAMS 0x0000000083600000, 0x0000000083600000| Untracked 
|  23|0x0000000083700000, 0x0000000083700000, 0x0000000083800000|  0%| F|  |TAMS 0x0000000083700000, 0x0000000083700000| Untracked 
|  24|0x0000000083800000, 0x0000000083800000, 0x0000000083900000|  0%| F|  |TAMS 0x0000000083800000, 0x0000000083800000| Untracked 
|  25|0x0000000083900000, 0x0000000083900000, 0x0000000083a00000|  0%| F|  |TAMS 0x0000000083900000, 0x0000000083900000| Untracked 
|  26|0x0000000083a00000, 0x0000000083a00000, 0x0000000083b00000|  0%| F|  |TAMS 0x0000000083a00000, 0x0000000083a00000| Untracked 
|  27|0x0000000083b00000, 0x0000000083b00000, 0x0000000083c00000|  0%| F|  |TAMS 0x0000000083b00000, 0x0000000083b00000| Untracked 
|  28|0x0000000083c00000, 0x0000000083c00000, 0x0000000083d00000|  0%| F|  |TAMS 0x0000000083c00000, 0x0000000083c00000| Untracked 
|  29|0x0000000083d00000, 0x0000000083d00000, 0x0000000083e00000|  0%| F|  |TAMS 0x0000000083d00000, 0x0000000083d00000| Untracked 
|  30|0x0000000083e00000, 0x0000000083e00000, 0x0000000083f00000|  0%| F|  |TAMS 0x0000000083e00000, 0x0000000083e00000| Untracked 
|  31|0x0000000083f00000, 0x0000000083f00000, 0x0000000084000000|  0%| F|  |TAMS 0x0000000083f00000, 0x0000000083f00000| Untracked 
|  32|0x0000000084000000, 0x0000000084000000, 0x0000000084100000|  0%| F|  |TAMS 0x0000000084000000, 0x0000000084000000| Untracked 
|  33|0x0000000084100000, 0x0000000084100000, 0x0000000084200000|  0%| F|  |TAMS 0x0000000084100000, 0x0000000084100000| Untracked 
|  34|0x0000000084200000, 0x0000000084200000, 0x0000000084300000|  0%| F|  |TAMS 0x0000000084200000, 0x0000000084200000| Untracked 
|  35|0x0000000084300000, 0x0000000084300000, 0x0000000084400000|  0%| F|  |TAMS 0x0000000084300000, 0x0000000084300000| Untracked 
|  36|0x0000000084400000, 0x0000000084400000, 0x0000000084500000|  0%| F|  |TAMS 0x0000000084400000, 0x0000000084400000| Untracked 
|  37|0x0000000084500000, 0x0000000084500000, 0x0000000084600000|  0%| F|  |TAMS 0x0000000084500000, 0x0000000084500000| Untracked 
|  38|0x0000000084600000, 0x0000000084600000, 0x0000000084700000|  0%| F|  |TAMS 0x0000000084600000, 0x0000000084600000| Untracked 
|  39|0x0000000084700000, 0x0000000084700000, 0x0000000084800000|  0%| F|  |TAMS 0x0000000084700000, 0x0000000084700000| Untracked 
|  40|0x0000000084800000, 0x0000000084800000, 0x0000000084900000|  0%| F|  |TAMS 0x0000000084800000, 0x0000000084800000| Untracked 
|  41|0x0000000084900000, 0x0000000084900000, 0x0000000084a00000|  0%| F|  |TAMS 0x0000000084900000, 0x0000000084900000| Untracked 
|  42|0x0000000084a00000, 0x0000000084a00000, 0x0000000084b00000|  0%| F|  |TAMS 0x0000000084a00000, 0x0000000084a00000| Untracked 
|  43|0x0000000084b00000, 0x0000000084b00000, 0x0000000084c00000|  0%| F|  |TAMS 0x0000000084b00000, 0x0000000084b00000| Untracked 
|  44|0x0000000084c00000, 0x0000000084c00000, 0x0000000084d00000|  0%| F|  |TAMS 0x0000000084c00000, 0x0000000084c00000| Untracked 
|  45|0x0000000084d00000, 0x0000000084d00000, 0x0000000084e00000|  0%| F|  |TAMS 0x0000000084d00000, 0x0000000084d00000| Untracked 
|  46|0x0000000084e00000, 0x0000000084e4e500, 0x0000000084f00000| 30%| S|CS|TAMS 0x0000000084e00000, 0x0000000084e00000| Complete 
|  47|0x0000000084f00000, 0x0000000085000000, 0x0000000085000000|100%| S|CS|TAMS 0x0000000084f00000, 0x0000000084f00000| Complete 
|  48|0x0000000085000000, 0x0000000085100000, 0x0000000085100000|100%| S|CS|TAMS 0x0000000085000000, 0x0000000085000000| Complete 
|  49|0x0000000085100000, 0x0000000085200000, 0x0000000085200000|100%| S|CS|TAMS 0x0000000085100000, 0x0000000085100000| Complete 
|  50|0x0000000085200000, 0x0000000085300000, 0x0000000085300000|100%| S|CS|TAMS 0x0000000085200000, 0x0000000085200000| Complete 
|  51|0x0000000085300000, 0x0000000085400000, 0x0000000085400000|100%| S|CS|TAMS 0x0000000085300000, 0x0000000085300000| Complete 
|  52|0x0000000085400000, 0x0000000085500000, 0x0000000085500000|100%| S|CS|TAMS 0x0000000085400000, 0x0000000085400000| Complete 
|  53|0x0000000085500000, 0x0000000085600000, 0x0000000085600000|100%| S|CS|TAMS 0x0000000085500000, 0x0000000085500000| Complete 
|  54|0x0000000085600000, 0x0000000085700000, 0x0000000085700000|100%| S|CS|TAMS 0x0000000085600000, 0x0000000085600000| Complete 
|  55|0x0000000085700000, 0x0000000085700000, 0x0000000085800000|  0%| F|  |TAMS 0x0000000085700000, 0x0000000085700000| Untracked 
|  56|0x0000000085800000, 0x0000000085800000, 0x0000000085900000|  0%| F|  |TAMS 0x0000000085800000, 0x0000000085800000| Untracked 
|  57|0x0000000085900000, 0x0000000085900000, 0x0000000085a00000|  0%| F|  |TAMS 0x0000000085900000, 0x0000000085900000| Untracked 
|  58|0x0000000085a00000, 0x0000000085a00000, 0x0000000085b00000|  0%| F|  |TAMS 0x0000000085a00000, 0x0000000085a00000| Untracked 
|  59|0x0000000085b00000, 0x0000000085b00000, 0x0000000085c00000|  0%| F|  |TAMS 0x0000000085b00000, 0x0000000085b00000| Untracked 
|  60|0x0000000085c00000, 0x0000000085c00000, 0x0000000085d00000|  0%| F|  |TAMS 0x0000000085c00000, 0x0000000085c00000| Untracked 
|  61|0x0000000085d00000, 0x0000000085d00000, 0x0000000085e00000|  0%| F|  |TAMS 0x0000000085d00000, 0x0000000085d00000| Untracked 
|  62|0x0000000085e00000, 0x0000000085e00000, 0x0000000085f00000|  0%| F|  |TAMS 0x0000000085e00000, 0x0000000085e00000| Untracked 
|  63|0x0000000085f00000, 0x0000000085f00000, 0x0000000086000000|  0%| F|  |TAMS 0x0000000085f00000, 0x0000000085f00000| Untracked 
|  64|0x0000000086000000, 0x0000000086000000, 0x0000000086100000|  0%| F|  |TAMS 0x0000000086000000, 0x0000000086000000| Untracked 
|  65|0x0000000086100000, 0x0000000086100000, 0x0000000086200000|  0%| F|  |TAMS 0x0000000086100000, 0x0000000086100000| Untracked 
|  66|0x0000000086200000, 0x0000000086200000, 0x0000000086300000|  0%| F|  |TAMS 0x0000000086200000, 0x0000000086200000| Untracked 
|  67|0x0000000086300000, 0x0000000086300000, 0x0000000086400000|  0%| F|  |TAMS 0x0000000086300000, 0x0000000086300000| Untracked 
|  68|0x0000000086400000, 0x0000000086400000, 0x0000000086500000|  0%| F|  |TAMS 0x0000000086400000, 0x0000000086400000| Untracked 
|  69|0x0000000086500000, 0x0000000086500000, 0x0000000086600000|  0%| F|  |TAMS 0x0000000086500000, 0x0000000086500000| Untracked 
|  70|0x0000000086600000, 0x0000000086600000, 0x0000000086700000|  0%| F|  |TAMS 0x0000000086600000, 0x0000000086600000| Untracked 
|  71|0x0000000086700000, 0x0000000086700000, 0x0000000086800000|  0%| F|  |TAMS 0x0000000086700000, 0x0000000086700000| Untracked 
|  72|0x0000000086800000, 0x0000000086800000, 0x0000000086900000|  0%| F|  |TAMS 0x0000000086800000, 0x0000000086800000| Untracked 
|  73|0x0000000086900000, 0x0000000086900000, 0x0000000086a00000|  0%| F|  |TAMS 0x0000000086900000, 0x0000000086900000| Untracked 
|  74|0x0000000086a00000, 0x0000000086a00000, 0x0000000086b00000|  0%| F|  |TAMS 0x0000000086a00000, 0x0000000086a00000| Untracked 
|  75|0x0000000086b00000, 0x0000000086b00000, 0x0000000086c00000|  0%| F|  |TAMS 0x0000000086b00000, 0x0000000086b00000| Untracked 
|  76|0x0000000086c00000, 0x0000000086c00000, 0x0000000086d00000|  0%| F|  |TAMS 0x0000000086c00000, 0x0000000086c00000| Untracked 
|  77|0x0000000086d00000, 0x0000000086d00000, 0x0000000086e00000|  0%| F|  |TAMS 0x0000000086d00000, 0x0000000086d00000| Untracked 
|  78|0x0000000086e00000, 0x0000000086e00000, 0x0000000086f00000|  0%| F|  |TAMS 0x0000000086e00000, 0x0000000086e00000| Untracked 
|  79|0x0000000086f00000, 0x0000000086f00000, 0x0000000087000000|  0%| F|  |TAMS 0x0000000086f00000, 0x0000000086f00000| Untracked 
|  80|0x0000000087000000, 0x0000000087000000, 0x0000000087100000|  0%| F|  |TAMS 0x0000000087000000, 0x0000000087000000| Untracked 
|  81|0x0000000087100000, 0x0000000087100000, 0x0000000087200000|  0%| F|  |TAMS 0x0000000087100000, 0x0000000087100000| Untracked 
|  82|0x0000000087200000, 0x0000000087200000, 0x0000000087300000|  0%| F|  |TAMS 0x0000000087200000, 0x0000000087200000| Untracked 
|  83|0x0000000087300000, 0x0000000087300000, 0x0000000087400000|  0%| F|  |TAMS 0x0000000087300000, 0x0000000087300000| Untracked 
|  84|0x0000000087400000, 0x0000000087400000, 0x0000000087500000|  0%| F|  |TAMS 0x0000000087400000, 0x0000000087400000| Untracked 
|  85|0x0000000087500000, 0x0000000087500000, 0x0000000087600000|  0%| F|  |TAMS 0x0000000087500000, 0x0000000087500000| Untracked 
|  86|0x0000000087600000, 0x0000000087600000, 0x0000000087700000|  0%| F|  |TAMS 0x0000000087600000, 0x0000000087600000| Untracked 
|  87|0x0000000087700000, 0x0000000087700000, 0x0000000087800000|  0%| F|  |TAMS 0x0000000087700000, 0x0000000087700000| Untracked 
|  88|0x0000000087800000, 0x0000000087800000, 0x0000000087900000|  0%| F|  |TAMS 0x0000000087800000, 0x0000000087800000| Untracked 
|  89|0x0000000087900000, 0x0000000087900000, 0x0000000087a00000|  0%| F|  |TAMS 0x0000000087900000, 0x0000000087900000| Untracked 
|  90|0x0000000087a00000, 0x0000000087a00000, 0x0000000087b00000|  0%| F|  |TAMS 0x0000000087a00000, 0x0000000087a00000| Untracked 
|  91|0x0000000087b00000, 0x0000000087b00000, 0x0000000087c00000|  0%| F|  |TAMS 0x0000000087b00000, 0x0000000087b00000| Untracked 
|  92|0x0000000087c00000, 0x0000000087c00000, 0x0000000087d00000|  0%| F|  |TAMS 0x0000000087c00000, 0x0000000087c00000| Untracked 
|  93|0x0000000087d00000, 0x0000000087d00000, 0x0000000087e00000|  0%| F|  |TAMS 0x0000000087d00000, 0x0000000087d00000| Untracked 
|  94|0x0000000087e00000, 0x0000000087e00000, 0x0000000087f00000|  0%| F|  |TAMS 0x0000000087e00000, 0x0000000087e00000| Untracked 
|  95|0x0000000087f00000, 0x0000000087f00000, 0x0000000088000000|  0%| F|  |TAMS 0x0000000087f00000, 0x0000000087f00000| Untracked 
|  96|0x0000000088000000, 0x0000000088000000, 0x0000000088100000|  0%| F|  |TAMS 0x0000000088000000, 0x0000000088000000| Untracked 
|  97|0x0000000088100000, 0x0000000088100000, 0x0000000088200000|  0%| F|  |TAMS 0x0000000088100000, 0x0000000088100000| Untracked 
|  98|0x0000000088200000, 0x0000000088200000, 0x0000000088300000|  0%| F|  |TAMS 0x0000000088200000, 0x0000000088200000| Untracked 
|  99|0x0000000088300000, 0x0000000088300000, 0x0000000088400000|  0%| F|  |TAMS 0x0000000088300000, 0x0000000088300000| Untracked 
| 100|0x0000000088400000, 0x0000000088400000, 0x0000000088500000|  0%| F|  |TAMS 0x0000000088400000, 0x0000000088400000| Untracked 
| 101|0x0000000088500000, 0x0000000088500000, 0x0000000088600000|  0%| F|  |TAMS 0x0000000088500000, 0x0000000088500000| Untracked 
| 102|0x0000000088600000, 0x0000000088600000, 0x0000000088700000|  0%| F|  |TAMS 0x0000000088600000, 0x0000000088600000| Untracked 
| 103|0x0000000088700000, 0x0000000088700000, 0x0000000088800000|  0%| F|  |TAMS 0x0000000088700000, 0x0000000088700000| Untracked 
| 104|0x0000000088800000, 0x0000000088800000, 0x0000000088900000|  0%| F|  |TAMS 0x0000000088800000, 0x0000000088800000| Untracked 
| 105|0x0000000088900000, 0x0000000088900000, 0x0000000088a00000|  0%| F|  |TAMS 0x0000000088900000, 0x0000000088900000| Untracked 
| 106|0x0000000088a00000, 0x0000000088a00000, 0x0000000088b00000|  0%| F|  |TAMS 0x0000000088a00000, 0x0000000088a00000| Untracked 
| 107|0x0000000088b00000, 0x0000000088b00000, 0x0000000088c00000|  0%| F|  |TAMS 0x0000000088b00000, 0x0000000088b00000| Untracked 
| 108|0x0000000088c00000, 0x0000000088c00000, 0x0000000088d00000|  0%| F|  |TAMS 0x0000000088c00000, 0x0000000088c00000| Untracked 
| 109|0x0000000088d00000, 0x0000000088d00000, 0x0000000088e00000|  0%| F|  |TAMS 0x0000000088d00000, 0x0000000088d00000| Untracked 
| 110|0x0000000088e00000, 0x0000000088e00000, 0x0000000088f00000|  0%| F|  |TAMS 0x0000000088e00000, 0x0000000088e00000| Untracked 
| 111|0x0000000088f00000, 0x0000000088f00000, 0x0000000089000000|  0%| F|  |TAMS 0x0000000088f00000, 0x0000000088f00000| Untracked 
| 112|0x0000000089000000, 0x0000000089000000, 0x0000000089100000|  0%| F|  |TAMS 0x0000000089000000, 0x0000000089000000| Untracked 
| 113|0x0000000089100000, 0x0000000089100000, 0x0000000089200000|  0%| F|  |TAMS 0x0000000089100000, 0x0000000089100000| Untracked 
| 114|0x0000000089200000, 0x0000000089200000, 0x0000000089300000|  0%| F|  |TAMS 0x0000000089200000, 0x0000000089200000| Untracked 
| 115|0x0000000089300000, 0x0000000089300000, 0x0000000089400000|  0%| F|  |TAMS 0x0000000089300000, 0x0000000089300000| Untracked 
| 116|0x0000000089400000, 0x0000000089400000, 0x0000000089500000|  0%| F|  |TAMS 0x0000000089400000, 0x0000000089400000| Untracked 
| 117|0x0000000089500000, 0x0000000089500000, 0x0000000089600000|  0%| F|  |TAMS 0x0000000089500000, 0x0000000089500000| Untracked 
| 118|0x0000000089600000, 0x0000000089600000, 0x0000000089700000|  0%| F|  |TAMS 0x0000000089600000, 0x0000000089600000| Untracked 
| 119|0x0000000089700000, 0x0000000089700000, 0x0000000089800000|  0%| F|  |TAMS 0x0000000089700000, 0x0000000089700000| Untracked 
| 120|0x0000000089800000, 0x0000000089800000, 0x0000000089900000|  0%| F|  |TAMS 0x0000000089800000, 0x0000000089800000| Untracked 
| 121|0x0000000089900000, 0x00000000899eebb0, 0x0000000089a00000| 93%| E|  |TAMS 0x0000000089900000, 0x0000000089900000| Complete 
| 122|0x0000000089a00000, 0x0000000089b00000, 0x0000000089b00000|100%| E|CS|TAMS 0x0000000089a00000, 0x0000000089a00000| Complete 
| 123|0x0000000089b00000, 0x0000000089c00000, 0x0000000089c00000|100%| E|CS|TAMS 0x0000000089b00000, 0x0000000089b00000| Complete 
| 124|0x0000000089c00000, 0x0000000089d00000, 0x0000000089d00000|100%| E|CS|TAMS 0x0000000089c00000, 0x0000000089c00000| Complete 
| 125|0x0000000089d00000, 0x0000000089e00000, 0x0000000089e00000|100%| E|CS|TAMS 0x0000000089d00000, 0x0000000089d00000| Complete 

Card table byte_map: [0x0000021cc7800000,0x0000021cc7bf0000] _byte_map_base: 0x0000021cc73f0000

Marking Bits (Prev, Next): (CMBitMap*) 0x0000021cada65190, (CMBitMap*) 0x0000021cada65158
 Prev Bits: [0x0000021cc9f60000, 0x0000021ccbee0000)
 Next Bits: [0x0000021cc7fe0000, 0x0000021cc9f60000)

Polling page: 0x0000021cad8b0000

Metaspace:

Usage:
  Non-class:     19.66 MB capacity,    19.40 MB ( 99%) used,   217.80 KB (  1%) free+waste,    46.38 KB ( <1%) overhead. 
      Class:      2.32 MB capacity,     2.16 MB ( 93%) used,   138.04 KB (  6%) free+waste,    21.12 KB ( <1%) overhead. 
       Both:     21.97 MB capacity,    21.56 MB ( 98%) used,   355.84 KB (  2%) free+waste,    67.50 KB ( <1%) overhead. 

Virtual space:
  Non-class space:       20.00 MB reserved,      19.92 MB (>99%) committed 
      Class space:        1.00 GB reserved,       2.45 MB ( <1%) committed 
             Both:        1.02 GB reserved,      22.37 MB (  2%) committed 

Chunk freelists:
   Non-Class:  32.00 KB
       Class:  27.00 KB
        Both:  59.00 KB

MaxMetaspaceSize: 17179869184.00 GB
CompressedClassSpaceSize: 1.00 GB
Initial GC threshold: 20.80 MB
Current GC threshold: 35.20 MB
CDS: off

CodeHeap 'non-profiled nmethods': size=120000Kb used=1130Kb max_used=1130Kb free=118869Kb
 bounds [0x0000021cbf470000, 0x0000021cbf6e0000, 0x0000021cc69a0000]
CodeHeap 'profiled nmethods': size=120000Kb used=3864Kb max_used=3864Kb free=116135Kb
 bounds [0x0000021cb7f40000, 0x0000021cb8310000, 0x0000021cbf470000]
CodeHeap 'non-nmethods': size=5760Kb used=1219Kb max_used=1248Kb free=4540Kb
 bounds [0x0000021cb79a0000, 0x0000021cb7c10000, 0x0000021cb7f40000]
 total_blobs=2424 nmethods=1931 adapters=405
 compilation: enabled
              stopped_count=0, restarted_count=0
 full_count=0

Compilation events (20 events):
Event: 4.735 Thread 0x0000021ccf293000 1919       3       java.util.jar.JarFile::maybeInstantiateVerifier (112 bytes)
Event: 4.736 Thread 0x0000021ccf293000 nmethod 1919 0x0000021cb82f0510 code [0x0000021cb82f0860, 0x0000021cb82f1a38]
Event: 4.736 Thread 0x0000021ccf293000 1920       3       jdk.internal.loader.URLClassPath$JarLoader$2::getManifest (26 bytes)
Event: 4.737 Thread 0x0000021ccf293000 nmethod 1920 0x0000021cb82f2110 code [0x0000021cb82f2320, 0x0000021cb82f27c8]
Event: 4.737 Thread 0x0000021ccf293000 1923       3       jdk.internal.loader.URLClassPath$JarLoader$2::getInputStream (15 bytes)
Event: 4.737 Thread 0x0000021ccf293000 nmethod 1923 0x0000021cb82f2a10 code [0x0000021cb82f2bc0, 0x0000021cb82f2d88]
Event: 4.737 Thread 0x0000021ccf293000 1921       3       java.util.jar.JavaUtilJarAccessImpl::ensureInitialization (5 bytes)
Event: 4.737 Thread 0x0000021ccf293000 nmethod 1921 0x0000021cb82f2e90 code [0x0000021cb82f3040, 0x0000021cb82f31e8]
Event: 4.737 Thread 0x0000021ccf293000 1922  s!   3       java.util.jar.JarFile::ensureInitialization (74 bytes)
Event: 4.738 Thread 0x0000021ccf293000 nmethod 1922 0x0000021cb82f3290 code [0x0000021cb82f3560, 0x0000021cb82f4748]
Event: 4.738 Thread 0x0000021ccf293000 1925   !   3       java.util.zip.ZipFile::getInputStream (323 bytes)
Event: 4.740 Thread 0x0000021ccf293000 nmethod 1925 0x0000021cb82f4c10 code [0x0000021cb82f4f80, 0x0000021cb82f6818]
Event: 4.740 Thread 0x0000021ccf293000 1924   !   3       java.util.jar.JarFile$JarFileEntry::getCodeSigners (81 bytes)
Event: 4.741 Thread 0x0000021ccf293000 nmethod 1924 0x0000021cb82f7610 code [0x0000021cb82f7840, 0x0000021cb82f7de8]
Event: 4.741 Thread 0x0000021ccf293000 1926       3       java.util.zip.ZipFile$ZipFileInflaterInputStream::<init> (14 bytes)
Event: 4.741 Thread 0x0000021ccf293000 nmethod 1926 0x0000021cb82f8010 code [0x0000021cb82f81e0, 0x0000021cb82f83f8]
Event: 4.745 Thread 0x0000021ccf293000 1928       3       java.lang.invoke.MethodHandleNatives::isCallerSensitive (29 bytes)
Event: 4.746 Thread 0x0000021ccf293000 nmethod 1928 0x0000021cb82f8510 code [0x0000021cb82f8700, 0x0000021cb82f8c68]
Event: 4.746 Thread 0x0000021ccf293000 1929       3       java.lang.invoke.MethodHandleNatives::canBeCalledVirtual (93 bytes)
Event: 4.746 Thread 0x0000021ccf293000 nmethod 1929 0x0000021cb82f8e10 code [0x0000021cb82f9020, 0x0000021cb82f9598]

GC Heap History (4 events):
Event: 0.867 GC heap before
{Heap before GC invocations=0 (full 0):
 garbage-first heap   total 129024K, used 33792K [0x0000000082000000, 0x0000000100000000)
  region size 1024K, 24 young (24576K), 0 survivors (0K)
 Metaspace       used 12059K, capacity 12181K, committed 12416K, reserved 1060864K
  class space    used 1086K, capacity 1143K, committed 1152K, reserved 1048576K
}
Event: 0.874 GC heap after
{Heap after GC invocations=1 (full 0):
 garbage-first heap   total 129024K, used 16315K [0x0000000082000000, 0x0000000100000000)
  region size 1024K, 3 young (3072K), 3 survivors (3072K)
 Metaspace       used 12059K, capacity 12181K, committed 12416K, reserved 1060864K
  class space    used 1086K, capacity 1143K, committed 1152K, reserved 1048576K
}
Event: 4.602 GC heap before
{Heap before GC invocations=1 (full 0):
 garbage-first heap   total 129024K, used 85947K [0x0000000082000000, 0x0000000100000000)
  region size 1024K, 71 young (72704K), 3 survivors (3072K)
 Metaspace       used 20879K, capacity 21179K, committed 21296K, reserved 1069056K
  class space    used 2036K, capacity 2162K, committed 2176K, reserved 1048576K
}
Event: 4.620 GC heap after
{Heap after GC invocations=2 (full 0):
 garbage-first heap   total 129024K, used 21748K [0x0000000082000000, 0x0000000100000000)
  region size 1024K, 9 young (9216K), 9 survivors (9216K)
 Metaspace       used 20879K, capacity 21179K, committed 21296K, reserved 1069056K
  class space    used 2036K, capacity 2162K, committed 2176K, reserved 1048576K
}

Deoptimization events (20 events):
Event: 4.563 Thread 0x0000021cd2918000 DEOPT PACKING pc=0x0000021cbf56e090 sp=0x000000ba4e0fcb90
Event: 4.563 Thread 0x0000021cd2918000 DEOPT UNPACKING pc=0x0000021cb79ea1af sp=0x000000ba4e0fcb20 mode 2
Event: 4.719 Thread 0x0000021cd2918000 Uncommon trap: trap_request=0xffffffc6 fr.pc=0x0000021cbf5050a8 relative=0x0000000000000a28
Event: 4.719 Thread 0x0000021cd2918000 Uncommon trap: reason=bimorphic_or_optimized_type_check action=maybe_recompile pc=0x0000021cbf5050a8 method=java.util.regex.Pattern$BmpCharProperty.match(Ljava/util/regex/Matcher;ILjava/lang/CharSequence;)Z @ 36 c2
Event: 4.719 Thread 0x0000021cd2918000 DEOPT PACKING pc=0x0000021cbf5050a8 sp=0x000000ba4e0fe0f0
Event: 4.719 Thread 0x0000021cd2918000 DEOPT UNPACKING pc=0x0000021cb79ea1af sp=0x000000ba4e0fe0b8 mode 2
Event: 4.719 Thread 0x0000021cd2918000 Uncommon trap: trap_request=0xffffff4d fr.pc=0x0000021cbf53b20c relative=0x000000000000014c
Event: 4.719 Thread 0x0000021cd2918000 Uncommon trap: reason=unstable_if action=reinterpret pc=0x0000021cbf53b20c method=java.util.regex.Pattern$Branch.match(Ljava/util/regex/Matcher;ILjava/lang/CharSequence;)Z @ 19 c2
Event: 4.719 Thread 0x0000021cd2918000 DEOPT PACKING pc=0x0000021cbf53b20c sp=0x000000ba4e0fe0a0
Event: 4.719 Thread 0x0000021cd2918000 DEOPT UNPACKING pc=0x0000021cb79ea1af sp=0x000000ba4e0fe048 mode 2
Event: 4.719 Thread 0x0000021cd2918000 Uncommon trap: trap_request=0xffffffc6 fr.pc=0x0000021cbf504ef4 relative=0x0000000000000874
Event: 4.719 Thread 0x0000021cd2918000 Uncommon trap: reason=bimorphic_or_optimized_type_check action=maybe_recompile pc=0x0000021cbf504ef4 method=java.util.regex.Pattern$BmpCharProperty.match(Ljava/util/regex/Matcher;ILjava/lang/CharSequence;)Z @ 19 c2
Event: 4.719 Thread 0x0000021cd2918000 DEOPT PACKING pc=0x0000021cbf504ef4 sp=0x000000ba4e0fdbd0
Event: 4.719 Thread 0x0000021cd2918000 DEOPT UNPACKING pc=0x0000021cb79ea1af sp=0x000000ba4e0fdb88 mode 2
Event: 4.719 Thread 0x0000021cd2918000 Uncommon trap: trap_request=0xffffffc6 fr.pc=0x0000021cbf504ef4 relative=0x0000000000000874
Event: 4.719 Thread 0x0000021cd2918000 Uncommon trap: reason=bimorphic_or_optimized_type_check action=maybe_recompile pc=0x0000021cbf504ef4 method=java.util.regex.Pattern$BmpCharProperty.match(Ljava/util/regex/Matcher;ILjava/lang/CharSequence;)Z @ 19 c2
Event: 4.719 Thread 0x0000021cd2918000 DEOPT PACKING pc=0x0000021cbf504ef4 sp=0x000000ba4e0fdbd0
Event: 4.719 Thread 0x0000021cd2918000 DEOPT UNPACKING pc=0x0000021cb79ea1af sp=0x000000ba4e0fdb88 mode 2
Event: 4.728 Thread 0x0000021cd2918000 DEOPT PACKING pc=0x0000021cb82415e8 sp=0x000000ba4e0fbe30
Event: 4.728 Thread 0x0000021cd2918000 DEOPT UNPACKING pc=0x0000021cb79ea95e sp=0x000000ba4e0fb338 mode 0

Classes redefined (0 events):
No events

Internal exceptions (20 events):
Event: 1.200 Thread 0x0000021cada21800 Exception <a 'java/lang/NoSuchMethodError'{0x0000000088eece80}: 'java.lang.Object java.lang.invoke.DirectMethodHandle$Holder.invokeStatic(java.lang.Object, int, java.lang.Object, java.lang.Object, java.lang.Object)'> (0x0000000088eece80) thrown at [s\src\hotspot\share\interpreter\linkResolver.cpp, line 773]
Event: 1.201 Thread 0x0000021cada21800 Exception <a 'java/lang/NoSuchMethodError'{0x0000000088ef3940}: 'java.lang.Object java.lang.invoke.DirectMethodHandle$Holder.invokeStatic(java.lang.Object, int, java.lang.Object, java.lang.Object)'> (0x0000000088ef3940) thrown at [s\src\hotspot\share\interpreter\linkResolver.cpp, line 773]
Event: 1.201 Thread 0x0000021cada21800 Exception <a 'java/lang/NoSuchMethodError'{0x0000000088ef74b8}: 'java.lang.Object java.lang.invoke.DirectMethodHandle$Holder.invokeSpecial(java.lang.Object, java.lang.Object, int, java.lang.Object, java.lang.Object)'> (0x0000000088ef74b8) thrown at [s\src\hotspot\share\interpreter\linkResolver.cpp, line 773]
Event: 1.311 Thread 0x0000021cada21800 Implicit null exception at 0x0000021cbf4a6277 to 0x0000021cbf4a6784
Event: 1.311 Thread 0x0000021cada21800 Implicit null exception at 0x0000021cbf4adcf4 to 0x0000021cbf4ae1d4
Event: 1.624 Thread 0x0000021cada21800 Exception <a 'java/lang/NoSuchMethodError'{0x00000000876a7e18}: 'java.lang.Object java.lang.invoke.DirectMethodHandle$Holder.invokeStaticInit(java.lang.Object, int, int, int, int)'> (0x00000000876a7e18) thrown at [s\src\hotspot\share\interpreter\linkResolver.cpp, line 773]
Event: 2.123 Thread 0x0000021cada21800 Exception <a 'java/lang/NoSuchMethodError'{0x00000000876fdfc8}: 'java.lang.Object java.lang.invoke.DirectMethodHandle$Holder.invokeStaticInit(java.lang.Object, java.lang.Object, int, int, int, int)'> (0x00000000876fdfc8) thrown at [s\src\hotspot\share\interpreter\linkResolver.cpp, line 773]
Event: 4.559 Thread 0x0000021cd2918000 Exception <a 'java/lang/NoSuchMethodError'{0x00000000858cdec0}: 'java.lang.Object java.lang.invoke.DirectMethodHandle$Holder.invokeSpecial(java.lang.Object, java.lang.Object, int, int, int, java.lang.Object, java.lang.Object, java.lang.Object, java.lang.Object)'> (0x00000000858cdec0) thrown at [s\src\hotspot\share\interpreter\linkResolver.cpp, line 773]
Event: 4.560 Thread 0x0000021cd2918000 Exception <a 'java/lang/NoSuchMethodError'{0x00000000858d1678}: 'java.lang.Object java.lang.invoke.DelegatingMethodHandle$Holder.reinvoke_L(java.lang.Object, int, int, int, java.lang.Object, java.lang.Object, java.lang.Object, java.lang.Object)'> (0x00000000858d1678) thrown at [s\src\hotspot\share\interpreter\linkResolver.cpp, line 773]
Event: 4.664 Thread 0x0000021cd2918000 Exception <a 'java/lang/NoSuchMethodError'{0x0000000089dfb0b8}: 'java.lang.Object java.lang.invoke.DirectMethodHandle$Holder.invokeSpecial(java.lang.Object, java.lang.Object, int, int, java.lang.Object, java.lang.Object, java.lang.Object, java.lang.Object)'> (0x0000000089dfb0b8) thrown at [s\src\hotspot\share\interpreter\linkResolver.cpp, line 773]
Event: 4.664 Thread 0x0000021cd2918000 Exception <a 'java/lang/NoSuchMethodError'{0x0000000089dfea98}: 'java.lang.Object java.lang.invoke.DelegatingMethodHandle$Holder.reinvoke_L(java.lang.Object, int, int, java.lang.Object, java.lang.Object, java.lang.Object, java.lang.Object)'> (0x0000000089dfea98) thrown at [s\src\hotspot\share\interpreter\linkResolver.cpp, line 773]
Event: 4.666 Thread 0x0000021cd2918000 Exception <a 'java/lang/NoSuchMethodError'{0x0000000089c0d800}: 'java.lang.Object java.lang.invoke.DirectMethodHandle$Holder.invokeStatic(java.lang.Object, java.lang.Object, java.lang.Object, java.lang.Object, java.lang.Object, java.lang.Object, int)'> (0x0000000089c0d800) thrown at [s\src\hotspot\share\interpreter\linkResolver.cpp, line 773]
Event: 4.679 Thread 0x0000021cd2918000 Exception <a 'java/io/FileNotFoundException'{0x0000000089c98980}> (0x0000000089c98980) thrown at [s\src\hotspot\share\prims\jni.cpp, line 617]
Event: 4.703 Thread 0x0000021cd2918000 Exception <a 'java/lang/NoSuchMethodError'{0x0000000089b599c0}: 'java.lang.Object java.lang.invoke.DirectMethodHandle$Holder.invokeStatic(java.lang.Object, java.lang.Object, java.lang.Object, java.lang.Object, java.lang.Object, java.lang.Object, java.lang.Object, java.lang.Object, java.lang.Object, java.lang.Object, java.lang.Object, int)'> (0x0000000089b599c0) thrown at [s\src\hotspot\share\interpreter\linkResolver.cpp, line 773]
Event: 4.705 Thread 0x0000021cd2918000 Exception <a 'java/lang/NoSuchMethodError'{0x0000000089b77de8}: 'java.lang.Object java.lang.invoke.DirectMethodHandle$Holder.invokeStatic(java.lang.Object, java.lang.Object, java.lang.Object, java.lang.Object, java.lang.Object, java.lang.Object, java.lang.Object, java.lang.Object, java.lang.Object, java.lang.Object, java.lang.Object, int, int)'> (0x0000000089b77de8) thrown at [s\src\hotspot\share\interpreter\linkResolver.cpp, line 773]
Event: 4.707 Thread 0x0000021cd2918000 Exception <a 'java/lang/NoSuchMethodError'{0x0000000089b96e20}: 'java.lang.Object java.lang.invoke.DirectMethodHandle$Holder.invokeStatic(java.lang.Object, java.lang.Object, java.lang.Object, java.lang.Object, java.lang.Object, java.lang.Object, java.lang.Object, java.lang.Object, java.lang.Object, java.lang.Object, java.lang.Object, int, int, java.lang.Object)'> (0x0000000089b96e20) thrown at [s\src\hotspot\share\interpreter\linkResolver.cpp, line 773]
Event: 4.709 Thread 0x0000021cd2918000 Exception <a 'java/lang/NoSuchMethodError'{0x0000000089bb7780}: 'java.lang.Object java.lang.invoke.DirectMethodHandle$Holder.invokeStatic(java.lang.Object, java.lang.Object, java.lang.Object, java.lang.Object, java.lang.Object, java.lang.Object, java.lang.Object, java.lang.Object, java.lang.Object, java.lang.Object, java.lang.Object, int, int, java.lang.Object, java.lang.Object)'> (0x0000000089bb7780) thrown at [s\src\hotspot\share\interpreter\linkResolver.cpp, line 773]
Event: 4.711 Thread 0x0000021cd2918000 Exception <a 'java/lang/reflect/InvocationTargetException'{0x0000000089bcc680}> (0x0000000089bcc680) thrown at [s\src\hotspot\share\runtime\reflection.cpp, line 1245]
Event: 4.712 Thread 0x0000021cd2918000 Exception <a 'java/lang/reflect/InvocationTargetException'{0x0000000089bcd298}> (0x0000000089bcd298) thrown at [s\src\hotspot\share\runtime\reflection.cpp, line 1245]
Event: 4.719 Thread 0x0000021cd2918000 Implicit null exception at 0x0000021cbf53b13a to 0x0000021cbf53b1f8

Events (20 events):
Event: 4.742 loading class sun/reflect/annotation/ExceptionProxy
Event: 4.742 loading class sun/reflect/annotation/ExceptionProxy done
Event: 4.742 loading class javax/websocket/ClientEndpointConfig$Configurator
Event: 4.742 loading class javax/websocket/ClientEndpointConfig$Configurator done
Event: 4.743 loading class java/lang/annotation/Retention
Event: 4.743 loading class java/lang/annotation/Retention done
Event: 4.743 loading class java/lang/annotation/Inherited
Event: 4.743 loading class java/lang/annotation/Inherited done
Event: 4.743 loading class java/lang/annotation/RetentionPolicy
Event: 4.744 loading class java/lang/annotation/RetentionPolicy done
Event: 4.744 loading class sun/reflect/annotation/AnnotationTypeMismatchExceptionProxy
Event: 4.744 loading class sun/reflect/annotation/AnnotationTypeMismatchExceptionProxy done
Event: 4.744 loading class sun/reflect/annotation/AnnotationParser$1
Event: 4.744 loading class sun/reflect/annotation/AnnotationParser$1 done
Event: 4.744 loading class sun/reflect/annotation/AnnotationInvocationHandler
Event: 4.744 loading class sun/reflect/annotation/AnnotationInvocationHandler done
Event: 4.744 loading class jdk/internal/loader/AbstractClassLoaderValue$Sub
Event: 4.745 loading class jdk/internal/loader/AbstractClassLoaderValue$Sub done
Event: 4.746 loading class java/lang/reflect/Proxy$ProxyBuilder
Event: 4.747 loading class java/lang/reflect/Proxy$ProxyBuilder done


Dynamic libraries:
0x00007ff745530000 - 0x00007ff74553e000 	C:\Users\marko\.gradle\jdks\adoptium-11-x64-hotspot-windows\bin\java.exe
0x00007ff8decd0000 - 0x00007ff8deec8000 	C:\WINDOWS\SYSTEM32\ntdll.dll
0x00007ff8de720000 - 0x00007ff8de7dd000 	C:\WINDOWS\System32\KERNEL32.DLL
0x00007ff8dc560000 - 0x00007ff8dc856000 	C:\WINDOWS\System32\KERNELBASE.dll
0x00007ff8dc380000 - 0x00007ff8dc480000 	C:\WINDOWS\System32\ucrtbase.dll
0x00007ff8d56d0000 - 0x00007ff8d56e7000 	C:\Users\marko\.gradle\jdks\adoptium-11-x64-hotspot-windows\bin\jli.dll
0x00007ff8d56b0000 - 0x00007ff8d56cb000 	C:\Users\marko\.gradle\jdks\adoptium-11-x64-hotspot-windows\bin\VCRUNTIME140.dll
0x00007ff8dd750000 - 0x00007ff8dd8ef000 	C:\WINDOWS\System32\USER32.dll
0x00007ff8c17c0000 - 0x00007ff8c1a5a000 	C:\WINDOWS\WinSxS\amd64_microsoft.windows.common-controls_6595b64144ccf1df_6.0.19041.3636_none_60b6a03d71f818d5\COMCTL32.dll
0x00007ff8dc480000 - 0x00007ff8dc4a2000 	C:\WINDOWS\System32\win32u.dll
0x00007ff8de7f0000 - 0x00007ff8de81b000 	C:\WINDOWS\System32\GDI32.dll
0x00007ff8dea30000 - 0x00007ff8deace000 	C:\WINDOWS\System32\msvcrt.dll
0x00007ff8dcb50000 - 0x00007ff8dcc67000 	C:\WINDOWS\System32\gdi32full.dll
0x00007ff8dcab0000 - 0x00007ff8dcb4d000 	C:\WINDOWS\System32\msvcp_win.dll
0x00007ff8dde50000 - 0x00007ff8dde82000 	C:\WINDOWS\System32\IMM32.DLL
0x00007ff8d6380000 - 0x00007ff8d638c000 	C:\Users\marko\.gradle\jdks\adoptium-11-x64-hotspot-windows\bin\vcruntime140_1.dll
0x00007ff8b1bf0000 - 0x00007ff8b1c7d000 	C:\Users\marko\.gradle\jdks\adoptium-11-x64-hotspot-windows\bin\msvcp140.dll
0x00007ff8815b0000 - 0x00007ff882173000 	C:\Users\marko\.gradle\jdks\adoptium-11-x64-hotspot-windows\bin\server\jvm.dll
0x00007ff8de0d0000 - 0x00007ff8de180000 	C:\WINDOWS\System32\ADVAPI32.dll
0x00007ff8debf0000 - 0x00007ff8dec90000 	C:\WINDOWS\System32\sechost.dll
0x00007ff8dd620000 - 0x00007ff8dd743000 	C:\WINDOWS\System32\RPCRT4.dll
0x00007ff8dc920000 - 0x00007ff8dc947000 	C:\WINDOWS\System32\bcrypt.dll
0x00007ff8dcde0000 - 0x00007ff8dcde8000 	C:\WINDOWS\System32\PSAPI.DLL
0x00007ff8bad70000 - 0x00007ff8bad79000 	C:\WINDOWS\SYSTEM32\WSOCK32.dll
0x00007ff8c0da0000 - 0x00007ff8c0dc7000 	C:\WINDOWS\SYSTEM32\WINMM.dll
0x00007ff8ddd10000 - 0x00007ff8ddd7b000 	C:\WINDOWS\System32\WS2_32.dll
0x00007ff8d4590000 - 0x00007ff8d459a000 	C:\WINDOWS\SYSTEM32\VERSION.dll
0x00007ff8dab60000 - 0x00007ff8dab72000 	C:\WINDOWS\SYSTEM32\kernel.appcore.dll
0x00007ff8d60c0000 - 0x00007ff8d60d0000 	C:\Users\marko\.gradle\jdks\adoptium-11-x64-hotspot-windows\bin\verify.dll
0x00007ff8da7f0000 - 0x00007ff8da9d4000 	C:\WINDOWS\SYSTEM32\DBGHELP.DLL
0x00007ff8c9040000 - 0x00007ff8c9074000 	C:\WINDOWS\SYSTEM32\dbgcore.DLL
0x00007ff8dcc70000 - 0x00007ff8dccf2000 	C:\WINDOWS\System32\bcryptPrimitives.dll
0x00007ff8bdf00000 - 0x00007ff8bdf28000 	C:\Users\marko\.gradle\jdks\adoptium-11-x64-hotspot-windows\bin\java.dll
0x00007ff8d56a0000 - 0x00007ff8d56aa000 	C:\Users\marko\.gradle\jdks\adoptium-11-x64-hotspot-windows\bin\jimage.dll
0x00007ff8bdb50000 - 0x00007ff8bdb68000 	C:\Users\marko\.gradle\jdks\adoptium-11-x64-hotspot-windows\bin\zip.dll
0x00007ff8dcdf0000 - 0x00007ff8dd55b000 	C:\WINDOWS\System32\SHELL32.dll
0x00007ff8d9f30000 - 0x00007ff8da6ce000 	C:\WINDOWS\SYSTEM32\windows.storage.dll
0x00007ff8dd9b0000 - 0x00007ff8ddd03000 	C:\WINDOWS\System32\combase.dll
0x00007ff8dbce0000 - 0x00007ff8dbd0e000 	C:\WINDOWS\SYSTEM32\Wldp.dll
0x00007ff8de5f0000 - 0x00007ff8de6bd000 	C:\WINDOWS\System32\OLEAUT32.dll
0x00007ff8ddda0000 - 0x00007ff8dde4d000 	C:\WINDOWS\System32\SHCORE.dll
0x00007ff8dd8f0000 - 0x00007ff8dd945000 	C:\WINDOWS\System32\shlwapi.dll
0x00007ff8dc2b0000 - 0x00007ff8dc2d3000 	C:\WINDOWS\SYSTEM32\profapi.dll
0x00007ff8bd900000 - 0x00007ff8bd919000 	C:\Users\marko\.gradle\jdks\adoptium-11-x64-hotspot-windows\bin\net.dll
0x00007ff8d2790000 - 0x00007ff8d289a000 	C:\WINDOWS\SYSTEM32\WINHTTP.dll
0x00007ff8dba20000 - 0x00007ff8dba8a000 	C:\WINDOWS\system32\mswsock.dll
0x00007ff8bc0f0000 - 0x00007ff8bc102000 	C:\Users\marko\.gradle\jdks\adoptium-11-x64-hotspot-windows\bin\nio.dll
0x00007ff8dbc40000 - 0x00007ff8dbc58000 	C:\WINDOWS\SYSTEM32\CRYPTSP.dll
0x00007ff8db320000 - 0x00007ff8db354000 	C:\WINDOWS\system32\rsaenh.dll
0x00007ff8dc230000 - 0x00007ff8dc25e000 	C:\WINDOWS\SYSTEM32\USERENV.dll
0x00007ff8dbc30000 - 0x00007ff8dbc3c000 	C:\WINDOWS\SYSTEM32\CRYPTBASE.dll
0x00007ff8db6f0000 - 0x00007ff8db72b000 	C:\WINDOWS\SYSTEM32\IPHLPAPI.DLL
0x00007ff8de7e0000 - 0x00007ff8de7e8000 	C:\WINDOWS\System32\NSI.dll
0x00007ff8d45c0000 - 0x00007ff8d45d7000 	C:\WINDOWS\SYSTEM32\dhcpcsvc6.DLL
0x00007ff8d45a0000 - 0x00007ff8d45bd000 	C:\WINDOWS\SYSTEM32\dhcpcsvc.DLL
0x00007ff8db730000 - 0x00007ff8db7fb000 	C:\WINDOWS\SYSTEM32\DNSAPI.dll

dbghelp: loaded successfully - version: 4.0.5 - missing functions: none
symbol engine: initialized successfully - sym options: 0x614 - pdb path: .;C:\Users\marko\.gradle\jdks\adoptium-11-x64-hotspot-windows\bin;C:\WINDOWS\SYSTEM32;C:\WINDOWS\WinSxS\amd64_microsoft.windows.common-controls_6595b64144ccf1df_6.0.19041.3636_none_60b6a03d71f818d5;C:\Users\marko\.gradle\jdks\adoptium-11-x64-hotspot-windows\bin\server

VM Arguments:
jvm_args: --module-path=C:\Users\marko\.gradle\caches\modules-2\files-2.1\org.openjfx\javafx-fxml\11\d5ff9262ef49d166db658d15f37e3ecff38fde4b\javafx-fxml-11-win.jar;C:\Users\marko\.gradle\caches\modules-2\files-2.1\org.openjfx\javafx-web\11\5c8a3b6cacde832437dff8e21a82749b5f66c1cf\javafx-web-11-win.jar;C:\Users\marko\.gradle\caches\modules-2\files-2.1\org.openjfx\javafx-controls\11\af8d24de44e16a19ae959028eb23a48c145fb682\javafx-controls-11-win.jar;C:\Users\marko\.gradle\caches\modules-2\files-2.1\org.openjfx\javafx-media\11\b7a33f3ff0cad17af71e883c0921bc6819cad9c8\javafx-media-11-win.jar;C:\Users\marko\.gradle\caches\modules-2\files-2.1\org.openjfx\javafx-graphics\11\9345c7ea43dbcc73a62eca5332717b4ce617e6c6\javafx-graphics-11-win.jar;C:\Users\marko\.gradle\caches\modules-2\files-2.1\org.openjfx\javafx-base\11\ad3a4acfaa28b484d30c40c1f009445cc3f6e68b\javafx-base-11-win.jar --add-modules=javafx.controls,javafx.fxml,javafx.web,javafx.graphics -Dfile.encoding=windows-1252 -Duser.country=IT -Duser.language=it -Duser.variant 
java_command: it.unibo.ctxbasicrobot.MainCtxbasicrobotKt
java_class_path (initial): C:\Users\marko\Desktop\ISS_24\issLab24\unibo.basicrobot24\build\classes\java\main;C:\Users\marko\Desktop\ISS_24\issLab24\unibo.basicrobot24\build\classes\kotlin\main;C:\Users\marko\Desktop\ISS_24\issLab24\unibo.basicrobot24\build\resources\main;C:\Users\marko\.gradle\caches\modules-2\files-2.1\org.jetbrains.kotlinx\kotlinx-coroutines-core-jvm\1.6.0\f3b8fd26c2e76d2f18cbc36aacb6e349fcb9fd5f\kotlinx-coroutines-core-jvm-1.6.0.jar;C:\Users\marko\.gradle\caches\modules-2\files-2.1\com.squareup.okhttp3\okhttp\4.9.3\b0b14b3d12980912723fb8b66afb48dcda742fcb\okhttp-4.9.3.jar;C:\Users\marko\.gradle\caches\modules-2\files-2.1\org.jetbrains.kotlin\kotlin-stdlib-jdk7\1.9.22\c4b17283ad7939e778989663f8301d871987fa5e\kotlin-stdlib-jdk7-1.9.22.jar;C:\Users\marko\.gradle\caches\modules-2\files-2.1\com.squareup.okio\okio\2.8.0\49b64e09d81c0cc84b267edd0c2fd7df5a64c78c\okio-jvm-2.8.0.jar;C:\Users\marko\.gradle\caches\modules-2\files-2.1\org.jetbrains.kotlin\kotlin-stdlib\1.9.22\d6c44cd08d8f3f9bece8101216dbe6553365c6e3\kotlin-stdlib-1.9.22.jar;C:\Users\marko\.gradle\caches\modules-2\files-2.1\org.jetbrains.kotlin\kotlin-stdlib-jdk8\1.9.22\dea0c11e2fa503ab891c8a090e3b54754472975d\kotlin-stdlib-jdk8-1.9.22.jar;C:\Users\marko\.gradle\caches\modules-2\files-2.1\org.eclipse.californium\californium-proxy2\3.5.0\75d72a499b522210a20e2343ab491b63e315aa3a\californium-proxy2-3.5.0.jar;C:\Users\marko\.gradle\caches\modules-2\files-2.1\com.google.guava\guava\30.1.1-jre\87e0fd1df874ea3cbe577702fe6f17068b790fd8\guava-30.1.1-jre.jar;C:\Users\marko\.gradle\caches\modules-2\files-2.1\javax.websocket\javax.websocket-api\1.1\eeeb68631711256418dfbb47b11c731b6c8f6235\javax.websocket-api-1.1.jar;C:\Users\marko\.gradle\caches\modules-2\files-2.1\org.glassfish.tyrus.bundles\tyrus-standalone-client\1.9\cf9e6cdbd6ad2a72bc54c0823c0ac31c76df4b9e\tyrus-standalone-client-1.9.jar;C:\Users\marko\.gradle\caches\modules-2\files-2.1\org.apache.httpcomponents\httpclient\4.5.13\e5f6cae5ca7ecaac1ec
Launcher Type: SUN_STANDARD

[Global flags]
     intx CICompilerCount                          = 4                                         {product} {ergonomic}
     uint ConcGCThreads                            = 2                                         {product} {ergonomic}
     uint G1ConcRefinementThreads                  = 8                                         {product} {ergonomic}
   size_t G1HeapRegionSize                         = 1048576                                   {product} {ergonomic}
    uintx GCDrainStackTargetSize                   = 64                                        {product} {ergonomic}
   size_t InitialHeapSize                          = 132120576                                 {product} {ergonomic}
   size_t MarkStackSize                            = 4194304                                   {product} {ergonomic}
   size_t MaxHeapSize                              = 2113929216                                {product} {ergonomic}
   size_t MaxNewSize                               = 1267728384                                {product} {ergonomic}
   size_t MinHeapDeltaBytes                        = 1048576                                   {product} {ergonomic}
    uintx NonNMethodCodeHeapSize                   = 5836300                                {pd product} {ergonomic}
    uintx NonProfiledCodeHeapSize                  = 122910970                              {pd product} {ergonomic}
    uintx ProfiledCodeHeapSize                     = 122910970                              {pd product} {ergonomic}
    uintx ReservedCodeCacheSize                    = 251658240                              {pd product} {ergonomic}
     bool SegmentedCodeCache                       = true                                      {product} {ergonomic}
     bool UseCompressedClassPointers               = true                                 {lp64_product} {ergonomic}
     bool UseCompressedOops                        = true                                 {lp64_product} {ergonomic}
     bool UseG1GC                                  = true                                      {product} {ergonomic}
     bool UseLargePagesIndividualAllocation        = false                                  {pd product} {ergonomic}

Logging:
Log output configuration:
 #0: stdout all=warning uptime,level,tags
 #1: stderr all=off uptime,level,tags

Environment Variables:
JAVA_HOME=C:\Program Files\Java\jdk-17.0.11
CLASSPATH=C:\Users\marko\Desktop\ISS_24\issLab24\unibo.basicrobot24\\gradle\wrapper\gradle-wrapper.jar
PATH=C:\Program Files\Java\jdk-17.0.11\bin;C:\Gradle\gradle-8.6\bin;C:\Program Files\Python310\Scripts\;C:\Program Files\Python310\;C:\Program Files\Common Files\Oracle\Java\javapath;C:\Program Files (x86)\Common Files\Oracle\Java\javapath;C:\Program Files (x86)\Razer Chroma SDK\bin;C:\Program Files\Razer Chroma SDK\bin;C:\Program Files (x86)\Razer\ChromaBroadcast\bin;C:\Program Files\Razer\ChromaBroadcast\bin;C:\Program Files (x86)\Intel\Intel(R) Management Engine Components\iCLS\;C:\Program Files\Intel\Intel(R) Management Engine Components\iCLS\;C:\WINDOWS\system32;C:\WINDOWS;C:\WINDOWS\System32\Wbem;C:\WINDOWS\System32\WindowsPowerShell\v1.0\;C:\Program Files (x86)\Intel\Intel(R) Management Engine Components\DAL;C:\Program Files\Intel\Intel(R) Management Engine Components\DAL;C:\Program Files (x86)\Intel\Intel(R) Management Engine Components\IPT;C:\Program Files\Intel\Intel(R) Management Engine Components\IPT;C:\WINDOWS\System32\OpenSSH\;C:\WINDOWS\system32\config\systemprofile\AppData\Local\Microsoft\WindowsApps;C:\WINDOWS\system32;C:\WINDOWS;C:\WINDOWS\System32\Wbem;C:\WINDOWS\System32\WindowsPowerShell\v1.0\;C:\WINDOWS\System32\OpenSSH\;C:\Users\marko\AppData\Roaming\nvm;C:\Program Files\nodejs;C:\Program Files\Git\cmd;C:\Program Files\Git LFS;C:\Users\marko\AppData\Roaming\Python\Python310\Scripts;C:\Program Files\Docker\Docker\resources\bin;C:\Program Files\nodejs\;C:\Program Files\Graphviz\bin;C:\Users\marko\AppData\Local\Programs\Microsoft VS Code\bin;C:\Users\marko\AppData\Local\Microsoft\WindowsApps;C:\Users\marko\AppData\Roaming\nvm;C:\Program Files\nodejs;C:\Users\marko\AppData\Roaming\Python\Python310\Scripts;C:\Users\marko\Desktop\antlr;;C:\Users\marko\AppData\Local\JetBrains\IntelliJ IDEA Community Edition 2022.3.2\bin;;C:\Users\marko\AppData\Roaming\npm
USERNAME=marko
OS=Windows_NT
PROCESSOR_IDENTIFIER=Intel64 Family 6 Model 142 Stepping 10, GenuineIntel
TMP=C:\Users\marko\AppData\Local\Temp
TEMP=C:\Users\marko\AppData\Local\Temp



---------------  S Y S T E M  ---------------

OS: Windows 10 , 64 bit Build 19041 (10.0.19041.3636)
OS uptime: 7 days 1:06 hours
Hyper-V role detected

CPU:total 8 (initial active 8) (4 cores per cpu, 2 threads per core) family 6 model 142 stepping 10 microcode 0xb4, cmov, cx8, fxsr, mmx, sse, sse2, sse3, ssse3, sse4.1, sse4.2, popcnt, avx, avx2, aes, clmul, erms, 3dnowpref, lzcnt, ht, tsc, tscinvbit, bmi1, bmi2, adx, fma

Memory: 4k page, system-wide physical 8058M (875M free)
TotalPageFile size 8058M (AvailPageFile size 1M)
current process WorkingSet (physical memory assigned to process): 192M, peak: 192M
current process commit charge ("private bytes"): 275M, peak: 280M

vm_info: OpenJDK 64-Bit Server VM (11.0.23+9) for windows-amd64 JRE (11.0.23+9), built on Apr 17 2024 12:39:58 by "" with MS VC++ 16.10 / 16.11 (VS2019)

END.
