#
# There is insufficient memory for the Java Runtime Environment to continue.
# Native memory allocation (malloc) failed to allocate 41936 bytes for Chunk::new
# Possible reasons:
#   The system is out of physical RAM or swap space
#   The process is running with CompressedOops enabled, and the Java Heap may be blocking the growth of the native heap
# Possible solutions:
#   Reduce memory load on the system
#   Increase physical memory or swap space
#   Check if swap backing store is full
#   Decrease Java heap size (-Xmx/-Xms)
#   Decrease number of Java threads
#   Decrease Java thread stack sizes (-Xss)
#   Set larger code cache with -XX:ReservedCodeCacheSize=
#   JVM is running with Unscaled Compressed Oops mode in which the Java heap is
#     placed in the first 4GB address space. The Java Heap base address is the
#     maximum limit for the native heap growth. Please use -XX:HeapBaseMinAddress
#     to set the Java Heap base and to place the Java Heap above 4GB virtual address.
# This output file may be truncated or incomplete.
#
#  Out of Memory Error (arena.cpp:189), pid=12212, tid=11920
#
# JRE version: Java(TM) SE Runtime Environment (17.0.11+7) (build 17.0.11+7-LTS-207)
# Java VM: Java HotSpot(TM) 64-Bit Server VM (17.0.11+7-LTS-207, mixed mode, sharing, tiered, compressed oops, compressed class ptrs, g1 gc, windows-amd64)
# No core dump will be written. Minidumps are not enabled by default on client versions of Windows
#

---------------  S U M M A R Y ------------

Command Line: -Xmx64m -Xms64m -Dorg.gradle.appname=gradlew org.gradle.wrapper.GradleWrapperMain run

Host: Intel(R) Core(TM) i5-8250U CPU @ 1.60GHz, 8 cores, 7G,  Windows 10 , 64 bit Build 19041 (10.0.19041.3636)
Time: Thu May 23 16:14:23 2024 ora legale Europa occidentale elapsed time: 12.862257 seconds (0d 0h 0m 12s)

---------------  T H R E A D  ---------------

Current thread (0x0000026a6b5bb9d0):  JavaThread "C2 CompilerThread0" daemon [_thread_in_native, id=11920, stack(0x0000008c71500000,0x0000008c71600000)]


Current CompileTask:
C2:  12862 1522       4       org.gradle.internal.logging.text.AbstractLineChoppingStyledTextOutput$1::execute (9 bytes)

Stack: [0x0000008c71500000,0x0000008c71600000]
Native frames: (J=compiled Java code, j=interpreted, Vv=VM code, C=native code)
V  [jvm.dll+0x679cca]
V  [jvm.dll+0x7da13d]
V  [jvm.dll+0x7dba83]
V  [jvm.dll+0x7dc0f3]
V  [jvm.dll+0x2449af]
V  [jvm.dll+0xab83b]
V  [jvm.dll+0xabe1c]
V  [jvm.dll+0x36155f]
V  [jvm.dll+0x1b9a64]
V  [jvm.dll+0x216337]
V  [jvm.dll+0x21560f]
V  [jvm.dll+0x1a2040]
V  [jvm.dll+0x225a2b]
V  [jvm.dll+0x223bcb]
V  [jvm.dll+0x7903ec]
V  [jvm.dll+0x78a85a]
V  [jvm.dll+0x678bb5]
C  [ucrtbase.dll+0x21bb2]
C  [KERNEL32.DLL+0x17344]
C  [ntdll.dll+0x526b1]


---------------  P R O C E S S  ---------------

Threads class SMR info:
_java_thread_list=0x0000026a701552c0, length=14, elements={
0x0000026a51e26960, 0x0000026a6b59e4e0, 0x0000026a6b59f270, 0x0000026a6b5b6e40,
0x0000026a6b5b9820, 0x0000026a6b5ba0f0, 0x0000026a6b5ba9c0, 0x0000026a6b5bb9d0,
0x0000026a6b5bc5a0, 0x0000026a6b5bf4d0, 0x0000026a6b81b820, 0x0000026a6b821400,
0x0000026a70a65a30, 0x0000026a6b8d4a40
}

Java Threads: ( => current thread )
  0x0000026a51e26960 JavaThread "main" [_thread_blocked, id=11672, stack(0x0000008c70800000,0x0000008c70900000)]
  0x0000026a6b59e4e0 JavaThread "Reference Handler" daemon [_thread_blocked, id=17328, stack(0x0000008c70f00000,0x0000008c71000000)]
  0x0000026a6b59f270 JavaThread "Finalizer" daemon [_thread_blocked, id=2128, stack(0x0000008c71000000,0x0000008c71100000)]
  0x0000026a6b5b6e40 JavaThread "Signal Dispatcher" daemon [_thread_blocked, id=5444, stack(0x0000008c71100000,0x0000008c71200000)]
  0x0000026a6b5b9820 JavaThread "Attach Listener" daemon [_thread_blocked, id=17268, stack(0x0000008c71200000,0x0000008c71300000)]
  0x0000026a6b5ba0f0 JavaThread "Service Thread" daemon [_thread_blocked, id=7260, stack(0x0000008c71300000,0x0000008c71400000)]
  0x0000026a6b5ba9c0 JavaThread "Monitor Deflation Thread" daemon [_thread_blocked, id=13948, stack(0x0000008c71400000,0x0000008c71500000)]
=>0x0000026a6b5bb9d0 JavaThread "C2 CompilerThread0" daemon [_thread_in_native, id=11920, stack(0x0000008c71500000,0x0000008c71600000)]
  0x0000026a6b5bc5a0 JavaThread "C1 CompilerThread0" daemon [_thread_blocked, id=3284, stack(0x0000008c71600000,0x0000008c71700000)]
  0x0000026a6b5bf4d0 JavaThread "Sweeper thread" daemon [_thread_blocked, id=3692, stack(0x0000008c71700000,0x0000008c71800000)]
  0x0000026a6b81b820 JavaThread "Notification Thread" daemon [_thread_blocked, id=10292, stack(0x0000008c71800000,0x0000008c71900000)]
  0x0000026a6b821400 JavaThread "Common-Cleaner" daemon [_thread_blocked, id=12112, stack(0x0000008c71a00000,0x0000008c71b00000)]
  0x0000026a70a65a30 JavaThread "DisconnectableInputStream source reader" daemon [_thread_in_native, id=6892, stack(0x0000008c72300000,0x0000008c72400000)]
  0x0000026a6b8d4a40 JavaThread "C2 CompilerThread1" daemon [_thread_blocked, id=13940, stack(0x0000008c72200000,0x0000008c72300000)]

Other Threads:
  0x0000026a6b5971f0 VMThread "VM Thread" [stack: 0x0000008c70e00000,0x0000008c70f00000] [id=4524]
  0x0000026a6b81e120 WatcherThread [stack: 0x0000008c71900000,0x0000008c71a00000] [id=15544]
  0x0000026a51e4b720 GCTaskThread "GC Thread#0" [stack: 0x0000008c70900000,0x0000008c70a00000] [id=4908]
  0x0000026a70960010 GCTaskThread "GC Thread#1" [stack: 0x0000008c71c00000,0x0000008c71d00000] [id=10860]
  0x0000026a700ddfa0 GCTaskThread "GC Thread#2" [stack: 0x0000008c71d00000,0x0000008c71e00000] [id=6776]
  0x0000026a706308e0 GCTaskThread "GC Thread#3" [stack: 0x0000008c71e00000,0x0000008c71f00000] [id=17104]
  0x0000026a707fe5d0 GCTaskThread "GC Thread#4" [stack: 0x0000008c71f00000,0x0000008c72000000] [id=15140]
  0x0000026a707fe890 GCTaskThread "GC Thread#5" [stack: 0x0000008c72000000,0x0000008c72100000] [id=3804]
  0x0000026a6b664670 GCTaskThread "GC Thread#6" [stack: 0x0000008c72100000,0x0000008c72200000] [id=14416]
  0x0000026a7012e9c0 GCTaskThread "GC Thread#7" [stack: 0x0000008c72600000,0x0000008c72700000] [id=2696]
  0x0000026a51e4dd90 ConcurrentGCThread "G1 Main Marker" [stack: 0x0000008c70a00000,0x0000008c70b00000] [id=7308]
  0x0000026a51e4e6b0 ConcurrentGCThread "G1 Conc#0" [stack: 0x0000008c70b00000,0x0000008c70c00000] [id=16392]
  0x0000026a51eaf8a0 ConcurrentGCThread "G1 Refine#0" [stack: 0x0000008c70c00000,0x0000008c70d00000] [id=13836]
  0x0000026a51eb01e0 ConcurrentGCThread "G1 Service" [stack: 0x0000008c70d00000,0x0000008c70e00000] [id=1408]

Threads with active compile tasks:
C2 CompilerThread0    12894 1522       4       org.gradle.internal.logging.text.AbstractLineChoppingStyledTextOutput$1::execute (9 bytes)

VM state: not at safepoint (normal execution)

VM Mutex/Monitor currently owned by a thread: None

Heap address: 0x00000000fc000000, size: 64 MB, Compressed Oops mode: 32-bit

CDS archive(s) mapped at: [0x0000026a00000000-0x0000026a00bd0000-0x0000026a00bd0000), size 12386304, SharedBaseAddress: 0x0000026a00000000, ArchiveRelocationMode: 1.
Compressed class space mapped at: 0x0000026a01000000-0x0000026a41000000, reserved size: 1073741824
Narrow klass base: 0x0000026a00000000, Narrow klass shift: 0, Narrow klass range: 0x100000000

GC Precious Log:
 CPUs: 8 total, 8 available
 Memory: 8058M
 Large Page Support: Disabled
 NUMA Support: Disabled
 Compressed Oops: Enabled (32-bit)
 Heap Region Size: 1M
 Heap Min Capacity: 64M
 Heap Initial Capacity: 64M
 Heap Max Capacity: 64M
 Pre-touch: Disabled
 Parallel Workers: 8
 Concurrent Workers: 2
 Concurrent Refinement Workers: 8
 Periodic GC: Disabled

Heap:
 garbage-first heap   total 65536K, used 12245K [0x00000000fc000000, 0x0000000100000000)
  region size 1024K, 4 young (4096K), 3 survivors (3072K)
 Metaspace       used 9766K, committed 9920K, reserved 1114112K
  class space    used 1292K, committed 1344K, reserved 1048576K

Heap Regions: E=young(eden), S=young(survivor), O=old, HS=humongous(starts), HC=humongous(continues), CS=collection set, F=free, OA=open archive, CA=closed archive, TAMS=top-at-mark-start (previous, next)
|   0|0x00000000fc000000, 0x00000000fc100000, 0x00000000fc100000|100%| O|  |TAMS 0x00000000fc000000, 0x00000000fc000000| Untracked 
|   1|0x00000000fc100000, 0x00000000fc200000, 0x00000000fc200000|100%| O|  |TAMS 0x00000000fc100000, 0x00000000fc100000| Untracked 
|   2|0x00000000fc200000, 0x00000000fc300000, 0x00000000fc300000|100%| O|  |TAMS 0x00000000fc200000, 0x00000000fc200000| Untracked 
|   3|0x00000000fc300000, 0x00000000fc400000, 0x00000000fc400000|100%|HS|  |TAMS 0x00000000fc300000, 0x00000000fc300000| Complete 
|   4|0x00000000fc400000, 0x00000000fc500000, 0x00000000fc500000|100%|HC|  |TAMS 0x00000000fc400000, 0x00000000fc400000| Complete 
|   5|0x00000000fc500000, 0x00000000fc600000, 0x00000000fc600000|100%|HC|  |TAMS 0x00000000fc500000, 0x00000000fc500000| Complete 
|   6|0x00000000fc600000, 0x00000000fc700000, 0x00000000fc700000|100%| O|  |TAMS 0x00000000fc600000, 0x00000000fc600000| Untracked 
|   7|0x00000000fc700000, 0x00000000fc800000, 0x00000000fc800000|100%| O|  |TAMS 0x00000000fc700000, 0x00000000fc700000| Untracked 
|   8|0x00000000fc800000, 0x00000000fc900000, 0x00000000fc900000|100%| O|  |TAMS 0x00000000fc800000, 0x00000000fc800000| Untracked 
|   9|0x00000000fc900000, 0x00000000fc931400, 0x00000000fca00000| 19%| O|  |TAMS 0x00000000fc900000, 0x00000000fc900000| Untracked 
|  10|0x00000000fca00000, 0x00000000fca00000, 0x00000000fcb00000|  0%| F|  |TAMS 0x00000000fca00000, 0x00000000fca00000| Untracked 
|  11|0x00000000fcb00000, 0x00000000fcb00000, 0x00000000fcc00000|  0%| F|  |TAMS 0x00000000fcb00000, 0x00000000fcb00000| Untracked 
|  12|0x00000000fcc00000, 0x00000000fcc00000, 0x00000000fcd00000|  0%| F|  |TAMS 0x00000000fcc00000, 0x00000000fcc00000| Untracked 
|  13|0x00000000fcd00000, 0x00000000fcd00000, 0x00000000fce00000|  0%| F|  |TAMS 0x00000000fcd00000, 0x00000000fcd00000| Untracked 
|  14|0x00000000fce00000, 0x00000000fce00000, 0x00000000fcf00000|  0%| F|  |TAMS 0x00000000fce00000, 0x00000000fce00000| Untracked 
|  15|0x00000000fcf00000, 0x00000000fcf00000, 0x00000000fd000000|  0%| F|  |TAMS 0x00000000fcf00000, 0x00000000fcf00000| Untracked 
|  16|0x00000000fd000000, 0x00000000fd000000, 0x00000000fd100000|  0%| F|  |TAMS 0x00000000fd000000, 0x00000000fd000000| Untracked 
|  17|0x00000000fd100000, 0x00000000fd100000, 0x00000000fd200000|  0%| F|  |TAMS 0x00000000fd100000, 0x00000000fd100000| Untracked 
|  18|0x00000000fd200000, 0x00000000fd200000, 0x00000000fd300000|  0%| F|  |TAMS 0x00000000fd200000, 0x00000000fd200000| Untracked 
|  19|0x00000000fd300000, 0x00000000fd300000, 0x00000000fd400000|  0%| F|  |TAMS 0x00000000fd300000, 0x00000000fd300000| Untracked 
|  20|0x00000000fd400000, 0x00000000fd400000, 0x00000000fd500000|  0%| F|  |TAMS 0x00000000fd400000, 0x00000000fd400000| Untracked 
|  21|0x00000000fd500000, 0x00000000fd500000, 0x00000000fd600000|  0%| F|  |TAMS 0x00000000fd500000, 0x00000000fd500000| Untracked 
|  22|0x00000000fd600000, 0x00000000fd600000, 0x00000000fd700000|  0%| F|  |TAMS 0x00000000fd600000, 0x00000000fd600000| Untracked 
|  23|0x00000000fd700000, 0x00000000fd700000, 0x00000000fd800000|  0%| F|  |TAMS 0x00000000fd700000, 0x00000000fd700000| Untracked 
|  24|0x00000000fd800000, 0x00000000fd800000, 0x00000000fd900000|  0%| F|  |TAMS 0x00000000fd800000, 0x00000000fd800000| Untracked 
|  25|0x00000000fd900000, 0x00000000fd900000, 0x00000000fda00000|  0%| F|  |TAMS 0x00000000fd900000, 0x00000000fd900000| Untracked 
|  26|0x00000000fda00000, 0x00000000fda00000, 0x00000000fdb00000|  0%| F|  |TAMS 0x00000000fda00000, 0x00000000fda00000| Untracked 
|  27|0x00000000fdb00000, 0x00000000fdb00000, 0x00000000fdc00000|  0%| F|  |TAMS 0x00000000fdb00000, 0x00000000fdb00000| Untracked 
|  28|0x00000000fdc00000, 0x00000000fdc00000, 0x00000000fdd00000|  0%| F|  |TAMS 0x00000000fdc00000, 0x00000000fdc00000| Untracked 
|  29|0x00000000fdd00000, 0x00000000fdd00000, 0x00000000fde00000|  0%| F|  |TAMS 0x00000000fdd00000, 0x00000000fdd00000| Untracked 
|  30|0x00000000fde00000, 0x00000000fde00000, 0x00000000fdf00000|  0%| F|  |TAMS 0x00000000fde00000, 0x00000000fde00000| Untracked 
|  31|0x00000000fdf00000, 0x00000000fdf00000, 0x00000000fe000000|  0%| F|  |TAMS 0x00000000fdf00000, 0x00000000fdf00000| Untracked 
|  32|0x00000000fe000000, 0x00000000fe000000, 0x00000000fe100000|  0%| F|  |TAMS 0x00000000fe000000, 0x00000000fe000000| Untracked 
|  33|0x00000000fe100000, 0x00000000fe100000, 0x00000000fe200000|  0%| F|  |TAMS 0x00000000fe100000, 0x00000000fe100000| Untracked 
|  34|0x00000000fe200000, 0x00000000fe200000, 0x00000000fe300000|  0%| F|  |TAMS 0x00000000fe200000, 0x00000000fe200000| Untracked 
|  35|0x00000000fe300000, 0x00000000fe300000, 0x00000000fe400000|  0%| F|  |TAMS 0x00000000fe300000, 0x00000000fe300000| Untracked 
|  36|0x00000000fe400000, 0x00000000fe4c4390, 0x00000000fe500000| 76%| S|CS|TAMS 0x00000000fe400000, 0x00000000fe400000| Complete 
|  37|0x00000000fe500000, 0x00000000fe600000, 0x00000000fe600000|100%| S|CS|TAMS 0x00000000fe500000, 0x00000000fe500000| Complete 
|  38|0x00000000fe600000, 0x00000000fe600000, 0x00000000fe700000|  0%| F|  |TAMS 0x00000000fe600000, 0x00000000fe600000| Untracked 
|  39|0x00000000fe700000, 0x00000000fe700000, 0x00000000fe800000|  0%| F|  |TAMS 0x00000000fe700000, 0x00000000fe700000| Untracked 
|  40|0x00000000fe800000, 0x00000000fe800000, 0x00000000fe900000|  0%| F|  |TAMS 0x00000000fe800000, 0x00000000fe800000| Untracked 
|  41|0x00000000fe900000, 0x00000000fea00000, 0x00000000fea00000|100%| S|CS|TAMS 0x00000000fe900000, 0x00000000fe900000| Complete 
|  42|0x00000000fea00000, 0x00000000fea00000, 0x00000000feb00000|  0%| F|  |TAMS 0x00000000fea00000, 0x00000000fea00000| Untracked 
|  43|0x00000000feb00000, 0x00000000feb00000, 0x00000000fec00000|  0%| F|  |TAMS 0x00000000feb00000, 0x00000000feb00000| Untracked 
|  44|0x00000000fec00000, 0x00000000fec00000, 0x00000000fed00000|  0%| F|  |TAMS 0x00000000fec00000, 0x00000000fec00000| Untracked 
|  45|0x00000000fed00000, 0x00000000fed00000, 0x00000000fee00000|  0%| F|  |TAMS 0x00000000fed00000, 0x00000000fed00000| Untracked 
|  46|0x00000000fee00000, 0x00000000fee00000, 0x00000000fef00000|  0%| F|  |TAMS 0x00000000fee00000, 0x00000000fee00000| Untracked 
|  47|0x00000000fef00000, 0x00000000fef00000, 0x00000000ff000000|  0%| F|  |TAMS 0x00000000fef00000, 0x00000000fef00000| Untracked 
|  48|0x00000000ff000000, 0x00000000ff000000, 0x00000000ff100000|  0%| F|  |TAMS 0x00000000ff000000, 0x00000000ff000000| Untracked 
|  49|0x00000000ff100000, 0x00000000ff100000, 0x00000000ff200000|  0%| F|  |TAMS 0x00000000ff100000, 0x00000000ff100000| Untracked 
|  50|0x00000000ff200000, 0x00000000ff200000, 0x00000000ff300000|  0%| F|  |TAMS 0x00000000ff200000, 0x00000000ff200000| Untracked 
|  51|0x00000000ff300000, 0x00000000ff300000, 0x00000000ff400000|  0%| F|  |TAMS 0x00000000ff300000, 0x00000000ff300000| Untracked 
|  52|0x00000000ff400000, 0x00000000ff400000, 0x00000000ff500000|  0%| F|  |TAMS 0x00000000ff400000, 0x00000000ff400000| Untracked 
|  53|0x00000000ff500000, 0x00000000ff500000, 0x00000000ff600000|  0%| F|  |TAMS 0x00000000ff500000, 0x00000000ff500000| Untracked 
|  54|0x00000000ff600000, 0x00000000ff600000, 0x00000000ff700000|  0%| F|  |TAMS 0x00000000ff600000, 0x00000000ff600000| Untracked 
|  55|0x00000000ff700000, 0x00000000ff700000, 0x00000000ff800000|  0%| F|  |TAMS 0x00000000ff700000, 0x00000000ff700000| Untracked 
|  56|0x00000000ff800000, 0x00000000ff800000, 0x00000000ff900000|  0%| F|  |TAMS 0x00000000ff800000, 0x00000000ff800000| Untracked 
|  57|0x00000000ff900000, 0x00000000ff900000, 0x00000000ffa00000|  0%| F|  |TAMS 0x00000000ff900000, 0x00000000ff900000| Untracked 
|  58|0x00000000ffa00000, 0x00000000ffa00000, 0x00000000ffb00000|  0%| F|  |TAMS 0x00000000ffa00000, 0x00000000ffa00000| Untracked 
|  59|0x00000000ffb00000, 0x00000000ffb00000, 0x00000000ffc00000|  0%| F|  |TAMS 0x00000000ffb00000, 0x00000000ffb00000| Untracked 
|  60|0x00000000ffc00000, 0x00000000ffc00000, 0x00000000ffd00000|  0%| F|  |TAMS 0x00000000ffc00000, 0x00000000ffc00000| Untracked 
|  61|0x00000000ffd00000, 0x00000000ffd00000, 0x00000000ffe00000|  0%| F|  |TAMS 0x00000000ffd00000, 0x00000000ffd00000| Untracked 
|  62|0x00000000ffe00000, 0x00000000ffe00000, 0x00000000fff00000|  0%| F|  |TAMS 0x00000000ffe00000, 0x00000000ffe00000| Untracked 
|  63|0x00000000fff00000, 0x00000000fff3b628, 0x0000000100000000| 23%| E|  |TAMS 0x00000000fff00000, 0x00000000fff00000| Complete 

Card table byte_map: [0x0000026a51d80000,0x0000026a51da0000] _byte_map_base: 0x0000026a515a0000

Marking Bits (Prev, Next): (CMBitMap*) 0x0000026a51e4cc60, (CMBitMap*) 0x0000026a51e4cca0
 Prev Bits: [0x0000026a68a30000, 0x0000026a68b30000)
 Next Bits: [0x0000026a68b30000, 0x0000026a68c30000)

Polling page: 0x0000026a51600000

Metaspace:

Usage:
  Non-class:      8.28 MB used.
      Class:      1.26 MB used.
       Both:      9.54 MB used.

Virtual space:
  Non-class space:       64.00 MB reserved,       8.38 MB ( 13%) committed,  1 nodes.
      Class space:        1.00 GB reserved,       1.31 MB ( <1%) committed,  1 nodes.
             Both:        1.06 GB reserved,       9.69 MB ( <1%) committed. 

Chunk freelists:
   Non-Class:  6.81 MB
       Class:  14.58 MB
        Both:  21.39 MB

MaxMetaspaceSize: unlimited
CompressedClassSpaceSize: 1.00 GB
Initial GC threshold: 21.00 MB
Current GC threshold: 21.00 MB
CDS: on
MetaspaceReclaimPolicy: balanced
 - commit_granule_bytes: 65536.
 - commit_granule_words: 8192.
 - virtual_space_node_default_size: 8388608.
 - enlarge_chunks_in_place: 1.
 - new_chunks_are_fully_committed: 0.
 - uncommit_free_chunks: 1.
 - use_allocation_guard: 0.
 - handle_deallocations: 1.


Internal statistics:

num_allocs_failed_limit: 0.
num_arena_births: 92.
num_arena_deaths: 0.
num_vsnodes_births: 2.
num_vsnodes_deaths: 0.
num_space_committed: 155.
num_space_uncommitted: 0.
num_chunks_returned_to_freelist: 0.
num_chunks_taken_from_freelist: 339.
num_chunk_merges: 0.
num_chunk_splits: 227.
num_chunks_enlarged: 189.
num_inconsistent_stats: 0.

CodeHeap 'non-profiled nmethods': size=120000Kb used=662Kb max_used=662Kb free=119337Kb
 bounds [0x0000026a611c0000, 0x0000026a61430000, 0x0000026a686f0000]
CodeHeap 'profiled nmethods': size=120000Kb used=2884Kb max_used=2884Kb free=117115Kb
 bounds [0x0000026a596f0000, 0x0000026a599d0000, 0x0000026a60c20000]
CodeHeap 'non-nmethods': size=5760Kb used=1190Kb max_used=1214Kb free=4569Kb
 bounds [0x0000026a60c20000, 0x0000026a60e90000, 0x0000026a611c0000]
 total_blobs=2041 nmethods=1552 adapters=402
 compilation: enabled
              stopped_count=0, restarted_count=0
 full_count=0

Compilation events (20 events):
Event: 12.841 Thread 0x0000026a6b5bb9d0 1517       4       java.util.ArrayList$Itr::hasNext (20 bytes)
Event: 12.842 Thread 0x0000026a6b5bc5a0 nmethod 1514 0x0000026a599b2290 code [0x0000026a599b26c0, 0x0000026a599b41a8]
Event: 12.842 Thread 0x0000026a6b5bc5a0 1516       3       java.util.ArrayList$Itr::next (66 bytes)
Event: 12.843 Thread 0x0000026a6b5bb9d0 nmethod 1517 0x0000026a61260b90 code [0x0000026a61260d00, 0x0000026a61260d98]
Event: 12.843 Thread 0x0000026a6b5bc5a0 nmethod 1516 0x0000026a599b4a90 code [0x0000026a599b4c80, 0x0000026a599b50a8]
Event: 12.843 Thread 0x0000026a6b5bc5a0 1515       3       java.util.ArrayList$Itr::checkForComodification (23 bytes)
Event: 12.843 Thread 0x0000026a6b5bc5a0 nmethod 1515 0x0000026a599b5290 code [0x0000026a599b5440, 0x0000026a599b5608]
Event: 12.843 Thread 0x0000026a6b5bb9d0 1518       4       org.gradle.internal.logging.text.AbstractLineChoppingStyledTextOutput$StateContext::isCurrentCharEquals (70 bytes)
Event: 12.844 Thread 0x0000026a6b5bc5a0 1519       3       java.nio.CharBuffer::position (8 bytes)
Event: 12.844 Thread 0x0000026a6b5bc5a0 nmethod 1519 0x0000026a599b5710 code [0x0000026a599b58a0, 0x0000026a599b59e8]
Event: 12.844 Thread 0x0000026a6b5bc5a0 1520       3       java.nio.CharBuffer::position (6 bytes)
Event: 12.844 Thread 0x0000026a6b5bc5a0 nmethod 1520 0x0000026a599b5a90 code [0x0000026a599b5c40, 0x0000026a599b5de8]
Event: 12.845 Thread 0x0000026a6b5bb9d0 nmethod 1518 0x0000026a61260e90 code [0x0000026a61261020, 0x0000026a61261188]
Event: 12.845 Thread 0x0000026a6b5bb9d0 1521       4       org.gradle.internal.logging.text.AbstractLineChoppingStyledTextOutput$StateContext::hasChar (25 bytes)
Event: 12.846 Thread 0x0000026a6b5bb9d0 nmethod 1521 0x0000026a61261310 code [0x0000026a61261480, 0x0000026a61261538]
Event: 12.846 Thread 0x0000026a6b5bb9d0 1522       4       org.gradle.internal.logging.text.AbstractLineChoppingStyledTextOutput$1::execute (9 bytes)
Event: 12.847 Thread 0x0000026a6b5bc5a0 1525       1       org.gradle.internal.logging.console.DefaultAnsiExecutor::access$000 (5 bytes)
Event: 12.848 Thread 0x0000026a6b5bc5a0 nmethod 1525 0x0000026a61261610 code [0x0000026a612617a0, 0x0000026a61261858]
Event: 12.848 Thread 0x0000026a6b5bc5a0 1526       3       java.nio.ByteBuffer::array (35 bytes)
Event: 12.848 Thread 0x0000026a6b5bc5a0 nmethod 1526 0x0000026a599b5e90 code [0x0000026a599b6060, 0x0000026a599b6338]

GC Heap History (2 events):
Event: 0.624 GC heap before
{Heap before GC invocations=0 (full 0):
 garbage-first heap   total 65536K, used 28672K [0x00000000fc000000, 0x0000000100000000)
  region size 1024K, 23 young (23552K), 0 survivors (0K)
 Metaspace       used 3935K, committed 4160K, reserved 1114112K
  class space    used 501K, committed 576K, reserved 1048576K
}
Event: 0.630 GC heap after
{Heap after GC invocations=1 (full 0):
 garbage-first heap   total 65536K, used 9216K [0x00000000fc000000, 0x0000000100000000)
  region size 1024K, 3 young (3072K), 3 survivors (3072K)
 Metaspace       used 3935K, committed 4160K, reserved 1114112K
  class space    used 501K, committed 576K, reserved 1048576K
}

Deoptimization events (20 events):
Event: 3.677 Thread 0x0000026a51e26960 Uncommon trap: trap_request=0xffffff45 fr.pc=0x0000026a611f5fb8 relative=0x0000000000001098
Event: 3.677 Thread 0x0000026a51e26960 Uncommon trap: reason=unstable_if action=reinterpret pc=0x0000026a611f5fb8 method=java.util.HashMap.putVal(ILjava/lang/Object;Ljava/lang/Object;ZZ)Ljava/lang/Object; @ 162 c2
Event: 3.677 Thread 0x0000026a51e26960 DEOPT PACKING pc=0x0000026a611f5fb8 sp=0x0000008c708fa350
Event: 3.677 Thread 0x0000026a51e26960 DEOPT UNPACKING pc=0x0000026a60c723a3 sp=0x0000008c708fa298 mode 2
Event: 3.677 Thread 0x0000026a51e26960 Uncommon trap: trap_request=0xffffffc6 fr.pc=0x0000026a61244bcc relative=0x000000000000030c
Event: 3.677 Thread 0x0000026a51e26960 Uncommon trap: reason=bimorphic_or_optimized_type_check action=maybe_recompile pc=0x0000026a61244bcc method=java.util.HashMap.getNode(Ljava/lang/Object;)Ljava/util/HashMap$Node; @ 128 c2
Event: 3.677 Thread 0x0000026a51e26960 DEOPT PACKING pc=0x0000026a61244bcc sp=0x0000008c708fa370
Event: 3.677 Thread 0x0000026a51e26960 DEOPT UNPACKING pc=0x0000026a60c723a3 sp=0x0000008c708fa2e8 mode 2
Event: 3.677 Thread 0x0000026a51e26960 Uncommon trap: trap_request=0xffffffc6 fr.pc=0x0000026a61244bcc relative=0x000000000000030c
Event: 3.677 Thread 0x0000026a51e26960 Uncommon trap: reason=bimorphic_or_optimized_type_check action=maybe_recompile pc=0x0000026a61244bcc method=java.util.HashMap.getNode(Ljava/lang/Object;)Ljava/util/HashMap$Node; @ 128 c2
Event: 3.677 Thread 0x0000026a51e26960 DEOPT PACKING pc=0x0000026a61244bcc sp=0x0000008c708fa370
Event: 3.677 Thread 0x0000026a51e26960 DEOPT UNPACKING pc=0x0000026a60c723a3 sp=0x0000008c708fa2e8 mode 2
Event: 3.677 Thread 0x0000026a51e26960 Uncommon trap: trap_request=0xffffffc6 fr.pc=0x0000026a61244bcc relative=0x000000000000030c
Event: 3.677 Thread 0x0000026a51e26960 Uncommon trap: reason=bimorphic_or_optimized_type_check action=maybe_recompile pc=0x0000026a61244bcc method=java.util.HashMap.getNode(Ljava/lang/Object;)Ljava/util/HashMap$Node; @ 128 c2
Event: 3.677 Thread 0x0000026a51e26960 DEOPT PACKING pc=0x0000026a61244bcc sp=0x0000008c708fa370
Event: 3.677 Thread 0x0000026a51e26960 DEOPT UNPACKING pc=0x0000026a60c723a3 sp=0x0000008c708fa2e8 mode 2
Event: 3.677 Thread 0x0000026a51e26960 Uncommon trap: trap_request=0xffffffc6 fr.pc=0x0000026a61244bcc relative=0x000000000000030c
Event: 3.677 Thread 0x0000026a51e26960 Uncommon trap: reason=bimorphic_or_optimized_type_check action=maybe_recompile pc=0x0000026a61244bcc method=java.util.HashMap.getNode(Ljava/lang/Object;)Ljava/util/HashMap$Node; @ 128 c2
Event: 3.677 Thread 0x0000026a51e26960 DEOPT PACKING pc=0x0000026a61244bcc sp=0x0000008c708fa370
Event: 3.677 Thread 0x0000026a51e26960 DEOPT UNPACKING pc=0x0000026a60c723a3 sp=0x0000008c708fa2e8 mode 2

Classes unloaded (0 events):
No events

Classes redefined (0 events):
No events

Internal exceptions (20 events):
Event: 0.580 Thread 0x0000026a51e26960 Exception <a 'java/lang/NoSuchMethodError'{0x00000000fea9bfe0}: 'int java.lang.invoke.DirectMethodHandle$Holder.invokeSpecial(java.lang.Object, java.lang.Object, java.lang.Object)'> (0x00000000fea9bfe0) 
thrown [s\open\src\hotspot\share\interpreter\linkResolver.cpp, line 759]
Event: 0.583 Thread 0x0000026a51e26960 Exception <a 'java/lang/NoSuchMethodError'{0x00000000feaaf128}: 'java.lang.Object java.lang.invoke.Invokers$Holder.invokeExact_MT(java.lang.Object, java.lang.Object, java.lang.Object, java.lang.Object)'> (0x00000000feaaf128) 
thrown [s\open\src\hotspot\share\interpreter\linkResolver.cpp, line 759]
Event: 0.714 Thread 0x0000026a51e26960 Exception <a 'java/lang/NoSuchMethodError'{0x00000000ffca69e8}: 'java.lang.Object java.lang.invoke.DirectMethodHandle$Holder.invokeInterface(java.lang.Object, java.lang.Object, java.lang.Object)'> (0x00000000ffca69e8) 
thrown [s\open\src\hotspot\share\interpreter\linkResolver.cpp, line 759]
Event: 0.731 Thread 0x0000026a51e26960 Implicit null exception at 0x0000026a61208a13 to 0x0000026a61208e70
Event: 0.731 Thread 0x0000026a51e26960 Implicit null exception at 0x0000026a61201391 to 0x0000026a612017d0
Event: 0.731 Thread 0x0000026a51e26960 Implicit null exception at 0x0000026a611f6a8f to 0x0000026a611f6b09
Event: 0.754 Thread 0x0000026a51e26960 Exception <a 'java/lang/NoSuchMethodError'{0x00000000ffa54ca0}: 'java.lang.Object java.lang.invoke.DirectMethodHandle$Holder.invokeStaticInit(java.lang.Object)'> (0x00000000ffa54ca0) 
thrown [s\open\src\hotspot\share\interpreter\linkResolver.cpp, line 759]
Event: 0.857 Thread 0x0000026a51e26960 Exception <a 'java/lang/NoSuchMethodError'{0x00000000ff6ea5f8}: 'java.lang.Object java.lang.invoke.DirectMethodHandle$Holder.invokeStaticInit(java.lang.Object, int, int, int, int)'> (0x00000000ff6ea5f8) 
thrown [s\open\src\hotspot\share\interpreter\linkResolver.cpp, line 759]
Event: 0.916 Thread 0x0000026a51e26960 Exception <a 'java/lang/NoSuchMethodError'{0x00000000ff5490e8}: 'java.lang.Object java.lang.invoke.DirectMethodHandle$Holder.invokeStaticInit(java.lang.Object, java.lang.Object, int, int, int, int)'> (0x00000000ff5490e8) 
thrown [s\open\src\hotspot\share\interpreter\linkResolver.cpp, line 759]
Event: 1.038 Thread 0x0000026a51e26960 Exception <a 'java/lang/NoSuchMethodError'{0x00000000ff576cd8}: 'void java.lang.invoke.DirectMethodHandle$Holder.invokeStatic(java.lang.Object, java.lang.Object, java.lang.Object)'> (0x00000000ff576cd8) 
thrown [s\open\src\hotspot\share\interpreter\linkResolver.cpp, line 759]
Event: 1.059 Thread 0x0000026a51e26960 Implicit null exception at 0x0000026a611fc3f2 to 0x0000026a611fca0c
Event: 1.060 Thread 0x0000026a51e26960 Implicit null exception at 0x0000026a611fb7f2 to 0x0000026a611fbe0c
Event: 1.248 Thread 0x0000026a70ad34a0 Exception <a 'java/lang/NoSuchMethodError'{0x00000000feef5680}: 'void java.lang.invoke.DirectMethodHandle$Holder.invokeStatic(java.lang.Object, long)'> (0x00000000feef5680) 
thrown [s\open\src\hotspot\share\interpreter\linkResolver.cpp, line 759]
Event: 1.248 Thread 0x0000026a70ad34a0 Exception <a 'java/lang/NoSuchMethodError'{0x00000000feefad30}: 'java.lang.Object java.lang.invoke.DirectMethodHandle$Holder.newInvokeSpecial(java.lang.Object, long)'> (0x00000000feefad30) 
thrown [s\open\src\hotspot\share\interpreter\linkResolver.cpp, line 759]
Event: 1.251 Thread 0x0000026a70ad34a0 Exception <a 'java/lang/NoSuchMethodError'{0x00000000fed066c0}: 'java.lang.Object java.lang.invoke.DirectMethodHandle$Holder.invokeStaticInit(java.lang.Object, java.lang.Object, long, java.lang.Object)'> (0x00000000fed066c0) 
thrown [s\open\src\hotspot\share\interpreter\linkResolver.cpp, line 759]
Event: 1.252 Thread 0x0000026a70ad34a0 Exception <a 'java/lang/NoSuchMethodError'{0x00000000fed0cd80}: 'java.lang.Object java.lang.invoke.DirectMethodHandle$Holder.newInvokeSpecial(java.lang.Object, java.lang.Object, long)'> (0x00000000fed0cd80) 
thrown [s\open\src\hotspot\share\interpreter\linkResolver.cpp, line 759]
Event: 1.253 Thread 0x0000026a70ad34a0 Exception <a 'java/lang/NoSuchMethodError'{0x00000000fed11070}: 'java.lang.Object java.lang.invoke.Invokers$Holder.linkToTargetMethod(java.lang.Object, long, java.lang.Object)'> (0x00000000fed11070) 
thrown [s\open\src\hotspot\share\interpreter\linkResolver.cpp, line 759]
Event: 12.832 Thread 0x0000026a51e26960 Exception <a 'sun/net/ConnectionResetException'{0x00000000febee1b0}: Connection reset> (0x00000000febee1b0) 
thrown [s\open\src\hotspot\share\prims\jni.cpp, line 535]
Event: 12.837 Thread 0x0000026a51e26960 Exception <a 'java/lang/NoSuchMethodError'{0x00000000fea566b0}: 'int java.lang.invoke.DirectMethodHandle$Holder.invokeVirtual(java.lang.Object, java.lang.Object)'> (0x00000000fea566b0) 
thrown [s\open\src\hotspot\share\interpreter\linkResolver.cpp, line 759]
Event: 12.839 Thread 0x0000026a70a662e0 Exception <a 'java/io/IOException'{0x00000000febad378}: Connection reset by peer> (0x00000000febad378) 
thrown [s\open\src\hotspot\share\prims\jni.cpp, line 535]

VM Operations (20 events):
Event: 1.259 Executing VM operation: HandshakeAllThreads
Event: 1.259 Executing VM operation: HandshakeAllThreads done
Event: 1.268 Executing VM operation: HandshakeAllThreads
Event: 1.268 Executing VM operation: HandshakeAllThreads done
Event: 2.277 Executing VM operation: Cleanup
Event: 2.277 Executing VM operation: Cleanup done
Event: 3.687 Executing VM operation: HandshakeAllThreads
Event: 3.687 Executing VM operation: HandshakeAllThreads done
Event: 3.687 Executing VM operation: Cleanup
Event: 3.687 Executing VM operation: Cleanup done
Event: 4.687 Executing VM operation: Cleanup
Event: 4.687 Executing VM operation: Cleanup done
Event: 6.688 Executing VM operation: Cleanup
Event: 6.689 Executing VM operation: Cleanup done
Event: 9.701 Executing VM operation: Cleanup
Event: 9.701 Executing VM operation: Cleanup done
Event: 12.722 Executing VM operation: Cleanup
Event: 12.722 Executing VM operation: Cleanup done
Event: 12.755 Executing VM operation: HandshakeAllThreads
Event: 12.755 Executing VM operation: HandshakeAllThreads done

Events (20 events):
Event: 8.323 loading class jdk/internal/reflect/ClassFileAssembler done
Event: 8.324 loading class jdk/internal/reflect/UTF8
Event: 8.324 loading class jdk/internal/reflect/UTF8 done
Event: 8.326 loading class jdk/internal/reflect/Label
Event: 8.326 loading class jdk/internal/reflect/Label done
Event: 8.326 loading class jdk/internal/reflect/Label$PatchInfo
Event: 8.326 loading class jdk/internal/reflect/Label$PatchInfo done
Event: 8.326 loading class jdk/internal/reflect/MethodAccessorGenerator$1
Event: 8.327 loading class jdk/internal/reflect/MethodAccessorGenerator$1 done
Event: 8.327 loading class jdk/internal/reflect/ClassDefiner
Event: 8.327 loading class jdk/internal/reflect/ClassDefiner done
Event: 8.327 loading class jdk/internal/reflect/ClassDefiner$1
Event: 8.327 loading class jdk/internal/reflect/ClassDefiner$1 done
Event: 12.755 loading class java/util/ArrayList$ListItr
Event: 12.755 loading class java/util/ArrayList$ListItr done
Event: 12.832 loading class sun/net/ConnectionResetException
Event: 12.832 loading class sun/net/ConnectionResetException done
Event: 12.839 Thread 0x0000026a70a662e0 Thread exited: 0x0000026a70a662e0
Event: 12.840 loading class java/util/concurrent/ConcurrentLinkedQueue$Itr
Event: 12.840 loading class java/util/concurrent/ConcurrentLinkedQueue$Itr done


Dynamic libraries:
0x00007ff674260000 - 0x00007ff674270000 	C:\Program Files\Java\jdk-17.0.11\bin\java.exe
0x00007ff8decd0000 - 0x00007ff8deec8000 	C:\WINDOWS\SYSTEM32\ntdll.dll
0x00007ff8de720000 - 0x00007ff8de7dd000 	C:\WINDOWS\System32\KERNEL32.DLL
0x00007ff8dc560000 - 0x00007ff8dc856000 	C:\WINDOWS\System32\KERNELBASE.dll
0x00007ff8dc380000 - 0x00007ff8dc480000 	C:\WINDOWS\System32\ucrtbase.dll
0x00007ff8d5650000 - 0x00007ff8d5669000 	C:\Program Files\Java\jdk-17.0.11\bin\jli.dll
0x00007ff8d5670000 - 0x00007ff8d568b000 	C:\Program Files\Java\jdk-17.0.11\bin\VCRUNTIME140.dll
0x00007ff8de0d0000 - 0x00007ff8de180000 	C:\WINDOWS\System32\ADVAPI32.dll
0x00007ff8dea30000 - 0x00007ff8deace000 	C:\WINDOWS\System32\msvcrt.dll
0x00007ff8debf0000 - 0x00007ff8dec90000 	C:\WINDOWS\System32\sechost.dll
0x00007ff8dd620000 - 0x00007ff8dd743000 	C:\WINDOWS\System32\RPCRT4.dll
0x00007ff8dc920000 - 0x00007ff8dc947000 	C:\WINDOWS\System32\bcrypt.dll
0x00007ff8dd750000 - 0x00007ff8dd8ef000 	C:\WINDOWS\System32\USER32.dll
0x00007ff8dc480000 - 0x00007ff8dc4a2000 	C:\WINDOWS\System32\win32u.dll
0x00007ff8c17c0000 - 0x00007ff8c1a5a000 	C:\WINDOWS\WinSxS\amd64_microsoft.windows.common-controls_6595b64144ccf1df_6.0.19041.3636_none_60b6a03d71f818d5\COMCTL32.dll
0x00007ff8de7f0000 - 0x00007ff8de81b000 	C:\WINDOWS\System32\GDI32.dll
0x00007ff8dcb50000 - 0x00007ff8dcc67000 	C:\WINDOWS\System32\gdi32full.dll
0x00007ff8dcab0000 - 0x00007ff8dcb4d000 	C:\WINDOWS\System32\msvcp_win.dll
0x00007ff8d4590000 - 0x00007ff8d459a000 	C:\WINDOWS\SYSTEM32\VERSION.dll
0x00007ff8dde50000 - 0x00007ff8dde82000 	C:\WINDOWS\System32\IMM32.DLL
0x00007ff8d7440000 - 0x00007ff8d744c000 	C:\Program Files\Java\jdk-17.0.11\bin\vcruntime140_1.dll
0x00007ff8bdf90000 - 0x00007ff8be01e000 	C:\Program Files\Java\jdk-17.0.11\bin\msvcp140.dll
0x00007ff8a7e70000 - 0x00007ff8a8a50000 	C:\Program Files\Java\jdk-17.0.11\bin\server\jvm.dll
0x00007ff8dcde0000 - 0x00007ff8dcde8000 	C:\WINDOWS\System32\PSAPI.DLL
0x00007ff8bad70000 - 0x00007ff8bad79000 	C:\WINDOWS\SYSTEM32\WSOCK32.dll
0x00007ff8c0da0000 - 0x00007ff8c0dc7000 	C:\WINDOWS\SYSTEM32\WINMM.dll
0x00007ff8ddd10000 - 0x00007ff8ddd7b000 	C:\WINDOWS\System32\WS2_32.dll
0x00007ff8dab60000 - 0x00007ff8dab72000 	C:\WINDOWS\SYSTEM32\kernel.appcore.dll
0x00007ff8d56a0000 - 0x00007ff8d56aa000 	C:\Program Files\Java\jdk-17.0.11\bin\jimage.dll
0x00007ff8da7f0000 - 0x00007ff8da9d4000 	C:\WINDOWS\SYSTEM32\DBGHELP.DLL
0x00007ff8c9040000 - 0x00007ff8c9074000 	C:\WINDOWS\SYSTEM32\dbgcore.DLL
0x00007ff8dcc70000 - 0x00007ff8dccf2000 	C:\WINDOWS\System32\bcryptPrimitives.dll
0x00007ff8bf8e0000 - 0x00007ff8bf905000 	C:\Program Files\Java\jdk-17.0.11\bin\java.dll
0x00007ff8bad80000 - 0x00007ff8bae57000 	C:\Program Files\Java\jdk-17.0.11\bin\jsvml.dll
0x00007ff8dcdf0000 - 0x00007ff8dd55b000 	C:\WINDOWS\System32\SHELL32.dll
0x00007ff8d9f30000 - 0x00007ff8da6ce000 	C:\WINDOWS\SYSTEM32\windows.storage.dll
0x00007ff8dd9b0000 - 0x00007ff8ddd03000 	C:\WINDOWS\System32\combase.dll
0x00007ff8dbce0000 - 0x00007ff8dbd0e000 	C:\WINDOWS\SYSTEM32\Wldp.dll
0x00007ff8de5f0000 - 0x00007ff8de6bd000 	C:\WINDOWS\System32\OLEAUT32.dll
0x00007ff8ddda0000 - 0x00007ff8dde4d000 	C:\WINDOWS\System32\SHCORE.dll
0x00007ff8dd8f0000 - 0x00007ff8dd945000 	C:\WINDOWS\System32\shlwapi.dll
0x00007ff8dc2b0000 - 0x00007ff8dc2d3000 	C:\WINDOWS\SYSTEM32\profapi.dll
0x00007ff8d4970000 - 0x00007ff8d4989000 	C:\Program Files\Java\jdk-17.0.11\bin\net.dll
0x00007ff8d2790000 - 0x00007ff8d289a000 	C:\WINDOWS\SYSTEM32\WINHTTP.dll
0x00007ff8dba20000 - 0x00007ff8dba8a000 	C:\WINDOWS\system32\mswsock.dll
0x00007ff8d4890000 - 0x00007ff8d48a6000 	C:\Program Files\Java\jdk-17.0.11\bin\nio.dll
0x00007ff8cb3a0000 - 0x00007ff8cb3b8000 	C:\Program Files\Java\jdk-17.0.11\bin\zip.dll
0x00007ff8c9a00000 - 0x00007ff8c9a10000 	C:\Program Files\Java\jdk-17.0.11\bin\verify.dll
0x00007ff8be790000 - 0x00007ff8be7b7000 	C:\Users\marko\.gradle\native\e1d6ef7f7dcc3fd88c89a11ec53ec762bb8ba0a96d01ffa2cd45eb1d1d8dd5c5\windows-amd64\native-platform.dll
0x00007ff8d77d0000 - 0x00007ff8d77da000 	C:\Users\marko\.gradle\native\jansi\1.18\windows64\jansi.dll
0x00007ff8c1b60000 - 0x00007ff8c1b6a000 	C:\Program Files\Java\jdk-17.0.11\bin\management.dll
0x00007ff8c1b50000 - 0x00007ff8c1b5b000 	C:\Program Files\Java\jdk-17.0.11\bin\management_ext.dll
0x00007ff8dbc40000 - 0x00007ff8dbc58000 	C:\WINDOWS\SYSTEM32\CRYPTSP.dll
0x00007ff8db320000 - 0x00007ff8db354000 	C:\WINDOWS\system32\rsaenh.dll
0x00007ff8dc230000 - 0x00007ff8dc25e000 	C:\WINDOWS\SYSTEM32\USERENV.dll
0x00007ff8dbc30000 - 0x00007ff8dbc3c000 	C:\WINDOWS\SYSTEM32\CRYPTBASE.dll
0x00007ff8db6f0000 - 0x00007ff8db72b000 	C:\WINDOWS\SYSTEM32\IPHLPAPI.DLL
0x00007ff8de7e0000 - 0x00007ff8de7e8000 	C:\WINDOWS\System32\NSI.dll
0x00007ff8d45c0000 - 0x00007ff8d45d7000 	C:\WINDOWS\SYSTEM32\dhcpcsvc6.DLL
0x00007ff8d45a0000 - 0x00007ff8d45bd000 	C:\WINDOWS\SYSTEM32\dhcpcsvc.DLL
0x00007ff8db730000 - 0x00007ff8db7fb000 	C:\WINDOWS\SYSTEM32\DNSAPI.dll
0x00007ff8c1a80000 - 0x00007ff8c1a8e000 	C:\Program Files\Java\jdk-17.0.11\bin\sunmscapi.dll
0x00007ff8dc950000 - 0x00007ff8dcaae000 	C:\WINDOWS\System32\CRYPT32.dll
0x00007ff8dbd50000 - 0x00007ff8dbd78000 	C:\WINDOWS\SYSTEM32\ncrypt.dll
0x00007ff8dbd10000 - 0x00007ff8dbd4b000 	C:\WINDOWS\SYSTEM32\NTASN1.dll
0x00007ff8d56b0000 - 0x00007ff8d56b7000 	C:\WINDOWS\system32\wshunix.dll

dbghelp: loaded successfully - version: 4.0.5 - missing functions: none
symbol engine: initialized successfully - sym options: 0x614 - pdb path: .;C:\Program Files\Java\jdk-17.0.11\bin;C:\WINDOWS\SYSTEM32;C:\WINDOWS\WinSxS\amd64_microsoft.windows.common-controls_6595b64144ccf1df_6.0.19041.3636_none_60b6a03d71f818d5;C:\Program Files\Java\jdk-17.0.11\bin\server;C:\Users\marko\.gradle\native\e1d6ef7f7dcc3fd88c89a11ec53ec762bb8ba0a96d01ffa2cd45eb1d1d8dd5c5\windows-amd64;C:\Users\marko\.gradle\native\jansi\1.18\windows64

VM Arguments:
jvm_args: -Xmx64m -Xms64m -Dorg.gradle.appname=gradlew 
java_command: org.gradle.wrapper.GradleWrapperMain run
java_class_path (initial): C:\Users\marko\Desktop\ISS_24\issLab24\unibo.basicrobot24\\gradle\wrapper\gradle-wrapper.jar
Launcher Type: SUN_STANDARD

[Global flags]
     intx CICompilerCount                          = 4                                         {product} {ergonomic}
     uint ConcGCThreads                            = 2                                         {product} {ergonomic}
     uint G1ConcRefinementThreads                  = 8                                         {product} {ergonomic}
   size_t G1HeapRegionSize                         = 1048576                                   {product} {ergonomic}
    uintx GCDrainStackTargetSize                   = 64                                        {product} {ergonomic}
   size_t InitialHeapSize                          = 67108864                                  {product} {command line}
   size_t MarkStackSize                            = 4194304                                   {product} {ergonomic}
   size_t MaxHeapSize                              = 67108864                                  {product} {command line}
   size_t MaxNewSize                               = 39845888                                  {product} {ergonomic}
   size_t MinHeapDeltaBytes                        = 1048576                                   {product} {ergonomic}
   size_t MinHeapSize                              = 67108864                                  {product} {command line}
    uintx NonNMethodCodeHeapSize                   = 5839372                                {pd product} {ergonomic}
    uintx NonProfiledCodeHeapSize                  = 122909434                              {pd product} {ergonomic}
    uintx ProfiledCodeHeapSize                     = 122909434                              {pd product} {ergonomic}
    uintx ReservedCodeCacheSize                    = 251658240                              {pd product} {ergonomic}
     bool SegmentedCodeCache                       = true                                      {product} {ergonomic}
   size_t SoftMaxHeapSize                          = 67108864                               {manageable} {ergonomic}
     bool UseCompressedClassPointers               = true                           {product lp64_product} {ergonomic}
     bool UseCompressedOops                        = true                           {product lp64_product} {ergonomic}
     bool UseG1GC                                  = true                                      {product} {ergonomic}
     bool UseLargePagesIndividualAllocation        = false                                  {pd product} {ergonomic}

Logging:
Log output configuration:
 #0: stdout all=warning uptime,level,tags
 #1: stderr all=off uptime,level,tags

Environment Variables:
JAVA_HOME=C:\Program Files\Java\jdk-17.0.11
CLASSPATH=C:\Users\marko\Desktop\ISS_24\issLab24\unibo.basicrobot24\\gradle\wrapper\gradle-wrapper.jar
PATH=C:\Program Files\Java\jdk-17.0.11\bin;C:\Gradle\gradle-8.6\bin;C:\Program Files\Python310\Scripts\;C:\Program Files\Python310\;C:\Program Files\Common Files\Oracle\Java\javapath;C:\Program Files (x86)\Common Files\Oracle\Java\javapath;C:\Program Files (x86)\Razer Chroma SDK\bin;C:\Program Files\Razer Chroma SDK\bin;C:\Program Files (x86)\Razer\ChromaBroadcast\bin;C:\Program Files\Razer\ChromaBroadcast\bin;C:\Program Files (x86)\Intel\Intel(R) Management Engine Components\iCLS\;C:\Program Files\Intel\Intel(R) Management Engine Components\iCLS\;C:\WINDOWS\system32;C:\WINDOWS;C:\WINDOWS\System32\Wbem;C:\WINDOWS\System32\WindowsPowerShell\v1.0\;C:\Program Files (x86)\Intel\Intel(R) Management Engine Components\DAL;C:\Program Files\Intel\Intel(R) Management Engine Components\DAL;C:\Program Files (x86)\Intel\Intel(R) Management Engine Components\IPT;C:\Program Files\Intel\Intel(R) Management Engine Components\IPT;C:\WINDOWS\System32\OpenSSH\;C:\WINDOWS\system32\config\systemprofile\AppData\Local\Microsoft\WindowsApps;C:\WINDOWS\system32;C:\WINDOWS;C:\WINDOWS\System32\Wbem;C:\WINDOWS\System32\WindowsPowerShell\v1.0\;C:\WINDOWS\System32\OpenSSH\;C:\Users\marko\AppData\Roaming\nvm;C:\Program Files\nodejs;C:\Program Files\Git\cmd;C:\Program Files\Git LFS;C:\Users\marko\AppData\Roaming\Python\Python310\Scripts;C:\Program Files\Docker\Docker\resources\bin;C:\Program Files\nodejs\;C:\Program Files\Graphviz\bin;C:\Users\marko\AppData\Local\Programs\Microsoft VS Code\bin;C:\Users\marko\AppData\Local\Microsoft\WindowsApps;C:\Users\marko\Desktop\antlr;C:\Users\marko\AppData\Local\JetBrains\IntelliJ IDEA Community Edition 2022.3.2\bin;C:\Users\marko\AppData\Roaming\npm
USERNAME=marko
OS=Windows_NT
PROCESSOR_IDENTIFIER=Intel64 Family 6 Model 142 Stepping 10, GenuineIntel



---------------  S Y S T E M  ---------------

OS:
 Windows 10 , 64 bit Build 19041 (10.0.19041.3636)
OS uptime: 2 days 5:51 hours
Hyper-V role detected

CPU: total 8 (initial active 8) (4 cores per cpu, 2 threads per core) family 6 model 142 stepping 10 microcode 0xb4, cx8, cmov, fxsr, ht, mmx, 3dnowpref, sse, sse2, sse3, ssse3, sse4.1, sse4.2, popcnt, lzcnt, tsc, tscinvbit, avx, avx2, aes, erms, clmul, bmi1, bmi2, adx, fma, vzeroupper, clflush, clflushopt, hv

Memory: 4k page, system-wide physical 8058M (845M free)
TotalPageFile size 8058M (AvailPageFile size 500M)
current process WorkingSet (physical memory assigned to process): 95M, peak: 96M
current process commit charge ("private bytes"): 164M, peak: 167M

vm_info: Java HotSpot(TM) 64-Bit Server VM (17.0.11+7-LTS-207) for windows-amd64 JRE (17.0.11+7-LTS-207), built on Mar 11 2024 19:01:50 by "mach5one" with MS VC++ 17.6 (VS2022)

END.
