#
# There is insufficient memory for the Java Runtime Environment to continue.
# Native memory allocation (malloc) failed to allocate 2202832 bytes for Chunk::new
# Possible reasons:
#   The system is out of physical RAM or swap space
#   The process is running with CompressedOops enabled, and the Java Heap may be blocking the growth of the native heap
# Possible solutions:
#   Reduce memory load on the system
#   Increase physical memory or swap space
#   Check if swap backing store is full
#   Decrease Java heap size (-Xmx/-Xms)
#   Decrease number of Java threads
#   Decrease Java thread stack sizes (-Xss)
#   Set larger code cache with -XX:ReservedCodeCacheSize=
#   JVM is running with Unscaled Compressed Oops mode in which the Java heap is
#     placed in the first 4GB address space. The Java Heap base address is the
#     maximum limit for the native heap growth. Please use -XX:HeapBaseMinAddress
#     to set the Java Heap base and to place the Java Heap above 4GB virtual address.
# This output file may be truncated or incomplete.
#
#  Out of Memory Error (arena.cpp:189), pid=8052, tid=7580
#
# JRE version: Java(TM) SE Runtime Environment (17.0.11+7) (build 17.0.11+7-LTS-207)
# Java VM: Java HotSpot(TM) 64-Bit Server VM (17.0.11+7-LTS-207, mixed mode, sharing, tiered, compressed oops, compressed class ptrs, g1 gc, windows-amd64)
# No core dump will be written. Minidumps are not enabled by default on client versions of Windows
#

---------------  S U M M A R Y ------------

Command Line: --add-opens=java.base/java.util=ALL-UNNAMED --add-opens=java.base/java.lang=ALL-UNNAMED --add-opens=java.base/java.lang.invoke=ALL-UNNAMED --add-opens=java.base/java.util=ALL-UNNAMED --add-opens=java.prefs/java.util.prefs=ALL-UNNAMED --add-opens=java.prefs/java.util.prefs=ALL-UNNAMED --add-opens=java.base/java.nio.charset=ALL-UNNAMED --add-opens=java.base/java.net=ALL-UNNAMED --add-opens=java.base/java.util.concurrent.atomic=ALL-UNNAMED -XX:MaxMetaspaceSize=256m -XX:+HeapDumpOnOutOfMemoryError -Xms256m -Xmx512m -Dfile.encoding=windows-1252 -Duser.country=IT -Duser.language=it -Duser.variant org.gradle.launcher.daemon.bootstrap.GradleDaemon 7.4.2

Host: Intel(R) Core(TM) i5-8250U CPU @ 1.60GHz, 8 cores, 7G,  Windows 10 , 64 bit Build 19041 (10.0.19041.3636)
Time: Thu May 23 16:34:35 2024 ora legale Europa occidentale elapsed time: 83.505608 seconds (0d 0h 1m 23s)

---------------  T H R E A D  ---------------

Current thread (0x000001dc13e4eaf0):  JavaThread "C2 CompilerThread1" daemon [_thread_in_native, id=7580, stack(0x000000bfb2d00000,0x000000bfb2e00000)]


Current CompileTask:
C2:  83505 5095       4       org.objectweb.asm.Frame::execute (2318 bytes)

Stack: [0x000000bfb2d00000,0x000000bfb2e00000]
Native frames: (J=compiled Java code, j=interpreted, Vv=VM code, C=native code)
V  [jvm.dll+0x679cca]
V  [jvm.dll+0x7da13d]
V  [jvm.dll+0x7dba83]
V  [jvm.dll+0x7dc0f3]
V  [jvm.dll+0x2449af]
V  [jvm.dll+0xab83b]
V  [jvm.dll+0xabe1c]
V  [jvm.dll+0x3615ae]
V  [jvm.dll+0x32bd61]
V  [jvm.dll+0x32b1fa]
V  [jvm.dll+0x2161df]
V  [jvm.dll+0x21560f]
V  [jvm.dll+0x1a2040]
V  [jvm.dll+0x225a2b]
V  [jvm.dll+0x223bcb]
V  [jvm.dll+0x7903ec]
V  [jvm.dll+0x78a85a]
V  [jvm.dll+0x678bb5]
C  [ucrtbase.dll+0x21bb2]
C  [KERNEL32.DLL+0x17344]
C  [ntdll.dll+0x526b1]


---------------  P R O C E S S  ---------------

Threads class SMR info:
_java_thread_list=0x000001dc138c29f0, length=93, elements={
0x000001dc5eaa9170, 0x000001dc7b318350, 0x000001dc7b3190e0, 0x000001dc7b3327c0,
0x000001dc7b3350a0, 0x000001dc7b335970, 0x000001dc7b336240, 0x000001dc7b336ef0,
0x000001dc7b342dd0, 0x000001dc7b346700, 0x000001dc122405a0, 0x000001dc12242cb0,
0x000001dc13777fb0, 0x000001dc137784c0, 0x000001dc13777080, 0x000001dc1272d160,
0x000001dc1272eab0, 0x000001dc1272fef0, 0x000001dc1272b300, 0x000001dc1272a3d0,
0x000001dc12730e20, 0x000001dc1272e5a0, 0x000001dc12731d50, 0x000001dc1272cc50,
0x000001dc1272db80, 0x000001dc12730910, 0x000001dc12731840, 0x000001dc1272efc0,
0x000001dc1272a8e0, 0x000001dc1272f4d0, 0x000001dc1272b810, 0x000001dc1272adf0,
0x000001dc1272bd20, 0x000001dc1272f9e0, 0x000001dc137789d0, 0x000001dc13777590,
0x000001dc13777aa0, 0x000001dc13e4eaf0, 0x000001dc13007c10, 0x000001dc13003f50,
0x000001dc13e4f040, 0x000001dc13002600, 0x000001dc13006ce0, 0x000001dc130016d0,
0x000001dc13005390, 0x000001dc13004970, 0x000001dc13003020, 0x000001dc13003530,
0x000001dc130058a0, 0x000001dc13002b10, 0x000001dc13001be0, 0x000001dc13004e80,
0x000001dc13003a40, 0x000001dc130020f0, 0x000001dc13005db0, 0x000001dc130067d0,
0x000001dc130071f0, 0x000001dc13008120, 0x000001dc13008630, 0x000001dc13007700,
0x000001dc12600480, 0x000001dc125ff550, 0x000001dc125fff70, 0x000001dc125fe620,
0x000001dc125f9f40, 0x000001dc12600990, 0x000001dc125fc2b0, 0x000001dc125ff040,
0x000001dc125feb30, 0x000001dc125ffa60, 0x000001dc12600ea0, 0x000001dc125fd6f0,
0x000001dc125fdc00, 0x000001dc125fd1e0, 0x000001dc125fb380, 0x000001dc125f9a30,
0x000001dc125fb890, 0x000001dc125fa450, 0x000001dc126013b0, 0x000001dc125fbda0,
0x000001dc125fc7c0, 0x000001dc125fa960, 0x000001dc125fae70, 0x000001dc125fccd0,
0x000001dc125fe110, 0x000001dc14572440, 0x000001dc14572950, 0x000001dc14572e60,
0x000001dc14574cc0, 0x000001dc145742a0, 0x000001dc14571510, 0x000001dc14573370,
0x000001dc14573d90
}

Java Threads: ( => current thread )
  0x000001dc5eaa9170 JavaThread "main" [_thread_blocked, id=15400, stack(0x000000bfafa00000,0x000000bfafb00000)]
  0x000001dc7b318350 JavaThread "Reference Handler" daemon [_thread_blocked, id=8484, stack(0x000000bfb0100000,0x000000bfb0200000)]
  0x000001dc7b3190e0 JavaThread "Finalizer" daemon [_thread_blocked, id=9520, stack(0x000000bfb0200000,0x000000bfb0300000)]
  0x000001dc7b3327c0 JavaThread "Signal Dispatcher" daemon [_thread_blocked, id=8780, stack(0x000000bfb0300000,0x000000bfb0400000)]
  0x000001dc7b3350a0 JavaThread "Attach Listener" daemon [_thread_blocked, id=3624, stack(0x000000bfb0400000,0x000000bfb0500000)]
  0x000001dc7b335970 JavaThread "Service Thread" daemon [_thread_blocked, id=9504, stack(0x000000bfb0500000,0x000000bfb0600000)]
  0x000001dc7b336240 JavaThread "Monitor Deflation Thread" daemon [_thread_blocked, id=4472, stack(0x000000bfb0600000,0x000000bfb0700000)]
  0x000001dc7b336ef0 JavaThread "C2 CompilerThread0" daemon [_thread_in_native, id=8700, stack(0x000000bfb0700000,0x000000bfb0800000)]
  0x000001dc7b342dd0 JavaThread "C1 CompilerThread0" daemon [_thread_blocked, id=14672, stack(0x000000bfb0800000,0x000000bfb0900000)]
  0x000001dc7b346700 JavaThread "Sweeper thread" daemon [_thread_blocked, id=15976, stack(0x000000bfb0900000,0x000000bfb0a00000)]
  0x000001dc122405a0 JavaThread "Common-Cleaner" daemon [_thread_blocked, id=13520, stack(0x000000bfb0a00000,0x000000bfb0b00000)]
  0x000001dc12242cb0 JavaThread "Notification Thread" daemon [_thread_blocked, id=16608, stack(0x000000bfb0b00000,0x000000bfb0c00000)]
  0x000001dc13777fb0 JavaThread "Daemon health stats" [_thread_blocked, id=5856, stack(0x000000bfb1300000,0x000000bfb1400000)]
  0x000001dc137784c0 JavaThread "Incoming local TCP Connector on port 49229" [_thread_in_native, id=10000, stack(0x000000bfb1400000,0x000000bfb1500000)]
  0x000001dc13777080 JavaThread "Daemon periodic checks" [_thread_blocked, id=1984, stack(0x000000bfb1500000,0x000000bfb1600000)]
  0x000001dc1272d160 JavaThread "Cache worker for journal cache (C:\Users\marko\.gradle\caches\journal-1)" [_thread_blocked, id=15168, stack(0x000000bfb1c00000,0x000000bfb1d00000)]
  0x000001dc1272eab0 JavaThread "File lock request listener" [_thread_in_native, id=15152, stack(0x000000bfb1d00000,0x000000bfb1e00000)]
  0x000001dc1272fef0 JavaThread "Cache worker for file hash cache (C:\Users\marko\.gradle\caches\7.4.2\fileHashes)" [_thread_blocked, id=12840, stack(0x000000bfb1e00000,0x000000bfb1f00000)]
  0x000001dc1272b300 JavaThread "File watcher server" daemon [_thread_in_native, id=9300, stack(0x000000bfb2000000,0x000000bfb2100000)]
  0x000001dc1272a3d0 JavaThread "File watcher consumer" daemon [_thread_blocked, id=820, stack(0x000000bfb2100000,0x000000bfb2200000)]
  0x000001dc12730e20 JavaThread "Cache worker for execution history cache (C:\Users\marko\.gradle\caches\7.4.2\executionHistory)" [_thread_blocked, id=1456, stack(0x000000bfb2700000,0x000000bfb2800000)]
  0x000001dc1272e5a0 JavaThread "jar transforms" [_thread_blocked, id=11772, stack(0x000000bfb1900000,0x000000bfb1a00000)]
  0x000001dc12731d50 JavaThread "jar transforms Thread 2" [_thread_blocked, id=2132, stack(0x000000bfb2b00000,0x000000bfb2c00000)]
  0x000001dc1272cc50 JavaThread "Cache worker for file content cache (C:\Users\marko\.gradle\caches\7.4.2\fileContent)" [_thread_blocked, id=13316, stack(0x000000bfb2c00000,0x000000bfb2d00000)]
  0x000001dc1272db80 JavaThread "File lock release action executor" [_thread_blocked, id=5020, stack(0x000000bfb1a00000,0x000000bfb1b00000)]
  0x000001dc12730910 JavaThread "Daemon Thread 2" [_thread_blocked, id=13416, stack(0x000000bfaf700000,0x000000bfaf800000)]
  0x000001dc12731840 JavaThread "Handler for socket connection from /127.0.0.1:49229 to /127.0.0.1:49263" [_thread_in_native, id=14948, stack(0x000000bfaf800000,0x000000bfaf900000)]
  0x000001dc1272efc0 JavaThread "Cancel handler" [_thread_blocked, id=14488, stack(0x000000bfaf900000,0x000000bfafa00000)]
  0x000001dc1272a8e0 JavaThread "Daemon worker Thread 2" [_thread_in_Java, id=3204, stack(0x000000bfb0d00000,0x000000bfb0e00000)]
  0x000001dc1272f4d0 JavaThread "Asynchronous log dispatcher for DefaultDaemonConnection: socket connection from /127.0.0.1:49229 to /127.0.0.1:49263" [_thread_blocked, id=16816, stack(0x000000bfb1800000,0x000000bfb1900000)]
  0x000001dc1272b810 JavaThread "Stdin handler" [_thread_blocked, id=5568, stack(0x000000bfb1b00000,0x000000bfb1c00000)]
  0x000001dc1272adf0 JavaThread "Daemon client event forwarder" [_thread_blocked, id=9036, stack(0x000000bfb1f00000,0x000000bfb2000000)]
  0x000001dc1272bd20 JavaThread "Cache worker for checksums cache (C:\Users\marko\Desktop\ISS_24\issLab24\unibo.basicrobot24\.gradle\7.4.2\checksums)" [_thread_blocked, id=8412, stack(0x000000bfb2200000,0x000000bfb2300000)]
  0x000001dc1272f9e0 JavaThread "Cache worker for cache directory md-rule (C:\Users\marko\.gradle\caches\7.4.2\md-rule)" [_thread_blocked, id=1916, stack(0x000000bfb2300000,0x000000bfb2400000)]
  0x000001dc137789d0 JavaThread "Cache worker for file hash cache (C:\Users\marko\Desktop\ISS_24\issLab24\unibo.basicrobot24\.gradle\7.4.2\fileHashes)" [_thread_blocked, id=16200, stack(0x000000bfb2400000,0x000000bfb2500000)]
  0x000001dc13777590 JavaThread "Cache worker for cache directory md-supplier (C:\Users\marko\.gradle\caches\7.4.2\md-supplier)" [_thread_blocked, id=11412, stack(0x000000bfb2500000,0x000000bfb2600000)]
  0x000001dc13777aa0 JavaThread "Cache worker for dependencies-accessors (C:\Users\marko\Desktop\ISS_24\issLab24\unibo.basicrobot24\.gradle\7.4.2\dependencies-accessors)" [_thread_blocked, id=17292, stack(0x000000bfb2600000,0x000000bfb2700000)]
=>0x000001dc13e4eaf0 JavaThread "C2 CompilerThread1" daemon [_thread_in_native, id=7580, stack(0x000000bfb2d00000,0x000000bfb2e00000)]
  0x000001dc13007c10 JavaThread "jar transforms Thread 3" [_thread_blocked, id=12932, stack(0x000000bfb2e00000,0x000000bfb2f00000)]
  0x000001dc13003f50 JavaThread "Cache worker for Build Output Cleanup Cache (C:\Users\marko\Desktop\ISS_24\issLab24\unibo.basicrobot24\.gradle\buildOutputCleanup)" [_thread_blocked, id=14824, stack(0x000000bfb2f00000,0x000000bfb3000000)]
  0x000001dc13e4f040 JavaThread "C2 CompilerThread2" daemon [_thread_in_native, id=3324, stack(0x000000bfb3000000,0x000000bfb3100000)]
  0x000001dc13002600 JavaThread "Unconstrained build operations" [_thread_blocked, id=6500, stack(0x000000bfb3100000,0x000000bfb3200000)]
  0x000001dc13006ce0 JavaThread "Unconstrained build operations Thread 2" [_thread_blocked, id=16252, stack(0x000000bfb3200000,0x000000bfb3300000)]
  0x000001dc130016d0 JavaThread "Unconstrained build operations Thread 3" [_thread_blocked, id=17276, stack(0x000000bfb3300000,0x000000bfb3400000)]
  0x000001dc13005390 JavaThread "Unconstrained build operations Thread 4" [_thread_blocked, id=248, stack(0x000000bfb3400000,0x000000bfb3500000)]
  0x000001dc13004970 JavaThread "Unconstrained build operations Thread 5" [_thread_blocked, id=16756, stack(0x000000bfb3500000,0x000000bfb3600000)]
  0x000001dc13003020 JavaThread "Unconstrained build operations Thread 6" [_thread_blocked, id=4248, stack(0x000000bfb3600000,0x000000bfb3700000)]
  0x000001dc13003530 JavaThread "Unconstrained build operations Thread 7" [_thread_blocked, id=5932, stack(0x000000bfb3700000,0x000000bfb3800000)]
  0x000001dc130058a0 JavaThread "Unconstrained build operations Thread 8" [_thread_blocked, id=10968, stack(0x000000bfb3800000,0x000000bfb3900000)]
  0x000001dc13002b10 JavaThread "Unconstrained build operations Thread 9" [_thread_blocked, id=1560, stack(0x000000bfb3900000,0x000000bfb3a00000)]
  0x000001dc13001be0 JavaThread "Unconstrained build operations Thread 10" [_thread_blocked, id=5244, stack(0x000000bfb3a00000,0x000000bfb3b00000)]
  0x000001dc13004e80 JavaThread "Unconstrained build operations Thread 11" [_thread_blocked, id=10756, stack(0x000000bfb3b00000,0x000000bfb3c00000)]
  0x000001dc13003a40 JavaThread "Unconstrained build operations Thread 12" [_thread_blocked, id=11964, stack(0x000000bfb3c00000,0x000000bfb3d00000)]
  0x000001dc130020f0 JavaThread "Unconstrained build operations Thread 13" [_thread_blocked, id=12116, stack(0x000000bfb3d00000,0x000000bfb3e00000)]
  0x000001dc13005db0 JavaThread "Unconstrained build operations Thread 14" [_thread_blocked, id=17232, stack(0x000000bfb3e00000,0x000000bfb3f00000)]
  0x000001dc130067d0 JavaThread "Unconstrained build operations Thread 15" [_thread_blocked, id=7512, stack(0x000000bfb3f00000,0x000000bfb4000000)]
  0x000001dc130071f0 JavaThread "Unconstrained build operations Thread 16" [_thread_blocked, id=9464, stack(0x000000bfb4000000,0x000000bfb4100000)]
  0x000001dc13008120 JavaThread "Unconstrained build operations Thread 17" [_thread_blocked, id=12892, stack(0x000000bfb4100000,0x000000bfb4200000)]
  0x000001dc13008630 JavaThread "Unconstrained build operations Thread 18" [_thread_blocked, id=17088, stack(0x000000bfb4200000,0x000000bfb4300000)]
  0x000001dc13007700 JavaThread "Unconstrained build operations Thread 19" [_thread_blocked, id=13308, stack(0x000000bfb4300000,0x000000bfb4400000)]
  0x000001dc12600480 JavaThread "Unconstrained build operations Thread 20" [_thread_blocked, id=12032, stack(0x000000bfb4400000,0x000000bfb4500000)]
  0x000001dc125ff550 JavaThread "Unconstrained build operations Thread 21" [_thread_blocked, id=7752, stack(0x000000bfb4500000,0x000000bfb4600000)]
  0x000001dc125fff70 JavaThread "Unconstrained build operations Thread 22" [_thread_blocked, id=12100, stack(0x000000bfb4600000,0x000000bfb4700000)]
  0x000001dc125fe620 JavaThread "Unconstrained build operations Thread 23" [_thread_blocked, id=4828, stack(0x000000bfb4700000,0x000000bfb4800000)]
  0x000001dc125f9f40 JavaThread "Unconstrained build operations Thread 24" [_thread_blocked, id=3708, stack(0x000000bfb4800000,0x000000bfb4900000)]
  0x000001dc12600990 JavaThread "Unconstrained build operations Thread 25" [_thread_blocked, id=11520, stack(0x000000bfb4900000,0x000000bfb4a00000)]
  0x000001dc125fc2b0 JavaThread "Unconstrained build operations Thread 26" [_thread_blocked, id=6600, stack(0x000000bfb4a00000,0x000000bfb4b00000)]
  0x000001dc125ff040 JavaThread "Unconstrained build operations Thread 27" [_thread_blocked, id=6892, stack(0x000000bfb4b00000,0x000000bfb4c00000)]
  0x000001dc125feb30 JavaThread "Unconstrained build operations Thread 28" [_thread_blocked, id=14556, stack(0x000000bfb4c00000,0x000000bfb4d00000)]
  0x000001dc125ffa60 JavaThread "Unconstrained build operations Thread 29" [_thread_blocked, id=10248, stack(0x000000bfb4d00000,0x000000bfb4e00000)]
  0x000001dc12600ea0 JavaThread "Unconstrained build operations Thread 30" [_thread_blocked, id=1652, stack(0x000000bfb4e00000,0x000000bfb4f00000)]
  0x000001dc125fd6f0 JavaThread "Unconstrained build operations Thread 31" [_thread_blocked, id=8804, stack(0x000000bfb4f00000,0x000000bfb5000000)]
  0x000001dc125fdc00 JavaThread "Unconstrained build operations Thread 32" [_thread_blocked, id=1420, stack(0x000000bfb5000000,0x000000bfb5100000)]
  0x000001dc125fd1e0 JavaThread "Unconstrained build operations Thread 33" [_thread_blocked, id=12916, stack(0x000000bfb5100000,0x000000bfb5200000)]
  0x000001dc125fb380 JavaThread "Unconstrained build operations Thread 34" [_thread_blocked, id=8212, stack(0x000000bfb5200000,0x000000bfb5300000)]
  0x000001dc125f9a30 JavaThread "Unconstrained build operations Thread 35" [_thread_blocked, id=10976, stack(0x000000bfb5300000,0x000000bfb5400000)]
  0x000001dc125fb890 JavaThread "Unconstrained build operations Thread 36" [_thread_blocked, id=8084, stack(0x000000bfb5400000,0x000000bfb5500000)]
  0x000001dc125fa450 JavaThread "Unconstrained build operations Thread 37" [_thread_blocked, id=10432, stack(0x000000bfb5500000,0x000000bfb5600000)]
  0x000001dc126013b0 JavaThread "Unconstrained build operations Thread 38" [_thread_blocked, id=4256, stack(0x000000bfb5600000,0x000000bfb5700000)]
  0x000001dc125fbda0 JavaThread "Unconstrained build operations Thread 39" [_thread_blocked, id=17240, stack(0x000000bfb5700000,0x000000bfb5800000)]
  0x000001dc125fc7c0 JavaThread "Unconstrained build operations Thread 40" [_thread_blocked, id=15100, stack(0x000000bfb5800000,0x000000bfb5900000)]
  0x000001dc125fa960 JavaThread "Unconstrained build operations Thread 41" [_thread_blocked, id=16924, stack(0x000000bfb5900000,0x000000bfb5a00000)]
  0x000001dc125fae70 JavaThread "Unconstrained build operations Thread 42" [_thread_blocked, id=9532, stack(0x000000bfb5a00000,0x000000bfb5b00000)]
  0x000001dc125fccd0 JavaThread "Unconstrained build operations Thread 43" [_thread_blocked, id=6776, stack(0x000000bfb5b00000,0x000000bfb5c00000)]
  0x000001dc125fe110 JavaThread "Unconstrained build operations Thread 44" [_thread_blocked, id=1772, stack(0x000000bfb5c00000,0x000000bfb5d00000)]
  0x000001dc14572440 JavaThread "Unconstrained build operations Thread 45" [_thread_blocked, id=9584, stack(0x000000bfb5d00000,0x000000bfb5e00000)]
  0x000001dc14572950 JavaThread "Unconstrained build operations Thread 46" [_thread_blocked, id=12168, stack(0x000000bfb5e00000,0x000000bfb5f00000)]
  0x000001dc14572e60 JavaThread "jar transforms Thread 4" [_thread_blocked, id=7308, stack(0x000000bfb5f00000,0x000000bfb6000000)]
  0x000001dc14574cc0 JavaThread "jar transforms Thread 5" [_thread_blocked, id=6784, stack(0x000000bfb6000000,0x000000bfb6100000)]
  0x000001dc145742a0 JavaThread "jar transforms Thread 6" [_thread_blocked, id=680, stack(0x000000bfb6100000,0x000000bfb6200000)]
  0x000001dc14571510 JavaThread "jar transforms Thread 7" [_thread_blocked, id=3412, stack(0x000000bfb6200000,0x000000bfb6300000)]
  0x000001dc14573370 JavaThread "jar transforms Thread 8" [_thread_blocked, id=13916, stack(0x000000bfb6300000,0x000000bfb6400000)]
  0x000001dc14573d90 JavaThread "Memory manager" [_thread_blocked, id=10360, stack(0x000000bfb6400000,0x000000bfb6500000)]

Other Threads:
  0x000001dc7b311820 VMThread "VM Thread" [stack: 0x000000bfb0000000,0x000000bfb0100000] [id=14916]
  0x000001dc5eb29770 WatcherThread [stack: 0x000000bfb0c00000,0x000000bfb0d00000] [id=17024]
  0x000001dc5ead9640 GCTaskThread "GC Thread#0" [stack: 0x000000bfafb00000,0x000000bfafc00000] [id=8524]
  0x000001dc13550ab0 GCTaskThread "GC Thread#1" [stack: 0x000000bfb0e00000,0x000000bfb0f00000] [id=10724]
  0x000001dc12dbfca0 GCTaskThread "GC Thread#2" [stack: 0x000000bfb0f00000,0x000000bfb1000000] [id=14580]
  0x000001dc12dbff60 GCTaskThread "GC Thread#3" [stack: 0x000000bfb1000000,0x000000bfb1100000] [id=15364]
  0x000001dc12e4a5b0 GCTaskThread "GC Thread#4" [stack: 0x000000bfb1100000,0x000000bfb1200000] [id=16400]
  0x000001dc131e4f60 GCTaskThread "GC Thread#5" [stack: 0x000000bfb1200000,0x000000bfb1300000] [id=13896]
  0x000001dc12cc7d00 GCTaskThread "GC Thread#6" [stack: 0x000000bfb2800000,0x000000bfb2900000] [id=11980]
  0x000001dc12cc7200 GCTaskThread "GC Thread#7" [stack: 0x000000bfb2900000,0x000000bfb2a00000] [id=12164]
  0x000001dc5eade4a0 ConcurrentGCThread "G1 Main Marker" [stack: 0x000000bfafc00000,0x000000bfafd00000] [id=1488]
  0x000001dc5eadfb70 ConcurrentGCThread "G1 Conc#0" [stack: 0x000000bfafd00000,0x000000bfafe00000] [id=11536]
  0x000001dc12cc6f40 ConcurrentGCThread "G1 Conc#1" [stack: 0x000000bfb2a00000,0x000000bfb2b00000] [id=15140]
  0x000001dc5eb7de00 ConcurrentGCThread "G1 Refine#0" [stack: 0x000000bfafe00000,0x000000bfaff00000] [id=5956]
  0x000001dc5eb7e740 ConcurrentGCThread "G1 Service" [stack: 0x000000bfaff00000,0x000000bfb0000000] [id=2308]

Threads with active compile tasks:
C2 CompilerThread0    83584 5053       4       java.util.Arrays::binarySearch0 (95 bytes)
C1 CompilerThread0    83584 5339       3       com.google.common.util.concurrent.AbstractFuture::releaseWaiters (38 bytes)
C2 CompilerThread1    83584 5095       4       org.objectweb.asm.Frame::execute (2318 bytes)
C2 CompilerThread2    83584 5050       4       java.util.Arrays::binarySearch (10 bytes)

VM state: not at safepoint (normal execution)

VM Mutex/Monitor currently owned by a thread: None

Heap address: 0x00000000e0000000, size: 512 MB, Compressed Oops mode: 32-bit

CDS archive(s) mapped at: [0x000001dc00000000-0x000001dc00bd0000-0x000001dc00bd0000), size 12386304, SharedBaseAddress: 0x000001dc00000000, ArchiveRelocationMode: 1.
Compressed class space mapped at: 0x000001dc01000000-0x000001dc0e000000, reserved size: 218103808
Narrow klass base: 0x000001dc00000000, Narrow klass shift: 0, Narrow klass range: 0x100000000

GC Precious Log:
 CPUs: 8 total, 8 available
 Memory: 8058M
 Large Page Support: Disabled
 NUMA Support: Disabled
 Compressed Oops: Enabled (32-bit)
 Heap Region Size: 1M
 Heap Min Capacity: 256M
 Heap Initial Capacity: 256M
 Heap Max Capacity: 512M
 Pre-touch: Disabled
 Parallel Workers: 8
 Concurrent Workers: 2
 Concurrent Refinement Workers: 8
 Periodic GC: Disabled

Heap:
 garbage-first heap   total 262144K, used 105879K [0x00000000e0000000, 0x0000000100000000)
  region size 1024K, 77 young (78848K), 1 survivors (1024K)
 Metaspace       used 43056K, committed 43520K, reserved 278528K
  class space    used 5982K, committed 6208K, reserved 212992K

Heap Regions: E=young(eden), S=young(survivor), O=old, HS=humongous(starts), HC=humongous(continues), CS=collection set, F=free, OA=open archive, CA=closed archive, TAMS=top-at-mark-start (previous, next)
|   0|0x00000000e0000000, 0x00000000e0100000, 0x00000000e0100000|100%| O|  |TAMS 0x00000000e0100000, 0x00000000e0000000| Untracked 
|   1|0x00000000e0100000, 0x00000000e0200000, 0x00000000e0200000|100%| O|  |TAMS 0x00000000e0200000, 0x00000000e0100000| Untracked 
|   2|0x00000000e0200000, 0x00000000e0200000, 0x00000000e0300000|  0%| F|  |TAMS 0x00000000e0200000, 0x00000000e0200000| Untracked 
|   3|0x00000000e0300000, 0x00000000e0400000, 0x00000000e0400000|100%|HS|  |TAMS 0x00000000e0400000, 0x00000000e0300000| Complete 
|   4|0x00000000e0400000, 0x00000000e0500000, 0x00000000e0500000|100%|HC|  |TAMS 0x00000000e0500000, 0x00000000e0400000| Complete 
|   5|0x00000000e0500000, 0x00000000e0600000, 0x00000000e0600000|100%|HC|  |TAMS 0x00000000e0600000, 0x00000000e0500000| Complete 
|   6|0x00000000e0600000, 0x00000000e0700000, 0x00000000e0700000|100%| O|  |TAMS 0x00000000e0700000, 0x00000000e0600000| Untracked 
|   7|0x00000000e0700000, 0x00000000e0800000, 0x00000000e0800000|100%| O|  |TAMS 0x00000000e0800000, 0x00000000e0700000| Untracked 
|   8|0x00000000e0800000, 0x00000000e0900000, 0x00000000e0900000|100%| O|  |TAMS 0x00000000e0900000, 0x00000000e0800000| Untracked 
|   9|0x00000000e0900000, 0x00000000e0a00000, 0x00000000e0a00000|100%| O|  |TAMS 0x00000000e0a00000, 0x00000000e0900000| Untracked 
|  10|0x00000000e0a00000, 0x00000000e0b00000, 0x00000000e0b00000|100%| O|  |TAMS 0x00000000e0b00000, 0x00000000e0a00000| Untracked 
|  11|0x00000000e0b00000, 0x00000000e0c00000, 0x00000000e0c00000|100%| O|  |TAMS 0x00000000e0c00000, 0x00000000e0b00000| Untracked 
|  12|0x00000000e0c00000, 0x00000000e0d00000, 0x00000000e0d00000|100%| O|  |TAMS 0x00000000e0d00000, 0x00000000e0c00000| Untracked 
|  13|0x00000000e0d00000, 0x00000000e0e00000, 0x00000000e0e00000|100%| O|  |TAMS 0x00000000e0e00000, 0x00000000e0d00000| Untracked 
|  14|0x00000000e0e00000, 0x00000000e0f00000, 0x00000000e0f00000|100%| O|  |TAMS 0x00000000e0f00000, 0x00000000e0e00000| Untracked 
|  15|0x00000000e0f00000, 0x00000000e1000000, 0x00000000e1000000|100%| O|  |TAMS 0x00000000e1000000, 0x00000000e0f00000| Untracked 
|  16|0x00000000e1000000, 0x00000000e1100000, 0x00000000e1100000|100%| O|  |TAMS 0x00000000e1100000, 0x00000000e1000000| Untracked 
|  17|0x00000000e1100000, 0x00000000e1200000, 0x00000000e1200000|100%| O|  |TAMS 0x00000000e1200000, 0x00000000e1100000| Untracked 
|  18|0x00000000e1200000, 0x00000000e1300000, 0x00000000e1300000|100%| O|  |TAMS 0x00000000e1300000, 0x00000000e1200000| Untracked 
|  19|0x00000000e1300000, 0x00000000e1400000, 0x00000000e1400000|100%| O|  |TAMS 0x00000000e1400000, 0x00000000e1300000| Untracked 
|  20|0x00000000e1400000, 0x00000000e1500000, 0x00000000e1500000|100%| O|  |TAMS 0x00000000e1500000, 0x00000000e1400000| Untracked 
|  21|0x00000000e1500000, 0x00000000e1600000, 0x00000000e1600000|100%| O|  |TAMS 0x00000000e1600000, 0x00000000e1500000| Untracked 
|  22|0x00000000e1600000, 0x00000000e1700000, 0x00000000e1700000|100%| O|  |TAMS 0x00000000e1700000, 0x00000000e1600000| Untracked 
|  23|0x00000000e1700000, 0x00000000e1800000, 0x00000000e1800000|100%| O|  |TAMS 0x00000000e1800000, 0x00000000e1700000| Untracked 
|  24|0x00000000e1800000, 0x00000000e1900000, 0x00000000e1900000|100%| O|  |TAMS 0x00000000e1900000, 0x00000000e1800000| Untracked 
|  25|0x00000000e1900000, 0x00000000e1a00000, 0x00000000e1a00000|100%| O|  |TAMS 0x00000000e1a00000, 0x00000000e1900000| Untracked 
|  26|0x00000000e1a00000, 0x00000000e1b00000, 0x00000000e1b00000|100%| O|  |TAMS 0x00000000e1b00000, 0x00000000e1a00000| Untracked 
|  27|0x00000000e1b00000, 0x00000000e1c00000, 0x00000000e1c00000|100%| O|  |TAMS 0x00000000e1c00000, 0x00000000e1b00000| Untracked 
|  28|0x00000000e1c00000, 0x00000000e1cc9a00, 0x00000000e1d00000| 78%| O|  |TAMS 0x00000000e1cc9a00, 0x00000000e1c00000| Untracked 
|  29|0x00000000e1d00000, 0x00000000e1d00000, 0x00000000e1e00000|  0%| F|  |TAMS 0x00000000e1d00000, 0x00000000e1d00000| Untracked 
|  30|0x00000000e1e00000, 0x00000000e1e00000, 0x00000000e1f00000|  0%| F|  |TAMS 0x00000000e1e00000, 0x00000000e1e00000| Untracked 
|  31|0x00000000e1f00000, 0x00000000e1f00000, 0x00000000e2000000|  0%| F|  |TAMS 0x00000000e1f00000, 0x00000000e1f00000| Untracked 
|  32|0x00000000e2000000, 0x00000000e2000000, 0x00000000e2100000|  0%| F|  |TAMS 0x00000000e2000000, 0x00000000e2000000| Untracked 
|  33|0x00000000e2100000, 0x00000000e2100000, 0x00000000e2200000|  0%| F|  |TAMS 0x00000000e2100000, 0x00000000e2100000| Untracked 
|  34|0x00000000e2200000, 0x00000000e2200000, 0x00000000e2300000|  0%| F|  |TAMS 0x00000000e2200000, 0x00000000e2200000| Untracked 
|  35|0x00000000e2300000, 0x00000000e2300000, 0x00000000e2400000|  0%| F|  |TAMS 0x00000000e2300000, 0x00000000e2300000| Untracked 
|  36|0x00000000e2400000, 0x00000000e2400000, 0x00000000e2500000|  0%| F|  |TAMS 0x00000000e2400000, 0x00000000e2400000| Untracked 
|  37|0x00000000e2500000, 0x00000000e2500000, 0x00000000e2600000|  0%| F|  |TAMS 0x00000000e2500000, 0x00000000e2500000| Untracked 
|  38|0x00000000e2600000, 0x00000000e2600000, 0x00000000e2700000|  0%| F|  |TAMS 0x00000000e2600000, 0x00000000e2600000| Untracked 
|  39|0x00000000e2700000, 0x00000000e2700000, 0x00000000e2800000|  0%| F|  |TAMS 0x00000000e2700000, 0x00000000e2700000| Untracked 
|  40|0x00000000e2800000, 0x00000000e2800000, 0x00000000e2900000|  0%| F|  |TAMS 0x00000000e2800000, 0x00000000e2800000| Untracked 
|  41|0x00000000e2900000, 0x00000000e2900000, 0x00000000e2a00000|  0%| F|  |TAMS 0x00000000e2900000, 0x00000000e2900000| Untracked 
|  42|0x00000000e2a00000, 0x00000000e2a00000, 0x00000000e2b00000|  0%| F|  |TAMS 0x00000000e2a00000, 0x00000000e2a00000| Untracked 
|  43|0x00000000e2b00000, 0x00000000e2b00000, 0x00000000e2c00000|  0%| F|  |TAMS 0x00000000e2b00000, 0x00000000e2b00000| Untracked 
|  44|0x00000000e2c00000, 0x00000000e2c00000, 0x00000000e2d00000|  0%| F|  |TAMS 0x00000000e2c00000, 0x00000000e2c00000| Untracked 
|  45|0x00000000e2d00000, 0x00000000e2d00000, 0x00000000e2e00000|  0%| F|  |TAMS 0x00000000e2d00000, 0x00000000e2d00000| Untracked 
|  46|0x00000000e2e00000, 0x00000000e2e00000, 0x00000000e2f00000|  0%| F|  |TAMS 0x00000000e2e00000, 0x00000000e2e00000| Untracked 
|  47|0x00000000e2f00000, 0x00000000e2f00000, 0x00000000e3000000|  0%| F|  |TAMS 0x00000000e2f00000, 0x00000000e2f00000| Untracked 
|  48|0x00000000e3000000, 0x00000000e3000000, 0x00000000e3100000|  0%| F|  |TAMS 0x00000000e3000000, 0x00000000e3000000| Untracked 
|  49|0x00000000e3100000, 0x00000000e3100000, 0x00000000e3200000|  0%| F|  |TAMS 0x00000000e3100000, 0x00000000e3100000| Untracked 
|  50|0x00000000e3200000, 0x00000000e3200000, 0x00000000e3300000|  0%| F|  |TAMS 0x00000000e3200000, 0x00000000e3200000| Untracked 
|  51|0x00000000e3300000, 0x00000000e3300000, 0x00000000e3400000|  0%| F|  |TAMS 0x00000000e3300000, 0x00000000e3300000| Untracked 
|  52|0x00000000e3400000, 0x00000000e3400000, 0x00000000e3500000|  0%| F|  |TAMS 0x00000000e3400000, 0x00000000e3400000| Untracked 
|  53|0x00000000e3500000, 0x00000000e3500000, 0x00000000e3600000|  0%| F|  |TAMS 0x00000000e3500000, 0x00000000e3500000| Untracked 
|  54|0x00000000e3600000, 0x00000000e3600000, 0x00000000e3700000|  0%| F|  |TAMS 0x00000000e3600000, 0x00000000e3600000| Untracked 
|  55|0x00000000e3700000, 0x00000000e3700000, 0x00000000e3800000|  0%| F|  |TAMS 0x00000000e3700000, 0x00000000e3700000| Untracked 
|  56|0x00000000e3800000, 0x00000000e3800000, 0x00000000e3900000|  0%| F|  |TAMS 0x00000000e3800000, 0x00000000e3800000| Untracked 
|  57|0x00000000e3900000, 0x00000000e3900000, 0x00000000e3a00000|  0%| F|  |TAMS 0x00000000e3900000, 0x00000000e3900000| Untracked 
|  58|0x00000000e3a00000, 0x00000000e3a00000, 0x00000000e3b00000|  0%| F|  |TAMS 0x00000000e3a00000, 0x00000000e3a00000| Untracked 
|  59|0x00000000e3b00000, 0x00000000e3b00000, 0x00000000e3c00000|  0%| F|  |TAMS 0x00000000e3b00000, 0x00000000e3b00000| Untracked 
|  60|0x00000000e3c00000, 0x00000000e3c00000, 0x00000000e3d00000|  0%| F|  |TAMS 0x00000000e3c00000, 0x00000000e3c00000| Untracked 
|  61|0x00000000e3d00000, 0x00000000e3d00000, 0x00000000e3e00000|  0%| F|  |TAMS 0x00000000e3d00000, 0x00000000e3d00000| Untracked 
|  62|0x00000000e3e00000, 0x00000000e3e00000, 0x00000000e3f00000|  0%| F|  |TAMS 0x00000000e3e00000, 0x00000000e3e00000| Untracked 
|  63|0x00000000e3f00000, 0x00000000e3f00000, 0x00000000e4000000|  0%| F|  |TAMS 0x00000000e3f00000, 0x00000000e3f00000| Untracked 
|  64|0x00000000e4000000, 0x00000000e4000000, 0x00000000e4100000|  0%| F|  |TAMS 0x00000000e4000000, 0x00000000e4000000| Untracked 
|  65|0x00000000e4100000, 0x00000000e4100000, 0x00000000e4200000|  0%| F|  |TAMS 0x00000000e4100000, 0x00000000e4100000| Untracked 
|  66|0x00000000e4200000, 0x00000000e4200000, 0x00000000e4300000|  0%| F|  |TAMS 0x00000000e4200000, 0x00000000e4200000| Untracked 
|  67|0x00000000e4300000, 0x00000000e4300000, 0x00000000e4400000|  0%| F|  |TAMS 0x00000000e4300000, 0x00000000e4300000| Untracked 
|  68|0x00000000e4400000, 0x00000000e4400000, 0x00000000e4500000|  0%| F|  |TAMS 0x00000000e4400000, 0x00000000e4400000| Untracked 
|  69|0x00000000e4500000, 0x00000000e4500000, 0x00000000e4600000|  0%| F|  |TAMS 0x00000000e4500000, 0x00000000e4500000| Untracked 
|  70|0x00000000e4600000, 0x00000000e4600000, 0x00000000e4700000|  0%| F|  |TAMS 0x00000000e4600000, 0x00000000e4600000| Untracked 
|  71|0x00000000e4700000, 0x00000000e4700000, 0x00000000e4800000|  0%| F|  |TAMS 0x00000000e4700000, 0x00000000e4700000| Untracked 
|  72|0x00000000e4800000, 0x00000000e4800000, 0x00000000e4900000|  0%| F|  |TAMS 0x00000000e4800000, 0x00000000e4800000| Untracked 
|  73|0x00000000e4900000, 0x00000000e4900000, 0x00000000e4a00000|  0%| F|  |TAMS 0x00000000e4900000, 0x00000000e4900000| Untracked 
|  74|0x00000000e4a00000, 0x00000000e4a00000, 0x00000000e4b00000|  0%| F|  |TAMS 0x00000000e4a00000, 0x00000000e4a00000| Untracked 
|  75|0x00000000e4b00000, 0x00000000e4b00000, 0x00000000e4c00000|  0%| F|  |TAMS 0x00000000e4b00000, 0x00000000e4b00000| Untracked 
|  76|0x00000000e4c00000, 0x00000000e4c00000, 0x00000000e4d00000|  0%| F|  |TAMS 0x00000000e4c00000, 0x00000000e4c00000| Untracked 
|  77|0x00000000e4d00000, 0x00000000e4d00000, 0x00000000e4e00000|  0%| F|  |TAMS 0x00000000e4d00000, 0x00000000e4d00000| Untracked 
|  78|0x00000000e4e00000, 0x00000000e4e00000, 0x00000000e4f00000|  0%| F|  |TAMS 0x00000000e4e00000, 0x00000000e4e00000| Untracked 
|  79|0x00000000e4f00000, 0x00000000e4f00000, 0x00000000e5000000|  0%| F|  |TAMS 0x00000000e4f00000, 0x00000000e4f00000| Untracked 
|  80|0x00000000e5000000, 0x00000000e5000000, 0x00000000e5100000|  0%| F|  |TAMS 0x00000000e5000000, 0x00000000e5000000| Untracked 
|  81|0x00000000e5100000, 0x00000000e5100000, 0x00000000e5200000|  0%| F|  |TAMS 0x00000000e5100000, 0x00000000e5100000| Untracked 
|  82|0x00000000e5200000, 0x00000000e5200000, 0x00000000e5300000|  0%| F|  |TAMS 0x00000000e5200000, 0x00000000e5200000| Untracked 
|  83|0x00000000e5300000, 0x00000000e5300000, 0x00000000e5400000|  0%| F|  |TAMS 0x00000000e5300000, 0x00000000e5300000| Untracked 
|  84|0x00000000e5400000, 0x00000000e5400000, 0x00000000e5500000|  0%| F|  |TAMS 0x00000000e5400000, 0x00000000e5400000| Untracked 
|  85|0x00000000e5500000, 0x00000000e5500000, 0x00000000e5600000|  0%| F|  |TAMS 0x00000000e5500000, 0x00000000e5500000| Untracked 
|  86|0x00000000e5600000, 0x00000000e5600000, 0x00000000e5700000|  0%| F|  |TAMS 0x00000000e5600000, 0x00000000e5600000| Untracked 
|  87|0x00000000e5700000, 0x00000000e5700000, 0x00000000e5800000|  0%| F|  |TAMS 0x00000000e5700000, 0x00000000e5700000| Untracked 
|  88|0x00000000e5800000, 0x00000000e5800000, 0x00000000e5900000|  0%| F|  |TAMS 0x00000000e5800000, 0x00000000e5800000| Untracked 
|  89|0x00000000e5900000, 0x00000000e5900000, 0x00000000e5a00000|  0%| F|  |TAMS 0x00000000e5900000, 0x00000000e5900000| Untracked 
|  90|0x00000000e5a00000, 0x00000000e5a00000, 0x00000000e5b00000|  0%| F|  |TAMS 0x00000000e5a00000, 0x00000000e5a00000| Untracked 
|  91|0x00000000e5b00000, 0x00000000e5b00000, 0x00000000e5c00000|  0%| F|  |TAMS 0x00000000e5b00000, 0x00000000e5b00000| Untracked 
|  92|0x00000000e5c00000, 0x00000000e5c00000, 0x00000000e5d00000|  0%| F|  |TAMS 0x00000000e5c00000, 0x00000000e5c00000| Untracked 
|  93|0x00000000e5d00000, 0x00000000e5d00000, 0x00000000e5e00000|  0%| F|  |TAMS 0x00000000e5d00000, 0x00000000e5d00000| Untracked 
|  94|0x00000000e5e00000, 0x00000000e5e00000, 0x00000000e5f00000|  0%| F|  |TAMS 0x00000000e5e00000, 0x00000000e5e00000| Untracked 
|  95|0x00000000e5f00000, 0x00000000e5f00000, 0x00000000e6000000|  0%| F|  |TAMS 0x00000000e5f00000, 0x00000000e5f00000| Untracked 
|  96|0x00000000e6000000, 0x00000000e6000000, 0x00000000e6100000|  0%| F|  |TAMS 0x00000000e6000000, 0x00000000e6000000| Untracked 
|  97|0x00000000e6100000, 0x00000000e6100000, 0x00000000e6200000|  0%| F|  |TAMS 0x00000000e6100000, 0x00000000e6100000| Untracked 
|  98|0x00000000e6200000, 0x00000000e6200000, 0x00000000e6300000|  0%| F|  |TAMS 0x00000000e6200000, 0x00000000e6200000| Untracked 
|  99|0x00000000e6300000, 0x00000000e6300000, 0x00000000e6400000|  0%| F|  |TAMS 0x00000000e6300000, 0x00000000e6300000| Untracked 
| 100|0x00000000e6400000, 0x00000000e6400000, 0x00000000e6500000|  0%| F|  |TAMS 0x00000000e6400000, 0x00000000e6400000| Untracked 
| 101|0x00000000e6500000, 0x00000000e6500000, 0x00000000e6600000|  0%| F|  |TAMS 0x00000000e6500000, 0x00000000e6500000| Untracked 
| 102|0x00000000e6600000, 0x00000000e6600000, 0x00000000e6700000|  0%| F|  |TAMS 0x00000000e6600000, 0x00000000e6600000| Untracked 
| 103|0x00000000e6700000, 0x00000000e6700000, 0x00000000e6800000|  0%| F|  |TAMS 0x00000000e6700000, 0x00000000e6700000| Untracked 
| 104|0x00000000e6800000, 0x00000000e6800000, 0x00000000e6900000|  0%| F|  |TAMS 0x00000000e6800000, 0x00000000e6800000| Untracked 
| 105|0x00000000e6900000, 0x00000000e6900000, 0x00000000e6a00000|  0%| F|  |TAMS 0x00000000e6900000, 0x00000000e6900000| Untracked 
| 106|0x00000000e6a00000, 0x00000000e6a00000, 0x00000000e6b00000|  0%| F|  |TAMS 0x00000000e6a00000, 0x00000000e6a00000| Untracked 
| 107|0x00000000e6b00000, 0x00000000e6b00000, 0x00000000e6c00000|  0%| F|  |TAMS 0x00000000e6b00000, 0x00000000e6b00000| Untracked 
| 108|0x00000000e6c00000, 0x00000000e6c00000, 0x00000000e6d00000|  0%| F|  |TAMS 0x00000000e6c00000, 0x00000000e6c00000| Untracked 
| 109|0x00000000e6d00000, 0x00000000e6d00000, 0x00000000e6e00000|  0%| F|  |TAMS 0x00000000e6d00000, 0x00000000e6d00000| Untracked 
| 110|0x00000000e6e00000, 0x00000000e6e00000, 0x00000000e6f00000|  0%| F|  |TAMS 0x00000000e6e00000, 0x00000000e6e00000| Untracked 
| 111|0x00000000e6f00000, 0x00000000e6f00000, 0x00000000e7000000|  0%| F|  |TAMS 0x00000000e6f00000, 0x00000000e6f00000| Untracked 
| 112|0x00000000e7000000, 0x00000000e7000000, 0x00000000e7100000|  0%| F|  |TAMS 0x00000000e7000000, 0x00000000e7000000| Untracked 
| 113|0x00000000e7100000, 0x00000000e7100000, 0x00000000e7200000|  0%| F|  |TAMS 0x00000000e7100000, 0x00000000e7100000| Untracked 
| 114|0x00000000e7200000, 0x00000000e7200000, 0x00000000e7300000|  0%| F|  |TAMS 0x00000000e7200000, 0x00000000e7200000| Untracked 
| 115|0x00000000e7300000, 0x00000000e7300000, 0x00000000e7400000|  0%| F|  |TAMS 0x00000000e7300000, 0x00000000e7300000| Untracked 
| 116|0x00000000e7400000, 0x00000000e7400000, 0x00000000e7500000|  0%| F|  |TAMS 0x00000000e7400000, 0x00000000e7400000| Untracked 
| 117|0x00000000e7500000, 0x00000000e7500000, 0x00000000e7600000|  0%| F|  |TAMS 0x00000000e7500000, 0x00000000e7500000| Untracked 
| 118|0x00000000e7600000, 0x00000000e7600000, 0x00000000e7700000|  0%| F|  |TAMS 0x00000000e7600000, 0x00000000e7600000| Untracked 
| 119|0x00000000e7700000, 0x00000000e7700000, 0x00000000e7800000|  0%| F|  |TAMS 0x00000000e7700000, 0x00000000e7700000| Untracked 
| 120|0x00000000e7800000, 0x00000000e7800000, 0x00000000e7900000|  0%| F|  |TAMS 0x00000000e7800000, 0x00000000e7800000| Untracked 
| 121|0x00000000e7900000, 0x00000000e7900000, 0x00000000e7a00000|  0%| F|  |TAMS 0x00000000e7900000, 0x00000000e7900000| Untracked 
| 122|0x00000000e7a00000, 0x00000000e7a00000, 0x00000000e7b00000|  0%| F|  |TAMS 0x00000000e7a00000, 0x00000000e7a00000| Untracked 
| 123|0x00000000e7b00000, 0x00000000e7b00000, 0x00000000e7c00000|  0%| F|  |TAMS 0x00000000e7b00000, 0x00000000e7b00000| Untracked 
| 124|0x00000000e7c00000, 0x00000000e7c00000, 0x00000000e7d00000|  0%| F|  |TAMS 0x00000000e7c00000, 0x00000000e7c00000| Untracked 
| 125|0x00000000e7d00000, 0x00000000e7d00000, 0x00000000e7e00000|  0%| F|  |TAMS 0x00000000e7d00000, 0x00000000e7d00000| Untracked 
| 126|0x00000000e7e00000, 0x00000000e7e00000, 0x00000000e7f00000|  0%| F|  |TAMS 0x00000000e7e00000, 0x00000000e7e00000| Untracked 
| 127|0x00000000e7f00000, 0x00000000e7f00000, 0x00000000e8000000|  0%| F|  |TAMS 0x00000000e7f00000, 0x00000000e7f00000| Untracked 
| 128|0x00000000e8000000, 0x00000000e8000000, 0x00000000e8100000|  0%| F|  |TAMS 0x00000000e8000000, 0x00000000e8000000| Untracked 
| 129|0x00000000e8100000, 0x00000000e8100000, 0x00000000e8200000|  0%| F|  |TAMS 0x00000000e8100000, 0x00000000e8100000| Untracked 
| 130|0x00000000e8200000, 0x00000000e8200000, 0x00000000e8300000|  0%| F|  |TAMS 0x00000000e8200000, 0x00000000e8200000| Untracked 
| 131|0x00000000e8300000, 0x00000000e8300000, 0x00000000e8400000|  0%| F|  |TAMS 0x00000000e8300000, 0x00000000e8300000| Untracked 
| 132|0x00000000e8400000, 0x00000000e8400000, 0x00000000e8500000|  0%| F|  |TAMS 0x00000000e8400000, 0x00000000e8400000| Untracked 
| 133|0x00000000e8500000, 0x00000000e8500000, 0x00000000e8600000|  0%| F|  |TAMS 0x00000000e8500000, 0x00000000e8500000| Untracked 
| 134|0x00000000e8600000, 0x00000000e8600000, 0x00000000e8700000|  0%| F|  |TAMS 0x00000000e8600000, 0x00000000e8600000| Untracked 
| 135|0x00000000e8700000, 0x00000000e8700000, 0x00000000e8800000|  0%| F|  |TAMS 0x00000000e8700000, 0x00000000e8700000| Untracked 
| 136|0x00000000e8800000, 0x00000000e8800000, 0x00000000e8900000|  0%| F|  |TAMS 0x00000000e8800000, 0x00000000e8800000| Untracked 
| 137|0x00000000e8900000, 0x00000000e8900000, 0x00000000e8a00000|  0%| F|  |TAMS 0x00000000e8900000, 0x00000000e8900000| Untracked 
| 138|0x00000000e8a00000, 0x00000000e8a00000, 0x00000000e8b00000|  0%| F|  |TAMS 0x00000000e8a00000, 0x00000000e8a00000| Untracked 
| 139|0x00000000e8b00000, 0x00000000e8b00000, 0x00000000e8c00000|  0%| F|  |TAMS 0x00000000e8b00000, 0x00000000e8b00000| Untracked 
| 140|0x00000000e8c00000, 0x00000000e8c00000, 0x00000000e8d00000|  0%| F|  |TAMS 0x00000000e8c00000, 0x00000000e8c00000| Untracked 
| 141|0x00000000e8d00000, 0x00000000e8d00000, 0x00000000e8e00000|  0%| F|  |TAMS 0x00000000e8d00000, 0x00000000e8d00000| Untracked 
| 142|0x00000000e8e00000, 0x00000000e8e00000, 0x00000000e8f00000|  0%| F|  |TAMS 0x00000000e8e00000, 0x00000000e8e00000| Untracked 
| 143|0x00000000e8f00000, 0x00000000e8f00000, 0x00000000e9000000|  0%| F|  |TAMS 0x00000000e8f00000, 0x00000000e8f00000| Untracked 
| 144|0x00000000e9000000, 0x00000000e9000000, 0x00000000e9100000|  0%| F|  |TAMS 0x00000000e9000000, 0x00000000e9000000| Untracked 
| 145|0x00000000e9100000, 0x00000000e9100000, 0x00000000e9200000|  0%| F|  |TAMS 0x00000000e9100000, 0x00000000e9100000| Untracked 
| 146|0x00000000e9200000, 0x00000000e9200000, 0x00000000e9300000|  0%| F|  |TAMS 0x00000000e9200000, 0x00000000e9200000| Untracked 
| 147|0x00000000e9300000, 0x00000000e9300000, 0x00000000e9400000|  0%| F|  |TAMS 0x00000000e9300000, 0x00000000e9300000| Untracked 
| 148|0x00000000e9400000, 0x00000000e9400000, 0x00000000e9500000|  0%| F|  |TAMS 0x00000000e9400000, 0x00000000e9400000| Untracked 
| 149|0x00000000e9500000, 0x00000000e9500000, 0x00000000e9600000|  0%| F|  |TAMS 0x00000000e9500000, 0x00000000e9500000| Untracked 
| 150|0x00000000e9600000, 0x00000000e9600000, 0x00000000e9700000|  0%| F|  |TAMS 0x00000000e9600000, 0x00000000e9600000| Untracked 
| 151|0x00000000e9700000, 0x00000000e9700000, 0x00000000e9800000|  0%| F|  |TAMS 0x00000000e9700000, 0x00000000e9700000| Untracked 
| 152|0x00000000e9800000, 0x00000000e9800000, 0x00000000e9900000|  0%| F|  |TAMS 0x00000000e9800000, 0x00000000e9800000| Untracked 
| 153|0x00000000e9900000, 0x00000000e9900000, 0x00000000e9a00000|  0%| F|  |TAMS 0x00000000e9900000, 0x00000000e9900000| Untracked 
| 154|0x00000000e9a00000, 0x00000000e9a00000, 0x00000000e9b00000|  0%| F|  |TAMS 0x00000000e9a00000, 0x00000000e9a00000| Untracked 
| 155|0x00000000e9b00000, 0x00000000e9b00000, 0x00000000e9c00000|  0%| F|  |TAMS 0x00000000e9b00000, 0x00000000e9b00000| Untracked 
| 156|0x00000000e9c00000, 0x00000000e9c00000, 0x00000000e9d00000|  0%| F|  |TAMS 0x00000000e9c00000, 0x00000000e9c00000| Untracked 
| 157|0x00000000e9d00000, 0x00000000e9d00000, 0x00000000e9e00000|  0%| F|  |TAMS 0x00000000e9d00000, 0x00000000e9d00000| Untracked 
| 158|0x00000000e9e00000, 0x00000000e9e00000, 0x00000000e9f00000|  0%| F|  |TAMS 0x00000000e9e00000, 0x00000000e9e00000| Untracked 
| 159|0x00000000e9f00000, 0x00000000e9f00000, 0x00000000ea000000|  0%| F|  |TAMS 0x00000000e9f00000, 0x00000000e9f00000| Untracked 
| 160|0x00000000ea000000, 0x00000000ea000000, 0x00000000ea100000|  0%| F|  |TAMS 0x00000000ea000000, 0x00000000ea000000| Untracked 
| 161|0x00000000ea100000, 0x00000000ea100000, 0x00000000ea200000|  0%| F|  |TAMS 0x00000000ea100000, 0x00000000ea100000| Untracked 
| 162|0x00000000ea200000, 0x00000000ea200000, 0x00000000ea300000|  0%| F|  |TAMS 0x00000000ea200000, 0x00000000ea200000| Untracked 
| 163|0x00000000ea300000, 0x00000000ea300000, 0x00000000ea400000|  0%| F|  |TAMS 0x00000000ea300000, 0x00000000ea300000| Untracked 
| 164|0x00000000ea400000, 0x00000000ea400000, 0x00000000ea500000|  0%| F|  |TAMS 0x00000000ea400000, 0x00000000ea400000| Untracked 
| 165|0x00000000ea500000, 0x00000000ea500000, 0x00000000ea600000|  0%| F|  |TAMS 0x00000000ea500000, 0x00000000ea500000| Untracked 
| 166|0x00000000ea600000, 0x00000000ea600000, 0x00000000ea700000|  0%| F|  |TAMS 0x00000000ea600000, 0x00000000ea600000| Untracked 
| 167|0x00000000ea700000, 0x00000000ea700000, 0x00000000ea800000|  0%| F|  |TAMS 0x00000000ea700000, 0x00000000ea700000| Untracked 
| 168|0x00000000ea800000, 0x00000000ea800000, 0x00000000ea900000|  0%| F|  |TAMS 0x00000000ea800000, 0x00000000ea800000| Untracked 
| 169|0x00000000ea900000, 0x00000000ea900000, 0x00000000eaa00000|  0%| F|  |TAMS 0x00000000ea900000, 0x00000000ea900000| Untracked 
| 170|0x00000000eaa00000, 0x00000000eaa00000, 0x00000000eab00000|  0%| F|  |TAMS 0x00000000eaa00000, 0x00000000eaa00000| Untracked 
| 171|0x00000000eab00000, 0x00000000eab00000, 0x00000000eac00000|  0%| F|  |TAMS 0x00000000eab00000, 0x00000000eab00000| Untracked 
| 172|0x00000000eac00000, 0x00000000eac00000, 0x00000000ead00000|  0%| F|  |TAMS 0x00000000eac00000, 0x00000000eac00000| Untracked 
| 173|0x00000000ead00000, 0x00000000ead00000, 0x00000000eae00000|  0%| F|  |TAMS 0x00000000ead00000, 0x00000000ead00000| Untracked 
| 174|0x00000000eae00000, 0x00000000eae00000, 0x00000000eaf00000|  0%| F|  |TAMS 0x00000000eae00000, 0x00000000eae00000| Untracked 
| 175|0x00000000eaf00000, 0x00000000eaf00000, 0x00000000eb000000|  0%| F|  |TAMS 0x00000000eaf00000, 0x00000000eaf00000| Untracked 
| 176|0x00000000eb000000, 0x00000000eb000000, 0x00000000eb100000|  0%| F|  |TAMS 0x00000000eb000000, 0x00000000eb000000| Untracked 
| 177|0x00000000eb100000, 0x00000000eb100000, 0x00000000eb200000|  0%| F|  |TAMS 0x00000000eb100000, 0x00000000eb100000| Untracked 
| 178|0x00000000eb200000, 0x00000000eb200000, 0x00000000eb300000|  0%| F|  |TAMS 0x00000000eb200000, 0x00000000eb200000| Untracked 
| 179|0x00000000eb300000, 0x00000000eb3571b0, 0x00000000eb400000| 34%| E|  |TAMS 0x00000000eb300000, 0x00000000eb300000| Complete 
| 180|0x00000000eb400000, 0x00000000eb500000, 0x00000000eb500000|100%| E|CS|TAMS 0x00000000eb400000, 0x00000000eb400000| Complete 
| 181|0x00000000eb500000, 0x00000000eb600000, 0x00000000eb600000|100%| E|CS|TAMS 0x00000000eb500000, 0x00000000eb500000| Complete 
| 182|0x00000000eb600000, 0x00000000eb700000, 0x00000000eb700000|100%| E|CS|TAMS 0x00000000eb600000, 0x00000000eb600000| Complete 
| 183|0x00000000eb700000, 0x00000000eb800000, 0x00000000eb800000|100%| E|CS|TAMS 0x00000000eb700000, 0x00000000eb700000| Complete 
| 184|0x00000000eb800000, 0x00000000eb900000, 0x00000000eb900000|100%| E|CS|TAMS 0x00000000eb800000, 0x00000000eb800000| Complete 
| 185|0x00000000eb900000, 0x00000000eba00000, 0x00000000eba00000|100%| E|CS|TAMS 0x00000000eb900000, 0x00000000eb900000| Complete 
| 186|0x00000000eba00000, 0x00000000ebb00000, 0x00000000ebb00000|100%| E|CS|TAMS 0x00000000eba00000, 0x00000000eba00000| Complete 
| 187|0x00000000ebb00000, 0x00000000ebc00000, 0x00000000ebc00000|100%| E|CS|TAMS 0x00000000ebb00000, 0x00000000ebb00000| Complete 
| 188|0x00000000ebc00000, 0x00000000ebd00000, 0x00000000ebd00000|100%| E|CS|TAMS 0x00000000ebc00000, 0x00000000ebc00000| Complete 
| 189|0x00000000ebd00000, 0x00000000ebe00000, 0x00000000ebe00000|100%| E|CS|TAMS 0x00000000ebd00000, 0x00000000ebd00000| Complete 
| 190|0x00000000ebe00000, 0x00000000ebf00000, 0x00000000ebf00000|100%| E|CS|TAMS 0x00000000ebe00000, 0x00000000ebe00000| Complete 
| 191|0x00000000ebf00000, 0x00000000ec000000, 0x00000000ec000000|100%| E|CS|TAMS 0x00000000ebf00000, 0x00000000ebf00000| Complete 
| 192|0x00000000ec000000, 0x00000000ec100000, 0x00000000ec100000|100%| E|CS|TAMS 0x00000000ec000000, 0x00000000ec000000| Complete 
| 193|0x00000000ec100000, 0x00000000ec200000, 0x00000000ec200000|100%| E|CS|TAMS 0x00000000ec100000, 0x00000000ec100000| Complete 
| 194|0x00000000ec200000, 0x00000000ec300000, 0x00000000ec300000|100%| E|CS|TAMS 0x00000000ec200000, 0x00000000ec200000| Complete 
| 195|0x00000000ec300000, 0x00000000ec400000, 0x00000000ec400000|100%| E|CS|TAMS 0x00000000ec300000, 0x00000000ec300000| Complete 
| 196|0x00000000ec400000, 0x00000000ec500000, 0x00000000ec500000|100%| E|CS|TAMS 0x00000000ec400000, 0x00000000ec400000| Complete 
| 197|0x00000000ec500000, 0x00000000ec600000, 0x00000000ec600000|100%| E|CS|TAMS 0x00000000ec500000, 0x00000000ec500000| Complete 
| 198|0x00000000ec600000, 0x00000000ec700000, 0x00000000ec700000|100%| E|CS|TAMS 0x00000000ec600000, 0x00000000ec600000| Complete 
| 199|0x00000000ec700000, 0x00000000ec800000, 0x00000000ec800000|100%| E|CS|TAMS 0x00000000ec700000, 0x00000000ec700000| Complete 
| 200|0x00000000ec800000, 0x00000000ec900000, 0x00000000ec900000|100%| E|CS|TAMS 0x00000000ec800000, 0x00000000ec800000| Complete 
| 201|0x00000000ec900000, 0x00000000eca00000, 0x00000000eca00000|100%| E|CS|TAMS 0x00000000ec900000, 0x00000000ec900000| Complete 
| 202|0x00000000eca00000, 0x00000000ecb00000, 0x00000000ecb00000|100%| E|CS|TAMS 0x00000000eca00000, 0x00000000eca00000| Complete 
| 203|0x00000000ecb00000, 0x00000000ecc00000, 0x00000000ecc00000|100%| E|CS|TAMS 0x00000000ecb00000, 0x00000000ecb00000| Complete 
| 204|0x00000000ecc00000, 0x00000000ecd00000, 0x00000000ecd00000|100%| E|CS|TAMS 0x00000000ecc00000, 0x00000000ecc00000| Complete 
| 205|0x00000000ecd00000, 0x00000000ece00000, 0x00000000ece00000|100%| E|CS|TAMS 0x00000000ecd00000, 0x00000000ecd00000| Complete 
| 206|0x00000000ece00000, 0x00000000ecf00000, 0x00000000ecf00000|100%| E|CS|TAMS 0x00000000ece00000, 0x00000000ece00000| Complete 
| 207|0x00000000ecf00000, 0x00000000ed000000, 0x00000000ed000000|100%| E|CS|TAMS 0x00000000ecf00000, 0x00000000ecf00000| Complete 
| 208|0x00000000ed000000, 0x00000000ed100000, 0x00000000ed100000|100%| E|CS|TAMS 0x00000000ed000000, 0x00000000ed000000| Complete 
| 209|0x00000000ed100000, 0x00000000ed200000, 0x00000000ed200000|100%| E|CS|TAMS 0x00000000ed100000, 0x00000000ed100000| Complete 
| 210|0x00000000ed200000, 0x00000000ed300000, 0x00000000ed300000|100%| E|CS|TAMS 0x00000000ed200000, 0x00000000ed200000| Complete 
| 211|0x00000000ed300000, 0x00000000ed400000, 0x00000000ed400000|100%| E|CS|TAMS 0x00000000ed300000, 0x00000000ed300000| Complete 
| 212|0x00000000ed400000, 0x00000000ed500000, 0x00000000ed500000|100%| E|CS|TAMS 0x00000000ed400000, 0x00000000ed400000| Complete 
| 213|0x00000000ed500000, 0x00000000ed600000, 0x00000000ed600000|100%| E|CS|TAMS 0x00000000ed500000, 0x00000000ed500000| Complete 
| 214|0x00000000ed600000, 0x00000000ed700000, 0x00000000ed700000|100%| E|CS|TAMS 0x00000000ed600000, 0x00000000ed600000| Complete 
| 215|0x00000000ed700000, 0x00000000ed800000, 0x00000000ed800000|100%| E|CS|TAMS 0x00000000ed700000, 0x00000000ed700000| Complete 
| 216|0x00000000ed800000, 0x00000000ed900000, 0x00000000ed900000|100%| E|CS|TAMS 0x00000000ed800000, 0x00000000ed800000| Complete 
| 217|0x00000000ed900000, 0x00000000eda00000, 0x00000000eda00000|100%| E|CS|TAMS 0x00000000ed900000, 0x00000000ed900000| Complete 
| 218|0x00000000eda00000, 0x00000000edb00000, 0x00000000edb00000|100%| E|CS|TAMS 0x00000000eda00000, 0x00000000eda00000| Complete 
| 219|0x00000000edb00000, 0x00000000edc00000, 0x00000000edc00000|100%| E|CS|TAMS 0x00000000edb00000, 0x00000000edb00000| Complete 
| 220|0x00000000edc00000, 0x00000000edd00000, 0x00000000edd00000|100%| E|CS|TAMS 0x00000000edc00000, 0x00000000edc00000| Complete 
| 221|0x00000000edd00000, 0x00000000ede00000, 0x00000000ede00000|100%| E|CS|TAMS 0x00000000edd00000, 0x00000000edd00000| Complete 
| 222|0x00000000ede00000, 0x00000000edf00000, 0x00000000edf00000|100%| E|CS|TAMS 0x00000000ede00000, 0x00000000ede00000| Complete 
| 223|0x00000000edf00000, 0x00000000ee000000, 0x00000000ee000000|100%| E|CS|TAMS 0x00000000edf00000, 0x00000000edf00000| Complete 
| 224|0x00000000ee000000, 0x00000000ee100000, 0x00000000ee100000|100%| E|CS|TAMS 0x00000000ee000000, 0x00000000ee000000| Complete 
| 225|0x00000000ee100000, 0x00000000ee200000, 0x00000000ee200000|100%| E|CS|TAMS 0x00000000ee100000, 0x00000000ee100000| Complete 
| 226|0x00000000ee200000, 0x00000000ee300000, 0x00000000ee300000|100%| E|CS|TAMS 0x00000000ee200000, 0x00000000ee200000| Complete 
| 227|0x00000000ee300000, 0x00000000ee400000, 0x00000000ee400000|100%| E|CS|TAMS 0x00000000ee300000, 0x00000000ee300000| Complete 
| 228|0x00000000ee400000, 0x00000000ee500000, 0x00000000ee500000|100%| E|CS|TAMS 0x00000000ee400000, 0x00000000ee400000| Complete 
| 229|0x00000000ee500000, 0x00000000ee600000, 0x00000000ee600000|100%| E|CS|TAMS 0x00000000ee500000, 0x00000000ee500000| Complete 
| 230|0x00000000ee600000, 0x00000000ee700000, 0x00000000ee700000|100%| E|CS|TAMS 0x00000000ee600000, 0x00000000ee600000| Complete 
| 231|0x00000000ee700000, 0x00000000ee800000, 0x00000000ee800000|100%| E|CS|TAMS 0x00000000ee700000, 0x00000000ee700000| Complete 
| 232|0x00000000ee800000, 0x00000000ee900000, 0x00000000ee900000|100%| E|CS|TAMS 0x00000000ee800000, 0x00000000ee800000| Complete 
| 233|0x00000000ee900000, 0x00000000eea00000, 0x00000000eea00000|100%| E|CS|TAMS 0x00000000ee900000, 0x00000000ee900000| Complete 
| 234|0x00000000eea00000, 0x00000000eeb00000, 0x00000000eeb00000|100%| E|CS|TAMS 0x00000000eea00000, 0x00000000eea00000| Complete 
| 235|0x00000000eeb00000, 0x00000000eec00000, 0x00000000eec00000|100%| E|CS|TAMS 0x00000000eeb00000, 0x00000000eeb00000| Complete 
| 236|0x00000000eec00000, 0x00000000eed00000, 0x00000000eed00000|100%| E|CS|TAMS 0x00000000eec00000, 0x00000000eec00000| Complete 
| 237|0x00000000eed00000, 0x00000000eee00000, 0x00000000eee00000|100%| E|CS|TAMS 0x00000000eed00000, 0x00000000eed00000| Complete 
| 238|0x00000000eee00000, 0x00000000eef00000, 0x00000000eef00000|100%| E|CS|TAMS 0x00000000eee00000, 0x00000000eee00000| Complete 
| 239|0x00000000eef00000, 0x00000000ef000000, 0x00000000ef000000|100%| E|CS|TAMS 0x00000000eef00000, 0x00000000eef00000| Complete 
| 240|0x00000000ef000000, 0x00000000ef100000, 0x00000000ef100000|100%| E|CS|TAMS 0x00000000ef000000, 0x00000000ef000000| Complete 
| 241|0x00000000ef100000, 0x00000000ef200000, 0x00000000ef200000|100%| E|CS|TAMS 0x00000000ef100000, 0x00000000ef100000| Complete 
| 242|0x00000000ef200000, 0x00000000ef300000, 0x00000000ef300000|100%| E|CS|TAMS 0x00000000ef200000, 0x00000000ef200000| Complete 
| 243|0x00000000ef300000, 0x00000000ef400000, 0x00000000ef400000|100%| E|CS|TAMS 0x00000000ef300000, 0x00000000ef300000| Complete 
| 244|0x00000000ef400000, 0x00000000ef500000, 0x00000000ef500000|100%| E|CS|TAMS 0x00000000ef400000, 0x00000000ef400000| Complete 
| 245|0x00000000ef500000, 0x00000000ef600000, 0x00000000ef600000|100%| E|CS|TAMS 0x00000000ef500000, 0x00000000ef500000| Complete 
| 246|0x00000000ef600000, 0x00000000ef700000, 0x00000000ef700000|100%| E|CS|TAMS 0x00000000ef600000, 0x00000000ef600000| Complete 
| 247|0x00000000ef700000, 0x00000000ef800000, 0x00000000ef800000|100%| E|CS|TAMS 0x00000000ef700000, 0x00000000ef700000| Complete 
| 248|0x00000000ef800000, 0x00000000ef900000, 0x00000000ef900000|100%| E|CS|TAMS 0x00000000ef800000, 0x00000000ef800000| Complete 
| 249|0x00000000ef900000, 0x00000000efa00000, 0x00000000efa00000|100%| E|CS|TAMS 0x00000000ef900000, 0x00000000ef900000| Complete 
| 250|0x00000000efa00000, 0x00000000efb00000, 0x00000000efb00000|100%| E|CS|TAMS 0x00000000efa00000, 0x00000000efa00000| Complete 
| 251|0x00000000efb00000, 0x00000000efb9c200, 0x00000000efc00000| 60%| S|CS|TAMS 0x00000000efb00000, 0x00000000efb00000| Complete 
| 252|0x00000000efc00000, 0x00000000efd00000, 0x00000000efd00000|100%| E|CS|TAMS 0x00000000efc00000, 0x00000000efc00000| Complete 
| 253|0x00000000efd00000, 0x00000000efe00000, 0x00000000efe00000|100%| E|CS|TAMS 0x00000000efd00000, 0x00000000efd00000| Complete 
| 254|0x00000000efe00000, 0x00000000eff00000, 0x00000000eff00000|100%| E|CS|TAMS 0x00000000efe00000, 0x00000000efe00000| Complete 
| 255|0x00000000eff00000, 0x00000000f0000000, 0x00000000f0000000|100%| E|CS|TAMS 0x00000000eff00000, 0x00000000eff00000| Complete 

Card table byte_map: [0x000001dc776b0000,0x000001dc777b0000] _byte_map_base: 0x000001dc76fb0000

Marking Bits (Prev, Next): (CMBitMap*) 0x000001dc5ead9b70, (CMBitMap*) 0x000001dc5ead9bb0
 Prev Bits: [0x000001dc778b0000, 0x000001dc780b0000)
 Next Bits: [0x000001dc780b0000, 0x000001dc788b0000)

Polling page: 0x000001dc5eb80000

Metaspace:

Usage:
  Non-class:     36.21 MB used.
      Class:      5.84 MB used.
       Both:     42.06 MB used.

Virtual space:
  Non-class space:       64.00 MB reserved,      36.44 MB ( 57%) committed,  1 nodes.
      Class space:      208.00 MB reserved,       6.06 MB (  3%) committed,  1 nodes.
             Both:      272.00 MB reserved,      42.50 MB ( 16%) committed. 

Chunk freelists:
   Non-Class:  11.02 MB
       Class:  9.89 MB
        Both:  20.91 MB

MaxMetaspaceSize: 256.00 MB
CompressedClassSpaceSize: 208.00 MB
Initial GC threshold: 21.00 MB
Current GC threshold: 59.38 MB
CDS: on
MetaspaceReclaimPolicy: balanced
 - commit_granule_bytes: 65536.
 - commit_granule_words: 8192.
 - virtual_space_node_default_size: 8388608.
 - enlarge_chunks_in_place: 1.
 - new_chunks_are_fully_committed: 0.
 - uncommit_free_chunks: 1.
 - use_allocation_guard: 0.
 - handle_deallocations: 1.


Internal statistics:

num_allocs_failed_limit: 9.
num_arena_births: 500.
num_arena_deaths: 0.
num_vsnodes_births: 2.
num_vsnodes_deaths: 0.
num_space_committed: 680.
num_space_uncommitted: 0.
num_chunks_returned_to_freelist: 9.
num_chunks_taken_from_freelist: 2124.
num_chunk_merges: 6.
num_chunk_splits: 1399.
num_chunks_enlarged: 935.
num_inconsistent_stats: 0.

CodeHeap 'non-profiled nmethods': size=120000Kb used=3243Kb max_used=3243Kb free=116756Kb
 bounds [0x000001dc6f620000, 0x000001dc6f950000, 0x000001dc76b50000]
CodeHeap 'profiled nmethods': size=120000Kb used=10845Kb max_used=10845Kb free=109154Kb
 bounds [0x000001dc67b50000, 0x000001dc685f0000, 0x000001dc6f080000]
CodeHeap 'non-nmethods': size=5760Kb used=2317Kb max_used=2478Kb free=3442Kb
 bounds [0x000001dc6f080000, 0x000001dc6f300000, 0x000001dc6f620000]
 total_blobs=6154 nmethods=5325 adapters=741
 compilation: enabled
              stopped_count=0, restarted_count=0
 full_count=0

Compilation events (20 events):
Event: 83.477 Thread 0x000001dc7b342dd0 5239       3       sun.reflect.generics.tree.MethodTypeSignature::make (12 bytes)
Event: 83.477 Thread 0x000001dc7b342dd0 nmethod 5239 0x000001dc685b7810 code [0x000001dc685b79c0, 0x000001dc685b7d38]
Event: 83.481 Thread 0x000001dc7b342dd0 5240       3       org.gradle.api.internal.DefaultMutationGuard$1::initialValue (5 bytes)
Event: 83.481 Thread 0x000001dc7b342dd0 nmethod 5240 0x000001dc685b7e90 code [0x000001dc685b8020, 0x000001dc685b8198]
Event: 83.481 Thread 0x000001dc7b342dd0 5242       3       org.gradle.api.internal.collections.IterationOrderRetainingSetElementSource$1::isSatisfiedBy (9 bytes)
Event: 83.483 Thread 0x000001dc7b342dd0 nmethod 5242 0x000001dc685b8290 code [0x000001dc685b8480, 0x000001dc685b8958]
Event: 83.483 Thread 0x000001dc7b342dd0 5243       3       org.objectweb.asm.ClassVisitor::visitMethod (24 bytes)
Event: 83.484 Thread 0x000001dc7b342dd0 nmethod 5243 0x000001dc685b8b10 code [0x000001dc685b8cc0, 0x000001dc685b8f08]
Event: 83.484 Thread 0x000001dc7b342dd0 5244       3       org.gradle.initialization.MixInLegacyTypesClassLoader::access$100 (4 bytes)
Event: 83.484 Thread 0x000001dc7b342dd0 nmethod 5244 0x000001dc685b9010 code [0x000001dc685b91a0, 0x000001dc685b9298]
Event: 83.484 Thread 0x000001dc7b342dd0 5241       3       org.gradle.api.internal.DefaultMutationGuard$1::initialValue (4 bytes)
Event: 83.484 Thread 0x000001dc7b342dd0 nmethod 5241 0x000001dc685b9310 code [0x000001dc685b94a0, 0x000001dc685b95b8]
Event: 83.490 Thread 0x000001dc7b342dd0 5246       3       org.gradle.api.internal.DefaultMutationGuard::isMutationAllowed (21 bytes)
Event: 83.492 Thread 0x000001dc7b342dd0 nmethod 5246 0x000001dc685b9690 code [0x000001dc685b9860, 0x000001dc685b9cb8]
Event: 83.493 Thread 0x000001dc7b342dd0 5247       3       org.gradle.api.internal.provider.Collectors$TypedCollector::size (10 bytes)
Event: 83.494 Thread 0x000001dc7b342dd0 nmethod 5247 0x000001dc685b9e90 code [0x000001dc685ba040, 0x000001dc685ba208]
Event: 83.498 Thread 0x000001dc7b342dd0 5248       1       org.gradle.api.internal.collections.DefaultCollectionEventRegister::getDecorator (5 bytes)
Event: 83.498 Thread 0x000001dc7b342dd0 nmethod 5248 0x000001dc6f92ed10 code [0x000001dc6f92eea0, 0x000001dc6f92ef78]
Event: 83.500 Thread 0x000001dc7b342dd0 5249       1       org.gradle.api.internal.collections.AbstractIterationOrderRetainingElementSource::getInserted (5 bytes)
Event: 83.501 Thread 0x000001dc7b342dd0 nmethod 5249 0x000001dc6f92f010 code [0x000001dc6f92f1a0, 0x000001dc6f92f278]

GC Heap History (12 events):
Event: 2.131 GC heap before
{Heap before GC invocations=0 (full 0):
 garbage-first heap   total 262144K, used 28672K [0x00000000e0000000, 0x0000000100000000)
  region size 1024K, 23 young (23552K), 0 survivors (0K)
 Metaspace       used 2976K, committed 3136K, reserved 278528K
  class space    used 380K, committed 448K, reserved 212992K
}
Event: 2.138 GC heap after
{Heap after GC invocations=1 (full 0):
 garbage-first heap   total 262144K, used 9029K [0x00000000e0000000, 0x0000000100000000)
  region size 1024K, 3 young (3072K), 3 survivors (3072K)
 Metaspace       used 2976K, committed 3136K, reserved 278528K
  class space    used 380K, committed 448K, reserved 212992K
}
Event: 4.301 GC heap before
{Heap before GC invocations=1 (full 0):
 garbage-first heap   total 262144K, used 36677K [0x00000000e0000000, 0x0000000100000000)
  region size 1024K, 30 young (30720K), 3 survivors (3072K)
 Metaspace       used 3900K, committed 4096K, reserved 278528K
  class space    used 476K, committed 576K, reserved 212992K
}
Event: 4.305 GC heap after
{Heap after GC invocations=2 (full 0):
 garbage-first heap   total 262144K, used 13244K [0x00000000e0000000, 0x0000000100000000)
  region size 1024K, 4 young (4096K), 4 survivors (4096K)
 Metaspace       used 3900K, committed 4096K, reserved 278528K
  class space    used 476K, committed 576K, reserved 212992K
}
Event: 9.648 GC heap before
{Heap before GC invocations=2 (full 0):
 garbage-first heap   total 262144K, used 117692K [0x00000000e0000000, 0x0000000100000000)
  region size 1024K, 107 young (109568K), 4 survivors (4096K)
 Metaspace       used 21283K, committed 21504K, reserved 278528K
  class space    used 3150K, committed 3264K, reserved 212992K
}
Event: 9.664 GC heap after
{Heap after GC invocations=3 (full 0):
 garbage-first heap   total 262144K, used 20891K [0x00000000e0000000, 0x0000000100000000)
  region size 1024K, 12 young (12288K), 12 survivors (12288K)
 Metaspace       used 21283K, committed 21504K, reserved 278528K
  class space    used 3150K, committed 3264K, reserved 212992K
}
Event: 81.261 GC heap before
{Heap before GC invocations=4 (full 0):
 garbage-first heap   total 262144K, used 126363K [0x00000000e0000000, 0x0000000100000000)
  region size 1024K, 113 young (115712K), 12 survivors (12288K)
 Metaspace       used 35683K, committed 35968K, reserved 278528K
  class space    used 4848K, committed 4992K, reserved 212992K
}
Event: 81.284 GC heap after
{Heap after GC invocations=5 (full 0):
 garbage-first heap   total 262144K, used 29210K [0x00000000e0000000, 0x0000000100000000)
  region size 1024K, 16 young (16384K), 16 survivors (16384K)
 Metaspace       used 35683K, committed 35968K, reserved 278528K
  class space    used 4848K, committed 4992K, reserved 212992K
}
Event: 81.307 GC heap before
{Heap before GC invocations=5 (full 0):
 garbage-first heap   total 262144K, used 30234K [0x00000000e0000000, 0x0000000100000000)
  region size 1024K, 17 young (17408K), 16 survivors (16384K)
 Metaspace       used 35760K, committed 36096K, reserved 278528K
  class space    used 4862K, committed 5056K, reserved 212992K
}
Event: 81.329 GC heap after
{Heap after GC invocations=6 (full 0):
 garbage-first heap   total 262144K, used 30098K [0x00000000e0000000, 0x0000000100000000)
  region size 1024K, 2 young (2048K), 2 survivors (2048K)
 Metaspace       used 35760K, committed 36096K, reserved 278528K
  class space    used 4862K, committed 5056K, reserved 212992K
}
Event: 81.389 GC heap before
{Heap before GC invocations=6 (full 0):
 garbage-first heap   total 262144K, used 31122K [0x00000000e0000000, 0x0000000100000000)
  region size 1024K, 4 young (4096K), 2 survivors (2048K)
 Metaspace       used 35932K, committed 36288K, reserved 278528K
  class space    used 4895K, committed 5056K, reserved 212992K
}
Event: 81.391 GC heap after
{Heap after GC invocations=7 (full 0):
 garbage-first heap   total 262144K, used 29079K [0x00000000e0000000, 0x0000000100000000)
  region size 1024K, 1 young (1024K), 1 survivors (1024K)
 Metaspace       used 35932K, committed 36288K, reserved 278528K
  class space    used 4895K, committed 5056K, reserved 212992K
}

Deoptimization events (20 events):
Event: 82.776 Thread 0x000001dc1272a8e0 Uncommon trap: trap_request=0xffffffcc fr.pc=0x000001dc6f8f4010 relative=0x0000000000001470
Event: 82.776 Thread 0x000001dc1272a8e0 Uncommon trap: reason=intrinsic_or_type_checked_inlining action=make_not_entrant pc=0x000001dc6f8f4010 method=java.util.ArrayList.toArray([Ljava/lang/Object;)[Ljava/lang/Object; @ 36 c2
Event: 82.776 Thread 0x000001dc1272a8e0 DEOPT PACKING pc=0x000001dc6f8f4010 sp=0x000000bfb0df4040
Event: 82.776 Thread 0x000001dc1272a8e0 DEOPT UNPACKING pc=0x000001dc6f0d23a3 sp=0x000000bfb0df3f88 mode 2
Event: 82.923 Thread 0x000001dc1272a8e0 Uncommon trap: trap_request=0xffffff45 fr.pc=0x000001dc6f877bc0 relative=0x0000000000003f00
Event: 82.923 Thread 0x000001dc1272a8e0 Uncommon trap: reason=unstable_if action=reinterpret pc=0x000001dc6f877bc0 method=java.lang.ClassLoader.defineClassSourceLocation(Ljava/security/ProtectionDomain;)Ljava/lang/String; @ 15 c2
Event: 82.923 Thread 0x000001dc1272a8e0 DEOPT PACKING pc=0x000001dc6f877bc0 sp=0x000000bfb0df3b40
Event: 82.923 Thread 0x000001dc1272a8e0 DEOPT UNPACKING pc=0x000001dc6f0d23a3 sp=0x000000bfb0df3a70 mode 2
Event: 83.254 Thread 0x000001dc1272a8e0 Uncommon trap: trap_request=0xffffff76 fr.pc=0x000001dc6f85cbc0 relative=0x0000000000000180
Event: 83.254 Thread 0x000001dc1272a8e0 Uncommon trap: reason=predicate action=maybe_recompile pc=0x000001dc6f85cbc0 method=java.util.AbstractCollection.addAll(Ljava/util/Collection;)Z @ 15 c2
Event: 83.254 Thread 0x000001dc1272a8e0 DEOPT PACKING pc=0x000001dc6f85cbc0 sp=0x000000bfb0df7c20
Event: 83.254 Thread 0x000001dc1272a8e0 DEOPT UNPACKING pc=0x000001dc6f0d23a3 sp=0x000000bfb0df7bb8 mode 2
Event: 83.326 Thread 0x000001dc1272a8e0 Uncommon trap: trap_request=0xffffff45 fr.pc=0x000001dc6f8f59a0 relative=0x0000000000000300
Event: 83.326 Thread 0x000001dc1272a8e0 Uncommon trap: reason=unstable_if action=reinterpret pc=0x000001dc6f8f59a0 method=java.util.HashMap.getNode(Ljava/lang/Object;)Ljava/util/HashMap$Node; @ 85 c2
Event: 83.326 Thread 0x000001dc1272a8e0 DEOPT PACKING pc=0x000001dc6f8f59a0 sp=0x000000bfb0df7480
Event: 83.326 Thread 0x000001dc1272a8e0 DEOPT UNPACKING pc=0x000001dc6f0d23a3 sp=0x000000bfb0df7390 mode 2
Event: 83.326 Thread 0x000001dc1272a8e0 Uncommon trap: trap_request=0xffffff45 fr.pc=0x000001dc6f7ba968 relative=0x0000000000000248
Event: 83.326 Thread 0x000001dc1272a8e0 Uncommon trap: reason=unstable_if action=reinterpret pc=0x000001dc6f7ba968 method=java.util.HashMap.getNode(Ljava/lang/Object;)Ljava/util/HashMap$Node; @ 85 c2
Event: 83.326 Thread 0x000001dc1272a8e0 DEOPT PACKING pc=0x000001dc6f7ba968 sp=0x000000bfb0df7400
Event: 83.326 Thread 0x000001dc1272a8e0 DEOPT UNPACKING pc=0x000001dc6f0d23a3 sp=0x000000bfb0df7380 mode 2

Classes unloaded (0 events):
No events

Classes redefined (0 events):
No events

Internal exceptions (20 events):
Event: 81.570 Thread 0x000001dc1272a8e0 Exception <a 'java/lang/NoSuchMethodError'{0x00000000ef9c37e8}: 'int java.lang.invoke.DirectMethodHandle$Holder.invokeInterface(java.lang.Object, java.lang.Object)'> (0x00000000ef9c37e8) 
thrown [s\open\src\hotspot\share\interpreter\linkResolver.cpp, line 759]
Event: 81.570 Thread 0x000001dc1272a8e0 Exception <a 'java/lang/IncompatibleClassChangeError'{0x00000000ef9c7d68}: Found class java.lang.Object, but interface was expected> (0x00000000ef9c7d68) 
thrown [s\open\src\hotspot\share\interpreter\linkResolver.cpp, line 826]
Event: 81.571 Thread 0x000001dc1272a8e0 Exception <a 'java/lang/NoSuchMethodError'{0x00000000ef9cfa40}: 'int java.lang.invoke.DirectMethodHandle$Holder.invokeSpecialIFC(java.lang.Object, java.lang.Object, java.lang.Object, java.lang.Object, java.lang.Object)'> (0x00000000ef9cfa40) 
thrown [s\open\src\hotspot\share\interpreter\linkResolver.cpp, line 759]
Event: 81.715 Thread 0x000001dc1272a8e0 Exception <a 'java/lang/NoSuchMethodError'{0x00000000ef326e68}: 'int java.lang.invoke.DirectMethodHandle$Holder.invokeStatic(java.lang.Object)'> (0x00000000ef326e68) 
thrown [s\open\src\hotspot\share\interpreter\linkResolver.cpp, line 759]
Event: 81.716 Thread 0x000001dc1272a8e0 Exception <a 'java/lang/NoSuchMethodError'{0x00000000ef32b500}: 'int java.lang.invoke.DirectMethodHandle$Holder.invokeStaticInit(java.lang.Object)'> (0x00000000ef32b500) 
thrown [s\open\src\hotspot\share\interpreter\linkResolver.cpp, line 759]
Event: 81.770 Thread 0x000001dc1272a8e0 Exception <a 'java/lang/NoSuchMethodError'{0x00000000ef2c7738}: 'void java.lang.invoke.DirectMethodHandle$Holder.invokeStatic(java.lang.Object, java.lang.Object, java.lang.Object, int, java.lang.Object)'> (0x00000000ef2c7738) 
thrown [s\open\src\hotspot\share\interpreter\linkResolver.cpp, line 759]
Event: 81.926 Thread 0x000001dc1272a8e0 Exception <a 'java/lang/NoSuchMethodError'{0x00000000eeeff030}: 'java.lang.Object java.lang.invoke.DelegatingMethodHandle$Holder.reinvoke_L(java.lang.Object, java.lang.Object, java.lang.Object, java.lang.Object, java.lang.Object, java.lang.Object, java.lang.Object, java.lang.Object, java.lang.Object, java.lang.Object, java.lang.Object, java.lang.Object, java.lang.Object, java.lang.Object, java.lang.Object, java.lang.Object, java.lang.Object, java.lang.Object, java.lang.Object, java.lang.Object, java.lang.O
Event: 81.927 Thread 0x000001dc1272a8e0 Exception <a 'java/lang/NoSuchMethodError'{0x00000000eed0ba58}: 'java.lang.Object java.lang.invoke.Invokers$Holder.invoker(java.lang.Object, java.lang.Object, java.lang.Object, java.lang.Object, java.lang.Object, java.lang.Object, java.lang.Object, java.lang.Object, java.lang.Object, java.lang.Object, java.lang.Object, java.lang.Object, java.lang.Object, java.lang.Object, java.lang.Object, java.lang.Object, java.lang.Object, java.lang.Object, java.lang.Object, java.lang.Object, java.lang.Object)'> (0x00000
Event: 81.928 Thread 0x000001dc1272a8e0 Exception <a 'java/lang/NoSuchMethodError'{0x00000000eed12c88}: 'java.lang.Object java.lang.invoke.DelegatingMethodHandle$Holder.delegate(java.lang.Object, java.lang.Object, java.lang.Object, java.lang.Object, java.lang.Object, java.lang.Object, java.lang.Object, java.lang.Object, java.lang.Object, java.lang.Object, java.lang.Object, java.lang.Object, java.lang.Object, java.lang.Object, java.lang.Object, java.lang.Object, java.lang.Object, java.lang.Object, java.lang.Object, java.lang.Object, java.lang.Obj
Event: 81.942 Thread 0x000001dc1272a8e0 Exception <a 'java/lang/NoSuchMethodError'{0x00000000eed8ad28}: 'java.lang.Object java.lang.invoke.DirectMethodHandle$Holder.invokeStatic(java.lang.Object, java.lang.Object, java.lang.Object, java.lang.Object, java.lang.Object, java.lang.Object, java.lang.Object, java.lang.Object, java.lang.Object, java.lang.Object, java.lang.Object, java.lang.Object, java.lang.Object, java.lang.Object, java.lang.Object, java.lang.Object, java.lang.Object)'> (0x00000000eed8ad28) 
thrown [s\open\src\hotspot\share\interprete
Event: 81.945 Thread 0x000001dc1272a8e0 Exception <a 'java/lang/NoSuchMethodError'{0x00000000eedb2e98}: 'java.lang.Object java.lang.invoke.DirectMethodHandle$Holder.invokeStatic(java.lang.Object, java.lang.Object, java.lang.Object, java.lang.Object, java.lang.Object, java.lang.Object, java.lang.Object, java.lang.Object, java.lang.Object, java.lang.Object, java.lang.Object, java.lang.Object, java.lang.Object, java.lang.Object, java.lang.Object, java.lang.Object, java.lang.Object, java.lang.Object)'> (0x00000000eedb2e98) 
thrown [s\open\src\hotspo
Event: 81.948 Thread 0x000001dc1272a8e0 Exception <a 'java/lang/NoSuchMethodError'{0x00000000eeddba30}: 'java.lang.Object java.lang.invoke.DirectMethodHandle$Holder.invokeStatic(java.lang.Object, java.lang.Object, java.lang.Object, java.lang.Object, java.lang.Object, java.lang.Object, java.lang.Object, java.lang.Object, java.lang.Object, java.lang.Object, java.lang.Object, java.lang.Object, java.lang.Object, java.lang.Object, java.lang.Object, java.lang.Object, java.lang.Object, java.lang.Object, java.lang.Object)'> (0x00000000eeddba30) 
thrown 
Event: 81.951 Thread 0x000001dc1272a8e0 Exception <a 'java/lang/NoSuchMethodError'{0x00000000eec06040}: 'java.lang.Object java.lang.invoke.DirectMethodHandle$Holder.invokeStatic(java.lang.Object, java.lang.Object, java.lang.Object, java.lang.Object, java.lang.Object, java.lang.Object, java.lang.Object, java.lang.Object, java.lang.Object, java.lang.Object, java.lang.Object, java.lang.Object, java.lang.Object, java.lang.Object, java.lang.Object, java.lang.Object, java.lang.Object, java.lang.Object, java.lang.Object, java.lang.Object)'> (0x00000000
Event: 81.954 Thread 0x000001dc1272a8e0 Exception <a 'java/lang/NoSuchMethodError'{0x00000000eec31108}: 'java.lang.Object java.lang.invoke.DirectMethodHandle$Holder.invokeStatic(java.lang.Object, java.lang.Object, java.lang.Object, java.lang.Object, java.lang.Object, java.lang.Object, java.lang.Object, java.lang.Object, java.lang.Object, java.lang.Object, java.lang.Object, java.lang.Object, java.lang.Object, java.lang.Object, java.lang.Object, java.lang.Object, java.lang.Object, java.lang.Object, java.lang.Object, java.lang.Object, java.lang.Obj
Event: 81.957 Thread 0x000001dc1272a8e0 Exception <a 'java/lang/NoSuchMethodError'{0x00000000eec5c998}: 'java.lang.Object java.lang.invoke.DirectMethodHandle$Holder.invokeStatic(java.lang.Object, java.lang.Object, java.lang.Object, java.lang.Object, java.lang.Object, java.lang.Object, java.lang.Object, java.lang.Object, java.lang.Object, java.lang.Object, java.lang.Object, java.lang.Object, java.lang.Object, java.lang.Object, java.lang.Object, java.lang.Object, java.lang.Object, java.lang.Object, java.lang.Object, java.lang.Object, java.lang.Obj
Event: 81.961 Thread 0x000001dc1272a8e0 Exception <a 'java/lang/NoSuchMethodError'{0x00000000eec8a090}: 'java.lang.Object java.lang.invoke.DirectMethodHandle$Holder.invokeStatic(java.lang.Object, java.lang.Object, java.lang.Object, java.lang.Object, java.lang.Object, java.lang.Object, java.lang.Object, java.lang.Object, java.lang.Object, java.lang.Object, java.lang.Object, java.lang.Object, java.lang.Object, java.lang.Object, java.lang.Object, java.lang.Object, java.lang.Object, java.lang.Object, java.lang.Object, java.lang.Object, java.lang.Obj
Event: 81.965 Thread 0x000001dc1272a8e0 Exception <a 'java/lang/NoSuchMethodError'{0x00000000eecb8c38}: 'java.lang.Object java.lang.invoke.DirectMethodHandle$Holder.invokeStatic(java.lang.Object, java.lang.Object, java.lang.Object, java.lang.Object, java.lang.Object, java.lang.Object, java.lang.Object, java.lang.Object, java.lang.Object, java.lang.Object, java.lang.Object, java.lang.Object, java.lang.Object, java.lang.Object, java.lang.Object, java.lang.Object, java.lang.Object, java.lang.Object, java.lang.Object, java.lang.Object, java.lang.Obj
Event: 82.175 Thread 0x000001dc1272a8e0 Exception <a 'java/lang/NoSuchMethodError'{0x00000000ee79a2a0}: 'void java.lang.invoke.DirectMethodHandle$Holder.invokeStatic(java.lang.Object, java.lang.Object, java.lang.Object, java.lang.Object, java.lang.Object, java.lang.Object)'> (0x00000000ee79a2a0) 
thrown [s\open\src\hotspot\share\interpreter\linkResolver.cpp, line 759]
Event: 82.818 Thread 0x000001dc1272a8e0 Exception <a 'java/lang/IncompatibleClassChangeError'{0x00000000ec7b4a40}: Found class java.lang.Object, but interface was expected> (0x00000000ec7b4a40) 
thrown [s\open\src\hotspot\share\interpreter\linkResolver.cpp, line 826]
Event: 83.362 Thread 0x000001dc1272a8e0 Exception <a 'java/lang/NoSuchMethodError'{0x00000000ebab02b8}: 'java.lang.Object java.lang.invoke.DirectMethodHandle$Holder.newInvokeSpecial(java.lang.Object, java.lang.Object, int)'> (0x00000000ebab02b8) 
thrown [s\open\src\hotspot\share\interpreter\linkResolver.cpp, line 759]

VM Operations (20 events):
Event: 80.987 Executing VM operation: HandshakeAllThreads
Event: 80.987 Executing VM operation: HandshakeAllThreads done
Event: 80.988 Executing VM operation: HandshakeAllThreads
Event: 80.988 Executing VM operation: HandshakeAllThreads done
Event: 81.065 Executing VM operation: ICBufferFull
Event: 81.065 Executing VM operation: ICBufferFull done
Event: 81.261 Executing VM operation: CollectForMetadataAllocation
Event: 81.284 Executing VM operation: CollectForMetadataAllocation done
Event: 81.307 Executing VM operation: G1CollectForAllocation
Event: 81.329 Executing VM operation: G1CollectForAllocation done
Event: 81.389 Executing VM operation: CollectForMetadataAllocation
Event: 81.391 Executing VM operation: CollectForMetadataAllocation done
Event: 81.435 Executing VM operation: G1Concurrent
Event: 81.440 Executing VM operation: G1Concurrent done
Event: 81.457 Executing VM operation: G1Concurrent
Event: 81.457 Executing VM operation: G1Concurrent done
Event: 82.410 Executing VM operation: ICBufferFull
Event: 82.411 Executing VM operation: ICBufferFull done
Event: 83.232 Executing VM operation: ICBufferFull
Event: 83.233 Executing VM operation: ICBufferFull done

Events (20 events):
Event: 82.917 loading class jdk/jfr/Recording done
Event: 82.917 loading class jdk/jfr/FlightRecorder
Event: 82.918 loading class jdk/jfr/FlightRecorder done
Event: 82.918 loading class javax/management/NotificationListener
Event: 82.918 loading class javax/management/NotificationListener done
Event: 82.918 loading class javax/management/NotificationFilter
Event: 82.918 loading class javax/management/NotificationFilter done
Event: 82.918 loading class jdk/management/jfr/FlightRecorderMXBeanImpl$MXBeanListener
Event: 82.918 loading class jdk/jfr/FlightRecorderListener
Event: 82.918 loading class jdk/jfr/FlightRecorderListener done
Event: 82.919 loading class jdk/management/jfr/FlightRecorderMXBeanImpl$MXBeanListener done
Event: 82.919 loading class javax/management/ListenerNotFoundException
Event: 82.919 loading class javax/management/ListenerNotFoundException done
Event: 82.921 loading class sun/reflect/misc/MethodUtil
Event: 82.922 loading class sun/reflect/misc/MethodUtil done
Event: 82.922 loading class sun/reflect/misc/MethodUtil$1
Event: 82.922 loading class sun/reflect/misc/MethodUtil$1 done
Event: 82.929 Thread 0x000001dc14573d90 Thread added: 0x000001dc14573d90
Event: 82.937 loading class java/lang/Byte$ByteCache
Event: 82.938 loading class java/lang/Byte$ByteCache done


Dynamic libraries:
0x00007ff7d4250000 - 0x00007ff7d4260000 	C:\Program Files\Java\jdk-17.0.11\bin\java.exe
0x00007ff8decd0000 - 0x00007ff8deec8000 	C:\WINDOWS\SYSTEM32\ntdll.dll
0x00007ff8de720000 - 0x00007ff8de7dd000 	C:\WINDOWS\System32\KERNEL32.DLL
0x00007ff8dc560000 - 0x00007ff8dc856000 	C:\WINDOWS\System32\KERNELBASE.dll
0x00007ff8dc380000 - 0x00007ff8dc480000 	C:\WINDOWS\System32\ucrtbase.dll
0x00007ff8d7760000 - 0x00007ff8d777b000 	C:\Program Files\Java\jdk-17.0.11\bin\VCRUNTIME140.dll
0x00007ff8d7740000 - 0x00007ff8d7759000 	C:\Program Files\Java\jdk-17.0.11\bin\jli.dll
0x00007ff8de0d0000 - 0x00007ff8de180000 	C:\WINDOWS\System32\ADVAPI32.dll
0x00007ff8dea30000 - 0x00007ff8deace000 	C:\WINDOWS\System32\msvcrt.dll
0x00007ff8debf0000 - 0x00007ff8dec90000 	C:\WINDOWS\System32\sechost.dll
0x00007ff8dd620000 - 0x00007ff8dd743000 	C:\WINDOWS\System32\RPCRT4.dll
0x00007ff8dc920000 - 0x00007ff8dc947000 	C:\WINDOWS\System32\bcrypt.dll
0x00007ff8dd750000 - 0x00007ff8dd8ef000 	C:\WINDOWS\System32\USER32.dll
0x00007ff8c17c0000 - 0x00007ff8c1a5a000 	C:\WINDOWS\WinSxS\amd64_microsoft.windows.common-controls_6595b64144ccf1df_6.0.19041.3636_none_60b6a03d71f818d5\COMCTL32.dll
0x00007ff8dc480000 - 0x00007ff8dc4a2000 	C:\WINDOWS\System32\win32u.dll
0x00007ff8de7f0000 - 0x00007ff8de81b000 	C:\WINDOWS\System32\GDI32.dll
0x00007ff8dcb50000 - 0x00007ff8dcc67000 	C:\WINDOWS\System32\gdi32full.dll
0x00007ff8dcab0000 - 0x00007ff8dcb4d000 	C:\WINDOWS\System32\msvcp_win.dll
0x00007ff8d4590000 - 0x00007ff8d459a000 	C:\WINDOWS\SYSTEM32\VERSION.dll
0x00007ff8dde50000 - 0x00007ff8dde82000 	C:\WINDOWS\System32\IMM32.DLL
0x00007ff8d77a0000 - 0x00007ff8d77ac000 	C:\Program Files\Java\jdk-17.0.11\bin\vcruntime140_1.dll
0x00007ff8d54b0000 - 0x00007ff8d553e000 	C:\Program Files\Java\jdk-17.0.11\bin\msvcp140.dll
0x00007ff88ba30000 - 0x00007ff88c610000 	C:\Program Files\Java\jdk-17.0.11\bin\server\jvm.dll
0x00007ff8dcde0000 - 0x00007ff8dcde8000 	C:\WINDOWS\System32\PSAPI.DLL
0x00007ff8bad70000 - 0x00007ff8bad79000 	C:\WINDOWS\SYSTEM32\WSOCK32.dll
0x00007ff8c0da0000 - 0x00007ff8c0dc7000 	C:\WINDOWS\SYSTEM32\WINMM.dll
0x00007ff8ddd10000 - 0x00007ff8ddd7b000 	C:\WINDOWS\System32\WS2_32.dll
0x00007ff8dab60000 - 0x00007ff8dab72000 	C:\WINDOWS\SYSTEM32\kernel.appcore.dll
0x00007ff8d7670000 - 0x00007ff8d767a000 	C:\Program Files\Java\jdk-17.0.11\bin\jimage.dll
0x00007ff8da7f0000 - 0x00007ff8da9d4000 	C:\WINDOWS\SYSTEM32\DBGHELP.DLL
0x00007ff8c9040000 - 0x00007ff8c9074000 	C:\WINDOWS\SYSTEM32\dbgcore.DLL
0x00007ff8dcc70000 - 0x00007ff8dccf2000 	C:\WINDOWS\System32\bcryptPrimitives.dll
0x00007ff8d7580000 - 0x00007ff8d75a5000 	C:\Program Files\Java\jdk-17.0.11\bin\java.dll
0x00007ff8bd8e0000 - 0x00007ff8bd9b7000 	C:\Program Files\Java\jdk-17.0.11\bin\jsvml.dll
0x00007ff8dcdf0000 - 0x00007ff8dd55b000 	C:\WINDOWS\System32\SHELL32.dll
0x00007ff8d9f30000 - 0x00007ff8da6ce000 	C:\WINDOWS\SYSTEM32\windows.storage.dll
0x00007ff8dd9b0000 - 0x00007ff8ddd03000 	C:\WINDOWS\System32\combase.dll
0x00007ff8dbce0000 - 0x00007ff8dbd0e000 	C:\WINDOWS\SYSTEM32\Wldp.dll
0x00007ff8de5f0000 - 0x00007ff8de6bd000 	C:\WINDOWS\System32\OLEAUT32.dll
0x00007ff8ddda0000 - 0x00007ff8dde4d000 	C:\WINDOWS\System32\SHCORE.dll
0x00007ff8dd8f0000 - 0x00007ff8dd945000 	C:\WINDOWS\System32\shlwapi.dll
0x00007ff8dc2b0000 - 0x00007ff8dc2d3000 	C:\WINDOWS\SYSTEM32\profapi.dll
0x00007ff8d6f80000 - 0x00007ff8d6f99000 	C:\Program Files\Java\jdk-17.0.11\bin\net.dll
0x00007ff8d2790000 - 0x00007ff8d289a000 	C:\WINDOWS\SYSTEM32\WINHTTP.dll
0x00007ff8dba20000 - 0x00007ff8dba8a000 	C:\WINDOWS\system32\mswsock.dll
0x00007ff8d5730000 - 0x00007ff8d5746000 	C:\Program Files\Java\jdk-17.0.11\bin\nio.dll
0x00007ff8d5710000 - 0x00007ff8d5728000 	C:\Program Files\Java\jdk-17.0.11\bin\zip.dll
0x00007ff8d7630000 - 0x00007ff8d7640000 	C:\Program Files\Java\jdk-17.0.11\bin\verify.dll
0x00007ff8d56e0000 - 0x00007ff8d5707000 	C:\Users\marko\.gradle\native\e1d6ef7f7dcc3fd88c89a11ec53ec762bb8ba0a96d01ffa2cd45eb1d1d8dd5c5\windows-amd64\native-platform.dll
0x00007ff8ac8b0000 - 0x00007ff8ac9f4000 	C:\Users\marko\.gradle\native\0d407fdbe67a94daf76414ababcb853783967236a71b16ec16e742cd7a986fd3\windows-amd64\native-platform-file-events.dll
0x00007ff8d6f70000 - 0x00007ff8d6f7a000 	C:\Program Files\Java\jdk-17.0.11\bin\management.dll
0x00007ff8d56b0000 - 0x00007ff8d56bb000 	C:\Program Files\Java\jdk-17.0.11\bin\management_ext.dll
0x00007ff8dbc40000 - 0x00007ff8dbc58000 	C:\WINDOWS\SYSTEM32\CRYPTSP.dll
0x00007ff8db320000 - 0x00007ff8db354000 	C:\WINDOWS\system32\rsaenh.dll
0x00007ff8dc230000 - 0x00007ff8dc25e000 	C:\WINDOWS\SYSTEM32\USERENV.dll
0x00007ff8dbc30000 - 0x00007ff8dbc3c000 	C:\WINDOWS\SYSTEM32\CRYPTBASE.dll
0x00007ff8db6f0000 - 0x00007ff8db72b000 	C:\WINDOWS\SYSTEM32\IPHLPAPI.DLL
0x00007ff8de7e0000 - 0x00007ff8de7e8000 	C:\WINDOWS\System32\NSI.dll
0x00007ff8d45c0000 - 0x00007ff8d45d7000 	C:\WINDOWS\SYSTEM32\dhcpcsvc6.DLL
0x00007ff8d45a0000 - 0x00007ff8d45bd000 	C:\WINDOWS\SYSTEM32\dhcpcsvc.DLL
0x00007ff8db730000 - 0x00007ff8db7fb000 	C:\WINDOWS\SYSTEM32\DNSAPI.dll
0x00007ff8d56a0000 - 0x00007ff8d56ae000 	C:\Program Files\Java\jdk-17.0.11\bin\sunmscapi.dll
0x00007ff8dc950000 - 0x00007ff8dcaae000 	C:\WINDOWS\System32\CRYPT32.dll
0x00007ff8dbd50000 - 0x00007ff8dbd78000 	C:\WINDOWS\SYSTEM32\ncrypt.dll
0x00007ff8dbd10000 - 0x00007ff8dbd4b000 	C:\WINDOWS\SYSTEM32\NTASN1.dll
0x00007ff8d7840000 - 0x00007ff8d7847000 	C:\WINDOWS\system32\wshunix.dll

dbghelp: loaded successfully - version: 4.0.5 - missing functions: none
symbol engine: initialized successfully - sym options: 0x614 - pdb path: .;C:\Program Files\Java\jdk-17.0.11\bin;C:\WINDOWS\SYSTEM32;C:\WINDOWS\WinSxS\amd64_microsoft.windows.common-controls_6595b64144ccf1df_6.0.19041.3636_none_60b6a03d71f818d5;C:\Program Files\Java\jdk-17.0.11\bin\server;C:\Users\marko\.gradle\native\e1d6ef7f7dcc3fd88c89a11ec53ec762bb8ba0a96d01ffa2cd45eb1d1d8dd5c5\windows-amd64;C:\Users\marko\.gradle\native\0d407fdbe67a94daf76414ababcb853783967236a71b16ec16e742cd7a986fd3\windows-amd64

VM Arguments:
jvm_args: --add-opens=java.base/java.util=ALL-UNNAMED --add-opens=java.base/java.lang=ALL-UNNAMED --add-opens=java.base/java.lang.invoke=ALL-UNNAMED --add-opens=java.base/java.util=ALL-UNNAMED --add-opens=java.prefs/java.util.prefs=ALL-UNNAMED --add-opens=java.prefs/java.util.prefs=ALL-UNNAMED --add-opens=java.base/java.nio.charset=ALL-UNNAMED --add-opens=java.base/java.net=ALL-UNNAMED --add-opens=java.base/java.util.concurrent.atomic=ALL-UNNAMED -XX:MaxMetaspaceSize=256m -XX:+HeapDumpOnOutOfMemoryError -Xms256m -Xmx512m -Dfile.encoding=windows-1252 -Duser.country=IT -Duser.language=it -Duser.variant 
java_command: org.gradle.launcher.daemon.bootstrap.GradleDaemon 7.4.2
java_class_path (initial): C:\Users\marko\.gradle\wrapper\dists\gradle-7.4.2-bin\48ivgl02cpt2ed3fh9dbalvx8\gradle-7.4.2\lib\gradle-launcher-7.4.2.jar
Launcher Type: SUN_STANDARD

[Global flags]
     intx CICompilerCount                          = 4                                         {product} {ergonomic}
   size_t CompressedClassSpaceSize                 = 218103808                                 {product} {ergonomic}
     uint ConcGCThreads                            = 2                                         {product} {ergonomic}
     uint G1ConcRefinementThreads                  = 8                                         {product} {ergonomic}
   size_t G1HeapRegionSize                         = 1048576                                   {product} {ergonomic}
    uintx GCDrainStackTargetSize                   = 64                                        {product} {ergonomic}
     bool HeapDumpOnOutOfMemoryError               = true                                   {manageable} {command line}
   size_t InitialHeapSize                          = 268435456                                 {product} {command line}
   size_t MarkStackSize                            = 4194304                                   {product} {ergonomic}
   size_t MaxHeapSize                              = 536870912                                 {product} {command line}
   size_t MaxMetaspaceSize                         = 268435456                                 {product} {command line}
   size_t MaxNewSize                               = 321912832                                 {product} {ergonomic}
   size_t MinHeapDeltaBytes                        = 1048576                                   {product} {ergonomic}
   size_t MinHeapSize                              = 268435456                                 {product} {command line}
    uintx NonNMethodCodeHeapSize                   = 5839372                                {pd product} {ergonomic}
    uintx NonProfiledCodeHeapSize                  = 122909434                              {pd product} {ergonomic}
    uintx ProfiledCodeHeapSize                     = 122909434                              {pd product} {ergonomic}
    uintx ReservedCodeCacheSize                    = 251658240                              {pd product} {ergonomic}
     bool SegmentedCodeCache                       = true                                      {product} {ergonomic}
   size_t SoftMaxHeapSize                          = 536870912                              {manageable} {ergonomic}
     bool UseCompressedClassPointers               = true                           {product lp64_product} {ergonomic}
     bool UseCompressedOops                        = true                           {product lp64_product} {ergonomic}
     bool UseG1GC                                  = true                                      {product} {ergonomic}
     bool UseLargePagesIndividualAllocation        = false                                  {pd product} {ergonomic}

Logging:
Log output configuration:
 #0: stdout all=warning uptime,level,tags
 #1: stderr all=off uptime,level,tags

Environment Variables:
JAVA_HOME=C:\Program Files\Java\jdk-17.0.11
CLASSPATH=C:\Users\marko\Desktop\ISS_24\issLab24\unibo.basicrobot24\\gradle\wrapper\gradle-wrapper.jar
PATH=C:\Program Files\Java\jdk-17.0.11\bin;C:\Gradle\gradle-8.6\bin;C:\Program Files\Python310\Scripts\;C:\Program Files\Python310\;C:\Program Files\Common Files\Oracle\Java\javapath;C:\Program Files (x86)\Common Files\Oracle\Java\javapath;C:\Program Files (x86)\Razer Chroma SDK\bin;C:\Program Files\Razer Chroma SDK\bin;C:\Program Files (x86)\Razer\ChromaBroadcast\bin;C:\Program Files\Razer\ChromaBroadcast\bin;C:\Program Files (x86)\Intel\Intel(R) Management Engine Components\iCLS\;C:\Program Files\Intel\Intel(R) Management Engine Components\iCLS\;C:\WINDOWS\system32;C:\WINDOWS;C:\WINDOWS\System32\Wbem;C:\WINDOWS\System32\WindowsPowerShell\v1.0\;C:\Program Files (x86)\Intel\Intel(R) Management Engine Components\DAL;C:\Program Files\Intel\Intel(R) Management Engine Components\DAL;C:\Program Files (x86)\Intel\Intel(R) Management Engine Components\IPT;C:\Program Files\Intel\Intel(R) Management Engine Components\IPT;C:\WINDOWS\System32\OpenSSH\;C:\WINDOWS\system32\config\systemprofile\AppData\Local\Microsoft\WindowsApps;C:\WINDOWS\system32;C:\WINDOWS;C:\WINDOWS\System32\Wbem;C:\WINDOWS\System32\WindowsPowerShell\v1.0\;C:\WINDOWS\System32\OpenSSH\;C:\Users\marko\AppData\Roaming\nvm;C:\Program Files\nodejs;C:\Program Files\Git\cmd;C:\Program Files\Git LFS;C:\Users\marko\AppData\Roaming\Python\Python310\Scripts;C:\Program Files\Docker\Docker\resources\bin;C:\Program Files\nodejs\;C:\Program Files\Graphviz\bin;C:\Users\marko\AppData\Local\Programs\Microsoft VS Code\bin;C:\Users\marko\AppData\Local\Microsoft\WindowsApps;C:\Users\marko\Desktop\antlr;C:\Users\marko\AppData\Local\JetBrains\IntelliJ IDEA Community Edition 2022.3.2\bin;C:\Users\marko\AppData\Roaming\npm
USERNAME=marko
OS=Windows_NT
PROCESSOR_IDENTIFIER=Intel64 Family 6 Model 142 Stepping 10, GenuineIntel



---------------  S Y S T E M  ---------------

OS:
 Windows 10 , 64 bit Build 19041 (10.0.19041.3636)
OS uptime: 2 days 6:11 hours
Hyper-V role detected

CPU: total 8 (initial active 8) (4 cores per cpu, 2 threads per core) family 6 model 142 stepping 10 microcode 0xb4, cx8, cmov, fxsr, ht, mmx, 3dnowpref, sse, sse2, sse3, ssse3, sse4.1, sse4.2, popcnt, lzcnt, tsc, tscinvbit, avx, avx2, aes, erms, clmul, bmi1, bmi2, adx, fma, vzeroupper, clflush, clflushopt, hv

Memory: 4k page, system-wide physical 8058M (765M free)
TotalPageFile size 8058M (AvailPageFile size 15M)
current process WorkingSet (physical memory assigned to process): 339M, peak: 349M
current process commit charge ("private bytes"): 483M, peak: 495M

vm_info: Java HotSpot(TM) 64-Bit Server VM (17.0.11+7-LTS-207) for windows-amd64 JRE (17.0.11+7-LTS-207), built on Mar 11 2024 19:01:50 by "mach5one" with MS VC++ 17.6 (VS2022)

END.
