#
# There is insufficient memory for the Java Runtime Environment to continue.
# Native memory allocation (malloc) failed to allocate 78256 bytes for Chunk::new
# Possible reasons:
#   The system is out of physical RAM or swap space
#   The process is running with CompressedOops enabled, and the Java Heap may be blocking the growth of the native heap
# Possible solutions:
#   Reduce memory load on the system
#   Increase physical memory or swap space
#   Check if swap backing store is full
#   Decrease Java heap size (-Xmx/-Xms)
#   Decrease number of Java threads
#   Decrease Java thread stack sizes (-Xss)
#   Set larger code cache with -XX:ReservedCodeCacheSize=
#   JVM is running with Unscaled Compressed Oops mode in which the Java heap is
#     placed in the first 4GB address space. The Java Heap base address is the
#     maximum limit for the native heap growth. Please use -XX:HeapBaseMinAddress
#     to set the Java Heap base and to place the Java Heap above 4GB virtual address.
# This output file may be truncated or incomplete.
#
#  Out of Memory Error (arena.cpp:197), pid=756, tid=8552
#
# JRE version: OpenJDK Runtime Environment Temurin-11.0.23+9 (11.0.23+9) (build 11.0.23+9)
# Java VM: OpenJDK 64-Bit Server VM Temurin-11.0.23+9 (11.0.23+9, mixed mode, tiered, compressed oops, g1 gc, windows-amd64)
# No core dump will be written. Minidumps are not enabled by default on client versions of Windows
#

---------------  S U M M A R Y ------------

Command Line: --module-path=C:\Users\marko\.gradle\caches\modules-2\files-2.1\org.openjfx\javafx-fxml\11\d5ff9262ef49d166db658d15f37e3ecff38fde4b\javafx-fxml-11-win.jar;C:\Users\marko\.gradle\caches\modules-2\files-2.1\org.openjfx\javafx-web\11\5c8a3b6cacde832437dff8e21a82749b5f66c1cf\javafx-web-11-win.jar;C:\Users\marko\.gradle\caches\modules-2\files-2.1\org.openjfx\javafx-controls\11\af8d24de44e16a19ae959028eb23a48c145fb682\javafx-controls-11-win.jar;C:\Users\marko\.gradle\caches\modules-2\files-2.1\org.openjfx\javafx-media\11\b7a33f3ff0cad17af71e883c0921bc6819cad9c8\javafx-media-11-win.jar;C:\Users\marko\.gradle\caches\modules-2\files-2.1\org.openjfx\javafx-graphics\11\9345c7ea43dbcc73a62eca5332717b4ce617e6c6\javafx-graphics-11-win.jar;C:\Users\marko\.gradle\caches\modules-2\files-2.1\org.openjfx\javafx-base\11\ad3a4acfaa28b484d30c40c1f009445cc3f6e68b\javafx-base-11-win.jar --add-modules=javafx.controls,javafx.fxml,javafx.web,javafx.graphics -Dfile.encoding=windows-1252 -Duser.country=IT -Duser.language=it -Duser.variant it.unibo.ctxbasicrobot.MainCtxbasicrobotKt

Host: Intel(R) Core(TM) i5-8250U CPU @ 1.60GHz, 8 cores, 7G,  Windows 10 , 64 bit Build 19041 (10.0.19041.3636)
Time: Thu May 23 16:18:00 2024 ora legale Europa occidentale elapsed time: 27.833548 seconds (0d 0h 0m 27s)

---------------  T H R E A D  ---------------

Current thread (0x000002bdf9038000):  JavaThread "C2 CompilerThread0" daemon [_thread_in_native, id=8552, stack(0x000000da99700000,0x000000da99800000)]


Current CompileTask:
C2:  27833 2742       4       java.lang.String::substring (58 bytes)

Stack: [0x000000da99700000,0x000000da99800000]
Native frames: (J=compiled Java code, j=interpreted, Vv=VM code, C=native code)
V  [jvm.dll+0x645caa]
V  [jvm.dll+0x7d9849]
V  [jvm.dll+0x7daf49]
V  [jvm.dll+0x7db633]
V  [jvm.dll+0x269845]
V  [jvm.dll+0xc1bfc]
V  [jvm.dll+0xc21ac]
V  [jvm.dll+0x379bd7]
V  [jvm.dll+0x344ad5]
V  [jvm.dll+0x343eaa]
V  [jvm.dll+0x2217ef]
V  [jvm.dll+0x2207f8]
V  [jvm.dll+0x19e5c1]
V  [jvm.dll+0x2308a9]
V  [jvm.dll+0x22ea1f]
V  [jvm.dll+0x79aa01]
V  [jvm.dll+0x7936d4]
V  [jvm.dll+0x644a65]
C  [ucrtbase.dll+0x21bb2]
C  [KERNEL32.DLL+0x17344]
C  [ntdll.dll+0x526b1]


---------------  P R O C E S S  ---------------

Threads class SMR info:
_java_thread_list=0x000002bdfc194410, length=32, elements={
0x000002bdf86af000, 0x000002bdf86b8800, 0x000002bdf902f800, 0x000002bdf9032000,
0x000002bdf9033000, 0x000002bdf9038000, 0x000002bdf9039800, 0x000002bdf9044800,
0x000002bdf8645800, 0x000002bdfa928800, 0x000002bdfa1a0000, 0x000002bdfbdaa000,
0x000002bdfa4c6800, 0x000002bdfc24b000, 0x000002bdfc249800, 0x000002bdfc24a000,
0x000002bdfc24c000, 0x000002bdfc248800, 0x000002bdfc24c800, 0x000002bdfc24d800,
0x000002bdfc24e800, 0x000002bdfc24f000, 0x000002bdfc000000, 0x000002bdfc004000,
0x000002bdfbfff000, 0x000002bdfc002800, 0x000002bdfc005000, 0x000002bdfc006000,
0x000002bdfc001800, 0x000002bdfc006800, 0x000002bdfc001000, 0x000002bdfc009000
}

Java Threads: ( => current thread )
  0x000002bdf86af000 JavaThread "Reference Handler" daemon [_thread_blocked, id=15608, stack(0x000000da99200000,0x000000da99300000)]
  0x000002bdf86b8800 JavaThread "Finalizer" daemon [_thread_blocked, id=7292, stack(0x000000da99300000,0x000000da99400000)]
  0x000002bdf902f800 JavaThread "Signal Dispatcher" daemon [_thread_blocked, id=14240, stack(0x000000da99400000,0x000000da99500000)]
  0x000002bdf9032000 JavaThread "Attach Listener" daemon [_thread_blocked, id=3240, stack(0x000000da99500000,0x000000da99600000)]
  0x000002bdf9033000 JavaThread "Service Thread" daemon [_thread_blocked, id=12148, stack(0x000000da99600000,0x000000da99700000)]
=>0x000002bdf9038000 JavaThread "C2 CompilerThread0" daemon [_thread_in_native, id=8552, stack(0x000000da99700000,0x000000da99800000)]
  0x000002bdf9039800 JavaThread "C1 CompilerThread0" daemon [_thread_blocked, id=1488, stack(0x000000da99800000,0x000000da99900000)]
  0x000002bdf9044800 JavaThread "Sweeper thread" daemon [_thread_blocked, id=16540, stack(0x000000da99900000,0x000000da99a00000)]
  0x000002bdf8645800 JavaThread "Common-Cleaner" daemon [_thread_blocked, id=15900, stack(0x000000da99a00000,0x000000da99b00000)]
  0x000002bdfa928800 JavaThread "qakcpuspool-1" daemon [_thread_blocked, id=16132, stack(0x000000da9a000000,0x000000da9a100000)]
  0x000002bdfa1a0000 JavaThread "qakcpuspool-2" daemon [_thread_blocked, id=7268, stack(0x000000da9a100000,0x000000da9a200000)]
  0x000002bdfbdaa000 JavaThread "DefaultDispatcher-worker-1" daemon [_thread_blocked, id=16872, stack(0x000000da9a200000,0x000000da9a300000)]
  0x000002bdfa4c6800 JavaThread "DefaultDispatcher-worker-2" daemon [_thread_blocked, id=10844, stack(0x000000da9a300000,0x000000da9a400000)]
  0x000002bdfc24b000 JavaThread "DefaultDispatcher-worker-3" daemon [_thread_blocked, id=1752, stack(0x000000da9a400000,0x000000da9a500000)]
  0x000002bdfc249800 JavaThread "qakcpuspool-3" daemon [_thread_blocked, id=6152, stack(0x000000da9a500000,0x000000da9a600000)]
  0x000002bdfc24a000 JavaThread "tcpSrv" daemon [_thread_in_native, id=12220, stack(0x000000da9a600000,0x000000da9a700000)]
  0x000002bdfc24c000 JavaThread "CoapServer(main)#1" [_thread_blocked, id=8812, stack(0x000000da99c00000,0x000000da99d00000)]
  0x000002bdfc248800 JavaThread "CoapServer(secondary)#1" [_thread_blocked, id=5172, stack(0x000000da9a700000,0x000000da9a800000)]
  0x000002bdfc24c800 JavaThread "CoapServer(secondary)#2" [_thread_blocked, id=13816, stack(0x000000da9a800000,0x000000da9a900000)]
  0x000002bdfc24d800 JavaThread "UDP-Receiver-0.0.0.0/0.0.0.0:8020[0]" daemon [_thread_in_native, id=16712, stack(0x000000da9a900000,0x000000da9aa00000)]
  0x000002bdfc24e800 JavaThread "UDP-Sender-0.0.0.0/0.0.0.0:8020[0]" daemon [_thread_blocked, id=4280, stack(0x000000da9aa00000,0x000000da9ab00000)]
  0x000002bdfc24f000 JavaThread "qakcpuspool-4" daemon [_thread_blocked, id=15680, stack(0x000000da9ac00000,0x000000da9ad00000)]
  0x000002bdfc000000 JavaThread "qakcpuspool-5" daemon [_thread_blocked, id=10832, stack(0x000000da9ad00000,0x000000da9ae00000)]
  0x000002bdfc004000 JavaThread "qakcpuspool-6" daemon [_thread_blocked, id=10800, stack(0x000000da9ae00000,0x000000da9af00000)]
  0x000002bdfbfff000 JavaThread "qakcpuspool-7" daemon [_thread_blocked, id=6356, stack(0x000000da9af00000,0x000000da9b000000)]
  0x000002bdfc002800 JavaThread "qakcpuspool-8" daemon [_thread_blocked, id=2656, stack(0x000000da9b000000,0x000000da9b100000)]
  0x000002bdfc005000 JavaThread "DestroyJavaVM" [_thread_blocked, id=15788, stack(0x000000da98b00000,0x000000da98c00000)]
  0x000002bdfc006000 JavaThread "Grizzly(1) SelectorRunner" daemon [_thread_in_native, id=11536, stack(0x000000da9b700000,0x000000da9b800000)]
  0x000002bdfc001800 JavaThread "Grizzly(1)" daemon [_thread_blocked, id=7160, stack(0x000000da9b800000,0x000000da9b900000)]
  0x000002bdfc006800 JavaThread "Grizzly(2)" daemon [_thread_blocked, id=13160, stack(0x000000da9b900000,0x000000da9ba00000)]
  0x000002bdfc001000 JavaThread "MQTT Reconnect: basicrobot" daemon [_thread_blocked, id=8208, stack(0x000000da99b00000,0x000000da99c00000)]
  0x000002bdfc009000 JavaThread "MQTT Con: basicrobot" daemon [_thread_in_native, id=12424, stack(0x000000da9b600000,0x000000da9b700000)]

Other Threads:
  0x000002bdf86ac800 VMThread "VM Thread" [stack: 0x000000da99100000,0x000000da99200000] [id=7336]
  0x000002bdf9515000 WatcherThread [stack: 0x000000da99d00000,0x000000da99e00000] [id=8444]
  0x000002bdd96bb800 GCTaskThread "GC Thread#0" [stack: 0x000000da98c00000,0x000000da98d00000] [id=13192]
  0x000002bdfa103800 GCTaskThread "GC Thread#1" [stack: 0x000000da99e00000,0x000000da99f00000] [id=10744]
  0x000002bdfa08c800 GCTaskThread "GC Thread#2" [stack: 0x000000da99f00000,0x000000da9a000000] [id=2908]
  0x000002bdfc010800 GCTaskThread "GC Thread#3" [stack: 0x000000da9ab00000,0x000000da9ac00000] [id=14972]
  0x000002bdfc011800 GCTaskThread "GC Thread#4" [stack: 0x000000da9b100000,0x000000da9b200000] [id=3104]
  0x000002bdfc013800 GCTaskThread "GC Thread#5" [stack: 0x000000da9b200000,0x000000da9b300000] [id=13848]
  0x000002bdfc013000 GCTaskThread "GC Thread#6" [stack: 0x000000da9b300000,0x000000da9b400000] [id=7460]
  0x000002bdfc010000 GCTaskThread "GC Thread#7" [stack: 0x000000da9b400000,0x000000da9b500000] [id=12192]
  0x000002bdd96eb800 ConcurrentGCThread "G1 Main Marker" [stack: 0x000000da98d00000,0x000000da98e00000] [id=15872]
  0x000002bdd96ef000 ConcurrentGCThread "G1 Conc#0" [stack: 0x000000da98e00000,0x000000da98f00000] [id=1796]
  0x000002bdfc014800 ConcurrentGCThread "G1 Conc#1" [stack: 0x000000da9b500000,0x000000da9b600000] [id=1448]
  0x000002bdf84f2800 ConcurrentGCThread "G1 Refine#0" [stack: 0x000000da98f00000,0x000000da99000000] [id=9444]
  0x000002bdf84f3000 ConcurrentGCThread "G1 Young RemSet Sampling" [stack: 0x000000da99000000,0x000000da99100000] [id=2324]

Threads with active compile tasks:
C2 CompilerThread0    27875 2742       4       java.lang.String::substring (58 bytes)

VM state:not at safepoint (normal execution)

VM Mutex/Monitor currently owned by a thread: None

Heap address: 0x0000000082000000, size: 2016 MB, Compressed Oops mode: 32-bit
Narrow klass base: 0x0000000000000000, Narrow klass shift: 3
Compressed class space size: 1073741824 Address: 0x0000000100000000

Heap:
 garbage-first heap   total 129024K, used 66515K [0x0000000082000000, 0x0000000100000000)
  region size 1024K, 55 young (56320K), 9 survivors (9216K)
 Metaspace       used 30431K, capacity 30978K, committed 31100K, reserved 1077248K
  class space    used 3225K, capacity 3445K, committed 3532K, reserved 1048576K
Heap Regions: E=young(eden), S=young(survivor), O=old, HS=humongous(starts), HC=humongous(continues), CS=collection set, F=free, A=archive, TAMS=top-at-mark-start (previous, next)
|   0|0x0000000082000000, 0x0000000082100000, 0x0000000082100000|100%|HS|  |TAMS 0x0000000082100000, 0x0000000082000000| Complete 
|   1|0x0000000082100000, 0x0000000082200000, 0x0000000082200000|100%|HC|  |TAMS 0x0000000082200000, 0x0000000082100000| Complete 
|   2|0x0000000082200000, 0x0000000082300000, 0x0000000082300000|100%|HC|  |TAMS 0x0000000082300000, 0x0000000082200000| Complete 
|   3|0x0000000082300000, 0x0000000082400000, 0x0000000082400000|100%|HC|  |TAMS 0x0000000082400000, 0x0000000082300000| Complete 
|   4|0x0000000082400000, 0x0000000082500000, 0x0000000082500000|100%|HC|  |TAMS 0x0000000082500000, 0x0000000082400000| Complete 
|   5|0x0000000082500000, 0x0000000082600000, 0x0000000082600000|100%|HC|  |TAMS 0x0000000082600000, 0x0000000082500000| Complete 
|   6|0x0000000082600000, 0x0000000082700000, 0x0000000082700000|100%|HC|  |TAMS 0x0000000082700000, 0x0000000082600000| Complete 
|   7|0x0000000082700000, 0x0000000082800000, 0x0000000082800000|100%|HC|  |TAMS 0x0000000082800000, 0x0000000082700000| Complete 
|   8|0x0000000082800000, 0x0000000082900000, 0x0000000082900000|100%|HC|  |TAMS 0x0000000082900000, 0x0000000082800000| Complete 
|   9|0x0000000082900000, 0x0000000082a00000, 0x0000000082a00000|100%|HS|  |TAMS 0x0000000082a00000, 0x0000000082900000| Complete 
|  10|0x0000000082a00000, 0x0000000082b00000, 0x0000000082b00000|100%| O|  |TAMS 0x0000000082b00000, 0x0000000082a00000| Untracked 
|  11|0x0000000082b00000, 0x0000000082c00000, 0x0000000082c00000|100%| O|  |TAMS 0x0000000082c00000, 0x0000000082b00000| Untracked 
|  12|0x0000000082c00000, 0x0000000082cdc400, 0x0000000082d00000| 86%| O|  |TAMS 0x0000000082cdc400, 0x0000000082c00000| Untracked 
|  13|0x0000000082d00000, 0x0000000082d00000, 0x0000000082e00000|  0%| F|  |TAMS 0x0000000082d00000, 0x0000000082d00000| Untracked 
|  14|0x0000000082e00000, 0x0000000082e00000, 0x0000000082f00000|  0%| F|  |TAMS 0x0000000082e00000, 0x0000000082e00000| Untracked 
|  15|0x0000000082f00000, 0x0000000082f00000, 0x0000000083000000|  0%| F|  |TAMS 0x0000000082f00000, 0x0000000082f00000| Untracked 
|  16|0x0000000083000000, 0x0000000083000000, 0x0000000083100000|  0%| F|  |TAMS 0x0000000083000000, 0x0000000083000000| Untracked 
|  17|0x0000000083100000, 0x0000000083100000, 0x0000000083200000|  0%| F|  |TAMS 0x0000000083100000, 0x0000000083100000| Untracked 
|  18|0x0000000083200000, 0x0000000083200000, 0x0000000083300000|  0%| F|  |TAMS 0x0000000083200000, 0x0000000083200000| Untracked 
|  19|0x0000000083300000, 0x0000000083300000, 0x0000000083400000|  0%| F|  |TAMS 0x0000000083300000, 0x0000000083300000| Untracked 
|  20|0x0000000083400000, 0x0000000083400000, 0x0000000083500000|  0%| F|  |TAMS 0x0000000083400000, 0x0000000083400000| Untracked 
|  21|0x0000000083500000, 0x0000000083500000, 0x0000000083600000|  0%| F|  |TAMS 0x0000000083500000, 0x0000000083500000| Untracked 
|  22|0x0000000083600000, 0x0000000083600000, 0x0000000083700000|  0%| F|  |TAMS 0x0000000083600000, 0x0000000083600000| Untracked 
|  23|0x0000000083700000, 0x0000000083700000, 0x0000000083800000|  0%| F|  |TAMS 0x0000000083700000, 0x0000000083700000| Untracked 
|  24|0x0000000083800000, 0x0000000083800000, 0x0000000083900000|  0%| F|  |TAMS 0x0000000083800000, 0x0000000083800000| Untracked 
|  25|0x0000000083900000, 0x0000000083900000, 0x0000000083a00000|  0%| F|  |TAMS 0x0000000083900000, 0x0000000083900000| Untracked 
|  26|0x0000000083a00000, 0x0000000083a00000, 0x0000000083b00000|  0%| F|  |TAMS 0x0000000083a00000, 0x0000000083a00000| Untracked 
|  27|0x0000000083b00000, 0x0000000083b00000, 0x0000000083c00000|  0%| F|  |TAMS 0x0000000083b00000, 0x0000000083b00000| Untracked 
|  28|0x0000000083c00000, 0x0000000083c00000, 0x0000000083d00000|  0%| F|  |TAMS 0x0000000083c00000, 0x0000000083c00000| Untracked 
|  29|0x0000000083d00000, 0x0000000083d00000, 0x0000000083e00000|  0%| F|  |TAMS 0x0000000083d00000, 0x0000000083d00000| Untracked 
|  30|0x0000000083e00000, 0x0000000083e00000, 0x0000000083f00000|  0%| F|  |TAMS 0x0000000083e00000, 0x0000000083e00000| Untracked 
|  31|0x0000000083f00000, 0x0000000083f00000, 0x0000000084000000|  0%| F|  |TAMS 0x0000000083f00000, 0x0000000083f00000| Untracked 
|  32|0x0000000084000000, 0x0000000084000000, 0x0000000084100000|  0%| F|  |TAMS 0x0000000084000000, 0x0000000084000000| Untracked 
|  33|0x0000000084100000, 0x0000000084100000, 0x0000000084200000|  0%| F|  |TAMS 0x0000000084100000, 0x0000000084100000| Untracked 
|  34|0x0000000084200000, 0x0000000084200000, 0x0000000084300000|  0%| F|  |TAMS 0x0000000084200000, 0x0000000084200000| Untracked 
|  35|0x0000000084300000, 0x0000000084300000, 0x0000000084400000|  0%| F|  |TAMS 0x0000000084300000, 0x0000000084300000| Untracked 
|  36|0x0000000084400000, 0x0000000084400000, 0x0000000084500000|  0%| F|  |TAMS 0x0000000084400000, 0x0000000084400000| Untracked 
|  37|0x0000000084500000, 0x0000000084500000, 0x0000000084600000|  0%| F|  |TAMS 0x0000000084500000, 0x0000000084500000| Untracked 
|  38|0x0000000084600000, 0x0000000084600000, 0x0000000084700000|  0%| F|  |TAMS 0x0000000084600000, 0x0000000084600000| Untracked 
|  39|0x0000000084700000, 0x0000000084700000, 0x0000000084800000|  0%| F|  |TAMS 0x0000000084700000, 0x0000000084700000| Untracked 
|  40|0x0000000084800000, 0x0000000084800000, 0x0000000084900000|  0%| F|  |TAMS 0x0000000084800000, 0x0000000084800000| Untracked 
|  41|0x0000000084900000, 0x0000000084900000, 0x0000000084a00000|  0%| F|  |TAMS 0x0000000084900000, 0x0000000084900000| Untracked 
|  42|0x0000000084a00000, 0x0000000084a00000, 0x0000000084b00000|  0%| F|  |TAMS 0x0000000084a00000, 0x0000000084a00000| Untracked 
|  43|0x0000000084b00000, 0x0000000084b00000, 0x0000000084c00000|  0%| F|  |TAMS 0x0000000084b00000, 0x0000000084b00000| Untracked 
|  44|0x0000000084c00000, 0x0000000084c00000, 0x0000000084d00000|  0%| F|  |TAMS 0x0000000084c00000, 0x0000000084c00000| Untracked 
|  45|0x0000000084d00000, 0x0000000084d00000, 0x0000000084e00000|  0%| F|  |TAMS 0x0000000084d00000, 0x0000000084d00000| Untracked 
|  46|0x0000000084e00000, 0x0000000084e18bc0, 0x0000000084f00000|  9%| S|CS|TAMS 0x0000000084e00000, 0x0000000084e00000| Complete 
|  47|0x0000000084f00000, 0x0000000085000000, 0x0000000085000000|100%| S|CS|TAMS 0x0000000084f00000, 0x0000000084f00000| Complete 
|  48|0x0000000085000000, 0x0000000085100000, 0x0000000085100000|100%| S|CS|TAMS 0x0000000085000000, 0x0000000085000000| Complete 
|  49|0x0000000085100000, 0x0000000085200000, 0x0000000085200000|100%| S|CS|TAMS 0x0000000085100000, 0x0000000085100000| Complete 
|  50|0x0000000085200000, 0x0000000085300000, 0x0000000085300000|100%| S|CS|TAMS 0x0000000085200000, 0x0000000085200000| Complete 
|  51|0x0000000085300000, 0x0000000085400000, 0x0000000085400000|100%| S|CS|TAMS 0x0000000085300000, 0x0000000085300000| Complete 
|  52|0x0000000085400000, 0x0000000085500000, 0x0000000085500000|100%| S|CS|TAMS 0x0000000085400000, 0x0000000085400000| Complete 
|  53|0x0000000085500000, 0x0000000085600000, 0x0000000085600000|100%| S|CS|TAMS 0x0000000085500000, 0x0000000085500000| Complete 
|  54|0x0000000085600000, 0x0000000085700000, 0x0000000085700000|100%| S|CS|TAMS 0x0000000085600000, 0x0000000085600000| Complete 
|  55|0x0000000085700000, 0x0000000085700000, 0x0000000085800000|  0%| F|  |TAMS 0x0000000085700000, 0x0000000085700000| Untracked 
|  56|0x0000000085800000, 0x0000000085800000, 0x0000000085900000|  0%| F|  |TAMS 0x0000000085800000, 0x0000000085800000| Untracked 
|  57|0x0000000085900000, 0x0000000085900000, 0x0000000085a00000|  0%| F|  |TAMS 0x0000000085900000, 0x0000000085900000| Untracked 
|  58|0x0000000085a00000, 0x0000000085a00000, 0x0000000085b00000|  0%| F|  |TAMS 0x0000000085a00000, 0x0000000085a00000| Untracked 
|  59|0x0000000085b00000, 0x0000000085b00000, 0x0000000085c00000|  0%| F|  |TAMS 0x0000000085b00000, 0x0000000085b00000| Untracked 
|  60|0x0000000085c00000, 0x0000000085c00000, 0x0000000085d00000|  0%| F|  |TAMS 0x0000000085c00000, 0x0000000085c00000| Untracked 
|  61|0x0000000085d00000, 0x0000000085d00000, 0x0000000085e00000|  0%| F|  |TAMS 0x0000000085d00000, 0x0000000085d00000| Untracked 
|  62|0x0000000085e00000, 0x0000000085e00000, 0x0000000085f00000|  0%| F|  |TAMS 0x0000000085e00000, 0x0000000085e00000| Untracked 
|  63|0x0000000085f00000, 0x0000000085f00000, 0x0000000086000000|  0%| F|  |TAMS 0x0000000085f00000, 0x0000000085f00000| Untracked 
|  64|0x0000000086000000, 0x0000000086000000, 0x0000000086100000|  0%| F|  |TAMS 0x0000000086000000, 0x0000000086000000| Untracked 
|  65|0x0000000086100000, 0x0000000086100000, 0x0000000086200000|  0%| F|  |TAMS 0x0000000086100000, 0x0000000086100000| Untracked 
|  66|0x0000000086200000, 0x0000000086200000, 0x0000000086300000|  0%| F|  |TAMS 0x0000000086200000, 0x0000000086200000| Untracked 
|  67|0x0000000086300000, 0x0000000086300000, 0x0000000086400000|  0%| F|  |TAMS 0x0000000086300000, 0x0000000086300000| Untracked 
|  68|0x0000000086400000, 0x0000000086400000, 0x0000000086500000|  0%| F|  |TAMS 0x0000000086400000, 0x0000000086400000| Untracked 
|  69|0x0000000086500000, 0x0000000086500000, 0x0000000086600000|  0%| F|  |TAMS 0x0000000086500000, 0x0000000086500000| Untracked 
|  70|0x0000000086600000, 0x0000000086600000, 0x0000000086700000|  0%| F|  |TAMS 0x0000000086600000, 0x0000000086600000| Untracked 
|  71|0x0000000086700000, 0x0000000086700000, 0x0000000086800000|  0%| F|  |TAMS 0x0000000086700000, 0x0000000086700000| Untracked 
|  72|0x0000000086800000, 0x0000000086800000, 0x0000000086900000|  0%| F|  |TAMS 0x0000000086800000, 0x0000000086800000| Untracked 
|  73|0x0000000086900000, 0x0000000086900000, 0x0000000086a00000|  0%| F|  |TAMS 0x0000000086900000, 0x0000000086900000| Untracked 
|  74|0x0000000086a00000, 0x0000000086a00000, 0x0000000086b00000|  0%| F|  |TAMS 0x0000000086a00000, 0x0000000086a00000| Untracked 
|  75|0x0000000086b00000, 0x0000000086b00000, 0x0000000086c00000|  0%| F|  |TAMS 0x0000000086b00000, 0x0000000086b00000| Untracked 
|  76|0x0000000086c00000, 0x0000000086c00000, 0x0000000086d00000|  0%| F|  |TAMS 0x0000000086c00000, 0x0000000086c00000| Untracked 
|  77|0x0000000086d00000, 0x0000000086d00000, 0x0000000086e00000|  0%| F|  |TAMS 0x0000000086d00000, 0x0000000086d00000| Untracked 
|  78|0x0000000086e00000, 0x0000000086e00000, 0x0000000086f00000|  0%| F|  |TAMS 0x0000000086e00000, 0x0000000086e00000| Untracked 
|  79|0x0000000086f00000, 0x0000000086f00000, 0x0000000087000000|  0%| F|  |TAMS 0x0000000086f00000, 0x0000000086f00000| Untracked 
|  80|0x0000000087000000, 0x000000008702d0c0, 0x0000000087100000| 17%| E|  |TAMS 0x0000000087000000, 0x0000000087000000| Complete 
|  81|0x0000000087100000, 0x0000000087200000, 0x0000000087200000|100%| E|CS|TAMS 0x0000000087100000, 0x0000000087100000| Complete 
|  82|0x0000000087200000, 0x0000000087300000, 0x0000000087300000|100%| E|CS|TAMS 0x0000000087200000, 0x0000000087200000| Complete 
|  83|0x0000000087300000, 0x0000000087400000, 0x0000000087400000|100%| E|CS|TAMS 0x0000000087300000, 0x0000000087300000| Complete 
|  84|0x0000000087400000, 0x0000000087500000, 0x0000000087500000|100%| E|CS|TAMS 0x0000000087400000, 0x0000000087400000| Complete 
|  85|0x0000000087500000, 0x0000000087600000, 0x0000000087600000|100%| E|CS|TAMS 0x0000000087500000, 0x0000000087500000| Complete 
|  86|0x0000000087600000, 0x0000000087700000, 0x0000000087700000|100%| E|CS|TAMS 0x0000000087600000, 0x0000000087600000| Complete 
|  87|0x0000000087700000, 0x0000000087800000, 0x0000000087800000|100%| E|CS|TAMS 0x0000000087700000, 0x0000000087700000| Complete 
|  88|0x0000000087800000, 0x0000000087900000, 0x0000000087900000|100%| E|CS|TAMS 0x0000000087800000, 0x0000000087800000| Complete 
|  89|0x0000000087900000, 0x0000000087a00000, 0x0000000087a00000|100%| E|CS|TAMS 0x0000000087900000, 0x0000000087900000| Complete 
|  90|0x0000000087a00000, 0x0000000087b00000, 0x0000000087b00000|100%| E|CS|TAMS 0x0000000087a00000, 0x0000000087a00000| Complete 
|  91|0x0000000087b00000, 0x0000000087c00000, 0x0000000087c00000|100%| E|CS|TAMS 0x0000000087b00000, 0x0000000087b00000| Complete 
|  92|0x0000000087c00000, 0x0000000087d00000, 0x0000000087d00000|100%| E|CS|TAMS 0x0000000087c00000, 0x0000000087c00000| Complete 
|  93|0x0000000087d00000, 0x0000000087e00000, 0x0000000087e00000|100%| E|CS|TAMS 0x0000000087d00000, 0x0000000087d00000| Complete 
|  94|0x0000000087e00000, 0x0000000087f00000, 0x0000000087f00000|100%| E|  |TAMS 0x0000000087e00000, 0x0000000087e00000| Complete 
|  95|0x0000000087f00000, 0x0000000088000000, 0x0000000088000000|100%| E|CS|TAMS 0x0000000087f00000, 0x0000000087f00000| Complete 
|  96|0x0000000088000000, 0x0000000088100000, 0x0000000088100000|100%| E|CS|TAMS 0x0000000088000000, 0x0000000088000000| Complete 
|  97|0x0000000088100000, 0x0000000088200000, 0x0000000088200000|100%| E|CS|TAMS 0x0000000088100000, 0x0000000088100000| Complete 
|  98|0x0000000088200000, 0x0000000088300000, 0x0000000088300000|100%| E|CS|TAMS 0x0000000088200000, 0x0000000088200000| Complete 
|  99|0x0000000088300000, 0x0000000088400000, 0x0000000088400000|100%| E|CS|TAMS 0x0000000088300000, 0x0000000088300000| Complete 
| 100|0x0000000088400000, 0x0000000088500000, 0x0000000088500000|100%| E|CS|TAMS 0x0000000088400000, 0x0000000088400000| Complete 
| 101|0x0000000088500000, 0x0000000088600000, 0x0000000088600000|100%| E|CS|TAMS 0x0000000088500000, 0x0000000088500000| Complete 
| 102|0x0000000088600000, 0x0000000088700000, 0x0000000088700000|100%| E|CS|TAMS 0x0000000088600000, 0x0000000088600000| Complete 
| 103|0x0000000088700000, 0x0000000088800000, 0x0000000088800000|100%| E|CS|TAMS 0x0000000088700000, 0x0000000088700000| Complete 
| 104|0x0000000088800000, 0x0000000088900000, 0x0000000088900000|100%| E|CS|TAMS 0x0000000088800000, 0x0000000088800000| Complete 
| 105|0x0000000088900000, 0x0000000088a00000, 0x0000000088a00000|100%| E|CS|TAMS 0x0000000088900000, 0x0000000088900000| Complete 
| 106|0x0000000088a00000, 0x0000000088b00000, 0x0000000088b00000|100%| E|CS|TAMS 0x0000000088a00000, 0x0000000088a00000| Complete 
| 107|0x0000000088b00000, 0x0000000088c00000, 0x0000000088c00000|100%| E|CS|TAMS 0x0000000088b00000, 0x0000000088b00000| Complete 
| 108|0x0000000088c00000, 0x0000000088d00000, 0x0000000088d00000|100%| E|CS|TAMS 0x0000000088c00000, 0x0000000088c00000| Complete 
| 109|0x0000000088d00000, 0x0000000088e00000, 0x0000000088e00000|100%| E|CS|TAMS 0x0000000088d00000, 0x0000000088d00000| Complete 
| 110|0x0000000088e00000, 0x0000000088f00000, 0x0000000088f00000|100%| E|CS|TAMS 0x0000000088e00000, 0x0000000088e00000| Complete 
| 111|0x0000000088f00000, 0x0000000089000000, 0x0000000089000000|100%| E|CS|TAMS 0x0000000088f00000, 0x0000000088f00000| Complete 
| 112|0x0000000089000000, 0x0000000089100000, 0x0000000089100000|100%| E|CS|TAMS 0x0000000089000000, 0x0000000089000000| Complete 
| 113|0x0000000089100000, 0x0000000089200000, 0x0000000089200000|100%| E|CS|TAMS 0x0000000089100000, 0x0000000089100000| Complete 
| 114|0x0000000089200000, 0x0000000089300000, 0x0000000089300000|100%| E|CS|TAMS 0x0000000089200000, 0x0000000089200000| Complete 
| 115|0x0000000089300000, 0x0000000089400000, 0x0000000089400000|100%| E|CS|TAMS 0x0000000089300000, 0x0000000089300000| Complete 
| 116|0x0000000089400000, 0x0000000089500000, 0x0000000089500000|100%| E|CS|TAMS 0x0000000089400000, 0x0000000089400000| Complete 
| 117|0x0000000089500000, 0x0000000089600000, 0x0000000089600000|100%| E|CS|TAMS 0x0000000089500000, 0x0000000089500000| Complete 
| 118|0x0000000089600000, 0x0000000089700000, 0x0000000089700000|100%| E|CS|TAMS 0x0000000089600000, 0x0000000089600000| Complete 
| 119|0x0000000089700000, 0x0000000089800000, 0x0000000089800000|100%| E|CS|TAMS 0x0000000089700000, 0x0000000089700000| Complete 
| 120|0x0000000089800000, 0x0000000089900000, 0x0000000089900000|100%| E|CS|TAMS 0x0000000089800000, 0x0000000089800000| Complete 
| 121|0x0000000089900000, 0x0000000089a00000, 0x0000000089a00000|100%| E|CS|TAMS 0x0000000089900000, 0x0000000089900000| Complete 
| 122|0x0000000089a00000, 0x0000000089b00000, 0x0000000089b00000|100%| E|CS|TAMS 0x0000000089a00000, 0x0000000089a00000| Complete 
| 123|0x0000000089b00000, 0x0000000089c00000, 0x0000000089c00000|100%| E|CS|TAMS 0x0000000089b00000, 0x0000000089b00000| Complete 
| 124|0x0000000089c00000, 0x0000000089d00000, 0x0000000089d00000|100%| E|CS|TAMS 0x0000000089c00000, 0x0000000089c00000| Complete 
| 125|0x0000000089d00000, 0x0000000089e00000, 0x0000000089e00000|100%| E|CS|TAMS 0x0000000089d00000, 0x0000000089d00000| Complete 

Card table byte_map: [0x000002bdf1560000,0x000002bdf1950000] _byte_map_base: 0x000002bdf1150000

Marking Bits (Prev, Next): (CMBitMap*) 0x000002bdd96e2ca0, (CMBitMap*) 0x000002bdd96e2c68
 Prev Bits: [0x000002bdf3cc0000, 0x000002bdf5c40000)
 Next Bits: [0x000002bdf1d40000, 0x000002bdf3cc0000)

Polling page: 0x000002bdd75f0000

Metaspace:

Usage:
  Non-class:     26.89 MB capacity,    26.57 MB ( 99%) used,   261.08 KB ( <1%) free+waste,    65.56 KB ( <1%) overhead. 
      Class:      3.36 MB capacity,     3.15 MB ( 94%) used,   189.85 KB (  6%) free+waste,    29.81 KB ( <1%) overhead. 
       Both:     30.25 MB capacity,    29.72 MB ( 98%) used,   450.93 KB (  1%) free+waste,    95.38 KB ( <1%) overhead. 

Virtual space:
  Non-class space:       28.00 MB reserved,      26.92 MB ( 96%) committed 
      Class space:        1.00 GB reserved,       3.45 MB ( <1%) committed 
             Both:        1.03 GB reserved,      30.37 MB (  3%) committed 

Chunk freelists:
   Non-Class:  35.00 KB
       Class:  11.00 KB
        Both:  46.00 KB

MaxMetaspaceSize: 17179869184.00 GB
CompressedClassSpaceSize: 1.00 GB
Initial GC threshold: 20.80 MB
Current GC threshold: 35.20 MB
CDS: off

CodeHeap 'non-profiled nmethods': size=120000Kb used=1583Kb max_used=1583Kb free=118416Kb
 bounds [0x000002bde9900000, 0x000002bde9b70000, 0x000002bdf0e30000]
CodeHeap 'profiled nmethods': size=120000Kb used=5516Kb max_used=5516Kb free=114484Kb
 bounds [0x000002bde23d0000, 0x000002bde2940000, 0x000002bde9900000]
CodeHeap 'non-nmethods': size=5760Kb used=1253Kb max_used=1273Kb free=4506Kb
 bounds [0x000002bde1e30000, 0x000002bde20a0000, 0x000002bde23d0000]
 total_blobs=3262 nmethods=2724 adapters=450
 compilation: enabled
              stopped_count=0, restarted_count=0
 full_count=0

Compilation events (20 events):
Event: 27.786 Thread 0x000002bdf9039800 2732       3       java.util.Collections$UnmodifiableList::<init> (11 bytes)
Event: 27.786 Thread 0x000002bdf9038000 nmethod 2735 0x000002bde9a8b390 code [0x000002bde9a8b520, 0x000002bde9a8b5b8]
Event: 27.786 Thread 0x000002bdf9039800 nmethod 2732 0x000002bde2929e10 code [0x000002bde2929fe0, 0x000002bde292a348]
Event: 27.786 Thread 0x000002bdf9039800 2734       1       sun.security.util.ECKeySizeParameterSpec::getKeySize (5 bytes)
Event: 27.786 Thread 0x000002bdf9039800 nmethod 2734 0x000002bde9a8b690 code [0x000002bde9a8b840, 0x000002bde9a8b8f8]
Event: 27.821 Thread 0x000002bdf9039800 2736       3       sun.security.ssl.Utilities::swap (15 bytes)
Event: 27.821 Thread 0x000002bdf9039800 nmethod 2736 0x000002bde292a490 code [0x000002bde292a640, 0x000002bde292a778]
Event: 27.821 Thread 0x000002bdf9039800 2738       3       java.math.MutableBigInteger::compare (106 bytes)
Event: 27.821 Thread 0x000002bdf9039800 nmethod 2738 0x000002bde292a890 code [0x000002bde292aa60, 0x000002bde292add8]
Event: 27.821 Thread 0x000002bdf9039800 2737       3       sun.security.ec.XDHPublicKeyImpl::swap (15 bytes)
Event: 27.822 Thread 0x000002bdf9039800 nmethod 2737 0x000002bde292af90 code [0x000002bde292b140, 0x000002bde292b278]
Event: 27.822 Thread 0x000002bdf9039800 2739       3       sun.security.jca.ProviderList$ServiceList::<init> (40 bytes)
Event: 27.822 Thread 0x000002bdf9039800 nmethod 2739 0x000002bde292b390 code [0x000002bde292b560, 0x000002bde292b8f8]
Event: 27.822 Thread 0x000002bdf9039800 2740       3       com.sun.crypto.provider.HmacCore::engineReset (20 bytes)
Event: 27.822 Thread 0x000002bdf9039800 nmethod 2740 0x000002bde292ba10 code [0x000002bde292bbe0, 0x000002bde292bec8]
Event: 27.822 Thread 0x000002bdf9039800 2741       3       java.nio.ByteBuffer::wrap (8 bytes)
Event: 27.823 Thread 0x000002bdf9039800 nmethod 2741 0x000002bde292c010 code [0x000002bde292c200, 0x000002bde292c578]
Event: 27.824 Thread 0x000002bdf9038000 2742       4       java.lang.String::substring (58 bytes)
Event: 27.825 Thread 0x000002bdf9039800 2744       1       sun.security.rsa.RSAPublicKeyImpl::getModulus (5 bytes)
Event: 27.825 Thread 0x000002bdf9039800 nmethod 2744 0x000002bde9a8b990 code [0x000002bde9a8bb40, 0x000002bde9a8bbf8]

GC Heap History (4 events):
Event: 1.091 GC heap before
{Heap before GC invocations=0 (full 0):
 garbage-first heap   total 129024K, used 33792K [0x0000000082000000, 0x0000000100000000)
  region size 1024K, 24 young (24576K), 0 survivors (0K)
 Metaspace       used 12054K, capacity 12181K, committed 12416K, reserved 1060864K
  class space    used 1086K, capacity 1143K, committed 1152K, reserved 1048576K
}
Event: 1.101 GC heap after
{Heap after GC invocations=1 (full 0):
 garbage-first heap   total 129024K, used 16241K [0x0000000082000000, 0x0000000100000000)
  region size 1024K, 3 young (3072K), 3 survivors (3072K)
 Metaspace       used 12054K, capacity 12181K, committed 12416K, reserved 1060864K
  class space    used 1086K, capacity 1143K, committed 1152K, reserved 1048576K
}
Event: 5.190 GC heap before
{Heap before GC invocations=1 (full 0):
 garbage-first heap   total 129024K, used 85873K [0x0000000082000000, 0x0000000100000000)
  region size 1024K, 71 young (72704K), 3 survivors (3072K)
 Metaspace       used 20877K, capacity 21179K, committed 21296K, reserved 1069056K
  class space    used 2036K, capacity 2162K, committed 2176K, reserved 1048576K
}
Event: 5.208 GC heap after
{Heap after GC invocations=2 (full 0):
 garbage-first heap   total 129024K, used 21459K [0x0000000082000000, 0x0000000100000000)
  region size 1024K, 9 young (9216K), 9 survivors (9216K)
 Metaspace       used 20877K, capacity 21179K, committed 21296K, reserved 1069056K
  class space    used 2036K, capacity 2162K, committed 2176K, reserved 1048576K
}

Deoptimization events (20 events):
Event: 6.082 Thread 0x000002bdfc003800 DEOPT PACKING pc=0x000002bde994ec14 sp=0x000000da9bbfde10
Event: 6.082 Thread 0x000002bdfc003800 DEOPT UNPACKING pc=0x000002bde1e7a1af sp=0x000000da9bbfdd90 mode 2
Event: 6.571 Thread 0x000002bdfc00c800 Uncommon trap: trap_request=0xffffff4d fr.pc=0x000002bde9a46e54 relative=0x0000000000000234
Event: 6.572 Thread 0x000002bdfc00c800 Uncommon trap: reason=unstable_if action=reinterpret pc=0x000002bde9a46e54 method=java.io.ByteArrayInputStream.read()I @ 8 c2
Event: 6.572 Thread 0x000002bdfc00c800 DEOPT PACKING pc=0x000002bde9a46e54 sp=0x000000da9bdfee40
Event: 6.572 Thread 0x000002bdfc00c800 DEOPT UNPACKING pc=0x000002bde1e7a1af sp=0x000000da9bdfedf8 mode 2
Event: 12.231 Thread 0x000002bdfc001000 DEOPT PACKING pc=0x000002bde28911bb sp=0x000000da9b6fe5f0
Event: 12.231 Thread 0x000002bdfc001000 DEOPT UNPACKING pc=0x000002bde1e7a95e sp=0x000000da9b6fda88 mode 0
Event: 12.233 Thread 0x000002bdfc001000 DEOPT PACKING pc=0x000002bde286d50e sp=0x000000da9b6fe770
Event: 12.233 Thread 0x000002bdfc001000 DEOPT UNPACKING pc=0x000002bde1e7a95e sp=0x000000da9b6fdba0 mode 0
Event: 12.233 Thread 0x000002bdfc001000 DEOPT PACKING pc=0x000002bde286d4db sp=0x000000da9b6fe770
Event: 12.233 Thread 0x000002bdfc001000 DEOPT UNPACKING pc=0x000002bde1e7a95e sp=0x000000da9b6fdba0 mode 0
Event: 12.233 Thread 0x000002bdfc001000 DEOPT PACKING pc=0x000002bde286d50e sp=0x000000da9b6fe770
Event: 12.233 Thread 0x000002bdfc001000 DEOPT UNPACKING pc=0x000002bde1e7a95e sp=0x000000da9b6fdba0 mode 0
Event: 12.245 Thread 0x000002bdfc001000 DEOPT PACKING pc=0x000002bde250aba9 sp=0x000000da9b6fe650
Event: 12.245 Thread 0x000002bdfc001000 DEOPT UNPACKING pc=0x000002bde1e7a95e sp=0x000000da9b6fdad0 mode 0
Event: 20.474 Thread 0x000002bdfc009000 DEOPT PACKING pc=0x000002bde26bc7ca sp=0x000000da9bcfe890
Event: 20.474 Thread 0x000002bdfc009000 DEOPT UNPACKING pc=0x000002bde1e7a95e sp=0x000000da9bcfdcc8 mode 0
Event: 22.026 Thread 0x000002bdfc009000 DEOPT PACKING pc=0x000002bde2895a60 sp=0x000000da9bdfee60
Event: 22.026 Thread 0x000002bdfc009000 DEOPT UNPACKING pc=0x000002bde1e7a95e sp=0x000000da9bdfe2e8 mode 0

Classes redefined (0 events):
No events

Internal exceptions (20 events):
Event: 5.276 Thread 0x000002bdfc000000 Exception <a 'java/lang/reflect/InvocationTargetException'{0x0000000089b80660}> (0x0000000089b80660) thrown at [s\src\hotspot\share\runtime\reflection.cpp, line 1245]
Event: 5.277 Thread 0x000002bdfc000000 Exception <a 'java/lang/reflect/InvocationTargetException'{0x0000000089b81278}> (0x0000000089b81278) thrown at [s\src\hotspot\share\runtime\reflection.cpp, line 1245]
Event: 5.283 Thread 0x000002bdfc000000 Implicit null exception at 0x000002bde99d893a to 0x000002bde99d89f8
Event: 5.684 Thread 0x000002bdfc000000 Exception <a 'java/lang/NoSuchMethodError'{0x0000000088aa3b90}: 'int java.lang.invoke.DirectMethodHandle$Holder.invokeSpecialIFC(java.lang.Object, java.lang.Object, int)'> (0x0000000088aa3b90) thrown at [s\src\hotspot\share\interpreter\linkResolver.cpp, line 773]
Event: 5.756 Thread 0x000002bdfc000000 Exception <a 'sun/nio/fs/WindowsException'{0x00000000888f69d8}> (0x00000000888f69d8) thrown at [s\src\hotspot\share\prims\jni.cpp, line 617]
Event: 5.765 Thread 0x000002bdfc000000 Exception <a 'java/lang/NoSuchMethodError'{0x000000008871ba50}: 'int java.lang.invoke.DirectMethodHandle$Holder.invokeStaticInit(java.lang.Object, java.lang.Object, java.lang.Object, java.lang.Object)'> (0x000000008871ba50) thrown at [s\src\hotspot\share\interpreter\linkResolver.cpp, line 773]
Event: 5.766 Thread 0x000002bdfc000000 Exception <a 'java/lang/IncompatibleClassChangeError'{0x0000000088724880}: Found class java.lang.Object, but interface was expected> (0x0000000088724880) thrown at [s\src\hotspot\share\interpreter\linkResolver.cpp, line 839]
Event: 5.766 Thread 0x000002bdfc000000 Exception <a 'java/lang/NoSuchMethodError'{0x0000000088727a30}: 'void java.lang.invoke.DirectMethodHandle$Holder.invokeStaticInit(java.lang.Object, java.lang.Object)'> (0x0000000088727a30) thrown at [s\src\hotspot\share\interpreter\linkResolver.cpp, line 773]
Event: 5.767 Thread 0x000002bdfc000000 Exception <a 'java/lang/NoSuchMethodError'{0x000000008872cd78}: 'int java.lang.invoke.DirectMethodHandle$Holder.invokeStaticInit(java.lang.Object, java.lang.Object)'> (0x000000008872cd78) thrown at [s\src\hotspot\share\interpreter\linkResolver.cpp, line 773]
Event: 6.968 Thread 0x000002bdfc006800 Exception <a 'java/lang/NoSuchMethodError'{0x0000000087b6cf10}: 'java.lang.Object java.lang.invoke.DirectMethodHandle$Holder.invokeSpecial(java.lang.Object, java.lang.Object, int, int, int, java.lang.Object, int, int, java.lang.Object)'> (0x0000000087b6cf10) thrown at [s\src\hotspot\share\interpreter\linkResolver.cpp, line 773]
Event: 6.968 Thread 0x000002bdfc006800 Exception <a 'java/lang/NoSuchMethodError'{0x0000000087b70770}: 'java.lang.Object java.lang.invoke.DelegatingMethodHandle$Holder.reinvoke_L(java.lang.Object, int, int, int, java.lang.Object, int, int, java.lang.Object)'> (0x0000000087b70770) thrown at [s\src\hotspot\share\interpreter\linkResolver.cpp, line 773]
Event: 6.972 Thread 0x000002bdfc006800 Exception <a 'java/lang/NoSuchMethodError'{0x0000000087ba1450}: 'java.lang.Object java.lang.invoke.DirectMethodHandle$Holder.invokeSpecial(java.lang.Object, java.lang.Object, java.lang.Object, int, int, java.lang.Object)'> (0x0000000087ba1450) thrown at [s\src\hotspot\share\interpreter\linkResolver.cpp, line 773]
Event: 6.972 Thread 0x000002bdfc006800 Exception <a 'java/lang/NoSuchMethodError'{0x0000000087ba47a0}: 'java.lang.Object java.lang.invoke.Invokers$Holder.linkToTargetMethod(java.lang.Object, int, int, java.lang.Object, java.lang.Object)'> (0x0000000087ba47a0) thrown at [s\src\hotspot\share\interpreter\linkResolver.cpp, line 773]
Event: 7.579 Thread 0x000002bdfc001000 Exception <a 'java/net/SocketTimeoutException'{0x0000000087dbe618}: Read timed out> (0x0000000087dbe618) thrown at [s\src\hotspot\share\prims\jni.cpp, line 638]
Event: 10.604 Thread 0x000002bdfc00b800 Exception <a 'java/net/SocketTimeoutException'{0x0000000087aef388}: Read timed out> (0x0000000087aef388) thrown at [s\src\hotspot\share\prims\jni.cpp, line 638]
Event: 13.692 Thread 0x000002bdfc00a000 Exception <a 'java/net/SocketTimeoutException'{0x000000008782d788}: Read timed out> (0x000000008782d788) thrown at [s\src\hotspot\share\prims\jni.cpp, line 638]
Event: 16.823 Thread 0x000002bdfc008000 Exception <a 'java/net/SocketTimeoutException'{0x0000000087527f68}: Read timed out> (0x0000000087527f68) thrown at [s\src\hotspot\share\prims\jni.cpp, line 638]
Event: 19.928 Thread 0x000002bdfc008000 Exception <a 'java/net/SocketTimeoutException'{0x000000008747c378}: Read timed out> (0x000000008747c378) thrown at [s\src\hotspot\share\prims\jni.cpp, line 638]
Event: 23.072 Thread 0x000002bdfc008000 Exception <a 'java/net/SocketTimeoutException'{0x00000000873c4420}: Read timed out> (0x00000000873c4420) thrown at [s\src\hotspot\share\prims\jni.cpp, line 638]
Event: 26.193 Thread 0x000002bdfc008000 Exception <a 'java/net/SocketTimeoutException'{0x00000000872eb7a8}: Read timed out> (0x00000000872eb7a8) thrown at [s\src\hotspot\share\prims\jni.cpp, line 638]

Events (20 events):
Event: 26.749 Executing VM operation: RevokeBias done
Event: 26.749 Executing VM operation: RevokeBias
Event: 26.749 Executing VM operation: RevokeBias done
Event: 26.749 Executing VM operation: RevokeBias
Event: 26.750 Executing VM operation: RevokeBias done
Event: 26.750 Executing VM operation: RevokeBias
Event: 26.750 Executing VM operation: RevokeBias done
Event: 26.750 Executing VM operation: RevokeBias
Event: 26.750 Executing VM operation: RevokeBias done
Event: 26.751 Thread 0x000002bdfc003800 Thread exited: 0x000002bdfc003800
Event: 26.751 Executing VM operation: RevokeBias
Event: 26.751 Executing VM operation: RevokeBias done
Event: 26.751 Thread 0x000002bdfc00a800 Thread exited: 0x000002bdfc00a800
Event: 26.751 Thread 0x000002bdfc001000 Thread added: 0x000002bdfc001000
Event: 26.751 Thread 0x000002bdfc009000 Thread exited: 0x000002bdfc009000
Event: 27.753 Thread 0x000002bdfc009000 Thread added: 0x000002bdfc009000
Event: 27.754 Executing VM operation: RevokeBias
Event: 27.754 Executing VM operation: RevokeBias done
Event: 27.785 Executing VM operation: RevokeBias
Event: 27.785 Executing VM operation: RevokeBias done


Dynamic libraries:
0x00007ff78d1e0000 - 0x00007ff78d1ee000 	C:\Users\marko\.gradle\jdks\adoptium-11-x64-hotspot-windows\bin\java.exe
0x00007ff8decd0000 - 0x00007ff8deec8000 	C:\WINDOWS\SYSTEM32\ntdll.dll
0x00007ff8de720000 - 0x00007ff8de7dd000 	C:\WINDOWS\System32\KERNEL32.DLL
0x00007ff8dc560000 - 0x00007ff8dc856000 	C:\WINDOWS\System32\KERNELBASE.dll
0x00007ff8dc380000 - 0x00007ff8dc480000 	C:\WINDOWS\System32\ucrtbase.dll
0x00007ff8d5670000 - 0x00007ff8d5687000 	C:\Users\marko\.gradle\jdks\adoptium-11-x64-hotspot-windows\bin\jli.dll
0x00007ff8d5650000 - 0x00007ff8d566b000 	C:\Users\marko\.gradle\jdks\adoptium-11-x64-hotspot-windows\bin\VCRUNTIME140.dll
0x00007ff8dd750000 - 0x00007ff8dd8ef000 	C:\WINDOWS\System32\USER32.dll
0x00007ff8c17c0000 - 0x00007ff8c1a5a000 	C:\WINDOWS\WinSxS\amd64_microsoft.windows.common-controls_6595b64144ccf1df_6.0.19041.3636_none_60b6a03d71f818d5\COMCTL32.dll
0x00007ff8dc480000 - 0x00007ff8dc4a2000 	C:\WINDOWS\System32\win32u.dll
0x00007ff8de7f0000 - 0x00007ff8de81b000 	C:\WINDOWS\System32\GDI32.dll
0x00007ff8dea30000 - 0x00007ff8deace000 	C:\WINDOWS\System32\msvcrt.dll
0x00007ff8dcb50000 - 0x00007ff8dcc67000 	C:\WINDOWS\System32\gdi32full.dll
0x00007ff8dcab0000 - 0x00007ff8dcb4d000 	C:\WINDOWS\System32\msvcp_win.dll
0x00007ff8dde50000 - 0x00007ff8dde82000 	C:\WINDOWS\System32\IMM32.DLL
0x00007ff8d5410000 - 0x00007ff8d541c000 	C:\Users\marko\.gradle\jdks\adoptium-11-x64-hotspot-windows\bin\vcruntime140_1.dll
0x00007ff8b1be0000 - 0x00007ff8b1c6d000 	C:\Users\marko\.gradle\jdks\adoptium-11-x64-hotspot-windows\bin\msvcp140.dll
0x00007ff88bf60000 - 0x00007ff88cb23000 	C:\Users\marko\.gradle\jdks\adoptium-11-x64-hotspot-windows\bin\server\jvm.dll
0x00007ff8de0d0000 - 0x00007ff8de180000 	C:\WINDOWS\System32\ADVAPI32.dll
0x00007ff8debf0000 - 0x00007ff8dec90000 	C:\WINDOWS\System32\sechost.dll
0x00007ff8dd620000 - 0x00007ff8dd743000 	C:\WINDOWS\System32\RPCRT4.dll
0x00007ff8dc920000 - 0x00007ff8dc947000 	C:\WINDOWS\System32\bcrypt.dll
0x00007ff8dcde0000 - 0x00007ff8dcde8000 	C:\WINDOWS\System32\PSAPI.DLL
0x00007ff8c0da0000 - 0x00007ff8c0dc7000 	C:\WINDOWS\SYSTEM32\WINMM.dll
0x00007ff8d4590000 - 0x00007ff8d459a000 	C:\WINDOWS\SYSTEM32\VERSION.dll
0x00007ff8bad70000 - 0x00007ff8bad79000 	C:\WINDOWS\SYSTEM32\WSOCK32.dll
0x00007ff8ddd10000 - 0x00007ff8ddd7b000 	C:\WINDOWS\System32\WS2_32.dll
0x00007ff8dab60000 - 0x00007ff8dab72000 	C:\WINDOWS\SYSTEM32\kernel.appcore.dll
0x00007ff8c9a00000 - 0x00007ff8c9a10000 	C:\Users\marko\.gradle\jdks\adoptium-11-x64-hotspot-windows\bin\verify.dll
0x00007ff8da7f0000 - 0x00007ff8da9d4000 	C:\WINDOWS\SYSTEM32\DBGHELP.DLL
0x00007ff8c9040000 - 0x00007ff8c9074000 	C:\WINDOWS\SYSTEM32\dbgcore.DLL
0x00007ff8dcc70000 - 0x00007ff8dccf2000 	C:\WINDOWS\System32\bcryptPrimitives.dll
0x00007ff8be790000 - 0x00007ff8be7b8000 	C:\Users\marko\.gradle\jdks\adoptium-11-x64-hotspot-windows\bin\java.dll
0x00007ff8c1a90000 - 0x00007ff8c1a9a000 	C:\Users\marko\.gradle\jdks\adoptium-11-x64-hotspot-windows\bin\jimage.dll
0x00007ff8bdfa0000 - 0x00007ff8bdfb8000 	C:\Users\marko\.gradle\jdks\adoptium-11-x64-hotspot-windows\bin\zip.dll
0x00007ff8dcdf0000 - 0x00007ff8dd55b000 	C:\WINDOWS\System32\SHELL32.dll
0x00007ff8d9f30000 - 0x00007ff8da6ce000 	C:\WINDOWS\SYSTEM32\windows.storage.dll
0x00007ff8dd9b0000 - 0x00007ff8ddd03000 	C:\WINDOWS\System32\combase.dll
0x00007ff8dbce0000 - 0x00007ff8dbd0e000 	C:\WINDOWS\SYSTEM32\Wldp.dll
0x00007ff8de5f0000 - 0x00007ff8de6bd000 	C:\WINDOWS\System32\OLEAUT32.dll
0x00007ff8ddda0000 - 0x00007ff8dde4d000 	C:\WINDOWS\System32\SHCORE.dll
0x00007ff8dd8f0000 - 0x00007ff8dd945000 	C:\WINDOWS\System32\shlwapi.dll
0x00007ff8dc2b0000 - 0x00007ff8dc2d3000 	C:\WINDOWS\SYSTEM32\profapi.dll
0x00007ff8bdf10000 - 0x00007ff8bdf29000 	C:\Users\marko\.gradle\jdks\adoptium-11-x64-hotspot-windows\bin\net.dll
0x00007ff8d2790000 - 0x00007ff8d289a000 	C:\WINDOWS\SYSTEM32\WINHTTP.dll
0x00007ff8dba20000 - 0x00007ff8dba8a000 	C:\WINDOWS\system32\mswsock.dll
0x00007ff8bdc00000 - 0x00007ff8bdc12000 	C:\Users\marko\.gradle\jdks\adoptium-11-x64-hotspot-windows\bin\nio.dll
0x00007ff8dbc40000 - 0x00007ff8dbc58000 	C:\WINDOWS\SYSTEM32\CRYPTSP.dll
0x00007ff8db320000 - 0x00007ff8db354000 	C:\WINDOWS\system32\rsaenh.dll
0x00007ff8dc230000 - 0x00007ff8dc25e000 	C:\WINDOWS\SYSTEM32\USERENV.dll
0x00007ff8dbc30000 - 0x00007ff8dbc3c000 	C:\WINDOWS\SYSTEM32\CRYPTBASE.dll
0x00007ff8db6f0000 - 0x00007ff8db72b000 	C:\WINDOWS\SYSTEM32\IPHLPAPI.DLL
0x00007ff8de7e0000 - 0x00007ff8de7e8000 	C:\WINDOWS\System32\NSI.dll
0x00007ff8d45c0000 - 0x00007ff8d45d7000 	C:\WINDOWS\SYSTEM32\dhcpcsvc6.DLL
0x00007ff8d45a0000 - 0x00007ff8d45bd000 	C:\WINDOWS\SYSTEM32\dhcpcsvc.DLL
0x00007ff8db730000 - 0x00007ff8db7fb000 	C:\WINDOWS\SYSTEM32\DNSAPI.dll
0x00007ff8ce8b0000 - 0x00007ff8ce8ba000 	C:\Windows\System32\rasadhlp.dll
0x00007ff8ceb70000 - 0x00007ff8cebf0000 	C:\WINDOWS\System32\fwpuclnt.dll
0x00007ff8c1a80000 - 0x00007ff8c1a8e000 	C:\Users\marko\.gradle\jdks\adoptium-11-x64-hotspot-windows\bin\sunmscapi.dll
0x00007ff8dc950000 - 0x00007ff8dcaae000 	C:\WINDOWS\System32\CRYPT32.dll
0x00007ff8dbd50000 - 0x00007ff8dbd78000 	C:\WINDOWS\SYSTEM32\ncrypt.dll
0x00007ff8dbd10000 - 0x00007ff8dbd4b000 	C:\WINDOWS\SYSTEM32\NTASN1.dll
0x00007ff8bdb40000 - 0x00007ff8bdb67000 	C:\Users\marko\.gradle\jdks\adoptium-11-x64-hotspot-windows\bin\sunec.dll

dbghelp: loaded successfully - version: 4.0.5 - missing functions: none
symbol engine: initialized successfully - sym options: 0x614 - pdb path: .;C:\Users\marko\.gradle\jdks\adoptium-11-x64-hotspot-windows\bin;C:\WINDOWS\SYSTEM32;C:\WINDOWS\WinSxS\amd64_microsoft.windows.common-controls_6595b64144ccf1df_6.0.19041.3636_none_60b6a03d71f818d5;C:\Users\marko\.gradle\jdks\adoptium-11-x64-hotspot-windows\bin\server

VM Arguments:
jvm_args: --module-path=C:\Users\marko\.gradle\caches\modules-2\files-2.1\org.openjfx\javafx-fxml\11\d5ff9262ef49d166db658d15f37e3ecff38fde4b\javafx-fxml-11-win.jar;C:\Users\marko\.gradle\caches\modules-2\files-2.1\org.openjfx\javafx-web\11\5c8a3b6cacde832437dff8e21a82749b5f66c1cf\javafx-web-11-win.jar;C:\Users\marko\.gradle\caches\modules-2\files-2.1\org.openjfx\javafx-controls\11\af8d24de44e16a19ae959028eb23a48c145fb682\javafx-controls-11-win.jar;C:\Users\marko\.gradle\caches\modules-2\files-2.1\org.openjfx\javafx-media\11\b7a33f3ff0cad17af71e883c0921bc6819cad9c8\javafx-media-11-win.jar;C:\Users\marko\.gradle\caches\modules-2\files-2.1\org.openjfx\javafx-graphics\11\9345c7ea43dbcc73a62eca5332717b4ce617e6c6\javafx-graphics-11-win.jar;C:\Users\marko\.gradle\caches\modules-2\files-2.1\org.openjfx\javafx-base\11\ad3a4acfaa28b484d30c40c1f009445cc3f6e68b\javafx-base-11-win.jar --add-modules=javafx.controls,javafx.fxml,javafx.web,javafx.graphics -Dfile.encoding=windows-1252 -Duser.country=IT -Duser.language=it -Duser.variant 
java_command: it.unibo.ctxbasicrobot.MainCtxbasicrobotKt
java_class_path (initial): C:\Users\marko\Desktop\ISS_24\issLab24\unibo.basicrobot24\build\classes\java\main;C:\Users\marko\Desktop\ISS_24\issLab24\unibo.basicrobot24\build\classes\kotlin\main;C:\Users\marko\Desktop\ISS_24\issLab24\unibo.basicrobot24\build\resources\main;C:\Users\marko\.gradle\caches\modules-2\files-2.1\org.jetbrains.kotlinx\kotlinx-coroutines-core-jvm\1.6.0\f3b8fd26c2e76d2f18cbc36aacb6e349fcb9fd5f\kotlinx-coroutines-core-jvm-1.6.0.jar;C:\Users\marko\.gradle\caches\modules-2\files-2.1\com.squareup.okhttp3\okhttp\4.9.3\b0b14b3d12980912723fb8b66afb48dcda742fcb\okhttp-4.9.3.jar;C:\Users\marko\.gradle\caches\modules-2\files-2.1\org.jetbrains.kotlin\kotlin-stdlib-jdk7\1.9.22\c4b17283ad7939e778989663f8301d871987fa5e\kotlin-stdlib-jdk7-1.9.22.jar;C:\Users\marko\.gradle\caches\modules-2\files-2.1\com.squareup.okio\okio\2.8.0\49b64e09d81c0cc84b267edd0c2fd7df5a64c78c\okio-jvm-2.8.0.jar;C:\Users\marko\.gradle\caches\modules-2\files-2.1\org.jetbrains.kotlin\kotlin-stdlib\1.9.22\d6c44cd08d8f3f9bece8101216dbe6553365c6e3\kotlin-stdlib-1.9.22.jar;C:\Users\marko\.gradle\caches\modules-2\files-2.1\org.jetbrains.kotlin\kotlin-stdlib-jdk8\1.9.22\dea0c11e2fa503ab891c8a090e3b54754472975d\kotlin-stdlib-jdk8-1.9.22.jar;C:\Users\marko\.gradle\caches\modules-2\files-2.1\org.eclipse.californium\californium-proxy2\3.5.0\75d72a499b522210a20e2343ab491b63e315aa3a\californium-proxy2-3.5.0.jar;C:\Users\marko\.gradle\caches\modules-2\files-2.1\com.google.guava\guava\30.1.1-jre\87e0fd1df874ea3cbe577702fe6f17068b790fd8\guava-30.1.1-jre.jar;C:\Users\marko\.gradle\caches\modules-2\files-2.1\javax.websocket\javax.websocket-api\1.1\eeeb68631711256418dfbb47b11c731b6c8f6235\javax.websocket-api-1.1.jar;C:\Users\marko\.gradle\caches\modules-2\files-2.1\org.glassfish.tyrus.bundles\tyrus-standalone-client\1.9\cf9e6cdbd6ad2a72bc54c0823c0ac31c76df4b9e\tyrus-standalone-client-1.9.jar;C:\Users\marko\.gradle\caches\modules-2\files-2.1\org.apache.httpcomponents\httpclient\4.5.13\e5f6cae5ca7ecaac1ec
Launcher Type: SUN_STANDARD

[Global flags]
     intx CICompilerCount                          = 4                                         {product} {ergonomic}
     uint ConcGCThreads                            = 2                                         {product} {ergonomic}
     uint G1ConcRefinementThreads                  = 8                                         {product} {ergonomic}
   size_t G1HeapRegionSize                         = 1048576                                   {product} {ergonomic}
    uintx GCDrainStackTargetSize                   = 64                                        {product} {ergonomic}
   size_t InitialHeapSize                          = 132120576                                 {product} {ergonomic}
   size_t MarkStackSize                            = 4194304                                   {product} {ergonomic}
   size_t MaxHeapSize                              = 2113929216                                {product} {ergonomic}
   size_t MaxNewSize                               = 1267728384                                {product} {ergonomic}
   size_t MinHeapDeltaBytes                        = 1048576                                   {product} {ergonomic}
    uintx NonNMethodCodeHeapSize                   = 5836300                                {pd product} {ergonomic}
    uintx NonProfiledCodeHeapSize                  = 122910970                              {pd product} {ergonomic}
    uintx ProfiledCodeHeapSize                     = 122910970                              {pd product} {ergonomic}
    uintx ReservedCodeCacheSize                    = 251658240                              {pd product} {ergonomic}
     bool SegmentedCodeCache                       = true                                      {product} {ergonomic}
     bool UseCompressedClassPointers               = true                                 {lp64_product} {ergonomic}
     bool UseCompressedOops                        = true                                 {lp64_product} {ergonomic}
     bool UseG1GC                                  = true                                      {product} {ergonomic}
     bool UseLargePagesIndividualAllocation        = false                                  {pd product} {ergonomic}

Logging:
Log output configuration:
 #0: stdout all=warning uptime,level,tags
 #1: stderr all=off uptime,level,tags

Environment Variables:
JAVA_HOME=C:\Program Files\Java\jdk-17.0.11
CLASSPATH=C:\Users\marko\Desktop\ISS_24\issLab24\unibo.basicrobot24\\gradle\wrapper\gradle-wrapper.jar
PATH=C:\Program Files\Java\jdk-17.0.11\bin;C:\Gradle\gradle-8.6\bin;C:\Program Files\Python310\Scripts\;C:\Program Files\Python310\;C:\Program Files\Common Files\Oracle\Java\javapath;C:\Program Files (x86)\Common Files\Oracle\Java\javapath;C:\Program Files (x86)\Razer Chroma SDK\bin;C:\Program Files\Razer Chroma SDK\bin;C:\Program Files (x86)\Razer\ChromaBroadcast\bin;C:\Program Files\Razer\ChromaBroadcast\bin;C:\Program Files (x86)\Intel\Intel(R) Management Engine Components\iCLS\;C:\Program Files\Intel\Intel(R) Management Engine Components\iCLS\;C:\WINDOWS\system32;C:\WINDOWS;C:\WINDOWS\System32\Wbem;C:\WINDOWS\System32\WindowsPowerShell\v1.0\;C:\Program Files (x86)\Intel\Intel(R) Management Engine Components\DAL;C:\Program Files\Intel\Intel(R) Management Engine Components\DAL;C:\Program Files (x86)\Intel\Intel(R) Management Engine Components\IPT;C:\Program Files\Intel\Intel(R) Management Engine Components\IPT;C:\WINDOWS\System32\OpenSSH\;C:\WINDOWS\system32\config\systemprofile\AppData\Local\Microsoft\WindowsApps;C:\WINDOWS\system32;C:\WINDOWS;C:\WINDOWS\System32\Wbem;C:\WINDOWS\System32\WindowsPowerShell\v1.0\;C:\WINDOWS\System32\OpenSSH\;C:\Users\marko\AppData\Roaming\nvm;C:\Program Files\nodejs;C:\Program Files\Git\cmd;C:\Program Files\Git LFS;C:\Users\marko\AppData\Roaming\Python\Python310\Scripts;C:\Program Files\Docker\Docker\resources\bin;C:\Program Files\nodejs\;C:\Program Files\Graphviz\bin;C:\Users\marko\AppData\Local\Programs\Microsoft VS Code\bin;C:\Users\marko\AppData\Local\Microsoft\WindowsApps;C:\Users\marko\Desktop\antlr;C:\Users\marko\AppData\Local\JetBrains\IntelliJ IDEA Community Edition 2022.3.2\bin;C:\Users\marko\AppData\Roaming\npm
USERNAME=marko
OS=Windows_NT
PROCESSOR_IDENTIFIER=Intel64 Family 6 Model 142 Stepping 10, GenuineIntel
TMP=C:\Users\marko\AppData\Local\Temp
TEMP=C:\Users\marko\AppData\Local\Temp



---------------  S Y S T E M  ---------------

OS: Windows 10 , 64 bit Build 19041 (10.0.19041.3636)
OS uptime: 2 days 5:54 hours
Hyper-V role detected

CPU:total 8 (initial active 8) (4 cores per cpu, 2 threads per core) family 6 model 142 stepping 10 microcode 0xb4, cmov, cx8, fxsr, mmx, sse, sse2, sse3, ssse3, sse4.1, sse4.2, popcnt, avx, avx2, aes, clmul, erms, 3dnowpref, lzcnt, ht, tsc, tscinvbit, bmi1, bmi2, adx, fma

Memory: 4k page, system-wide physical 8058M (666M free)
TotalPageFile size 8058M (AvailPageFile size 1M)
current process WorkingSet (physical memory assigned to process): 169M, peak: 189M
current process commit charge ("private bytes"): 248M, peak: 276M

vm_info: OpenJDK 64-Bit Server VM (11.0.23+9) for windows-amd64 JRE (11.0.23+9), built on Apr 17 2024 12:39:58 by "" with MS VC++ 16.10 / 16.11 (VS2019)

END.
