#
# There is insufficient memory for the Java Runtime Environment to continue.
# Native memory allocation (malloc) failed to allocate 569056 bytes for Chunk::new
# Possible reasons:
#   The system is out of physical RAM or swap space
#   The process is running with CompressedOops enabled, and the Java Heap may be blocking the growth of the native heap
# Possible solutions:
#   Reduce memory load on the system
#   Increase physical memory or swap space
#   Check if swap backing store is full
#   Decrease Java heap size (-Xmx/-Xms)
#   Decrease number of Java threads
#   Decrease Java thread stack sizes (-Xss)
#   Set larger code cache with -XX:ReservedCodeCacheSize=
#   JVM is running with Unscaled Compressed Oops mode in which the Java heap is
#     placed in the first 4GB address space. The Java Heap base address is the
#     maximum limit for the native heap growth. Please use -XX:HeapBaseMinAddress
#     to set the Java Heap base and to place the Java Heap above 4GB virtual address.
# This output file may be truncated or incomplete.
#
#  Out of Memory Error (arena.cpp:197), pid=14416, tid=13296
#
# JRE version: OpenJDK Runtime Environment Temurin-11.0.23+9 (11.0.23+9) (build 11.0.23+9)
# Java VM: OpenJDK 64-Bit Server VM Temurin-11.0.23+9 (11.0.23+9, mixed mode, tiered, compressed oops, g1 gc, windows-amd64)
# No core dump will be written. Minidumps are not enabled by default on client versions of Windows
#

---------------  S U M M A R Y ------------

Command Line: --module-path=C:\Users\marko\.gradle\caches\modules-2\files-2.1\org.openjfx\javafx-fxml\11\d5ff9262ef49d166db658d15f37e3ecff38fde4b\javafx-fxml-11-win.jar;C:\Users\marko\.gradle\caches\modules-2\files-2.1\org.openjfx\javafx-web\11\5c8a3b6cacde832437dff8e21a82749b5f66c1cf\javafx-web-11-win.jar;C:\Users\marko\.gradle\caches\modules-2\files-2.1\org.openjfx\javafx-controls\11\af8d24de44e16a19ae959028eb23a48c145fb682\javafx-controls-11-win.jar;C:\Users\marko\.gradle\caches\modules-2\files-2.1\org.openjfx\javafx-media\11\b7a33f3ff0cad17af71e883c0921bc6819cad9c8\javafx-media-11-win.jar;C:\Users\marko\.gradle\caches\modules-2\files-2.1\org.openjfx\javafx-graphics\11\9345c7ea43dbcc73a62eca5332717b4ce617e6c6\javafx-graphics-11-win.jar;C:\Users\marko\.gradle\caches\modules-2\files-2.1\org.openjfx\javafx-base\11\ad3a4acfaa28b484d30c40c1f009445cc3f6e68b\javafx-base-11-win.jar --add-modules=javafx.controls,javafx.fxml,javafx.web,javafx.graphics -Dfile.encoding=windows-1252 -Duser.country=IT -Duser.language=it -Duser.variant it.unibo.ctxbasicrobot.MainCtxbasicrobotKt

Host: Intel(R) Core(TM) i5-8250U CPU @ 1.60GHz, 8 cores, 7G,  Windows 10 , 64 bit Build 19041 (10.0.19041.3636)
Time: Thu May 23 16:17:03 2024 ora legale Europa occidentale elapsed time: 71.857539 seconds (0d 0h 1m 11s)

---------------  T H R E A D  ---------------

Current thread (0x000001ce68195800):  JavaThread "C2 CompilerThread0" daemon [_thread_in_native, id=13296, stack(0x0000001289300000,0x0000001289400000)]


Current CompileTask:
C2:  71857 2888       4       sun.security.x509.X509CertInfo::get (289 bytes)

Stack: [0x0000001289300000,0x0000001289400000]
Native frames: (J=compiled Java code, j=interpreted, Vv=VM code, C=native code)
V  [jvm.dll+0x645caa]
V  [jvm.dll+0x7d9849]
V  [jvm.dll+0x7daf49]
V  [jvm.dll+0x7db633]
V  [jvm.dll+0x269845]
V  [jvm.dll+0xc1bfc]
V  [jvm.dll+0xc21ac]
V  [jvm.dll+0x2dbc62]
V  [jvm.dll+0x550c3b]
V  [jvm.dll+0x22a3d1]
V  [jvm.dll+0x223b99]
V  [jvm.dll+0x2206e4]
V  [jvm.dll+0x19e5c1]
V  [jvm.dll+0x2308a9]
V  [jvm.dll+0x22ea1f]
V  [jvm.dll+0x79aa01]
V  [jvm.dll+0x7936d4]
V  [jvm.dll+0x644a65]
C  [ucrtbase.dll+0x21bb2]
C  [KERNEL32.DLL+0x17344]
C  [ntdll.dll+0x526b1]


---------------  P R O C E S S  ---------------

Threads class SMR info:
_java_thread_list=0x000001ce6964a3e0, length=34, elements={
0x000001ce6790a800, 0x000001ce68148800, 0x000001ce6793a800, 0x000001ce6793c800,
0x000001ce6793e000, 0x000001ce68195800, 0x000001ce681a3800, 0x000001ce681a7000,
0x000001ce678c6800, 0x000001ce6990b000, 0x000001ce69797000, 0x000001ce695fd800,
0x000001ce6ad8f800, 0x000001ce6b399000, 0x000001ce6b395800, 0x000001ce6b39c000,
0x000001ce6b397000, 0x000001ce6b399800, 0x000001ce6b39a800, 0x000001ce6b396800,
0x000001ce6b39b000, 0x000001ce6b398000, 0x000001ce6a92c000, 0x000001ce6a92c800,
0x000001ce6a92d800, 0x000001ce6a928800, 0x000001ce6a928000, 0x000001ce6a92f000,
0x000001ce6a929800, 0x000001ce6a92b000, 0x000001ce6a92e800, 0x000001ce6a930000,
0x000001ce6a92a800, 0x000001ce6a935000
}

Java Threads: ( => current thread )
  0x000001ce6790a800 JavaThread "Reference Handler" daemon [_thread_blocked, id=8228, stack(0x0000001288e00000,0x0000001288f00000)]
  0x000001ce68148800 JavaThread "Finalizer" daemon [_thread_blocked, id=15976, stack(0x0000001288f00000,0x0000001289000000)]
  0x000001ce6793a800 JavaThread "Signal Dispatcher" daemon [_thread_blocked, id=12000, stack(0x0000001289000000,0x0000001289100000)]
  0x000001ce6793c800 JavaThread "Attach Listener" daemon [_thread_blocked, id=14264, stack(0x0000001289100000,0x0000001289200000)]
  0x000001ce6793e000 JavaThread "Service Thread" daemon [_thread_blocked, id=5312, stack(0x0000001289200000,0x0000001289300000)]
=>0x000001ce68195800 JavaThread "C2 CompilerThread0" daemon [_thread_in_native, id=13296, stack(0x0000001289300000,0x0000001289400000)]
  0x000001ce681a3800 JavaThread "C1 CompilerThread0" daemon [_thread_blocked, id=8148, stack(0x0000001289400000,0x0000001289500000)]
  0x000001ce681a7000 JavaThread "Sweeper thread" daemon [_thread_blocked, id=9580, stack(0x0000001289500000,0x0000001289600000)]
  0x000001ce678c6800 JavaThread "Common-Cleaner" daemon [_thread_blocked, id=2620, stack(0x0000001289600000,0x0000001289700000)]
  0x000001ce6990b000 JavaThread "qakcpuspool-1" daemon [_thread_blocked, id=17324, stack(0x0000001289c00000,0x0000001289d00000)]
  0x000001ce69797000 JavaThread "qakcpuspool-2" daemon [_thread_blocked, id=13904, stack(0x0000001289d00000,0x0000001289e00000)]
  0x000001ce695fd800 JavaThread "DefaultDispatcher-worker-1" daemon [_thread_blocked, id=8924, stack(0x0000001289e00000,0x0000001289f00000)]
  0x000001ce6ad8f800 JavaThread "DefaultDispatcher-worker-2" daemon [_thread_blocked, id=11620, stack(0x0000001289f00000,0x000000128a000000)]
  0x000001ce6b399000 JavaThread "DefaultDispatcher-worker-3" daemon [_thread_blocked, id=9448, stack(0x000000128a000000,0x000000128a100000)]
  0x000001ce6b395800 JavaThread "qakcpuspool-3" daemon [_thread_blocked, id=9496, stack(0x000000128a100000,0x000000128a200000)]
  0x000001ce6b39c000 JavaThread "tcpSrv" daemon [_thread_in_native, id=4660, stack(0x000000128a200000,0x000000128a300000)]
  0x000001ce6b397000 JavaThread "CoapServer(main)#1" [_thread_blocked, id=11724, stack(0x0000001289800000,0x0000001289900000)]
  0x000001ce6b399800 JavaThread "CoapServer(secondary)#1" [_thread_blocked, id=1724, stack(0x000000128a300000,0x000000128a400000)]
  0x000001ce6b39a800 JavaThread "CoapServer(secondary)#2" [_thread_blocked, id=7516, stack(0x000000128a400000,0x000000128a500000)]
  0x000001ce6b396800 JavaThread "UDP-Receiver-0.0.0.0/0.0.0.0:8020[0]" daemon [_thread_in_native, id=10052, stack(0x000000128a500000,0x000000128a600000)]
  0x000001ce6b39b000 JavaThread "UDP-Sender-0.0.0.0/0.0.0.0:8020[0]" daemon [_thread_blocked, id=15560, stack(0x000000128a600000,0x000000128a700000)]
  0x000001ce6b398000 JavaThread "qakcpuspool-4" daemon [_thread_blocked, id=8180, stack(0x000000128a800000,0x000000128a900000)]
  0x000001ce6a92c000 JavaThread "qakcpuspool-5" daemon [_thread_blocked, id=7500, stack(0x000000128a900000,0x000000128aa00000)]
  0x000001ce6a92c800 JavaThread "qakcpuspool-6" daemon [_thread_blocked, id=16608, stack(0x000000128aa00000,0x000000128ab00000)]
  0x000001ce6a92d800 JavaThread "qakcpuspool-7" daemon [_thread_blocked, id=11104, stack(0x000000128ab00000,0x000000128ac00000)]
  0x000001ce6a928800 JavaThread "qakcpuspool-8" daemon [_thread_blocked, id=15172, stack(0x000000128ac00000,0x000000128ad00000)]
  0x000001ce6a928000 JavaThread "DestroyJavaVM" [_thread_blocked, id=10408, stack(0x0000001288700000,0x0000001288800000)]
  0x000001ce6a92f000 JavaThread "Grizzly(1) SelectorRunner" daemon [_thread_in_native, id=17320, stack(0x000000128b300000,0x000000128b400000)]
  0x000001ce6a929800 JavaThread "Grizzly(1)" daemon [_thread_blocked, id=12700, stack(0x000000128b400000,0x000000128b500000)]
  0x000001ce6a92b000 JavaThread "Grizzly(2)" daemon [_thread_blocked, id=15200, stack(0x000000128b500000,0x000000128b600000)]
  0x000001ce6a92e800 JavaThread "MQTT Reconnect: basicrobot" daemon [_thread_blocked, id=14004, stack(0x0000001288400000,0x0000001288500000)]
  0x000001ce6a930000 JavaThread "MQTT Con: basicrobot" daemon [_thread_blocked, id=12560, stack(0x0000001288500000,0x0000001288600000)]
  0x000001ce6a92a800 JavaThread "WssSocketReceiver" daemon [_thread_in_native, id=15244, stack(0x0000001288600000,0x0000001288700000)]
  0x000001ce6a935000 JavaThread "MQTT Rec: basicrobot" daemon [_thread_blocked, id=14484, stack(0x0000001289700000,0x0000001289800000)]

Other Threads:
  0x000001ce67930800 VMThread "VM Thread" [stack: 0x0000001288d00000,0x0000001288e00000] [id=9612]
  0x000001ce68b7b800 WatcherThread [stack: 0x0000001289900000,0x0000001289a00000] [id=8740]
  0x000001ce4699e800 GCTaskThread "GC Thread#0" [stack: 0x0000001288800000,0x0000001288900000] [id=11524]
  0x000001ce6946a000 GCTaskThread "GC Thread#1" [stack: 0x0000001289a00000,0x0000001289b00000] [id=4484]
  0x000001ce693d6000 GCTaskThread "GC Thread#2" [stack: 0x0000001289b00000,0x0000001289c00000] [id=13672]
  0x000001ce695fd000 GCTaskThread "GC Thread#3" [stack: 0x000000128a700000,0x000000128a800000] [id=9584]
  0x000001ce6c28b800 GCTaskThread "GC Thread#4" [stack: 0x000000128ad00000,0x000000128ae00000] [id=10492]
  0x000001ce6bea6800 GCTaskThread "GC Thread#5" [stack: 0x000000128ae00000,0x000000128af00000] [id=12764]
  0x000001ce6de96800 GCTaskThread "GC Thread#6" [stack: 0x000000128af00000,0x000000128b000000] [id=6852]
  0x000001ce46982800 GCTaskThread "GC Thread#7" [stack: 0x000000128b000000,0x000000128b100000] [id=13536]
  0x000001ce469ce800 ConcurrentGCThread "G1 Main Marker" [stack: 0x0000001288900000,0x0000001288a00000] [id=10000]
  0x000001ce469d1000 ConcurrentGCThread "G1 Conc#0" [stack: 0x0000001288a00000,0x0000001288b00000] [id=17256]
  0x000001ce6b663800 ConcurrentGCThread "G1 Conc#1" [stack: 0x000000128b100000,0x000000128b200000] [id=15456]
  0x000001ce67775800 ConcurrentGCThread "G1 Refine#0" [stack: 0x0000001288b00000,0x0000001288c00000] [id=9572]
  0x000001ce46a3d800 ConcurrentGCThread "G1 Young RemSet Sampling" [stack: 0x0000001288c00000,0x0000001288d00000] [id=11740]

Threads with active compile tasks:
C2 CompilerThread0    71912 2888       4       sun.security.x509.X509CertInfo::get (289 bytes)

VM state:not at safepoint (normal execution)

VM Mutex/Monitor currently owned by a thread: None

Heap address: 0x0000000082000000, size: 2016 MB, Compressed Oops mode: 32-bit
Narrow klass base: 0x0000000000000000, Narrow klass shift: 3
Compressed class space size: 1073741824 Address: 0x0000000100000000

Heap:
 garbage-first heap   total 129024K, used 69742K [0x0000000082000000, 0x0000000100000000)
  region size 1024K, 58 young (59392K), 9 survivors (9216K)
 Metaspace       used 30146K, capacity 30657K, committed 30768K, reserved 1077248K
  class space    used 3183K, capacity 3376K, committed 3456K, reserved 1048576K
Heap Regions: E=young(eden), S=young(survivor), O=old, HS=humongous(starts), HC=humongous(continues), CS=collection set, F=free, A=archive, TAMS=top-at-mark-start (previous, next)
|   0|0x0000000082000000, 0x0000000082100000, 0x0000000082100000|100%|HS|  |TAMS 0x0000000082100000, 0x0000000082000000| Complete 
|   1|0x0000000082100000, 0x0000000082200000, 0x0000000082200000|100%|HC|  |TAMS 0x0000000082200000, 0x0000000082100000| Complete 
|   2|0x0000000082200000, 0x0000000082300000, 0x0000000082300000|100%|HC|  |TAMS 0x0000000082300000, 0x0000000082200000| Complete 
|   3|0x0000000082300000, 0x0000000082400000, 0x0000000082400000|100%|HC|  |TAMS 0x0000000082400000, 0x0000000082300000| Complete 
|   4|0x0000000082400000, 0x0000000082500000, 0x0000000082500000|100%|HC|  |TAMS 0x0000000082500000, 0x0000000082400000| Complete 
|   5|0x0000000082500000, 0x0000000082600000, 0x0000000082600000|100%|HC|  |TAMS 0x0000000082600000, 0x0000000082500000| Complete 
|   6|0x0000000082600000, 0x0000000082700000, 0x0000000082700000|100%|HC|  |TAMS 0x0000000082700000, 0x0000000082600000| Complete 
|   7|0x0000000082700000, 0x0000000082800000, 0x0000000082800000|100%|HC|  |TAMS 0x0000000082800000, 0x0000000082700000| Complete 
|   8|0x0000000082800000, 0x0000000082900000, 0x0000000082900000|100%|HC|  |TAMS 0x0000000082900000, 0x0000000082800000| Complete 
|   9|0x0000000082900000, 0x0000000082a00000, 0x0000000082a00000|100%|HS|  |TAMS 0x0000000082a00000, 0x0000000082900000| Complete 
|  10|0x0000000082a00000, 0x0000000082b00000, 0x0000000082b00000|100%| O|  |TAMS 0x0000000082b00000, 0x0000000082a00000| Untracked 
|  11|0x0000000082b00000, 0x0000000082c00000, 0x0000000082c00000|100%| O|  |TAMS 0x0000000082c00000, 0x0000000082b00000| Untracked 
|  12|0x0000000082c00000, 0x0000000082ce7c00, 0x0000000082d00000| 90%| O|  |TAMS 0x0000000082ce7c00, 0x0000000082c00000| Untracked 
|  13|0x0000000082d00000, 0x0000000082d00000, 0x0000000082e00000|  0%| F|  |TAMS 0x0000000082d00000, 0x0000000082d00000| Untracked 
|  14|0x0000000082e00000, 0x0000000082e00000, 0x0000000082f00000|  0%| F|  |TAMS 0x0000000082e00000, 0x0000000082e00000| Untracked 
|  15|0x0000000082f00000, 0x0000000082f00000, 0x0000000083000000|  0%| F|  |TAMS 0x0000000082f00000, 0x0000000082f00000| Untracked 
|  16|0x0000000083000000, 0x0000000083000000, 0x0000000083100000|  0%| F|  |TAMS 0x0000000083000000, 0x0000000083000000| Untracked 
|  17|0x0000000083100000, 0x0000000083100000, 0x0000000083200000|  0%| F|  |TAMS 0x0000000083100000, 0x0000000083100000| Untracked 
|  18|0x0000000083200000, 0x0000000083200000, 0x0000000083300000|  0%| F|  |TAMS 0x0000000083200000, 0x0000000083200000| Untracked 
|  19|0x0000000083300000, 0x0000000083300000, 0x0000000083400000|  0%| F|  |TAMS 0x0000000083300000, 0x0000000083300000| Untracked 
|  20|0x0000000083400000, 0x0000000083400000, 0x0000000083500000|  0%| F|  |TAMS 0x0000000083400000, 0x0000000083400000| Untracked 
|  21|0x0000000083500000, 0x0000000083500000, 0x0000000083600000|  0%| F|  |TAMS 0x0000000083500000, 0x0000000083500000| Untracked 
|  22|0x0000000083600000, 0x0000000083600000, 0x0000000083700000|  0%| F|  |TAMS 0x0000000083600000, 0x0000000083600000| Untracked 
|  23|0x0000000083700000, 0x0000000083700000, 0x0000000083800000|  0%| F|  |TAMS 0x0000000083700000, 0x0000000083700000| Untracked 
|  24|0x0000000083800000, 0x0000000083800000, 0x0000000083900000|  0%| F|  |TAMS 0x0000000083800000, 0x0000000083800000| Untracked 
|  25|0x0000000083900000, 0x0000000083900000, 0x0000000083a00000|  0%| F|  |TAMS 0x0000000083900000, 0x0000000083900000| Untracked 
|  26|0x0000000083a00000, 0x0000000083a00000, 0x0000000083b00000|  0%| F|  |TAMS 0x0000000083a00000, 0x0000000083a00000| Untracked 
|  27|0x0000000083b00000, 0x0000000083b00000, 0x0000000083c00000|  0%| F|  |TAMS 0x0000000083b00000, 0x0000000083b00000| Untracked 
|  28|0x0000000083c00000, 0x0000000083c00000, 0x0000000083d00000|  0%| F|  |TAMS 0x0000000083c00000, 0x0000000083c00000| Untracked 
|  29|0x0000000083d00000, 0x0000000083d00000, 0x0000000083e00000|  0%| F|  |TAMS 0x0000000083d00000, 0x0000000083d00000| Untracked 
|  30|0x0000000083e00000, 0x0000000083e00000, 0x0000000083f00000|  0%| F|  |TAMS 0x0000000083e00000, 0x0000000083e00000| Untracked 
|  31|0x0000000083f00000, 0x0000000083f00000, 0x0000000084000000|  0%| F|  |TAMS 0x0000000083f00000, 0x0000000083f00000| Untracked 
|  32|0x0000000084000000, 0x0000000084000000, 0x0000000084100000|  0%| F|  |TAMS 0x0000000084000000, 0x0000000084000000| Untracked 
|  33|0x0000000084100000, 0x0000000084100000, 0x0000000084200000|  0%| F|  |TAMS 0x0000000084100000, 0x0000000084100000| Untracked 
|  34|0x0000000084200000, 0x0000000084200000, 0x0000000084300000|  0%| F|  |TAMS 0x0000000084200000, 0x0000000084200000| Untracked 
|  35|0x0000000084300000, 0x0000000084300000, 0x0000000084400000|  0%| F|  |TAMS 0x0000000084300000, 0x0000000084300000| Untracked 
|  36|0x0000000084400000, 0x0000000084400000, 0x0000000084500000|  0%| F|  |TAMS 0x0000000084400000, 0x0000000084400000| Untracked 
|  37|0x0000000084500000, 0x0000000084500000, 0x0000000084600000|  0%| F|  |TAMS 0x0000000084500000, 0x0000000084500000| Untracked 
|  38|0x0000000084600000, 0x0000000084600000, 0x0000000084700000|  0%| F|  |TAMS 0x0000000084600000, 0x0000000084600000| Untracked 
|  39|0x0000000084700000, 0x0000000084700000, 0x0000000084800000|  0%| F|  |TAMS 0x0000000084700000, 0x0000000084700000| Untracked 
|  40|0x0000000084800000, 0x0000000084800000, 0x0000000084900000|  0%| F|  |TAMS 0x0000000084800000, 0x0000000084800000| Untracked 
|  41|0x0000000084900000, 0x0000000084900000, 0x0000000084a00000|  0%| F|  |TAMS 0x0000000084900000, 0x0000000084900000| Untracked 
|  42|0x0000000084a00000, 0x0000000084a00000, 0x0000000084b00000|  0%| F|  |TAMS 0x0000000084a00000, 0x0000000084a00000| Untracked 
|  43|0x0000000084b00000, 0x0000000084b00000, 0x0000000084c00000|  0%| F|  |TAMS 0x0000000084b00000, 0x0000000084b00000| Untracked 
|  44|0x0000000084c00000, 0x0000000084c00000, 0x0000000084d00000|  0%| F|  |TAMS 0x0000000084c00000, 0x0000000084c00000| Untracked 
|  45|0x0000000084d00000, 0x0000000084d00000, 0x0000000084e00000|  0%| F|  |TAMS 0x0000000084d00000, 0x0000000084d00000| Untracked 
|  46|0x0000000084e00000, 0x0000000084e00000, 0x0000000084f00000|  0%| F|  |TAMS 0x0000000084e00000, 0x0000000084e00000| Untracked 
|  47|0x0000000084f00000, 0x0000000084f33e28, 0x0000000085000000| 20%| S|CS|TAMS 0x0000000084f00000, 0x0000000084f00000| Complete 
|  48|0x0000000085000000, 0x0000000085100000, 0x0000000085100000|100%| S|CS|TAMS 0x0000000085000000, 0x0000000085000000| Complete 
|  49|0x0000000085100000, 0x0000000085200000, 0x0000000085200000|100%| S|CS|TAMS 0x0000000085100000, 0x0000000085100000| Complete 
|  50|0x0000000085200000, 0x0000000085300000, 0x0000000085300000|100%| S|CS|TAMS 0x0000000085200000, 0x0000000085200000| Complete 
|  51|0x0000000085300000, 0x0000000085400000, 0x0000000085400000|100%| S|CS|TAMS 0x0000000085300000, 0x0000000085300000| Complete 
|  52|0x0000000085400000, 0x0000000085500000, 0x0000000085500000|100%| S|CS|TAMS 0x0000000085400000, 0x0000000085400000| Complete 
|  53|0x0000000085500000, 0x0000000085600000, 0x0000000085600000|100%| S|CS|TAMS 0x0000000085500000, 0x0000000085500000| Complete 
|  54|0x0000000085600000, 0x0000000085700000, 0x0000000085700000|100%| S|CS|TAMS 0x0000000085600000, 0x0000000085600000| Complete 
|  55|0x0000000085700000, 0x0000000085800000, 0x0000000085800000|100%| S|CS|TAMS 0x0000000085700000, 0x0000000085700000| Complete 
|  56|0x0000000085800000, 0x0000000085800000, 0x0000000085900000|  0%| F|  |TAMS 0x0000000085800000, 0x0000000085800000| Untracked 
|  57|0x0000000085900000, 0x0000000085900000, 0x0000000085a00000|  0%| F|  |TAMS 0x0000000085900000, 0x0000000085900000| Untracked 
|  58|0x0000000085a00000, 0x0000000085a00000, 0x0000000085b00000|  0%| F|  |TAMS 0x0000000085a00000, 0x0000000085a00000| Untracked 
|  59|0x0000000085b00000, 0x0000000085b00000, 0x0000000085c00000|  0%| F|  |TAMS 0x0000000085b00000, 0x0000000085b00000| Untracked 
|  60|0x0000000085c00000, 0x0000000085c00000, 0x0000000085d00000|  0%| F|  |TAMS 0x0000000085c00000, 0x0000000085c00000| Untracked 
|  61|0x0000000085d00000, 0x0000000085d00000, 0x0000000085e00000|  0%| F|  |TAMS 0x0000000085d00000, 0x0000000085d00000| Untracked 
|  62|0x0000000085e00000, 0x0000000085e00000, 0x0000000085f00000|  0%| F|  |TAMS 0x0000000085e00000, 0x0000000085e00000| Untracked 
|  63|0x0000000085f00000, 0x0000000085f00000, 0x0000000086000000|  0%| F|  |TAMS 0x0000000085f00000, 0x0000000085f00000| Untracked 
|  64|0x0000000086000000, 0x0000000086000000, 0x0000000086100000|  0%| F|  |TAMS 0x0000000086000000, 0x0000000086000000| Untracked 
|  65|0x0000000086100000, 0x0000000086100000, 0x0000000086200000|  0%| F|  |TAMS 0x0000000086100000, 0x0000000086100000| Untracked 
|  66|0x0000000086200000, 0x0000000086200000, 0x0000000086300000|  0%| F|  |TAMS 0x0000000086200000, 0x0000000086200000| Untracked 
|  67|0x0000000086300000, 0x0000000086300000, 0x0000000086400000|  0%| F|  |TAMS 0x0000000086300000, 0x0000000086300000| Untracked 
|  68|0x0000000086400000, 0x0000000086400000, 0x0000000086500000|  0%| F|  |TAMS 0x0000000086400000, 0x0000000086400000| Untracked 
|  69|0x0000000086500000, 0x0000000086500000, 0x0000000086600000|  0%| F|  |TAMS 0x0000000086500000, 0x0000000086500000| Untracked 
|  70|0x0000000086600000, 0x0000000086600000, 0x0000000086700000|  0%| F|  |TAMS 0x0000000086600000, 0x0000000086600000| Untracked 
|  71|0x0000000086700000, 0x0000000086700000, 0x0000000086800000|  0%| F|  |TAMS 0x0000000086700000, 0x0000000086700000| Untracked 
|  72|0x0000000086800000, 0x0000000086800000, 0x0000000086900000|  0%| F|  |TAMS 0x0000000086800000, 0x0000000086800000| Untracked 
|  73|0x0000000086900000, 0x0000000086900000, 0x0000000086a00000|  0%| F|  |TAMS 0x0000000086900000, 0x0000000086900000| Untracked 
|  74|0x0000000086a00000, 0x0000000086a00000, 0x0000000086b00000|  0%| F|  |TAMS 0x0000000086a00000, 0x0000000086a00000| Untracked 
|  75|0x0000000086b00000, 0x0000000086b00000, 0x0000000086c00000|  0%| F|  |TAMS 0x0000000086b00000, 0x0000000086b00000| Untracked 
|  76|0x0000000086c00000, 0x0000000086c00000, 0x0000000086d00000|  0%| F|  |TAMS 0x0000000086c00000, 0x0000000086c00000| Untracked 
|  77|0x0000000086d00000, 0x0000000086e00000, 0x0000000086e00000|100%| E|  |TAMS 0x0000000086d00000, 0x0000000086d00000| Complete 
|  78|0x0000000086e00000, 0x0000000086f00000, 0x0000000086f00000|100%| E|CS|TAMS 0x0000000086e00000, 0x0000000086e00000| Complete 
|  79|0x0000000086f00000, 0x0000000087000000, 0x0000000087000000|100%| E|CS|TAMS 0x0000000086f00000, 0x0000000086f00000| Complete 
|  80|0x0000000087000000, 0x0000000087100000, 0x0000000087100000|100%| E|CS|TAMS 0x0000000087000000, 0x0000000087000000| Complete 
|  81|0x0000000087100000, 0x0000000087200000, 0x0000000087200000|100%| E|CS|TAMS 0x0000000087100000, 0x0000000087100000| Complete 
|  82|0x0000000087200000, 0x0000000087300000, 0x0000000087300000|100%| E|CS|TAMS 0x0000000087200000, 0x0000000087200000| Complete 
|  83|0x0000000087300000, 0x0000000087400000, 0x0000000087400000|100%| E|CS|TAMS 0x0000000087300000, 0x0000000087300000| Complete 
|  84|0x0000000087400000, 0x0000000087500000, 0x0000000087500000|100%| E|CS|TAMS 0x0000000087400000, 0x0000000087400000| Complete 
|  85|0x0000000087500000, 0x0000000087600000, 0x0000000087600000|100%| E|CS|TAMS 0x0000000087500000, 0x0000000087500000| Complete 
|  86|0x0000000087600000, 0x0000000087700000, 0x0000000087700000|100%| E|CS|TAMS 0x0000000087600000, 0x0000000087600000| Complete 
|  87|0x0000000087700000, 0x0000000087800000, 0x0000000087800000|100%| E|CS|TAMS 0x0000000087700000, 0x0000000087700000| Complete 
|  88|0x0000000087800000, 0x0000000087900000, 0x0000000087900000|100%| E|CS|TAMS 0x0000000087800000, 0x0000000087800000| Complete 
|  89|0x0000000087900000, 0x0000000087a00000, 0x0000000087a00000|100%| E|CS|TAMS 0x0000000087900000, 0x0000000087900000| Complete 
|  90|0x0000000087a00000, 0x0000000087b00000, 0x0000000087b00000|100%| E|CS|TAMS 0x0000000087a00000, 0x0000000087a00000| Complete 
|  91|0x0000000087b00000, 0x0000000087c00000, 0x0000000087c00000|100%| E|CS|TAMS 0x0000000087b00000, 0x0000000087b00000| Complete 
|  92|0x0000000087c00000, 0x0000000087d00000, 0x0000000087d00000|100%| E|CS|TAMS 0x0000000087c00000, 0x0000000087c00000| Complete 
|  93|0x0000000087d00000, 0x0000000087e00000, 0x0000000087e00000|100%| E|CS|TAMS 0x0000000087d00000, 0x0000000087d00000| Complete 
|  94|0x0000000087e00000, 0x0000000087f00000, 0x0000000087f00000|100%| E|CS|TAMS 0x0000000087e00000, 0x0000000087e00000| Complete 
|  95|0x0000000087f00000, 0x0000000088000000, 0x0000000088000000|100%| E|CS|TAMS 0x0000000087f00000, 0x0000000087f00000| Complete 
|  96|0x0000000088000000, 0x0000000088100000, 0x0000000088100000|100%| E|CS|TAMS 0x0000000088000000, 0x0000000088000000| Complete 
|  97|0x0000000088100000, 0x0000000088200000, 0x0000000088200000|100%| E|CS|TAMS 0x0000000088100000, 0x0000000088100000| Complete 
|  98|0x0000000088200000, 0x0000000088300000, 0x0000000088300000|100%| E|CS|TAMS 0x0000000088200000, 0x0000000088200000| Complete 
|  99|0x0000000088300000, 0x0000000088400000, 0x0000000088400000|100%| E|CS|TAMS 0x0000000088300000, 0x0000000088300000| Complete 
| 100|0x0000000088400000, 0x0000000088500000, 0x0000000088500000|100%| E|CS|TAMS 0x0000000088400000, 0x0000000088400000| Complete 
| 101|0x0000000088500000, 0x0000000088600000, 0x0000000088600000|100%| E|CS|TAMS 0x0000000088500000, 0x0000000088500000| Complete 
| 102|0x0000000088600000, 0x0000000088700000, 0x0000000088700000|100%| E|CS|TAMS 0x0000000088600000, 0x0000000088600000| Complete 
| 103|0x0000000088700000, 0x0000000088800000, 0x0000000088800000|100%| E|CS|TAMS 0x0000000088700000, 0x0000000088700000| Complete 
| 104|0x0000000088800000, 0x0000000088900000, 0x0000000088900000|100%| E|CS|TAMS 0x0000000088800000, 0x0000000088800000| Complete 
| 105|0x0000000088900000, 0x0000000088a00000, 0x0000000088a00000|100%| E|CS|TAMS 0x0000000088900000, 0x0000000088900000| Complete 
| 106|0x0000000088a00000, 0x0000000088b00000, 0x0000000088b00000|100%| E|CS|TAMS 0x0000000088a00000, 0x0000000088a00000| Complete 
| 107|0x0000000088b00000, 0x0000000088c00000, 0x0000000088c00000|100%| E|CS|TAMS 0x0000000088b00000, 0x0000000088b00000| Complete 
| 108|0x0000000088c00000, 0x0000000088d00000, 0x0000000088d00000|100%| E|CS|TAMS 0x0000000088c00000, 0x0000000088c00000| Complete 
| 109|0x0000000088d00000, 0x0000000088e00000, 0x0000000088e00000|100%| E|CS|TAMS 0x0000000088d00000, 0x0000000088d00000| Complete 
| 110|0x0000000088e00000, 0x0000000088f00000, 0x0000000088f00000|100%| E|CS|TAMS 0x0000000088e00000, 0x0000000088e00000| Complete 
| 111|0x0000000088f00000, 0x0000000089000000, 0x0000000089000000|100%| E|CS|TAMS 0x0000000088f00000, 0x0000000088f00000| Complete 
| 112|0x0000000089000000, 0x0000000089100000, 0x0000000089100000|100%| E|CS|TAMS 0x0000000089000000, 0x0000000089000000| Complete 
| 113|0x0000000089100000, 0x0000000089200000, 0x0000000089200000|100%| E|CS|TAMS 0x0000000089100000, 0x0000000089100000| Complete 
| 114|0x0000000089200000, 0x0000000089300000, 0x0000000089300000|100%| E|  |TAMS 0x0000000089200000, 0x0000000089200000| Complete 
| 115|0x0000000089300000, 0x0000000089400000, 0x0000000089400000|100%| E|CS|TAMS 0x0000000089300000, 0x0000000089300000| Complete 
| 116|0x0000000089400000, 0x0000000089500000, 0x0000000089500000|100%| E|CS|TAMS 0x0000000089400000, 0x0000000089400000| Complete 
| 117|0x0000000089500000, 0x0000000089600000, 0x0000000089600000|100%| E|CS|TAMS 0x0000000089500000, 0x0000000089500000| Complete 
| 118|0x0000000089600000, 0x0000000089700000, 0x0000000089700000|100%| E|CS|TAMS 0x0000000089600000, 0x0000000089600000| Complete 
| 119|0x0000000089700000, 0x0000000089800000, 0x0000000089800000|100%| E|CS|TAMS 0x0000000089700000, 0x0000000089700000| Complete 
| 120|0x0000000089800000, 0x0000000089900000, 0x0000000089900000|100%| E|CS|TAMS 0x0000000089800000, 0x0000000089800000| Complete 
| 121|0x0000000089900000, 0x0000000089a00000, 0x0000000089a00000|100%| E|CS|TAMS 0x0000000089900000, 0x0000000089900000| Complete 
| 122|0x0000000089a00000, 0x0000000089b00000, 0x0000000089b00000|100%| E|CS|TAMS 0x0000000089a00000, 0x0000000089a00000| Complete 
| 123|0x0000000089b00000, 0x0000000089c00000, 0x0000000089c00000|100%| E|CS|TAMS 0x0000000089b00000, 0x0000000089b00000| Complete 
| 124|0x0000000089c00000, 0x0000000089d00000, 0x0000000089d00000|100%| E|CS|TAMS 0x0000000089c00000, 0x0000000089c00000| Complete 
| 125|0x0000000089d00000, 0x0000000089e00000, 0x0000000089e00000|100%| E|CS|TAMS 0x0000000089d00000, 0x0000000089d00000| Complete 

Card table byte_map: [0x000001ce60750000,0x000001ce60b40000] _byte_map_base: 0x000001ce60340000

Marking Bits (Prev, Next): (CMBitMap*) 0x000001ce469c5d30, (CMBitMap*) 0x000001ce469c5cf8
 Prev Bits: [0x000001ce62eb0000, 0x000001ce64e30000)
 Next Bits: [0x000001ce60f30000, 0x000001ce62eb0000)

Polling page: 0x000001ce508c0000

Metaspace:

Usage:
  Non-class:     26.64 MB capacity,    26.33 MB ( 99%) used,   257.29 KB ( <1%) free+waste,    61.25 KB ( <1%) overhead. 
      Class:      3.30 MB capacity,     3.11 MB ( 94%) used,   164.87 KB (  5%) free+waste,    27.44 KB ( <1%) overhead. 
       Both:     29.94 MB capacity,    29.44 MB ( 98%) used,   422.16 KB (  1%) free+waste,    88.69 KB ( <1%) overhead. 

Virtual space:
  Non-class space:       28.00 MB reserved,      26.67 MB ( 95%) committed 
      Class space:        1.00 GB reserved,       3.38 MB ( <1%) committed 
             Both:        1.03 GB reserved,      30.05 MB (  3%) committed 

Chunk freelists:
   Non-Class:  31.00 KB
       Class:  16.00 KB
        Both:  47.00 KB

MaxMetaspaceSize: 17179869184.00 GB
CompressedClassSpaceSize: 1.00 GB
Initial GC threshold: 20.80 MB
Current GC threshold: 35.08 MB
CDS: off

CodeHeap 'non-profiled nmethods': size=120000Kb used=1691Kb max_used=1691Kb free=118308Kb
 bounds [0x000001ce583b0000, 0x000001ce58620000, 0x000001ce5f8e0000]
CodeHeap 'profiled nmethods': size=120000Kb used=5870Kb max_used=5870Kb free=114129Kb
 bounds [0x000001ce50e80000, 0x000001ce51440000, 0x000001ce583b0000]
CodeHeap 'non-nmethods': size=5760Kb used=1248Kb max_used=1281Kb free=4511Kb
 bounds [0x000001ce508e0000, 0x000001ce50b50000, 0x000001ce50e80000]
 total_blobs=3393 nmethods=2862 adapters=443
 compilation: enabled
              stopped_count=0, restarted_count=0
 full_count=0

Compilation events (20 events):
Event: 71.701 Thread 0x000001ce681a3800 nmethod 2881 0x000001ce58556590 code [0x000001ce58556740, 0x000001ce585567f8]
Event: 71.729 Thread 0x000001ce681a3800 2882       3       sun.security.ssl.NamedGroup::isAvailable (51 bytes)
Event: 71.729 Thread 0x000001ce681a3800 nmethod 2882 0x000001ce51431790 code [0x000001ce51431960, 0x000001ce51431c88]
Event: 71.770 Thread 0x000001ce681a3800 2883       3       sun.security.util.math.intpoly.IntegerPolynomial$Element::mutable (5 bytes)
Event: 71.771 Thread 0x000001ce68195800 2885       4       java.math.BigInteger::testBit (38 bytes)
Event: 71.771 Thread 0x000001ce681a3800 nmethod 2883 0x000001ce51431e10 code [0x000001ce51432000, 0x000001ce51432648]
Event: 71.771 Thread 0x000001ce681a3800 2884       3       sun.security.util.math.intpoly.IntegerPolynomial$Element::mutable (26 bytes)
Event: 71.771 Thread 0x000001ce681a3800 nmethod 2884 0x000001ce51432810 code [0x000001ce51432a00, 0x000001ce51432f88]
Event: 71.771 Thread 0x000001ce681a3800 2886       3       sun.security.ssl.HKDF::<init> (64 bytes)
Event: 71.773 Thread 0x000001ce681a3800 nmethod 2886 0x000001ce51433110 code [0x000001ce51433400, 0x000001ce51434088]
Event: 71.773 Thread 0x000001ce681a3800 2887       3       java.nio.HeapByteBuffer::get (59 bytes)
Event: 71.774 Thread 0x000001ce68195800 nmethod 2885 0x000001ce58556890 code [0x000001ce58556a20, 0x000001ce58556b38]
Event: 71.774 Thread 0x000001ce68195800 2888       4       sun.security.x509.X509CertInfo::get (289 bytes)
Event: 71.774 Thread 0x000001ce681a3800 nmethod 2887 0x000001ce51434510 code [0x000001ce51434720, 0x000001ce51434d58]
Event: 71.774 Thread 0x000001ce681a3800 2890       3       sun.security.util.AlgorithmDecomposer::decomposeImpl (128 bytes)
Event: 71.776 Thread 0x000001ce681a3800 nmethod 2890 0x000001ce51435010 code [0x000001ce514352a0, 0x000001ce51435f48]
Event: 71.777 Thread 0x000001ce681a3800 2891       3       java.util.Set::of (9 bytes)
Event: 71.777 Thread 0x000001ce681a3800 nmethod 2891 0x000001ce51436510 code [0x000001ce51436700, 0x000001ce51436be8]
Event: 71.781 Thread 0x000001ce681a3800 2892       3       jdk.internal.reflect.ClassFileAssembler::emitConstantPoolClass (23 bytes)
Event: 71.782 Thread 0x000001ce681a3800 nmethod 2892 0x000001ce51436e10 code [0x000001ce51437020, 0x000001ce51437468]

GC Heap History (4 events):
Event: 1.550 GC heap before
{Heap before GC invocations=0 (full 0):
 garbage-first heap   total 129024K, used 33792K [0x0000000082000000, 0x0000000100000000)
  region size 1024K, 24 young (24576K), 0 survivors (0K)
 Metaspace       used 12059K, capacity 12181K, committed 12416K, reserved 1060864K
  class space    used 1086K, capacity 1143K, committed 1152K, reserved 1048576K
}
Event: 1.561 GC heap after
{Heap after GC invocations=1 (full 0):
 garbage-first heap   total 129024K, used 16287K [0x0000000082000000, 0x0000000100000000)
  region size 1024K, 3 young (3072K), 3 survivors (3072K)
 Metaspace       used 12059K, capacity 12181K, committed 12416K, reserved 1060864K
  class space    used 1086K, capacity 1143K, committed 1152K, reserved 1048576K
}
Event: 5.871 GC heap before
{Heap before GC invocations=1 (full 0):
 garbage-first heap   total 129024K, used 84895K [0x0000000082000000, 0x0000000100000000)
  region size 1024K, 70 young (71680K), 3 survivors (3072K)
 Metaspace       used 20840K, capacity 21179K, committed 21296K, reserved 1069056K
  class space    used 2028K, capacity 2162K, committed 2176K, reserved 1048576K
}
Event: 5.897 GC heap after
{Heap after GC invocations=2 (full 0):
 garbage-first heap   total 129024K, used 21614K [0x0000000082000000, 0x0000000100000000)
  region size 1024K, 9 young (9216K), 9 survivors (9216K)
 Metaspace       used 20840K, capacity 21179K, committed 21296K, reserved 1069056K
  class space    used 2028K, capacity 2162K, committed 2176K, reserved 1048576K
}

Deoptimization events (20 events):
Event: 62.548 Thread 0x000001ce6a92a800 DEOPT PACKING pc=0x000001ce51191fc9 sp=0x00000012885fefe0
Event: 62.549 Thread 0x000001ce6a92a800 DEOPT UNPACKING pc=0x000001ce5092a95e sp=0x00000012885fe458 mode 0
Event: 65.505 Thread 0x000001ce6a92a800 DEOPT PACKING pc=0x000001ce5132f8d0 sp=0x00000012885fe650
Event: 65.505 Thread 0x000001ce6a92a800 DEOPT UNPACKING pc=0x000001ce5092a95e sp=0x00000012885fda68 mode 0
Event: 65.539 Thread 0x000001ce6a92a800 Uncommon trap: trap_request=0xffffffc6 fr.pc=0x000001ce58551800 relative=0x0000000000000580
Event: 65.539 Thread 0x000001ce6a92a800 Uncommon trap: reason=bimorphic_or_optimized_type_check action=maybe_recompile pc=0x000001ce58551800 method=sun.security.provider.DigestBase.engineUpdate([BII)V @ 128 c2
Event: 65.539 Thread 0x000001ce6a92a800 DEOPT PACKING pc=0x000001ce58551800 sp=0x00000012885fe510
Event: 65.539 Thread 0x000001ce6a92a800 DEOPT UNPACKING pc=0x000001ce5092a1af sp=0x00000012885fe4c8 mode 2
Event: 65.539 Thread 0x000001ce6a92a800 Uncommon trap: trap_request=0xffffffc6 fr.pc=0x000001ce58551800 relative=0x0000000000000580
Event: 65.539 Thread 0x000001ce6a92a800 Uncommon trap: reason=bimorphic_or_optimized_type_check action=maybe_recompile pc=0x000001ce58551800 method=sun.security.provider.DigestBase.engineUpdate([BII)V @ 128 c2
Event: 65.539 Thread 0x000001ce6a92a800 DEOPT PACKING pc=0x000001ce58551800 sp=0x00000012885fe550
Event: 65.539 Thread 0x000001ce6a92a800 DEOPT UNPACKING pc=0x000001ce5092a1af sp=0x00000012885fe508 mode 2
Event: 65.539 Thread 0x000001ce6a92a800 Uncommon trap: trap_request=0xffffffc6 fr.pc=0x000001ce58551800 relative=0x0000000000000580
Event: 65.539 Thread 0x000001ce6a92a800 Uncommon trap: reason=bimorphic_or_optimized_type_check action=maybe_recompile pc=0x000001ce58551800 method=sun.security.provider.DigestBase.engineUpdate([BII)V @ 128 c2
Event: 65.539 Thread 0x000001ce6a92a800 DEOPT PACKING pc=0x000001ce58551800 sp=0x00000012885fe530
Event: 65.539 Thread 0x000001ce6a92a800 DEOPT UNPACKING pc=0x000001ce5092a1af sp=0x00000012885fe4e8 mode 2
Event: 65.539 Thread 0x000001ce6a92a800 Uncommon trap: trap_request=0xffffffc6 fr.pc=0x000001ce58551800 relative=0x0000000000000580
Event: 65.539 Thread 0x000001ce6a92a800 Uncommon trap: reason=bimorphic_or_optimized_type_check action=maybe_recompile pc=0x000001ce58551800 method=sun.security.provider.DigestBase.engineUpdate([BII)V @ 128 c2
Event: 65.539 Thread 0x000001ce6a92a800 DEOPT PACKING pc=0x000001ce58551800 sp=0x00000012885fe500
Event: 65.539 Thread 0x000001ce6a92a800 DEOPT UNPACKING pc=0x000001ce5092a1af sp=0x00000012885fe4b8 mode 2

Classes redefined (0 events):
No events

Internal exceptions (20 events):
Event: 27.963 Thread 0x000001ce6a930000 Exception <a 'java/net/SocketTimeoutException'{0x0000000087c0c980}: Read timed out> (0x0000000087c0c980) thrown at [s\src\hotspot\share\prims\jni.cpp, line 638]
Event: 28.968 Thread 0x000001ce6a930000 Exception <a 'java/net/SocketTimeoutException'{0x0000000087c0cca0}: Read timed out> (0x0000000087c0cca0) thrown at [s\src\hotspot\share\prims\jni.cpp, line 638]
Event: 29.971 Thread 0x000001ce6a930000 Exception <a 'java/net/SocketTimeoutException'{0x0000000087c0cfc0}: Read timed out> (0x0000000087c0cfc0) thrown at [s\src\hotspot\share\prims\jni.cpp, line 638]
Event: 30.973 Thread 0x000001ce6a930000 Exception <a 'java/net/SocketTimeoutException'{0x0000000087c0d2e0}: Read timed out> (0x0000000087c0d2e0) thrown at [s\src\hotspot\share\prims\jni.cpp, line 638]
Event: 31.976 Thread 0x000001ce6a930000 Exception <a 'java/net/SocketTimeoutException'{0x0000000087c0d600}: Read timed out> (0x0000000087c0d600) thrown at [s\src\hotspot\share\prims\jni.cpp, line 638]
Event: 32.981 Thread 0x000001ce6a930000 Exception <a 'java/net/SocketTimeoutException'{0x0000000087c0d920}: Read timed out> (0x0000000087c0d920) thrown at [s\src\hotspot\share\prims\jni.cpp, line 638]
Event: 33.995 Thread 0x000001ce6a930000 Exception <a 'java/net/SocketTimeoutException'{0x0000000087c0dc40}: Read timed out> (0x0000000087c0dc40) thrown at [s\src\hotspot\share\prims\jni.cpp, line 638]
Event: 35.009 Thread 0x000001ce6a930000 Exception <a 'java/net/SocketTimeoutException'{0x0000000087c0df60}: Read timed out> (0x0000000087c0df60) thrown at [s\src\hotspot\share\prims\jni.cpp, line 638]
Event: 36.019 Thread 0x000001ce6a930000 Exception <a 'java/net/SocketTimeoutException'{0x0000000087c0e280}: Read timed out> (0x0000000087c0e280) thrown at [s\src\hotspot\share\prims\jni.cpp, line 638]
Event: 38.701 Thread 0x000001ce6a930000 Exception <a 'java/net/SocketTimeoutException'{0x0000000087a281e0}: Read timed out> (0x0000000087a281e0) thrown at [s\src\hotspot\share\prims\jni.cpp, line 638]
Event: 41.804 Thread 0x000001ce6a930000 Exception <a 'java/net/SocketTimeoutException'{0x00000000879760e0}: Read timed out> (0x00000000879760e0) thrown at [s\src\hotspot\share\prims\jni.cpp, line 638]
Event: 44.905 Thread 0x000001ce6a92a800 Exception <a 'java/net/SocketTimeoutException'{0x00000000878ce900}: Read timed out> (0x00000000878ce900) thrown at [s\src\hotspot\share\prims\jni.cpp, line 638]
Event: 48.028 Thread 0x000001ce6a92a800 Exception <a 'java/net/SocketTimeoutException'{0x00000000876279b8}: Read timed out> (0x00000000876279b8) thrown at [s\src\hotspot\share\prims\jni.cpp, line 638]
Event: 51.110 Thread 0x000001ce6a92a800 Exception <a 'java/net/SocketTimeoutException'{0x0000000087553050}: Read timed out> (0x0000000087553050) thrown at [s\src\hotspot\share\prims\jni.cpp, line 638]
Event: 54.224 Thread 0x000001ce6a92a800 Exception <a 'java/net/SocketTimeoutException'{0x0000000087477350}: Read timed out> (0x0000000087477350) thrown at [s\src\hotspot\share\prims\jni.cpp, line 638]
Event: 57.322 Thread 0x000001ce6a92a800 Exception <a 'java/net/SocketTimeoutException'{0x000000008739d1e0}: Read timed out> (0x000000008739d1e0) thrown at [s\src\hotspot\share\prims\jni.cpp, line 638]
Event: 60.741 Thread 0x000001ce6a92a800 Exception <a 'java/net/SocketTimeoutException'{0x00000000872ecbe0}: Read timed out> (0x00000000872ecbe0) thrown at [s\src\hotspot\share\prims\jni.cpp, line 638]
Event: 63.904 Thread 0x000001ce6a931800 Exception <a 'java/net/SocketTimeoutException'{0x000000008704f028}: Read timed out> (0x000000008704f028) thrown at [s\src\hotspot\share\prims\jni.cpp, line 638]
Event: 67.032 Thread 0x000001ce6a931000 Exception <a 'java/net/SocketTimeoutException'{0x0000000086f770d0}: Read timed out> (0x0000000086f770d0) thrown at [s\src\hotspot\share\prims\jni.cpp, line 638]
Event: 70.112 Thread 0x000001ce6a931000 Exception <a 'java/net/SocketTimeoutException'{0x0000000086ece540}: Read timed out> (0x0000000086ece540) thrown at [s\src\hotspot\share\prims\jni.cpp, line 638]

Events (20 events):
Event: 70.693 Executing VM operation: RevokeBias done
Event: 70.693 Executing VM operation: RevokeBias
Event: 70.693 Executing VM operation: RevokeBias done
Event: 70.693 Executing VM operation: RevokeBias
Event: 70.693 Executing VM operation: RevokeBias done
Event: 70.693 Executing VM operation: RevokeBias
Event: 70.693 Executing VM operation: RevokeBias done
Event: 70.693 Executing VM operation: RevokeBias
Event: 70.693 Executing VM operation: RevokeBias done
Event: 70.693 Executing VM operation: RevokeBias
Event: 70.693 Executing VM operation: RevokeBias done
Event: 70.694 Thread 0x000001ce6a92e800 Thread exited: 0x000001ce6a92e800
Event: 70.694 Executing VM operation: RevokeBias
Event: 70.694 Executing VM operation: RevokeBias done
Event: 70.694 Thread 0x000001ce6a92a800 Thread exited: 0x000001ce6a92a800
Event: 70.694 Thread 0x000001ce6a92e800 Thread added: 0x000001ce6a92e800
Event: 70.694 Thread 0x000001ce6a933800 Thread exited: 0x000001ce6a933800
Event: 71.696 Thread 0x000001ce6a930000 Thread added: 0x000001ce6a930000
Event: 71.728 Executing VM operation: RevokeBias
Event: 71.728 Executing VM operation: RevokeBias done


Dynamic libraries:
0x00007ff78d1e0000 - 0x00007ff78d1ee000 	C:\Users\marko\.gradle\jdks\adoptium-11-x64-hotspot-windows\bin\java.exe
0x00007ff8decd0000 - 0x00007ff8deec8000 	C:\WINDOWS\SYSTEM32\ntdll.dll
0x00007ff8de720000 - 0x00007ff8de7dd000 	C:\WINDOWS\System32\KERNEL32.DLL
0x00007ff8dc560000 - 0x00007ff8dc856000 	C:\WINDOWS\System32\KERNELBASE.dll
0x00007ff8dc380000 - 0x00007ff8dc480000 	C:\WINDOWS\System32\ucrtbase.dll
0x00007ff8d5670000 - 0x00007ff8d5687000 	C:\Users\marko\.gradle\jdks\adoptium-11-x64-hotspot-windows\bin\jli.dll
0x00007ff8d5650000 - 0x00007ff8d566b000 	C:\Users\marko\.gradle\jdks\adoptium-11-x64-hotspot-windows\bin\VCRUNTIME140.dll
0x00007ff8dd750000 - 0x00007ff8dd8ef000 	C:\WINDOWS\System32\USER32.dll
0x00007ff8dc480000 - 0x00007ff8dc4a2000 	C:\WINDOWS\System32\win32u.dll
0x00007ff8c17c0000 - 0x00007ff8c1a5a000 	C:\WINDOWS\WinSxS\amd64_microsoft.windows.common-controls_6595b64144ccf1df_6.0.19041.3636_none_60b6a03d71f818d5\COMCTL32.dll
0x00007ff8de7f0000 - 0x00007ff8de81b000 	C:\WINDOWS\System32\GDI32.dll
0x00007ff8dcb50000 - 0x00007ff8dcc67000 	C:\WINDOWS\System32\gdi32full.dll
0x00007ff8dea30000 - 0x00007ff8deace000 	C:\WINDOWS\System32\msvcrt.dll
0x00007ff8dcab0000 - 0x00007ff8dcb4d000 	C:\WINDOWS\System32\msvcp_win.dll
0x00007ff8dde50000 - 0x00007ff8dde82000 	C:\WINDOWS\System32\IMM32.DLL
0x00007ff8d5410000 - 0x00007ff8d541c000 	C:\Users\marko\.gradle\jdks\adoptium-11-x64-hotspot-windows\bin\vcruntime140_1.dll
0x00007ff8bb0d0000 - 0x00007ff8bb15d000 	C:\Users\marko\.gradle\jdks\adoptium-11-x64-hotspot-windows\bin\msvcp140.dll
0x00007ff8a2940000 - 0x00007ff8a3503000 	C:\Users\marko\.gradle\jdks\adoptium-11-x64-hotspot-windows\bin\server\jvm.dll
0x00007ff8de0d0000 - 0x00007ff8de180000 	C:\WINDOWS\System32\ADVAPI32.dll
0x00007ff8debf0000 - 0x00007ff8dec90000 	C:\WINDOWS\System32\sechost.dll
0x00007ff8dd620000 - 0x00007ff8dd743000 	C:\WINDOWS\System32\RPCRT4.dll
0x00007ff8dc920000 - 0x00007ff8dc947000 	C:\WINDOWS\System32\bcrypt.dll
0x00007ff8dcde0000 - 0x00007ff8dcde8000 	C:\WINDOWS\System32\PSAPI.DLL
0x00007ff8bad70000 - 0x00007ff8bad79000 	C:\WINDOWS\SYSTEM32\WSOCK32.dll
0x00007ff8c0da0000 - 0x00007ff8c0dc7000 	C:\WINDOWS\SYSTEM32\WINMM.dll
0x00007ff8d4590000 - 0x00007ff8d459a000 	C:\WINDOWS\SYSTEM32\VERSION.dll
0x00007ff8ddd10000 - 0x00007ff8ddd7b000 	C:\WINDOWS\System32\WS2_32.dll
0x00007ff8dab60000 - 0x00007ff8dab72000 	C:\WINDOWS\SYSTEM32\kernel.appcore.dll
0x00007ff8c9a00000 - 0x00007ff8c9a10000 	C:\Users\marko\.gradle\jdks\adoptium-11-x64-hotspot-windows\bin\verify.dll
0x00007ff8da7f0000 - 0x00007ff8da9d4000 	C:\WINDOWS\SYSTEM32\DBGHELP.DLL
0x00007ff8c9040000 - 0x00007ff8c9074000 	C:\WINDOWS\SYSTEM32\dbgcore.DLL
0x00007ff8dcc70000 - 0x00007ff8dccf2000 	C:\WINDOWS\System32\bcryptPrimitives.dll
0x00007ff8be790000 - 0x00007ff8be7b8000 	C:\Users\marko\.gradle\jdks\adoptium-11-x64-hotspot-windows\bin\java.dll
0x00007ff8c1a90000 - 0x00007ff8c1a9a000 	C:\Users\marko\.gradle\jdks\adoptium-11-x64-hotspot-windows\bin\jimage.dll
0x00007ff8bdfa0000 - 0x00007ff8bdfb8000 	C:\Users\marko\.gradle\jdks\adoptium-11-x64-hotspot-windows\bin\zip.dll
0x00007ff8dcdf0000 - 0x00007ff8dd55b000 	C:\WINDOWS\System32\SHELL32.dll
0x00007ff8d9f30000 - 0x00007ff8da6ce000 	C:\WINDOWS\SYSTEM32\windows.storage.dll
0x00007ff8dd9b0000 - 0x00007ff8ddd03000 	C:\WINDOWS\System32\combase.dll
0x00007ff8dbce0000 - 0x00007ff8dbd0e000 	C:\WINDOWS\SYSTEM32\Wldp.dll
0x00007ff8de5f0000 - 0x00007ff8de6bd000 	C:\WINDOWS\System32\OLEAUT32.dll
0x00007ff8ddda0000 - 0x00007ff8dde4d000 	C:\WINDOWS\System32\SHCORE.dll
0x00007ff8dd8f0000 - 0x00007ff8dd945000 	C:\WINDOWS\System32\shlwapi.dll
0x00007ff8dc2b0000 - 0x00007ff8dc2d3000 	C:\WINDOWS\SYSTEM32\profapi.dll
0x00007ff8bdf10000 - 0x00007ff8bdf29000 	C:\Users\marko\.gradle\jdks\adoptium-11-x64-hotspot-windows\bin\net.dll
0x00007ff8d2790000 - 0x00007ff8d289a000 	C:\WINDOWS\SYSTEM32\WINHTTP.dll
0x00007ff8dba20000 - 0x00007ff8dba8a000 	C:\WINDOWS\system32\mswsock.dll
0x00007ff8bdc00000 - 0x00007ff8bdc12000 	C:\Users\marko\.gradle\jdks\adoptium-11-x64-hotspot-windows\bin\nio.dll
0x00007ff8dbc40000 - 0x00007ff8dbc58000 	C:\WINDOWS\SYSTEM32\CRYPTSP.dll
0x00007ff8db320000 - 0x00007ff8db354000 	C:\WINDOWS\system32\rsaenh.dll
0x00007ff8dc230000 - 0x00007ff8dc25e000 	C:\WINDOWS\SYSTEM32\USERENV.dll
0x00007ff8dbc30000 - 0x00007ff8dbc3c000 	C:\WINDOWS\SYSTEM32\CRYPTBASE.dll
0x00007ff8db6f0000 - 0x00007ff8db72b000 	C:\WINDOWS\SYSTEM32\IPHLPAPI.DLL
0x00007ff8de7e0000 - 0x00007ff8de7e8000 	C:\WINDOWS\System32\NSI.dll
0x00007ff8d45c0000 - 0x00007ff8d45d7000 	C:\WINDOWS\SYSTEM32\dhcpcsvc6.DLL
0x00007ff8d45a0000 - 0x00007ff8d45bd000 	C:\WINDOWS\SYSTEM32\dhcpcsvc.DLL
0x00007ff8db730000 - 0x00007ff8db7fb000 	C:\WINDOWS\SYSTEM32\DNSAPI.dll
0x00007ff8ce8b0000 - 0x00007ff8ce8ba000 	C:\Windows\System32\rasadhlp.dll
0x00007ff8ceb70000 - 0x00007ff8cebf0000 	C:\WINDOWS\System32\fwpuclnt.dll
0x00007ff8c1a80000 - 0x00007ff8c1a8e000 	C:\Users\marko\.gradle\jdks\adoptium-11-x64-hotspot-windows\bin\sunmscapi.dll
0x00007ff8dc950000 - 0x00007ff8dcaae000 	C:\WINDOWS\System32\CRYPT32.dll
0x00007ff8dbd50000 - 0x00007ff8dbd78000 	C:\WINDOWS\SYSTEM32\ncrypt.dll
0x00007ff8dbd10000 - 0x00007ff8dbd4b000 	C:\WINDOWS\SYSTEM32\NTASN1.dll
0x00007ff8bdb40000 - 0x00007ff8bdb67000 	C:\Users\marko\.gradle\jdks\adoptium-11-x64-hotspot-windows\bin\sunec.dll

dbghelp: loaded successfully - version: 4.0.5 - missing functions: none
symbol engine: initialized successfully - sym options: 0x614 - pdb path: .;C:\Users\marko\.gradle\jdks\adoptium-11-x64-hotspot-windows\bin;C:\WINDOWS\SYSTEM32;C:\WINDOWS\WinSxS\amd64_microsoft.windows.common-controls_6595b64144ccf1df_6.0.19041.3636_none_60b6a03d71f818d5;C:\Users\marko\.gradle\jdks\adoptium-11-x64-hotspot-windows\bin\server

VM Arguments:
jvm_args: --module-path=C:\Users\marko\.gradle\caches\modules-2\files-2.1\org.openjfx\javafx-fxml\11\d5ff9262ef49d166db658d15f37e3ecff38fde4b\javafx-fxml-11-win.jar;C:\Users\marko\.gradle\caches\modules-2\files-2.1\org.openjfx\javafx-web\11\5c8a3b6cacde832437dff8e21a82749b5f66c1cf\javafx-web-11-win.jar;C:\Users\marko\.gradle\caches\modules-2\files-2.1\org.openjfx\javafx-controls\11\af8d24de44e16a19ae959028eb23a48c145fb682\javafx-controls-11-win.jar;C:\Users\marko\.gradle\caches\modules-2\files-2.1\org.openjfx\javafx-media\11\b7a33f3ff0cad17af71e883c0921bc6819cad9c8\javafx-media-11-win.jar;C:\Users\marko\.gradle\caches\modules-2\files-2.1\org.openjfx\javafx-graphics\11\9345c7ea43dbcc73a62eca5332717b4ce617e6c6\javafx-graphics-11-win.jar;C:\Users\marko\.gradle\caches\modules-2\files-2.1\org.openjfx\javafx-base\11\ad3a4acfaa28b484d30c40c1f009445cc3f6e68b\javafx-base-11-win.jar --add-modules=javafx.controls,javafx.fxml,javafx.web,javafx.graphics -Dfile.encoding=windows-1252 -Duser.country=IT -Duser.language=it -Duser.variant 
java_command: it.unibo.ctxbasicrobot.MainCtxbasicrobotKt
java_class_path (initial): C:\Users\marko\Desktop\ISS_24\issLab24\unibo.basicrobot24\build\classes\java\main;C:\Users\marko\Desktop\ISS_24\issLab24\unibo.basicrobot24\build\classes\kotlin\main;C:\Users\marko\Desktop\ISS_24\issLab24\unibo.basicrobot24\build\resources\main;C:\Users\marko\.gradle\caches\modules-2\files-2.1\org.jetbrains.kotlinx\kotlinx-coroutines-core-jvm\1.6.0\f3b8fd26c2e76d2f18cbc36aacb6e349fcb9fd5f\kotlinx-coroutines-core-jvm-1.6.0.jar;C:\Users\marko\.gradle\caches\modules-2\files-2.1\com.squareup.okhttp3\okhttp\4.9.3\b0b14b3d12980912723fb8b66afb48dcda742fcb\okhttp-4.9.3.jar;C:\Users\marko\.gradle\caches\modules-2\files-2.1\org.jetbrains.kotlin\kotlin-stdlib-jdk7\1.9.22\c4b17283ad7939e778989663f8301d871987fa5e\kotlin-stdlib-jdk7-1.9.22.jar;C:\Users\marko\.gradle\caches\modules-2\files-2.1\com.squareup.okio\okio\2.8.0\49b64e09d81c0cc84b267edd0c2fd7df5a64c78c\okio-jvm-2.8.0.jar;C:\Users\marko\.gradle\caches\modules-2\files-2.1\org.jetbrains.kotlin\kotlin-stdlib\1.9.22\d6c44cd08d8f3f9bece8101216dbe6553365c6e3\kotlin-stdlib-1.9.22.jar;C:\Users\marko\.gradle\caches\modules-2\files-2.1\org.jetbrains.kotlin\kotlin-stdlib-jdk8\1.9.22\dea0c11e2fa503ab891c8a090e3b54754472975d\kotlin-stdlib-jdk8-1.9.22.jar;C:\Users\marko\.gradle\caches\modules-2\files-2.1\org.eclipse.californium\californium-proxy2\3.5.0\75d72a499b522210a20e2343ab491b63e315aa3a\californium-proxy2-3.5.0.jar;C:\Users\marko\.gradle\caches\modules-2\files-2.1\com.google.guava\guava\30.1.1-jre\87e0fd1df874ea3cbe577702fe6f17068b790fd8\guava-30.1.1-jre.jar;C:\Users\marko\.gradle\caches\modules-2\files-2.1\javax.websocket\javax.websocket-api\1.1\eeeb68631711256418dfbb47b11c731b6c8f6235\javax.websocket-api-1.1.jar;C:\Users\marko\.gradle\caches\modules-2\files-2.1\org.glassfish.tyrus.bundles\tyrus-standalone-client\1.9\cf9e6cdbd6ad2a72bc54c0823c0ac31c76df4b9e\tyrus-standalone-client-1.9.jar;C:\Users\marko\.gradle\caches\modules-2\files-2.1\org.apache.httpcomponents\httpclient\4.5.13\e5f6cae5ca7ecaac1ec
Launcher Type: SUN_STANDARD

[Global flags]
     intx CICompilerCount                          = 4                                         {product} {ergonomic}
     uint ConcGCThreads                            = 2                                         {product} {ergonomic}
     uint G1ConcRefinementThreads                  = 8                                         {product} {ergonomic}
   size_t G1HeapRegionSize                         = 1048576                                   {product} {ergonomic}
    uintx GCDrainStackTargetSize                   = 64                                        {product} {ergonomic}
   size_t InitialHeapSize                          = 132120576                                 {product} {ergonomic}
   size_t MarkStackSize                            = 4194304                                   {product} {ergonomic}
   size_t MaxHeapSize                              = 2113929216                                {product} {ergonomic}
   size_t MaxNewSize                               = 1267728384                                {product} {ergonomic}
   size_t MinHeapDeltaBytes                        = 1048576                                   {product} {ergonomic}
    uintx NonNMethodCodeHeapSize                   = 5836300                                {pd product} {ergonomic}
    uintx NonProfiledCodeHeapSize                  = 122910970                              {pd product} {ergonomic}
    uintx ProfiledCodeHeapSize                     = 122910970                              {pd product} {ergonomic}
    uintx ReservedCodeCacheSize                    = 251658240                              {pd product} {ergonomic}
     bool SegmentedCodeCache                       = true                                      {product} {ergonomic}
     bool UseCompressedClassPointers               = true                                 {lp64_product} {ergonomic}
     bool UseCompressedOops                        = true                                 {lp64_product} {ergonomic}
     bool UseG1GC                                  = true                                      {product} {ergonomic}
     bool UseLargePagesIndividualAllocation        = false                                  {pd product} {ergonomic}

Logging:
Log output configuration:
 #0: stdout all=warning uptime,level,tags
 #1: stderr all=off uptime,level,tags

Environment Variables:
JAVA_HOME=C:\Program Files\Java\jdk-17.0.11
CLASSPATH=C:\Users\marko\Desktop\ISS_24\issLab24\unibo.basicrobot24\\gradle\wrapper\gradle-wrapper.jar
PATH=C:\Program Files\Java\jdk-17.0.11\bin;C:\Gradle\gradle-8.6\bin;C:\Program Files\Python310\Scripts\;C:\Program Files\Python310\;C:\Program Files\Common Files\Oracle\Java\javapath;C:\Program Files (x86)\Common Files\Oracle\Java\javapath;C:\Program Files (x86)\Razer Chroma SDK\bin;C:\Program Files\Razer Chroma SDK\bin;C:\Program Files (x86)\Razer\ChromaBroadcast\bin;C:\Program Files\Razer\ChromaBroadcast\bin;C:\Program Files (x86)\Intel\Intel(R) Management Engine Components\iCLS\;C:\Program Files\Intel\Intel(R) Management Engine Components\iCLS\;C:\WINDOWS\system32;C:\WINDOWS;C:\WINDOWS\System32\Wbem;C:\WINDOWS\System32\WindowsPowerShell\v1.0\;C:\Program Files (x86)\Intel\Intel(R) Management Engine Components\DAL;C:\Program Files\Intel\Intel(R) Management Engine Components\DAL;C:\Program Files (x86)\Intel\Intel(R) Management Engine Components\IPT;C:\Program Files\Intel\Intel(R) Management Engine Components\IPT;C:\WINDOWS\System32\OpenSSH\;C:\WINDOWS\system32\config\systemprofile\AppData\Local\Microsoft\WindowsApps;C:\WINDOWS\system32;C:\WINDOWS;C:\WINDOWS\System32\Wbem;C:\WINDOWS\System32\WindowsPowerShell\v1.0\;C:\WINDOWS\System32\OpenSSH\;C:\Users\marko\AppData\Roaming\nvm;C:\Program Files\nodejs;C:\Program Files\Git\cmd;C:\Program Files\Git LFS;C:\Users\marko\AppData\Roaming\Python\Python310\Scripts;C:\Program Files\Docker\Docker\resources\bin;C:\Program Files\nodejs\;C:\Program Files\Graphviz\bin;C:\Users\marko\AppData\Local\Programs\Microsoft VS Code\bin;C:\Users\marko\AppData\Local\Microsoft\WindowsApps;C:\Users\marko\Desktop\antlr;C:\Users\marko\AppData\Local\JetBrains\IntelliJ IDEA Community Edition 2022.3.2\bin;C:\Users\marko\AppData\Roaming\npm
USERNAME=marko
OS=Windows_NT
PROCESSOR_IDENTIFIER=Intel64 Family 6 Model 142 Stepping 10, GenuineIntel
TMP=C:\Users\marko\AppData\Local\Temp
TEMP=C:\Users\marko\AppData\Local\Temp



---------------  S Y S T E M  ---------------

OS: Windows 10 , 64 bit Build 19041 (10.0.19041.3636)
OS uptime: 2 days 5:53 hours
Hyper-V role detected

CPU:total 8 (initial active 8) (4 cores per cpu, 2 threads per core) family 6 model 142 stepping 10 microcode 0xb4, cmov, cx8, fxsr, mmx, sse, sse2, sse3, ssse3, sse4.1, sse4.2, popcnt, avx, avx2, aes, clmul, erms, 3dnowpref, lzcnt, ht, tsc, tscinvbit, bmi1, bmi2, adx, fma

Memory: 4k page, system-wide physical 8058M (722M free)
TotalPageFile size 8058M (AvailPageFile size 4M)
current process WorkingSet (physical memory assigned to process): 175M, peak: 197M
current process commit charge ("private bytes"): 255M, peak: 293M

vm_info: OpenJDK 64-Bit Server VM (11.0.23+9) for windows-amd64 JRE (11.0.23+9), built on Apr 17 2024 12:39:58 by "" with MS VC++ 16.10 / 16.11 (VS2019)

END.
