#
# There is insufficient memory for the Java Runtime Environment to continue.
# Native memory allocation (malloc) failed to allocate 1079376 bytes for Chunk::new
# Possible reasons:
#   The system is out of physical RAM or swap space
#   The process is running with CompressedOops enabled, and the Java Heap may be blocking the growth of the native heap
# Possible solutions:
#   Reduce memory load on the system
#   Increase physical memory or swap space
#   Check if swap backing store is full
#   Decrease Java heap size (-Xmx/-Xms)
#   Decrease number of Java threads
#   Decrease Java thread stack sizes (-Xss)
#   Set larger code cache with -XX:ReservedCodeCacheSize=
#   JVM is running with Unscaled Compressed Oops mode in which the Java heap is
#     placed in the first 4GB address space. The Java Heap base address is the
#     maximum limit for the native heap growth. Please use -XX:HeapBaseMinAddress
#     to set the Java Heap base and to place the Java Heap above 4GB virtual address.
# This output file may be truncated or incomplete.
#
#  Out of Memory Error (arena.cpp:197), pid=17388, tid=6640
#
# JRE version: OpenJDK Runtime Environment Temurin-11.0.23+9 (11.0.23+9) (build 11.0.23+9)
# Java VM: OpenJDK 64-Bit Server VM Temurin-11.0.23+9 (11.0.23+9, mixed mode, tiered, compressed oops, g1 gc, windows-amd64)
# No core dump will be written. Minidumps are not enabled by default on client versions of Windows
#

---------------  S U M M A R Y ------------

Command Line: --module-path=C:\Users\marko\.gradle\caches\modules-2\files-2.1\org.openjfx\javafx-fxml\11\d5ff9262ef49d166db658d15f37e3ecff38fde4b\javafx-fxml-11-win.jar;C:\Users\marko\.gradle\caches\modules-2\files-2.1\org.openjfx\javafx-web\11\5c8a3b6cacde832437dff8e21a82749b5f66c1cf\javafx-web-11-win.jar;C:\Users\marko\.gradle\caches\modules-2\files-2.1\org.openjfx\javafx-controls\11\af8d24de44e16a19ae959028eb23a48c145fb682\javafx-controls-11-win.jar;C:\Users\marko\.gradle\caches\modules-2\files-2.1\org.openjfx\javafx-media\11\b7a33f3ff0cad17af71e883c0921bc6819cad9c8\javafx-media-11-win.jar;C:\Users\marko\.gradle\caches\modules-2\files-2.1\org.openjfx\javafx-graphics\11\9345c7ea43dbcc73a62eca5332717b4ce617e6c6\javafx-graphics-11-win.jar;C:\Users\marko\.gradle\caches\modules-2\files-2.1\org.openjfx\javafx-base\11\ad3a4acfaa28b484d30c40c1f009445cc3f6e68b\javafx-base-11-win.jar --add-modules=javafx.controls,javafx.fxml,javafx.web,javafx.graphics -Dfile.encoding=windows-1252 -Duser.country=IT -Duser.language=it -Duser.variant it.unibo.ctxbasicrobot.MainCtxbasicrobotKt

Host: Intel(R) Core(TM) i5-8250U CPU @ 1.60GHz, 8 cores, 7G,  Windows 10 , 64 bit Build 19041 (10.0.19041.3636)
Time: Thu May 23 16:43:09 2024 ora legale Europa occidentale elapsed time: 339.527584 seconds (0d 0h 5m 39s)

---------------  T H R E A D  ---------------

Current thread (0x000001cdcf38c000):  JavaThread "C2 CompilerThread0" daemon [_thread_in_native, id=6640, stack(0x000000b2f5a00000,0x000000b2f5b00000)]


Current CompileTask:
C2: 339528 4085 %     4       sun.security.ec.XECOperations::pointMultiply @ 101 (383 bytes)

Stack: [0x000000b2f5a00000,0x000000b2f5b00000]
Native frames: (J=compiled Java code, j=interpreted, Vv=VM code, C=native code)
V  [jvm.dll+0x645caa]
V  [jvm.dll+0x7d9849]
V  [jvm.dll+0x7daf49]
V  [jvm.dll+0x7db633]
V  [jvm.dll+0x269845]
V  [jvm.dll+0xc1bfc]
V  [jvm.dll+0xc21ac]
V  [jvm.dll+0x379b92]
V  [jvm.dll+0x1b37a2]
V  [jvm.dll+0x22193f]
V  [jvm.dll+0x2207f8]
V  [jvm.dll+0x19e5c1]
V  [jvm.dll+0x2308a9]
V  [jvm.dll+0x22ea1f]
V  [jvm.dll+0x79aa01]
V  [jvm.dll+0x7936d4]
V  [jvm.dll+0x644a65]
C  [ucrtbase.dll+0x21bb2]
C  [KERNEL32.DLL+0x17344]
C  [ntdll.dll+0x526b1]


---------------  P R O C E S S  ---------------

Threads class SMR info:
_java_thread_list=0x000001cdd098a600, length=37, elements={
0x000001cdcea0d800, 0x000001cdcea03800, 0x000001cdcf37a800, 0x000001cdcf37d000,
0x000001cdcf37e000, 0x000001cdcf38c000, 0x000001cdcf396000, 0x000001cdcf3ae000,
0x000001cdcf511800, 0x000001cdd0a3e000, 0x000001cdd0a1d000, 0x000001cdd0c1f800,
0x000001cdd076f800, 0x000001cdd0548000, 0x000001cdcf696800, 0x000001cdd0de4000,
0x000001cdd059b000, 0x000001cdd059b800, 0x000001cdcfb5a000, 0x000001cdcfb5e000,
0x000001cdcfb5c800, 0x000001cdcfb5b800, 0x000001cdcfb5d800, 0x000001cdcfb5b000,
0x000001cdcfb5f000, 0x000001cdcfb60000, 0x000001cdcfb60800, 0x000001cdcf6b9800,
0x000001cdcf6bc800, 0x000001cdcf6bd800, 0x000001cdcf6c1800, 0x000001cdcf6be000,
0x000001cdcf6bc000, 0x000001cdcf6bf000, 0x000001cdcf6c0000, 0x000001cdcf6ba000,
0x000001cdcf6c0800
}

Java Threads: ( => current thread )
  0x000001cdcea0d800 JavaThread "Reference Handler" daemon [_thread_blocked, id=7936, stack(0x000000b2f5500000,0x000000b2f5600000)]
  0x000001cdcea03800 JavaThread "Finalizer" daemon [_thread_blocked, id=3140, stack(0x000000b2f5600000,0x000000b2f5700000)]
  0x000001cdcf37a800 JavaThread "Signal Dispatcher" daemon [_thread_blocked, id=5436, stack(0x000000b2f5700000,0x000000b2f5800000)]
  0x000001cdcf37d000 JavaThread "Attach Listener" daemon [_thread_blocked, id=14700, stack(0x000000b2f5800000,0x000000b2f5900000)]
  0x000001cdcf37e000 JavaThread "Service Thread" daemon [_thread_blocked, id=4724, stack(0x000000b2f5900000,0x000000b2f5a00000)]
=>0x000001cdcf38c000 JavaThread "C2 CompilerThread0" daemon [_thread_in_native, id=6640, stack(0x000000b2f5a00000,0x000000b2f5b00000)]
  0x000001cdcf396000 JavaThread "C1 CompilerThread0" daemon [_thread_blocked, id=17344, stack(0x000000b2f5b00000,0x000000b2f5c00000)]
  0x000001cdcf3ae000 JavaThread "Sweeper thread" daemon [_thread_blocked, id=10060, stack(0x000000b2f5c00000,0x000000b2f5d00000)]
  0x000001cdcf511800 JavaThread "Common-Cleaner" daemon [_thread_blocked, id=13680, stack(0x000000b2f5d00000,0x000000b2f5e00000)]
  0x000001cdd0a3e000 JavaThread "qakcpuspool-1" daemon [_thread_blocked, id=7188, stack(0x000000b2f6300000,0x000000b2f6400000)]
  0x000001cdd0a1d000 JavaThread "qakcpuspool-2" daemon [_thread_blocked, id=6908, stack(0x000000b2f6400000,0x000000b2f6500000)]
  0x000001cdd0c1f800 JavaThread "DefaultDispatcher-worker-1" daemon [_thread_blocked, id=17200, stack(0x000000b2f6500000,0x000000b2f6600000)]
  0x000001cdd076f800 JavaThread "DefaultDispatcher-worker-2" daemon [_thread_blocked, id=5296, stack(0x000000b2f6600000,0x000000b2f6700000)]
  0x000001cdd0548000 JavaThread "DefaultDispatcher-worker-3" daemon [_thread_blocked, id=14932, stack(0x000000b2f6700000,0x000000b2f6800000)]
  0x000001cdcf696800 JavaThread "qakcpuspool-3" daemon [_thread_blocked, id=17080, stack(0x000000b2f6800000,0x000000b2f6900000)]
  0x000001cdd0de4000 JavaThread "tcpSrv" daemon [_thread_in_native, id=9604, stack(0x000000b2f6900000,0x000000b2f6a00000)]
  0x000001cdd059b000 JavaThread "CoapServer(main)#1" [_thread_blocked, id=12276, stack(0x000000b2f5f00000,0x000000b2f6000000)]
  0x000001cdd059b800 JavaThread "CoapServer(secondary)#1" [_thread_blocked, id=10708, stack(0x000000b2f6a00000,0x000000b2f6b00000)]
  0x000001cdcfb5a000 JavaThread "CoapServer(secondary)#2" [_thread_blocked, id=16540, stack(0x000000b2f6b00000,0x000000b2f6c00000)]
  0x000001cdcfb5e000 JavaThread "UDP-Receiver-0.0.0.0/0.0.0.0:8020[0]" daemon [_thread_in_native, id=9572, stack(0x000000b2f6c00000,0x000000b2f6d00000)]
  0x000001cdcfb5c800 JavaThread "UDP-Sender-0.0.0.0/0.0.0.0:8020[0]" daemon [_thread_blocked, id=16704, stack(0x000000b2f6d00000,0x000000b2f6e00000)]
  0x000001cdcfb5b800 JavaThread "qakcpuspool-4" daemon [_thread_blocked, id=2320, stack(0x000000b2f6f00000,0x000000b2f7000000)]
  0x000001cdcfb5d800 JavaThread "qakcpuspool-5" daemon [_thread_blocked, id=6136, stack(0x000000b2f7000000,0x000000b2f7100000)]
  0x000001cdcfb5b000 JavaThread "qakcpuspool-6" daemon [_thread_blocked, id=10312, stack(0x000000b2f7100000,0x000000b2f7200000)]
  0x000001cdcfb5f000 JavaThread "qakcpuspool-7" daemon [_thread_blocked, id=5036, stack(0x000000b2f7200000,0x000000b2f7300000)]
  0x000001cdcfb60000 JavaThread "qakcpuspool-8" daemon [_thread_blocked, id=10924, stack(0x000000b2f7300000,0x000000b2f7400000)]
  0x000001cdcfb60800 JavaThread "DestroyJavaVM" [_thread_blocked, id=7432, stack(0x000000b2f4e00000,0x000000b2f4f00000)]
  0x000001cdcf6b9800 JavaThread "Grizzly(1) SelectorRunner" daemon [_thread_in_native, id=6196, stack(0x000000b2f7a00000,0x000000b2f7b00000)]
  0x000001cdcf6bc800 JavaThread "Grizzly(1)" daemon [_thread_blocked, id=12936, stack(0x000000b2f7b00000,0x000000b2f7c00000)]
  0x000001cdcf6bd800 JavaThread "Grizzly(2)" daemon [_thread_blocked, id=11456, stack(0x000000b2f7c00000,0x000000b2f7d00000)]
  0x000001cdcf6c1800 JavaThread "Thread-128" daemon [_thread_in_native, id=12616, stack(0x000000b2f4b00000,0x000000b2f4c00000)]
  0x000001cdcf6be000 JavaThread "MQTT Reconnect: basicrobot" daemon [_thread_blocked, id=8044, stack(0x000000b2f4c00000,0x000000b2f4d00000)]
  0x000001cdcf6bc000 JavaThread "MQTT Con: basicrobot" daemon [_thread_blocked, id=5932, stack(0x000000b2f4d00000,0x000000b2f4e00000)]
  0x000001cdcf6bf000 JavaThread "WssSocketReceiver" daemon [_thread_in_native, id=860, stack(0x000000b2f5e00000,0x000000b2f5f00000)]
  0x000001cdcf6c0000 JavaThread "MQTT Rec: basicrobot" daemon [_thread_blocked, id=11156, stack(0x000000b2f7900000,0x000000b2f7a00000)]
  0x000001cdcf6ba000 JavaThread "MQTT Snd: basicrobot" daemon [_thread_blocked, id=13972, stack(0x000000b2f7e00000,0x000000b2f7f00000)]
  0x000001cdcf6c0800 JavaThread "MQTT Call: basicrobot" daemon [_thread_blocked, id=15936, stack(0x000000b2f7f00000,0x000000b2f8000000)]

Other Threads:
  0x000001cdce9da000 VMThread "VM Thread" [stack: 0x000000b2f5400000,0x000000b2f5500000] [id=9600]
  0x000001cdcfa20000 WatcherThread [stack: 0x000000b2f6000000,0x000000b2f6100000] [id=2552]
  0x000001cdada6a000 GCTaskThread "GC Thread#0" [stack: 0x000000b2f4f00000,0x000000b2f5000000] [id=11500]
  0x000001cdcf900800 GCTaskThread "GC Thread#1" [stack: 0x000000b2f6100000,0x000000b2f6200000] [id=11488]
  0x000001cdd045a800 GCTaskThread "GC Thread#2" [stack: 0x000000b2f6200000,0x000000b2f6300000] [id=3472]
  0x000001cdd0990000 GCTaskThread "GC Thread#3" [stack: 0x000000b2f6e00000,0x000000b2f6f00000] [id=8860]
  0x000001cdd0992000 GCTaskThread "GC Thread#4" [stack: 0x000000b2f7400000,0x000000b2f7500000] [id=4128]
  0x000001cdd0993000 GCTaskThread "GC Thread#5" [stack: 0x000000b2f7500000,0x000000b2f7600000] [id=13848]
  0x000001cdd098d000 GCTaskThread "GC Thread#6" [stack: 0x000000b2f7600000,0x000000b2f7700000] [id=4004]
  0x000001cdd098c800 GCTaskThread "GC Thread#7" [stack: 0x000000b2f7700000,0x000000b2f7800000] [id=16712]
  0x000001cdada9b800 ConcurrentGCThread "G1 Main Marker" [stack: 0x000000b2f5000000,0x000000b2f5100000] [id=5984]
  0x000001cdada9e000 ConcurrentGCThread "G1 Conc#0" [stack: 0x000000b2f5100000,0x000000b2f5200000] [id=5872]
  0x000001cdd0993800 ConcurrentGCThread "G1 Conc#1" [stack: 0x000000b2f7800000,0x000000b2f7900000] [id=7944]
  0x000001cdce844800 ConcurrentGCThread "G1 Refine#0" [stack: 0x000000b2f5200000,0x000000b2f5300000] [id=15804]
  0x000001cdadb0e800 ConcurrentGCThread "G1 Young RemSet Sampling" [stack: 0x000000b2f5300000,0x000000b2f5400000] [id=3136]

Threads with active compile tasks:
C2 CompilerThread0   339582 4085 %     4       sun.security.ec.XECOperations::pointMultiply @ 101 (383 bytes)

VM state:not at safepoint (normal execution)

VM Mutex/Monitor currently owned by a thread: None

Heap address: 0x0000000082000000, size: 2016 MB, Compressed Oops mode: 32-bit
Narrow klass base: 0x0000000000000000, Narrow klass shift: 3
Compressed class space size: 1073741824 Address: 0x0000000100000000

Heap:
 garbage-first heap   total 129024K, used 40171K [0x0000000082000000, 0x0000000100000000)
  region size 1024K, 17 young (17408K), 4 survivors (4096K)
 Metaspace       used 31222K, capacity 31737K, committed 31868K, reserved 1077248K
  class space    used 3213K, capacity 3411K, committed 3532K, reserved 1048576K
Heap Regions: E=young(eden), S=young(survivor), O=old, HS=humongous(starts), HC=humongous(continues), CS=collection set, F=free, A=archive, TAMS=top-at-mark-start (previous, next)
|   0|0x0000000082000000, 0x0000000082100000, 0x0000000082100000|100%|HS|  |TAMS 0x0000000082100000, 0x0000000082000000| Complete 
|   1|0x0000000082100000, 0x0000000082200000, 0x0000000082200000|100%|HC|  |TAMS 0x0000000082200000, 0x0000000082100000| Complete 
|   2|0x0000000082200000, 0x0000000082300000, 0x0000000082300000|100%|HC|  |TAMS 0x0000000082300000, 0x0000000082200000| Complete 
|   3|0x0000000082300000, 0x0000000082400000, 0x0000000082400000|100%|HC|  |TAMS 0x0000000082400000, 0x0000000082300000| Complete 
|   4|0x0000000082400000, 0x0000000082500000, 0x0000000082500000|100%|HC|  |TAMS 0x0000000082500000, 0x0000000082400000| Complete 
|   5|0x0000000082500000, 0x0000000082600000, 0x0000000082600000|100%|HC|  |TAMS 0x0000000082600000, 0x0000000082500000| Complete 
|   6|0x0000000082600000, 0x0000000082700000, 0x0000000082700000|100%|HC|  |TAMS 0x0000000082700000, 0x0000000082600000| Complete 
|   7|0x0000000082700000, 0x0000000082800000, 0x0000000082800000|100%|HC|  |TAMS 0x0000000082800000, 0x0000000082700000| Complete 
|   8|0x0000000082800000, 0x0000000082900000, 0x0000000082900000|100%|HC|  |TAMS 0x0000000082900000, 0x0000000082800000| Complete 
|   9|0x0000000082900000, 0x0000000082a00000, 0x0000000082a00000|100%|HS|  |TAMS 0x0000000082a00000, 0x0000000082900000| Complete 
|  10|0x0000000082a00000, 0x0000000082b00000, 0x0000000082b00000|100%| O|  |TAMS 0x0000000082b00000, 0x0000000082a00000| Untracked 
|  11|0x0000000082b00000, 0x0000000082c00000, 0x0000000082c00000|100%| O|  |TAMS 0x0000000082c00000, 0x0000000082b00000| Untracked 
|  12|0x0000000082c00000, 0x0000000082d00000, 0x0000000082d00000|100%| O|  |TAMS 0x0000000082cfd200, 0x0000000082c00000| Untracked 
|  13|0x0000000082d00000, 0x0000000082e00000, 0x0000000082e00000|100%| O|  |TAMS 0x0000000082d00000, 0x0000000082d00000| Untracked 
|  14|0x0000000082e00000, 0x0000000082f00000, 0x0000000082f00000|100%| O|  |TAMS 0x0000000082e00000, 0x0000000082e00000| Untracked 
|  15|0x0000000082f00000, 0x0000000083000000, 0x0000000083000000|100%| O|  |TAMS 0x0000000082f00000, 0x0000000082f00000| Untracked 
|  16|0x0000000083000000, 0x0000000083100000, 0x0000000083100000|100%| O|  |TAMS 0x0000000083000000, 0x0000000083000000| Untracked 
|  17|0x0000000083100000, 0x0000000083200000, 0x0000000083200000|100%| O|  |TAMS 0x0000000083100000, 0x0000000083100000| Untracked 
|  18|0x0000000083200000, 0x0000000083300000, 0x0000000083300000|100%| O|  |TAMS 0x0000000083200000, 0x0000000083200000| Untracked 
|  19|0x0000000083300000, 0x0000000083400000, 0x0000000083400000|100%| O|  |TAMS 0x0000000083300000, 0x0000000083300000| Untracked 
|  20|0x0000000083400000, 0x0000000083500000, 0x0000000083500000|100%| O|  |TAMS 0x0000000083400000, 0x0000000083400000| Untracked 
|  21|0x0000000083500000, 0x0000000083600000, 0x0000000083600000|100%| O|  |TAMS 0x0000000083500000, 0x0000000083500000| Untracked 
|  22|0x0000000083600000, 0x0000000083700000, 0x0000000083700000|100%| O|  |TAMS 0x0000000083600000, 0x0000000083600000| Untracked 
|  23|0x0000000083700000, 0x0000000083800000, 0x0000000083800000|100%| O|  |TAMS 0x0000000083700000, 0x0000000083700000| Untracked 
|  24|0x0000000083800000, 0x000000008381a000, 0x0000000083900000| 10%| O|  |TAMS 0x0000000083800000, 0x0000000083800000| Untracked 
|  25|0x0000000083900000, 0x0000000083900000, 0x0000000083a00000|  0%| F|  |TAMS 0x0000000083900000, 0x0000000083900000| Untracked 
|  26|0x0000000083a00000, 0x0000000083a00000, 0x0000000083b00000|  0%| F|  |TAMS 0x0000000083a00000, 0x0000000083a00000| Untracked 
|  27|0x0000000083b00000, 0x0000000083b00000, 0x0000000083c00000|  0%| F|  |TAMS 0x0000000083b00000, 0x0000000083b00000| Untracked 
|  28|0x0000000083c00000, 0x0000000083c00000, 0x0000000083d00000|  0%| F|  |TAMS 0x0000000083c00000, 0x0000000083c00000| Untracked 
|  29|0x0000000083d00000, 0x0000000083d00000, 0x0000000083e00000|  0%| F|  |TAMS 0x0000000083d00000, 0x0000000083d00000| Untracked 
|  30|0x0000000083e00000, 0x0000000083e00000, 0x0000000083f00000|  0%| F|  |TAMS 0x0000000083e00000, 0x0000000083e00000| Untracked 
|  31|0x0000000083f00000, 0x0000000083f00000, 0x0000000084000000|  0%| F|  |TAMS 0x0000000083f00000, 0x0000000083f00000| Untracked 
|  32|0x0000000084000000, 0x0000000084000000, 0x0000000084100000|  0%| F|  |TAMS 0x0000000084000000, 0x0000000084000000| Untracked 
|  33|0x0000000084100000, 0x0000000084100000, 0x0000000084200000|  0%| F|  |TAMS 0x0000000084100000, 0x0000000084100000| Untracked 
|  34|0x0000000084200000, 0x0000000084200000, 0x0000000084300000|  0%| F|  |TAMS 0x0000000084200000, 0x0000000084200000| Untracked 
|  35|0x0000000084300000, 0x0000000084300000, 0x0000000084400000|  0%| F|  |TAMS 0x0000000084300000, 0x0000000084300000| Untracked 
|  36|0x0000000084400000, 0x0000000084400000, 0x0000000084500000|  0%| F|  |TAMS 0x0000000084400000, 0x0000000084400000| Untracked 
|  37|0x0000000084500000, 0x0000000084500000, 0x0000000084600000|  0%| F|  |TAMS 0x0000000084500000, 0x0000000084500000| Untracked 
|  38|0x0000000084600000, 0x0000000084600000, 0x0000000084700000|  0%| F|  |TAMS 0x0000000084600000, 0x0000000084600000| Untracked 
|  39|0x0000000084700000, 0x0000000084700000, 0x0000000084800000|  0%| F|  |TAMS 0x0000000084700000, 0x0000000084700000| Untracked 
|  40|0x0000000084800000, 0x0000000084800000, 0x0000000084900000|  0%| F|  |TAMS 0x0000000084800000, 0x0000000084800000| Untracked 
|  41|0x0000000084900000, 0x0000000084900000, 0x0000000084a00000|  0%| F|  |TAMS 0x0000000084900000, 0x0000000084900000| Untracked 
|  42|0x0000000084a00000, 0x0000000084a00000, 0x0000000084b00000|  0%| F|  |TAMS 0x0000000084a00000, 0x0000000084a00000| Untracked 
|  43|0x0000000084b00000, 0x0000000084b00000, 0x0000000084c00000|  0%| F|  |TAMS 0x0000000084b00000, 0x0000000084b00000| Untracked 
|  44|0x0000000084c00000, 0x0000000084c00000, 0x0000000084d00000|  0%| F|  |TAMS 0x0000000084c00000, 0x0000000084c00000| Untracked 
|  45|0x0000000084d00000, 0x0000000084d00000, 0x0000000084e00000|  0%| F|  |TAMS 0x0000000084d00000, 0x0000000084d00000| Untracked 
|  46|0x0000000084e00000, 0x0000000084e00000, 0x0000000084f00000|  0%| F|  |TAMS 0x0000000084e00000, 0x0000000084e00000| Untracked 
|  47|0x0000000084f00000, 0x0000000084f00000, 0x0000000085000000|  0%| F|  |TAMS 0x0000000084f00000, 0x0000000084f00000| Untracked 
|  48|0x0000000085000000, 0x0000000085000000, 0x0000000085100000|  0%| F|  |TAMS 0x0000000085000000, 0x0000000085000000| Untracked 
|  49|0x0000000085100000, 0x0000000085100000, 0x0000000085200000|  0%| F|  |TAMS 0x0000000085100000, 0x0000000085100000| Untracked 
|  50|0x0000000085200000, 0x0000000085220da8, 0x0000000085300000| 12%| S|CS|TAMS 0x0000000085200000, 0x0000000085200000| Complete 
|  51|0x0000000085300000, 0x0000000085400000, 0x0000000085400000|100%| S|CS|TAMS 0x0000000085300000, 0x0000000085300000| Complete 
|  52|0x0000000085400000, 0x0000000085400000, 0x0000000085500000|  0%| F|  |TAMS 0x0000000085400000, 0x0000000085400000| Untracked 
|  53|0x0000000085500000, 0x0000000085500000, 0x0000000085600000|  0%| F|  |TAMS 0x0000000085500000, 0x0000000085500000| Untracked 
|  54|0x0000000085600000, 0x0000000085600000, 0x0000000085700000|  0%| F|  |TAMS 0x0000000085600000, 0x0000000085600000| Untracked 
|  55|0x0000000085700000, 0x0000000085700000, 0x0000000085800000|  0%| F|  |TAMS 0x0000000085700000, 0x0000000085700000| Untracked 
|  56|0x0000000085800000, 0x0000000085800000, 0x0000000085900000|  0%| F|  |TAMS 0x0000000085800000, 0x0000000085800000| Untracked 
|  57|0x0000000085900000, 0x0000000085900000, 0x0000000085a00000|  0%| F|  |TAMS 0x0000000085900000, 0x0000000085900000| Untracked 
|  58|0x0000000085a00000, 0x0000000085b00000, 0x0000000085b00000|100%| S|CS|TAMS 0x0000000085a00000, 0x0000000085a00000| Complete 
|  59|0x0000000085b00000, 0x0000000085c00000, 0x0000000085c00000|100%| S|CS|TAMS 0x0000000085b00000, 0x0000000085b00000| Complete 
|  60|0x0000000085c00000, 0x0000000085c00000, 0x0000000085d00000|  0%| F|  |TAMS 0x0000000085c00000, 0x0000000085c00000| Untracked 
|  61|0x0000000085d00000, 0x0000000085d00000, 0x0000000085e00000|  0%| F|  |TAMS 0x0000000085d00000, 0x0000000085d00000| Untracked 
|  62|0x0000000085e00000, 0x0000000085e00000, 0x0000000085f00000|  0%| F|  |TAMS 0x0000000085e00000, 0x0000000085e00000| Untracked 
|  63|0x0000000085f00000, 0x0000000085f00000, 0x0000000086000000|  0%| F|  |TAMS 0x0000000085f00000, 0x0000000085f00000| Untracked 
|  64|0x0000000086000000, 0x0000000086000000, 0x0000000086100000|  0%| F|  |TAMS 0x0000000086000000, 0x0000000086000000| Untracked 
|  65|0x0000000086100000, 0x0000000086100000, 0x0000000086200000|  0%| F|  |TAMS 0x0000000086100000, 0x0000000086100000| Untracked 
|  66|0x0000000086200000, 0x0000000086200000, 0x0000000086300000|  0%| F|  |TAMS 0x0000000086200000, 0x0000000086200000| Untracked 
|  67|0x0000000086300000, 0x0000000086300000, 0x0000000086400000|  0%| F|  |TAMS 0x0000000086300000, 0x0000000086300000| Untracked 
|  68|0x0000000086400000, 0x0000000086400000, 0x0000000086500000|  0%| F|  |TAMS 0x0000000086400000, 0x0000000086400000| Untracked 
|  69|0x0000000086500000, 0x0000000086500000, 0x0000000086600000|  0%| F|  |TAMS 0x0000000086500000, 0x0000000086500000| Untracked 
|  70|0x0000000086600000, 0x0000000086600000, 0x0000000086700000|  0%| F|  |TAMS 0x0000000086600000, 0x0000000086600000| Untracked 
|  71|0x0000000086700000, 0x0000000086700000, 0x0000000086800000|  0%| F|  |TAMS 0x0000000086700000, 0x0000000086700000| Untracked 
|  72|0x0000000086800000, 0x0000000086800000, 0x0000000086900000|  0%| F|  |TAMS 0x0000000086800000, 0x0000000086800000| Untracked 
|  73|0x0000000086900000, 0x0000000086900000, 0x0000000086a00000|  0%| F|  |TAMS 0x0000000086900000, 0x0000000086900000| Untracked 
|  74|0x0000000086a00000, 0x0000000086a00000, 0x0000000086b00000|  0%| F|  |TAMS 0x0000000086a00000, 0x0000000086a00000| Untracked 
|  75|0x0000000086b00000, 0x0000000086b00000, 0x0000000086c00000|  0%| F|  |TAMS 0x0000000086b00000, 0x0000000086b00000| Untracked 
|  76|0x0000000086c00000, 0x0000000086c00000, 0x0000000086d00000|  0%| F|  |TAMS 0x0000000086c00000, 0x0000000086c00000| Untracked 
|  77|0x0000000086d00000, 0x0000000086d00000, 0x0000000086e00000|  0%| F|  |TAMS 0x0000000086d00000, 0x0000000086d00000| Untracked 
|  78|0x0000000086e00000, 0x0000000086e00000, 0x0000000086f00000|  0%| F|  |TAMS 0x0000000086e00000, 0x0000000086e00000| Untracked 
|  79|0x0000000086f00000, 0x0000000086f00000, 0x0000000087000000|  0%| F|  |TAMS 0x0000000086f00000, 0x0000000086f00000| Untracked 
|  80|0x0000000087000000, 0x0000000087000000, 0x0000000087100000|  0%| F|  |TAMS 0x0000000087000000, 0x0000000087000000| Untracked 
|  81|0x0000000087100000, 0x0000000087100000, 0x0000000087200000|  0%| F|  |TAMS 0x0000000087100000, 0x0000000087100000| Untracked 
|  82|0x0000000087200000, 0x0000000087200000, 0x0000000087300000|  0%| F|  |TAMS 0x0000000087200000, 0x0000000087200000| Untracked 
|  83|0x0000000087300000, 0x0000000087300000, 0x0000000087400000|  0%| F|  |TAMS 0x0000000087300000, 0x0000000087300000| Untracked 
|  84|0x0000000087400000, 0x0000000087400000, 0x0000000087500000|  0%| F|  |TAMS 0x0000000087400000, 0x0000000087400000| Untracked 
|  85|0x0000000087500000, 0x0000000087500000, 0x0000000087600000|  0%| F|  |TAMS 0x0000000087500000, 0x0000000087500000| Untracked 
|  86|0x0000000087600000, 0x0000000087600000, 0x0000000087700000|  0%| F|  |TAMS 0x0000000087600000, 0x0000000087600000| Untracked 
|  87|0x0000000087700000, 0x0000000087700000, 0x0000000087800000|  0%| F|  |TAMS 0x0000000087700000, 0x0000000087700000| Untracked 
|  88|0x0000000087800000, 0x0000000087800000, 0x0000000087900000|  0%| F|  |TAMS 0x0000000087800000, 0x0000000087800000| Untracked 
|  89|0x0000000087900000, 0x0000000087900000, 0x0000000087a00000|  0%| F|  |TAMS 0x0000000087900000, 0x0000000087900000| Untracked 
|  90|0x0000000087a00000, 0x0000000087a00000, 0x0000000087b00000|  0%| F|  |TAMS 0x0000000087a00000, 0x0000000087a00000| Untracked 
|  91|0x0000000087b00000, 0x0000000087b00000, 0x0000000087c00000|  0%| F|  |TAMS 0x0000000087b00000, 0x0000000087b00000| Untracked 
|  92|0x0000000087c00000, 0x0000000087c00000, 0x0000000087d00000|  0%| F|  |TAMS 0x0000000087c00000, 0x0000000087c00000| Untracked 
|  93|0x0000000087d00000, 0x0000000087d00000, 0x0000000087e00000|  0%| F|  |TAMS 0x0000000087d00000, 0x0000000087d00000| Untracked 
|  94|0x0000000087e00000, 0x0000000087e00000, 0x0000000087f00000|  0%| F|  |TAMS 0x0000000087e00000, 0x0000000087e00000| Untracked 
|  95|0x0000000087f00000, 0x0000000087f00000, 0x0000000088000000|  0%| F|  |TAMS 0x0000000087f00000, 0x0000000087f00000| Untracked 
|  96|0x0000000088000000, 0x0000000088000000, 0x0000000088100000|  0%| F|  |TAMS 0x0000000088000000, 0x0000000088000000| Untracked 
|  97|0x0000000088100000, 0x0000000088100000, 0x0000000088200000|  0%| F|  |TAMS 0x0000000088100000, 0x0000000088100000| Untracked 
|  98|0x0000000088200000, 0x0000000088200000, 0x0000000088300000|  0%| F|  |TAMS 0x0000000088200000, 0x0000000088200000| Untracked 
|  99|0x0000000088300000, 0x0000000088300000, 0x0000000088400000|  0%| F|  |TAMS 0x0000000088300000, 0x0000000088300000| Untracked 
| 100|0x0000000088400000, 0x0000000088400000, 0x0000000088500000|  0%| F|  |TAMS 0x0000000088400000, 0x0000000088400000| Untracked 
| 101|0x0000000088500000, 0x0000000088500000, 0x0000000088600000|  0%| F|  |TAMS 0x0000000088500000, 0x0000000088500000| Untracked 
| 102|0x0000000088600000, 0x0000000088600000, 0x0000000088700000|  0%| F|  |TAMS 0x0000000088600000, 0x0000000088600000| Untracked 
| 103|0x0000000088700000, 0x0000000088700000, 0x0000000088800000|  0%| F|  |TAMS 0x0000000088700000, 0x0000000088700000| Untracked 
| 104|0x0000000088800000, 0x0000000088800000, 0x0000000088900000|  0%| F|  |TAMS 0x0000000088800000, 0x0000000088800000| Untracked 
| 105|0x0000000088900000, 0x0000000088900000, 0x0000000088a00000|  0%| F|  |TAMS 0x0000000088900000, 0x0000000088900000| Untracked 
| 106|0x0000000088a00000, 0x0000000088a00000, 0x0000000088b00000|  0%| F|  |TAMS 0x0000000088a00000, 0x0000000088a00000| Untracked 
| 107|0x0000000088b00000, 0x0000000088b00000, 0x0000000088c00000|  0%| F|  |TAMS 0x0000000088b00000, 0x0000000088b00000| Untracked 
| 108|0x0000000088c00000, 0x0000000088c00000, 0x0000000088d00000|  0%| F|  |TAMS 0x0000000088c00000, 0x0000000088c00000| Untracked 
| 109|0x0000000088d00000, 0x0000000088d00000, 0x0000000088e00000|  0%| F|  |TAMS 0x0000000088d00000, 0x0000000088d00000| Untracked 
| 110|0x0000000088e00000, 0x0000000088e00000, 0x0000000088f00000|  0%| F|  |TAMS 0x0000000088e00000, 0x0000000088e00000| Untracked 
| 111|0x0000000088f00000, 0x0000000088f00000, 0x0000000089000000|  0%| F|  |TAMS 0x0000000088f00000, 0x0000000088f00000| Untracked 
| 112|0x0000000089000000, 0x0000000089000000, 0x0000000089100000|  0%| F|  |TAMS 0x0000000089000000, 0x0000000089000000| Untracked 
| 113|0x0000000089100000, 0x0000000089100800, 0x0000000089200000|  0%| E|  |TAMS 0x0000000089100000, 0x0000000089100000| Complete 
| 114|0x0000000089200000, 0x0000000089300000, 0x0000000089300000|100%| E|CS|TAMS 0x0000000089200000, 0x0000000089200000| Complete 
| 115|0x0000000089300000, 0x0000000089400000, 0x0000000089400000|100%| E|CS|TAMS 0x0000000089300000, 0x0000000089300000| Complete 
| 116|0x0000000089400000, 0x0000000089500000, 0x0000000089500000|100%| E|CS|TAMS 0x0000000089400000, 0x0000000089400000| Complete 
| 117|0x0000000089500000, 0x0000000089600000, 0x0000000089600000|100%| E|CS|TAMS 0x0000000089500000, 0x0000000089500000| Complete 
| 118|0x0000000089600000, 0x0000000089700000, 0x0000000089700000|100%| E|CS|TAMS 0x0000000089600000, 0x0000000089600000| Complete 
| 119|0x0000000089700000, 0x0000000089800000, 0x0000000089800000|100%| E|CS|TAMS 0x0000000089700000, 0x0000000089700000| Complete 
| 120|0x0000000089800000, 0x0000000089900000, 0x0000000089900000|100%| E|CS|TAMS 0x0000000089800000, 0x0000000089800000| Complete 
| 121|0x0000000089900000, 0x0000000089a00000, 0x0000000089a00000|100%| E|CS|TAMS 0x0000000089900000, 0x0000000089900000| Complete 
| 122|0x0000000089a00000, 0x0000000089b00000, 0x0000000089b00000|100%| E|CS|TAMS 0x0000000089a00000, 0x0000000089a00000| Complete 
| 123|0x0000000089b00000, 0x0000000089c00000, 0x0000000089c00000|100%| E|CS|TAMS 0x0000000089b00000, 0x0000000089b00000| Complete 
| 124|0x0000000089c00000, 0x0000000089d00000, 0x0000000089d00000|100%| E|CS|TAMS 0x0000000089c00000, 0x0000000089c00000| Complete 
| 125|0x0000000089d00000, 0x0000000089e00000, 0x0000000089e00000|100%| E|CS|TAMS 0x0000000089d00000, 0x0000000089d00000| Complete 

Card table byte_map: [0x000001cdc7820000,0x000001cdc7c10000] _byte_map_base: 0x000001cdc7410000

Marking Bits (Prev, Next): (CMBitMap*) 0x000001cdada92dc0, (CMBitMap*) 0x000001cdada92d88
 Prev Bits: [0x000001cdc9f80000, 0x000001cdcbf00000)
 Next Bits: [0x000001cdc8000000, 0x000001cdc9f80000)

Polling page: 0x000001cdadb10000

Metaspace:

Usage:
  Non-class:     27.66 MB capacity,    27.35 MB ( 99%) used,   254.48 KB ( <1%) free+waste,    62.81 KB ( <1%) overhead. 
      Class:      3.33 MB capacity,     3.14 MB ( 94%) used,   169.90 KB (  5%) free+waste,    27.69 KB ( <1%) overhead. 
       Both:     30.99 MB capacity,    30.49 MB ( 98%) used,   424.38 KB (  1%) free+waste,    90.50 KB ( <1%) overhead. 

Virtual space:
  Non-class space:       28.00 MB reserved,      27.67 MB ( 99%) committed 
      Class space:        1.00 GB reserved,       3.45 MB ( <1%) committed 
             Both:        1.03 GB reserved,      31.12 MB (  3%) committed 

Chunk freelists:
   Non-Class:  10.00 KB
       Class:  13.00 KB
        Both:  23.00 KB

MaxMetaspaceSize: 17179869184.00 GB
CompressedClassSpaceSize: 1.00 GB
Initial GC threshold: 20.80 MB
Current GC threshold: 35.20 MB
CDS: off

CodeHeap 'non-profiled nmethods': size=120000Kb used=2528Kb max_used=2528Kb free=117471Kb
 bounds [0x000001cdbf480000, 0x000001cdbf700000, 0x000001cdc69b0000]
CodeHeap 'profiled nmethods': size=120000Kb used=8517Kb max_used=8517Kb free=111483Kb
 bounds [0x000001cdb7f50000, 0x000001cdb87b0000, 0x000001cdbf480000]
CodeHeap 'non-nmethods': size=5760Kb used=1249Kb max_used=1299Kb free=4510Kb
 bounds [0x000001cdb79b0000, 0x000001cdb7c20000, 0x000001cdb7f50000]
 total_blobs=4581 nmethods=4048 adapters=445
 compilation: enabled
              stopped_count=0, restarted_count=0
 full_count=0

Compilation events (20 events):
Event: 333.440 Thread 0x000001cdcf396000 nmethod 4075 0x000001cdbf6f6410 code [0x000001cdbf6f65c0, 0x000001cdbf6f6658]
Event: 334.464 Thread 0x000001cdcf396000 4076  s    3       java.net.Socket::setSoTimeout (46 bytes)
Event: 334.465 Thread 0x000001cdcf38c000 4077       4       java.math.BigInteger::bitLength (140 bytes)
Event: 334.465 Thread 0x000001cdcf396000 nmethod 4076 0x000001cdb879d510 code [0x000001cdb879d760, 0x000001cdb879e1e8]
Event: 334.466 Thread 0x000001cdcf38c000 nmethod 4077 0x000001cdbf6f6710 code [0x000001cdbf6f68a0, 0x000001cdbf6f6978]
Event: 334.514 Thread 0x000001cdcf38c000 4078       4       com.sun.crypto.provider.HmacCore::engineUpdate (35 bytes)
Event: 334.515 Thread 0x000001cdcf396000 4079   !   3       sun.security.x509.X509Key::equals (58 bytes)
Event: 334.515 Thread 0x000001cdcf396000 nmethod 4079 0x000001cdb879e510 code [0x000001cdb879e720, 0x000001cdb879ef78]
Event: 334.516 Thread 0x000001cdcf38c000 nmethod 4078 0x000001cdbf6f6a90 code [0x000001cdbf6f6c40, 0x000001cdbf6f6df8]
Event: 334.730 Thread 0x000001cdcf38c000 4080       4       java.util.Locale::hashCode (41 bytes)
Event: 334.756 Thread 0x000001cdcf38c000 nmethod 4080 0x000001cdbf6f7010 code [0x000001cdbf6f7200, 0x000001cdbf6f7af0]
Event: 335.025 Thread 0x000001cdcf396000 4081       3       org.eclipse.paho.client.mqttv3.MqttAsyncClient::access$1 (4 bytes)
Event: 335.025 Thread 0x000001cdcf396000 nmethod 4081 0x000001cdb879f190 code [0x000001cdb879f340, 0x000001cdb879f438]
Event: 335.028 Thread 0x000001cdcf396000 4082   !   3       java.util.Timer::cancel (40 bytes)
Event: 335.029 Thread 0x000001cdcf396000 nmethod 4082 0x000001cdb879f510 code [0x000001cdb879f700, 0x000001cdb879fcc8]
Event: 337.955 Thread 0x000001cdcf396000 4083   !   3       java.util.concurrent.locks.AbstractQueuedSynchronizer::acquireQueued (74 bytes)
Event: 337.958 Thread 0x000001cdcf396000 nmethod 4083 0x000001cdb879ff90 code [0x000001cdb87a0240, 0x000001cdb87a0ee8]
Event: 338.116 Thread 0x000001cdcf38c000 4084       4       sun.security.ssl.TransportContext::isInboundClosed (8 bytes)
Event: 338.118 Thread 0x000001cdcf38c000 nmethod 4084 0x000001cdbf6f8010 code [0x000001cdbf6f81a0, 0x000001cdbf6f8218]
Event: 339.199 Thread 0x000001cdcf38c000 4085 %     4       sun.security.ec.XECOperations::pointMultiply @ 101 (383 bytes)

GC Heap History (10 events):
Event: 5.990 GC heap before
{Heap before GC invocations=0 (full 0):
 garbage-first heap   total 129024K, used 33792K [0x0000000082000000, 0x0000000100000000)
  region size 1024K, 24 young (24576K), 0 survivors (0K)
 Metaspace       used 12054K, capacity 12181K, committed 12416K, reserved 1060864K
  class space    used 1087K, capacity 1143K, committed 1152K, reserved 1048576K
}
Event: 6.003 GC heap after
{Heap after GC invocations=1 (full 0):
 garbage-first heap   total 129024K, used 16372K [0x0000000082000000, 0x0000000100000000)
  region size 1024K, 3 young (3072K), 3 survivors (3072K)
 Metaspace       used 12054K, capacity 12181K, committed 12416K, reserved 1060864K
  class space    used 1087K, capacity 1143K, committed 1152K, reserved 1048576K
}
Event: 11.141 GC heap before
{Heap before GC invocations=1 (full 0):
 garbage-first heap   total 129024K, used 84980K [0x0000000082000000, 0x0000000100000000)
  region size 1024K, 70 young (71680K), 3 survivors (3072K)
 Metaspace       used 20856K, capacity 21180K, committed 21296K, reserved 1069056K
  class space    used 2036K, capacity 2162K, committed 2176K, reserved 1048576K
}
Event: 11.167 GC heap after
{Heap after GC invocations=2 (full 0):
 garbage-first heap   total 129024K, used 21744K [0x0000000082000000, 0x0000000100000000)
  region size 1024K, 9 young (9216K), 9 survivors (9216K)
 Metaspace       used 20856K, capacity 21180K, committed 21296K, reserved 1069056K
  class space    used 2036K, capacity 2162K, committed 2176K, reserved 1048576K
}
Event: 62.304 GC heap before
{Heap before GC invocations=3 (full 0):
 garbage-first heap   total 129024K, used 79088K [0x0000000082000000, 0x0000000100000000)
  region size 1024K, 66 young (67584K), 9 survivors (9216K)
 Metaspace       used 30231K, capacity 30740K, committed 30972K, reserved 1077248K
  class space    used 3186K, capacity 3379K, committed 3404K, reserved 1048576K
}
Event: 62.320 GC heap after
{Heap after GC invocations=4 (full 0):
 garbage-first heap   total 129024K, used 25866K [0x0000000082000000, 0x0000000100000000)
  region size 1024K, 5 young (5120K), 5 survivors (5120K)
 Metaspace       used 30231K, capacity 30740K, committed 30972K, reserved 1077248K
  class space    used 3186K, capacity 3379K, committed 3404K, reserved 1048576K
}
Event: 195.140 GC heap before
{Heap before GC invocations=4 (full 0):
 garbage-first heap   total 129024K, used 90378K [0x0000000082000000, 0x0000000100000000)
  region size 1024K, 68 young (69632K), 5 survivors (5120K)
 Metaspace       used 30964K, capacity 31480K, committed 31612K, reserved 1077248K
  class space    used 3212K, capacity 3411K, committed 3532K, reserved 1048576K
}
Event: 195.145 GC heap after
{Heap after GC invocations=5 (full 0):
 garbage-first heap   total 129024K, used 27592K [0x0000000082000000, 0x0000000100000000)
  region size 1024K, 6 young (6144K), 6 survivors (6144K)
 Metaspace       used 30964K, capacity 31480K, committed 31612K, reserved 1077248K
  class space    used 3212K, capacity 3411K, committed 3532K, reserved 1048576K
}
Event: 318.067 GC heap before
{Heap before GC invocations=5 (full 0):
 garbage-first heap   total 129024K, used 95176K [0x0000000082000000, 0x0000000100000000)
  region size 1024K, 72 young (73728K), 6 survivors (6144K)
 Metaspace       used 31148K, capacity 31609K, committed 31868K, reserved 1077248K
  class space    used 3212K, capacity 3411K, committed 3532K, reserved 1048576K
}
Event: 318.072 GC heap after
{Heap after GC invocations=6 (full 0):
 garbage-first heap   total 129024K, used 27883K [0x0000000082000000, 0x0000000100000000)
  region size 1024K, 4 young (4096K), 4 survivors (4096K)
 Metaspace       used 31148K, capacity 31609K, committed 31868K, reserved 1077248K
  class space    used 3212K, capacity 3411K, committed 3532K, reserved 1048576K
}

Deoptimization events (20 events):
Event: 197.772 Thread 0x000001cdcf6bb000 DEOPT PACKING pc=0x000001cdb84aea0b sp=0x000000b2f4dfe5d0
Event: 197.772 Thread 0x000001cdcf6bb000 DEOPT UNPACKING pc=0x000001cdb79fa95e sp=0x000000b2f4dfda20 mode 0
Event: 236.916 Thread 0x000001cdcf6be000 DEOPT PACKING pc=0x000001cdb84775da sp=0x000000b2f4dfe690
Event: 236.916 Thread 0x000001cdcf6be000 DEOPT UNPACKING pc=0x000001cdb79fa95e sp=0x000000b2f4dfdb10 mode 0
Event: 253.523 Thread 0x000001cdcf6be000 DEOPT PACKING pc=0x000001cdb85854db sp=0x000000b2f4dfdb00
Event: 253.523 Thread 0x000001cdcf6be000 DEOPT UNPACKING pc=0x000001cdb79fa95e sp=0x000000b2f4dfd018 mode 0
Event: 281.546 Thread 0x000001cdcf6bb000 DEOPT PACKING pc=0x000001cdb84f0edc sp=0x000000b2f4dfe2d0
Event: 281.546 Thread 0x000001cdcf6bb000 DEOPT UNPACKING pc=0x000001cdb79fa95e sp=0x000000b2f4dfd830 mode 0
Event: 283.568 Thread 0x000001cdcf6bf000 Uncommon trap: trap_request=0xffffffdc fr.pc=0x000001cdbf6d2314 relative=0x0000000000000af4
Event: 283.568 Thread 0x000001cdcf6bf000 Uncommon trap: reason=class_check action=make_not_entrant pc=0x000001cdbf6d2314 method=java.util.ArrayList.toArray([Ljava/lang/Object;)[Ljava/lang/Object; @ 21 c2
Event: 283.568 Thread 0x000001cdcf6bf000 DEOPT PACKING pc=0x000001cdbf6d2314 sp=0x000000b2f4dfec60
Event: 283.568 Thread 0x000001cdcf6bf000 DEOPT UNPACKING pc=0x000001cdb79fa1af sp=0x000000b2f4dfebe0 mode 2
Event: 286.355 Thread 0x000001cdcf6bf000 Uncommon trap: trap_request=0xffffffcc fr.pc=0x000001cdbf6c6af0 relative=0x0000000000000bd0
Event: 286.355 Thread 0x000001cdcf6bf000 Uncommon trap: reason=intrinsic_or_type_checked_inlining action=make_not_entrant pc=0x000001cdbf6c6af0 method=java.util.ArrayList.toArray([Ljava/lang/Object;)[Ljava/lang/Object; @ 36 c2
Event: 286.355 Thread 0x000001cdcf6bf000 DEOPT PACKING pc=0x000001cdbf6c6af0 sp=0x000000b2f4dfe260
Event: 286.355 Thread 0x000001cdcf6bf000 DEOPT UNPACKING pc=0x000001cdb79fa1af sp=0x000000b2f4dfe1d0 mode 2
Event: 288.297 Thread 0x000001cdcf6be000 DEOPT PACKING pc=0x000001cdb8413fd0 sp=0x000000b2f4dfeb30
Event: 288.297 Thread 0x000001cdcf6be000 DEOPT UNPACKING pc=0x000001cdb79fa95e sp=0x000000b2f4dfdfb8 mode 0
Event: 318.175 Thread 0x000001cdcf6ba000 DEOPT PACKING pc=0x000001cdb8243dc9 sp=0x000000b2f4dfee00
Event: 318.175 Thread 0x000001cdcf6ba000 DEOPT UNPACKING pc=0x000001cdb79fa95e sp=0x000000b2f4dfe278 mode 0

Classes redefined (0 events):
No events

Internal exceptions (20 events):
Event: 191.950 Thread 0x000001cdcf6c0000 Exception <a 'java/net/SocketTimeoutException'{0x0000000085cca9e8}: Read timed out> (0x0000000085cca9e8) thrown at [s\src\hotspot\share\prims\jni.cpp, line 638]
Event: 196.610 Thread 0x000001cdcf6bf000 Exception <a 'java/net/SocketTimeoutException'{0x0000000089d57b38}: Read timed out> (0x0000000089d57b38) thrown at [s\src\hotspot\share\prims\jni.cpp, line 638]
Event: 201.268 Thread 0x000001cdcf6c0000 Exception <a 'java/net/SocketTimeoutException'{0x0000000089bbead8}: Read timed out> (0x0000000089bbead8) thrown at [s\src\hotspot\share\prims\jni.cpp, line 638]
Event: 205.899 Thread 0x000001cdcf6bc000 Exception <a 'java/net/SocketTimeoutException'{0x00000000898cc0a0}: Read timed out> (0x00000000898cc0a0) thrown at [s\src\hotspot\share\prims\jni.cpp, line 638]
Event: 210.509 Thread 0x000001cdcf6c0000 Exception <a 'java/net/SocketTimeoutException'{0x000000008957a788}: Read timed out> (0x000000008957a788) thrown at [s\src\hotspot\share\prims\jni.cpp, line 638]
Event: 215.127 Thread 0x000001cdcf6ba000 Exception <a 'java/net/SocketTimeoutException'{0x00000000892261d0}: Read timed out> (0x00000000892261d0) thrown at [s\src\hotspot\share\prims\jni.cpp, line 638]
Event: 219.951 Thread 0x000001cdcf6bb000 Exception <a 'java/net/SocketTimeoutException'{0x0000000089098468}: Read timed out> (0x0000000089098468) thrown at [s\src\hotspot\share\prims\jni.cpp, line 638]
Event: 224.560 Thread 0x000001cdcf6be000 Exception <a 'java/net/SocketTimeoutException'{0x0000000088d261d0}: Read timed out> (0x0000000088d261d0) thrown at [s\src\hotspot\share\prims\jni.cpp, line 638]
Event: 229.156 Thread 0x000001cdcf6c0000 Exception <a 'java/net/SocketTimeoutException'{0x0000000088ba2880}: Read timed out> (0x0000000088ba2880) thrown at [s\src\hotspot\share\prims\jni.cpp, line 638]
Event: 238.373 Thread 0x000001cdcf6bf000 Exception <a 'java/net/SocketTimeoutException'{0x000000008869c238}: Read timed out> (0x000000008869c238) thrown at [s\src\hotspot\share\prims\jni.cpp, line 638]
Event: 243.040 Thread 0x000001cdcf6bf000 Exception <a 'java/net/SocketTimeoutException'{0x00000000883261d0}: Read timed out> (0x00000000883261d0) thrown at [s\src\hotspot\share\prims\jni.cpp, line 638]
Event: 285.023 Thread 0x000001cdcf6c0000 Exception <a 'java/net/SocketTimeoutException'{0x0000000086c261d0}: Read timed out> (0x0000000086c261d0) thrown at [s\src\hotspot\share\prims\jni.cpp, line 638]
Event: 289.639 Thread 0x000001cdcf6bf000 Exception <a 'java/net/SocketTimeoutException'{0x0000000086a72920}: Read timed out> (0x0000000086a72920) thrown at [s\src\hotspot\share\prims\jni.cpp, line 638]
Event: 293.181 Thread 0x000001cdcf6be000 Exception <a 'java/net/SocketTimeoutException'{0x00000000869c0b00}: Read timed out> (0x00000000869c0b00) thrown at [s\src\hotspot\share\prims\jni.cpp, line 638]
Event: 297.990 Thread 0x000001cdcf6ba000 Exception <a 'java/net/SocketTimeoutException'{0x000000008664cc98}: Read timed out> (0x000000008664cc98) thrown at [s\src\hotspot\share\prims\jni.cpp, line 638]
Event: 302.703 Thread 0x000001cdcf6bf000 Exception <a 'java/net/SocketTimeoutException'{0x00000000864bcea0}: Read timed out> (0x00000000864bcea0) thrown at [s\src\hotspot\share\prims\jni.cpp, line 638]
Event: 307.397 Thread 0x000001cdcf6bc000 Exception <a 'java/net/SocketTimeoutException'{0x000000008614c4d8}: Read timed out> (0x000000008614c4d8) thrown at [s\src\hotspot\share\prims\jni.cpp, line 638]
Event: 312.020 Thread 0x000001cdcf6c0000 Exception <a 'java/net/SocketTimeoutException'{0x0000000085fc0ba0}: Read timed out> (0x0000000085fc0ba0) thrown at [s\src\hotspot\share\prims\jni.cpp, line 638]
Event: 316.628 Thread 0x000001cdcf6bc000 Exception <a 'java/net/SocketTimeoutException'{0x0000000085c269f8}: Read timed out> (0x0000000085c269f8) thrown at [s\src\hotspot\share\prims\jni.cpp, line 638]
Event: 321.361 Thread 0x000001cdcf6be000 Exception <a 'java/net/SocketTimeoutException'{0x0000000089cc1130}: Read timed out> (0x0000000089cc1130) thrown at [s\src\hotspot\share\prims\jni.cpp, line 638]

Events (20 events):
Event: 338.115 Thread 0x000001cdcf6c0000 Thread exited: 0x000001cdcf6c0000
Event: 338.116 Thread 0x000001cdcf6c0800 Thread exited: 0x000001cdcf6c0800
Event: 338.116 Executing VM operation: RevokeBias
Event: 338.116 Executing VM operation: RevokeBias done
Event: 338.116 Executing VM operation: RevokeBias
Event: 338.117 Executing VM operation: RevokeBias done
Event: 338.117 Executing VM operation: RevokeBias
Event: 338.117 Executing VM operation: RevokeBias done
Event: 338.117 Executing VM operation: RevokeBias
Event: 338.117 Executing VM operation: RevokeBias done
Event: 338.117 Thread 0x000001cdcf6bb000 Thread exited: 0x000001cdcf6bb000
Event: 338.117 Thread 0x000001cdcf6ba000 Thread exited: 0x000001cdcf6ba000
Event: 338.118 Thread 0x000001cdcf6be000 Thread added: 0x000001cdcf6be000
Event: 338.118 Thread 0x000001cdcf6bf000 Thread exited: 0x000001cdcf6bf000
Event: 339.129 Thread 0x000001cdcf6bc000 Thread added: 0x000001cdcf6bc000
Event: 339.162 Executing VM operation: RevokeBias
Event: 339.163 Executing VM operation: RevokeBias done
Event: 339.311 Thread 0x000001cdcf6bf000 Thread added: 0x000001cdcf6bf000
Event: 339.312 Thread 0x000001cdcf6c0000 Thread added: 0x000001cdcf6c0000
Event: 339.419 Thread 0x000001cdcf6ba000 Thread added: 0x000001cdcf6ba000


Dynamic libraries:
0x00007ff7fc7c0000 - 0x00007ff7fc7ce000 	C:\Users\marko\.gradle\jdks\adoptium-11-x64-hotspot-windows\bin\java.exe
0x00007ff8decd0000 - 0x00007ff8deec8000 	C:\WINDOWS\SYSTEM32\ntdll.dll
0x00007ff8de720000 - 0x00007ff8de7dd000 	C:\WINDOWS\System32\KERNEL32.DLL
0x00007ff8dc560000 - 0x00007ff8dc856000 	C:\WINDOWS\System32\KERNELBASE.dll
0x00007ff8dc380000 - 0x00007ff8dc480000 	C:\WINDOWS\System32\ucrtbase.dll
0x00007ff8d5580000 - 0x00007ff8d559b000 	C:\Users\marko\.gradle\jdks\adoptium-11-x64-hotspot-windows\bin\VCRUNTIME140.dll
0x00007ff8d5560000 - 0x00007ff8d5577000 	C:\Users\marko\.gradle\jdks\adoptium-11-x64-hotspot-windows\bin\jli.dll
0x00007ff8dd750000 - 0x00007ff8dd8ef000 	C:\WINDOWS\System32\USER32.dll
0x00007ff8c17c0000 - 0x00007ff8c1a5a000 	C:\WINDOWS\WinSxS\amd64_microsoft.windows.common-controls_6595b64144ccf1df_6.0.19041.3636_none_60b6a03d71f818d5\COMCTL32.dll
0x00007ff8dc480000 - 0x00007ff8dc4a2000 	C:\WINDOWS\System32\win32u.dll
0x00007ff8dea30000 - 0x00007ff8deace000 	C:\WINDOWS\System32\msvcrt.dll
0x00007ff8de7f0000 - 0x00007ff8de81b000 	C:\WINDOWS\System32\GDI32.dll
0x00007ff8dcb50000 - 0x00007ff8dcc67000 	C:\WINDOWS\System32\gdi32full.dll
0x00007ff8dcab0000 - 0x00007ff8dcb4d000 	C:\WINDOWS\System32\msvcp_win.dll
0x00007ff8dde50000 - 0x00007ff8dde82000 	C:\WINDOWS\System32\IMM32.DLL
0x00007ff8d5550000 - 0x00007ff8d555c000 	C:\Users\marko\.gradle\jdks\adoptium-11-x64-hotspot-windows\bin\vcruntime140_1.dll
0x00007ff8be540000 - 0x00007ff8be5cd000 	C:\Users\marko\.gradle\jdks\adoptium-11-x64-hotspot-windows\bin\msvcp140.dll
0x00007ff8a7e80000 - 0x00007ff8a8a43000 	C:\Users\marko\.gradle\jdks\adoptium-11-x64-hotspot-windows\bin\server\jvm.dll
0x00007ff8de0d0000 - 0x00007ff8de180000 	C:\WINDOWS\System32\ADVAPI32.dll
0x00007ff8debf0000 - 0x00007ff8dec90000 	C:\WINDOWS\System32\sechost.dll
0x00007ff8dd620000 - 0x00007ff8dd743000 	C:\WINDOWS\System32\RPCRT4.dll
0x00007ff8dc920000 - 0x00007ff8dc947000 	C:\WINDOWS\System32\bcrypt.dll
0x00007ff8dcde0000 - 0x00007ff8dcde8000 	C:\WINDOWS\System32\PSAPI.DLL
0x00007ff8bad70000 - 0x00007ff8bad79000 	C:\WINDOWS\SYSTEM32\WSOCK32.dll
0x00007ff8d4590000 - 0x00007ff8d459a000 	C:\WINDOWS\SYSTEM32\VERSION.dll
0x00007ff8ddd10000 - 0x00007ff8ddd7b000 	C:\WINDOWS\System32\WS2_32.dll
0x00007ff8c0da0000 - 0x00007ff8c0dc7000 	C:\WINDOWS\SYSTEM32\WINMM.dll
0x00007ff8dab60000 - 0x00007ff8dab72000 	C:\WINDOWS\SYSTEM32\kernel.appcore.dll
0x00007ff8d5540000 - 0x00007ff8d5550000 	C:\Users\marko\.gradle\jdks\adoptium-11-x64-hotspot-windows\bin\verify.dll
0x00007ff8da7f0000 - 0x00007ff8da9d4000 	C:\WINDOWS\SYSTEM32\DBGHELP.DLL
0x00007ff8c9040000 - 0x00007ff8c9074000 	C:\WINDOWS\SYSTEM32\dbgcore.DLL
0x00007ff8dcc70000 - 0x00007ff8dccf2000 	C:\WINDOWS\System32\bcryptPrimitives.dll
0x00007ff8d5450000 - 0x00007ff8d5478000 	C:\Users\marko\.gradle\jdks\adoptium-11-x64-hotspot-windows\bin\java.dll
0x00007ff8d5440000 - 0x00007ff8d544a000 	C:\Users\marko\.gradle\jdks\adoptium-11-x64-hotspot-windows\bin\jimage.dll
0x00007ff8d5420000 - 0x00007ff8d5438000 	C:\Users\marko\.gradle\jdks\adoptium-11-x64-hotspot-windows\bin\zip.dll
0x00007ff8dcdf0000 - 0x00007ff8dd55b000 	C:\WINDOWS\System32\SHELL32.dll
0x00007ff8d9f30000 - 0x00007ff8da6ce000 	C:\WINDOWS\SYSTEM32\windows.storage.dll
0x00007ff8dd9b0000 - 0x00007ff8ddd03000 	C:\WINDOWS\System32\combase.dll
0x00007ff8dbce0000 - 0x00007ff8dbd0e000 	C:\WINDOWS\SYSTEM32\Wldp.dll
0x00007ff8de5f0000 - 0x00007ff8de6bd000 	C:\WINDOWS\System32\OLEAUT32.dll
0x00007ff8ddda0000 - 0x00007ff8dde4d000 	C:\WINDOWS\System32\SHCORE.dll
0x00007ff8dd8f0000 - 0x00007ff8dd945000 	C:\WINDOWS\System32\shlwapi.dll
0x00007ff8dc2b0000 - 0x00007ff8dc2d3000 	C:\WINDOWS\SYSTEM32\profapi.dll
0x00007ff8d4970000 - 0x00007ff8d4989000 	C:\Users\marko\.gradle\jdks\adoptium-11-x64-hotspot-windows\bin\net.dll
0x00007ff8d2790000 - 0x00007ff8d289a000 	C:\WINDOWS\SYSTEM32\WINHTTP.dll
0x00007ff8dba20000 - 0x00007ff8dba8a000 	C:\WINDOWS\system32\mswsock.dll
0x00007ff8d4890000 - 0x00007ff8d48a2000 	C:\Users\marko\.gradle\jdks\adoptium-11-x64-hotspot-windows\bin\nio.dll
0x00007ff8dbc40000 - 0x00007ff8dbc58000 	C:\WINDOWS\SYSTEM32\CRYPTSP.dll
0x00007ff8db320000 - 0x00007ff8db354000 	C:\WINDOWS\system32\rsaenh.dll
0x00007ff8dc230000 - 0x00007ff8dc25e000 	C:\WINDOWS\SYSTEM32\USERENV.dll
0x00007ff8dbc30000 - 0x00007ff8dbc3c000 	C:\WINDOWS\SYSTEM32\CRYPTBASE.dll
0x00007ff8db6f0000 - 0x00007ff8db72b000 	C:\WINDOWS\SYSTEM32\IPHLPAPI.DLL
0x00007ff8de7e0000 - 0x00007ff8de7e8000 	C:\WINDOWS\System32\NSI.dll
0x00007ff8d45c0000 - 0x00007ff8d45d7000 	C:\WINDOWS\SYSTEM32\dhcpcsvc6.DLL
0x00007ff8d45a0000 - 0x00007ff8d45bd000 	C:\WINDOWS\SYSTEM32\dhcpcsvc.DLL
0x00007ff8db730000 - 0x00007ff8db7fb000 	C:\WINDOWS\SYSTEM32\DNSAPI.dll
0x00007ff8ce8b0000 - 0x00007ff8ce8ba000 	C:\Windows\System32\rasadhlp.dll
0x00007ff8ceb70000 - 0x00007ff8cebf0000 	C:\WINDOWS\System32\fwpuclnt.dll
0x00007ff8d5410000 - 0x00007ff8d541e000 	C:\Users\marko\.gradle\jdks\adoptium-11-x64-hotspot-windows\bin\sunmscapi.dll
0x00007ff8dc950000 - 0x00007ff8dcaae000 	C:\WINDOWS\System32\CRYPT32.dll
0x00007ff8dbd50000 - 0x00007ff8dbd78000 	C:\WINDOWS\SYSTEM32\ncrypt.dll
0x00007ff8dbd10000 - 0x00007ff8dbd4b000 	C:\WINDOWS\SYSTEM32\NTASN1.dll
0x00007ff8bf8e0000 - 0x00007ff8bf907000 	C:\Users\marko\.gradle\jdks\adoptium-11-x64-hotspot-windows\bin\sunec.dll

dbghelp: loaded successfully - version: 4.0.5 - missing functions: none
symbol engine: initialized successfully - sym options: 0x614 - pdb path: .;C:\Users\marko\.gradle\jdks\adoptium-11-x64-hotspot-windows\bin;C:\WINDOWS\SYSTEM32;C:\WINDOWS\WinSxS\amd64_microsoft.windows.common-controls_6595b64144ccf1df_6.0.19041.3636_none_60b6a03d71f818d5;C:\Users\marko\.gradle\jdks\adoptium-11-x64-hotspot-windows\bin\server

VM Arguments:
jvm_args: --module-path=C:\Users\marko\.gradle\caches\modules-2\files-2.1\org.openjfx\javafx-fxml\11\d5ff9262ef49d166db658d15f37e3ecff38fde4b\javafx-fxml-11-win.jar;C:\Users\marko\.gradle\caches\modules-2\files-2.1\org.openjfx\javafx-web\11\5c8a3b6cacde832437dff8e21a82749b5f66c1cf\javafx-web-11-win.jar;C:\Users\marko\.gradle\caches\modules-2\files-2.1\org.openjfx\javafx-controls\11\af8d24de44e16a19ae959028eb23a48c145fb682\javafx-controls-11-win.jar;C:\Users\marko\.gradle\caches\modules-2\files-2.1\org.openjfx\javafx-media\11\b7a33f3ff0cad17af71e883c0921bc6819cad9c8\javafx-media-11-win.jar;C:\Users\marko\.gradle\caches\modules-2\files-2.1\org.openjfx\javafx-graphics\11\9345c7ea43dbcc73a62eca5332717b4ce617e6c6\javafx-graphics-11-win.jar;C:\Users\marko\.gradle\caches\modules-2\files-2.1\org.openjfx\javafx-base\11\ad3a4acfaa28b484d30c40c1f009445cc3f6e68b\javafx-base-11-win.jar --add-modules=javafx.controls,javafx.fxml,javafx.web,javafx.graphics -Dfile.encoding=windows-1252 -Duser.country=IT -Duser.language=it -Duser.variant 
java_command: it.unibo.ctxbasicrobot.MainCtxbasicrobotKt
java_class_path (initial): C:\Users\marko\Desktop\ISS_24\issLab24\unibo.basicrobot24\build\classes\java\main;C:\Users\marko\Desktop\ISS_24\issLab24\unibo.basicrobot24\build\classes\kotlin\main;C:\Users\marko\Desktop\ISS_24\issLab24\unibo.basicrobot24\build\resources\main;C:\Users\marko\.gradle\caches\modules-2\files-2.1\org.jetbrains.kotlinx\kotlinx-coroutines-core-jvm\1.6.0\f3b8fd26c2e76d2f18cbc36aacb6e349fcb9fd5f\kotlinx-coroutines-core-jvm-1.6.0.jar;C:\Users\marko\.gradle\caches\modules-2\files-2.1\com.squareup.okhttp3\okhttp\4.9.3\b0b14b3d12980912723fb8b66afb48dcda742fcb\okhttp-4.9.3.jar;C:\Users\marko\.gradle\caches\modules-2\files-2.1\org.jetbrains.kotlin\kotlin-stdlib-jdk7\1.9.22\c4b17283ad7939e778989663f8301d871987fa5e\kotlin-stdlib-jdk7-1.9.22.jar;C:\Users\marko\.gradle\caches\modules-2\files-2.1\com.squareup.okio\okio\2.8.0\49b64e09d81c0cc84b267edd0c2fd7df5a64c78c\okio-jvm-2.8.0.jar;C:\Users\marko\.gradle\caches\modules-2\files-2.1\org.jetbrains.kotlin\kotlin-stdlib\1.9.22\d6c44cd08d8f3f9bece8101216dbe6553365c6e3\kotlin-stdlib-1.9.22.jar;C:\Users\marko\.gradle\caches\modules-2\files-2.1\org.jetbrains.kotlin\kotlin-stdlib-jdk8\1.9.22\dea0c11e2fa503ab891c8a090e3b54754472975d\kotlin-stdlib-jdk8-1.9.22.jar;C:\Users\marko\.gradle\caches\modules-2\files-2.1\org.eclipse.californium\californium-proxy2\3.5.0\75d72a499b522210a20e2343ab491b63e315aa3a\californium-proxy2-3.5.0.jar;C:\Users\marko\.gradle\caches\modules-2\files-2.1\com.google.guava\guava\30.1.1-jre\87e0fd1df874ea3cbe577702fe6f17068b790fd8\guava-30.1.1-jre.jar;C:\Users\marko\.gradle\caches\modules-2\files-2.1\javax.websocket\javax.websocket-api\1.1\eeeb68631711256418dfbb47b11c731b6c8f6235\javax.websocket-api-1.1.jar;C:\Users\marko\.gradle\caches\modules-2\files-2.1\org.glassfish.tyrus.bundles\tyrus-standalone-client\1.9\cf9e6cdbd6ad2a72bc54c0823c0ac31c76df4b9e\tyrus-standalone-client-1.9.jar;C:\Users\marko\.gradle\caches\modules-2\files-2.1\org.apache.httpcomponents\httpclient\4.5.13\e5f6cae5ca7ecaac1ec
Launcher Type: SUN_STANDARD

[Global flags]
     intx CICompilerCount                          = 4                                         {product} {ergonomic}
     uint ConcGCThreads                            = 2                                         {product} {ergonomic}
     uint G1ConcRefinementThreads                  = 8                                         {product} {ergonomic}
   size_t G1HeapRegionSize                         = 1048576                                   {product} {ergonomic}
    uintx GCDrainStackTargetSize                   = 64                                        {product} {ergonomic}
   size_t InitialHeapSize                          = 132120576                                 {product} {ergonomic}
   size_t MarkStackSize                            = 4194304                                   {product} {ergonomic}
   size_t MaxHeapSize                              = 2113929216                                {product} {ergonomic}
   size_t MaxNewSize                               = 1267728384                                {product} {ergonomic}
   size_t MinHeapDeltaBytes                        = 1048576                                   {product} {ergonomic}
    uintx NonNMethodCodeHeapSize                   = 5836300                                {pd product} {ergonomic}
    uintx NonProfiledCodeHeapSize                  = 122910970                              {pd product} {ergonomic}
    uintx ProfiledCodeHeapSize                     = 122910970                              {pd product} {ergonomic}
    uintx ReservedCodeCacheSize                    = 251658240                              {pd product} {ergonomic}
     bool SegmentedCodeCache                       = true                                      {product} {ergonomic}
     bool UseCompressedClassPointers               = true                                 {lp64_product} {ergonomic}
     bool UseCompressedOops                        = true                                 {lp64_product} {ergonomic}
     bool UseG1GC                                  = true                                      {product} {ergonomic}
     bool UseLargePagesIndividualAllocation        = false                                  {pd product} {ergonomic}

Logging:
Log output configuration:
 #0: stdout all=warning uptime,level,tags
 #1: stderr all=off uptime,level,tags

Environment Variables:
JAVA_HOME=C:\Program Files\Java\jdk-17.0.11
CLASSPATH=C:\Users\marko\Desktop\ISS_24\issLab24\unibo.basicrobot24\\gradle\wrapper\gradle-wrapper.jar
PATH=C:\Program Files\Java\jdk-17.0.11\bin;C:\Gradle\gradle-8.6\bin;C:\Program Files\Python310\Scripts\;C:\Program Files\Python310\;C:\Program Files\Common Files\Oracle\Java\javapath;C:\Program Files (x86)\Common Files\Oracle\Java\javapath;C:\Program Files (x86)\Razer Chroma SDK\bin;C:\Program Files\Razer Chroma SDK\bin;C:\Program Files (x86)\Razer\ChromaBroadcast\bin;C:\Program Files\Razer\ChromaBroadcast\bin;C:\Program Files (x86)\Intel\Intel(R) Management Engine Components\iCLS\;C:\Program Files\Intel\Intel(R) Management Engine Components\iCLS\;C:\WINDOWS\system32;C:\WINDOWS;C:\WINDOWS\System32\Wbem;C:\WINDOWS\System32\WindowsPowerShell\v1.0\;C:\Program Files (x86)\Intel\Intel(R) Management Engine Components\DAL;C:\Program Files\Intel\Intel(R) Management Engine Components\DAL;C:\Program Files (x86)\Intel\Intel(R) Management Engine Components\IPT;C:\Program Files\Intel\Intel(R) Management Engine Components\IPT;C:\WINDOWS\System32\OpenSSH\;C:\WINDOWS\system32\config\systemprofile\AppData\Local\Microsoft\WindowsApps;C:\WINDOWS\system32;C:\WINDOWS;C:\WINDOWS\System32\Wbem;C:\WINDOWS\System32\WindowsPowerShell\v1.0\;C:\WINDOWS\System32\OpenSSH\;C:\Users\marko\AppData\Roaming\nvm;C:\Program Files\nodejs;C:\Program Files\Git\cmd;C:\Program Files\Git LFS;C:\Users\marko\AppData\Roaming\Python\Python310\Scripts;C:\Program Files\Docker\Docker\resources\bin;C:\Program Files\nodejs\;C:\Program Files\Graphviz\bin;C:\Users\marko\AppData\Local\Programs\Microsoft VS Code\bin;C:\Users\marko\AppData\Local\Microsoft\WindowsApps;C:\Users\marko\Desktop\antlr;C:\Users\marko\AppData\Local\JetBrains\IntelliJ IDEA Community Edition 2022.3.2\bin;C:\Users\marko\AppData\Roaming\npm
USERNAME=marko
OS=Windows_NT
PROCESSOR_IDENTIFIER=Intel64 Family 6 Model 142 Stepping 10, GenuineIntel
TMP=C:\Users\marko\AppData\Local\Temp
TEMP=C:\Users\marko\AppData\Local\Temp



---------------  S Y S T E M  ---------------

OS: Windows 10 , 64 bit Build 19041 (10.0.19041.3636)
OS uptime: 2 days 6:19 hours
Hyper-V role detected

CPU:total 8 (initial active 8) (4 cores per cpu, 2 threads per core) family 6 model 142 stepping 10 microcode 0xb4, cmov, cx8, fxsr, mmx, sse, sse2, sse3, ssse3, sse4.1, sse4.2, popcnt, avx, avx2, aes, clmul, erms, 3dnowpref, lzcnt, ht, tsc, tscinvbit, bmi1, bmi2, adx, fma

Memory: 4k page, system-wide physical 8058M (847M free)
TotalPageFile size 8058M (AvailPageFile size 5M)
current process WorkingSet (physical memory assigned to process): 199M, peak: 200M
current process commit charge ("private bytes"): 264M, peak: 275M

vm_info: OpenJDK 64-Bit Server VM (11.0.23+9) for windows-amd64 JRE (11.0.23+9), built on Apr 17 2024 12:39:58 by "" with MS VC++ 16.10 / 16.11 (VS2019)

END.
