#
# There is insufficient memory for the Java Runtime Environment to continue.
# Native memory allocation (malloc) failed to allocate 1393616 bytes for Chunk::new
# Possible reasons:
#   The system is out of physical RAM or swap space
#   The process is running with CompressedOops enabled, and the Java Heap may be blocking the growth of the native heap
# Possible solutions:
#   Reduce memory load on the system
#   Increase physical memory or swap space
#   Check if swap backing store is full
#   Decrease Java heap size (-Xmx/-Xms)
#   Decrease number of Java threads
#   Decrease Java thread stack sizes (-Xss)
#   Set larger code cache with -XX:ReservedCodeCacheSize=
#   JVM is running with Unscaled Compressed Oops mode in which the Java heap is
#     placed in the first 4GB address space. The Java Heap base address is the
#     maximum limit for the native heap growth. Please use -XX:HeapBaseMinAddress
#     to set the Java Heap base and to place the Java Heap above 4GB virtual address.
# This output file may be truncated or incomplete.
#
#  Out of Memory Error (./open/src/hotspot/share/memory/arena.cpp:197), pid=4856, tid=14856
#
# JRE version: Java(TM) SE Runtime Environment 18.9 (11.0.17+10) (build 11.0.17+10-LTS-269)
# Java VM: Java HotSpot(TM) 64-Bit Server VM 18.9 (11.0.17+10-LTS-269, mixed mode, tiered, compressed oops, g1 gc, windows-amd64)
# No core dump will be written. Minidumps are not enabled by default on client versions of Windows
#

---------------  S U M M A R Y ------------

Command Line: --add-opens=java.base/java.util=ALL-UNNAMED --add-opens=java.base/java.lang=ALL-UNNAMED --add-opens=java.base/java.lang.invoke=ALL-UNNAMED --add-opens=java.prefs/java.util.prefs=ALL-UNNAMED --add-opens=java.base/java.nio.charset=ALL-UNNAMED --add-opens=java.base/java.net=ALL-UNNAMED --add-opens=java.base/java.util.concurrent.atomic=ALL-UNNAMED -XX:MaxMetaspaceSize=384m -XX:+HeapDumpOnOutOfMemoryError -Xms256m -Xmx512m -Dfile.encoding=windows-1252 -Duser.country=IT -Duser.language=it -Duser.variant -javaagent:C:\Users\marko\.gradle\wrapper\dists\gradle-8.6-bin\afr5mpiioh2wthjmwnkmdsd5w\gradle-8.6\lib\agents\gradle-instrumentation-agent-8.6.jar org.gradle.launcher.daemon.bootstrap.GradleDaemon 8.6

Host: Intel(R) Core(TM) i5-8250U CPU @ 1.60GHz, 8 cores, 7G,  Windows 10 , 64 bit Build 19041 (10.0.19041.3636)
Time: Thu Feb 29 17:09:49 2024 ora solare Europa occidentale elapsed time: 13.007311 seconds (0d 0h 0m 13s)

---------------  T H R E A D  ---------------

Current thread (0x0000026fb5ab2800):  JavaThread "C2 CompilerThread0" daemon [_thread_in_native, id=14856, stack(0x000000c2ea200000,0x000000c2ea300000)]


Current CompileTask:
C2:  13007 5094 %     4       org.gradle.internal.instantiation.generator.AbstractClassGenerator::inspectType @ 107 (560 bytes)

Stack: [0x000000c2ea200000,0x000000c2ea300000]
Native frames: (J=compiled Java code, j=interpreted, Vv=VM code, C=native code)
V  [jvm.dll+0x62b5da]
V  [jvm.dll+0x7653df]
V  [jvm.dll+0x766a89]
V  [jvm.dll+0x767113]
V  [jvm.dll+0x23dd28]
V  [jvm.dll+0xb2a1c]
V  [jvm.dll+0xb2fdc]
V  [jvm.dll+0x341597]
V  [jvm.dll+0x18ce51]
V  [jvm.dll+0x1f8815]
V  [jvm.dll+0x1f78fd]
V  [jvm.dll+0x177c91]
V  [jvm.dll+0x207296]
V  [jvm.dll+0x20542b]
V  [jvm.dll+0x72b2c0]
V  [jvm.dll+0x723e64]
V  [jvm.dll+0x62a485]
C  [ucrtbase.dll+0x21bb2]
C  [KERNEL32.DLL+0x17344]
C  [ntdll.dll+0x526b1]


---------------  P R O C E S S  ---------------

Threads class SMR info:
_java_thread_list=0x0000026fbe58ecd0, length=65, elements={
0x0000026f9a9b1000, 0x0000026fb5101800, 0x0000026fb512b800, 0x0000026fb5aa9800,
0x0000026fb5aab800, 0x0000026fb5aac800, 0x0000026fb5ab2800, 0x0000026fb5ab4000,
0x0000026fb5ab9800, 0x0000026fb50bb800, 0x0000026fb78a0000, 0x0000026fb5c3c800,
0x0000026fb7c9a800, 0x0000026fb82c1000, 0x0000026fb810b800, 0x0000026fb7bd2000,
0x0000026fb8a57800, 0x0000026fb67ae800, 0x0000026fb8149000, 0x0000026fb7e16800,
0x0000026fb7e15000, 0x0000026fb7e17800, 0x0000026fb7e19000, 0x0000026fb7e1a000,
0x0000026fb7e1b800, 0x0000026fb7e16000, 0x0000026fb7e1b000, 0x0000026fb7e18800,
0x0000026fbad48000, 0x0000026fbad44800, 0x0000026fbad49000, 0x0000026fbad47000,
0x0000026fbad49800, 0x0000026fbad4b800, 0x0000026fbad4e800, 0x0000026fbad4f800,
0x0000026fbad50000, 0x0000026fbad52000, 0x0000026fbad51000, 0x0000026fbad4c000,
0x0000026fbad52800, 0x0000026fbad4d000, 0x0000026fbad4d800, 0x0000026fbd102800,
0x0000026fbd104800, 0x0000026fbd105800, 0x0000026fb94de800, 0x0000026fb7000000,
0x0000026fbd106800, 0x0000026fbd104000, 0x0000026fbd107000, 0x0000026fbd108000,
0x0000026fbd109000, 0x0000026fbd103000, 0x0000026fbd10d000, 0x0000026fbd109800,
0x0000026fbd10d800, 0x0000026fbd10e800, 0x0000026fbd10f800, 0x0000026fbd110000,
0x0000026fbd10a800, 0x0000026fbd111000, 0x0000026fbd10b800, 0x0000026fbd10c000,
0x0000026fb83a2800
}

Java Threads: ( => current thread )
  0x0000026f9a9b1000 JavaThread "main" [_thread_blocked, id=8196, stack(0x000000c2e9600000,0x000000c2e9700000)]
  0x0000026fb5101800 JavaThread "Reference Handler" daemon [_thread_blocked, id=6332, stack(0x000000c2e9d00000,0x000000c2e9e00000)]
  0x0000026fb512b800 JavaThread "Finalizer" daemon [_thread_blocked, id=3648, stack(0x000000c2e9e00000,0x000000c2e9f00000)]
  0x0000026fb5aa9800 JavaThread "Signal Dispatcher" daemon [_thread_blocked, id=14744, stack(0x000000c2e9f00000,0x000000c2ea000000)]
  0x0000026fb5aab800 JavaThread "Attach Listener" daemon [_thread_blocked, id=3500, stack(0x000000c2ea000000,0x000000c2ea100000)]
  0x0000026fb5aac800 JavaThread "Service Thread" daemon [_thread_blocked, id=7016, stack(0x000000c2ea100000,0x000000c2ea200000)]
=>0x0000026fb5ab2800 JavaThread "C2 CompilerThread0" daemon [_thread_in_native, id=14856, stack(0x000000c2ea200000,0x000000c2ea300000)]
  0x0000026fb5ab4000 JavaThread "C1 CompilerThread0" daemon [_thread_blocked, id=13892, stack(0x000000c2ea300000,0x000000c2ea400000)]
  0x0000026fb5ab9800 JavaThread "Sweeper thread" daemon [_thread_blocked, id=11344, stack(0x000000c2ea400000,0x000000c2ea500000)]
  0x0000026fb50bb800 JavaThread "Common-Cleaner" daemon [_thread_blocked, id=8232, stack(0x000000c2ea500000,0x000000c2ea600000)]
  0x0000026fb78a0000 JavaThread "Daemon health stats" [_thread_blocked, id=7784, stack(0x000000c2eae00000,0x000000c2eaf00000)]
  0x0000026fb5c3c800 JavaThread "Incoming local TCP Connector on port 63253" [_thread_in_native, id=12472, stack(0x000000c2ea600000,0x000000c2ea700000)]
  0x0000026fb7c9a800 JavaThread "Daemon periodic checks" [_thread_blocked, id=1256, stack(0x000000c2ead00000,0x000000c2eae00000)]
  0x0000026fb82c1000 JavaThread "Daemon" [_thread_blocked, id=15200, stack(0x000000c2eaf00000,0x000000c2eb000000)]
  0x0000026fb810b800 JavaThread "Handler for socket connection from /127.0.0.1:63253 to /127.0.0.1:63254" [_thread_in_native, id=5820, stack(0x000000c2eb000000,0x000000c2eb100000)]
  0x0000026fb7bd2000 JavaThread "Cancel handler" [_thread_blocked, id=7744, stack(0x000000c2eb100000,0x000000c2eb200000)]
  0x0000026fb8a57800 JavaThread "Daemon worker" [_thread_blocked, id=12436, stack(0x000000c2eb200000,0x000000c2eb300000)]
  0x0000026fb67ae800 JavaThread "Asynchronous log dispatcher for DefaultDaemonConnection: socket connection from /127.0.0.1:63253 to /127.0.0.1:63254" [_thread_blocked, id=14312, stack(0x000000c2eb300000,0x000000c2eb400000)]
  0x0000026fb8149000 JavaThread "Stdin handler" [_thread_blocked, id=5428, stack(0x000000c2eb400000,0x000000c2eb500000)]
  0x0000026fb7e16800 JavaThread "Daemon client event forwarder" [_thread_blocked, id=13012, stack(0x000000c2eb500000,0x000000c2eb600000)]
  0x0000026fb7e15000 JavaThread "Cache worker for journal cache (C:\Users\marko\.gradle\caches\journal-1)" [_thread_blocked, id=9712, stack(0x000000c2eb900000,0x000000c2eba00000)]
  0x0000026fb7e17800 JavaThread "File lock request listener" [_thread_in_native, id=4444, stack(0x000000c2eba00000,0x000000c2ebb00000)]
  0x0000026fb7e19000 JavaThread "Cache worker for file hash cache (C:\Users\marko\.gradle\caches\8.6\fileHashes)" [_thread_blocked, id=8780, stack(0x000000c2ebb00000,0x000000c2ebc00000)]
  0x0000026fb7e1a000 JavaThread "File watcher server" daemon [_thread_in_native, id=18120, stack(0x000000c2ebe00000,0x000000c2ebf00000)]
  0x0000026fb7e1b800 JavaThread "File watcher consumer" daemon [_thread_blocked, id=7876, stack(0x000000c2ebf00000,0x000000c2ec000000)]
  0x0000026fb7e16000 JavaThread "Cache worker for checksums cache (C:\Users\marko\Desktop\ISS2024\issLab24\project0\.gradle\8.6\checksums)" [_thread_blocked, id=15484, stack(0x000000c2ec000000,0x000000c2ec100000)]
  0x0000026fb7e1b000 JavaThread "Cache worker for file hash cache (C:\Users\marko\Desktop\ISS2024\issLab24\project0\.gradle\8.6\fileHashes)" [_thread_blocked, id=14532, stack(0x000000c2ec100000,0x000000c2ec200000)]
  0x0000026fb7e18800 JavaThread "Cache worker for cache directory md-supplier (C:\Users\marko\.gradle\caches\8.6\md-supplier)" [_thread_blocked, id=5656, stack(0x000000c2ec200000,0x000000c2ec300000)]
  0x0000026fbad48000 JavaThread "Cache worker for cache directory md-rule (C:\Users\marko\.gradle\caches\8.6\md-rule)" [_thread_blocked, id=14352, stack(0x000000c2ec300000,0x000000c2ec400000)]
  0x0000026fbad44800 JavaThread "Cache worker for file content cache (C:\Users\marko\.gradle\caches\8.6\fileContent)" [_thread_blocked, id=12168, stack(0x000000c2ec400000,0x000000c2ec500000)]
  0x0000026fbad49000 JavaThread "jar transforms" [_thread_blocked, id=18148, stack(0x000000c2ec500000,0x000000c2ec600000)]
  0x0000026fbad47000 JavaThread "jar transforms Thread 2" [_thread_blocked, id=12532, stack(0x000000c2ec600000,0x000000c2ec700000)]
  0x0000026fbad49800 JavaThread "jar transforms Thread 3" [_thread_blocked, id=13360, stack(0x000000c2ec700000,0x000000c2ec800000)]
  0x0000026fbad4b800 JavaThread "Cache worker for Build Output Cleanup Cache (C:\Users\marko\Desktop\ISS2024\issLab24\project0\.gradle\buildOutputCleanup)" [_thread_blocked, id=1712, stack(0x000000c2ec800000,0x000000c2ec900000)]
  0x0000026fbad4e800 JavaThread "Memory manager" [_thread_blocked, id=5700, stack(0x000000c2ec900000,0x000000c2eca00000)]
  0x0000026fbad4f800 JavaThread "jar transforms Thread 4" [_thread_blocked, id=9548, stack(0x000000c2eca00000,0x000000c2ecb00000)]
  0x0000026fbad50000 JavaThread "ForkJoinPool.commonPool-worker-3" daemon [_thread_blocked, id=5196, stack(0x000000c2ecb00000,0x000000c2ecc00000)]
  0x0000026fbad52000 JavaThread "ForkJoinPool.commonPool-worker-5" daemon [_thread_blocked, id=12980, stack(0x000000c2ecc00000,0x000000c2ecd00000)]
  0x0000026fbad51000 JavaThread "ForkJoinPool.commonPool-worker-7" daemon [_thread_blocked, id=17560, stack(0x000000c2ecd00000,0x000000c2ece00000)]
  0x0000026fbad4c000 JavaThread "ForkJoinPool.commonPool-worker-9" daemon [_thread_blocked, id=13960, stack(0x000000c2ece00000,0x000000c2ecf00000)]
  0x0000026fbad52800 JavaThread "ForkJoinPool.commonPool-worker-11" daemon [_thread_blocked, id=13480, stack(0x000000c2ecf00000,0x000000c2ed000000)]
  0x0000026fbad4d000 JavaThread "ForkJoinPool.commonPool-worker-15" daemon [_thread_blocked, id=4136, stack(0x000000c2ed000000,0x000000c2ed100000)]
  0x0000026fbad4d800 JavaThread "ForkJoinPool.commonPool-worker-13" daemon [_thread_blocked, id=17044, stack(0x000000c2ed100000,0x000000c2ed200000)]
  0x0000026fbd102800 JavaThread "Exec process" [_thread_in_native, id=2248, stack(0x000000c2ed200000,0x000000c2ed300000)]
  0x0000026fbd104800 JavaThread "Exec process Thread 2" [_thread_in_native, id=12924, stack(0x000000c2ed300000,0x000000c2ed400000)]
  0x0000026fbd105800 JavaThread "Exec process Thread 3" [_thread_in_native, id=13692, stack(0x000000c2ed400000,0x000000c2ed500000)]
  0x0000026fb94de800 JavaThread "C2 CompilerThread1" daemon [_thread_blocked, id=15540, stack(0x000000c2ebc00000,0x000000c2ebd00000)]
  0x0000026fb7000000 JavaThread "C2 CompilerThread2" daemon [_thread_blocked, id=12544, stack(0x000000c2ebd00000,0x000000c2ebe00000)]
  0x0000026fbd106800 JavaThread "included builds" [_thread_blocked, id=16508, stack(0x000000c2ed500000,0x000000c2ed600000)]
  0x0000026fbd104000 JavaThread "Execution worker" [_thread_blocked, id=13836, stack(0x000000c2ed600000,0x000000c2ed700000)]
  0x0000026fbd107000 JavaThread "Execution worker Thread 2" [_thread_blocked, id=17348, stack(0x000000c2ed700000,0x000000c2ed800000)]
  0x0000026fbd108000 JavaThread "Execution worker Thread 3" [_thread_blocked, id=16792, stack(0x000000c2ed800000,0x000000c2ed900000)]
  0x0000026fbd109000 JavaThread "Execution worker Thread 4" [_thread_blocked, id=4824, stack(0x000000c2ed900000,0x000000c2eda00000)]
  0x0000026fbd103000 JavaThread "Execution worker Thread 5" [_thread_blocked, id=11848, stack(0x000000c2eda00000,0x000000c2edb00000)]
  0x0000026fbd10d000 JavaThread "Execution worker Thread 6" [_thread_blocked, id=15728, stack(0x000000c2edb00000,0x000000c2edc00000)]
  0x0000026fbd109800 JavaThread "Execution worker Thread 7" [_thread_blocked, id=15128, stack(0x000000c2edc00000,0x000000c2edd00000)]
  0x0000026fbd10d800 JavaThread "Cache worker for execution history cache (C:\Users\marko\Desktop\ISS2024\issLab24\project0\.gradle\8.6\executionHistory)" [_thread_blocked, id=9676, stack(0x000000c2edd00000,0x000000c2ede00000)]
  0x0000026fbd10e800 JavaThread "Unconstrained build operations" [_thread_blocked, id=6872, stack(0x000000c2ede00000,0x000000c2edf00000)]
  0x0000026fbd10f800 JavaThread "Unconstrained build operations Thread 2" [_thread_blocked, id=14864, stack(0x000000c2edf00000,0x000000c2ee000000)]
  0x0000026fbd110000 JavaThread "Unconstrained build operations Thread 3" [_thread_blocked, id=4312, stack(0x000000c2ee000000,0x000000c2ee100000)]
  0x0000026fbd10a800 JavaThread "Unconstrained build operations Thread 4" [_thread_blocked, id=3036, stack(0x000000c2ee100000,0x000000c2ee200000)]
  0x0000026fbd111000 JavaThread "Unconstrained build operations Thread 5" [_thread_blocked, id=11444, stack(0x000000c2ee200000,0x000000c2ee300000)]
  0x0000026fbd10b800 JavaThread "Unconstrained build operations Thread 6" [_thread_blocked, id=3336, stack(0x000000c2ee300000,0x000000c2ee400000)]
  0x0000026fbd10c000 JavaThread "Unconstrained build operations Thread 7" [_thread_blocked, id=11108, stack(0x000000c2ee400000,0x000000c2ee500000)]
  0x0000026fb83a2800 JavaThread "Unconstrained build operations Thread 8" [_thread_blocked, id=10548, stack(0x000000c2ee500000,0x000000c2ee600000)]

Other Threads:
  0x0000026fb50ff000 VMThread "VM Thread" [stack: 0x000000c2e9c00000,0x000000c2e9d00000] [id=2816]
  0x0000026fb5e8a000 WatcherThread [stack: 0x000000c2ea700000,0x000000c2ea800000] [id=10488]
  0x0000026f9a9c6000 GCTaskThread "GC Thread#0" [stack: 0x000000c2e9700000,0x000000c2e9800000] [id=14276]
  0x0000026fb699d800 GCTaskThread "GC Thread#1" [stack: 0x000000c2ea800000,0x000000c2ea900000] [id=18112]
  0x0000026fb66e9800 GCTaskThread "GC Thread#2" [stack: 0x000000c2ea900000,0x000000c2eaa00000] [id=17628]
  0x0000026fb6820000 GCTaskThread "GC Thread#3" [stack: 0x000000c2eaa00000,0x000000c2eab00000] [id=10480]
  0x0000026fb6ee5800 GCTaskThread "GC Thread#4" [stack: 0x000000c2eab00000,0x000000c2eac00000] [id=1036]
  0x0000026fb66ff800 GCTaskThread "GC Thread#5" [stack: 0x000000c2eac00000,0x000000c2ead00000] [id=11844]
  0x0000026fb6c61000 GCTaskThread "GC Thread#6" [stack: 0x000000c2eb600000,0x000000c2eb700000] [id=10612]
  0x0000026fb6e84800 GCTaskThread "GC Thread#7" [stack: 0x000000c2eb700000,0x000000c2eb800000] [id=4012]
  0x0000026f9a9db800 ConcurrentGCThread "G1 Main Marker" [stack: 0x000000c2e9800000,0x000000c2e9900000] [id=10608]
  0x0000026f9a9e0000 ConcurrentGCThread "G1 Conc#0" [stack: 0x000000c2e9900000,0x000000c2e9a00000] [id=15272]
  0x0000026fb716f000 ConcurrentGCThread "G1 Conc#1" [stack: 0x000000c2eb800000,0x000000c2eb900000] [id=1560]
  0x0000026f9aa8b000 ConcurrentGCThread "G1 Refine#0" [stack: 0x000000c2e9a00000,0x000000c2e9b00000] [id=8108]
  0x0000026f9aa8c800 ConcurrentGCThread "G1 Young RemSet Sampling" [stack: 0x000000c2e9b00000,0x000000c2e9c00000] [id=1152]

Threads with active compile tasks:
C2 CompilerThread0    13063 5094 %     4       org.gradle.internal.instantiation.generator.AbstractClassGenerator::inspectType @ 107 (560 bytes)

VM state:not at safepoint (normal execution)

VM Mutex/Monitor currently owned by a thread: None

Heap address: 0x00000000e0000000, size: 512 MB, Compressed Oops mode: 32-bit
Narrow klass base: 0x0000000000000000, Narrow klass shift: 3
Compressed class space size: 394264576 Address: 0x0000000100000000

Heap:
 garbage-first heap   total 262144K, used 81735K [0x00000000e0000000, 0x0000000100000000)
  region size 1024K, 52 young (53248K), 11 survivors (11264K)
 Metaspace       used 61353K, capacity 63638K, committed 63948K, reserved 440320K
  class space    used 8416K, capacity 9380K, committed 9472K, reserved 385024K
Heap Regions: E=young(eden), S=young(survivor), O=old, HS=humongous(starts), HC=humongous(continues), CS=collection set, F=free, A=archive, TAMS=top-at-mark-start (previous, next)
|   0|0x00000000e0000000, 0x00000000e0100000, 0x00000000e0100000|100%|HS|  |TAMS 0x00000000e0100000, 0x00000000e0000000| Complete 
|   1|0x00000000e0100000, 0x00000000e0200000, 0x00000000e0200000|100%|HC|  |TAMS 0x00000000e0200000, 0x00000000e0100000| Complete 
|   2|0x00000000e0200000, 0x00000000e0300000, 0x00000000e0300000|100%|HC|  |TAMS 0x00000000e0300000, 0x00000000e0200000| Complete 
|   3|0x00000000e0300000, 0x00000000e0400000, 0x00000000e0400000|100%|HC|  |TAMS 0x00000000e0400000, 0x00000000e0300000| Complete 
|   4|0x00000000e0400000, 0x00000000e0500000, 0x00000000e0500000|100%| O|  |TAMS 0x00000000e0500000, 0x00000000e0400000| Untracked 
|   5|0x00000000e0500000, 0x00000000e0600000, 0x00000000e0600000|100%| O|  |TAMS 0x00000000e0600000, 0x00000000e0500000| Untracked 
|   6|0x00000000e0600000, 0x00000000e0700000, 0x00000000e0700000|100%| O|  |TAMS 0x00000000e0700000, 0x00000000e0600000| Untracked 
|   7|0x00000000e0700000, 0x00000000e0800000, 0x00000000e0800000|100%| O|  |TAMS 0x00000000e0800000, 0x00000000e0700000| Untracked 
|   8|0x00000000e0800000, 0x00000000e0900000, 0x00000000e0900000|100%| O|  |TAMS 0x00000000e0900000, 0x00000000e0800000| Untracked 
|   9|0x00000000e0900000, 0x00000000e0a00000, 0x00000000e0a00000|100%| O|  |TAMS 0x00000000e0a00000, 0x00000000e0900000| Untracked 
|  10|0x00000000e0a00000, 0x00000000e0b00000, 0x00000000e0b00000|100%| O|  |TAMS 0x00000000e0b00000, 0x00000000e0a00000| Untracked 
|  11|0x00000000e0b00000, 0x00000000e0c00000, 0x00000000e0c00000|100%| O|  |TAMS 0x00000000e0c00000, 0x00000000e0b00000| Untracked 
|  12|0x00000000e0c00000, 0x00000000e0d00000, 0x00000000e0d00000|100%| O|  |TAMS 0x00000000e0d00000, 0x00000000e0c00000| Untracked 
|  13|0x00000000e0d00000, 0x00000000e0e00000, 0x00000000e0e00000|100%| O|  |TAMS 0x00000000e0e00000, 0x00000000e0d00000| Untracked 
|  14|0x00000000e0e00000, 0x00000000e0f00000, 0x00000000e0f00000|100%| O|  |TAMS 0x00000000e0f00000, 0x00000000e0e00000| Untracked 
|  15|0x00000000e0f00000, 0x00000000e1000000, 0x00000000e1000000|100%| O|  |TAMS 0x00000000e1000000, 0x00000000e0f00000| Untracked 
|  16|0x00000000e1000000, 0x00000000e1100000, 0x00000000e1100000|100%| O|  |TAMS 0x00000000e1100000, 0x00000000e1000000| Untracked 
|  17|0x00000000e1100000, 0x00000000e1200000, 0x00000000e1200000|100%| O|  |TAMS 0x00000000e1200000, 0x00000000e1100000| Untracked 
|  18|0x00000000e1200000, 0x00000000e1300000, 0x00000000e1300000|100%| O|  |TAMS 0x00000000e1300000, 0x00000000e1200000| Untracked 
|  19|0x00000000e1300000, 0x00000000e1400000, 0x00000000e1400000|100%| O|  |TAMS 0x00000000e1400000, 0x00000000e1300000| Untracked 
|  20|0x00000000e1400000, 0x00000000e1500000, 0x00000000e1500000|100%| O|  |TAMS 0x00000000e1500000, 0x00000000e1400000| Untracked 
|  21|0x00000000e1500000, 0x00000000e1600000, 0x00000000e1600000|100%| O|  |TAMS 0x00000000e1600000, 0x00000000e1500000| Untracked 
|  22|0x00000000e1600000, 0x00000000e1700000, 0x00000000e1700000|100%| O|  |TAMS 0x00000000e1700000, 0x00000000e1600000| Untracked 
|  23|0x00000000e1700000, 0x00000000e1800000, 0x00000000e1800000|100%| O|  |TAMS 0x00000000e1800000, 0x00000000e1700000| Untracked 
|  24|0x00000000e1800000, 0x00000000e1848200, 0x00000000e1900000| 28%| O|  |TAMS 0x00000000e1848200, 0x00000000e1800000| Untracked 
|  25|0x00000000e1900000, 0x00000000e1900000, 0x00000000e1a00000|  0%| F|  |TAMS 0x00000000e1900000, 0x00000000e1900000| Untracked 
|  26|0x00000000e1a00000, 0x00000000e1b00000, 0x00000000e1b00000|100%| O|  |TAMS 0x00000000e1b00000, 0x00000000e1a00000| Untracked 
|  27|0x00000000e1b00000, 0x00000000e1c00000, 0x00000000e1c00000|100%| O|  |TAMS 0x00000000e1c00000, 0x00000000e1b00000| Untracked 
|  28|0x00000000e1c00000, 0x00000000e1d00000, 0x00000000e1d00000|100%| O|  |TAMS 0x00000000e1d00000, 0x00000000e1c00000| Untracked 
|  29|0x00000000e1d00000, 0x00000000e1e00000, 0x00000000e1e00000|100%| O|  |TAMS 0x00000000e1e00000, 0x00000000e1d00000| Untracked 
|  30|0x00000000e1e00000, 0x00000000e1f00000, 0x00000000e1f00000|100%| O|  |TAMS 0x00000000e1f00000, 0x00000000e1e00000| Untracked 
|  31|0x00000000e1f00000, 0x00000000e1f00000, 0x00000000e2000000|  0%| F|  |TAMS 0x00000000e1f00000, 0x00000000e1f00000| Untracked 
|  32|0x00000000e2000000, 0x00000000e2000000, 0x00000000e2100000|  0%| F|  |TAMS 0x00000000e2000000, 0x00000000e2000000| Untracked 
|  33|0x00000000e2100000, 0x00000000e2100000, 0x00000000e2200000|  0%| F|  |TAMS 0x00000000e2100000, 0x00000000e2100000| Untracked 
|  34|0x00000000e2200000, 0x00000000e2200000, 0x00000000e2300000|  0%| F|  |TAMS 0x00000000e2200000, 0x00000000e2200000| Untracked 
|  35|0x00000000e2300000, 0x00000000e2300000, 0x00000000e2400000|  0%| F|  |TAMS 0x00000000e2300000, 0x00000000e2300000| Untracked 
|  36|0x00000000e2400000, 0x00000000e2400000, 0x00000000e2500000|  0%| F|  |TAMS 0x00000000e2400000, 0x00000000e2400000| Untracked 
|  37|0x00000000e2500000, 0x00000000e2500000, 0x00000000e2600000|  0%| F|  |TAMS 0x00000000e2500000, 0x00000000e2500000| Untracked 
|  38|0x00000000e2600000, 0x00000000e2600000, 0x00000000e2700000|  0%| F|  |TAMS 0x00000000e2600000, 0x00000000e2600000| Untracked 
|  39|0x00000000e2700000, 0x00000000e2700000, 0x00000000e2800000|  0%| F|  |TAMS 0x00000000e2700000, 0x00000000e2700000| Untracked 
|  40|0x00000000e2800000, 0x00000000e2800000, 0x00000000e2900000|  0%| F|  |TAMS 0x00000000e2800000, 0x00000000e2800000| Untracked 
|  41|0x00000000e2900000, 0x00000000e2900000, 0x00000000e2a00000|  0%| F|  |TAMS 0x00000000e2900000, 0x00000000e2900000| Untracked 
|  42|0x00000000e2a00000, 0x00000000e2a00000, 0x00000000e2b00000|  0%| F|  |TAMS 0x00000000e2a00000, 0x00000000e2a00000| Untracked 
|  43|0x00000000e2b00000, 0x00000000e2b00000, 0x00000000e2c00000|  0%| F|  |TAMS 0x00000000e2b00000, 0x00000000e2b00000| Untracked 
|  44|0x00000000e2c00000, 0x00000000e2c00000, 0x00000000e2d00000|  0%| F|  |TAMS 0x00000000e2c00000, 0x00000000e2c00000| Untracked 
|  45|0x00000000e2d00000, 0x00000000e2d00000, 0x00000000e2e00000|  0%| F|  |TAMS 0x00000000e2d00000, 0x00000000e2d00000| Untracked 
|  46|0x00000000e2e00000, 0x00000000e2e00000, 0x00000000e2f00000|  0%| F|  |TAMS 0x00000000e2e00000, 0x00000000e2e00000| Untracked 
|  47|0x00000000e2f00000, 0x00000000e2f00000, 0x00000000e3000000|  0%| F|  |TAMS 0x00000000e2f00000, 0x00000000e2f00000| Untracked 
|  48|0x00000000e3000000, 0x00000000e3000000, 0x00000000e3100000|  0%| F|  |TAMS 0x00000000e3000000, 0x00000000e3000000| Untracked 
|  49|0x00000000e3100000, 0x00000000e3100000, 0x00000000e3200000|  0%| F|  |TAMS 0x00000000e3100000, 0x00000000e3100000| Untracked 
|  50|0x00000000e3200000, 0x00000000e3200000, 0x00000000e3300000|  0%| F|  |TAMS 0x00000000e3200000, 0x00000000e3200000| Untracked 
|  51|0x00000000e3300000, 0x00000000e3300000, 0x00000000e3400000|  0%| F|  |TAMS 0x00000000e3300000, 0x00000000e3300000| Untracked 
|  52|0x00000000e3400000, 0x00000000e3400000, 0x00000000e3500000|  0%| F|  |TAMS 0x00000000e3400000, 0x00000000e3400000| Untracked 
|  53|0x00000000e3500000, 0x00000000e3500000, 0x00000000e3600000|  0%| F|  |TAMS 0x00000000e3500000, 0x00000000e3500000| Untracked 
|  54|0x00000000e3600000, 0x00000000e3600000, 0x00000000e3700000|  0%| F|  |TAMS 0x00000000e3600000, 0x00000000e3600000| Untracked 
|  55|0x00000000e3700000, 0x00000000e3700000, 0x00000000e3800000|  0%| F|  |TAMS 0x00000000e3700000, 0x00000000e3700000| Untracked 
|  56|0x00000000e3800000, 0x00000000e3800000, 0x00000000e3900000|  0%| F|  |TAMS 0x00000000e3800000, 0x00000000e3800000| Untracked 
|  57|0x00000000e3900000, 0x00000000e3900000, 0x00000000e3a00000|  0%| F|  |TAMS 0x00000000e3900000, 0x00000000e3900000| Untracked 
|  58|0x00000000e3a00000, 0x00000000e3a00000, 0x00000000e3b00000|  0%| F|  |TAMS 0x00000000e3a00000, 0x00000000e3a00000| Untracked 
|  59|0x00000000e3b00000, 0x00000000e3b00000, 0x00000000e3c00000|  0%| F|  |TAMS 0x00000000e3b00000, 0x00000000e3b00000| Untracked 
|  60|0x00000000e3c00000, 0x00000000e3c00000, 0x00000000e3d00000|  0%| F|  |TAMS 0x00000000e3c00000, 0x00000000e3c00000| Untracked 
|  61|0x00000000e3d00000, 0x00000000e3d00000, 0x00000000e3e00000|  0%| F|  |TAMS 0x00000000e3d00000, 0x00000000e3d00000| Untracked 
|  62|0x00000000e3e00000, 0x00000000e3e00000, 0x00000000e3f00000|  0%| F|  |TAMS 0x00000000e3e00000, 0x00000000e3e00000| Untracked 
|  63|0x00000000e3f00000, 0x00000000e3f00000, 0x00000000e4000000|  0%| F|  |TAMS 0x00000000e3f00000, 0x00000000e3f00000| Untracked 
|  64|0x00000000e4000000, 0x00000000e4000000, 0x00000000e4100000|  0%| F|  |TAMS 0x00000000e4000000, 0x00000000e4000000| Untracked 
|  65|0x00000000e4100000, 0x00000000e4100000, 0x00000000e4200000|  0%| F|  |TAMS 0x00000000e4100000, 0x00000000e4100000| Untracked 
|  66|0x00000000e4200000, 0x00000000e4200000, 0x00000000e4300000|  0%| F|  |TAMS 0x00000000e4200000, 0x00000000e4200000| Untracked 
|  67|0x00000000e4300000, 0x00000000e4300000, 0x00000000e4400000|  0%| F|  |TAMS 0x00000000e4300000, 0x00000000e4300000| Untracked 
|  68|0x00000000e4400000, 0x00000000e4400000, 0x00000000e4500000|  0%| F|  |TAMS 0x00000000e4400000, 0x00000000e4400000| Untracked 
|  69|0x00000000e4500000, 0x00000000e4500000, 0x00000000e4600000|  0%| F|  |TAMS 0x00000000e4500000, 0x00000000e4500000| Untracked 
|  70|0x00000000e4600000, 0x00000000e4600000, 0x00000000e4700000|  0%| F|  |TAMS 0x00000000e4600000, 0x00000000e4600000| Untracked 
|  71|0x00000000e4700000, 0x00000000e4700000, 0x00000000e4800000|  0%| F|  |TAMS 0x00000000e4700000, 0x00000000e4700000| Untracked 
|  72|0x00000000e4800000, 0x00000000e4800000, 0x00000000e4900000|  0%| F|  |TAMS 0x00000000e4800000, 0x00000000e4800000| Untracked 
|  73|0x00000000e4900000, 0x00000000e4900000, 0x00000000e4a00000|  0%| F|  |TAMS 0x00000000e4900000, 0x00000000e4900000| Untracked 
|  74|0x00000000e4a00000, 0x00000000e4a00000, 0x00000000e4b00000|  0%| F|  |TAMS 0x00000000e4a00000, 0x00000000e4a00000| Untracked 
|  75|0x00000000e4b00000, 0x00000000e4b00000, 0x00000000e4c00000|  0%| F|  |TAMS 0x00000000e4b00000, 0x00000000e4b00000| Untracked 
|  76|0x00000000e4c00000, 0x00000000e4c00000, 0x00000000e4d00000|  0%| F|  |TAMS 0x00000000e4c00000, 0x00000000e4c00000| Untracked 
|  77|0x00000000e4d00000, 0x00000000e4d00000, 0x00000000e4e00000|  0%| F|  |TAMS 0x00000000e4d00000, 0x00000000e4d00000| Untracked 
|  78|0x00000000e4e00000, 0x00000000e4e00000, 0x00000000e4f00000|  0%| F|  |TAMS 0x00000000e4e00000, 0x00000000e4e00000| Untracked 
|  79|0x00000000e4f00000, 0x00000000e4f00000, 0x00000000e5000000|  0%| F|  |TAMS 0x00000000e4f00000, 0x00000000e4f00000| Untracked 
|  80|0x00000000e5000000, 0x00000000e5000000, 0x00000000e5100000|  0%| F|  |TAMS 0x00000000e5000000, 0x00000000e5000000| Untracked 
|  81|0x00000000e5100000, 0x00000000e5100000, 0x00000000e5200000|  0%| F|  |TAMS 0x00000000e5100000, 0x00000000e5100000| Untracked 
|  82|0x00000000e5200000, 0x00000000e5200000, 0x00000000e5300000|  0%| F|  |TAMS 0x00000000e5200000, 0x00000000e5200000| Untracked 
|  83|0x00000000e5300000, 0x00000000e5300000, 0x00000000e5400000|  0%| F|  |TAMS 0x00000000e5300000, 0x00000000e5300000| Untracked 
|  84|0x00000000e5400000, 0x00000000e5400000, 0x00000000e5500000|  0%| F|  |TAMS 0x00000000e5400000, 0x00000000e5400000| Untracked 
|  85|0x00000000e5500000, 0x00000000e5500000, 0x00000000e5600000|  0%| F|  |TAMS 0x00000000e5500000, 0x00000000e5500000| Untracked 
|  86|0x00000000e5600000, 0x00000000e5600000, 0x00000000e5700000|  0%| F|  |TAMS 0x00000000e5600000, 0x00000000e5600000| Untracked 
|  87|0x00000000e5700000, 0x00000000e5700000, 0x00000000e5800000|  0%| F|  |TAMS 0x00000000e5700000, 0x00000000e5700000| Untracked 
|  88|0x00000000e5800000, 0x00000000e5800000, 0x00000000e5900000|  0%| F|  |TAMS 0x00000000e5800000, 0x00000000e5800000| Untracked 
|  89|0x00000000e5900000, 0x00000000e5900000, 0x00000000e5a00000|  0%| F|  |TAMS 0x00000000e5900000, 0x00000000e5900000| Untracked 
|  90|0x00000000e5a00000, 0x00000000e5a00000, 0x00000000e5b00000|  0%| F|  |TAMS 0x00000000e5a00000, 0x00000000e5a00000| Untracked 
|  91|0x00000000e5b00000, 0x00000000e5b00000, 0x00000000e5c00000|  0%| F|  |TAMS 0x00000000e5b00000, 0x00000000e5b00000| Untracked 
|  92|0x00000000e5c00000, 0x00000000e5c00000, 0x00000000e5d00000|  0%| F|  |TAMS 0x00000000e5c00000, 0x00000000e5c00000| Untracked 
|  93|0x00000000e5d00000, 0x00000000e5d00000, 0x00000000e5e00000|  0%| F|  |TAMS 0x00000000e5d00000, 0x00000000e5d00000| Untracked 
|  94|0x00000000e5e00000, 0x00000000e5e00000, 0x00000000e5f00000|  0%| F|  |TAMS 0x00000000e5e00000, 0x00000000e5e00000| Untracked 
|  95|0x00000000e5f00000, 0x00000000e5f00000, 0x00000000e6000000|  0%| F|  |TAMS 0x00000000e5f00000, 0x00000000e5f00000| Untracked 
|  96|0x00000000e6000000, 0x00000000e6000000, 0x00000000e6100000|  0%| F|  |TAMS 0x00000000e6000000, 0x00000000e6000000| Untracked 
|  97|0x00000000e6100000, 0x00000000e6100000, 0x00000000e6200000|  0%| F|  |TAMS 0x00000000e6100000, 0x00000000e6100000| Untracked 
|  98|0x00000000e6200000, 0x00000000e6200000, 0x00000000e6300000|  0%| F|  |TAMS 0x00000000e6200000, 0x00000000e6200000| Untracked 
|  99|0x00000000e6300000, 0x00000000e6300000, 0x00000000e6400000|  0%| F|  |TAMS 0x00000000e6300000, 0x00000000e6300000| Untracked 
| 100|0x00000000e6400000, 0x00000000e6400000, 0x00000000e6500000|  0%| F|  |TAMS 0x00000000e6400000, 0x00000000e6400000| Untracked 
| 101|0x00000000e6500000, 0x00000000e6500000, 0x00000000e6600000|  0%| F|  |TAMS 0x00000000e6500000, 0x00000000e6500000| Untracked 
| 102|0x00000000e6600000, 0x00000000e6600000, 0x00000000e6700000|  0%| F|  |TAMS 0x00000000e6600000, 0x00000000e6600000| Untracked 
| 103|0x00000000e6700000, 0x00000000e6700000, 0x00000000e6800000|  0%| F|  |TAMS 0x00000000e6700000, 0x00000000e6700000| Untracked 
| 104|0x00000000e6800000, 0x00000000e6800000, 0x00000000e6900000|  0%| F|  |TAMS 0x00000000e6800000, 0x00000000e6800000| Untracked 
| 105|0x00000000e6900000, 0x00000000e6900000, 0x00000000e6a00000|  0%| F|  |TAMS 0x00000000e6900000, 0x00000000e6900000| Untracked 
| 106|0x00000000e6a00000, 0x00000000e6a00000, 0x00000000e6b00000|  0%| F|  |TAMS 0x00000000e6a00000, 0x00000000e6a00000| Untracked 
| 107|0x00000000e6b00000, 0x00000000e6b00000, 0x00000000e6c00000|  0%| F|  |TAMS 0x00000000e6b00000, 0x00000000e6b00000| Untracked 
| 108|0x00000000e6c00000, 0x00000000e6c00000, 0x00000000e6d00000|  0%| F|  |TAMS 0x00000000e6c00000, 0x00000000e6c00000| Untracked 
| 109|0x00000000e6d00000, 0x00000000e6d00000, 0x00000000e6e00000|  0%| F|  |TAMS 0x00000000e6d00000, 0x00000000e6d00000| Untracked 
| 110|0x00000000e6e00000, 0x00000000e6e00000, 0x00000000e6f00000|  0%| F|  |TAMS 0x00000000e6e00000, 0x00000000e6e00000| Untracked 
| 111|0x00000000e6f00000, 0x00000000e6f00000, 0x00000000e7000000|  0%| F|  |TAMS 0x00000000e6f00000, 0x00000000e6f00000| Untracked 
| 112|0x00000000e7000000, 0x00000000e7000000, 0x00000000e7100000|  0%| F|  |TAMS 0x00000000e7000000, 0x00000000e7000000| Untracked 
| 113|0x00000000e7100000, 0x00000000e7100000, 0x00000000e7200000|  0%| F|  |TAMS 0x00000000e7100000, 0x00000000e7100000| Untracked 
| 114|0x00000000e7200000, 0x00000000e7200000, 0x00000000e7300000|  0%| F|  |TAMS 0x00000000e7200000, 0x00000000e7200000| Untracked 
| 115|0x00000000e7300000, 0x00000000e7300000, 0x00000000e7400000|  0%| F|  |TAMS 0x00000000e7300000, 0x00000000e7300000| Untracked 
| 116|0x00000000e7400000, 0x00000000e7400000, 0x00000000e7500000|  0%| F|  |TAMS 0x00000000e7400000, 0x00000000e7400000| Untracked 
| 117|0x00000000e7500000, 0x00000000e7500000, 0x00000000e7600000|  0%| F|  |TAMS 0x00000000e7500000, 0x00000000e7500000| Untracked 
| 118|0x00000000e7600000, 0x00000000e7600000, 0x00000000e7700000|  0%| F|  |TAMS 0x00000000e7600000, 0x00000000e7600000| Untracked 
| 119|0x00000000e7700000, 0x00000000e7700000, 0x00000000e7800000|  0%| F|  |TAMS 0x00000000e7700000, 0x00000000e7700000| Untracked 
| 120|0x00000000e7800000, 0x00000000e7800000, 0x00000000e7900000|  0%| F|  |TAMS 0x00000000e7800000, 0x00000000e7800000| Untracked 
| 121|0x00000000e7900000, 0x00000000e7900000, 0x00000000e7a00000|  0%| F|  |TAMS 0x00000000e7900000, 0x00000000e7900000| Untracked 
| 122|0x00000000e7a00000, 0x00000000e7a00000, 0x00000000e7b00000|  0%| F|  |TAMS 0x00000000e7a00000, 0x00000000e7a00000| Untracked 
| 123|0x00000000e7b00000, 0x00000000e7b00000, 0x00000000e7c00000|  0%| F|  |TAMS 0x00000000e7b00000, 0x00000000e7b00000| Untracked 
| 124|0x00000000e7c00000, 0x00000000e7c00000, 0x00000000e7d00000|  0%| F|  |TAMS 0x00000000e7c00000, 0x00000000e7c00000| Untracked 
| 125|0x00000000e7d00000, 0x00000000e7d00000, 0x00000000e7e00000|  0%| F|  |TAMS 0x00000000e7d00000, 0x00000000e7d00000| Untracked 
| 126|0x00000000e7e00000, 0x00000000e7e00000, 0x00000000e7f00000|  0%| F|  |TAMS 0x00000000e7e00000, 0x00000000e7e00000| Untracked 
| 127|0x00000000e7f00000, 0x00000000e7f00000, 0x00000000e8000000|  0%| F|  |TAMS 0x00000000e7f00000, 0x00000000e7f00000| Untracked 
| 128|0x00000000e8000000, 0x00000000e8000000, 0x00000000e8100000|  0%| F|  |TAMS 0x00000000e8000000, 0x00000000e8000000| Untracked 
| 129|0x00000000e8100000, 0x00000000e8100000, 0x00000000e8200000|  0%| F|  |TAMS 0x00000000e8100000, 0x00000000e8100000| Untracked 
| 130|0x00000000e8200000, 0x00000000e8200000, 0x00000000e8300000|  0%| F|  |TAMS 0x00000000e8200000, 0x00000000e8200000| Untracked 
| 131|0x00000000e8300000, 0x00000000e8300000, 0x00000000e8400000|  0%| F|  |TAMS 0x00000000e8300000, 0x00000000e8300000| Untracked 
| 132|0x00000000e8400000, 0x00000000e8400000, 0x00000000e8500000|  0%| F|  |TAMS 0x00000000e8400000, 0x00000000e8400000| Untracked 
| 133|0x00000000e8500000, 0x00000000e8500000, 0x00000000e8600000|  0%| F|  |TAMS 0x00000000e8500000, 0x00000000e8500000| Untracked 
| 134|0x00000000e8600000, 0x00000000e8600000, 0x00000000e8700000|  0%| F|  |TAMS 0x00000000e8600000, 0x00000000e8600000| Untracked 
| 135|0x00000000e8700000, 0x00000000e8700000, 0x00000000e8800000|  0%| F|  |TAMS 0x00000000e8700000, 0x00000000e8700000| Untracked 
| 136|0x00000000e8800000, 0x00000000e8800000, 0x00000000e8900000|  0%| F|  |TAMS 0x00000000e8800000, 0x00000000e8800000| Untracked 
| 137|0x00000000e8900000, 0x00000000e8900000, 0x00000000e8a00000|  0%| F|  |TAMS 0x00000000e8900000, 0x00000000e8900000| Untracked 
| 138|0x00000000e8a00000, 0x00000000e8a00000, 0x00000000e8b00000|  0%| F|  |TAMS 0x00000000e8a00000, 0x00000000e8a00000| Untracked 
| 139|0x00000000e8b00000, 0x00000000e8b00000, 0x00000000e8c00000|  0%| F|  |TAMS 0x00000000e8b00000, 0x00000000e8b00000| Untracked 
| 140|0x00000000e8c00000, 0x00000000e8c00000, 0x00000000e8d00000|  0%| F|  |TAMS 0x00000000e8c00000, 0x00000000e8c00000| Untracked 
| 141|0x00000000e8d00000, 0x00000000e8d00000, 0x00000000e8e00000|  0%| F|  |TAMS 0x00000000e8d00000, 0x00000000e8d00000| Untracked 
| 142|0x00000000e8e00000, 0x00000000e8e00000, 0x00000000e8f00000|  0%| F|  |TAMS 0x00000000e8e00000, 0x00000000e8e00000| Untracked 
| 143|0x00000000e8f00000, 0x00000000e8f00000, 0x00000000e9000000|  0%| F|  |TAMS 0x00000000e8f00000, 0x00000000e8f00000| Untracked 
| 144|0x00000000e9000000, 0x00000000e9000000, 0x00000000e9100000|  0%| F|  |TAMS 0x00000000e9000000, 0x00000000e9000000| Untracked 
| 145|0x00000000e9100000, 0x00000000e9100000, 0x00000000e9200000|  0%| F|  |TAMS 0x00000000e9100000, 0x00000000e9100000| Untracked 
| 146|0x00000000e9200000, 0x00000000e9200000, 0x00000000e9300000|  0%| F|  |TAMS 0x00000000e9200000, 0x00000000e9200000| Untracked 
| 147|0x00000000e9300000, 0x00000000e9300000, 0x00000000e9400000|  0%| F|  |TAMS 0x00000000e9300000, 0x00000000e9300000| Untracked 
| 148|0x00000000e9400000, 0x00000000e9400000, 0x00000000e9500000|  0%| F|  |TAMS 0x00000000e9400000, 0x00000000e9400000| Untracked 
| 149|0x00000000e9500000, 0x00000000e9500000, 0x00000000e9600000|  0%| F|  |TAMS 0x00000000e9500000, 0x00000000e9500000| Untracked 
| 150|0x00000000e9600000, 0x00000000e9600000, 0x00000000e9700000|  0%| F|  |TAMS 0x00000000e9600000, 0x00000000e9600000| Untracked 
| 151|0x00000000e9700000, 0x00000000e9700000, 0x00000000e9800000|  0%| F|  |TAMS 0x00000000e9700000, 0x00000000e9700000| Untracked 
| 152|0x00000000e9800000, 0x00000000e9800000, 0x00000000e9900000|  0%| F|  |TAMS 0x00000000e9800000, 0x00000000e9800000| Untracked 
| 153|0x00000000e9900000, 0x00000000e9900000, 0x00000000e9a00000|  0%| F|  |TAMS 0x00000000e9900000, 0x00000000e9900000| Untracked 
| 154|0x00000000e9a00000, 0x00000000e9a00000, 0x00000000e9b00000|  0%| F|  |TAMS 0x00000000e9a00000, 0x00000000e9a00000| Untracked 
| 155|0x00000000e9b00000, 0x00000000e9b00000, 0x00000000e9c00000|  0%| F|  |TAMS 0x00000000e9b00000, 0x00000000e9b00000| Untracked 
| 156|0x00000000e9c00000, 0x00000000e9c00000, 0x00000000e9d00000|  0%| F|  |TAMS 0x00000000e9c00000, 0x00000000e9c00000| Untracked 
| 157|0x00000000e9d00000, 0x00000000e9d00000, 0x00000000e9e00000|  0%| F|  |TAMS 0x00000000e9d00000, 0x00000000e9d00000| Untracked 
| 158|0x00000000e9e00000, 0x00000000e9e00000, 0x00000000e9f00000|  0%| F|  |TAMS 0x00000000e9e00000, 0x00000000e9e00000| Untracked 
| 159|0x00000000e9f00000, 0x00000000e9f00000, 0x00000000ea000000|  0%| F|  |TAMS 0x00000000e9f00000, 0x00000000e9f00000| Untracked 
| 160|0x00000000ea000000, 0x00000000ea000000, 0x00000000ea100000|  0%| F|  |TAMS 0x00000000ea000000, 0x00000000ea000000| Untracked 
| 161|0x00000000ea100000, 0x00000000ea100000, 0x00000000ea200000|  0%| F|  |TAMS 0x00000000ea100000, 0x00000000ea100000| Untracked 
| 162|0x00000000ea200000, 0x00000000ea200000, 0x00000000ea300000|  0%| F|  |TAMS 0x00000000ea200000, 0x00000000ea200000| Untracked 
| 163|0x00000000ea300000, 0x00000000ea300000, 0x00000000ea400000|  0%| F|  |TAMS 0x00000000ea300000, 0x00000000ea300000| Untracked 
| 164|0x00000000ea400000, 0x00000000ea400000, 0x00000000ea500000|  0%| F|  |TAMS 0x00000000ea400000, 0x00000000ea400000| Untracked 
| 165|0x00000000ea500000, 0x00000000ea500000, 0x00000000ea600000|  0%| F|  |TAMS 0x00000000ea500000, 0x00000000ea500000| Untracked 
| 166|0x00000000ea600000, 0x00000000ea600000, 0x00000000ea700000|  0%| F|  |TAMS 0x00000000ea600000, 0x00000000ea600000| Untracked 
| 167|0x00000000ea700000, 0x00000000ea700000, 0x00000000ea800000|  0%| F|  |TAMS 0x00000000ea700000, 0x00000000ea700000| Untracked 
| 168|0x00000000ea800000, 0x00000000ea800000, 0x00000000ea900000|  0%| F|  |TAMS 0x00000000ea800000, 0x00000000ea800000| Untracked 
| 169|0x00000000ea900000, 0x00000000ea900000, 0x00000000eaa00000|  0%| F|  |TAMS 0x00000000ea900000, 0x00000000ea900000| Untracked 
| 170|0x00000000eaa00000, 0x00000000eaa00000, 0x00000000eab00000|  0%| F|  |TAMS 0x00000000eaa00000, 0x00000000eaa00000| Untracked 
| 171|0x00000000eab00000, 0x00000000eab00000, 0x00000000eac00000|  0%| F|  |TAMS 0x00000000eab00000, 0x00000000eab00000| Untracked 
| 172|0x00000000eac00000, 0x00000000eac00000, 0x00000000ead00000|  0%| F|  |TAMS 0x00000000eac00000, 0x00000000eac00000| Untracked 
| 173|0x00000000ead00000, 0x00000000ead00000, 0x00000000eae00000|  0%| F|  |TAMS 0x00000000ead00000, 0x00000000ead00000| Untracked 
| 174|0x00000000eae00000, 0x00000000eae00000, 0x00000000eaf00000|  0%| F|  |TAMS 0x00000000eae00000, 0x00000000eae00000| Untracked 
| 175|0x00000000eaf00000, 0x00000000eaf00000, 0x00000000eb000000|  0%| F|  |TAMS 0x00000000eaf00000, 0x00000000eaf00000| Untracked 
| 176|0x00000000eb000000, 0x00000000eb000000, 0x00000000eb100000|  0%| F|  |TAMS 0x00000000eb000000, 0x00000000eb000000| Untracked 
| 177|0x00000000eb100000, 0x00000000eb100000, 0x00000000eb200000|  0%| F|  |TAMS 0x00000000eb100000, 0x00000000eb100000| Untracked 
| 178|0x00000000eb200000, 0x00000000eb200000, 0x00000000eb300000|  0%| F|  |TAMS 0x00000000eb200000, 0x00000000eb200000| Untracked 
| 179|0x00000000eb300000, 0x00000000eb300000, 0x00000000eb400000|  0%| F|  |TAMS 0x00000000eb300000, 0x00000000eb300000| Untracked 
| 180|0x00000000eb400000, 0x00000000eb489db0, 0x00000000eb500000| 53%| S|CS|TAMS 0x00000000eb400000, 0x00000000eb400000| Complete 
| 181|0x00000000eb500000, 0x00000000eb600000, 0x00000000eb600000|100%| S|CS|TAMS 0x00000000eb500000, 0x00000000eb500000| Complete 
| 182|0x00000000eb600000, 0x00000000eb700000, 0x00000000eb700000|100%| S|CS|TAMS 0x00000000eb600000, 0x00000000eb600000| Complete 
| 183|0x00000000eb700000, 0x00000000eb800000, 0x00000000eb800000|100%| S|CS|TAMS 0x00000000eb700000, 0x00000000eb700000| Complete 
| 184|0x00000000eb800000, 0x00000000eb900000, 0x00000000eb900000|100%| S|CS|TAMS 0x00000000eb800000, 0x00000000eb800000| Complete 
| 185|0x00000000eb900000, 0x00000000eba00000, 0x00000000eba00000|100%| S|CS|TAMS 0x00000000eb900000, 0x00000000eb900000| Complete 
| 186|0x00000000eba00000, 0x00000000ebb00000, 0x00000000ebb00000|100%| S|CS|TAMS 0x00000000eba00000, 0x00000000eba00000| Complete 
| 187|0x00000000ebb00000, 0x00000000ebc00000, 0x00000000ebc00000|100%| S|CS|TAMS 0x00000000ebb00000, 0x00000000ebb00000| Complete 
| 188|0x00000000ebc00000, 0x00000000ebd00000, 0x00000000ebd00000|100%| S|CS|TAMS 0x00000000ebc00000, 0x00000000ebc00000| Complete 
| 189|0x00000000ebd00000, 0x00000000ebe00000, 0x00000000ebe00000|100%| S|CS|TAMS 0x00000000ebd00000, 0x00000000ebd00000| Complete 
| 190|0x00000000ebe00000, 0x00000000ebf00000, 0x00000000ebf00000|100%| S|CS|TAMS 0x00000000ebe00000, 0x00000000ebe00000| Complete 
| 191|0x00000000ebf00000, 0x00000000ebf00000, 0x00000000ec000000|  0%| F|  |TAMS 0x00000000ebf00000, 0x00000000ebf00000| Untracked 
| 192|0x00000000ec000000, 0x00000000ec000000, 0x00000000ec100000|  0%| F|  |TAMS 0x00000000ec000000, 0x00000000ec000000| Untracked 
| 193|0x00000000ec100000, 0x00000000ec100000, 0x00000000ec200000|  0%| F|  |TAMS 0x00000000ec100000, 0x00000000ec100000| Untracked 
| 194|0x00000000ec200000, 0x00000000ec200000, 0x00000000ec300000|  0%| F|  |TAMS 0x00000000ec200000, 0x00000000ec200000| Untracked 
| 195|0x00000000ec300000, 0x00000000ec300000, 0x00000000ec400000|  0%| F|  |TAMS 0x00000000ec300000, 0x00000000ec300000| Untracked 
| 196|0x00000000ec400000, 0x00000000ec400000, 0x00000000ec500000|  0%| F|  |TAMS 0x00000000ec400000, 0x00000000ec400000| Untracked 
| 197|0x00000000ec500000, 0x00000000ec500000, 0x00000000ec600000|  0%| F|  |TAMS 0x00000000ec500000, 0x00000000ec500000| Untracked 
| 198|0x00000000ec600000, 0x00000000ec600000, 0x00000000ec700000|  0%| F|  |TAMS 0x00000000ec600000, 0x00000000ec600000| Untracked 
| 199|0x00000000ec700000, 0x00000000ec700000, 0x00000000ec800000|  0%| F|  |TAMS 0x00000000ec700000, 0x00000000ec700000| Untracked 
| 200|0x00000000ec800000, 0x00000000ec800000, 0x00000000ec900000|  0%| F|  |TAMS 0x00000000ec800000, 0x00000000ec800000| Untracked 
| 201|0x00000000ec900000, 0x00000000ec900000, 0x00000000eca00000|  0%| F|  |TAMS 0x00000000ec900000, 0x00000000ec900000| Untracked 
| 202|0x00000000eca00000, 0x00000000eca00000, 0x00000000ecb00000|  0%| F|  |TAMS 0x00000000eca00000, 0x00000000eca00000| Untracked 
| 203|0x00000000ecb00000, 0x00000000ecb00000, 0x00000000ecc00000|  0%| F|  |TAMS 0x00000000ecb00000, 0x00000000ecb00000| Untracked 
| 204|0x00000000ecc00000, 0x00000000ecc00000, 0x00000000ecd00000|  0%| F|  |TAMS 0x00000000ecc00000, 0x00000000ecc00000| Untracked 
| 205|0x00000000ecd00000, 0x00000000ecd00000, 0x00000000ece00000|  0%| F|  |TAMS 0x00000000ecd00000, 0x00000000ecd00000| Untracked 
| 206|0x00000000ece00000, 0x00000000ece00000, 0x00000000ecf00000|  0%| F|  |TAMS 0x00000000ece00000, 0x00000000ece00000| Untracked 
| 207|0x00000000ecf00000, 0x00000000ecf00000, 0x00000000ed000000|  0%| F|  |TAMS 0x00000000ecf00000, 0x00000000ecf00000| Untracked 
| 208|0x00000000ed000000, 0x00000000ed000000, 0x00000000ed100000|  0%| F|  |TAMS 0x00000000ed000000, 0x00000000ed000000| Untracked 
| 209|0x00000000ed100000, 0x00000000ed100000, 0x00000000ed200000|  0%| F|  |TAMS 0x00000000ed100000, 0x00000000ed100000| Untracked 
| 210|0x00000000ed200000, 0x00000000ed200000, 0x00000000ed300000|  0%| F|  |TAMS 0x00000000ed200000, 0x00000000ed200000| Untracked 
| 211|0x00000000ed300000, 0x00000000ed300000, 0x00000000ed400000|  0%| F|  |TAMS 0x00000000ed300000, 0x00000000ed300000| Untracked 
| 212|0x00000000ed400000, 0x00000000ed400000, 0x00000000ed500000|  0%| F|  |TAMS 0x00000000ed400000, 0x00000000ed400000| Untracked 
| 213|0x00000000ed500000, 0x00000000ed500000, 0x00000000ed600000|  0%| F|  |TAMS 0x00000000ed500000, 0x00000000ed500000| Untracked 
| 214|0x00000000ed600000, 0x00000000ed600000, 0x00000000ed700000|  0%| F|  |TAMS 0x00000000ed600000, 0x00000000ed600000| Untracked 
| 215|0x00000000ed700000, 0x00000000ed7e0180, 0x00000000ed800000| 87%| E|  |TAMS 0x00000000ed700000, 0x00000000ed700000| Complete 
| 216|0x00000000ed800000, 0x00000000ed900000, 0x00000000ed900000|100%| E|CS|TAMS 0x00000000ed800000, 0x00000000ed800000| Complete 
| 217|0x00000000ed900000, 0x00000000eda00000, 0x00000000eda00000|100%| E|CS|TAMS 0x00000000ed900000, 0x00000000ed900000| Complete 
| 218|0x00000000eda00000, 0x00000000edb00000, 0x00000000edb00000|100%| E|CS|TAMS 0x00000000eda00000, 0x00000000eda00000| Complete 
| 219|0x00000000edb00000, 0x00000000edc00000, 0x00000000edc00000|100%| E|CS|TAMS 0x00000000edb00000, 0x00000000edb00000| Complete 
| 220|0x00000000edc00000, 0x00000000edd00000, 0x00000000edd00000|100%| E|CS|TAMS 0x00000000edc00000, 0x00000000edc00000| Complete 
| 221|0x00000000edd00000, 0x00000000ede00000, 0x00000000ede00000|100%| E|CS|TAMS 0x00000000edd00000, 0x00000000edd00000| Complete 
| 222|0x00000000ede00000, 0x00000000edf00000, 0x00000000edf00000|100%| E|CS|TAMS 0x00000000ede00000, 0x00000000ede00000| Complete 
| 223|0x00000000edf00000, 0x00000000ee000000, 0x00000000ee000000|100%| E|CS|TAMS 0x00000000edf00000, 0x00000000edf00000| Complete 
| 224|0x00000000ee000000, 0x00000000ee100000, 0x00000000ee100000|100%| E|CS|TAMS 0x00000000ee000000, 0x00000000ee000000| Complete 
| 225|0x00000000ee100000, 0x00000000ee200000, 0x00000000ee200000|100%| E|CS|TAMS 0x00000000ee100000, 0x00000000ee100000| Complete 
| 226|0x00000000ee200000, 0x00000000ee300000, 0x00000000ee300000|100%| E|CS|TAMS 0x00000000ee200000, 0x00000000ee200000| Complete 
| 227|0x00000000ee300000, 0x00000000ee400000, 0x00000000ee400000|100%| E|CS|TAMS 0x00000000ee300000, 0x00000000ee300000| Complete 
| 228|0x00000000ee400000, 0x00000000ee500000, 0x00000000ee500000|100%| E|CS|TAMS 0x00000000ee400000, 0x00000000ee400000| Complete 
| 229|0x00000000ee500000, 0x00000000ee600000, 0x00000000ee600000|100%| E|CS|TAMS 0x00000000ee500000, 0x00000000ee500000| Complete 
| 230|0x00000000ee600000, 0x00000000ee700000, 0x00000000ee700000|100%| E|CS|TAMS 0x00000000ee600000, 0x00000000ee600000| Complete 
| 231|0x00000000ee700000, 0x00000000ee800000, 0x00000000ee800000|100%| E|CS|TAMS 0x00000000ee700000, 0x00000000ee700000| Complete 
| 232|0x00000000ee800000, 0x00000000ee900000, 0x00000000ee900000|100%| E|CS|TAMS 0x00000000ee800000, 0x00000000ee800000| Complete 
| 233|0x00000000ee900000, 0x00000000eea00000, 0x00000000eea00000|100%| E|CS|TAMS 0x00000000ee900000, 0x00000000ee900000| Complete 
| 234|0x00000000eea00000, 0x00000000eeb00000, 0x00000000eeb00000|100%| E|CS|TAMS 0x00000000eea00000, 0x00000000eea00000| Complete 
| 235|0x00000000eeb00000, 0x00000000eec00000, 0x00000000eec00000|100%| E|CS|TAMS 0x00000000eeb00000, 0x00000000eeb00000| Complete 
| 236|0x00000000eec00000, 0x00000000eed00000, 0x00000000eed00000|100%| E|CS|TAMS 0x00000000eec00000, 0x00000000eec00000| Complete 
| 237|0x00000000eed00000, 0x00000000eee00000, 0x00000000eee00000|100%| E|CS|TAMS 0x00000000eed00000, 0x00000000eed00000| Complete 
| 238|0x00000000eee00000, 0x00000000eef00000, 0x00000000eef00000|100%| E|CS|TAMS 0x00000000eee00000, 0x00000000eee00000| Complete 
| 239|0x00000000eef00000, 0x00000000ef000000, 0x00000000ef000000|100%| E|CS|TAMS 0x00000000eef00000, 0x00000000eef00000| Complete 
| 240|0x00000000ef000000, 0x00000000ef100000, 0x00000000ef100000|100%| E|CS|TAMS 0x00000000ef000000, 0x00000000ef000000| Complete 
| 241|0x00000000ef100000, 0x00000000ef200000, 0x00000000ef200000|100%| E|CS|TAMS 0x00000000ef100000, 0x00000000ef100000| Complete 
| 242|0x00000000ef200000, 0x00000000ef300000, 0x00000000ef300000|100%| E|CS|TAMS 0x00000000ef200000, 0x00000000ef200000| Complete 
| 243|0x00000000ef300000, 0x00000000ef400000, 0x00000000ef400000|100%| E|CS|TAMS 0x00000000ef300000, 0x00000000ef300000| Complete 
| 244|0x00000000ef400000, 0x00000000ef500000, 0x00000000ef500000|100%| E|CS|TAMS 0x00000000ef400000, 0x00000000ef400000| Complete 
| 245|0x00000000ef500000, 0x00000000ef600000, 0x00000000ef600000|100%| E|CS|TAMS 0x00000000ef500000, 0x00000000ef500000| Complete 
| 246|0x00000000ef600000, 0x00000000ef700000, 0x00000000ef700000|100%| E|CS|TAMS 0x00000000ef600000, 0x00000000ef600000| Complete 
| 247|0x00000000ef700000, 0x00000000ef800000, 0x00000000ef800000|100%| E|CS|TAMS 0x00000000ef700000, 0x00000000ef700000| Complete 
| 248|0x00000000ef800000, 0x00000000ef900000, 0x00000000ef900000|100%| E|CS|TAMS 0x00000000ef800000, 0x00000000ef800000| Complete 
| 249|0x00000000ef900000, 0x00000000efa00000, 0x00000000efa00000|100%| E|CS|TAMS 0x00000000ef900000, 0x00000000ef900000| Complete 
| 250|0x00000000efa00000, 0x00000000efb00000, 0x00000000efb00000|100%| E|CS|TAMS 0x00000000efa00000, 0x00000000efa00000| Complete 
| 251|0x00000000efb00000, 0x00000000efc00000, 0x00000000efc00000|100%| E|CS|TAMS 0x00000000efb00000, 0x00000000efb00000| Complete 
| 252|0x00000000efc00000, 0x00000000efd00000, 0x00000000efd00000|100%| E|CS|TAMS 0x00000000efc00000, 0x00000000efc00000| Complete 
| 253|0x00000000efd00000, 0x00000000efe00000, 0x00000000efe00000|100%| E|CS|TAMS 0x00000000efd00000, 0x00000000efd00000| Complete 
| 254|0x00000000efe00000, 0x00000000eff00000, 0x00000000eff00000|100%| E|CS|TAMS 0x00000000efe00000, 0x00000000efe00000| Complete 
| 255|0x00000000eff00000, 0x00000000f0000000, 0x00000000f0000000|100%| E|CS|TAMS 0x00000000eff00000, 0x00000000eff00000| Complete 

Card table byte_map: [0x0000026fb14b0000,0x0000026fb15b0000] _byte_map_base: 0x0000026fb0db0000

Marking Bits (Prev, Next): (CMBitMap*) 0x0000026f9a9d6e50, (CMBitMap*) 0x0000026f9a9d6e18
 Prev Bits: [0x0000026fb1eb0000, 0x0000026fb26b0000)
 Next Bits: [0x0000026fb16b0000, 0x0000026fb1eb0000)

Polling page: 0x0000026f98980000

Metaspace:

Usage:
  Non-class:     52.99 MB capacity,    51.70 MB ( 98%) used,     1.04 MB (  2%) free+waste,   253.31 KB ( <1%) overhead. 
      Class:      9.16 MB capacity,     8.22 MB ( 90%) used,   835.79 KB (  9%) free+waste,   128.06 KB (  1%) overhead. 
       Both:     62.15 MB capacity,    59.92 MB ( 96%) used,     1.86 MB (  3%) free+waste,   381.38 KB ( <1%) overhead. 

Virtual space:
  Non-class space:       54.00 MB reserved,      53.20 MB ( 99%) committed 
      Class space:      376.00 MB reserved,       9.25 MB (  2%) committed 
             Both:      430.00 MB reserved,      62.45 MB ( 15%) committed 

Chunk freelists:
   Non-Class:  3.25 KB
       Class:  3.50 KB
        Both:  6.75 KB

CodeHeap 'non-profiled nmethods': size=120000Kb used=3692Kb max_used=3692Kb free=116307Kb
 bounds [0x0000026fa9b50000, 0x0000026fa9ef0000, 0x0000026fb1080000]
CodeHeap 'profiled nmethods': size=120000Kb used=11923Kb max_used=11923Kb free=108077Kb
 bounds [0x0000026fa2620000, 0x0000026fa31d0000, 0x0000026fa9b50000]
CodeHeap 'non-nmethods': size=5760Kb used=2244Kb max_used=2295Kb free=3515Kb
 bounds [0x0000026fa2080000, 0x0000026fa22f0000, 0x0000026fa2620000]
 total_blobs=6496 nmethods=5665 adapters=742
 compilation: enabled
              stopped_count=0, restarted_count=0
 full_count=0

Compilation events (10 events):
Event: 12.860 Thread 0x0000026fb5ab4000 5678       3       org.gradle.api.internal.provider.EvaluationContext$PerThreadContext::pop (36 bytes)
Event: 12.861 Thread 0x0000026fb5ab4000 nmethod 5678 0x0000026fa31c1a10 code [0x0000026fa31c1be0, 0x0000026fa31c2028]
Event: 12.861 Thread 0x0000026fb5ab4000 5681       3       it.unimi.dsi.fastutil.objects.ReferenceOpenHashSet::removeEntry (60 bytes)
Event: 12.861 Thread 0x0000026fb5ab4000 nmethod 5681 0x0000026fa31c2190 code [0x0000026fa31c2340, 0x0000026fa31c25d8]
Event: 12.861 Thread 0x0000026fb5ab4000 5680       3       it.unimi.dsi.fastutil.objects.ReferenceArrayList::grow (137 bytes)
Event: 12.863 Thread 0x0000026fb5ab4000 nmethod 5680 0x0000026fa31c2710 code [0x0000026fa31c2900, 0x0000026fa31c2fd8]
Event: 12.863 Thread 0x0000026fb5ab4000 5679       3       it.unimi.dsi.fastutil.objects.ReferenceOpenHashSet::add (126 bytes)
Event: 12.864 Thread 0x0000026fb5ab4000 nmethod 5679 0x0000026fa31c3210 code [0x0000026fa31c3400, 0x0000026fa31c3aa8]
Event: 12.864 Thread 0x0000026fb5ab4000 5682       1       org.gradle.internal.typeconversion.TypeInfo::getTargetType (5 bytes)
Event: 12.864 Thread 0x0000026fb5ab4000 nmethod 5682 0x0000026fa9ee2d90 code [0x0000026fa9ee2f20, 0x0000026fa9ee2fd8]

GC Heap History (10 events):
Event: 4.645 GC heap before
{Heap before GC invocations=3 (full 0):
 garbage-first heap   total 262144K, used 84218K [0x00000000e0000000, 0x0000000100000000)
  region size 1024K, 75 young (76800K), 11 survivors (11264K)
 Metaspace       used 25784K, capacity 26460K, committed 26624K, reserved 409600K
  class space    used 3336K, capacity 3583K, committed 3584K, reserved 385024K
}
Event: 4.654 GC heap after
{Heap after GC invocations=4 (full 0):
 garbage-first heap   total 262144K, used 20994K [0x00000000e0000000, 0x0000000100000000)
  region size 1024K, 3 young (3072K), 3 survivors (3072K)
 Metaspace       used 25784K, capacity 26460K, committed 26624K, reserved 409600K
  class space    used 3336K, capacity 3583K, committed 3584K, reserved 385024K
}
Event: 5.726 GC heap before
{Heap before GC invocations=4 (full 0):
 garbage-first heap   total 262144K, used 110082K [0x00000000e0000000, 0x0000000100000000)
  region size 1024K, 91 young (93184K), 3 survivors (3072K)
 Metaspace       used 34925K, capacity 35816K, committed 35840K, reserved 417792K
  class space    used 4615K, capacity 4968K, committed 4992K, reserved 385024K
}
Event: 5.733 GC heap after
{Heap after GC invocations=5 (full 0):
 garbage-first heap   total 262144K, used 24270K [0x00000000e0000000, 0x0000000100000000)
  region size 1024K, 6 young (6144K), 6 survivors (6144K)
 Metaspace       used 34925K, capacity 35816K, committed 35840K, reserved 417792K
  class space    used 4615K, capacity 4968K, committed 4992K, reserved 385024K
}
Event: 7.658 GC heap before
{Heap before GC invocations=6 (full 0):
 garbage-first heap   total 262144K, used 142030K [0x00000000e0000000, 0x0000000100000000)
  region size 1024K, 122 young (124928K), 6 survivors (6144K)
 Metaspace       used 45995K, capacity 47224K, committed 47360K, reserved 425984K
  class space    used 6141K, capacity 6633K, committed 6656K, reserved 385024K
}
Event: 7.670 GC heap after
{Heap after GC invocations=7 (full 0):
 garbage-first heap   total 262144K, used 30564K [0x00000000e0000000, 0x0000000100000000)
  region size 1024K, 12 young (12288K), 12 survivors (12288K)
 Metaspace       used 45995K, capacity 47224K, committed 47360K, reserved 425984K
  class space    used 6141K, capacity 6633K, committed 6656K, reserved 385024K
}
Event: 9.147 GC heap before
{Heap before GC invocations=7 (full 0):
 garbage-first heap   total 262144K, used 169828K [0x00000000e0000000, 0x0000000100000000)
  region size 1024K, 141 young (144384K), 12 survivors (12288K)
 Metaspace       used 54720K, capacity 56471K, committed 56704K, reserved 434176K
  class space    used 7334K, capacity 8034K, committed 8064K, reserved 385024K
}
Event: 9.171 GC heap after
{Heap after GC invocations=8 (full 0):
 garbage-first heap   total 262144K, used 36078K [0x00000000e0000000, 0x0000000100000000)
  region size 1024K, 12 young (12288K), 12 survivors (12288K)
 Metaspace       used 54720K, capacity 56471K, committed 56704K, reserved 434176K
  class space    used 7334K, capacity 8034K, committed 8064K, reserved 385024K
}
Event: 11.954 GC heap before
{Heap before GC invocations=8 (full 0):
 garbage-first heap   total 262144K, used 101614K [0x00000000e0000000, 0x0000000100000000)
  region size 1024K, 77 young (78848K), 12 survivors (12288K)
 Metaspace       used 58041K, capacity 59982K, committed 60160K, reserved 438272K
  class space    used 7868K, capacity 8704K, committed 8704K, reserved 385024K
}
Event: 11.970 GC heap after
{Heap after GC invocations=9 (full 0):
 garbage-first heap   total 262144K, used 40775K [0x00000000e0000000, 0x0000000100000000)
  region size 1024K, 11 young (11264K), 11 survivors (11264K)
 Metaspace       used 58041K, capacity 59982K, committed 60160K, reserved 438272K
  class space    used 7868K, capacity 8704K, committed 8704K, reserved 385024K
}

Deoptimization events (10 events):
Event: 11.852 Thread 0x0000026fb8a57800 Uncommon trap: reason=array_check action=maybe_recompile pc=0x0000026fa9e92710 method=java.util.AbstractCollection.toArray([Ljava/lang/Object;)[Ljava/lang/Object; @ 116 c2
Event: 11.852 Thread 0x0000026fb8a57800 Uncommon trap: reason=array_check action=maybe_recompile pc=0x0000026fa9e92710 method=java.util.AbstractCollection.toArray([Ljava/lang/Object;)[Ljava/lang/Object; @ 116 c2
Event: 11.852 Thread 0x0000026fb8a57800 Uncommon trap: reason=array_check action=maybe_recompile pc=0x0000026fa9e92710 method=java.util.AbstractCollection.toArray([Ljava/lang/Object;)[Ljava/lang/Object; @ 116 c2
Event: 11.923 Thread 0x0000026fb8a57800 Uncommon trap: reason=unstable_if action=reinterpret pc=0x0000026fa9dfcb88 method=org.gradle.internal.service.DefaultServiceRegistry$OwnServices.getService(Ljava/lang/reflect/Type;)Lorg/gradle/internal/service/Service; @ 27 c2
Event: 12.186 Thread 0x0000026fbd106800 Uncommon trap: reason=unstable_if action=reinterpret pc=0x0000026fa9c465b4 method=java.lang.String.regionMatches(ZILjava/lang/String;II)Z @ 1 c2
Event: 12.361 Thread 0x0000026fbd106800 Uncommon trap: reason=class_check action=maybe_recompile pc=0x0000026fa9e6bd00 method=java.util.HashMap.computeIfAbsent(Ljava/lang/Object;Ljava/util/function/Function;)Ljava/lang/Object; @ 142 c2
Event: 12.361 Thread 0x0000026fbd106800 Uncommon trap: reason=class_check action=maybe_recompile pc=0x0000026fa9e6bd00 method=java.util.HashMap.computeIfAbsent(Ljava/lang/Object;Ljava/util/function/Function;)Ljava/lang/Object; @ 142 c2
Event: 12.515 Thread 0x0000026fbd106800 Uncommon trap: reason=unstable_if action=reinterpret pc=0x0000026fa9b8af7c method=java.lang.AbstractStringBuilder.append(Ljava/lang/String;)Ljava/lang/AbstractStringBuilder; @ 1 c2
Event: 12.530 Thread 0x0000026fbd106800 Uncommon trap: reason=unstable_if action=reinterpret pc=0x0000026fa9b8e90c method=java.lang.AbstractStringBuilder.append(Ljava/lang/String;)Ljava/lang/AbstractStringBuilder; @ 1 c2
Event: 12.538 Thread 0x0000026fbd106800 Uncommon trap: reason=class_check action=maybe_recompile pc=0x0000026fa9e6bd00 method=java.util.HashMap.computeIfAbsent(Ljava/lang/Object;Ljava/util/function/Function;)Ljava/lang/Object; @ 142 c2

Classes redefined (0 events):
No events

Internal exceptions (10 events):
Event: 12.504 Thread 0x0000026fbd106800 Exception <a 'java/lang/NoSuchMethodError'{0x00000000ee503880}: java.lang.invoke.DirectMethodHandle$Holder.invokeStatic(Ljava/lang/Object;Ljava/lang/Object;Ljava/lang/Object;Ljava/lang/Object;Ljava/lang/Object;I)Ljava/lang/Object;> (0x00000000ee503880) th
Event: 12.505 Thread 0x0000026fbd106800 Exception <a 'java/lang/NoSuchMethodError'{0x00000000ee507b88}: java.lang.invoke.DirectMethodHandle$Holder.invokeSpecial(Ljava/lang/Object;Ljava/lang/Object;Ljava/lang/Object;Ljava/lang/Object;Ljava/lang/Object;Ljava/lang/Object;I)Ljava/lang/Object;> (0x0
Event: 12.506 Thread 0x0000026fbd106800 Exception <a 'java/lang/NoSuchMethodError'{0x00000000ee50b998}: java.lang.invoke.Invokers$Holder.linkToTargetMethod(Ljava/lang/Object;Ljava/lang/Object;Ljava/lang/Object;Ljava/lang/Object;ILjava/lang/Object;)Ljava/lang/Object;> (0x00000000ee50b998) thrown
Event: 12.515 Thread 0x0000026fbd106800 Implicit null exception at 0x0000026fa9b8aa57 to 0x0000026fa9b8af64
Event: 12.530 Thread 0x0000026fbd106800 Implicit null exception at 0x0000026fa9b8e3d4 to 0x0000026fa9b8e8f4
Event: 12.606 Thread 0x0000026fbd106800 Exception <a 'java/lang/NoSuchMethodError'{0x00000000ee24a2d8}: java.lang.invoke.DirectMethodHandle$Holder.invokeSpecial(Ljava/lang/Object;Ljava/lang/Object;Ljava/lang/Object;Ljava/lang/Object;Ljava/lang/Object;J)Ljava/lang/Object;> (0x00000000ee24a2d8) t
Event: 12.609 Thread 0x0000026fbd106800 Exception <a 'java/lang/NoSuchMethodError'{0x00000000ee274f78}: java.lang.invoke.DirectMethodHandle$Holder.invokeStatic(Ljava/lang/Object;Ljava/lang/Object;Ljava/lang/Object;ILjava/lang/Object;)V> (0x00000000ee274f78) thrown at [./open/src/hotspot/share/i
Event: 12.736 Thread 0x0000026fbd106800 Exception <a 'java/lang/NoSuchMethodError'{0x00000000edce42c0}: java.lang.invoke.DirectMethodHandle$Holder.invokeStaticInit(Ljava/lang/Object;Ljava/lang/Object;Ljava/lang/Object;Ljava/lang/Object;Ljava/lang/Object;)I> (0x00000000edce42c0) thrown at [./ope
Event: 12.788 Thread 0x0000026fbd106800 Exception <a 'sun/nio/fs/WindowsException'{0x00000000edae97c8}> (0x00000000edae97c8) thrown at [./open/src/hotspot/share/prims/jni.cpp, line 611]
Event: 12.839 Thread 0x0000026fbd106800 Exception <a 'java/lang/NoSuchMethodError'{0x00000000ed802930}: java.lang.invoke.DirectMethodHandle$Holder.invokeVirtual(Ljava/lang/Object;Ljava/lang/Object;)V> (0x00000000ed802930) thrown at [./open/src/hotspot/share/interpreter/linkResolver.cpp, line 77

Events (10 events):
Event: 12.852 Executing VM operation: RevokeBias
Event: 12.852 Executing VM operation: RevokeBias done
Event: 12.853 loading class org/gradle/process/internal/DefaultJavaExecAction
Event: 12.853 loading class org/gradle/process/internal/DefaultJavaExecAction done
Event: 12.853 loading class org/gradle/process/internal/JavaExecHandleBuilder
Event: 12.853 loading class org/gradle/process/internal/JavaExecHandleBuilder done
Event: 12.857 loading class org/gradle/process/internal/DefaultExecSpec
Event: 12.857 loading class org/gradle/process/internal/DefaultExecSpec done
Event: 12.861 loading class org/gradle/process/internal/util/LongCommandLineDetectionUtil
Event: 12.861 loading class org/gradle/process/internal/util/LongCommandLineDetectionUtil done


Dynamic libraries:
0x00007ff621840000 - 0x00007ff62184f000 	C:\Program Files\Java\jdk-11.0.17\bin\java.exe
0x00007ff918fb0000 - 0x00007ff9191a8000 	C:\WINDOWS\SYSTEM32\ntdll.dll
0x00007ff917500000 - 0x00007ff9175bd000 	C:\WINDOWS\System32\KERNEL32.DLL
0x00007ff9168b0000 - 0x00007ff916ba6000 	C:\WINDOWS\System32\KERNELBASE.dll
0x00007ff916dd0000 - 0x00007ff916ed0000 	C:\WINDOWS\System32\ucrtbase.dll
0x00007ff90e7b0000 - 0x00007ff90e7c8000 	C:\Program Files\Java\jdk-11.0.17\bin\jli.dll
0x00007ff906f10000 - 0x00007ff906f25000 	C:\Program Files\Java\jdk-11.0.17\bin\VCRUNTIME140.dll
0x00007ff918d80000 - 0x00007ff918e33000 	C:\WINDOWS\System32\ADVAPI32.dll
0x00007ff918210000 - 0x00007ff9182ae000 	C:\WINDOWS\System32\msvcrt.dll
0x00007ff9173e0000 - 0x00007ff91747f000 	C:\WINDOWS\System32\sechost.dll
0x00007ff918e40000 - 0x00007ff918f66000 	C:\WINDOWS\System32\RPCRT4.dll
0x00007ff9166e0000 - 0x00007ff916707000 	C:\WINDOWS\System32\bcrypt.dll
0x00007ff918070000 - 0x00007ff91820e000 	C:\WINDOWS\System32\USER32.dll
0x00007ff9039e0000 - 0x00007ff903c7a000 	C:\WINDOWS\WinSxS\amd64_microsoft.windows.common-controls_6595b64144ccf1df_6.0.19041.3636_none_60b6a03d71f818d5\COMCTL32.dll
0x00007ff916bb0000 - 0x00007ff916bd2000 	C:\WINDOWS\System32\win32u.dll
0x00007ff9179e0000 - 0x00007ff917a0b000 	C:\WINDOWS\System32\GDI32.dll
0x00007ff916ed0000 - 0x00007ff916fe7000 	C:\WINDOWS\System32\gdi32full.dll
0x00007ff916810000 - 0x00007ff9168ad000 	C:\WINDOWS\System32\msvcp_win.dll
0x00007ff90f560000 - 0x00007ff90f56a000 	C:\WINDOWS\SYSTEM32\VERSION.dll
0x00007ff918bc0000 - 0x00007ff918bf2000 	C:\WINDOWS\System32\IMM32.DLL
0x00007ff8ecd20000 - 0x00007ff8ecdbb000 	C:\Program Files\Java\jdk-11.0.17\bin\msvcp140.dll
0x00007ff8d9f70000 - 0x00007ff8daa8a000 	C:\Program Files\Java\jdk-11.0.17\bin\server\jvm.dll
0x00007ff918bb0000 - 0x00007ff918bb8000 	C:\WINDOWS\System32\PSAPI.DLL
0x00007ff8ff8a0000 - 0x00007ff8ff8c7000 	C:\WINDOWS\SYSTEM32\WINMM.dll
0x00007ff911b00000 - 0x00007ff911b09000 	C:\WINDOWS\SYSTEM32\WSOCK32.dll
0x00007ff918c00000 - 0x00007ff918c6b000 	C:\WINDOWS\System32\WS2_32.dll
0x00007ff914e70000 - 0x00007ff914e82000 	C:\WINDOWS\SYSTEM32\kernel.appcore.dll
0x00007ff910f60000 - 0x00007ff910f70000 	C:\Program Files\Java\jdk-11.0.17\bin\verify.dll
0x00007ff914360000 - 0x00007ff914544000 	C:\WINDOWS\SYSTEM32\DBGHELP.DLL
0x00007ff8fd360000 - 0x00007ff8fd394000 	C:\WINDOWS\SYSTEM32\dbgcore.DLL
0x00007ff916be0000 - 0x00007ff916c62000 	C:\WINDOWS\System32\bcryptPrimitives.dll
0x00007ff9067c0000 - 0x00007ff9067e8000 	C:\Program Files\Java\jdk-11.0.17\bin\java.dll
0x00007ff9108f0000 - 0x00007ff9108fa000 	C:\Program Files\Java\jdk-11.0.17\bin\jimage.dll
0x00007ff90fa20000 - 0x00007ff90fa2e000 	C:\Program Files\Java\jdk-11.0.17\bin\instrument.dll
0x00007ff906a30000 - 0x00007ff906a46000 	C:\Program Files\Java\jdk-11.0.17\bin\zip.dll
0x00007ff918390000 - 0x00007ff918ad5000 	C:\WINDOWS\System32\SHELL32.dll
0x00007ff914550000 - 0x00007ff914cec000 	C:\WINDOWS\SYSTEM32\windows.storage.dll
0x00007ff917680000 - 0x00007ff9179d4000 	C:\WINDOWS\System32\combase.dll
0x00007ff916030000 - 0x00007ff91605e000 	C:\WINDOWS\SYSTEM32\Wldp.dll
0x00007ff918ae0000 - 0x00007ff918bad000 	C:\WINDOWS\System32\OLEAUT32.dll
0x00007ff917050000 - 0x00007ff9170fd000 	C:\WINDOWS\System32\SHCORE.dll
0x00007ff916ff0000 - 0x00007ff917045000 	C:\WINDOWS\System32\shlwapi.dll
0x00007ff9165a0000 - 0x00007ff9165c5000 	C:\WINDOWS\SYSTEM32\profapi.dll
0x00007ff9067a0000 - 0x00007ff9067b9000 	C:\Program Files\Java\jdk-11.0.17\bin\net.dll
0x00007ff90e0c0000 - 0x00007ff90e1ca000 	C:\WINDOWS\SYSTEM32\WINHTTP.dll
0x00007ff915d30000 - 0x00007ff915d9a000 	C:\WINDOWS\system32\mswsock.dll
0x00007ff906780000 - 0x00007ff906792000 	C:\Program Files\Java\jdk-11.0.17\bin\nio.dll
0x00007ff9060f0000 - 0x00007ff906117000 	C:\Users\marko\.gradle\native\c067742578af261105cb4f569cf0c3c89f3d7b1fecec35dd04571415982c5e48\windows-amd64\native-platform.dll
0x00007ff8e0890000 - 0x00007ff8e09d4000 	C:\Users\marko\.gradle\native\38dada09dfb8b06ba9b0570ebf7e218e3eb74d4ef43ca46872605cf95ebc2f47\windows-amd64\native-platform-file-events.dll
0x00007ff90fe60000 - 0x00007ff90fe69000 	C:\Program Files\Java\jdk-11.0.17\bin\management.dll
0x00007ff90fd00000 - 0x00007ff90fd0b000 	C:\Program Files\Java\jdk-11.0.17\bin\management_ext.dll
0x00007ff915f30000 - 0x00007ff915f48000 	C:\WINDOWS\SYSTEM32\CRYPTSP.dll
0x00007ff915620000 - 0x00007ff915654000 	C:\WINDOWS\system32\rsaenh.dll
0x00007ff916560000 - 0x00007ff91658e000 	C:\WINDOWS\SYSTEM32\USERENV.dll
0x00007ff915f20000 - 0x00007ff915f2c000 	C:\WINDOWS\SYSTEM32\CRYPTBASE.dll
0x00007ff915a00000 - 0x00007ff915a3b000 	C:\WINDOWS\SYSTEM32\IPHLPAPI.DLL
0x00007ff917f10000 - 0x00007ff917f18000 	C:\WINDOWS\System32\NSI.dll
0x00007ff90f660000 - 0x00007ff90f677000 	C:\WINDOWS\SYSTEM32\dhcpcsvc6.DLL
0x00007ff90f640000 - 0x00007ff90f65d000 	C:\WINDOWS\SYSTEM32\dhcpcsvc.DLL
0x00007ff915a40000 - 0x00007ff915b0b000 	C:\WINDOWS\SYSTEM32\DNSAPI.dll
0x00007ff9136a0000 - 0x00007ff913730000 	C:\WINDOWS\system32\apphelp.dll

dbghelp: loaded successfully - version: 4.0.5 - missing functions: none
symbol engine: initialized successfully - sym options: 0x614 - pdb path: .;C:\Program Files\Java\jdk-11.0.17\bin;C:\WINDOWS\SYSTEM32;C:\WINDOWS\WinSxS\amd64_microsoft.windows.common-controls_6595b64144ccf1df_6.0.19041.3636_none_60b6a03d71f818d5;C:\Program Files\Java\jdk-11.0.17\bin\server;C:\Users\marko\.gradle\native\c067742578af261105cb4f569cf0c3c89f3d7b1fecec35dd04571415982c5e48\windows-amd64;C:\Users\marko\.gradle\native\38dada09dfb8b06ba9b0570ebf7e218e3eb74d4ef43ca46872605cf95ebc2f47\windows-amd64

VM Arguments:
jvm_args: --add-opens=java.base/java.util=ALL-UNNAMED --add-opens=java.base/java.lang=ALL-UNNAMED --add-opens=java.base/java.lang.invoke=ALL-UNNAMED --add-opens=java.prefs/java.util.prefs=ALL-UNNAMED --add-opens=java.base/java.nio.charset=ALL-UNNAMED --add-opens=java.base/java.net=ALL-UNNAMED --add-opens=java.base/java.util.concurrent.atomic=ALL-UNNAMED -XX:MaxMetaspaceSize=384m -XX:+HeapDumpOnOutOfMemoryError -Xms256m -Xmx512m -Dfile.encoding=windows-1252 -Duser.country=IT -Duser.language=it -Duser.variant -javaagent:C:\Users\marko\.gradle\wrapper\dists\gradle-8.6-bin\afr5mpiioh2wthjmwnkmdsd5w\gradle-8.6\lib\agents\gradle-instrumentation-agent-8.6.jar 
java_command: org.gradle.launcher.daemon.bootstrap.GradleDaemon 8.6
java_class_path (initial): C:\Users\marko\.gradle\wrapper\dists\gradle-8.6-bin\afr5mpiioh2wthjmwnkmdsd5w\gradle-8.6\lib\gradle-launcher-8.6.jar
Launcher Type: SUN_STANDARD

[Global flags]
     intx CICompilerCount                          = 4                                         {product} {ergonomic}
   size_t CompressedClassSpaceSize                 = 394264576                                 {product} {ergonomic}
     uint ConcGCThreads                            = 2                                         {product} {ergonomic}
     uint G1ConcRefinementThreads                  = 8                                         {product} {ergonomic}
   size_t G1HeapRegionSize                         = 1048576                                   {product} {ergonomic}
    uintx GCDrainStackTargetSize                   = 64                                        {product} {ergonomic}
     bool HeapDumpOnOutOfMemoryError               = true                                   {manageable} {command line}
   size_t InitialHeapSize                          = 268435456                                 {product} {command line}
   size_t MarkStackSize                            = 4194304                                   {product} {ergonomic}
   size_t MaxHeapSize                              = 536870912                                 {product} {command line}
   size_t MaxMetaspaceSize                         = 402653184                                 {product} {command line}
   size_t MaxNewSize                               = 321912832                                 {product} {ergonomic}
   size_t MinHeapDeltaBytes                        = 1048576                                   {product} {ergonomic}
    uintx NonNMethodCodeHeapSize                   = 5836300                                {pd product} {ergonomic}
    uintx NonProfiledCodeHeapSize                  = 122910970                              {pd product} {ergonomic}
    uintx ProfiledCodeHeapSize                     = 122910970                              {pd product} {ergonomic}
    uintx ReservedCodeCacheSize                    = 251658240                              {pd product} {ergonomic}
     bool SegmentedCodeCache                       = true                                      {product} {ergonomic}
     bool UseCompressedClassPointers               = true                                 {lp64_product} {ergonomic}
     bool UseCompressedOops                        = true                                 {lp64_product} {ergonomic}
     bool UseG1GC                                  = true                                      {product} {ergonomic}
     bool UseLargePagesIndividualAllocation        = false                                  {pd product} {ergonomic}

Logging:
Log output configuration:
 #0: stdout all=warning uptime,level,tags
 #1: stderr all=off uptime,level,tags

Environment Variables:
JAVA_HOME=C:\Program Files\Java\jdk-11.0.17
CLASSPATH=C:\Users\marko\Desktop\ISS2024\issLab24\project0\\gradle\wrapper\gradle-wrapper.jar
PATH=C:\Program Files\Java\jdk-11.0.17\bin;C:\Gradle\gradle-8.6\bin;C:\Program Files\Python310\Scripts\;C:\Program Files\Python310\;C:\Program Files\Common Files\Oracle\Java\javapath;C:\Program Files (x86)\Common Files\Oracle\Java\javapath;C:\Program Files (x86)\Razer Chroma SDK\bin;C:\Program Files\Razer Chroma SDK\bin;C:\Program Files (x86)\Razer\ChromaBroadcast\bin;C:\Program Files\Razer\ChromaBroadcast\bin;C:\Program Files (x86)\Intel\Intel(R) Management Engine Components\iCLS\;C:\Program Files\Intel\Intel(R) Management Engine Components\iCLS\;C:\WINDOWS\system32;C:\WINDOWS;C:\WINDOWS\System32\Wbem;C:\WINDOWS\System32\WindowsPowerShell\v1.0\;C:\Program Files (x86)\Intel\Intel(R) Management Engine Components\DAL;C:\Program Files\Intel\Intel(R) Management Engine Components\DAL;C:\Program Files (x86)\Intel\Intel(R) Management Engine Components\IPT;C:\Program Files\Intel\Intel(R) Management Engine Components\IPT;C:\WINDOWS\System32\OpenSSH\;C:\WINDOWS\system32\config\systemprofile\AppData\Local\Microsoft\WindowsApps;C:\WINDOWS\system32;C:\WINDOWS;C:\WINDOWS\System32\Wbem;C:\WINDOWS\System32\WindowsPowerShell\v1.0\;C:\WINDOWS\System32\OpenSSH\;C:\Users\marko\AppData\Roaming\nvm;C:\Program Files\nodejs;C:\Program Files\Git\cmd;C:\Program Files\Git LFS;C:\Users\marko\AppData\Roaming\Python\Python310\Scripts;;C:\Program Files\Docker\Docker\resources\bin;C:\Program Files\nodejs\;C:\Users\marko\AppData\Local\Programs\Microsoft VS Code\bin;C:\Users\marko\AppData\Local\Microsoft\WindowsApps;C:\Users\marko\Desktop\antlr;C:\Users\marko\AppData\Local\JetBrains\IntelliJ IDEA Community Edition 2022.3.2\bin;C:\Users\marko\AppData\Roaming\npm
USERNAME=marko
OS=Windows_NT
PROCESSOR_IDENTIFIER=Intel64 Family 6 Model 142 Stepping 10, GenuineIntel



---------------  S Y S T E M  ---------------

OS: Windows 10 , 64 bit Build 19041 (10.0.19041.3636)
Hyper-V role detected

CPU:total 8 (initial active 8) (4 cores per cpu, 2 threads per core) family 6 model 142 stepping 10 microcode 0xb4, cmov, cx8, fxsr, mmx, sse, sse2, sse3, ssse3, sse4.1, sse4.2, popcnt, avx, avx2, aes, clmul, erms, 3dnowpref, lzcnt, ht, tsc, tscinvbit, bmi1, bmi2, adx, fma

Memory: 4k page, system-wide physical 8058M (693M free)
TotalPageFile size 8058M (AvailPageFile size 5M)
current process WorkingSet (physical memory assigned to process): 381M, peak: 385M
current process commit charge ("private bytes"): 501M, peak: 503M

vm_info: Java HotSpot(TM) 64-Bit Server VM (11.0.17+10-LTS-269) for windows-amd64 JRE (11.0.17+10-LTS-269), built on Sep 13 2022 19:26:37 by "mach5one" with MS VC++ 15.9 (VS2017)

END.
