#
# There is insufficient memory for the Java Runtime Environment to continue.
# Native memory allocation (malloc) failed to allocate 381456 bytes for Chunk::new
# Possible reasons:
#   The system is out of physical RAM or swap space
#   The process is running with CompressedOops enabled, and the Java Heap may be blocking the growth of the native heap
# Possible solutions:
#   Reduce memory load on the system
#   Increase physical memory or swap space
#   Check if swap backing store is full
#   Decrease Java heap size (-Xmx/-Xms)
#   Decrease number of Java threads
#   Decrease Java thread stack sizes (-Xss)
#   Set larger code cache with -XX:ReservedCodeCacheSize=
#   JVM is running with Unscaled Compressed Oops mode in which the Java heap is
#     placed in the first 4GB address space. The Java Heap base address is the
#     maximum limit for the native heap growth. Please use -XX:HeapBaseMinAddress
#     to set the Java Heap base and to place the Java Heap above 4GB virtual address.
# This output file may be truncated or incomplete.
#
#  Out of Memory Error (./open/src/hotspot/share/memory/arena.cpp:197), pid=18144, tid=15476
#
# JRE version: Java(TM) SE Runtime Environment 18.9 (11.0.17+10) (build 11.0.17+10-LTS-269)
# Java VM: Java HotSpot(TM) 64-Bit Server VM 18.9 (11.0.17+10-LTS-269, mixed mode, tiered, compressed oops, g1 gc, windows-amd64)
# No core dump will be written. Minidumps are not enabled by default on client versions of Windows
#

---------------  S U M M A R Y ------------

Command Line: -Xmx64m -Xms64m -Dorg.gradle.appname=gradlew org.gradle.wrapper.GradleWrapperMain run

Host: Intel(R) Core(TM) i5-8250U CPU @ 1.60GHz, 8 cores, 7G,  Windows 10 , 64 bit Build 19041 (10.0.19041.3636)
Time: Thu Feb 29 17:06:47 2024 ora solare Europa occidentale elapsed time: 0.543515 seconds (0d 0h 0m 0s)

---------------  T H R E A D  ---------------

Current thread (0x000002184cd58800):  JavaThread "C2 CompilerThread0" daemon [_thread_in_native, id=15476, stack(0x000000e188500000,0x000000e188600000)]


Current CompileTask:
C2:    543  649 %     4       java.util.zip.ZipFile$Source::initCEN @ 228 (693 bytes)

Stack: [0x000000e188500000,0x000000e188600000]
Native frames: (J=compiled Java code, j=interpreted, Vv=VM code, C=native code)
V  [jvm.dll+0x62b5da]
V  [jvm.dll+0x7653df]
V  [jvm.dll+0x766a89]
V  [jvm.dll+0x767113]
V  [jvm.dll+0x23dd28]
V  [jvm.dll+0xb2a1c]
V  [jvm.dll+0xb2fdc]
V  [jvm.dll+0x2aeaa4]
V  [jvm.dll+0x53e83b]
V  [jvm.dll+0x200b17]
V  [jvm.dll+0x1fa89a]
V  [jvm.dll+0x1f77dd]
V  [jvm.dll+0x177c91]
V  [jvm.dll+0x207296]
V  [jvm.dll+0x20542b]
V  [jvm.dll+0x72b2c0]
V  [jvm.dll+0x723e64]
V  [jvm.dll+0x62a485]
C  [ucrtbase.dll+0x21bb2]
C  [KERNEL32.DLL+0x17344]
C  [ntdll.dll+0x526b1]


---------------  P R O C E S S  ---------------

Threads class SMR info:
_java_thread_list=0x000002184da640f0, length=11, elements={
0x0000021833712000, 0x000002184cd0f800, 0x000002184cd10000, 0x000002184cd4f800,
0x000002184cd51800, 0x000002184cd52800, 0x000002184cd58800, 0x000002184cd59800,
0x000002184cd5a800, 0x000002184d84a000, 0x000002184da61800
}

Java Threads: ( => current thread )
  0x0000021833712000 JavaThread "main" [_thread_in_Java, id=14120, stack(0x000000e187900000,0x000000e187a00000)]
  0x000002184cd0f800 JavaThread "Reference Handler" daemon [_thread_blocked, id=5704, stack(0x000000e188000000,0x000000e188100000)]
  0x000002184cd10000 JavaThread "Finalizer" daemon [_thread_blocked, id=14664, stack(0x000000e188100000,0x000000e188200000)]
  0x000002184cd4f800 JavaThread "Signal Dispatcher" daemon [_thread_blocked, id=8500, stack(0x000000e188200000,0x000000e188300000)]
  0x000002184cd51800 JavaThread "Attach Listener" daemon [_thread_blocked, id=15380, stack(0x000000e188300000,0x000000e188400000)]
  0x000002184cd52800 JavaThread "Service Thread" daemon [_thread_blocked, id=10136, stack(0x000000e188400000,0x000000e188500000)]
=>0x000002184cd58800 JavaThread "C2 CompilerThread0" daemon [_thread_in_native, id=15476, stack(0x000000e188500000,0x000000e188600000)]
  0x000002184cd59800 JavaThread "C1 CompilerThread0" daemon [_thread_in_native, id=15412, stack(0x000000e188600000,0x000000e188700000)]
  0x000002184cd5a800 JavaThread "Sweeper thread" daemon [_thread_blocked, id=14216, stack(0x000000e188700000,0x000000e188800000)]
  0x000002184d84a000 JavaThread "Common-Cleaner" daemon [_thread_blocked, id=8056, stack(0x000000e188900000,0x000000e188a00000)]
  0x000002184da61800 JavaThread "C2 CompilerThread1" daemon [_thread_in_native, id=8828, stack(0x000000e188a00000,0x000000e188b00000)]

Other Threads:
  0x000002184cd0d800 VMThread "VM Thread" [stack: 0x000000e187f00000,0x000000e188000000] [id=8816]
  0x000002184d845800 WatcherThread [stack: 0x000000e188800000,0x000000e188900000] [id=15332]
  0x0000021833721800 GCTaskThread "GC Thread#0" [stack: 0x000000e187a00000,0x000000e187b00000] [id=7992]
  0x000002183372a800 ConcurrentGCThread "G1 Main Marker" [stack: 0x000000e187b00000,0x000000e187c00000] [id=11912]
  0x000002183372d000 ConcurrentGCThread "G1 Conc#0" [stack: 0x000000e187c00000,0x000000e187d00000] [id=14236]
  0x00000218337d3800 ConcurrentGCThread "G1 Refine#0" [stack: 0x000000e187d00000,0x000000e187e00000] [id=10724]
  0x00000218337d4800 ConcurrentGCThread "G1 Young RemSet Sampling" [stack: 0x000000e187e00000,0x000000e187f00000] [id=6672]

Threads with active compile tasks:
C2 CompilerThread0      582  649 %     4       java.util.zip.ZipFile$Source::initCEN @ 228 (693 bytes)
C2 CompilerThread1      582  702   !   4       java.util.zip.ZipFile::getEntry (73 bytes)

VM state:not at safepoint (normal execution)

VM Mutex/Monitor currently owned by a thread: None

Heap address: 0x00000000fc000000, size: 64 MB, Compressed Oops mode: 32-bit
Narrow klass base: 0x0000000000000000, Narrow klass shift: 3
Compressed class space size: 1073741824 Address: 0x0000000100000000

Heap:
 garbage-first heap   total 65536K, used 23552K [0x00000000fc000000, 0x0000000100000000)
  region size 1024K, 21 young (21504K), 0 survivors (0K)
 Metaspace       used 8532K, capacity 8746K, committed 8832K, reserved 1056768K
  class space    used 799K, capacity 852K, committed 896K, reserved 1048576K
Heap Regions: E=young(eden), S=young(survivor), O=old, HS=humongous(starts), HC=humongous(continues), CS=collection set, F=free, A=archive, TAMS=top-at-mark-start (previous, next)
|   0|0x00000000fc000000, 0x00000000fc100000, 0x00000000fc100000|100%|HS|  |TAMS 0x00000000fc000000, 0x00000000fc000000| Complete 
|   1|0x00000000fc100000, 0x00000000fc200000, 0x00000000fc200000|100%|HC|  |TAMS 0x00000000fc100000, 0x00000000fc100000| Complete 
|   2|0x00000000fc200000, 0x00000000fc300000, 0x00000000fc300000|100%|HC|  |TAMS 0x00000000fc200000, 0x00000000fc200000| Complete 
|   3|0x00000000fc300000, 0x00000000fc400000, 0x00000000fc400000|100%|HC|  |TAMS 0x00000000fc300000, 0x00000000fc300000| Complete 
|   4|0x00000000fc400000, 0x00000000fc400000, 0x00000000fc500000|  0%| F|  |TAMS 0x00000000fc400000, 0x00000000fc400000| Untracked 
|   5|0x00000000fc500000, 0x00000000fc500000, 0x00000000fc600000|  0%| F|  |TAMS 0x00000000fc500000, 0x00000000fc500000| Untracked 
|   6|0x00000000fc600000, 0x00000000fc600000, 0x00000000fc700000|  0%| F|  |TAMS 0x00000000fc600000, 0x00000000fc600000| Untracked 
|   7|0x00000000fc700000, 0x00000000fc700000, 0x00000000fc800000|  0%| F|  |TAMS 0x00000000fc700000, 0x00000000fc700000| Untracked 
|   8|0x00000000fc800000, 0x00000000fc800000, 0x00000000fc900000|  0%| F|  |TAMS 0x00000000fc800000, 0x00000000fc800000| Untracked 
|   9|0x00000000fc900000, 0x00000000fc900000, 0x00000000fca00000|  0%| F|  |TAMS 0x00000000fc900000, 0x00000000fc900000| Untracked 
|  10|0x00000000fca00000, 0x00000000fca00000, 0x00000000fcb00000|  0%| F|  |TAMS 0x00000000fca00000, 0x00000000fca00000| Untracked 
|  11|0x00000000fcb00000, 0x00000000fcb00000, 0x00000000fcc00000|  0%| F|  |TAMS 0x00000000fcb00000, 0x00000000fcb00000| Untracked 
|  12|0x00000000fcc00000, 0x00000000fcc00000, 0x00000000fcd00000|  0%| F|  |TAMS 0x00000000fcc00000, 0x00000000fcc00000| Untracked 
|  13|0x00000000fcd00000, 0x00000000fcd00000, 0x00000000fce00000|  0%| F|  |TAMS 0x00000000fcd00000, 0x00000000fcd00000| Untracked 
|  14|0x00000000fce00000, 0x00000000fce00000, 0x00000000fcf00000|  0%| F|  |TAMS 0x00000000fce00000, 0x00000000fce00000| Untracked 
|  15|0x00000000fcf00000, 0x00000000fcf00000, 0x00000000fd000000|  0%| F|  |TAMS 0x00000000fcf00000, 0x00000000fcf00000| Untracked 
|  16|0x00000000fd000000, 0x00000000fd000000, 0x00000000fd100000|  0%| F|  |TAMS 0x00000000fd000000, 0x00000000fd000000| Untracked 
|  17|0x00000000fd100000, 0x00000000fd100000, 0x00000000fd200000|  0%| F|  |TAMS 0x00000000fd100000, 0x00000000fd100000| Untracked 
|  18|0x00000000fd200000, 0x00000000fd200000, 0x00000000fd300000|  0%| F|  |TAMS 0x00000000fd200000, 0x00000000fd200000| Untracked 
|  19|0x00000000fd300000, 0x00000000fd300000, 0x00000000fd400000|  0%| F|  |TAMS 0x00000000fd300000, 0x00000000fd300000| Untracked 
|  20|0x00000000fd400000, 0x00000000fd400000, 0x00000000fd500000|  0%| F|  |TAMS 0x00000000fd400000, 0x00000000fd400000| Untracked 
|  21|0x00000000fd500000, 0x00000000fd500000, 0x00000000fd600000|  0%| F|  |TAMS 0x00000000fd500000, 0x00000000fd500000| Untracked 
|  22|0x00000000fd600000, 0x00000000fd600000, 0x00000000fd700000|  0%| F|  |TAMS 0x00000000fd600000, 0x00000000fd600000| Untracked 
|  23|0x00000000fd700000, 0x00000000fd700000, 0x00000000fd800000|  0%| F|  |TAMS 0x00000000fd700000, 0x00000000fd700000| Untracked 
|  24|0x00000000fd800000, 0x00000000fd800000, 0x00000000fd900000|  0%| F|  |TAMS 0x00000000fd800000, 0x00000000fd800000| Untracked 
|  25|0x00000000fd900000, 0x00000000fd900000, 0x00000000fda00000|  0%| F|  |TAMS 0x00000000fd900000, 0x00000000fd900000| Untracked 
|  26|0x00000000fda00000, 0x00000000fda00000, 0x00000000fdb00000|  0%| F|  |TAMS 0x00000000fda00000, 0x00000000fda00000| Untracked 
|  27|0x00000000fdb00000, 0x00000000fdb00000, 0x00000000fdc00000|  0%| F|  |TAMS 0x00000000fdb00000, 0x00000000fdb00000| Untracked 
|  28|0x00000000fdc00000, 0x00000000fdc00000, 0x00000000fdd00000|  0%| F|  |TAMS 0x00000000fdc00000, 0x00000000fdc00000| Untracked 
|  29|0x00000000fdd00000, 0x00000000fdd00000, 0x00000000fde00000|  0%| F|  |TAMS 0x00000000fdd00000, 0x00000000fdd00000| Untracked 
|  30|0x00000000fde00000, 0x00000000fde00000, 0x00000000fdf00000|  0%| F|  |TAMS 0x00000000fde00000, 0x00000000fde00000| Untracked 
|  31|0x00000000fdf00000, 0x00000000fdf00000, 0x00000000fe000000|  0%| F|  |TAMS 0x00000000fdf00000, 0x00000000fdf00000| Untracked 
|  32|0x00000000fe000000, 0x00000000fe000000, 0x00000000fe100000|  0%| F|  |TAMS 0x00000000fe000000, 0x00000000fe000000| Untracked 
|  33|0x00000000fe100000, 0x00000000fe100000, 0x00000000fe200000|  0%| F|  |TAMS 0x00000000fe100000, 0x00000000fe100000| Untracked 
|  34|0x00000000fe200000, 0x00000000fe200000, 0x00000000fe300000|  0%| F|  |TAMS 0x00000000fe200000, 0x00000000fe200000| Untracked 
|  35|0x00000000fe300000, 0x00000000fe300000, 0x00000000fe400000|  0%| F|  |TAMS 0x00000000fe300000, 0x00000000fe300000| Untracked 
|  36|0x00000000fe400000, 0x00000000fe400000, 0x00000000fe500000|  0%| F|  |TAMS 0x00000000fe400000, 0x00000000fe400000| Untracked 
|  37|0x00000000fe500000, 0x00000000fe500000, 0x00000000fe600000|  0%| F|  |TAMS 0x00000000fe500000, 0x00000000fe500000| Untracked 
|  38|0x00000000fe600000, 0x00000000fe600000, 0x00000000fe700000|  0%| F|  |TAMS 0x00000000fe600000, 0x00000000fe600000| Untracked 
|  39|0x00000000fe700000, 0x00000000fe700000, 0x00000000fe800000|  0%| F|  |TAMS 0x00000000fe700000, 0x00000000fe700000| Untracked 
|  40|0x00000000fe800000, 0x00000000fe800000, 0x00000000fe900000|  0%| F|  |TAMS 0x00000000fe800000, 0x00000000fe800000| Untracked 
|  41|0x00000000fe900000, 0x00000000fe900000, 0x00000000fea00000|  0%| F|  |TAMS 0x00000000fe900000, 0x00000000fe900000| Untracked 
|  42|0x00000000fea00000, 0x00000000fea00000, 0x00000000feb00000|  0%| F|  |TAMS 0x00000000fea00000, 0x00000000fea00000| Untracked 
|  43|0x00000000feb00000, 0x00000000febf6408, 0x00000000fec00000| 96%| E|  |TAMS 0x00000000feb00000, 0x00000000feb00000| Complete 
|  44|0x00000000fec00000, 0x00000000fed00000, 0x00000000fed00000|100%| E|CS|TAMS 0x00000000fec00000, 0x00000000fec00000| Complete 
|  45|0x00000000fed00000, 0x00000000fee00000, 0x00000000fee00000|100%| E|CS|TAMS 0x00000000fed00000, 0x00000000fed00000| Complete 
|  46|0x00000000fee00000, 0x00000000fef00000, 0x00000000fef00000|100%| E|CS|TAMS 0x00000000fee00000, 0x00000000fee00000| Complete 
|  47|0x00000000fef00000, 0x00000000ff000000, 0x00000000ff000000|100%| E|CS|TAMS 0x00000000fef00000, 0x00000000fef00000| Complete 
|  48|0x00000000ff000000, 0x00000000ff100000, 0x00000000ff100000|100%| E|CS|TAMS 0x00000000ff000000, 0x00000000ff000000| Complete 
|  49|0x00000000ff100000, 0x00000000ff200000, 0x00000000ff200000|100%| E|CS|TAMS 0x00000000ff100000, 0x00000000ff100000| Complete 
|  50|0x00000000ff200000, 0x00000000ff300000, 0x00000000ff300000|100%| E|CS|TAMS 0x00000000ff200000, 0x00000000ff200000| Complete 
|  51|0x00000000ff300000, 0x00000000ff400000, 0x00000000ff400000|100%| E|  |TAMS 0x00000000ff300000, 0x00000000ff300000| Complete 
|  52|0x00000000ff400000, 0x00000000ff500000, 0x00000000ff500000|100%| E|CS|TAMS 0x00000000ff400000, 0x00000000ff400000| Complete 
|  53|0x00000000ff500000, 0x00000000ff600000, 0x00000000ff600000|100%| E|CS|TAMS 0x00000000ff500000, 0x00000000ff500000| Complete 
|  54|0x00000000ff600000, 0x00000000ff700000, 0x00000000ff700000|100%| E|CS|TAMS 0x00000000ff600000, 0x00000000ff600000| Complete 
|  55|0x00000000ff700000, 0x00000000ff800000, 0x00000000ff800000|100%| E|CS|TAMS 0x00000000ff700000, 0x00000000ff700000| Complete 
|  56|0x00000000ff800000, 0x00000000ff900000, 0x00000000ff900000|100%| E|CS|TAMS 0x00000000ff800000, 0x00000000ff800000| Complete 
|  57|0x00000000ff900000, 0x00000000ffa00000, 0x00000000ffa00000|100%| E|CS|TAMS 0x00000000ff900000, 0x00000000ff900000| Complete 
|  58|0x00000000ffa00000, 0x00000000ffb00000, 0x00000000ffb00000|100%| E|CS|TAMS 0x00000000ffa00000, 0x00000000ffa00000| Complete 
|  59|0x00000000ffb00000, 0x00000000ffc00000, 0x00000000ffc00000|100%| E|CS|TAMS 0x00000000ffb00000, 0x00000000ffb00000| Complete 
|  60|0x00000000ffc00000, 0x00000000ffd00000, 0x00000000ffd00000|100%| E|CS|TAMS 0x00000000ffc00000, 0x00000000ffc00000| Complete 
|  61|0x00000000ffd00000, 0x00000000ffe00000, 0x00000000ffe00000|100%| E|CS|TAMS 0x00000000ffd00000, 0x00000000ffd00000| Complete 
|  62|0x00000000ffe00000, 0x00000000fff00000, 0x00000000fff00000|100%| E|CS|TAMS 0x00000000ffe00000, 0x00000000ffe00000| Complete 
|  63|0x00000000fff00000, 0x0000000100000000, 0x0000000100000000|100%| E|CS|TAMS 0x00000000fff00000, 0x00000000fff00000| Complete 

Card table byte_map: [0x0000021831710000,0x0000021831730000] _byte_map_base: 0x0000021830f30000

Marking Bits (Prev, Next): (CMBitMap*) 0x0000021833729838, (CMBitMap*) 0x0000021833729870
 Prev Bits: [0x000002184a110000, 0x000002184a210000)
 Next Bits: [0x000002184a210000, 0x000002184a310000)

Polling page: 0x00000218316c0000

Metaspace:

Usage:
  Non-class:      7.77 MB capacity,     7.59 MB ( 98%) used,   178.38 KB (  2%) free+waste,     6.69 KB ( <1%) overhead. 
      Class:    884.00 KB capacity,   805.20 KB ( 91%) used,    75.61 KB (  9%) free+waste,     3.19 KB ( <1%) overhead. 
       Both:      8.63 MB capacity,     8.38 MB ( 97%) used,   253.98 KB (  3%) free+waste,     9.88 KB ( <1%) overhead. 

Virtual space:
  Non-class space:        8.00 MB reserved,       8.00 MB (100%) committed 
      Class space:        1.00 GB reserved,     896.00 KB ( <1%) committed 
             Both:        1.01 GB reserved,       8.88 MB ( <1%) committed 

Chunk freelists:
   Non-Class:  5.25 KB
       Class:  1.50 KB
        Both:  6.75 KB

CodeHeap 'non-profiled nmethods': size=120000Kb used=241Kb max_used=241Kb free=119758Kb
 bounds [0x00000218428b0000, 0x0000021842b20000, 0x0000021849de0000]
CodeHeap 'profiled nmethods': size=120000Kb used=1321Kb max_used=1321Kb free=118678Kb
 bounds [0x000002183b380000, 0x000002183b5f0000, 0x00000218428b0000]
CodeHeap 'non-nmethods': size=5760Kb used=1063Kb max_used=1083Kb free=4696Kb
 bounds [0x000002183ade0000, 0x000002183b050000, 0x000002183b380000]
 total_blobs=1073 nmethods=715 adapters=270
 compilation: enabled
              stopped_count=0, restarted_count=0
 full_count=0

Compilation events (10 events):
Event: 0.537 Thread 0x000002184cd59800  660       3       java.util.zip.ZipFile$ZipFileInflaterInputStream::<init> (41 bytes)
Event: 0.537 Thread 0x000002184da61800 nmethod 658 0x00000218428e8090 code [0x00000218428e8200, 0x00000218428e8378]
Event: 0.537 Thread 0x000002184cd59800 nmethod 660 0x000002183b4b3f10 code [0x000002183b4b4120, 0x000002183b4b4838]
Event: 0.537 Thread 0x000002184cd59800  661       3       java.util.zip.InflaterInputStream::<init> (79 bytes)
Event: 0.538 Thread 0x000002184cd59800 nmethod 661 0x000002183b4b4b10 code [0x000002183b4b4d00, 0x000002183b4b54f8]
Event: 0.538 Thread 0x000002184cd59800  663       3       java.util.jar.Attributes::get (11 bytes)
Event: 0.538 Thread 0x000002184cd59800 nmethod 663 0x000002183b4b5710 code [0x000002183b4b58c0, 0x000002183b4b5a88]
Event: 0.538 Thread 0x000002184cd59800  662       3       java.util.jar.Attributes::getValue (9 bytes)
Event: 0.538 Thread 0x000002184cd59800 nmethod 662 0x000002183b4b5b90 code [0x000002183b4b5d40, 0x000002183b4b6048]
Event: 0.539 Thread 0x000002184cd59800  664       3       jdk.internal.loader.URLClassPath::getResource (74 bytes)

GC Heap History (0 events):
No events

Deoptimization events (9 events):
Event: 0.074 Thread 0x0000021833712000 Uncommon trap: reason=unstable_if action=reinterpret pc=0x00000218428b4310 method=java.lang.String.hashCode()I @ 14 c2
Event: 0.393 Thread 0x0000021833712000 Uncommon trap: reason=unstable_if action=reinterpret pc=0x00000218428ccb10 method=java.util.zip.ZipFile$Source.isMetaName([BII)Z @ 43 c2
Event: 0.403 Thread 0x0000021833712000 Uncommon trap: reason=class_check action=maybe_recompile pc=0x00000218428d56e8 method=java.util.HashMap.putVal(ILjava/lang/Object;Ljava/lang/Object;ZZ)Ljava/lang/Object; @ 203 c2
Event: 0.426 Thread 0x0000021833712000 Uncommon trap: reason=class_check action=maybe_recompile pc=0x00000218428d5650 method=java.util.HashMap.putVal(ILjava/lang/Object;Ljava/lang/Object;ZZ)Ljava/lang/Object; @ 91 c2
Event: 0.428 Thread 0x0000021833712000 Uncommon trap: reason=class_check action=maybe_recompile pc=0x00000218428d56e8 method=java.util.HashMap.putVal(ILjava/lang/Object;Ljava/lang/Object;ZZ)Ljava/lang/Object; @ 203 c2
Event: 0.429 Thread 0x0000021833712000 Uncommon trap: reason=class_check action=maybe_recompile pc=0x00000218428d56e8 method=java.util.HashMap.putVal(ILjava/lang/Object;Ljava/lang/Object;ZZ)Ljava/lang/Object; @ 203 c2
Event: 0.509 Thread 0x0000021833712000 Uncommon trap: reason=unstable_if action=reinterpret pc=0x00000218428bcf60 method=java.util.zip.ZipFile$Source.checkUTF8([BII)V @ 12 c2
Event: 0.510 Thread 0x0000021833712000 Uncommon trap: reason=unstable_if action=reinterpret pc=0x00000218428e3760 method=java.lang.StringCoding.hasNegatives([BII)Z @ 12 c2
Event: 0.510 Thread 0x0000021833712000 Uncommon trap: reason=unstable_if action=reinterpret pc=0x00000218428d8b14 method=java.util.zip.ZipFile$Source.isMetaName([BII)Z @ 57 c2

Classes redefined (0 events):
No events

Internal exceptions (3 events):
Event: 0.180 Thread 0x0000021833712000 Exception <a 'java/lang/NoSuchMethodError'{0x00000000ffdfd3c0}: java.lang.invoke.DirectMethodHandle$Holder.invokeStaticInit(Ljava/lang/Object;Ljava/lang/Object;)I> (0x00000000ffdfd3c0) thrown at [./open/src/hotspot/share/interpreter/linkResolver.cpp, line
Event: 0.216 Thread 0x0000021833712000 Exception <a 'java/lang/NoSuchMethodError'{0x00000000ffb238b0}: java.lang.invoke.DirectMethodHandle$Holder.invokeSpecial(Ljava/lang/Object;Ljava/lang/Object;Ljava/lang/Object;Ljava/lang/Object;)I> (0x00000000ffb238b0) thrown at [./open/src/hotspot/share/i
Event: 0.221 Thread 0x0000021833712000 Exception <a 'java/lang/NoSuchMethodError'{0x00000000ffb5c2d8}: java.lang.invoke.DirectMethodHandle$Holder.invokeSpecialIFC(Ljava/lang/Object;Ljava/lang/Object;I)I> (0x00000000ffb5c2d8) thrown at [./open/src/hotspot/share/interpreter/linkResolver.cpp, lin

Events (10 events):
Event: 0.538 loading class org/gradle/internal/event/ListenerBroadcast
Event: 0.538 loading class org/gradle/internal/event/ListenerBroadcast done
Event: 0.538 loading class org/gradle/internal/dispatch/Dispatch
Event: 0.538 loading class org/gradle/internal/dispatch/Dispatch done
Event: 0.538 loading class org/gradle/internal/event/BroadcastDispatch
Event: 0.538 loading class org/gradle/internal/event/BroadcastDispatch done
Event: 0.539 loading class org/gradle/internal/event/AbstractBroadcastDispatch
Event: 0.539 loading class org/gradle/internal/event/AbstractBroadcastDispatch done
Event: 0.539 loading class org/gradle/internal/event/ListenerNotificationException
Event: 0.539 loading class org/gradle/internal/event/ListenerNotificationException done


Dynamic libraries:
0x00007ff621840000 - 0x00007ff62184f000 	C:\Program Files\Java\jdk-11.0.17\bin\java.exe
0x00007ff918fb0000 - 0x00007ff9191a8000 	C:\WINDOWS\SYSTEM32\ntdll.dll
0x00007ff917500000 - 0x00007ff9175bd000 	C:\WINDOWS\System32\KERNEL32.DLL
0x00007ff9168b0000 - 0x00007ff916ba6000 	C:\WINDOWS\System32\KERNELBASE.dll
0x00007ff916dd0000 - 0x00007ff916ed0000 	C:\WINDOWS\System32\ucrtbase.dll
0x00007ff90e7b0000 - 0x00007ff90e7c8000 	C:\Program Files\Java\jdk-11.0.17\bin\jli.dll
0x00007ff906f10000 - 0x00007ff906f25000 	C:\Program Files\Java\jdk-11.0.17\bin\VCRUNTIME140.dll
0x00007ff918d80000 - 0x00007ff918e33000 	C:\WINDOWS\System32\ADVAPI32.dll
0x00007ff918210000 - 0x00007ff9182ae000 	C:\WINDOWS\System32\msvcrt.dll
0x00007ff9173e0000 - 0x00007ff91747f000 	C:\WINDOWS\System32\sechost.dll
0x00007ff918e40000 - 0x00007ff918f66000 	C:\WINDOWS\System32\RPCRT4.dll
0x00007ff9166e0000 - 0x00007ff916707000 	C:\WINDOWS\System32\bcrypt.dll
0x00007ff918070000 - 0x00007ff91820e000 	C:\WINDOWS\System32\USER32.dll
0x00007ff916bb0000 - 0x00007ff916bd2000 	C:\WINDOWS\System32\win32u.dll
0x00007ff9039e0000 - 0x00007ff903c7a000 	C:\WINDOWS\WinSxS\amd64_microsoft.windows.common-controls_6595b64144ccf1df_6.0.19041.3636_none_60b6a03d71f818d5\COMCTL32.dll
0x00007ff9179e0000 - 0x00007ff917a0b000 	C:\WINDOWS\System32\GDI32.dll
0x00007ff916ed0000 - 0x00007ff916fe7000 	C:\WINDOWS\System32\gdi32full.dll
0x00007ff916810000 - 0x00007ff9168ad000 	C:\WINDOWS\System32\msvcp_win.dll
0x00007ff90f560000 - 0x00007ff90f56a000 	C:\WINDOWS\SYSTEM32\VERSION.dll
0x00007ff918bc0000 - 0x00007ff918bf2000 	C:\WINDOWS\System32\IMM32.DLL
0x00007ff8ecd20000 - 0x00007ff8ecdbb000 	C:\Program Files\Java\jdk-11.0.17\bin\msvcp140.dll
0x00007ff8d9f70000 - 0x00007ff8daa8a000 	C:\Program Files\Java\jdk-11.0.17\bin\server\jvm.dll
0x00007ff918bb0000 - 0x00007ff918bb8000 	C:\WINDOWS\System32\PSAPI.DLL
0x00007ff911b00000 - 0x00007ff911b09000 	C:\WINDOWS\SYSTEM32\WSOCK32.dll
0x00007ff8ff8a0000 - 0x00007ff8ff8c7000 	C:\WINDOWS\SYSTEM32\WINMM.dll
0x00007ff918c00000 - 0x00007ff918c6b000 	C:\WINDOWS\System32\WS2_32.dll
0x00007ff914e70000 - 0x00007ff914e82000 	C:\WINDOWS\SYSTEM32\kernel.appcore.dll
0x00007ff910f60000 - 0x00007ff910f70000 	C:\Program Files\Java\jdk-11.0.17\bin\verify.dll
0x00007ff914360000 - 0x00007ff914544000 	C:\WINDOWS\SYSTEM32\DBGHELP.DLL
0x00007ff8fd360000 - 0x00007ff8fd394000 	C:\WINDOWS\SYSTEM32\dbgcore.DLL
0x00007ff916be0000 - 0x00007ff916c62000 	C:\WINDOWS\System32\bcryptPrimitives.dll
0x00007ff9067c0000 - 0x00007ff9067e8000 	C:\Program Files\Java\jdk-11.0.17\bin\java.dll
0x00007ff9108f0000 - 0x00007ff9108fa000 	C:\Program Files\Java\jdk-11.0.17\bin\jimage.dll
0x00007ff906a30000 - 0x00007ff906a46000 	C:\Program Files\Java\jdk-11.0.17\bin\zip.dll
0x00007ff918390000 - 0x00007ff918ad5000 	C:\WINDOWS\System32\SHELL32.dll
0x00007ff914550000 - 0x00007ff914cec000 	C:\WINDOWS\SYSTEM32\windows.storage.dll
0x00007ff917680000 - 0x00007ff9179d4000 	C:\WINDOWS\System32\combase.dll
0x00007ff916030000 - 0x00007ff91605e000 	C:\WINDOWS\SYSTEM32\Wldp.dll
0x00007ff918ae0000 - 0x00007ff918bad000 	C:\WINDOWS\System32\OLEAUT32.dll
0x00007ff917050000 - 0x00007ff9170fd000 	C:\WINDOWS\System32\SHCORE.dll
0x00007ff916ff0000 - 0x00007ff917045000 	C:\WINDOWS\System32\shlwapi.dll
0x00007ff9165a0000 - 0x00007ff9165c5000 	C:\WINDOWS\SYSTEM32\profapi.dll
0x00007ff9067a0000 - 0x00007ff9067b9000 	C:\Program Files\Java\jdk-11.0.17\bin\net.dll
0x00007ff90e0c0000 - 0x00007ff90e1ca000 	C:\WINDOWS\SYSTEM32\WINHTTP.dll
0x00007ff915d30000 - 0x00007ff915d9a000 	C:\WINDOWS\system32\mswsock.dll
0x00007ff906780000 - 0x00007ff906792000 	C:\Program Files\Java\jdk-11.0.17\bin\nio.dll

dbghelp: loaded successfully - version: 4.0.5 - missing functions: none
symbol engine: initialized successfully - sym options: 0x614 - pdb path: .;C:\Program Files\Java\jdk-11.0.17\bin;C:\WINDOWS\SYSTEM32;C:\WINDOWS\WinSxS\amd64_microsoft.windows.common-controls_6595b64144ccf1df_6.0.19041.3636_none_60b6a03d71f818d5;C:\Program Files\Java\jdk-11.0.17\bin\server

VM Arguments:
jvm_args: -Xmx64m -Xms64m -Dorg.gradle.appname=gradlew 
java_command: org.gradle.wrapper.GradleWrapperMain run
java_class_path (initial): C:\Users\marko\Desktop\ISS2024\issLab24\project0\\gradle\wrapper\gradle-wrapper.jar
Launcher Type: SUN_STANDARD

[Global flags]
     intx CICompilerCount                          = 4                                         {product} {ergonomic}
     uint ConcGCThreads                            = 2                                         {product} {ergonomic}
     uint G1ConcRefinementThreads                  = 8                                         {product} {ergonomic}
   size_t G1HeapRegionSize                         = 1048576                                   {product} {ergonomic}
    uintx GCDrainStackTargetSize                   = 64                                        {product} {ergonomic}
   size_t InitialHeapSize                          = 67108864                                  {product} {command line}
   size_t MarkStackSize                            = 4194304                                   {product} {ergonomic}
   size_t MaxHeapSize                              = 67108864                                  {product} {command line}
   size_t MaxNewSize                               = 39845888                                  {product} {ergonomic}
   size_t MinHeapDeltaBytes                        = 1048576                                   {product} {ergonomic}
    uintx NonNMethodCodeHeapSize                   = 5836300                                {pd product} {ergonomic}
    uintx NonProfiledCodeHeapSize                  = 122910970                              {pd product} {ergonomic}
    uintx ProfiledCodeHeapSize                     = 122910970                              {pd product} {ergonomic}
    uintx ReservedCodeCacheSize                    = 251658240                              {pd product} {ergonomic}
     bool SegmentedCodeCache                       = true                                      {product} {ergonomic}
     bool UseCompressedClassPointers               = true                                 {lp64_product} {ergonomic}
     bool UseCompressedOops                        = true                                 {lp64_product} {ergonomic}
     bool UseG1GC                                  = true                                      {product} {ergonomic}
     bool UseLargePagesIndividualAllocation        = false                                  {pd product} {ergonomic}

Logging:
Log output configuration:
 #0: stdout all=warning uptime,level,tags
 #1: stderr all=off uptime,level,tags

Environment Variables:
JAVA_HOME=C:\Program Files\Java\jdk-11.0.17
CLASSPATH=C:\Users\marko\Desktop\ISS2024\issLab24\project0\\gradle\wrapper\gradle-wrapper.jar
PATH=C:\Program Files\Java\jdk-11.0.17\bin;C:\Gradle\gradle-8.6\bin;C:\Program Files\Python310\Scripts\;C:\Program Files\Python310\;C:\Program Files\Common Files\Oracle\Java\javapath;C:\Program Files (x86)\Common Files\Oracle\Java\javapath;C:\Program Files (x86)\Razer Chroma SDK\bin;C:\Program Files\Razer Chroma SDK\bin;C:\Program Files (x86)\Razer\ChromaBroadcast\bin;C:\Program Files\Razer\ChromaBroadcast\bin;C:\Program Files (x86)\Intel\Intel(R) Management Engine Components\iCLS\;C:\Program Files\Intel\Intel(R) Management Engine Components\iCLS\;C:\WINDOWS\system32;C:\WINDOWS;C:\WINDOWS\System32\Wbem;C:\WINDOWS\System32\WindowsPowerShell\v1.0\;C:\Program Files (x86)\Intel\Intel(R) Management Engine Components\DAL;C:\Program Files\Intel\Intel(R) Management Engine Components\DAL;C:\Program Files (x86)\Intel\Intel(R) Management Engine Components\IPT;C:\Program Files\Intel\Intel(R) Management Engine Components\IPT;C:\WINDOWS\System32\OpenSSH\;C:\WINDOWS\system32\config\systemprofile\AppData\Local\Microsoft\WindowsApps;C:\WINDOWS\system32;C:\WINDOWS;C:\WINDOWS\System32\Wbem;C:\WINDOWS\System32\WindowsPowerShell\v1.0\;C:\WINDOWS\System32\OpenSSH\;C:\Users\marko\AppData\Roaming\nvm;C:\Program Files\nodejs;C:\Program Files\Git\cmd;C:\Program Files\Git LFS;C:\Users\marko\AppData\Roaming\Python\Python310\Scripts;;C:\Program Files\Docker\Docker\resources\bin;C:\Program Files\nodejs\;C:\Users\marko\AppData\Local\Programs\Microsoft VS Code\bin;C:\Users\marko\AppData\Local\Microsoft\WindowsApps;C:\Users\marko\Desktop\antlr;C:\Users\marko\AppData\Local\JetBrains\IntelliJ IDEA Community Edition 2022.3.2\bin;C:\Users\marko\AppData\Roaming\npm
USERNAME=marko
OS=Windows_NT
PROCESSOR_IDENTIFIER=Intel64 Family 6 Model 142 Stepping 10, GenuineIntel



---------------  S Y S T E M  ---------------

OS: Windows 10 , 64 bit Build 19041 (10.0.19041.3636)
Hyper-V role detected

CPU:total 8 (initial active 8) (4 cores per cpu, 2 threads per core) family 6 model 142 stepping 10 microcode 0xb4, cmov, cx8, fxsr, mmx, sse, sse2, sse3, ssse3, sse4.1, sse4.2, popcnt, avx, avx2, aes, clmul, erms, 3dnowpref, lzcnt, ht, tsc, tscinvbit, bmi1, bmi2, adx, fma

Memory: 4k page, system-wide physical 8058M (517M free)
TotalPageFile size 8058M (AvailPageFile size 3M)
current process WorkingSet (physical memory assigned to process): 71M, peak: 71M
current process commit charge ("private bytes"): 154M, peak: 154M

vm_info: Java HotSpot(TM) 64-Bit Server VM (11.0.17+10-LTS-269) for windows-amd64 JRE (11.0.17+10-LTS-269), built on Sep 13 2022 19:26:37 by "mach5one" with MS VC++ 15.9 (VS2017)

END.
