#
# There is insufficient memory for the Java Runtime Environment to continue.
# Native memory allocation (malloc) failed to allocate 935056 bytes for Chunk::new
# Possible reasons:
#   The system is out of physical RAM or swap space
#   The process is running with CompressedOops enabled, and the Java Heap may be blocking the growth of the native heap
# Possible solutions:
#   Reduce memory load on the system
#   Increase physical memory or swap space
#   Check if swap backing store is full
#   Decrease Java heap size (-Xmx/-Xms)
#   Decrease number of Java threads
#   Decrease Java thread stack sizes (-Xss)
#   Set larger code cache with -XX:ReservedCodeCacheSize=
#   JVM is running with Unscaled Compressed Oops mode in which the Java heap is
#     placed in the first 4GB address space. The Java Heap base address is the
#     maximum limit for the native heap growth. Please use -XX:HeapBaseMinAddress
#     to set the Java Heap base and to place the Java Heap above 4GB virtual address.
# This output file may be truncated or incomplete.
#
#  Out of Memory Error (./open/src/hotspot/share/memory/arena.cpp:197), pid=11896, tid=8500
#
# JRE version: Java(TM) SE Runtime Environment 18.9 (11.0.17+10) (build 11.0.17+10-LTS-269)
# Java VM: Java HotSpot(TM) 64-Bit Server VM 18.9 (11.0.17+10-LTS-269, mixed mode, tiered, compressed oops, g1 gc, windows-amd64)
# No core dump will be written. Minidumps are not enabled by default on client versions of Windows
#

---------------  S U M M A R Y ------------

Command Line: --add-opens=java.base/java.util=ALL-UNNAMED --add-opens=java.base/java.lang=ALL-UNNAMED --add-opens=java.base/java.lang.invoke=ALL-UNNAMED --add-opens=java.prefs/java.util.prefs=ALL-UNNAMED --add-opens=java.base/java.nio.charset=ALL-UNNAMED --add-opens=java.base/java.net=ALL-UNNAMED --add-opens=java.base/java.util.concurrent.atomic=ALL-UNNAMED -XX:MaxMetaspaceSize=384m -XX:+HeapDumpOnOutOfMemoryError -Xms256m -Xmx512m -Dfile.encoding=windows-1252 -Duser.country=IT -Duser.language=it -Duser.variant -javaagent:C:\Users\marko\.gradle\wrapper\dists\gradle-8.6-bin\afr5mpiioh2wthjmwnkmdsd5w\gradle-8.6\lib\agents\gradle-instrumentation-agent-8.6.jar org.gradle.launcher.daemon.bootstrap.GradleDaemon 8.6

Host: Intel(R) Core(TM) i5-8250U CPU @ 1.60GHz, 8 cores, 7G,  Windows 10 , 64 bit Build 19041 (10.0.19041.3636)
Time: Thu May  9 16:17:50 2024 ora legale Europa occidentale elapsed time: 164.262497 seconds (0d 0h 2m 44s)

---------------  T H R E A D  ---------------

Current thread (0x0000022fbe33c800):  JavaThread "C2 CompilerThread0" daemon [_thread_in_native, id=8500, stack(0x0000003c7ea00000,0x0000003c7eb00000)]


Current CompileTask:
C2: 164262 11532   !   4       org.gradle.api.internal.attributes.DefaultImmutableAttributesFactory::doConcatIsolatable (128 bytes)

Stack: [0x0000003c7ea00000,0x0000003c7eb00000]
Native frames: (J=compiled Java code, j=interpreted, Vv=VM code, C=native code)
V  [jvm.dll+0x62b5da]
V  [jvm.dll+0x7653df]
V  [jvm.dll+0x766a89]
V  [jvm.dll+0x767113]
V  [jvm.dll+0x23dd28]
V  [jvm.dll+0xb2a1c]
V  [jvm.dll+0xb2fdc]
V  [jvm.dll+0x341597]
V  [jvm.dll+0x18cc59]
V  [jvm.dll+0x1f8815]
V  [jvm.dll+0x1f78fd]
V  [jvm.dll+0x177c91]
V  [jvm.dll+0x207296]
V  [jvm.dll+0x20542b]
V  [jvm.dll+0x72b2c0]
V  [jvm.dll+0x723e64]
V  [jvm.dll+0x62a485]
C  [ucrtbase.dll+0x21bb2]
C  [KERNEL32.DLL+0x17344]
C  [ntdll.dll+0x526b1]


---------------  P R O C E S S  ---------------

Threads class SMR info:
_java_thread_list=0x0000022fc5717300, length=56, elements={
0x0000022fa3241800, 0x0000022fbd9b4800, 0x0000022fbd9bd800, 0x0000022fbe336800,
0x0000022fbe337800, 0x0000022fbe339800, 0x0000022fbe33c800, 0x0000022fbe33e000,
0x0000022fbe349800, 0x0000022fbe4b8000, 0x0000022fbe4b4000, 0x0000022fbe4b8800,
0x0000022fbe4b7000, 0x0000022fbefb4800, 0x0000022fbefb5800, 0x0000022fbefb7000,
0x0000022fbefb6000, 0x0000022fbefb1800, 0x0000022fbefb8800, 0x0000022fbefbd800,
0x0000022fbefbf000, 0x0000022fbefc0000, 0x0000022fc33c4000, 0x0000022fc33c5800,
0x0000022fc33c6800, 0x0000022fc33c3800, 0x0000022fc33c7800, 0x0000022fc33c1800,
0x0000022fc33c2800, 0x0000022fc6b66000, 0x0000022fc0d1e800, 0x0000022fbf4c9000,
0x0000022fbf4c3000, 0x0000022fbf4c4000, 0x0000022fbf4c5800, 0x0000022fbf4c6800,
0x0000022fbf4c7800, 0x0000022fbf4c9800, 0x0000022fbe350800, 0x0000022fbf4ca800,
0x0000022fbf4c5000, 0x0000022fbf4ce800, 0x0000022fbf4ce000, 0x0000022fbf4cf800,
0x0000022fbf4cc000, 0x0000022fbf4d0800, 0x0000022fbf4d1000, 0x0000022fbf4cb800,
0x0000022fbf4d2000, 0x0000022fbf4cd000, 0x0000022fc6b68800, 0x0000022fc6b6a000,
0x0000022fc6b69800, 0x0000022fc6b67800, 0x0000022fc6b65000, 0x0000022fc6b64800
}

Java Threads: ( => current thread )
  0x0000022fa3241800 JavaThread "main" [_thread_blocked, id=2628, stack(0x0000003c7de00000,0x0000003c7df00000)]
  0x0000022fbd9b4800 JavaThread "Reference Handler" daemon [_thread_blocked, id=13036, stack(0x0000003c7e500000,0x0000003c7e600000)]
  0x0000022fbd9bd800 JavaThread "Finalizer" daemon [_thread_blocked, id=13736, stack(0x0000003c7e600000,0x0000003c7e700000)]
  0x0000022fbe336800 JavaThread "Signal Dispatcher" daemon [_thread_blocked, id=1260, stack(0x0000003c7e700000,0x0000003c7e800000)]
  0x0000022fbe337800 JavaThread "Attach Listener" daemon [_thread_blocked, id=2124, stack(0x0000003c7e800000,0x0000003c7e900000)]
  0x0000022fbe339800 JavaThread "Service Thread" daemon [_thread_blocked, id=10220, stack(0x0000003c7e900000,0x0000003c7ea00000)]
=>0x0000022fbe33c800 JavaThread "C2 CompilerThread0" daemon [_thread_in_native, id=8500, stack(0x0000003c7ea00000,0x0000003c7eb00000)]
  0x0000022fbe33e000 JavaThread "C1 CompilerThread0" daemon [_thread_blocked, id=12096, stack(0x0000003c7eb00000,0x0000003c7ec00000)]
  0x0000022fbe349800 JavaThread "Sweeper thread" daemon [_thread_blocked, id=4956, stack(0x0000003c7ec00000,0x0000003c7ed00000)]
  0x0000022fbe4b8000 JavaThread "Common-Cleaner" daemon [_thread_blocked, id=9820, stack(0x0000003c7ed00000,0x0000003c7ee00000)]
  0x0000022fbe4b4000 JavaThread "Daemon health stats" [_thread_blocked, id=14452, stack(0x0000003c7f600000,0x0000003c7f700000)]
  0x0000022fbe4b8800 JavaThread "Incoming local TCP Connector on port 56027" [_thread_in_native, id=4788, stack(0x0000003c7ee00000,0x0000003c7ef00000)]
  0x0000022fbe4b7000 JavaThread "Daemon periodic checks" [_thread_blocked, id=5040, stack(0x0000003c7f500000,0x0000003c7f600000)]
  0x0000022fbefb4800 JavaThread "Cache worker for journal cache (C:\Users\marko\.gradle\caches\journal-1)" [_thread_blocked, id=15580, stack(0x0000003c00200000,0x0000003c00300000)]
  0x0000022fbefb5800 JavaThread "File lock request listener" [_thread_in_native, id=2240, stack(0x0000003c00300000,0x0000003c00400000)]
  0x0000022fbefb7000 JavaThread "Cache worker for file hash cache (C:\Users\marko\.gradle\caches\8.6\fileHashes)" [_thread_blocked, id=15792, stack(0x0000003c00400000,0x0000003c00500000)]
  0x0000022fbefb6000 JavaThread "File watcher server" daemon [_thread_in_native, id=7628, stack(0x0000003c00600000,0x0000003c00700000)]
  0x0000022fbefb1800 JavaThread "File watcher consumer" daemon [_thread_blocked, id=13580, stack(0x0000003c00700000,0x0000003c00800000)]
  0x0000022fbefb8800 JavaThread "Cache worker for file content cache (C:\Users\marko\.gradle\caches\8.6\fileContent)" [_thread_blocked, id=8780, stack(0x0000003c00500000,0x0000003c00600000)]
  0x0000022fbefbd800 JavaThread "jar transforms" [_thread_blocked, id=12400, stack(0x0000003c00d00000,0x0000003c00e00000)]
  0x0000022fbefbf000 JavaThread "jar transforms Thread 2" [_thread_blocked, id=8808, stack(0x0000003c00e00000,0x0000003c00f00000)]
  0x0000022fbefc0000 JavaThread "jar transforms Thread 3" [_thread_blocked, id=12272, stack(0x0000003c00c00000,0x0000003c00d00000)]
  0x0000022fc33c4000 JavaThread "Memory manager" [_thread_blocked, id=4648, stack(0x0000003c01800000,0x0000003c01900000)]
  0x0000022fc33c5800 JavaThread "jar transforms Thread 4" [_thread_blocked, id=2108, stack(0x0000003c01900000,0x0000003c01a00000)]
  0x0000022fc33c6800 JavaThread "ForkJoinPool.commonPool-worker-3" daemon [_thread_blocked, id=10996, stack(0x0000003c01a00000,0x0000003c01b00000)]
  0x0000022fc33c3800 JavaThread "ForkJoinPool.commonPool-worker-5" daemon [_thread_blocked, id=5600, stack(0x0000003c01b00000,0x0000003c01c00000)]
  0x0000022fc33c7800 JavaThread "ForkJoinPool.commonPool-worker-7" daemon [_thread_blocked, id=13380, stack(0x0000003c01c00000,0x0000003c01d00000)]
  0x0000022fc33c1800 JavaThread "ForkJoinPool.commonPool-worker-9" daemon [_thread_blocked, id=10424, stack(0x0000003c01d00000,0x0000003c01e00000)]
  0x0000022fc33c2800 JavaThread "ForkJoinPool.commonPool-worker-13" daemon [_thread_blocked, id=15688, stack(0x0000003c01f00000,0x0000003c02000000)]
  0x0000022fc6b66000 JavaThread "ForkJoinPool.commonPool-worker-15" daemon [_thread_blocked, id=1232, stack(0x0000003c02000000,0x0000003c02100000)]
  0x0000022fc0d1e800 JavaThread "Cache worker for Java compile cache (C:\Users\marko\.gradle\caches\8.6\javaCompile)" [_thread_blocked, id=5908, stack(0x0000003c07600000,0x0000003c07700000)]
  0x0000022fbf4c9000 JavaThread "Daemon Thread 2" [_thread_blocked, id=8752, stack(0x0000003c00000000,0x0000003c00100000)]
  0x0000022fbf4c3000 JavaThread "Handler for socket connection from /127.0.0.1:56027 to /127.0.0.1:56079" [_thread_in_native, id=9764, stack(0x0000003c00a00000,0x0000003c00b00000)]
  0x0000022fbf4c4000 JavaThread "Cancel handler" [_thread_blocked, id=1964, stack(0x0000003c00b00000,0x0000003c00c00000)]
  0x0000022fbf4c5800 JavaThread "Daemon worker Thread 2" [_thread_blocked, id=14796, stack(0x0000003c00f00000,0x0000003c01000000)]
  0x0000022fbf4c6800 JavaThread "Asynchronous log dispatcher for DefaultDaemonConnection: socket connection from /127.0.0.1:56027 to /127.0.0.1:56079" [_thread_blocked, id=13064, stack(0x0000003c01000000,0x0000003c01100000)]
  0x0000022fbf4c7800 JavaThread "Stdin handler" [_thread_blocked, id=4256, stack(0x0000003c01100000,0x0000003c01200000)]
  0x0000022fbf4c9800 JavaThread "Daemon client event forwarder" [_thread_blocked, id=15948, stack(0x0000003c01200000,0x0000003c01300000)]
  0x0000022fbe350800 JavaThread "C2 CompilerThread1" daemon [_thread_blocked, id=14328, stack(0x0000003c01300000,0x0000003c01400000)]
  0x0000022fbf4ca800 JavaThread "Cache worker for checksums cache (C:\Users\marko\Desktop\ISS_24\issLab24\robotCleaner24\.gradle\8.6\checksums)" [_thread_blocked, id=15124, stack(0x0000003c01400000,0x0000003c01500000)]
  0x0000022fbf4c5000 JavaThread "Cache worker for file hash cache (C:\Users\marko\Desktop\ISS_24\issLab24\robotCleaner24\.gradle\8.6\fileHashes)" [_thread_blocked, id=10744, stack(0x0000003c01500000,0x0000003c01600000)]
  0x0000022fbf4ce800 JavaThread "Cache worker for cache directory md-supplier (C:\Users\marko\.gradle\caches\8.6\md-supplier)" [_thread_blocked, id=11292, stack(0x0000003c01600000,0x0000003c01700000)]
  0x0000022fbf4ce000 JavaThread "Cache worker for cache directory md-rule (C:\Users\marko\.gradle\caches\8.6\md-rule)" [_thread_blocked, id=8568, stack(0x0000003c01700000,0x0000003c01800000)]
  0x0000022fbf4cf800 JavaThread "Cache worker for Build Output Cleanup Cache (C:\Users\marko\Desktop\ISS_24\issLab24\robotCleaner24\.gradle\buildOutputCleanup)" [_thread_blocked, id=15380, stack(0x0000003c01e00000,0x0000003c01f00000)]
  0x0000022fbf4cc000 JavaThread "Unconstrained build operations" [_thread_blocked, id=1812, stack(0x0000003c02100000,0x0000003c02200000)]
  0x0000022fbf4d0800 JavaThread "Unconstrained build operations Thread 2" [_thread_blocked, id=6544, stack(0x0000003c02200000,0x0000003c02300000)]
  0x0000022fbf4d1000 JavaThread "Unconstrained build operations Thread 3" [_thread_blocked, id=8224, stack(0x0000003c02300000,0x0000003c02400000)]
  0x0000022fbf4cb800 JavaThread "Unconstrained build operations Thread 4" [_thread_blocked, id=13256, stack(0x0000003c02400000,0x0000003c02500000)]
  0x0000022fbf4d2000 JavaThread "Unconstrained build operations Thread 5" [_thread_blocked, id=2752, stack(0x0000003c02500000,0x0000003c02600000)]
  0x0000022fbf4cd000 JavaThread "Unconstrained build operations Thread 6" [_thread_blocked, id=14536, stack(0x0000003c02600000,0x0000003c02700000)]
  0x0000022fc6b68800 JavaThread "Unconstrained build operations Thread 7" [_thread_blocked, id=14396, stack(0x0000003c02700000,0x0000003c02800000)]
  0x0000022fc6b6a000 JavaThread "build event listener" [_thread_blocked, id=2020, stack(0x0000003c02800000,0x0000003c02900000)]
  0x0000022fc6b69800 JavaThread "ForkJoinPool.commonPool-worker-1" daemon [_thread_blocked, id=9068, stack(0x0000003c02900000,0x0000003c02a00000)]
  0x0000022fc6b67800 JavaThread "Exec process Thread 4" daemon [_thread_in_native, id=16036, stack(0x0000003c02a00000,0x0000003c02b00000)]
  0x0000022fc6b65000 JavaThread "Exec process Thread 5" daemon [_thread_in_native, id=10664, stack(0x0000003c02b00000,0x0000003c02c00000)]
  0x0000022fc6b64800 JavaThread "Exec process Thread 6" daemon [_thread_in_native, id=4516, stack(0x0000003c02c00000,0x0000003c02d00000)]

Other Threads:
  0x0000022fbd992000 VMThread "VM Thread" [stack: 0x0000003c7e400000,0x0000003c7e500000] [id=5628]
  0x0000022fbe723800 WatcherThread [stack: 0x0000003c7ef00000,0x0000003c7f000000] [id=5964]
  0x0000022fa3256800 GCTaskThread "GC Thread#0" [stack: 0x0000003c7df00000,0x0000003c7e000000] [id=1720]
  0x0000022fbf0a1000 GCTaskThread "GC Thread#1" [stack: 0x0000003c7f000000,0x0000003c7f100000] [id=7804]
  0x0000022fbf5f7800 GCTaskThread "GC Thread#2" [stack: 0x0000003c7f100000,0x0000003c7f200000] [id=9388]
  0x0000022fbefb0800 GCTaskThread "GC Thread#3" [stack: 0x0000003c7f200000,0x0000003c7f300000] [id=1444]
  0x0000022fbf19c000 GCTaskThread "GC Thread#4" [stack: 0x0000003c7f300000,0x0000003c7f400000] [id=14500]
  0x0000022fbf0de000 GCTaskThread "GC Thread#5" [stack: 0x0000003c7f400000,0x0000003c7f500000] [id=3492]
  0x0000022fc17e7800 GCTaskThread "GC Thread#6" [stack: 0x0000003c7f800000,0x0000003c7f900000] [id=15440]
  0x0000022fc0dca800 GCTaskThread "GC Thread#7" [stack: 0x0000003c7f900000,0x0000003c7fa00000] [id=7924]
  0x0000022fa326c000 ConcurrentGCThread "G1 Main Marker" [stack: 0x0000003c7e000000,0x0000003c7e100000] [id=14036]
  0x0000022fa3270800 ConcurrentGCThread "G1 Conc#0" [stack: 0x0000003c7e100000,0x0000003c7e200000] [id=16300]
  0x0000022fbf834000 ConcurrentGCThread "G1 Conc#1" [stack: 0x0000003c00100000,0x0000003c00200000] [id=2184]
  0x0000022fbd824800 ConcurrentGCThread "G1 Refine#0" [stack: 0x0000003c7e200000,0x0000003c7e300000] [id=12636]
  0x0000022fbd825800 ConcurrentGCThread "G1 Young RemSet Sampling" [stack: 0x0000003c7e300000,0x0000003c7e400000] [id=3488]

Threads with active compile tasks:
C2 CompilerThread0   164332 11532   !   4       org.gradle.api.internal.attributes.DefaultImmutableAttributesFactory::doConcatIsolatable (128 bytes)

VM state:not at safepoint (normal execution)

VM Mutex/Monitor currently owned by a thread: None

Heap address: 0x00000000e0000000, size: 512 MB, Compressed Oops mode: 32-bit
Narrow klass base: 0x0000000000000000, Narrow klass shift: 3
Compressed class space size: 394264576 Address: 0x0000000100000000

Heap:
 garbage-first heap   total 262144K, used 204861K [0x00000000e0000000, 0x0000000100000000)
  region size 1024K, 139 young (142336K), 13 survivors (13312K)
 Metaspace       used 81939K, capacity 84963K, committed 85120K, reserved 458752K
  class space    used 10848K, capacity 12035K, committed 12160K, reserved 385024K
Heap Regions: E=young(eden), S=young(survivor), O=old, HS=humongous(starts), HC=humongous(continues), CS=collection set, F=free, A=archive, TAMS=top-at-mark-start (previous, next)
|   0|0x00000000e0000000, 0x00000000e0100000, 0x00000000e0100000|100%|HS|  |TAMS 0x00000000e0100000, 0x00000000e0000000| Complete 
|   1|0x00000000e0100000, 0x00000000e0200000, 0x00000000e0200000|100%|HC|  |TAMS 0x00000000e0200000, 0x00000000e0100000| Complete 
|   2|0x00000000e0200000, 0x00000000e0300000, 0x00000000e0300000|100%|HC|  |TAMS 0x00000000e0300000, 0x00000000e0200000| Complete 
|   3|0x00000000e0300000, 0x00000000e0400000, 0x00000000e0400000|100%|HC|  |TAMS 0x00000000e0400000, 0x00000000e0300000| Complete 
|   4|0x00000000e0400000, 0x00000000e0500000, 0x00000000e0500000|100%| O|  |TAMS 0x00000000e0500000, 0x00000000e0400000| Untracked 
|   5|0x00000000e0500000, 0x00000000e0600000, 0x00000000e0600000|100%| O|  |TAMS 0x00000000e0600000, 0x00000000e0500000| Untracked 
|   6|0x00000000e0600000, 0x00000000e0700000, 0x00000000e0700000|100%| O|  |TAMS 0x00000000e0700000, 0x00000000e0600000| Untracked 
|   7|0x00000000e0700000, 0x00000000e0800000, 0x00000000e0800000|100%| O|  |TAMS 0x00000000e0800000, 0x00000000e0700000| Untracked 
|   8|0x00000000e0800000, 0x00000000e0900000, 0x00000000e0900000|100%| O|  |TAMS 0x00000000e0900000, 0x00000000e0800000| Untracked 
|   9|0x00000000e0900000, 0x00000000e0a00000, 0x00000000e0a00000|100%| O|  |TAMS 0x00000000e0a00000, 0x00000000e0900000| Untracked 
|  10|0x00000000e0a00000, 0x00000000e0b00000, 0x00000000e0b00000|100%| O|  |TAMS 0x00000000e0b00000, 0x00000000e0a00000| Untracked 
|  11|0x00000000e0b00000, 0x00000000e0c00000, 0x00000000e0c00000|100%| O|  |TAMS 0x00000000e0c00000, 0x00000000e0b00000| Untracked 
|  12|0x00000000e0c00000, 0x00000000e0d00000, 0x00000000e0d00000|100%| O|  |TAMS 0x00000000e0d00000, 0x00000000e0c00000| Untracked 
|  13|0x00000000e0d00000, 0x00000000e0e00000, 0x00000000e0e00000|100%| O|  |TAMS 0x00000000e0e00000, 0x00000000e0d00000| Untracked 
|  14|0x00000000e0e00000, 0x00000000e0f00000, 0x00000000e0f00000|100%| O|  |TAMS 0x00000000e0f00000, 0x00000000e0e00000| Untracked 
|  15|0x00000000e0f00000, 0x00000000e1000000, 0x00000000e1000000|100%| O|  |TAMS 0x00000000e1000000, 0x00000000e0f00000| Untracked 
|  16|0x00000000e1000000, 0x00000000e1100000, 0x00000000e1100000|100%| O|  |TAMS 0x00000000e1100000, 0x00000000e1000000| Untracked 
|  17|0x00000000e1100000, 0x00000000e1200000, 0x00000000e1200000|100%|HS|  |TAMS 0x00000000e1200000, 0x00000000e1100000| Complete 
|  18|0x00000000e1200000, 0x00000000e1300000, 0x00000000e1300000|100%|HC|  |TAMS 0x00000000e1300000, 0x00000000e1200000| Complete 
|  19|0x00000000e1300000, 0x00000000e1400000, 0x00000000e1400000|100%|HC|  |TAMS 0x00000000e1400000, 0x00000000e1300000| Complete 
|  20|0x00000000e1400000, 0x00000000e1500000, 0x00000000e1500000|100%|HC|  |TAMS 0x00000000e1500000, 0x00000000e1400000| Complete 
|  21|0x00000000e1500000, 0x00000000e1600000, 0x00000000e1600000|100%| O|  |TAMS 0x00000000e1600000, 0x00000000e1500000| Untracked 
|  22|0x00000000e1600000, 0x00000000e1700000, 0x00000000e1700000|100%| O|  |TAMS 0x00000000e1700000, 0x00000000e1600000| Untracked 
|  23|0x00000000e1700000, 0x00000000e1800000, 0x00000000e1800000|100%| O|  |TAMS 0x00000000e1800000, 0x00000000e1700000| Untracked 
|  24|0x00000000e1800000, 0x00000000e1900000, 0x00000000e1900000|100%|HS|  |TAMS 0x00000000e1900000, 0x00000000e1800000| Complete 
|  25|0x00000000e1900000, 0x00000000e1a00000, 0x00000000e1a00000|100%|HC|  |TAMS 0x00000000e1a00000, 0x00000000e1900000| Complete 
|  26|0x00000000e1a00000, 0x00000000e1b00000, 0x00000000e1b00000|100%|HS|  |TAMS 0x00000000e1b00000, 0x00000000e1a00000| Complete 
|  27|0x00000000e1b00000, 0x00000000e1c00000, 0x00000000e1c00000|100%|HC|  |TAMS 0x00000000e1c00000, 0x00000000e1b00000| Complete 
|  28|0x00000000e1c00000, 0x00000000e1d00000, 0x00000000e1d00000|100%| O|  |TAMS 0x00000000e1d00000, 0x00000000e1c00000| Untracked 
|  29|0x00000000e1d00000, 0x00000000e1e00000, 0x00000000e1e00000|100%| O|  |TAMS 0x00000000e1e00000, 0x00000000e1d00000| Untracked 
|  30|0x00000000e1e00000, 0x00000000e1f00000, 0x00000000e1f00000|100%| O|  |TAMS 0x00000000e1f00000, 0x00000000e1e00000| Untracked 
|  31|0x00000000e1f00000, 0x00000000e2000000, 0x00000000e2000000|100%| O|  |TAMS 0x00000000e2000000, 0x00000000e1f00000| Untracked 
|  32|0x00000000e2000000, 0x00000000e2100000, 0x00000000e2100000|100%|HS|  |TAMS 0x00000000e2100000, 0x00000000e2000000| Complete 
|  33|0x00000000e2100000, 0x00000000e2200000, 0x00000000e2200000|100%|HC|  |TAMS 0x00000000e2200000, 0x00000000e2100000| Complete 
|  34|0x00000000e2200000, 0x00000000e2300000, 0x00000000e2300000|100%|HC|  |TAMS 0x00000000e2300000, 0x00000000e2200000| Complete 
|  35|0x00000000e2300000, 0x00000000e2400000, 0x00000000e2400000|100%|HC|  |TAMS 0x00000000e2400000, 0x00000000e2300000| Complete 
|  36|0x00000000e2400000, 0x00000000e2500000, 0x00000000e2500000|100%| O|  |TAMS 0x00000000e2500000, 0x00000000e2400000| Untracked 
|  37|0x00000000e2500000, 0x00000000e2600000, 0x00000000e2600000|100%| O|  |TAMS 0x00000000e2600000, 0x00000000e2500000| Untracked 
|  38|0x00000000e2600000, 0x00000000e2700000, 0x00000000e2700000|100%| O|  |TAMS 0x00000000e2700000, 0x00000000e2600000| Untracked 
|  39|0x00000000e2700000, 0x00000000e2800000, 0x00000000e2800000|100%| O|  |TAMS 0x00000000e2800000, 0x00000000e2700000| Untracked 
|  40|0x00000000e2800000, 0x00000000e2900000, 0x00000000e2900000|100%| O|  |TAMS 0x00000000e2900000, 0x00000000e2800000| Untracked 
|  41|0x00000000e2900000, 0x00000000e2a00000, 0x00000000e2a00000|100%| O|  |TAMS 0x00000000e2a00000, 0x00000000e2900000| Untracked 
|  42|0x00000000e2a00000, 0x00000000e2b00000, 0x00000000e2b00000|100%| O|  |TAMS 0x00000000e2b00000, 0x00000000e2a00000| Untracked 
|  43|0x00000000e2b00000, 0x00000000e2c00000, 0x00000000e2c00000|100%| O|  |TAMS 0x00000000e2c00000, 0x00000000e2b00000| Untracked 
|  44|0x00000000e2c00000, 0x00000000e2d00000, 0x00000000e2d00000|100%| O|  |TAMS 0x00000000e2d00000, 0x00000000e2c00000| Untracked 
|  45|0x00000000e2d00000, 0x00000000e2e00000, 0x00000000e2e00000|100%| O|  |TAMS 0x00000000e2e00000, 0x00000000e2d00000| Untracked 
|  46|0x00000000e2e00000, 0x00000000e2f00000, 0x00000000e2f00000|100%| O|  |TAMS 0x00000000e2f00000, 0x00000000e2e00000| Untracked 
|  47|0x00000000e2f00000, 0x00000000e3000000, 0x00000000e3000000|100%| O|  |TAMS 0x00000000e3000000, 0x00000000e2f00000| Untracked 
|  48|0x00000000e3000000, 0x00000000e3100000, 0x00000000e3100000|100%| O|  |TAMS 0x00000000e3100000, 0x00000000e3000000| Untracked 
|  49|0x00000000e3100000, 0x00000000e3200000, 0x00000000e3200000|100%| O|  |TAMS 0x00000000e3200000, 0x00000000e3100000| Untracked 
|  50|0x00000000e3200000, 0x00000000e3300000, 0x00000000e3300000|100%| O|  |TAMS 0x00000000e3300000, 0x00000000e3200000| Untracked 
|  51|0x00000000e3300000, 0x00000000e3400000, 0x00000000e3400000|100%| O|  |TAMS 0x00000000e3400000, 0x00000000e3300000| Untracked 
|  52|0x00000000e3400000, 0x00000000e3500000, 0x00000000e3500000|100%| O|  |TAMS 0x00000000e3500000, 0x00000000e3400000| Untracked 
|  53|0x00000000e3500000, 0x00000000e3600000, 0x00000000e3600000|100%| O|  |TAMS 0x00000000e3584800, 0x00000000e3500000| Untracked 
|  54|0x00000000e3600000, 0x00000000e3700000, 0x00000000e3700000|100%| O|  |TAMS 0x00000000e3600000, 0x00000000e3600000| Untracked 
|  55|0x00000000e3700000, 0x00000000e3800000, 0x00000000e3800000|100%| O|  |TAMS 0x00000000e3700000, 0x00000000e3700000| Untracked 
|  56|0x00000000e3800000, 0x00000000e3900000, 0x00000000e3900000|100%| O|  |TAMS 0x00000000e3800000, 0x00000000e3800000| Untracked 
|  57|0x00000000e3900000, 0x00000000e3a00000, 0x00000000e3a00000|100%| O|  |TAMS 0x00000000e3900000, 0x00000000e3900000| Untracked 
|  58|0x00000000e3a00000, 0x00000000e3b00000, 0x00000000e3b00000|100%| O|  |TAMS 0x00000000e3a00000, 0x00000000e3a00000| Untracked 
|  59|0x00000000e3b00000, 0x00000000e3c00000, 0x00000000e3c00000|100%| O|  |TAMS 0x00000000e3b00000, 0x00000000e3b00000| Untracked 
|  60|0x00000000e3c00000, 0x00000000e3d00000, 0x00000000e3d00000|100%| O|  |TAMS 0x00000000e3c00000, 0x00000000e3c00000| Untracked 
|  61|0x00000000e3d00000, 0x00000000e3e00000, 0x00000000e3e00000|100%| O|  |TAMS 0x00000000e3d00000, 0x00000000e3d00000| Untracked 
|  62|0x00000000e3e00000, 0x00000000e3f00000, 0x00000000e3f00000|100%| O|  |TAMS 0x00000000e3e00000, 0x00000000e3e00000| Untracked 
|  63|0x00000000e3f00000, 0x00000000e3f6ee00, 0x00000000e4000000| 43%| O|  |TAMS 0x00000000e3f00000, 0x00000000e3f00000| Untracked 
|  64|0x00000000e4000000, 0x00000000e4000000, 0x00000000e4100000|  0%| F|  |TAMS 0x00000000e4000000, 0x00000000e4000000| Untracked 
|  65|0x00000000e4100000, 0x00000000e4100000, 0x00000000e4200000|  0%| F|  |TAMS 0x00000000e4100000, 0x00000000e4100000| Untracked 
|  66|0x00000000e4200000, 0x00000000e4200000, 0x00000000e4300000|  0%| F|  |TAMS 0x00000000e4200000, 0x00000000e4200000| Untracked 
|  67|0x00000000e4300000, 0x00000000e4300000, 0x00000000e4400000|  0%| F|  |TAMS 0x00000000e4300000, 0x00000000e4300000| Untracked 
|  68|0x00000000e4400000, 0x00000000e4400000, 0x00000000e4500000|  0%| F|  |TAMS 0x00000000e4400000, 0x00000000e4400000| Untracked 
|  69|0x00000000e4500000, 0x00000000e4500000, 0x00000000e4600000|  0%| F|  |TAMS 0x00000000e4500000, 0x00000000e4500000| Untracked 
|  70|0x00000000e4600000, 0x00000000e4600000, 0x00000000e4700000|  0%| F|  |TAMS 0x00000000e4600000, 0x00000000e4600000| Untracked 
|  71|0x00000000e4700000, 0x00000000e4700000, 0x00000000e4800000|  0%| F|  |TAMS 0x00000000e4700000, 0x00000000e4700000| Untracked 
|  72|0x00000000e4800000, 0x00000000e4800000, 0x00000000e4900000|  0%| F|  |TAMS 0x00000000e4800000, 0x00000000e4800000| Untracked 
|  73|0x00000000e4900000, 0x00000000e4900000, 0x00000000e4a00000|  0%| F|  |TAMS 0x00000000e4900000, 0x00000000e4900000| Untracked 
|  74|0x00000000e4a00000, 0x00000000e4a00000, 0x00000000e4b00000|  0%| F|  |TAMS 0x00000000e4a00000, 0x00000000e4a00000| Untracked 
|  75|0x00000000e4b00000, 0x00000000e4b00000, 0x00000000e4c00000|  0%| F|  |TAMS 0x00000000e4b00000, 0x00000000e4b00000| Untracked 
|  76|0x00000000e4c00000, 0x00000000e4c00000, 0x00000000e4d00000|  0%| F|  |TAMS 0x00000000e4c00000, 0x00000000e4c00000| Untracked 
|  77|0x00000000e4d00000, 0x00000000e4d00000, 0x00000000e4e00000|  0%| F|  |TAMS 0x00000000e4d00000, 0x00000000e4d00000| Untracked 
|  78|0x00000000e4e00000, 0x00000000e4e00000, 0x00000000e4f00000|  0%| F|  |TAMS 0x00000000e4e00000, 0x00000000e4e00000| Untracked 
|  79|0x00000000e4f00000, 0x00000000e4f00000, 0x00000000e5000000|  0%| F|  |TAMS 0x00000000e4f00000, 0x00000000e4f00000| Untracked 
|  80|0x00000000e5000000, 0x00000000e5000000, 0x00000000e5100000|  0%| F|  |TAMS 0x00000000e5000000, 0x00000000e5000000| Untracked 
|  81|0x00000000e5100000, 0x00000000e5100000, 0x00000000e5200000|  0%| F|  |TAMS 0x00000000e5100000, 0x00000000e5100000| Untracked 
|  82|0x00000000e5200000, 0x00000000e5200000, 0x00000000e5300000|  0%| F|  |TAMS 0x00000000e5200000, 0x00000000e5200000| Untracked 
|  83|0x00000000e5300000, 0x00000000e5300000, 0x00000000e5400000|  0%| F|  |TAMS 0x00000000e5300000, 0x00000000e5300000| Untracked 
|  84|0x00000000e5400000, 0x00000000e5400000, 0x00000000e5500000|  0%| F|  |TAMS 0x00000000e5400000, 0x00000000e5400000| Untracked 
|  85|0x00000000e5500000, 0x00000000e5500000, 0x00000000e5600000|  0%| F|  |TAMS 0x00000000e5500000, 0x00000000e5500000| Untracked 
|  86|0x00000000e5600000, 0x00000000e5600000, 0x00000000e5700000|  0%| F|  |TAMS 0x00000000e5600000, 0x00000000e5600000| Untracked 
|  87|0x00000000e5700000, 0x00000000e5700000, 0x00000000e5800000|  0%| F|  |TAMS 0x00000000e5700000, 0x00000000e5700000| Untracked 
|  88|0x00000000e5800000, 0x00000000e5800000, 0x00000000e5900000|  0%| F|  |TAMS 0x00000000e5800000, 0x00000000e5800000| Untracked 
|  89|0x00000000e5900000, 0x00000000e5900000, 0x00000000e5a00000|  0%| F|  |TAMS 0x00000000e5900000, 0x00000000e5900000| Untracked 
|  90|0x00000000e5a00000, 0x00000000e5a00000, 0x00000000e5b00000|  0%| F|  |TAMS 0x00000000e5a00000, 0x00000000e5a00000| Untracked 
|  91|0x00000000e5b00000, 0x00000000e5b00000, 0x00000000e5c00000|  0%| F|  |TAMS 0x00000000e5b00000, 0x00000000e5b00000| Untracked 
|  92|0x00000000e5c00000, 0x00000000e5c00000, 0x00000000e5d00000|  0%| F|  |TAMS 0x00000000e5c00000, 0x00000000e5c00000| Untracked 
|  93|0x00000000e5d00000, 0x00000000e5d00000, 0x00000000e5e00000|  0%| F|  |TAMS 0x00000000e5d00000, 0x00000000e5d00000| Untracked 
|  94|0x00000000e5e00000, 0x00000000e5e00000, 0x00000000e5f00000|  0%| F|  |TAMS 0x00000000e5e00000, 0x00000000e5e00000| Untracked 
|  95|0x00000000e5f00000, 0x00000000e5f00000, 0x00000000e6000000|  0%| F|  |TAMS 0x00000000e5f00000, 0x00000000e5f00000| Untracked 
|  96|0x00000000e6000000, 0x00000000e60a0870, 0x00000000e6100000| 62%| S|CS|TAMS 0x00000000e6000000, 0x00000000e6000000| Complete 
|  97|0x00000000e6100000, 0x00000000e6200000, 0x00000000e6200000|100%| S|CS|TAMS 0x00000000e6100000, 0x00000000e6100000| Complete 
|  98|0x00000000e6200000, 0x00000000e6300000, 0x00000000e6300000|100%| S|CS|TAMS 0x00000000e6200000, 0x00000000e6200000| Complete 
|  99|0x00000000e6300000, 0x00000000e6400000, 0x00000000e6400000|100%| S|CS|TAMS 0x00000000e6300000, 0x00000000e6300000| Complete 
| 100|0x00000000e6400000, 0x00000000e6500000, 0x00000000e6500000|100%| S|CS|TAMS 0x00000000e6400000, 0x00000000e6400000| Complete 
| 101|0x00000000e6500000, 0x00000000e6600000, 0x00000000e6600000|100%| S|CS|TAMS 0x00000000e6500000, 0x00000000e6500000| Complete 
| 102|0x00000000e6600000, 0x00000000e6700000, 0x00000000e6700000|100%| S|CS|TAMS 0x00000000e6600000, 0x00000000e6600000| Complete 
| 103|0x00000000e6700000, 0x00000000e6800000, 0x00000000e6800000|100%| S|CS|TAMS 0x00000000e6700000, 0x00000000e6700000| Complete 
| 104|0x00000000e6800000, 0x00000000e6900000, 0x00000000e6900000|100%| S|CS|TAMS 0x00000000e6800000, 0x00000000e6800000| Complete 
| 105|0x00000000e6900000, 0x00000000e6a00000, 0x00000000e6a00000|100%| S|CS|TAMS 0x00000000e6900000, 0x00000000e6900000| Complete 
| 106|0x00000000e6a00000, 0x00000000e6b00000, 0x00000000e6b00000|100%| S|CS|TAMS 0x00000000e6a00000, 0x00000000e6a00000| Complete 
| 107|0x00000000e6b00000, 0x00000000e6c00000, 0x00000000e6c00000|100%| S|CS|TAMS 0x00000000e6b00000, 0x00000000e6b00000| Complete 
| 108|0x00000000e6c00000, 0x00000000e6d00000, 0x00000000e6d00000|100%| S|CS|TAMS 0x00000000e6c00000, 0x00000000e6c00000| Complete 
| 109|0x00000000e6d00000, 0x00000000e6d00000, 0x00000000e6e00000|  0%| F|  |TAMS 0x00000000e6d00000, 0x00000000e6d00000| Untracked 
| 110|0x00000000e6e00000, 0x00000000e6e00000, 0x00000000e6f00000|  0%| F|  |TAMS 0x00000000e6e00000, 0x00000000e6e00000| Untracked 
| 111|0x00000000e6f00000, 0x00000000e6f00000, 0x00000000e7000000|  0%| F|  |TAMS 0x00000000e6f00000, 0x00000000e6f00000| Untracked 
| 112|0x00000000e7000000, 0x00000000e7000000, 0x00000000e7100000|  0%| F|  |TAMS 0x00000000e7000000, 0x00000000e7000000| Untracked 
| 113|0x00000000e7100000, 0x00000000e7100000, 0x00000000e7200000|  0%| F|  |TAMS 0x00000000e7100000, 0x00000000e7100000| Untracked 
| 114|0x00000000e7200000, 0x00000000e7200000, 0x00000000e7300000|  0%| F|  |TAMS 0x00000000e7200000, 0x00000000e7200000| Untracked 
| 115|0x00000000e7300000, 0x00000000e7300000, 0x00000000e7400000|  0%| F|  |TAMS 0x00000000e7300000, 0x00000000e7300000| Untracked 
| 116|0x00000000e7400000, 0x00000000e7400000, 0x00000000e7500000|  0%| F|  |TAMS 0x00000000e7400000, 0x00000000e7400000| Untracked 
| 117|0x00000000e7500000, 0x00000000e7500000, 0x00000000e7600000|  0%| F|  |TAMS 0x00000000e7500000, 0x00000000e7500000| Untracked 
| 118|0x00000000e7600000, 0x00000000e7600000, 0x00000000e7700000|  0%| F|  |TAMS 0x00000000e7600000, 0x00000000e7600000| Untracked 
| 119|0x00000000e7700000, 0x00000000e7700000, 0x00000000e7800000|  0%| F|  |TAMS 0x00000000e7700000, 0x00000000e7700000| Untracked 
| 120|0x00000000e7800000, 0x00000000e7800000, 0x00000000e7900000|  0%| F|  |TAMS 0x00000000e7800000, 0x00000000e7800000| Untracked 
| 121|0x00000000e7900000, 0x00000000e7900000, 0x00000000e7a00000|  0%| F|  |TAMS 0x00000000e7900000, 0x00000000e7900000| Untracked 
| 122|0x00000000e7a00000, 0x00000000e7a00000, 0x00000000e7b00000|  0%| F|  |TAMS 0x00000000e7a00000, 0x00000000e7a00000| Untracked 
| 123|0x00000000e7b00000, 0x00000000e7b00000, 0x00000000e7c00000|  0%| F|  |TAMS 0x00000000e7b00000, 0x00000000e7b00000| Untracked 
| 124|0x00000000e7c00000, 0x00000000e7c00000, 0x00000000e7d00000|  0%| F|  |TAMS 0x00000000e7c00000, 0x00000000e7c00000| Untracked 
| 125|0x00000000e7d00000, 0x00000000e7d00000, 0x00000000e7e00000|  0%| F|  |TAMS 0x00000000e7d00000, 0x00000000e7d00000| Untracked 
| 126|0x00000000e7e00000, 0x00000000e7e00000, 0x00000000e7f00000|  0%| F|  |TAMS 0x00000000e7e00000, 0x00000000e7e00000| Untracked 
| 127|0x00000000e7f00000, 0x00000000e7f00000, 0x00000000e8000000|  0%| F|  |TAMS 0x00000000e7f00000, 0x00000000e7f00000| Untracked 
| 128|0x00000000e8000000, 0x00000000e8000000, 0x00000000e8100000|  0%| F|  |TAMS 0x00000000e8000000, 0x00000000e8000000| Untracked 
| 129|0x00000000e8100000, 0x00000000e8100000, 0x00000000e8200000|  0%| F|  |TAMS 0x00000000e8100000, 0x00000000e8100000| Untracked 
| 130|0x00000000e8200000, 0x00000000e8248440, 0x00000000e8300000| 28%| E|  |TAMS 0x00000000e8200000, 0x00000000e8200000| Complete 
| 131|0x00000000e8300000, 0x00000000e8400000, 0x00000000e8400000|100%| E|CS|TAMS 0x00000000e8300000, 0x00000000e8300000| Complete 
| 132|0x00000000e8400000, 0x00000000e8500000, 0x00000000e8500000|100%| E|CS|TAMS 0x00000000e8400000, 0x00000000e8400000| Complete 
| 133|0x00000000e8500000, 0x00000000e8600000, 0x00000000e8600000|100%| E|CS|TAMS 0x00000000e8500000, 0x00000000e8500000| Complete 
| 134|0x00000000e8600000, 0x00000000e8700000, 0x00000000e8700000|100%| E|CS|TAMS 0x00000000e8600000, 0x00000000e8600000| Complete 
| 135|0x00000000e8700000, 0x00000000e8800000, 0x00000000e8800000|100%| E|CS|TAMS 0x00000000e8700000, 0x00000000e8700000| Complete 
| 136|0x00000000e8800000, 0x00000000e8900000, 0x00000000e8900000|100%| E|CS|TAMS 0x00000000e8800000, 0x00000000e8800000| Complete 
| 137|0x00000000e8900000, 0x00000000e8a00000, 0x00000000e8a00000|100%| E|CS|TAMS 0x00000000e8900000, 0x00000000e8900000| Complete 
| 138|0x00000000e8a00000, 0x00000000e8b00000, 0x00000000e8b00000|100%| E|CS|TAMS 0x00000000e8a00000, 0x00000000e8a00000| Complete 
| 139|0x00000000e8b00000, 0x00000000e8c00000, 0x00000000e8c00000|100%| E|CS|TAMS 0x00000000e8b00000, 0x00000000e8b00000| Complete 
| 140|0x00000000e8c00000, 0x00000000e8d00000, 0x00000000e8d00000|100%| E|CS|TAMS 0x00000000e8c00000, 0x00000000e8c00000| Complete 
| 141|0x00000000e8d00000, 0x00000000e8e00000, 0x00000000e8e00000|100%| E|CS|TAMS 0x00000000e8d00000, 0x00000000e8d00000| Complete 
| 142|0x00000000e8e00000, 0x00000000e8f00000, 0x00000000e8f00000|100%| E|CS|TAMS 0x00000000e8e00000, 0x00000000e8e00000| Complete 
| 143|0x00000000e8f00000, 0x00000000e9000000, 0x00000000e9000000|100%| E|CS|TAMS 0x00000000e8f00000, 0x00000000e8f00000| Complete 
| 144|0x00000000e9000000, 0x00000000e9100000, 0x00000000e9100000|100%| E|CS|TAMS 0x00000000e9000000, 0x00000000e9000000| Complete 
| 145|0x00000000e9100000, 0x00000000e9200000, 0x00000000e9200000|100%| E|CS|TAMS 0x00000000e9100000, 0x00000000e9100000| Complete 
| 146|0x00000000e9200000, 0x00000000e9300000, 0x00000000e9300000|100%| E|CS|TAMS 0x00000000e9200000, 0x00000000e9200000| Complete 
| 147|0x00000000e9300000, 0x00000000e9400000, 0x00000000e9400000|100%| E|CS|TAMS 0x00000000e9300000, 0x00000000e9300000| Complete 
| 148|0x00000000e9400000, 0x00000000e9500000, 0x00000000e9500000|100%| E|CS|TAMS 0x00000000e9400000, 0x00000000e9400000| Complete 
| 149|0x00000000e9500000, 0x00000000e9600000, 0x00000000e9600000|100%| E|CS|TAMS 0x00000000e9500000, 0x00000000e9500000| Complete 
| 150|0x00000000e9600000, 0x00000000e9700000, 0x00000000e9700000|100%| E|CS|TAMS 0x00000000e9600000, 0x00000000e9600000| Complete 
| 151|0x00000000e9700000, 0x00000000e9800000, 0x00000000e9800000|100%| E|CS|TAMS 0x00000000e9700000, 0x00000000e9700000| Complete 
| 152|0x00000000e9800000, 0x00000000e9900000, 0x00000000e9900000|100%| E|CS|TAMS 0x00000000e9800000, 0x00000000e9800000| Complete 
| 153|0x00000000e9900000, 0x00000000e9a00000, 0x00000000e9a00000|100%| E|CS|TAMS 0x00000000e9900000, 0x00000000e9900000| Complete 
| 154|0x00000000e9a00000, 0x00000000e9b00000, 0x00000000e9b00000|100%| E|CS|TAMS 0x00000000e9a00000, 0x00000000e9a00000| Complete 
| 155|0x00000000e9b00000, 0x00000000e9c00000, 0x00000000e9c00000|100%| E|CS|TAMS 0x00000000e9b00000, 0x00000000e9b00000| Complete 
| 156|0x00000000e9c00000, 0x00000000e9d00000, 0x00000000e9d00000|100%| E|CS|TAMS 0x00000000e9c00000, 0x00000000e9c00000| Complete 
| 157|0x00000000e9d00000, 0x00000000e9e00000, 0x00000000e9e00000|100%| E|CS|TAMS 0x00000000e9d00000, 0x00000000e9d00000| Complete 
| 158|0x00000000e9e00000, 0x00000000e9f00000, 0x00000000e9f00000|100%| E|CS|TAMS 0x00000000e9e00000, 0x00000000e9e00000| Complete 
| 159|0x00000000e9f00000, 0x00000000ea000000, 0x00000000ea000000|100%| E|CS|TAMS 0x00000000e9f00000, 0x00000000e9f00000| Complete 
| 160|0x00000000ea000000, 0x00000000ea100000, 0x00000000ea100000|100%| E|CS|TAMS 0x00000000ea000000, 0x00000000ea000000| Complete 
| 161|0x00000000ea100000, 0x00000000ea200000, 0x00000000ea200000|100%| E|CS|TAMS 0x00000000ea100000, 0x00000000ea100000| Complete 
| 162|0x00000000ea200000, 0x00000000ea300000, 0x00000000ea300000|100%| E|CS|TAMS 0x00000000ea200000, 0x00000000ea200000| Complete 
| 163|0x00000000ea300000, 0x00000000ea400000, 0x00000000ea400000|100%| E|CS|TAMS 0x00000000ea300000, 0x00000000ea300000| Complete 
| 164|0x00000000ea400000, 0x00000000ea500000, 0x00000000ea500000|100%| E|CS|TAMS 0x00000000ea400000, 0x00000000ea400000| Complete 
| 165|0x00000000ea500000, 0x00000000ea600000, 0x00000000ea600000|100%| E|CS|TAMS 0x00000000ea500000, 0x00000000ea500000| Complete 
| 166|0x00000000ea600000, 0x00000000ea700000, 0x00000000ea700000|100%| E|CS|TAMS 0x00000000ea600000, 0x00000000ea600000| Complete 
| 167|0x00000000ea700000, 0x00000000ea800000, 0x00000000ea800000|100%| E|CS|TAMS 0x00000000ea700000, 0x00000000ea700000| Complete 
| 168|0x00000000ea800000, 0x00000000ea900000, 0x00000000ea900000|100%| E|CS|TAMS 0x00000000ea800000, 0x00000000ea800000| Complete 
| 169|0x00000000ea900000, 0x00000000eaa00000, 0x00000000eaa00000|100%| E|CS|TAMS 0x00000000ea900000, 0x00000000ea900000| Complete 
| 170|0x00000000eaa00000, 0x00000000eab00000, 0x00000000eab00000|100%| E|CS|TAMS 0x00000000eaa00000, 0x00000000eaa00000| Complete 
| 171|0x00000000eab00000, 0x00000000eac00000, 0x00000000eac00000|100%| E|CS|TAMS 0x00000000eab00000, 0x00000000eab00000| Complete 
| 172|0x00000000eac00000, 0x00000000ead00000, 0x00000000ead00000|100%| E|CS|TAMS 0x00000000eac00000, 0x00000000eac00000| Complete 
| 173|0x00000000ead00000, 0x00000000eae00000, 0x00000000eae00000|100%| E|CS|TAMS 0x00000000ead00000, 0x00000000ead00000| Complete 
| 174|0x00000000eae00000, 0x00000000eaf00000, 0x00000000eaf00000|100%| E|CS|TAMS 0x00000000eae00000, 0x00000000eae00000| Complete 
| 175|0x00000000eaf00000, 0x00000000eb000000, 0x00000000eb000000|100%| E|CS|TAMS 0x00000000eaf00000, 0x00000000eaf00000| Complete 
| 176|0x00000000eb000000, 0x00000000eb100000, 0x00000000eb100000|100%| E|CS|TAMS 0x00000000eb000000, 0x00000000eb000000| Complete 
| 177|0x00000000eb100000, 0x00000000eb200000, 0x00000000eb200000|100%| E|CS|TAMS 0x00000000eb100000, 0x00000000eb100000| Complete 
| 178|0x00000000eb200000, 0x00000000eb300000, 0x00000000eb300000|100%| E|  |TAMS 0x00000000eb200000, 0x00000000eb200000| Complete 
| 179|0x00000000eb300000, 0x00000000eb400000, 0x00000000eb400000|100%| E|CS|TAMS 0x00000000eb300000, 0x00000000eb300000| Complete 
| 180|0x00000000eb400000, 0x00000000eb500000, 0x00000000eb500000|100%| E|CS|TAMS 0x00000000eb400000, 0x00000000eb400000| Complete 
| 181|0x00000000eb500000, 0x00000000eb600000, 0x00000000eb600000|100%| E|CS|TAMS 0x00000000eb500000, 0x00000000eb500000| Complete 
| 182|0x00000000eb600000, 0x00000000eb700000, 0x00000000eb700000|100%| E|CS|TAMS 0x00000000eb600000, 0x00000000eb600000| Complete 
| 183|0x00000000eb700000, 0x00000000eb800000, 0x00000000eb800000|100%| E|CS|TAMS 0x00000000eb700000, 0x00000000eb700000| Complete 
| 184|0x00000000eb800000, 0x00000000eb900000, 0x00000000eb900000|100%| E|CS|TAMS 0x00000000eb800000, 0x00000000eb800000| Complete 
| 185|0x00000000eb900000, 0x00000000eba00000, 0x00000000eba00000|100%| E|CS|TAMS 0x00000000eb900000, 0x00000000eb900000| Complete 
| 186|0x00000000eba00000, 0x00000000ebb00000, 0x00000000ebb00000|100%| E|CS|TAMS 0x00000000eba00000, 0x00000000eba00000| Complete 
| 187|0x00000000ebb00000, 0x00000000ebc00000, 0x00000000ebc00000|100%| E|CS|TAMS 0x00000000ebb00000, 0x00000000ebb00000| Complete 
| 188|0x00000000ebc00000, 0x00000000ebd00000, 0x00000000ebd00000|100%| E|CS|TAMS 0x00000000ebc00000, 0x00000000ebc00000| Complete 
| 189|0x00000000ebd00000, 0x00000000ebe00000, 0x00000000ebe00000|100%| E|CS|TAMS 0x00000000ebd00000, 0x00000000ebd00000| Complete 
| 190|0x00000000ebe00000, 0x00000000ebf00000, 0x00000000ebf00000|100%| E|CS|TAMS 0x00000000ebe00000, 0x00000000ebe00000| Complete 
| 191|0x00000000ebf00000, 0x00000000ec000000, 0x00000000ec000000|100%| E|CS|TAMS 0x00000000ebf00000, 0x00000000ebf00000| Complete 
| 192|0x00000000ec000000, 0x00000000ec100000, 0x00000000ec100000|100%| E|CS|TAMS 0x00000000ec000000, 0x00000000ec000000| Complete 
| 193|0x00000000ec100000, 0x00000000ec200000, 0x00000000ec200000|100%| E|CS|TAMS 0x00000000ec100000, 0x00000000ec100000| Complete 
| 194|0x00000000ec200000, 0x00000000ec300000, 0x00000000ec300000|100%| E|CS|TAMS 0x00000000ec200000, 0x00000000ec200000| Complete 
| 195|0x00000000ec300000, 0x00000000ec400000, 0x00000000ec400000|100%| E|CS|TAMS 0x00000000ec300000, 0x00000000ec300000| Complete 
| 196|0x00000000ec400000, 0x00000000ec500000, 0x00000000ec500000|100%| E|CS|TAMS 0x00000000ec400000, 0x00000000ec400000| Complete 
| 197|0x00000000ec500000, 0x00000000ec600000, 0x00000000ec600000|100%| E|CS|TAMS 0x00000000ec500000, 0x00000000ec500000| Complete 
| 198|0x00000000ec600000, 0x00000000ec700000, 0x00000000ec700000|100%| E|CS|TAMS 0x00000000ec600000, 0x00000000ec600000| Complete 
| 199|0x00000000ec700000, 0x00000000ec800000, 0x00000000ec800000|100%| E|CS|TAMS 0x00000000ec700000, 0x00000000ec700000| Complete 
| 200|0x00000000ec800000, 0x00000000ec900000, 0x00000000ec900000|100%| E|CS|TAMS 0x00000000ec800000, 0x00000000ec800000| Complete 
| 201|0x00000000ec900000, 0x00000000eca00000, 0x00000000eca00000|100%| E|CS|TAMS 0x00000000ec900000, 0x00000000ec900000| Complete 
| 202|0x00000000eca00000, 0x00000000ecb00000, 0x00000000ecb00000|100%| E|CS|TAMS 0x00000000eca00000, 0x00000000eca00000| Complete 
| 203|0x00000000ecb00000, 0x00000000ecc00000, 0x00000000ecc00000|100%| E|CS|TAMS 0x00000000ecb00000, 0x00000000ecb00000| Complete 
| 204|0x00000000ecc00000, 0x00000000ecd00000, 0x00000000ecd00000|100%| E|CS|TAMS 0x00000000ecc00000, 0x00000000ecc00000| Complete 
| 205|0x00000000ecd00000, 0x00000000ece00000, 0x00000000ece00000|100%| E|CS|TAMS 0x00000000ecd00000, 0x00000000ecd00000| Complete 
| 206|0x00000000ece00000, 0x00000000ecf00000, 0x00000000ecf00000|100%| E|CS|TAMS 0x00000000ece00000, 0x00000000ece00000| Complete 
| 207|0x00000000ecf00000, 0x00000000ed000000, 0x00000000ed000000|100%| E|CS|TAMS 0x00000000ecf00000, 0x00000000ecf00000| Complete 
| 208|0x00000000ed000000, 0x00000000ed100000, 0x00000000ed100000|100%| E|CS|TAMS 0x00000000ed000000, 0x00000000ed000000| Complete 
| 209|0x00000000ed100000, 0x00000000ed200000, 0x00000000ed200000|100%| E|CS|TAMS 0x00000000ed100000, 0x00000000ed100000| Complete 
| 210|0x00000000ed200000, 0x00000000ed300000, 0x00000000ed300000|100%| E|CS|TAMS 0x00000000ed200000, 0x00000000ed200000| Complete 
| 211|0x00000000ed300000, 0x00000000ed400000, 0x00000000ed400000|100%| E|CS|TAMS 0x00000000ed300000, 0x00000000ed300000| Complete 
| 212|0x00000000ed400000, 0x00000000ed500000, 0x00000000ed500000|100%| E|CS|TAMS 0x00000000ed400000, 0x00000000ed400000| Complete 
| 213|0x00000000ed500000, 0x00000000ed600000, 0x00000000ed600000|100%| E|CS|TAMS 0x00000000ed500000, 0x00000000ed500000| Complete 
| 214|0x00000000ed600000, 0x00000000ed700000, 0x00000000ed700000|100%| E|CS|TAMS 0x00000000ed600000, 0x00000000ed600000| Complete 
| 215|0x00000000ed700000, 0x00000000ed800000, 0x00000000ed800000|100%| E|CS|TAMS 0x00000000ed700000, 0x00000000ed700000| Complete 
| 216|0x00000000ed800000, 0x00000000ed900000, 0x00000000ed900000|100%| E|CS|TAMS 0x00000000ed800000, 0x00000000ed800000| Complete 
| 217|0x00000000ed900000, 0x00000000eda00000, 0x00000000eda00000|100%| E|CS|TAMS 0x00000000ed900000, 0x00000000ed900000| Complete 
| 218|0x00000000eda00000, 0x00000000edb00000, 0x00000000edb00000|100%| E|CS|TAMS 0x00000000eda00000, 0x00000000eda00000| Complete 
| 219|0x00000000edb00000, 0x00000000edc00000, 0x00000000edc00000|100%| E|CS|TAMS 0x00000000edb00000, 0x00000000edb00000| Complete 
| 220|0x00000000edc00000, 0x00000000edd00000, 0x00000000edd00000|100%| E|CS|TAMS 0x00000000edc00000, 0x00000000edc00000| Complete 
| 221|0x00000000edd00000, 0x00000000ede00000, 0x00000000ede00000|100%| E|CS|TAMS 0x00000000edd00000, 0x00000000edd00000| Complete 
| 222|0x00000000ede00000, 0x00000000edf00000, 0x00000000edf00000|100%| E|CS|TAMS 0x00000000ede00000, 0x00000000ede00000| Complete 
| 223|0x00000000edf00000, 0x00000000ee000000, 0x00000000ee000000|100%| E|CS|TAMS 0x00000000edf00000, 0x00000000edf00000| Complete 
| 224|0x00000000ee000000, 0x00000000ee100000, 0x00000000ee100000|100%| E|CS|TAMS 0x00000000ee000000, 0x00000000ee000000| Complete 
| 225|0x00000000ee100000, 0x00000000ee200000, 0x00000000ee200000|100%| E|CS|TAMS 0x00000000ee100000, 0x00000000ee100000| Complete 
| 226|0x00000000ee200000, 0x00000000ee300000, 0x00000000ee300000|100%| E|CS|TAMS 0x00000000ee200000, 0x00000000ee200000| Complete 
| 227|0x00000000ee300000, 0x00000000ee400000, 0x00000000ee400000|100%| E|CS|TAMS 0x00000000ee300000, 0x00000000ee300000| Complete 
| 228|0x00000000ee400000, 0x00000000ee500000, 0x00000000ee500000|100%| E|CS|TAMS 0x00000000ee400000, 0x00000000ee400000| Complete 
| 229|0x00000000ee500000, 0x00000000ee600000, 0x00000000ee600000|100%| E|CS|TAMS 0x00000000ee500000, 0x00000000ee500000| Complete 
| 230|0x00000000ee600000, 0x00000000ee700000, 0x00000000ee700000|100%| E|CS|TAMS 0x00000000ee600000, 0x00000000ee600000| Complete 
| 231|0x00000000ee700000, 0x00000000ee800000, 0x00000000ee800000|100%| E|CS|TAMS 0x00000000ee700000, 0x00000000ee700000| Complete 
| 232|0x00000000ee800000, 0x00000000ee900000, 0x00000000ee900000|100%| E|CS|TAMS 0x00000000ee800000, 0x00000000ee800000| Complete 
| 233|0x00000000ee900000, 0x00000000eea00000, 0x00000000eea00000|100%| E|CS|TAMS 0x00000000ee900000, 0x00000000ee900000| Complete 
| 234|0x00000000eea00000, 0x00000000eeb00000, 0x00000000eeb00000|100%| E|CS|TAMS 0x00000000eea00000, 0x00000000eea00000| Complete 
| 235|0x00000000eeb00000, 0x00000000eec00000, 0x00000000eec00000|100%| E|CS|TAMS 0x00000000eeb00000, 0x00000000eeb00000| Complete 
| 236|0x00000000eec00000, 0x00000000eed00000, 0x00000000eed00000|100%| E|CS|TAMS 0x00000000eec00000, 0x00000000eec00000| Complete 
| 237|0x00000000eed00000, 0x00000000eee00000, 0x00000000eee00000|100%| E|CS|TAMS 0x00000000eed00000, 0x00000000eed00000| Complete 
| 238|0x00000000eee00000, 0x00000000eef00000, 0x00000000eef00000|100%| E|CS|TAMS 0x00000000eee00000, 0x00000000eee00000| Complete 
| 239|0x00000000eef00000, 0x00000000ef000000, 0x00000000ef000000|100%| E|CS|TAMS 0x00000000eef00000, 0x00000000eef00000| Complete 
| 240|0x00000000ef000000, 0x00000000ef100000, 0x00000000ef100000|100%| E|CS|TAMS 0x00000000ef000000, 0x00000000ef000000| Complete 
| 241|0x00000000ef100000, 0x00000000ef200000, 0x00000000ef200000|100%| E|CS|TAMS 0x00000000ef100000, 0x00000000ef100000| Complete 
| 242|0x00000000ef200000, 0x00000000ef300000, 0x00000000ef300000|100%| E|CS|TAMS 0x00000000ef200000, 0x00000000ef200000| Complete 
| 243|0x00000000ef300000, 0x00000000ef400000, 0x00000000ef400000|100%| E|CS|TAMS 0x00000000ef300000, 0x00000000ef300000| Complete 
| 244|0x00000000ef400000, 0x00000000ef500000, 0x00000000ef500000|100%| E|CS|TAMS 0x00000000ef400000, 0x00000000ef400000| Complete 
| 245|0x00000000ef500000, 0x00000000ef600000, 0x00000000ef600000|100%| E|CS|TAMS 0x00000000ef500000, 0x00000000ef500000| Complete 
| 246|0x00000000ef600000, 0x00000000ef700000, 0x00000000ef700000|100%| E|CS|TAMS 0x00000000ef600000, 0x00000000ef600000| Complete 
| 247|0x00000000ef700000, 0x00000000ef800000, 0x00000000ef800000|100%| E|CS|TAMS 0x00000000ef700000, 0x00000000ef700000| Complete 
| 248|0x00000000ef800000, 0x00000000ef900000, 0x00000000ef900000|100%| E|CS|TAMS 0x00000000ef800000, 0x00000000ef800000| Complete 
| 249|0x00000000ef900000, 0x00000000efa00000, 0x00000000efa00000|100%| E|CS|TAMS 0x00000000ef900000, 0x00000000ef900000| Complete 
| 250|0x00000000efa00000, 0x00000000efb00000, 0x00000000efb00000|100%| E|CS|TAMS 0x00000000efa00000, 0x00000000efa00000| Complete 
| 251|0x00000000efb00000, 0x00000000efc00000, 0x00000000efc00000|100%| E|CS|TAMS 0x00000000efb00000, 0x00000000efb00000| Complete 
| 252|0x00000000efc00000, 0x00000000efd00000, 0x00000000efd00000|100%| E|CS|TAMS 0x00000000efc00000, 0x00000000efc00000| Complete 
| 253|0x00000000efd00000, 0x00000000efe00000, 0x00000000efe00000|100%| E|CS|TAMS 0x00000000efd00000, 0x00000000efd00000| Complete 
| 254|0x00000000efe00000, 0x00000000eff00000, 0x00000000eff00000|100%| E|CS|TAMS 0x00000000efe00000, 0x00000000efe00000| Complete 
| 255|0x00000000eff00000, 0x00000000f0000000, 0x00000000f0000000|100%| E|CS|TAMS 0x00000000eff00000, 0x00000000eff00000| Complete 

Card table byte_map: [0x0000022fb9d40000,0x0000022fb9e40000] _byte_map_base: 0x0000022fb9640000

Marking Bits (Prev, Next): (CMBitMap*) 0x0000022fa3269288, (CMBitMap*) 0x0000022fa32692c0
 Prev Bits: [0x0000022fb9f40000, 0x0000022fba740000)
 Next Bits: [0x0000022fba740000, 0x0000022fbaf40000)

Polling page: 0x0000022fa11f0000

Metaspace:

Usage:
  Non-class:     71.22 MB capacity,    69.42 MB ( 97%) used,     1.46 MB (  2%) free+waste,   341.31 KB ( <1%) overhead. 
      Class:     11.75 MB capacity,    10.59 MB ( 90%) used,  1022.23 KB (  8%) free+waste,   163.81 KB (  1%) overhead. 
       Both:     82.97 MB capacity,    80.02 MB ( 96%) used,     2.46 MB (  3%) free+waste,   505.13 KB ( <1%) overhead. 

Virtual space:
  Non-class space:       72.00 MB reserved,      71.25 MB ( 99%) committed 
      Class space:      376.00 MB reserved,      11.88 MB (  3%) committed 
             Both:      448.00 MB reserved,      83.13 MB ( 19%) committed 

Chunk freelists:
   Non-Class:  4.00 KB
       Class:  0 bytes
        Both:  4.00 KB

CodeHeap 'non-profiled nmethods': size=120000Kb used=6609Kb max_used=6609Kb free=113390Kb
 bounds [0x0000022fb23e0000, 0x0000022fb2a60000, 0x0000022fb9910000]
CodeHeap 'profiled nmethods': size=120000Kb used=23974Kb max_used=23974Kb free=96025Kb
 bounds [0x0000022faaeb0000, 0x0000022fac620000, 0x0000022fb23e0000]
CodeHeap 'non-nmethods': size=5760Kb used=2285Kb max_used=2349Kb free=3474Kb
 bounds [0x0000022faa910000, 0x0000022faab80000, 0x0000022faaeb0000]
 total_blobs=12417 nmethods=11525 adapters=803
 compilation: enabled
              stopped_count=0, restarted_count=0
 full_count=0

Compilation events (10 events):
Event: 164.194 Thread 0x0000022fbe350800 11493       4       jdk.internal.reflect.DelegatingConstructorAccessorImpl::newInstance (9 bytes)
Event: 164.194 Thread 0x0000022fbe350800 nmethod 11493 0x0000022fb2a53610 code [0x0000022fb2a53780, 0x0000022fb2a53818]
Event: 164.194 Thread 0x0000022fbe350800 11539       4       com.google.common.collect.SingletonImmutableSet::iterator (8 bytes)
Event: 164.196 Thread 0x0000022fbe350800 nmethod 11539 0x0000022fb2a53890 code [0x0000022fb2a53a20, 0x0000022fb2a53af8]
Event: 164.196 Thread 0x0000022fbe350800 11531       4       org.gradle.internal.snapshot.impl.AbstractScalarValueSnapshot::equals (41 bytes)
Event: 164.200 Thread 0x0000022fbe350800 nmethod 11531 0x0000022fb2a53b90 code [0x0000022fb2a53d20, 0x0000022fb2a53ff8]
Event: 164.200 Thread 0x0000022fbe350800 11654       4       org.gradle.api.internal.provider.ValueSanitizers$2::sanitize (2 bytes)
Event: 164.201 Thread 0x0000022fbe350800 nmethod 11654 0x0000022fb2a54190 code [0x0000022fb2a54300, 0x0000022fb2a54358]
Event: 164.201 Thread 0x0000022fbe350800 11701       4       java.util.LinkedHashMap$LinkedEntrySet::size (8 bytes)
Event: 164.202 Thread 0x0000022fbe350800 nmethod 11701 0x0000022fb2a54410 code [0x0000022fb2a54580, 0x0000022fb2a545f8]

GC Heap History (10 events):
Event: 18.769 GC heap before
{Heap before GC invocations=10 (full 0):
 garbage-first heap   total 262144K, used 182226K [0x00000000e0000000, 0x0000000100000000)
  region size 1024K, 151 young (154624K), 13 survivors (13312K)
 Metaspace       used 57437K, capacity 59569K, committed 59648K, reserved 436224K
  class space    used 7769K, capacity 8632K, committed 8704K, reserved 385024K
}
Event: 18.799 GC heap after
{Heap after GC invocations=11 (full 0):
 garbage-first heap   total 262144K, used 39719K [0x00000000e0000000, 0x0000000100000000)
  region size 1024K, 15 young (15360K), 15 survivors (15360K)
 Metaspace       used 57437K, capacity 59569K, committed 59648K, reserved 436224K
  class space    used 7769K, capacity 8632K, committed 8704K, reserved 385024K
}
Event: 21.980 GC heap before
{Heap before GC invocations=11 (full 0):
 garbage-first heap   total 262144K, used 189223K [0x00000000e0000000, 0x0000000100000000)
  region size 1024K, 153 young (156672K), 15 survivors (15360K)
 Metaspace       used 68273K, capacity 70597K, committed 70912K, reserved 446464K
  class space    used 9205K, capacity 10131K, committed 10240K, reserved 385024K
}
Event: 22.007 GC heap after
{Heap after GC invocations=12 (full 0):
 garbage-first heap   total 262144K, used 54826K [0x00000000e0000000, 0x0000000100000000)
  region size 1024K, 13 young (13312K), 13 survivors (13312K)
 Metaspace       used 68273K, capacity 70597K, committed 70912K, reserved 446464K
  class space    used 9205K, capacity 10131K, committed 10240K, reserved 385024K
}
Event: 27.742 GC heap before
{Heap before GC invocations=12 (full 0):
 garbage-first heap   total 262144K, used 198186K [0x00000000e0000000, 0x0000000100000000)
  region size 1024K, 153 young (156672K), 13 survivors (13312K)
 Metaspace       used 73847K, capacity 76451K, committed 76672K, reserved 450560K
  class space    used 10023K, capacity 11061K, committed 11136K, reserved 385024K
}
Event: 27.773 GC heap after
{Heap after GC invocations=13 (full 0):
 garbage-first heap   total 262144K, used 65012K [0x00000000e0000000, 0x0000000100000000)
  region size 1024K, 17 young (17408K), 17 survivors (17408K)
 Metaspace       used 73847K, capacity 76451K, committed 76672K, reserved 450560K
  class space    used 10023K, capacity 11061K, committed 11136K, reserved 385024K
}
Event: 29.827 GC heap before
{Heap before GC invocations=13 (full 0):
 garbage-first heap   total 262144K, used 133620K [0x00000000e0000000, 0x0000000100000000)
  region size 1024K, 86 young (88064K), 17 survivors (17408K)
 Metaspace       used 77183K, capacity 79902K, committed 80000K, reserved 454656K
  class space    used 10472K, capacity 11550K, committed 11648K, reserved 385024K
}
Event: 29.858 GC heap after
{Heap after GC invocations=14 (full 0):
 garbage-first heap   total 262144K, used 68458K [0x00000000e0000000, 0x0000000100000000)
  region size 1024K, 14 young (14336K), 14 survivors (14336K)
 Metaspace       used 77183K, capacity 79902K, committed 80000K, reserved 454656K
  class space    used 10472K, capacity 11550K, committed 11648K, reserved 385024K
}
Event: 33.586 GC heap before
{Heap before GC invocations=15 (full 0):
 garbage-first heap   total 262144K, used 203626K [0x00000000e0000000, 0x0000000100000000)
  region size 1024K, 147 young (150528K), 14 survivors (14336K)
 Metaspace       used 80383K, capacity 83215K, committed 83456K, reserved 456704K
  class space    used 10809K, capacity 11950K, committed 12032K, reserved 385024K
}
Event: 33.623 GC heap after
{Heap after GC invocations=16 (full 0):
 garbage-first heap   total 262144K, used 77885K [0x00000000e0000000, 0x0000000100000000)
  region size 1024K, 13 young (13312K), 13 survivors (13312K)
 Metaspace       used 80383K, capacity 83215K, committed 83456K, reserved 456704K
  class space    used 10809K, capacity 11950K, committed 12032K, reserved 385024K
}

Deoptimization events (10 events):
Event: 78.971 Thread 0x0000022fbe4b5800 Uncommon trap: reason=speculate_class_check action=maybe_recompile pc=0x0000022fb29b7e80 method=jdk.internal.reflect.UnsafeQualifiedObjectFieldAccessorImpl.get(Ljava/lang/Object;)Ljava/lang/Object; @ 13 c2
Event: 78.972 Thread 0x0000022fbe4b5800 Uncommon trap: reason=speculate_class_check action=maybe_recompile pc=0x0000022fb29b7e80 method=jdk.internal.reflect.UnsafeQualifiedObjectFieldAccessorImpl.get(Ljava/lang/Object;)Ljava/lang/Object; @ 13 c2
Event: 79.075 Thread 0x0000022fc0d22000 Uncommon trap: reason=unstable_if action=reinterpret pc=0x0000022fb28960c8 method=com.esotericsoftware.kryo.io.Input.require(I)I @ 180 c2
Event: 156.832 Thread 0x0000022fbe4b4000 Uncommon trap: reason=class_check action=maybe_recompile pc=0x0000022fb2a3a928 method=jdk.internal.misc.Unsafe.allocateUninitializedArray(Ljava/lang/Class;I)Ljava/lang/Object; @ 48 c2
Event: 156.832 Thread 0x0000022fbe4b4000 Uncommon trap: reason=class_check action=maybe_recompile pc=0x0000022fb2a3a928 method=jdk.internal.misc.Unsafe.allocateUninitializedArray(Ljava/lang/Class;I)Ljava/lang/Object; @ 48 c2
Event: 156.832 Thread 0x0000022fbe4b4000 Uncommon trap: reason=class_check action=maybe_recompile pc=0x0000022fb2a3a928 method=jdk.internal.misc.Unsafe.allocateUninitializedArray(Ljava/lang/Class;I)Ljava/lang/Object; @ 48 c2
Event: 156.832 Thread 0x0000022fbe4b4000 Uncommon trap: reason=class_check action=maybe_recompile pc=0x0000022fb2a3a928 method=jdk.internal.misc.Unsafe.allocateUninitializedArray(Ljava/lang/Class;I)Ljava/lang/Object; @ 48 c2
Event: 163.614 Thread 0x0000022fbf4c5800 Uncommon trap: reason=bimorphic_or_optimized_type_check action=maybe_recompile pc=0x0000022fb2606708 method=java.util.stream.MatchOps$MatchOp.evaluateSequential(Ljava/util/stream/PipelineHelper;Ljava/util/Spliterator;)Ljava/lang/Boolean; @ 14 c2
Event: 163.697 Thread 0x0000022fbf4c5800 Uncommon trap: reason=bimorphic_or_optimized_type_check action=maybe_recompile pc=0x0000022fb2928890 method=com.google.common.collect.MapMakerInternalMap$Segment.runLockedCleanup()V @ 8 c2
Event: 163.712 Thread 0x0000022fbf4c5800 Uncommon trap: reason=bimorphic_or_optimized_type_check action=maybe_recompile pc=0x0000022fb2928890 method=com.google.common.collect.MapMakerInternalMap$Segment.runLockedCleanup()V @ 8 c2

Classes redefined (0 events):
No events

Internal exceptions (10 events):
Event: 163.682 Thread 0x0000022fbf4c5800 Exception <a 'sun/nio/fs/WindowsException'{0x00000000e8e77210}> (0x00000000e8e77210) thrown at [./open/src/hotspot/share/prims/jni.cpp, line 611]
Event: 163.682 Thread 0x0000022fbf4c5800 Exception <a 'sun/nio/fs/WindowsException'{0x00000000e8e78788}> (0x00000000e8e78788) thrown at [./open/src/hotspot/share/prims/jni.cpp, line 611]
Event: 163.683 Thread 0x0000022fbf4c5800 Exception <a 'sun/nio/fs/WindowsException'{0x00000000e8e79d00}> (0x00000000e8e79d00) thrown at [./open/src/hotspot/share/prims/jni.cpp, line 611]
Event: 163.684 Thread 0x0000022fbf4c5800 Exception <a 'sun/nio/fs/WindowsException'{0x00000000e8e7b258}> (0x00000000e8e7b258) thrown at [./open/src/hotspot/share/prims/jni.cpp, line 611]
Event: 163.703 Thread 0x0000022fbf4c5800 Exception <a 'sun/nio/fs/WindowsException'{0x00000000e8e9f5d0}> (0x00000000e8e9f5d0) thrown at [./open/src/hotspot/share/prims/jni.cpp, line 611]
Event: 163.703 Thread 0x0000022fbf4c5800 Exception <a 'sun/nio/fs/WindowsException'{0x00000000e8e9f8d0}> (0x00000000e8e9f8d0) thrown at [./open/src/hotspot/share/prims/jni.cpp, line 611]
Event: 163.706 Thread 0x0000022fbf4c5800 Exception <a 'sun/nio/fs/WindowsException'{0x00000000e8ea20e8}> (0x00000000e8ea20e8) thrown at [./open/src/hotspot/share/prims/jni.cpp, line 611]
Event: 163.706 Thread 0x0000022fbf4c5800 Exception <a 'sun/nio/fs/WindowsException'{0x00000000e8ea24e8}> (0x00000000e8ea24e8) thrown at [./open/src/hotspot/share/prims/jni.cpp, line 611]
Event: 163.709 Thread 0x0000022fbf4c5800 Exception <a 'sun/nio/fs/WindowsException'{0x00000000e8ea7308}> (0x00000000e8ea7308) thrown at [./open/src/hotspot/share/prims/jni.cpp, line 611]
Event: 163.709 Thread 0x0000022fbf4c5800 Exception <a 'sun/nio/fs/WindowsException'{0x00000000e8ea7708}> (0x00000000e8ea7708) thrown at [./open/src/hotspot/share/prims/jni.cpp, line 611]

Events (10 events):
Event: 164.085 Thread 0x0000022fbf4c5800 DEOPT PACKING pc=0x0000022fab4f56f6 sp=0x0000003c00ff9100
Event: 164.085 Thread 0x0000022fbf4c5800 DEOPT UNPACKING pc=0x0000022faa936dde sp=0x0000003c00ff8618 mode 0
Event: 164.085 Executing VM operation: BulkRevokeBias
Event: 164.092 Executing VM operation: BulkRevokeBias done
Event: 164.115 Executing VM operation: RevokeBias
Event: 164.115 Executing VM operation: RevokeBias done
Event: 164.143 Thread 0x0000022fc6b69800 Thread added: 0x0000022fc6b69800
Event: 164.166 Thread 0x0000022fc6b67800 Thread added: 0x0000022fc6b67800
Event: 164.178 Thread 0x0000022fc6b65000 Thread added: 0x0000022fc6b65000
Event: 164.179 Thread 0x0000022fc6b64800 Thread added: 0x0000022fc6b64800


Dynamic libraries:
0x00007ff7d92a0000 - 0x00007ff7d92af000 	C:\Program Files\Java\jdk-11.0.17\bin\java.exe
0x00007ffc6fc50000 - 0x00007ffc6fe48000 	C:\WINDOWS\SYSTEM32\ntdll.dll
0x00007ffc6e1c0000 - 0x00007ffc6e27d000 	C:\WINDOWS\System32\KERNEL32.DLL
0x00007ffc6d650000 - 0x00007ffc6d946000 	C:\WINDOWS\System32\KERNELBASE.dll
0x00007ffc6dad0000 - 0x00007ffc6dbd0000 	C:\WINDOWS\System32\ucrtbase.dll
0x00007ffc661f0000 - 0x00007ffc66205000 	C:\Program Files\Java\jdk-11.0.17\bin\VCRUNTIME140.dll
0x00007ffc66bc0000 - 0x00007ffc66bd8000 	C:\Program Files\Java\jdk-11.0.17\bin\jli.dll
0x00007ffc6e740000 - 0x00007ffc6e7f0000 	C:\WINDOWS\System32\ADVAPI32.dll
0x00007ffc6fb70000 - 0x00007ffc6fc0e000 	C:\WINDOWS\System32\msvcrt.dll
0x00007ffc6df20000 - 0x00007ffc6dfc0000 	C:\WINDOWS\System32\sechost.dll
0x00007ffc6dfc0000 - 0x00007ffc6e0e3000 	C:\WINDOWS\System32\RPCRT4.dll
0x00007ffc6d950000 - 0x00007ffc6d977000 	C:\WINDOWS\System32\bcrypt.dll
0x00007ffc6e470000 - 0x00007ffc6e60f000 	C:\WINDOWS\System32\USER32.dll
0x00007ffc55f50000 - 0x00007ffc561ea000 	C:\WINDOWS\WinSxS\amd64_microsoft.windows.common-controls_6595b64144ccf1df_6.0.19041.3636_none_60b6a03d71f818d5\COMCTL32.dll
0x00007ffc6daa0000 - 0x00007ffc6dac2000 	C:\WINDOWS\System32\win32u.dll
0x00007ffc6f0b0000 - 0x00007ffc6f0db000 	C:\WINDOWS\System32\GDI32.dll
0x00007ffc6d980000 - 0x00007ffc6da97000 	C:\WINDOWS\System32\gdi32full.dll
0x00007ffc6d300000 - 0x00007ffc6d39d000 	C:\WINDOWS\System32\msvcp_win.dll
0x00007ffc649d0000 - 0x00007ffc649da000 	C:\WINDOWS\SYSTEM32\VERSION.dll
0x00007ffc6fb30000 - 0x00007ffc6fb62000 	C:\WINDOWS\System32\IMM32.DLL
0x00007ffc4b7d0000 - 0x00007ffc4b86b000 	C:\Program Files\Java\jdk-11.0.17\bin\msvcp140.dll
0x00007ffc31030000 - 0x00007ffc31b4a000 	C:\Program Files\Java\jdk-11.0.17\bin\server\jvm.dll
0x00007ffc6f0e0000 - 0x00007ffc6f0e8000 	C:\WINDOWS\System32\PSAPI.DLL
0x00007ffc65fb0000 - 0x00007ffc65fb9000 	C:\WINDOWS\SYSTEM32\WSOCK32.dll
0x00007ffc530c0000 - 0x00007ffc530e7000 	C:\WINDOWS\SYSTEM32\WINMM.dll
0x00007ffc6f030000 - 0x00007ffc6f09b000 	C:\WINDOWS\System32\WS2_32.dll
0x00007ffc6bae0000 - 0x00007ffc6baf2000 	C:\WINDOWS\SYSTEM32\kernel.appcore.dll
0x00007ffc68760000 - 0x00007ffc68770000 	C:\Program Files\Java\jdk-11.0.17\bin\verify.dll
0x00007ffc6afd0000 - 0x00007ffc6b1b4000 	C:\WINDOWS\SYSTEM32\DBGHELP.DLL
0x00007ffc653f0000 - 0x00007ffc65424000 	C:\WINDOWS\SYSTEM32\dbgcore.DLL
0x00007ffc6d3a0000 - 0x00007ffc6d422000 	C:\WINDOWS\System32\bcryptPrimitives.dll
0x00007ffc661b0000 - 0x00007ffc661d8000 	C:\Program Files\Java\jdk-11.0.17\bin\java.dll
0x00007ffc680c0000 - 0x00007ffc680ca000 	C:\Program Files\Java\jdk-11.0.17\bin\jimage.dll
0x00007ffc66000000 - 0x00007ffc6600e000 	C:\Program Files\Java\jdk-11.0.17\bin\instrument.dll
0x00007ffc66160000 - 0x00007ffc66176000 	C:\Program Files\Java\jdk-11.0.17\bin\zip.dll
0x00007ffc6f1a0000 - 0x00007ffc6f90b000 	C:\WINDOWS\System32\SHELL32.dll
0x00007ffc6b2f0000 - 0x00007ffc6ba8e000 	C:\WINDOWS\SYSTEM32\windows.storage.dll
0x00007ffc6e7f0000 - 0x00007ffc6eb43000 	C:\WINDOWS\System32\combase.dll
0x00007ffc6ccc0000 - 0x00007ffc6ccee000 	C:\WINDOWS\SYSTEM32\Wldp.dll
0x00007ffc6e0f0000 - 0x00007ffc6e1bd000 	C:\WINDOWS\System32\OLEAUT32.dll
0x00007ffc6f0f0000 - 0x00007ffc6f19d000 	C:\WINDOWS\System32\SHCORE.dll
0x00007ffc6efc0000 - 0x00007ffc6f015000 	C:\WINDOWS\System32\shlwapi.dll
0x00007ffc6d230000 - 0x00007ffc6d253000 	C:\WINDOWS\SYSTEM32\profapi.dll
0x00007ffc65f30000 - 0x00007ffc65f49000 	C:\Program Files\Java\jdk-11.0.17\bin\net.dll
0x00007ffc649e0000 - 0x00007ffc64aea000 	C:\WINDOWS\SYSTEM32\WINHTTP.dll
0x00007ffc6c9c0000 - 0x00007ffc6ca2a000 	C:\WINDOWS\system32\mswsock.dll
0x00007ffc65eb0000 - 0x00007ffc65ec2000 	C:\Program Files\Java\jdk-11.0.17\bin\nio.dll
0x00007ffc66210000 - 0x00007ffc66237000 	C:\Users\marko\.gradle\native\c067742578af261105cb4f569cf0c3c89f3d7b1fecec35dd04571415982c5e48\windows-amd64\native-platform.dll
0x00007ffc430c0000 - 0x00007ffc43204000 	C:\Users\marko\.gradle\native\38dada09dfb8b06ba9b0570ebf7e218e3eb74d4ef43ca46872605cf95ebc2f47\windows-amd64\native-platform-file-events.dll
0x00007ffc68060000 - 0x00007ffc68069000 	C:\Program Files\Java\jdk-11.0.17\bin\management.dll
0x00007ffc676c0000 - 0x00007ffc676cb000 	C:\Program Files\Java\jdk-11.0.17\bin\management_ext.dll
0x00007ffc6cbc0000 - 0x00007ffc6cbd8000 	C:\WINDOWS\SYSTEM32\CRYPTSP.dll
0x00007ffc6c2a0000 - 0x00007ffc6c2d4000 	C:\WINDOWS\system32\rsaenh.dll
0x00007ffc6d1f0000 - 0x00007ffc6d21e000 	C:\WINDOWS\SYSTEM32\USERENV.dll
0x00007ffc6cbb0000 - 0x00007ffc6cbbc000 	C:\WINDOWS\SYSTEM32\CRYPTBASE.dll
0x00007ffc6c680000 - 0x00007ffc6c6bb000 	C:\WINDOWS\SYSTEM32\IPHLPAPI.DLL
0x00007ffc6f020000 - 0x00007ffc6f028000 	C:\WINDOWS\System32\NSI.dll
0x00007ffc667e0000 - 0x00007ffc667f7000 	C:\WINDOWS\SYSTEM32\dhcpcsvc6.DLL
0x00007ffc667c0000 - 0x00007ffc667dd000 	C:\WINDOWS\SYSTEM32\dhcpcsvc.DLL
0x00007ffc6c6c0000 - 0x00007ffc6c78b000 	C:\WINDOWS\SYSTEM32\DNSAPI.dll
0x00007ffc6a320000 - 0x00007ffc6a3b0000 	C:\WINDOWS\system32\apphelp.dll
0x00007ffc35da0000 - 0x00007ffc35db7000 	C:\WINDOWS\system32\napinsp.dll
0x00007ffc2c260000 - 0x00007ffc2c27b000 	C:\WINDOWS\system32\pnrpnsp.dll
0x00007ffc48f00000 - 0x00007ffc48f15000 	C:\WINDOWS\system32\wshbth.dll
0x00007ffc66b00000 - 0x00007ffc66b1d000 	C:\WINDOWS\system32\NLAapi.dll
0x00007ffc2c240000 - 0x00007ffc2c252000 	C:\WINDOWS\System32\winrnr.dll
0x00007ffc63550000 - 0x00007ffc6355a000 	C:\Windows\System32\rasadhlp.dll
0x00007ffc63e20000 - 0x00007ffc63ea0000 	C:\WINDOWS\System32\fwpuclnt.dll

dbghelp: loaded successfully - version: 4.0.5 - missing functions: none
symbol engine: initialized successfully - sym options: 0x614 - pdb path: .;C:\Program Files\Java\jdk-11.0.17\bin;C:\WINDOWS\SYSTEM32;C:\WINDOWS\WinSxS\amd64_microsoft.windows.common-controls_6595b64144ccf1df_6.0.19041.3636_none_60b6a03d71f818d5;C:\Program Files\Java\jdk-11.0.17\bin\server;C:\Users\marko\.gradle\native\c067742578af261105cb4f569cf0c3c89f3d7b1fecec35dd04571415982c5e48\windows-amd64;C:\Users\marko\.gradle\native\38dada09dfb8b06ba9b0570ebf7e218e3eb74d4ef43ca46872605cf95ebc2f47\windows-amd64

VM Arguments:
jvm_args: --add-opens=java.base/java.util=ALL-UNNAMED --add-opens=java.base/java.lang=ALL-UNNAMED --add-opens=java.base/java.lang.invoke=ALL-UNNAMED --add-opens=java.prefs/java.util.prefs=ALL-UNNAMED --add-opens=java.base/java.nio.charset=ALL-UNNAMED --add-opens=java.base/java.net=ALL-UNNAMED --add-opens=java.base/java.util.concurrent.atomic=ALL-UNNAMED -XX:MaxMetaspaceSize=384m -XX:+HeapDumpOnOutOfMemoryError -Xms256m -Xmx512m -Dfile.encoding=windows-1252 -Duser.country=IT -Duser.language=it -Duser.variant -javaagent:C:\Users\marko\.gradle\wrapper\dists\gradle-8.6-bin\afr5mpiioh2wthjmwnkmdsd5w\gradle-8.6\lib\agents\gradle-instrumentation-agent-8.6.jar 
java_command: org.gradle.launcher.daemon.bootstrap.GradleDaemon 8.6
java_class_path (initial): C:\Users\marko\.gradle\wrapper\dists\gradle-8.6-bin\afr5mpiioh2wthjmwnkmdsd5w\gradle-8.6\lib\gradle-launcher-8.6.jar
Launcher Type: SUN_STANDARD

[Global flags]
     intx CICompilerCount                          = 4                                         {product} {ergonomic}
   size_t CompressedClassSpaceSize                 = 394264576                                 {product} {ergonomic}
     uint ConcGCThreads                            = 2                                         {product} {ergonomic}
     uint G1ConcRefinementThreads                  = 8                                         {product} {ergonomic}
   size_t G1HeapRegionSize                         = 1048576                                   {product} {ergonomic}
    uintx GCDrainStackTargetSize                   = 64                                        {product} {ergonomic}
     bool HeapDumpOnOutOfMemoryError               = true                                   {manageable} {command line}
   size_t InitialHeapSize                          = 268435456                                 {product} {command line}
   size_t MarkStackSize                            = 4194304                                   {product} {ergonomic}
   size_t MaxHeapSize                              = 536870912                                 {product} {command line}
   size_t MaxMetaspaceSize                         = 402653184                                 {product} {command line}
   size_t MaxNewSize                               = 321912832                                 {product} {ergonomic}
   size_t MinHeapDeltaBytes                        = 1048576                                   {product} {ergonomic}
    uintx NonNMethodCodeHeapSize                   = 5836300                                {pd product} {ergonomic}
    uintx NonProfiledCodeHeapSize                  = 122910970                              {pd product} {ergonomic}
    uintx ProfiledCodeHeapSize                     = 122910970                              {pd product} {ergonomic}
    uintx ReservedCodeCacheSize                    = 251658240                              {pd product} {ergonomic}
     bool SegmentedCodeCache                       = true                                      {product} {ergonomic}
     bool UseCompressedClassPointers               = true                                 {lp64_product} {ergonomic}
     bool UseCompressedOops                        = true                                 {lp64_product} {ergonomic}
     bool UseG1GC                                  = true                                      {product} {ergonomic}
     bool UseLargePagesIndividualAllocation        = false                                  {pd product} {ergonomic}

Logging:
Log output configuration:
 #0: stdout all=warning uptime,level,tags
 #1: stderr all=off uptime,level,tags

Environment Variables:
JAVA_HOME=C:\Program Files\Java\jdk-11.0.17
CLASSPATH=C:\Users\marko\Desktop\ISS_24\issLab24\robotCleaner24\\gradle\wrapper\gradle-wrapper.jar
PATH=C:\Program Files\Java\jdk-11.0.17\bin;C:\Gradle\gradle-8.6\bin;C:\Program Files\Python310\Scripts\;C:\Program Files\Python310\;C:\Program Files\Common Files\Oracle\Java\javapath;C:\Program Files (x86)\Common Files\Oracle\Java\javapath;C:\Program Files (x86)\Razer Chroma SDK\bin;C:\Program Files\Razer Chroma SDK\bin;C:\Program Files (x86)\Razer\ChromaBroadcast\bin;C:\Program Files\Razer\ChromaBroadcast\bin;C:\Program Files (x86)\Intel\Intel(R) Management Engine Components\iCLS\;C:\Program Files\Intel\Intel(R) Management Engine Components\iCLS\;C:\WINDOWS\system32;C:\WINDOWS;C:\WINDOWS\System32\Wbem;C:\WINDOWS\System32\WindowsPowerShell\v1.0\;C:\Program Files (x86)\Intel\Intel(R) Management Engine Components\DAL;C:\Program Files\Intel\Intel(R) Management Engine Components\DAL;C:\Program Files (x86)\Intel\Intel(R) Management Engine Components\IPT;C:\Program Files\Intel\Intel(R) Management Engine Components\IPT;C:\WINDOWS\System32\OpenSSH\;C:\WINDOWS\system32\config\systemprofile\AppData\Local\Microsoft\WindowsApps;C:\WINDOWS\system32;C:\WINDOWS;C:\WINDOWS\System32\Wbem;C:\WINDOWS\System32\WindowsPowerShell\v1.0\;C:\WINDOWS\System32\OpenSSH\;C:\Users\marko\AppData\Roaming\nvm;C:\Program Files\nodejs;C:\Program Files\Git\cmd;C:\Program Files\Git LFS;C:\Users\marko\AppData\Roaming\Python\Python310\Scripts;C:\Program Files\Docker\Docker\resources\bin;C:\Program Files\nodejs\;C:\Program Files\Graphviz\bin;C:\Users\marko\AppData\Local\Programs\Microsoft VS Code\bin;C:\Users\marko\AppData\Local\Microsoft\WindowsApps;C:\Users\marko\AppData\Roaming\nvm;C:\Program Files\nodejs;C:\Users\marko\AppData\Roaming\Python\Python310\Scripts;C:\Users\marko\Desktop\antlr;;C:\Users\marko\AppData\Local\JetBrains\IntelliJ IDEA Community Edition 2022.3.2\bin;;C:\Users\marko\AppData\Roaming\npm
USERNAME=marko
OS=Windows_NT
PROCESSOR_IDENTIFIER=Intel64 Family 6 Model 142 Stepping 10, GenuineIntel



---------------  S Y S T E M  ---------------

OS: Windows 10 , 64 bit Build 19041 (10.0.19041.3636)
Hyper-V role detected

CPU:total 8 (initial active 8) (4 cores per cpu, 2 threads per core) family 6 model 142 stepping 10 microcode 0xb4, cmov, cx8, fxsr, mmx, sse, sse2, sse3, ssse3, sse4.1, sse4.2, popcnt, avx, avx2, aes, clmul, erms, 3dnowpref, lzcnt, ht, tsc, tscinvbit, bmi1, bmi2, adx, fma

Memory: 4k page, system-wide physical 8058M (449M free)
TotalPageFile size 8058M (AvailPageFile size 5M)
current process WorkingSet (physical memory assigned to process): 470M, peak: 487M
current process commit charge ("private bytes"): 539M, peak: 557M

vm_info: Java HotSpot(TM) 64-Bit Server VM (11.0.17+10-LTS-269) for windows-amd64 JRE (11.0.17+10-LTS-269), built on Sep 13 2022 19:26:37 by "mach5one" with MS VC++ 15.9 (VS2017)

END.
