#
# There is insufficient memory for the Java Runtime Environment to continue.
# Native memory allocation (malloc) failed to allocate 32784 bytes for Chunk::new
# Possible reasons:
#   The system is out of physical RAM or swap space
#   The process is running with CompressedOops enabled, and the Java Heap may be blocking the growth of the native heap
# Possible solutions:
#   Reduce memory load on the system
#   Increase physical memory or swap space
#   Check if swap backing store is full
#   Decrease Java heap size (-Xmx/-Xms)
#   Decrease number of Java threads
#   Decrease Java thread stack sizes (-Xss)
#   Set larger code cache with -XX:ReservedCodeCacheSize=
#   JVM is running with Unscaled Compressed Oops mode in which the Java heap is
#     placed in the first 4GB address space. The Java Heap base address is the
#     maximum limit for the native heap growth. Please use -XX:HeapBaseMinAddress
#     to set the Java Heap base and to place the Java Heap above 4GB virtual address.
# This output file may be truncated or incomplete.
#
#  Out of Memory Error (./open/src/hotspot/share/memory/arena.cpp:197), pid=2012, tid=16028
#
# JRE version: Java(TM) SE Runtime Environment 18.9 (11.0.17+10) (build 11.0.17+10-LTS-269)
# Java VM: Java HotSpot(TM) 64-Bit Server VM 18.9 (11.0.17+10-LTS-269, mixed mode, tiered, compressed oops, g1 gc, windows-amd64)
# No core dump will be written. Minidumps are not enabled by default on client versions of Windows
#

---------------  S U M M A R Y ------------

Command Line: -Xmx64m -Xms64m -Dorg.gradle.appname=gradlew org.gradle.wrapper.GradleWrapperMain run

Host: Intel(R) Core(TM) i5-8250U CPU @ 1.60GHz, 8 cores, 7G,  Windows 10 , 64 bit Build 19041 (10.0.19041.3636)
Time: Thu May  9 16:14:43 2024 ora legale Europa occidentale elapsed time: 34.226846 seconds (0d 0h 0m 34s)

---------------  T H R E A D  ---------------

Current thread (0x000001e35395c800):  JavaThread "C2 CompilerThread0" daemon [_thread_in_native, id=16028, stack(0x0000003390f00000,0x0000003391000000)]


Current CompileTask:
C2:  34227 1486       4       java.lang.String::replace (42 bytes)

Stack: [0x0000003390f00000,0x0000003391000000]
Native frames: (J=compiled Java code, j=interpreted, Vv=VM code, C=native code)
V  [jvm.dll+0x62b5da]
V  [jvm.dll+0x7653df]
V  [jvm.dll+0x766a89]
V  [jvm.dll+0x767113]
V  [jvm.dll+0x23dd28]
V  [jvm.dll+0xb2a1c]
V  [jvm.dll+0xb2fdc]
V  [jvm.dll+0xb2b2b]
V  [jvm.dll+0x60b89f]
V  [jvm.dll+0x5bcefa]
V  [jvm.dll+0x5c1438]
V  [jvm.dll+0x5c1b05]
V  [jvm.dll+0x5c083e]
V  [jvm.dll+0x1f85bd]
V  [jvm.dll+0x1f78fd]
V  [jvm.dll+0x177c91]
V  [jvm.dll+0x207296]
V  [jvm.dll+0x20542b]
V  [jvm.dll+0x72b2c0]
V  [jvm.dll+0x723e64]
V  [jvm.dll+0x62a485]
C  [ucrtbase.dll+0x21bb2]
C  [KERNEL32.DLL+0x17344]
C  [ntdll.dll+0x526b1]


---------------  P R O C E S S  ---------------

Threads class SMR info:
_java_thread_list=0x000001e3548e7bd0, length=11, elements={
0x000001e339b00000, 0x000001e3538f0000, 0x000001e3538f1000, 0x000001e353953800,
0x000001e353955000, 0x000001e353959000, 0x000001e35395c800, 0x000001e35395f800,
0x000001e353968800, 0x000001e353c20000, 0x000001e3542ee000
}

Java Threads: ( => current thread )
  0x000001e339b00000 JavaThread "main" [_thread_blocked, id=15988, stack(0x0000003390300000,0x0000003390400000)]
  0x000001e3538f0000 JavaThread "Reference Handler" daemon [_thread_blocked, id=12788, stack(0x0000003390a00000,0x0000003390b00000)]
  0x000001e3538f1000 JavaThread "Finalizer" daemon [_thread_blocked, id=5372, stack(0x0000003390b00000,0x0000003390c00000)]
  0x000001e353953800 JavaThread "Signal Dispatcher" daemon [_thread_blocked, id=16136, stack(0x0000003390c00000,0x0000003390d00000)]
  0x000001e353955000 JavaThread "Attach Listener" daemon [_thread_blocked, id=5472, stack(0x0000003390d00000,0x0000003390e00000)]
  0x000001e353959000 JavaThread "Service Thread" daemon [_thread_blocked, id=15976, stack(0x0000003390e00000,0x0000003390f00000)]
=>0x000001e35395c800 JavaThread "C2 CompilerThread0" daemon [_thread_in_native, id=16028, stack(0x0000003390f00000,0x0000003391000000)]
  0x000001e35395f800 JavaThread "C1 CompilerThread0" daemon [_thread_blocked, id=11764, stack(0x0000003391000000,0x0000003391100000)]
  0x000001e353968800 JavaThread "Sweeper thread" daemon [_thread_blocked, id=2144, stack(0x0000003391100000,0x0000003391200000)]
  0x000001e353c20000 JavaThread "Common-Cleaner" daemon [_thread_blocked, id=5460, stack(0x0000003391300000,0x0000003391400000)]
  0x000001e3542ee000 JavaThread "DisconnectableInputStream source reader" daemon [_thread_in_native, id=10832, stack(0x0000003391600000,0x0000003391700000)]

Other Threads:
  0x000001e3538cd800 VMThread "VM Thread" [stack: 0x0000003390900000,0x0000003390a00000] [id=12404]
  0x000001e353c1b800 WatcherThread [stack: 0x0000003391200000,0x0000003391300000] [id=7220]
  0x000001e339b15000 GCTaskThread "GC Thread#0" [stack: 0x0000003390400000,0x0000003390500000] [id=13656]
  0x000001e35451f800 GCTaskThread "GC Thread#1" [stack: 0x0000003391500000,0x0000003391600000] [id=8796]
  0x000001e3548e0000 GCTaskThread "GC Thread#2" [stack: 0x0000003391900000,0x0000003391a00000] [id=9944]
  0x000001e354c63800 GCTaskThread "GC Thread#3" [stack: 0x0000003391a00000,0x0000003391b00000] [id=12648]
  0x000001e35549d000 GCTaskThread "GC Thread#4" [stack: 0x0000003391b00000,0x0000003391c00000] [id=16272]
  0x000001e355b87000 GCTaskThread "GC Thread#5" [stack: 0x0000003391c00000,0x0000003391d00000] [id=3584]
  0x000001e339b1d000 ConcurrentGCThread "G1 Main Marker" [stack: 0x0000003390500000,0x0000003390600000] [id=14016]
  0x000001e339b1f800 ConcurrentGCThread "G1 Conc#0" [stack: 0x0000003390600000,0x0000003390700000] [id=14588]
  0x000001e339b87000 ConcurrentGCThread "G1 Refine#0" [stack: 0x0000003390700000,0x0000003390800000] [id=13916]
  0x000001e339b88000 ConcurrentGCThread "G1 Young RemSet Sampling" [stack: 0x0000003390800000,0x0000003390900000] [id=7216]

Threads with active compile tasks:
C2 CompilerThread0    34298 1486       4       java.lang.String::replace (42 bytes)

VM state:not at safepoint (normal execution)

VM Mutex/Monitor currently owned by a thread: None

Heap address: 0x00000000fc000000, size: 64 MB, Compressed Oops mode: 32-bit
Narrow klass base: 0x0000000000000000, Narrow klass shift: 3
Compressed class space size: 1073741824 Address: 0x0000000100000000

Heap:
 garbage-first heap   total 65536K, used 13894K [0x00000000fc000000, 0x0000000100000000)
  region size 1024K, 5 young (5120K), 2 survivors (2048K)
 Metaspace       used 16725K, capacity 17070K, committed 17280K, reserved 1064960K
  class space    used 1929K, capacity 2065K, committed 2176K, reserved 1048576K
Heap Regions: E=young(eden), S=young(survivor), O=old, HS=humongous(starts), HC=humongous(continues), CS=collection set, F=free, A=archive, TAMS=top-at-mark-start (previous, next)
|   0|0x00000000fc000000, 0x00000000fc100000, 0x00000000fc100000|100%|HS|  |TAMS 0x00000000fc000000, 0x00000000fc000000| Complete 
|   1|0x00000000fc100000, 0x00000000fc200000, 0x00000000fc200000|100%|HC|  |TAMS 0x00000000fc100000, 0x00000000fc100000| Complete 
|   2|0x00000000fc200000, 0x00000000fc300000, 0x00000000fc300000|100%|HC|  |TAMS 0x00000000fc200000, 0x00000000fc200000| Complete 
|   3|0x00000000fc300000, 0x00000000fc400000, 0x00000000fc400000|100%|HC|  |TAMS 0x00000000fc300000, 0x00000000fc300000| Complete 
|   4|0x00000000fc400000, 0x00000000fc500000, 0x00000000fc500000|100%| O|  |TAMS 0x00000000fc400000, 0x00000000fc400000| Untracked 
|   5|0x00000000fc500000, 0x00000000fc600000, 0x00000000fc600000|100%| O|  |TAMS 0x00000000fc500000, 0x00000000fc500000| Untracked 
|   6|0x00000000fc600000, 0x00000000fc700000, 0x00000000fc700000|100%| O|  |TAMS 0x00000000fc600000, 0x00000000fc600000| Untracked 
|   7|0x00000000fc700000, 0x00000000fc800000, 0x00000000fc800000|100%| O|  |TAMS 0x00000000fc700000, 0x00000000fc700000| Untracked 
|   8|0x00000000fc800000, 0x00000000fc900000, 0x00000000fc900000|100%| O|  |TAMS 0x00000000fc800000, 0x00000000fc800000| Untracked 
|   9|0x00000000fc900000, 0x00000000fca00000, 0x00000000fca00000|100%| O|  |TAMS 0x00000000fc900000, 0x00000000fc900000| Untracked 
|  10|0x00000000fca00000, 0x00000000fca44c00, 0x00000000fcb00000| 26%| O|  |TAMS 0x00000000fca00000, 0x00000000fca00000| Untracked 
|  11|0x00000000fcb00000, 0x00000000fcb00000, 0x00000000fcc00000|  0%| F|  |TAMS 0x00000000fcb00000, 0x00000000fcb00000| Untracked 
|  12|0x00000000fcc00000, 0x00000000fcc00000, 0x00000000fcd00000|  0%| F|  |TAMS 0x00000000fcc00000, 0x00000000fcc00000| Untracked 
|  13|0x00000000fcd00000, 0x00000000fcd00000, 0x00000000fce00000|  0%| F|  |TAMS 0x00000000fcd00000, 0x00000000fcd00000| Untracked 
|  14|0x00000000fce00000, 0x00000000fce00000, 0x00000000fcf00000|  0%| F|  |TAMS 0x00000000fce00000, 0x00000000fce00000| Untracked 
|  15|0x00000000fcf00000, 0x00000000fcf00000, 0x00000000fd000000|  0%| F|  |TAMS 0x00000000fcf00000, 0x00000000fcf00000| Untracked 
|  16|0x00000000fd000000, 0x00000000fd000000, 0x00000000fd100000|  0%| F|  |TAMS 0x00000000fd000000, 0x00000000fd000000| Untracked 
|  17|0x00000000fd100000, 0x00000000fd100000, 0x00000000fd200000|  0%| F|  |TAMS 0x00000000fd100000, 0x00000000fd100000| Untracked 
|  18|0x00000000fd200000, 0x00000000fd200000, 0x00000000fd300000|  0%| F|  |TAMS 0x00000000fd200000, 0x00000000fd200000| Untracked 
|  19|0x00000000fd300000, 0x00000000fd300000, 0x00000000fd400000|  0%| F|  |TAMS 0x00000000fd300000, 0x00000000fd300000| Untracked 
|  20|0x00000000fd400000, 0x00000000fd400000, 0x00000000fd500000|  0%| F|  |TAMS 0x00000000fd400000, 0x00000000fd400000| Untracked 
|  21|0x00000000fd500000, 0x00000000fd500000, 0x00000000fd600000|  0%| F|  |TAMS 0x00000000fd500000, 0x00000000fd500000| Untracked 
|  22|0x00000000fd600000, 0x00000000fd600000, 0x00000000fd700000|  0%| F|  |TAMS 0x00000000fd600000, 0x00000000fd600000| Untracked 
|  23|0x00000000fd700000, 0x00000000fd700000, 0x00000000fd800000|  0%| F|  |TAMS 0x00000000fd700000, 0x00000000fd700000| Untracked 
|  24|0x00000000fd800000, 0x00000000fd800000, 0x00000000fd900000|  0%| F|  |TAMS 0x00000000fd800000, 0x00000000fd800000| Untracked 
|  25|0x00000000fd900000, 0x00000000fd900000, 0x00000000fda00000|  0%| F|  |TAMS 0x00000000fd900000, 0x00000000fd900000| Untracked 
|  26|0x00000000fda00000, 0x00000000fda00000, 0x00000000fdb00000|  0%| F|  |TAMS 0x00000000fda00000, 0x00000000fda00000| Untracked 
|  27|0x00000000fdb00000, 0x00000000fdb00000, 0x00000000fdc00000|  0%| F|  |TAMS 0x00000000fdb00000, 0x00000000fdb00000| Untracked 
|  28|0x00000000fdc00000, 0x00000000fdc00000, 0x00000000fdd00000|  0%| F|  |TAMS 0x00000000fdc00000, 0x00000000fdc00000| Untracked 
|  29|0x00000000fdd00000, 0x00000000fdd00000, 0x00000000fde00000|  0%| F|  |TAMS 0x00000000fdd00000, 0x00000000fdd00000| Untracked 
|  30|0x00000000fde00000, 0x00000000fde00000, 0x00000000fdf00000|  0%| F|  |TAMS 0x00000000fde00000, 0x00000000fde00000| Untracked 
|  31|0x00000000fdf00000, 0x00000000fdf00000, 0x00000000fe000000|  0%| F|  |TAMS 0x00000000fdf00000, 0x00000000fdf00000| Untracked 
|  32|0x00000000fe000000, 0x00000000fe000000, 0x00000000fe100000|  0%| F|  |TAMS 0x00000000fe000000, 0x00000000fe000000| Untracked 
|  33|0x00000000fe100000, 0x00000000fe100000, 0x00000000fe200000|  0%| F|  |TAMS 0x00000000fe100000, 0x00000000fe100000| Untracked 
|  34|0x00000000fe200000, 0x00000000fe24cd80, 0x00000000fe300000| 30%| S|CS|TAMS 0x00000000fe200000, 0x00000000fe200000| Complete 
|  35|0x00000000fe300000, 0x00000000fe400000, 0x00000000fe400000|100%| S|CS|TAMS 0x00000000fe300000, 0x00000000fe300000| Complete 
|  36|0x00000000fe400000, 0x00000000fe400000, 0x00000000fe500000|  0%| F|  |TAMS 0x00000000fe400000, 0x00000000fe400000| Untracked 
|  37|0x00000000fe500000, 0x00000000fe500000, 0x00000000fe600000|  0%| F|  |TAMS 0x00000000fe500000, 0x00000000fe500000| Untracked 
|  38|0x00000000fe600000, 0x00000000fe600000, 0x00000000fe700000|  0%| F|  |TAMS 0x00000000fe600000, 0x00000000fe600000| Untracked 
|  39|0x00000000fe700000, 0x00000000fe700000, 0x00000000fe800000|  0%| F|  |TAMS 0x00000000fe700000, 0x00000000fe700000| Untracked 
|  40|0x00000000fe800000, 0x00000000fe800000, 0x00000000fe900000|  0%| F|  |TAMS 0x00000000fe800000, 0x00000000fe800000| Untracked 
|  41|0x00000000fe900000, 0x00000000fe900000, 0x00000000fea00000|  0%| F|  |TAMS 0x00000000fe900000, 0x00000000fe900000| Untracked 
|  42|0x00000000fea00000, 0x00000000fea00000, 0x00000000feb00000|  0%| F|  |TAMS 0x00000000fea00000, 0x00000000fea00000| Untracked 
|  43|0x00000000feb00000, 0x00000000feb00000, 0x00000000fec00000|  0%| F|  |TAMS 0x00000000feb00000, 0x00000000feb00000| Untracked 
|  44|0x00000000fec00000, 0x00000000fec00000, 0x00000000fed00000|  0%| F|  |TAMS 0x00000000fec00000, 0x00000000fec00000| Untracked 
|  45|0x00000000fed00000, 0x00000000fed00000, 0x00000000fee00000|  0%| F|  |TAMS 0x00000000fed00000, 0x00000000fed00000| Untracked 
|  46|0x00000000fee00000, 0x00000000fee00000, 0x00000000fef00000|  0%| F|  |TAMS 0x00000000fee00000, 0x00000000fee00000| Untracked 
|  47|0x00000000fef00000, 0x00000000fef00000, 0x00000000ff000000|  0%| F|  |TAMS 0x00000000fef00000, 0x00000000fef00000| Untracked 
|  48|0x00000000ff000000, 0x00000000ff000000, 0x00000000ff100000|  0%| F|  |TAMS 0x00000000ff000000, 0x00000000ff000000| Untracked 
|  49|0x00000000ff100000, 0x00000000ff100000, 0x00000000ff200000|  0%| F|  |TAMS 0x00000000ff100000, 0x00000000ff100000| Untracked 
|  50|0x00000000ff200000, 0x00000000ff200000, 0x00000000ff300000|  0%| F|  |TAMS 0x00000000ff200000, 0x00000000ff200000| Untracked 
|  51|0x00000000ff300000, 0x00000000ff300000, 0x00000000ff400000|  0%| F|  |TAMS 0x00000000ff300000, 0x00000000ff300000| Untracked 
|  52|0x00000000ff400000, 0x00000000ff400000, 0x00000000ff500000|  0%| F|  |TAMS 0x00000000ff400000, 0x00000000ff400000| Untracked 
|  53|0x00000000ff500000, 0x00000000ff500000, 0x00000000ff600000|  0%| F|  |TAMS 0x00000000ff500000, 0x00000000ff500000| Untracked 
|  54|0x00000000ff600000, 0x00000000ff600000, 0x00000000ff700000|  0%| F|  |TAMS 0x00000000ff600000, 0x00000000ff600000| Untracked 
|  55|0x00000000ff700000, 0x00000000ff700000, 0x00000000ff800000|  0%| F|  |TAMS 0x00000000ff700000, 0x00000000ff700000| Untracked 
|  56|0x00000000ff800000, 0x00000000ff800000, 0x00000000ff900000|  0%| F|  |TAMS 0x00000000ff800000, 0x00000000ff800000| Untracked 
|  57|0x00000000ff900000, 0x00000000ff900000, 0x00000000ffa00000|  0%| F|  |TAMS 0x00000000ff900000, 0x00000000ff900000| Untracked 
|  58|0x00000000ffa00000, 0x00000000ffa00000, 0x00000000ffb00000|  0%| F|  |TAMS 0x00000000ffa00000, 0x00000000ffa00000| Untracked 
|  59|0x00000000ffb00000, 0x00000000ffb00000, 0x00000000ffc00000|  0%| F|  |TAMS 0x00000000ffb00000, 0x00000000ffb00000| Untracked 
|  60|0x00000000ffc00000, 0x00000000ffc00000, 0x00000000ffd00000|  0%| F|  |TAMS 0x00000000ffc00000, 0x00000000ffc00000| Untracked 
|  61|0x00000000ffd00000, 0x00000000ffdfd500, 0x00000000ffe00000| 98%| E|  |TAMS 0x00000000ffd00000, 0x00000000ffd00000| Complete 
|  62|0x00000000ffe00000, 0x00000000fff00000, 0x00000000fff00000|100%| E|CS|TAMS 0x00000000ffe00000, 0x00000000ffe00000| Complete 
|  63|0x00000000fff00000, 0x0000000100000000, 0x0000000100000000|100%| E|CS|TAMS 0x00000000fff00000, 0x00000000fff00000| Complete 

Card table byte_map: [0x000001e337ae0000,0x000001e337b00000] _byte_map_base: 0x000001e337300000

Marking Bits (Prev, Next): (CMBitMap*) 0x000001e339b1beb8, (CMBitMap*) 0x000001e339b1bef0
 Prev Bits: [0x000001e350500000, 0x000001e350600000)
 Next Bits: [0x000001e350600000, 0x000001e350700000)

Polling page: 0x000001e337a90000

Metaspace:

Usage:
  Non-class:     14.65 MB capacity,    14.45 MB ( 99%) used,   183.35 KB (  1%) free+waste,    25.06 KB ( <1%) overhead. 
      Class:      2.02 MB capacity,     1.88 MB ( 93%) used,   122.66 KB (  6%) free+waste,    12.94 KB ( <1%) overhead. 
       Both:     16.67 MB capacity,    16.33 MB ( 98%) used,   306.02 KB (  2%) free+waste,    38.00 KB ( <1%) overhead. 

Virtual space:
  Non-class space:       16.00 MB reserved,      14.75 MB ( 92%) committed 
      Class space:        1.00 GB reserved,       2.13 MB ( <1%) committed 
             Both:        1.02 GB reserved,      16.88 MB (  2%) committed 

Chunk freelists:
   Non-Class:  4.38 KB
       Class:  1.88 KB
        Both:  6.25 KB

CodeHeap 'non-profiled nmethods': size=120000Kb used=550Kb max_used=550Kb free=119449Kb
 bounds [0x000001e348ca0000, 0x000001e348f10000, 0x000001e3501d0000]
CodeHeap 'profiled nmethods': size=120000Kb used=2849Kb max_used=2849Kb free=117151Kb
 bounds [0x000001e341770000, 0x000001e341a40000, 0x000001e348ca0000]
CodeHeap 'non-nmethods': size=5760Kb used=1110Kb max_used=1123Kb free=4649Kb
 bounds [0x000001e3411d0000, 0x000001e341440000, 0x000001e341770000]
 total_blobs=1927 nmethods=1492 adapters=347
 compilation: enabled
              stopped_count=0, restarted_count=0
 full_count=0

Compilation events (10 events):
Event: 34.196 Thread 0x000001e35395f800 nmethod 1487 0x000001e341a2d090 code [0x000001e341a2d380, 0x000001e341a2e668]
Event: 34.200 Thread 0x000001e35395f800 1489       3       java.lang.invoke.InnerClassLambdaMetafactory::getOpcodeOffset (38 bytes)
Event: 34.201 Thread 0x000001e35395f800 nmethod 1489 0x000001e341a2ec10 code [0x000001e341a2edc0, 0x000001e341a2f038]
Event: 34.204 Thread 0x000001e35395f800 1490       3       org.gradle.internal.logging.sink.OutputEventTransformer::onOutput (369 bytes)
Event: 34.208 Thread 0x000001e35395f800 nmethod 1490 0x000001e341a2f110 code [0x000001e341a2f560, 0x000001e341a32508]
Event: 34.208 Thread 0x000001e35395f800 1491   !   3       org.gradle.internal.logging.sink.OutputEventTransformer::invokeListener (28 bytes)
Event: 34.208 Thread 0x000001e35395f800 nmethod 1491 0x000001e341a32e90 code [0x000001e341a33040, 0x000001e341a333a8]
Event: 34.208 Thread 0x000001e35395f800 1492   !   3       com.sun.proxy.$Proxy0::onOutput (34 bytes)
Event: 34.208 Thread 0x000001e35395f800 nmethod 1492 0x000001e341a33510 code [0x000001e341a336e0, 0x000001e341a33bd8]
Event: 34.208 Thread 0x000001e35395f800 1493       3       org.gradle.internal.dispatch.ProxyDispatchAdapter$DispatchingInvocationHandler::invoke (184 bytes)

GC Heap History (4 events):
Event: 1.645 GC heap before
{Heap before GC invocations=0 (full 0):
 garbage-first heap   total 65536K, used 27648K [0x00000000fc000000, 0x0000000100000000)
  region size 1024K, 24 young (24576K), 0 survivors (0K)
 Metaspace       used 9711K, capacity 9949K, committed 10112K, reserved 1058816K
  class space    used 974K, capacity 1064K, committed 1152K, reserved 1048576K
}
Event: 1.660 GC heap after
{Heap after GC invocations=1 (full 0):
 garbage-first heap   total 65536K, used 10551K [0x00000000fc000000, 0x0000000100000000)
  region size 1024K, 3 young (3072K), 3 survivors (3072K)
 Metaspace       used 9711K, capacity 9949K, committed 10112K, reserved 1058816K
  class space    used 974K, capacity 1064K, committed 1152K, reserved 1048576K
}
Event: 4.248 GC heap before
{Heap before GC invocations=1 (full 0):
 garbage-first heap   total 65536K, used 36151K [0x00000000fc000000, 0x0000000100000000)
  region size 1024K, 28 young (28672K), 3 survivors (3072K)
 Metaspace       used 15979K, capacity 16326K, committed 16640K, reserved 1064960K
  class space    used 1854K, capacity 1986K, committed 2048K, reserved 1048576K
}
Event: 4.260 GC heap after
{Heap after GC invocations=2 (full 0):
 garbage-first heap   total 65536K, used 11846K [0x00000000fc000000, 0x0000000100000000)
  region size 1024K, 2 young (2048K), 2 survivors (2048K)
 Metaspace       used 15979K, capacity 16326K, committed 16640K, reserved 1064960K
  class space    used 1854K, capacity 1986K, committed 2048K, reserved 1048576K
}

Deoptimization events (10 events):
Event: 1.727 Thread 0x000001e339b00000 Uncommon trap: reason=class_check action=maybe_recompile pc=0x000001e348cbad44 method=java.util.regex.Matcher.match(II)Z @ 121 c2
Event: 1.748 Thread 0x000001e339b00000 Uncommon trap: reason=unstable_if action=reinterpret pc=0x000001e348ce30a4 method=java.util.HashMap.hash(Ljava/lang/Object;)I @ 1 c2
Event: 1.854 Thread 0x000001e339b00000 Uncommon trap: reason=unstable_if action=reinterpret pc=0x000001e348ceb334 method=java.lang.String.startsWith(Ljava/lang/String;I)Z @ 14 c2
Event: 2.042 Thread 0x000001e339b00000 Uncommon trap: reason=unstable_if action=reinterpret pc=0x000001e348cbe2cc method=java.io.WinNTFileSystem.resolve(Ljava/lang/String;Ljava/lang/String;)Ljava/lang/String; @ 70 c2
Event: 2.180 Thread 0x000001e339b00000 Uncommon trap: reason=unstable_if action=reinterpret pc=0x000001e348d02854 method=java.util.HashMap.getNode(ILjava/lang/Object;)Ljava/util/HashMap$Node; @ 129 c2
Event: 2.180 Thread 0x000001e339b00000 Uncommon trap: reason=bimorphic_or_optimized_type_check action=maybe_recompile pc=0x000001e348ce7880 method=java.util.HashMap.putVal(ILjava/lang/Object;Ljava/lang/Object;ZZ)Ljava/lang/Object; @ 203 c2
Event: 2.543 Thread 0x000001e339b00000 Uncommon trap: reason=unstable_if action=reinterpret pc=0x000001e348cd6b14 method=java.util.HashMap.getNode(ILjava/lang/Object;)Ljava/util/HashMap$Node; @ 129 c2
Event: 2.543 Thread 0x000001e339b00000 Uncommon trap: reason=bimorphic_or_optimized_type_check action=maybe_recompile pc=0x000001e348ce7880 method=java.util.HashMap.putVal(ILjava/lang/Object;Ljava/lang/Object;ZZ)Ljava/lang/Object; @ 203 c2
Event: 4.121 Thread 0x000001e339b00000 Uncommon trap: reason=unstable_if action=reinterpret pc=0x000001e348cd0d10 method=java.lang.AbstractStringBuilder.append(Ljava/lang/String;)Ljava/lang/AbstractStringBuilder; @ 1 c2
Event: 4.121 Thread 0x000001e339b00000 Uncommon trap: reason=unstable_if action=reinterpret pc=0x000001e348ce8be4 method=java.lang.AbstractStringBuilder.append(Ljava/lang/String;)Ljava/lang/AbstractStringBuilder; @ 1 c2

Classes redefined (0 events):
No events

Internal exceptions (10 events):
Event: 2.449 Thread 0x000001e339b00000 Exception <a 'java/lang/NoSuchMethodError'{0x00000000fee22208}: java.lang.invoke.DirectMethodHandle$Holder.invokeVirtual(Ljava/lang/Object;Ljava/lang/Object;Ljava/lang/Object;)I> (0x00000000fee22208) thrown at [./open/src/hotspot/share/interpreter/linkRes
Event: 2.462 Thread 0x000001e339b00000 Exception <a 'java/lang/NoSuchMethodError'{0x00000000fee78948}: java.lang.invoke.DirectMethodHandle$Holder.invokeVirtual(Ljava/lang/Object;Ljava/lang/Object;Ljava/lang/Object;)Ljava/lang/Object;> (0x00000000fee78948) thrown at [./open/src/hotspot/share/in
Event: 2.583 Thread 0x000001e339b00000 Exception <a 'java/lang/NoSuchMethodError'{0x00000000fea23500}: java.lang.invoke.DirectMethodHandle$Holder.invokeStaticInit(Ljava/lang/Object;IIII)Ljava/lang/Object;> (0x00000000fea23500) thrown at [./open/src/hotspot/share/interpreter/linkResolver.cpp, l
Event: 3.236 Thread 0x000001e339b00000 Exception <a 'java/lang/NoSuchMethodError'{0x00000000fea9b608}: java.lang.invoke.DirectMethodHandle$Holder.invokeStaticInit(Ljava/lang/Object;Ljava/lang/Object;IIII)Ljava/lang/Object;> (0x00000000fea9b608) thrown at [./open/src/hotspot/share/interpreter/l
Event: 4.117 Thread 0x000001e339b00000 Exception <a 'java/lang/NoSuchMethodError'{0x00000000fe977cb0}: java.lang.invoke.DirectMethodHandle$Holder.invokeSpecial(Ljava/lang/Object;Ljava/lang/Object;)V> (0x00000000fe977cb0) thrown at [./open/src/hotspot/share/interpreter/linkResolver.cpp, line 77
Event: 4.120 Thread 0x000001e339b00000 Implicit null exception at 0x000001e348cd07f4 to 0x000001e348cd0cf8
Event: 4.121 Thread 0x000001e339b00000 Implicit null exception at 0x000001e348ce86f4 to 0x000001e348ce8bcc
Event: 34.175 Thread 0x000001e339b00000 Exception <a 'java/io/IOException'{0x00000000fff4fde0}> (0x00000000fff4fde0) thrown at [./open/src/hotspot/share/prims/jni.cpp, line 611]
Event: 34.176 Thread 0x000001e353e3d800 Exception <a 'java/io/IOException'{0x00000000fff7f708}> (0x00000000fff7f708) thrown at [./open/src/hotspot/share/prims/jni.cpp, line 611]
Event: 34.197 Thread 0x000001e339b00000 Exception <a 'java/lang/NoSuchMethodError'{0x00000000ffd17e10}: java.lang.invoke.DirectMethodHandle$Holder.invokeStatic(Ljava/lang/Object;ILjava/lang/Object;)V> (0x00000000ffd17e10) thrown at [./open/src/hotspot/share/interpreter/linkResolver.cpp, line 77

Events (10 events):
Event: 34.200 loading class org/gradle/internal/logging/text/StyledTextOutput
Event: 34.200 loading class org/gradle/internal/logging/text/StyledTextOutput done
Event: 34.201 loading class org/gradle/internal/logging/text/StyledTextOutput
Event: 34.201 loading class org/gradle/internal/logging/text/StyledTextOutput done
Event: 34.201 loading class org/gradle/internal/buildevents/BuildExceptionReporter
Event: 34.201 loading class org/gradle/internal/buildevents/BuildExceptionReporter done
Event: 34.202 loading class org/gradle/internal/exceptions/ContextAwareException
Event: 34.202 loading class org/gradle/internal/exceptions/ContextAwareException done
Event: 34.203 loading class org/gradle/internal/exceptions/StyledException
Event: 34.203 loading class org/gradle/internal/exceptions/StyledException done


Dynamic libraries:
0x00007ff7d92a0000 - 0x00007ff7d92af000 	C:\Program Files\Java\jdk-11.0.17\bin\java.exe
0x00007ffc6fc50000 - 0x00007ffc6fe48000 	C:\WINDOWS\SYSTEM32\ntdll.dll
0x00007ffc6e1c0000 - 0x00007ffc6e27d000 	C:\WINDOWS\System32\KERNEL32.DLL
0x00007ffc6d650000 - 0x00007ffc6d946000 	C:\WINDOWS\System32\KERNELBASE.dll
0x00007ffc6dad0000 - 0x00007ffc6dbd0000 	C:\WINDOWS\System32\ucrtbase.dll
0x00007ffc661f0000 - 0x00007ffc66205000 	C:\Program Files\Java\jdk-11.0.17\bin\VCRUNTIME140.dll
0x00007ffc66bc0000 - 0x00007ffc66bd8000 	C:\Program Files\Java\jdk-11.0.17\bin\jli.dll
0x00007ffc6e740000 - 0x00007ffc6e7f0000 	C:\WINDOWS\System32\ADVAPI32.dll
0x00007ffc6fb70000 - 0x00007ffc6fc0e000 	C:\WINDOWS\System32\msvcrt.dll
0x00007ffc6df20000 - 0x00007ffc6dfc0000 	C:\WINDOWS\System32\sechost.dll
0x00007ffc6dfc0000 - 0x00007ffc6e0e3000 	C:\WINDOWS\System32\RPCRT4.dll
0x00007ffc6d950000 - 0x00007ffc6d977000 	C:\WINDOWS\System32\bcrypt.dll
0x00007ffc6e470000 - 0x00007ffc6e60f000 	C:\WINDOWS\System32\USER32.dll
0x00007ffc6daa0000 - 0x00007ffc6dac2000 	C:\WINDOWS\System32\win32u.dll
0x00007ffc55f50000 - 0x00007ffc561ea000 	C:\WINDOWS\WinSxS\amd64_microsoft.windows.common-controls_6595b64144ccf1df_6.0.19041.3636_none_60b6a03d71f818d5\COMCTL32.dll
0x00007ffc6f0b0000 - 0x00007ffc6f0db000 	C:\WINDOWS\System32\GDI32.dll
0x00007ffc6d980000 - 0x00007ffc6da97000 	C:\WINDOWS\System32\gdi32full.dll
0x00007ffc6d300000 - 0x00007ffc6d39d000 	C:\WINDOWS\System32\msvcp_win.dll
0x00007ffc649d0000 - 0x00007ffc649da000 	C:\WINDOWS\SYSTEM32\VERSION.dll
0x00007ffc6fb30000 - 0x00007ffc6fb62000 	C:\WINDOWS\System32\IMM32.DLL
0x00007ffc4b7d0000 - 0x00007ffc4b86b000 	C:\Program Files\Java\jdk-11.0.17\bin\msvcp140.dll
0x00007ffc31030000 - 0x00007ffc31b4a000 	C:\Program Files\Java\jdk-11.0.17\bin\server\jvm.dll
0x00007ffc6f0e0000 - 0x00007ffc6f0e8000 	C:\WINDOWS\System32\PSAPI.DLL
0x00007ffc65fb0000 - 0x00007ffc65fb9000 	C:\WINDOWS\SYSTEM32\WSOCK32.dll
0x00007ffc530c0000 - 0x00007ffc530e7000 	C:\WINDOWS\SYSTEM32\WINMM.dll
0x00007ffc6f030000 - 0x00007ffc6f09b000 	C:\WINDOWS\System32\WS2_32.dll
0x00007ffc6bae0000 - 0x00007ffc6baf2000 	C:\WINDOWS\SYSTEM32\kernel.appcore.dll
0x00007ffc68760000 - 0x00007ffc68770000 	C:\Program Files\Java\jdk-11.0.17\bin\verify.dll
0x00007ffc6afd0000 - 0x00007ffc6b1b4000 	C:\WINDOWS\SYSTEM32\DBGHELP.DLL
0x00007ffc653f0000 - 0x00007ffc65424000 	C:\WINDOWS\SYSTEM32\dbgcore.DLL
0x00007ffc6d3a0000 - 0x00007ffc6d422000 	C:\WINDOWS\System32\bcryptPrimitives.dll
0x00007ffc661b0000 - 0x00007ffc661d8000 	C:\Program Files\Java\jdk-11.0.17\bin\java.dll
0x00007ffc680c0000 - 0x00007ffc680ca000 	C:\Program Files\Java\jdk-11.0.17\bin\jimage.dll
0x00007ffc66160000 - 0x00007ffc66176000 	C:\Program Files\Java\jdk-11.0.17\bin\zip.dll
0x00007ffc6f1a0000 - 0x00007ffc6f90b000 	C:\WINDOWS\System32\SHELL32.dll
0x00007ffc6b2f0000 - 0x00007ffc6ba8e000 	C:\WINDOWS\SYSTEM32\windows.storage.dll
0x00007ffc6e7f0000 - 0x00007ffc6eb43000 	C:\WINDOWS\System32\combase.dll
0x00007ffc6ccc0000 - 0x00007ffc6ccee000 	C:\WINDOWS\SYSTEM32\Wldp.dll
0x00007ffc6e0f0000 - 0x00007ffc6e1bd000 	C:\WINDOWS\System32\OLEAUT32.dll
0x00007ffc6f0f0000 - 0x00007ffc6f19d000 	C:\WINDOWS\System32\SHCORE.dll
0x00007ffc6efc0000 - 0x00007ffc6f015000 	C:\WINDOWS\System32\shlwapi.dll
0x00007ffc6d230000 - 0x00007ffc6d253000 	C:\WINDOWS\SYSTEM32\profapi.dll
0x00007ffc65f30000 - 0x00007ffc65f49000 	C:\Program Files\Java\jdk-11.0.17\bin\net.dll
0x00007ffc649e0000 - 0x00007ffc64aea000 	C:\WINDOWS\SYSTEM32\WINHTTP.dll
0x00007ffc6c9c0000 - 0x00007ffc6ca2a000 	C:\WINDOWS\system32\mswsock.dll
0x00007ffc65eb0000 - 0x00007ffc65ec2000 	C:\Program Files\Java\jdk-11.0.17\bin\nio.dll
0x00007ffc66210000 - 0x00007ffc66237000 	C:\Users\marko\.gradle\native\c067742578af261105cb4f569cf0c3c89f3d7b1fecec35dd04571415982c5e48\windows-amd64\native-platform.dll
0x00007ffc66000000 - 0x00007ffc6600a000 	C:\Users\marko\.gradle\native\jansi\1.18\windows64\jansi.dll
0x00007ffc68060000 - 0x00007ffc68069000 	C:\Program Files\Java\jdk-11.0.17\bin\management.dll
0x00007ffc676c0000 - 0x00007ffc676cb000 	C:\Program Files\Java\jdk-11.0.17\bin\management_ext.dll
0x00007ffc6cbc0000 - 0x00007ffc6cbd8000 	C:\WINDOWS\SYSTEM32\CRYPTSP.dll
0x00007ffc6c2a0000 - 0x00007ffc6c2d4000 	C:\WINDOWS\system32\rsaenh.dll
0x00007ffc6d1f0000 - 0x00007ffc6d21e000 	C:\WINDOWS\SYSTEM32\USERENV.dll
0x00007ffc6cbb0000 - 0x00007ffc6cbbc000 	C:\WINDOWS\SYSTEM32\CRYPTBASE.dll
0x00007ffc6c680000 - 0x00007ffc6c6bb000 	C:\WINDOWS\SYSTEM32\IPHLPAPI.DLL
0x00007ffc6f020000 - 0x00007ffc6f028000 	C:\WINDOWS\System32\NSI.dll
0x00007ffc667e0000 - 0x00007ffc667f7000 	C:\WINDOWS\SYSTEM32\dhcpcsvc6.DLL
0x00007ffc667c0000 - 0x00007ffc667dd000 	C:\WINDOWS\SYSTEM32\dhcpcsvc.DLL
0x00007ffc6c6c0000 - 0x00007ffc6c78b000 	C:\WINDOWS\SYSTEM32\DNSAPI.dll

dbghelp: loaded successfully - version: 4.0.5 - missing functions: none
symbol engine: initialized successfully - sym options: 0x614 - pdb path: .;C:\Program Files\Java\jdk-11.0.17\bin;C:\WINDOWS\SYSTEM32;C:\WINDOWS\WinSxS\amd64_microsoft.windows.common-controls_6595b64144ccf1df_6.0.19041.3636_none_60b6a03d71f818d5;C:\Program Files\Java\jdk-11.0.17\bin\server;C:\Users\marko\.gradle\native\c067742578af261105cb4f569cf0c3c89f3d7b1fecec35dd04571415982c5e48\windows-amd64;C:\Users\marko\.gradle\native\jansi\1.18\windows64

VM Arguments:
jvm_args: -Xmx64m -Xms64m -Dorg.gradle.appname=gradlew 
java_command: org.gradle.wrapper.GradleWrapperMain run
java_class_path (initial): C:\Users\marko\Desktop\ISS_24\issLab24\robotCleaner24\\gradle\wrapper\gradle-wrapper.jar
Launcher Type: SUN_STANDARD

[Global flags]
     intx CICompilerCount                          = 4                                         {product} {ergonomic}
     uint ConcGCThreads                            = 2                                         {product} {ergonomic}
     uint G1ConcRefinementThreads                  = 8                                         {product} {ergonomic}
   size_t G1HeapRegionSize                         = 1048576                                   {product} {ergonomic}
    uintx GCDrainStackTargetSize                   = 64                                        {product} {ergonomic}
   size_t InitialHeapSize                          = 67108864                                  {product} {command line}
   size_t MarkStackSize                            = 4194304                                   {product} {ergonomic}
   size_t MaxHeapSize                              = 67108864                                  {product} {command line}
   size_t MaxNewSize                               = 39845888                                  {product} {ergonomic}
   size_t MinHeapDeltaBytes                        = 1048576                                   {product} {ergonomic}
    uintx NonNMethodCodeHeapSize                   = 5836300                                {pd product} {ergonomic}
    uintx NonProfiledCodeHeapSize                  = 122910970                              {pd product} {ergonomic}
    uintx ProfiledCodeHeapSize                     = 122910970                              {pd product} {ergonomic}
    uintx ReservedCodeCacheSize                    = 251658240                              {pd product} {ergonomic}
     bool SegmentedCodeCache                       = true                                      {product} {ergonomic}
     bool UseCompressedClassPointers               = true                                 {lp64_product} {ergonomic}
     bool UseCompressedOops                        = true                                 {lp64_product} {ergonomic}
     bool UseG1GC                                  = true                                      {product} {ergonomic}
     bool UseLargePagesIndividualAllocation        = false                                  {pd product} {ergonomic}

Logging:
Log output configuration:
 #0: stdout all=warning uptime,level,tags
 #1: stderr all=off uptime,level,tags

Environment Variables:
JAVA_HOME=C:\Program Files\Java\jdk-11.0.17
CLASSPATH=C:\Users\marko\Desktop\ISS_24\issLab24\robotCleaner24\\gradle\wrapper\gradle-wrapper.jar
PATH=C:\Program Files\Java\jdk-11.0.17\bin;C:\Gradle\gradle-8.6\bin;C:\Program Files\Python310\Scripts\;C:\Program Files\Python310\;C:\Program Files\Common Files\Oracle\Java\javapath;C:\Program Files (x86)\Common Files\Oracle\Java\javapath;C:\Program Files (x86)\Razer Chroma SDK\bin;C:\Program Files\Razer Chroma SDK\bin;C:\Program Files (x86)\Razer\ChromaBroadcast\bin;C:\Program Files\Razer\ChromaBroadcast\bin;C:\Program Files (x86)\Intel\Intel(R) Management Engine Components\iCLS\;C:\Program Files\Intel\Intel(R) Management Engine Components\iCLS\;C:\WINDOWS\system32;C:\WINDOWS;C:\WINDOWS\System32\Wbem;C:\WINDOWS\System32\WindowsPowerShell\v1.0\;C:\Program Files (x86)\Intel\Intel(R) Management Engine Components\DAL;C:\Program Files\Intel\Intel(R) Management Engine Components\DAL;C:\Program Files (x86)\Intel\Intel(R) Management Engine Components\IPT;C:\Program Files\Intel\Intel(R) Management Engine Components\IPT;C:\WINDOWS\System32\OpenSSH\;C:\WINDOWS\system32\config\systemprofile\AppData\Local\Microsoft\WindowsApps;C:\WINDOWS\system32;C:\WINDOWS;C:\WINDOWS\System32\Wbem;C:\WINDOWS\System32\WindowsPowerShell\v1.0\;C:\WINDOWS\System32\OpenSSH\;C:\Users\marko\AppData\Roaming\nvm;C:\Program Files\nodejs;C:\Program Files\Git\cmd;C:\Program Files\Git LFS;C:\Users\marko\AppData\Roaming\Python\Python310\Scripts;C:\Program Files\Docker\Docker\resources\bin;C:\Program Files\nodejs\;C:\Program Files\Graphviz\bin;C:\Users\marko\AppData\Local\Programs\Microsoft VS Code\bin;C:\Users\marko\AppData\Local\Microsoft\WindowsApps;C:\Users\marko\AppData\Roaming\nvm;C:\Program Files\nodejs;C:\Users\marko\AppData\Roaming\Python\Python310\Scripts;C:\Users\marko\Desktop\antlr;;C:\Users\marko\AppData\Local\JetBrains\IntelliJ IDEA Community Edition 2022.3.2\bin;;C:\Users\marko\AppData\Roaming\npm
USERNAME=marko
OS=Windows_NT
PROCESSOR_IDENTIFIER=Intel64 Family 6 Model 142 Stepping 10, GenuineIntel



---------------  S Y S T E M  ---------------

OS: Windows 10 , 64 bit Build 19041 (10.0.19041.3636)
Hyper-V role detected

CPU:total 8 (initial active 8) (4 cores per cpu, 2 threads per core) family 6 model 142 stepping 10 microcode 0xb4, cmov, cx8, fxsr, mmx, sse, sse2, sse3, ssse3, sse4.1, sse4.2, popcnt, avx, avx2, aes, clmul, erms, 3dnowpref, lzcnt, ht, tsc, tscinvbit, bmi1, bmi2, adx, fma

Memory: 4k page, system-wide physical 8058M (902M free)
TotalPageFile size 8058M (AvailPageFile size 570M)
current process WorkingSet (physical memory assigned to process): 96M, peak: 110M
current process commit charge ("private bytes"): 162M, peak: 177M

vm_info: Java HotSpot(TM) 64-Bit Server VM (11.0.17+10-LTS-269) for windows-amd64 JRE (11.0.17+10-LTS-269), built on Sep 13 2022 19:26:37 by "mach5one" with MS VC++ 15.9 (VS2017)

END.
