#
# There is insufficient memory for the Java Runtime Environment to continue.
# Native memory allocation (malloc) failed to allocate 104016 bytes for Chunk::new
# Possible reasons:
#   The system is out of physical RAM or swap space
#   The process is running with CompressedOops enabled, and the Java Heap may be blocking the growth of the native heap
# Possible solutions:
#   Reduce memory load on the system
#   Increase physical memory or swap space
#   Check if swap backing store is full
#   Decrease Java heap size (-Xmx/-Xms)
#   Decrease number of Java threads
#   Decrease Java thread stack sizes (-Xss)
#   Set larger code cache with -XX:ReservedCodeCacheSize=
#   JVM is running with Unscaled Compressed Oops mode in which the Java heap is
#     placed in the first 4GB address space. The Java Heap base address is the
#     maximum limit for the native heap growth. Please use -XX:HeapBaseMinAddress
#     to set the Java Heap base and to place the Java Heap above 4GB virtual address.
# This output file may be truncated or incomplete.
#
#  Out of Memory Error (./open/src/hotspot/share/memory/arena.cpp:197), pid=17236, tid=7032
#
# JRE version: Java(TM) SE Runtime Environment 18.9 (11.0.17+10) (build 11.0.17+10-LTS-269)
# Java VM: Java HotSpot(TM) 64-Bit Server VM 18.9 (11.0.17+10-LTS-269, mixed mode, tiered, compressed oops, g1 gc, windows-amd64)
# No core dump will be written. Minidumps are not enabled by default on client versions of Windows
#

---------------  S U M M A R Y ------------

Command Line: -Xmx64m -Xms64m -Dorg.gradle.appname=gradlew org.gradle.wrapper.GradleWrapperMain eclipse

Host: Intel(R) Core(TM) i5-8250U CPU @ 1.60GHz, 8 cores, 7G,  Windows 10 , 64 bit Build 19041 (10.0.19041.3636)
Time: Tue Apr 23 10:02:33 2024 ora legale Europa occidentale elapsed time: 5.690699 seconds (0d 0h 0m 5s)

---------------  T H R E A D  ---------------

Current thread (0x0000020ebdb4b000):  JavaThread "C2 CompilerThread0" daemon [_thread_in_native, id=7032, stack(0x00000055cbb00000,0x00000055cbc00000)]


Current CompileTask:
C2:   5690 1442       4       java.lang.AbstractStringBuilder::append (45 bytes)

Stack: [0x00000055cbb00000,0x00000055cbc00000]
Native frames: (J=compiled Java code, j=interpreted, Vv=VM code, C=native code)
V  [jvm.dll+0x62b5da]
V  [jvm.dll+0x7653df]
V  [jvm.dll+0x766a89]
V  [jvm.dll+0x767113]
V  [jvm.dll+0x23dd28]
V  [jvm.dll+0xb2a1c]
V  [jvm.dll+0xb2fdc]
V  [jvm.dll+0x341552]
V  [jvm.dll+0x30ef13]
V  [jvm.dll+0x30e25a]
V  [jvm.dll+0x1f8733]
V  [jvm.dll+0x1f78fd]
V  [jvm.dll+0x177c91]
V  [jvm.dll+0x207296]
V  [jvm.dll+0x20542b]
V  [jvm.dll+0x72b2c0]
V  [jvm.dll+0x723e64]
V  [jvm.dll+0x62a485]
C  [ucrtbase.dll+0x21bb2]
C  [KERNEL32.DLL+0x17344]
C  [ntdll.dll+0x526b1]


---------------  P R O C E S S  ---------------

Threads class SMR info:
_java_thread_list=0x0000020ebdfeb1f0, length=11, elements={
0x0000020ea1d73800, 0x0000020ebdae1800, 0x0000020ebdae2800, 0x0000020ebdb41800,
0x0000020ebdb43800, 0x0000020ebdb45000, 0x0000020ebdb4b000, 0x0000020ebdb4c800,
0x0000020ebdb4f800, 0x0000020ebde11000, 0x0000020ebf4c4000
}

Java Threads: ( => current thread )
  0x0000020ea1d73800 JavaThread "main" [_thread_blocked, id=15120, stack(0x00000055caf00000,0x00000055cb000000)]
  0x0000020ebdae1800 JavaThread "Reference Handler" daemon [_thread_blocked, id=13364, stack(0x00000055cb600000,0x00000055cb700000)]
  0x0000020ebdae2800 JavaThread "Finalizer" daemon [_thread_blocked, id=8120, stack(0x00000055cb700000,0x00000055cb800000)]
  0x0000020ebdb41800 JavaThread "Signal Dispatcher" daemon [_thread_blocked, id=10080, stack(0x00000055cb800000,0x00000055cb900000)]
  0x0000020ebdb43800 JavaThread "Attach Listener" daemon [_thread_blocked, id=8836, stack(0x00000055cb900000,0x00000055cba00000)]
  0x0000020ebdb45000 JavaThread "Service Thread" daemon [_thread_blocked, id=14556, stack(0x00000055cba00000,0x00000055cbb00000)]
=>0x0000020ebdb4b000 JavaThread "C2 CompilerThread0" daemon [_thread_in_native, id=7032, stack(0x00000055cbb00000,0x00000055cbc00000)]
  0x0000020ebdb4c800 JavaThread "C1 CompilerThread0" daemon [_thread_blocked, id=17012, stack(0x00000055cbc00000,0x00000055cbd00000)]
  0x0000020ebdb4f800 JavaThread "Sweeper thread" daemon [_thread_blocked, id=14136, stack(0x00000055cbd00000,0x00000055cbe00000)]
  0x0000020ebde11000 JavaThread "Common-Cleaner" daemon [_thread_blocked, id=14896, stack(0x00000055cbf00000,0x00000055cc000000)]
  0x0000020ebf4c4000 JavaThread "DisconnectableInputStream source reader" daemon [_thread_in_native, id=2644, stack(0x00000055cc200000,0x00000055cc300000)]

Other Threads:
  0x0000020ebdabf000 VMThread "VM Thread" [stack: 0x00000055cb500000,0x00000055cb600000] [id=8608]
  0x0000020ebde0b000 WatcherThread [stack: 0x00000055cbe00000,0x00000055cbf00000] [id=16440]
  0x0000020ea1d83800 GCTaskThread "GC Thread#0" [stack: 0x00000055cb000000,0x00000055cb100000] [id=2032]
  0x0000020ebeaa2800 GCTaskThread "GC Thread#1" [stack: 0x00000055cc100000,0x00000055cc200000] [id=7448]
  0x0000020ebe865000 GCTaskThread "GC Thread#2" [stack: 0x00000055cc400000,0x00000055cc500000] [id=7084]
  0x0000020ebef89800 GCTaskThread "GC Thread#3" [stack: 0x00000055cc500000,0x00000055cc600000] [id=1712]
  0x0000020ea1d8b000 ConcurrentGCThread "G1 Main Marker" [stack: 0x00000055cb100000,0x00000055cb200000] [id=3232]
  0x0000020ea1d8d800 ConcurrentGCThread "G1 Conc#0" [stack: 0x00000055cb200000,0x00000055cb300000] [id=8636]
  0x0000020ea1df7800 ConcurrentGCThread "G1 Refine#0" [stack: 0x00000055cb300000,0x00000055cb400000] [id=14436]
  0x0000020ea1df8800 ConcurrentGCThread "G1 Young RemSet Sampling" [stack: 0x00000055cb400000,0x00000055cb500000] [id=6444]

Threads with active compile tasks:
C2 CompilerThread0     5717 1442       4       java.lang.AbstractStringBuilder::append (45 bytes)

VM state:not at safepoint (normal execution)

VM Mutex/Monitor currently owned by a thread: None

Heap address: 0x00000000fc000000, size: 64 MB, Compressed Oops mode: 32-bit
Narrow klass base: 0x0000000000000000, Narrow klass shift: 3
Compressed class space size: 1073741824 Address: 0x0000000100000000

Heap:
 garbage-first heap   total 65536K, used 21139K [0x00000000fc000000, 0x0000000100000000)
  region size 1024K, 11 young (11264K), 2 survivors (2048K)
 Metaspace       used 17425K, capacity 17829K, committed 18048K, reserved 1064960K
  class space    used 2003K, capacity 2149K, committed 2176K, reserved 1048576K
Heap Regions: E=young(eden), S=young(survivor), O=old, HS=humongous(starts), HC=humongous(continues), CS=collection set, F=free, A=archive, TAMS=top-at-mark-start (previous, next)
|   0|0x00000000fc000000, 0x00000000fc100000, 0x00000000fc100000|100%|HS|  |TAMS 0x00000000fc000000, 0x00000000fc000000| Complete 
|   1|0x00000000fc100000, 0x00000000fc200000, 0x00000000fc200000|100%|HC|  |TAMS 0x00000000fc100000, 0x00000000fc100000| Complete 
|   2|0x00000000fc200000, 0x00000000fc300000, 0x00000000fc300000|100%|HC|  |TAMS 0x00000000fc200000, 0x00000000fc200000| Complete 
|   3|0x00000000fc300000, 0x00000000fc400000, 0x00000000fc400000|100%|HC|  |TAMS 0x00000000fc300000, 0x00000000fc300000| Complete 
|   4|0x00000000fc400000, 0x00000000fc500000, 0x00000000fc500000|100%| O|  |TAMS 0x00000000fc400000, 0x00000000fc400000| Untracked 
|   5|0x00000000fc500000, 0x00000000fc600000, 0x00000000fc600000|100%| O|  |TAMS 0x00000000fc500000, 0x00000000fc500000| Untracked 
|   6|0x00000000fc600000, 0x00000000fc700000, 0x00000000fc700000|100%| O|  |TAMS 0x00000000fc600000, 0x00000000fc600000| Untracked 
|   7|0x00000000fc700000, 0x00000000fc800000, 0x00000000fc800000|100%| O|  |TAMS 0x00000000fc700000, 0x00000000fc700000| Untracked 
|   8|0x00000000fc800000, 0x00000000fc900000, 0x00000000fc900000|100%| O|  |TAMS 0x00000000fc800000, 0x00000000fc800000| Untracked 
|   9|0x00000000fc900000, 0x00000000fca00000, 0x00000000fca00000|100%| O|  |TAMS 0x00000000fc900000, 0x00000000fc900000| Untracked 
|  10|0x00000000fca00000, 0x00000000fcabc800, 0x00000000fcb00000| 73%| O|  |TAMS 0x00000000fca00000, 0x00000000fca00000| Untracked 
|  11|0x00000000fcb00000, 0x00000000fcb00000, 0x00000000fcc00000|  0%| F|  |TAMS 0x00000000fcb00000, 0x00000000fcb00000| Untracked 
|  12|0x00000000fcc00000, 0x00000000fcc00000, 0x00000000fcd00000|  0%| F|  |TAMS 0x00000000fcc00000, 0x00000000fcc00000| Untracked 
|  13|0x00000000fcd00000, 0x00000000fcd00000, 0x00000000fce00000|  0%| F|  |TAMS 0x00000000fcd00000, 0x00000000fcd00000| Untracked 
|  14|0x00000000fce00000, 0x00000000fce00000, 0x00000000fcf00000|  0%| F|  |TAMS 0x00000000fce00000, 0x00000000fce00000| Untracked 
|  15|0x00000000fcf00000, 0x00000000fcf00000, 0x00000000fd000000|  0%| F|  |TAMS 0x00000000fcf00000, 0x00000000fcf00000| Untracked 
|  16|0x00000000fd000000, 0x00000000fd000000, 0x00000000fd100000|  0%| F|  |TAMS 0x00000000fd000000, 0x00000000fd000000| Untracked 
|  17|0x00000000fd100000, 0x00000000fd100000, 0x00000000fd200000|  0%| F|  |TAMS 0x00000000fd100000, 0x00000000fd100000| Untracked 
|  18|0x00000000fd200000, 0x00000000fd200000, 0x00000000fd300000|  0%| F|  |TAMS 0x00000000fd200000, 0x00000000fd200000| Untracked 
|  19|0x00000000fd300000, 0x00000000fd300000, 0x00000000fd400000|  0%| F|  |TAMS 0x00000000fd300000, 0x00000000fd300000| Untracked 
|  20|0x00000000fd400000, 0x00000000fd400000, 0x00000000fd500000|  0%| F|  |TAMS 0x00000000fd400000, 0x00000000fd400000| Untracked 
|  21|0x00000000fd500000, 0x00000000fd500000, 0x00000000fd600000|  0%| F|  |TAMS 0x00000000fd500000, 0x00000000fd500000| Untracked 
|  22|0x00000000fd600000, 0x00000000fd600000, 0x00000000fd700000|  0%| F|  |TAMS 0x00000000fd600000, 0x00000000fd600000| Untracked 
|  23|0x00000000fd700000, 0x00000000fd700000, 0x00000000fd800000|  0%| F|  |TAMS 0x00000000fd700000, 0x00000000fd700000| Untracked 
|  24|0x00000000fd800000, 0x00000000fd800000, 0x00000000fd900000|  0%| F|  |TAMS 0x00000000fd800000, 0x00000000fd800000| Untracked 
|  25|0x00000000fd900000, 0x00000000fd900000, 0x00000000fda00000|  0%| F|  |TAMS 0x00000000fd900000, 0x00000000fd900000| Untracked 
|  26|0x00000000fda00000, 0x00000000fda00000, 0x00000000fdb00000|  0%| F|  |TAMS 0x00000000fda00000, 0x00000000fda00000| Untracked 
|  27|0x00000000fdb00000, 0x00000000fdb00000, 0x00000000fdc00000|  0%| F|  |TAMS 0x00000000fdb00000, 0x00000000fdb00000| Untracked 
|  28|0x00000000fdc00000, 0x00000000fdc00000, 0x00000000fdd00000|  0%| F|  |TAMS 0x00000000fdc00000, 0x00000000fdc00000| Untracked 
|  29|0x00000000fdd00000, 0x00000000fdd00000, 0x00000000fde00000|  0%| F|  |TAMS 0x00000000fdd00000, 0x00000000fdd00000| Untracked 
|  30|0x00000000fde00000, 0x00000000fde00000, 0x00000000fdf00000|  0%| F|  |TAMS 0x00000000fde00000, 0x00000000fde00000| Untracked 
|  31|0x00000000fdf00000, 0x00000000fdf00000, 0x00000000fe000000|  0%| F|  |TAMS 0x00000000fdf00000, 0x00000000fdf00000| Untracked 
|  32|0x00000000fe000000, 0x00000000fe000000, 0x00000000fe100000|  0%| F|  |TAMS 0x00000000fe000000, 0x00000000fe000000| Untracked 
|  33|0x00000000fe100000, 0x00000000fe100000, 0x00000000fe200000|  0%| F|  |TAMS 0x00000000fe100000, 0x00000000fe100000| Untracked 
|  34|0x00000000fe200000, 0x00000000fe2e8680, 0x00000000fe300000| 90%| S|CS|TAMS 0x00000000fe200000, 0x00000000fe200000| Complete 
|  35|0x00000000fe300000, 0x00000000fe400000, 0x00000000fe400000|100%| S|CS|TAMS 0x00000000fe300000, 0x00000000fe300000| Complete 
|  36|0x00000000fe400000, 0x00000000fe400000, 0x00000000fe500000|  0%| F|  |TAMS 0x00000000fe400000, 0x00000000fe400000| Untracked 
|  37|0x00000000fe500000, 0x00000000fe500000, 0x00000000fe600000|  0%| F|  |TAMS 0x00000000fe500000, 0x00000000fe500000| Untracked 
|  38|0x00000000fe600000, 0x00000000fe600000, 0x00000000fe700000|  0%| F|  |TAMS 0x00000000fe600000, 0x00000000fe600000| Untracked 
|  39|0x00000000fe700000, 0x00000000fe700000, 0x00000000fe800000|  0%| F|  |TAMS 0x00000000fe700000, 0x00000000fe700000| Untracked 
|  40|0x00000000fe800000, 0x00000000fe800000, 0x00000000fe900000|  0%| F|  |TAMS 0x00000000fe800000, 0x00000000fe800000| Untracked 
|  41|0x00000000fe900000, 0x00000000fe900000, 0x00000000fea00000|  0%| F|  |TAMS 0x00000000fe900000, 0x00000000fe900000| Untracked 
|  42|0x00000000fea00000, 0x00000000fea00000, 0x00000000feb00000|  0%| F|  |TAMS 0x00000000fea00000, 0x00000000fea00000| Untracked 
|  43|0x00000000feb00000, 0x00000000feb00000, 0x00000000fec00000|  0%| F|  |TAMS 0x00000000feb00000, 0x00000000feb00000| Untracked 
|  44|0x00000000fec00000, 0x00000000fec00000, 0x00000000fed00000|  0%| F|  |TAMS 0x00000000fec00000, 0x00000000fec00000| Untracked 
|  45|0x00000000fed00000, 0x00000000fed00000, 0x00000000fee00000|  0%| F|  |TAMS 0x00000000fed00000, 0x00000000fed00000| Untracked 
|  46|0x00000000fee00000, 0x00000000fee00000, 0x00000000fef00000|  0%| F|  |TAMS 0x00000000fee00000, 0x00000000fee00000| Untracked 
|  47|0x00000000fef00000, 0x00000000fef00000, 0x00000000ff000000|  0%| F|  |TAMS 0x00000000fef00000, 0x00000000fef00000| Untracked 
|  48|0x00000000ff000000, 0x00000000ff000000, 0x00000000ff100000|  0%| F|  |TAMS 0x00000000ff000000, 0x00000000ff000000| Untracked 
|  49|0x00000000ff100000, 0x00000000ff100000, 0x00000000ff200000|  0%| F|  |TAMS 0x00000000ff100000, 0x00000000ff100000| Untracked 
|  50|0x00000000ff200000, 0x00000000ff200000, 0x00000000ff300000|  0%| F|  |TAMS 0x00000000ff200000, 0x00000000ff200000| Untracked 
|  51|0x00000000ff300000, 0x00000000ff300000, 0x00000000ff400000|  0%| F|  |TAMS 0x00000000ff300000, 0x00000000ff300000| Untracked 
|  52|0x00000000ff400000, 0x00000000ff400000, 0x00000000ff500000|  0%| F|  |TAMS 0x00000000ff400000, 0x00000000ff400000| Untracked 
|  53|0x00000000ff500000, 0x00000000ff500000, 0x00000000ff600000|  0%| F|  |TAMS 0x00000000ff500000, 0x00000000ff500000| Untracked 
|  54|0x00000000ff600000, 0x00000000ff600000, 0x00000000ff700000|  0%| F|  |TAMS 0x00000000ff600000, 0x00000000ff600000| Untracked 
|  55|0x00000000ff700000, 0x00000000ff740820, 0x00000000ff800000| 25%| E|  |TAMS 0x00000000ff700000, 0x00000000ff700000| Complete 
|  56|0x00000000ff800000, 0x00000000ff900000, 0x00000000ff900000|100%| E|CS|TAMS 0x00000000ff800000, 0x00000000ff800000| Complete 
|  57|0x00000000ff900000, 0x00000000ffa00000, 0x00000000ffa00000|100%| E|CS|TAMS 0x00000000ff900000, 0x00000000ff900000| Complete 
|  58|0x00000000ffa00000, 0x00000000ffb00000, 0x00000000ffb00000|100%| E|CS|TAMS 0x00000000ffa00000, 0x00000000ffa00000| Complete 
|  59|0x00000000ffb00000, 0x00000000ffc00000, 0x00000000ffc00000|100%| E|CS|TAMS 0x00000000ffb00000, 0x00000000ffb00000| Complete 
|  60|0x00000000ffc00000, 0x00000000ffd00000, 0x00000000ffd00000|100%| E|CS|TAMS 0x00000000ffc00000, 0x00000000ffc00000| Complete 
|  61|0x00000000ffd00000, 0x00000000ffe00000, 0x00000000ffe00000|100%| E|CS|TAMS 0x00000000ffd00000, 0x00000000ffd00000| Complete 
|  62|0x00000000ffe00000, 0x00000000fff00000, 0x00000000fff00000|100%| E|CS|TAMS 0x00000000ffe00000, 0x00000000ffe00000| Complete 
|  63|0x00000000fff00000, 0x0000000100000000, 0x0000000100000000|100%| E|CS|TAMS 0x00000000fff00000, 0x00000000fff00000| Complete 

Card table byte_map: [0x0000020eba6a0000,0x0000020eba6c0000] _byte_map_base: 0x0000020eb9ec0000

Marking Bits (Prev, Next): (CMBitMap*) 0x0000020ea1d89ec8, (CMBitMap*) 0x0000020ea1d89f00
 Prev Bits: [0x0000020eba6e0000, 0x0000020eba7e0000)
 Next Bits: [0x0000020eba7e0000, 0x0000020eba8e0000)

Polling page: 0x0000020ea3600000

Metaspace:

Usage:
  Non-class:     15.31 MB capacity,    15.06 MB ( 98%) used,   230.06 KB (  1%) free+waste,    27.88 KB ( <1%) overhead. 
      Class:      2.10 MB capacity,     1.96 MB ( 93%) used,   131.37 KB (  6%) free+waste,    14.31 KB ( <1%) overhead. 
       Both:     17.41 MB capacity,    17.02 MB ( 98%) used,   361.43 KB (  2%) free+waste,    42.19 KB ( <1%) overhead. 

Virtual space:
  Non-class space:       16.00 MB reserved,      15.50 MB ( 97%) committed 
      Class space:        1.00 GB reserved,       2.13 MB ( <1%) committed 
             Both:        1.02 GB reserved,      17.63 MB (  2%) committed 

Chunk freelists:
   Non-Class:  0 bytes
       Class:  3.38 KB
        Both:  3.38 KB

CodeHeap 'non-profiled nmethods': size=120000Kb used=591Kb max_used=591Kb free=119408Kb
 bounds [0x0000020eb26e0000, 0x0000020eb2950000, 0x0000020eb9c10000]
CodeHeap 'profiled nmethods': size=120000Kb used=2789Kb max_used=2789Kb free=117210Kb
 bounds [0x0000020eab1b0000, 0x0000020eab470000, 0x0000020eb26e0000]
CodeHeap 'non-nmethods': size=5760Kb used=1120Kb max_used=1135Kb free=4639Kb
 bounds [0x0000020eaac10000, 0x0000020eaae80000, 0x0000020eab1b0000]
 total_blobs=1910 nmethods=1461 adapters=361
 compilation: enabled
              stopped_count=0, restarted_count=0
 full_count=0

Compilation events (10 events):
Event: 5.674 Thread 0x0000020ebdb4c800 nmethod 1438 0x0000020eab45ec90 code [0x0000020eab45ee40, 0x0000020eab45f128]
Event: 5.675 Thread 0x0000020ebdb4c800 1439       3       java.lang.invoke.MethodHandleNatives::findMethodHandleType (7 bytes)
Event: 5.675 Thread 0x0000020ebdb4c800 nmethod 1439 0x0000020eab45f210 code [0x0000020eab45f3a0, 0x0000020eab45f4a8]
Event: 5.675 Thread 0x0000020ebdb4c800 1440       3       java.lang.invoke.Invokers$Holder::linkToTargetMethod (8 bytes)
Event: 5.675 Thread 0x0000020ebdb4c800 nmethod 1440 0x0000020eab45f590 code [0x0000020eab45f740, 0x0000020eab45f9b8]
Event: 5.675 Thread 0x0000020ebdb4c800 1441       3       java.lang.invoke.LambdaForm$MH/0x0000000100064040::invoke (8 bytes)
Event: 5.675 Thread 0x0000020ebdb4c800 nmethod 1441 0x0000020eab45fa90 code [0x0000020eab45fc20, 0x0000020eab45fe38]
Event: 5.677 Thread 0x0000020ebdb4b000 1442       4       java.lang.AbstractStringBuilder::append (45 bytes)
Event: 5.679 Thread 0x0000020ebdb4c800 1443       3       java.lang.invoke.MethodHandles$Lookup::in (168 bytes)
Event: 5.681 Thread 0x0000020ebdb4c800 nmethod 1443 0x0000020eab45ff10 code [0x0000020eab460260, 0x0000020eab461808]

GC Heap History (4 events):
Event: 0.694 GC heap before
{Heap before GC invocations=0 (full 0):
 garbage-first heap   total 65536K, used 27648K [0x00000000fc000000, 0x0000000100000000)
  region size 1024K, 24 young (24576K), 0 survivors (0K)
 Metaspace       used 9700K, capacity 9949K, committed 10112K, reserved 1058816K
  class space    used 974K, capacity 1064K, committed 1152K, reserved 1048576K
}
Event: 0.700 GC heap after
{Heap after GC invocations=1 (full 0):
 garbage-first heap   total 65536K, used 10806K [0x00000000fc000000, 0x0000000100000000)
  region size 1024K, 3 young (3072K), 3 survivors (3072K)
 Metaspace       used 9700K, capacity 9949K, committed 10112K, reserved 1058816K
  class space    used 974K, capacity 1064K, committed 1152K, reserved 1048576K
}
Event: 1.505 GC heap before
{Heap before GC invocations=1 (full 0):
 garbage-first heap   total 65536K, used 36406K [0x00000000fc000000, 0x0000000100000000)
  region size 1024K, 28 young (28672K), 3 survivors (3072K)
 Metaspace       used 15685K, capacity 16008K, committed 16384K, reserved 1062912K
  class space    used 1790K, capacity 1922K, committed 2048K, reserved 1048576K
}
Event: 1.510 GC heap after
{Heap after GC invocations=2 (full 0):
 garbage-first heap   total 65536K, used 12947K [0x00000000fc000000, 0x0000000100000000)
  region size 1024K, 2 young (2048K), 2 survivors (2048K)
 Metaspace       used 15685K, capacity 16008K, committed 16384K, reserved 1062912K
  class space    used 1790K, capacity 1922K, committed 2048K, reserved 1048576K
}

Deoptimization events (10 events):
Event: 1.025 Thread 0x0000020ea1d73800 Uncommon trap: reason=bimorphic_or_optimized_type_check action=maybe_recompile pc=0x0000020eb2724280 method=java.util.HashMap.putVal(ILjava/lang/Object;Ljava/lang/Object;ZZ)Ljava/lang/Object; @ 203 c2
Event: 1.198 Thread 0x0000020ea1d73800 Uncommon trap: reason=unstable_if action=reinterpret pc=0x0000020eb273242c method=java.io.WinNTFileSystem.normalize(Ljava/lang/String;)Ljava/lang/String; @ 128 c2
Event: 1.438 Thread 0x0000020ea1d73800 Uncommon trap: reason=unstable_if action=reinterpret pc=0x0000020eb2711a10 method=java.lang.AbstractStringBuilder.append(Ljava/lang/String;)Ljava/lang/AbstractStringBuilder; @ 1 c2
Event: 1.438 Thread 0x0000020ea1d73800 Uncommon trap: reason=unstable_if action=reinterpret pc=0x0000020eb27298e4 method=java.lang.AbstractStringBuilder.append(Ljava/lang/String;)Ljava/lang/AbstractStringBuilder; @ 1 c2
Event: 1.447 Thread 0x0000020ea1d73800 Uncommon trap: reason=unstable_if action=reinterpret pc=0x0000020eb274ac14 method=java.util.concurrent.ConcurrentHashMap.putVal(Ljava/lang/Object;Ljava/lang/Object;Z)Ljava/lang/Object; @ 256 c2
Event: 1.604 Thread 0x0000020ebf163800 Uncommon trap: reason=unstable_if action=reinterpret pc=0x0000020eb2716658 method=java.lang.AbstractStringBuilder.isLatin1()Z @ 10 c2
Event: 1.604 Thread 0x0000020ebf163800 Uncommon trap: reason=unstable_if action=reinterpret pc=0x0000020eb271116c method=java.lang.String.getBytes([BIB)V @ 5 c2
Event: 1.604 Thread 0x0000020ebf163800 Uncommon trap: reason=unstable_if action=reinterpret pc=0x0000020eb2754ea0 method=java.lang.AbstractStringBuilder.isLatin1()Z @ 10 c2
Event: 3.690 Thread 0x0000020ebf163800 Uncommon trap: reason=unstable_if action=reinterpret pc=0x0000020eb26eb67c method=java.lang.String.codePointAt(I)I @ 4 c2
Event: 3.730 Thread 0x0000020ea1d73800 Uncommon trap: reason=unstable_if action=reinterpret pc=0x0000020eb272db38 method=java.util.regex.Matcher.match(II)Z @ 76 c2

Classes redefined (0 events):
No events

Internal exceptions (10 events):
Event: 1.436 Thread 0x0000020ea1d73800 Exception <a 'java/lang/NoSuchMethodError'{0x00000000fe94ec08}: java.lang.invoke.DirectMethodHandle$Holder.invokeSpecial(Ljava/lang/Object;Ljava/lang/Object;)V> (0x00000000fe94ec08) thrown at [./open/src/hotspot/share/interpreter/linkResolver.cpp, line 77
Event: 1.438 Thread 0x0000020ea1d73800 Implicit null exception at 0x0000020eb27114f4 to 0x0000020eb27119f8
Event: 1.438 Thread 0x0000020ea1d73800 Implicit null exception at 0x0000020eb27293f4 to 0x0000020eb27298cc
Event: 1.590 Thread 0x0000020ebf163800 Exception <a 'java/lang/NoSuchMethodError'{0x00000000ffb0f938}: java.lang.invoke.DirectMethodHandle$Holder.invokeStatic(Ljava/lang/Object;J)V> (0x00000000ffb0f938) thrown at [./open/src/hotspot/share/interpreter/linkResolver.cpp, line 772]
Event: 1.590 Thread 0x0000020ebf163800 Exception <a 'java/lang/NoSuchMethodError'{0x00000000ffb14b40}: java.lang.invoke.DirectMethodHandle$Holder.invokeStatic(Ljava/lang/Object;J)Ljava/lang/Object;> (0x00000000ffb14b40) thrown at [./open/src/hotspot/share/interpreter/linkResolver.cpp, line 772
Event: 1.593 Thread 0x0000020ebf163800 Exception <a 'java/lang/NoSuchMethodError'{0x00000000ffb22c78}: java.lang.invoke.DirectMethodHandle$Holder.invokeStaticInit(Ljava/lang/Object;Ljava/lang/Object;JLjava/lang/Object;)Ljava/lang/Object;> (0x00000000ffb22c78) thrown at [./open/src/hotspot/shar
Event: 1.594 Thread 0x0000020ebf163800 Exception <a 'java/lang/NoSuchMethodError'{0x00000000ffb28b60}: java.lang.invoke.DirectMethodHandle$Holder.invokeStatic(Ljava/lang/Object;Ljava/lang/Object;J)Ljava/lang/Object;> (0x00000000ffb28b60) thrown at [./open/src/hotspot/share/interpreter/linkReso
Event: 1.594 Thread 0x0000020ebf163800 Exception <a 'java/lang/NoSuchMethodError'{0x00000000ffb2ee30}: java.lang.invoke.Invokers$Holder.linkToTargetMethod(Ljava/lang/Object;JLjava/lang/Object;)Ljava/lang/Object;> (0x00000000ffb2ee30) thrown at [./open/src/hotspot/share/interpreter/linkResolver
Event: 5.671 Thread 0x0000020ea1d73800 Exception <a 'java/io/IOException'{0x00000000ff9e3e48}> (0x00000000ff9e3e48) thrown at [./open/src/hotspot/share/prims/jni.cpp, line 611]
Event: 5.673 Thread 0x0000020ebf540000 Exception <a 'java/io/IOException'{0x00000000ff9fec00}> (0x00000000ff9fec00) thrown at [./open/src/hotspot/share/prims/jni.cpp, line 611]

Events (10 events):
Event: 5.680 loading class org/gradle/internal/logging/text/StyledTextOutput
Event: 5.680 loading class org/gradle/internal/logging/text/StyledTextOutput done
Event: 5.680 loading class org/gradle/internal/logging/text/StyledTextOutput
Event: 5.680 loading class org/gradle/internal/logging/text/StyledTextOutput done
Event: 5.680 loading class org/gradle/internal/logging/text/BufferingStyledTextOutput$ChangeStyleAction
Event: 5.680 loading class org/gradle/internal/logging/text/BufferingStyledTextOutput$ChangeStyleAction done
Event: 5.681 loading class org/gradle/internal/logging/text/AbstractStyledTextOutput$StyleOverrideTextOutput
Event: 5.681 loading class org/gradle/internal/logging/text/AbstractStyledTextOutput$StyleOverrideTextOutput done
Event: 5.681 loading class org/gradle/internal/logging/text/StyledTextOutput
Event: 5.681 loading class org/gradle/internal/logging/text/StyledTextOutput done


Dynamic libraries:
0x00007ff7f14f0000 - 0x00007ff7f14ff000 	C:\Program Files\Java\jdk-11.0.17\bin\java.exe
0x00007ffe01cd0000 - 0x00007ffe01ec8000 	C:\WINDOWS\SYSTEM32\ntdll.dll
0x00007ffe01330000 - 0x00007ffe013ed000 	C:\WINDOWS\System32\KERNEL32.DLL
0x00007ffdff500000 - 0x00007ffdff7f6000 	C:\WINDOWS\System32\KERNELBASE.dll
0x00007ffdffc00000 - 0x00007ffdffd00000 	C:\WINDOWS\System32\ucrtbase.dll
0x00007ffdf9470000 - 0x00007ffdf9485000 	C:\Program Files\Java\jdk-11.0.17\bin\VCRUNTIME140.dll
0x00007ffdf9420000 - 0x00007ffdf9438000 	C:\Program Files\Java\jdk-11.0.17\bin\jli.dll
0x00007ffe004d0000 - 0x00007ffe00580000 	C:\WINDOWS\System32\ADVAPI32.dll
0x00007ffe013f0000 - 0x00007ffe0148e000 	C:\WINDOWS\System32\msvcrt.dll
0x00007ffe01bf0000 - 0x00007ffe01c90000 	C:\WINDOWS\System32\sechost.dll
0x00007ffe01190000 - 0x00007ffe012b3000 	C:\WINDOWS\System32\RPCRT4.dll
0x00007ffdffb30000 - 0x00007ffdffb57000 	C:\WINDOWS\System32\bcrypt.dll
0x00007ffe00e30000 - 0x00007ffe00fcf000 	C:\WINDOWS\System32\USER32.dll
0x00007ffdff380000 - 0x00007ffdff3a2000 	C:\WINDOWS\System32\win32u.dll
0x00007ffdee460000 - 0x00007ffdee6fa000 	C:\WINDOWS\WinSxS\amd64_microsoft.windows.common-controls_6595b64144ccf1df_6.0.19041.3636_none_60b6a03d71f818d5\COMCTL32.dll
0x00007ffe00e00000 - 0x00007ffe00e2b000 	C:\WINDOWS\System32\GDI32.dll
0x00007ffdffa10000 - 0x00007ffdffb27000 	C:\WINDOWS\System32\gdi32full.dll
0x00007ffdffb60000 - 0x00007ffdffbfd000 	C:\WINDOWS\System32\msvcp_win.dll
0x00007ffdf9080000 - 0x00007ffdf908a000 	C:\WINDOWS\SYSTEM32\VERSION.dll
0x00007ffe01660000 - 0x00007ffe01692000 	C:\WINDOWS\System32\IMM32.DLL
0x00007ffde3ae0000 - 0x00007ffde3b7b000 	C:\Program Files\Java\jdk-11.0.17\bin\msvcp140.dll
0x00007ffdaf780000 - 0x00007ffdb029a000 	C:\Program Files\Java\jdk-11.0.17\bin\server\jvm.dll
0x00007ffe01ab0000 - 0x00007ffe01ab8000 	C:\WINDOWS\System32\PSAPI.DLL
0x00007ffdf9ce0000 - 0x00007ffdf9ce9000 	C:\WINDOWS\SYSTEM32\WSOCK32.dll
0x00007ffdfa390000 - 0x00007ffdfa3b7000 	C:\WINDOWS\SYSTEM32\WINMM.dll
0x00007ffe012c0000 - 0x00007ffe0132b000 	C:\WINDOWS\System32\WS2_32.dll
0x00007ffdfdb60000 - 0x00007ffdfdb72000 	C:\WINDOWS\SYSTEM32\kernel.appcore.dll
0x00007ffdf9450000 - 0x00007ffdf9460000 	C:\Program Files\Java\jdk-11.0.17\bin\verify.dll
0x00007ffdfd050000 - 0x00007ffdfd234000 	C:\WINDOWS\SYSTEM32\DBGHELP.DLL
0x00007ffdf8cc0000 - 0x00007ffdf8cf4000 	C:\WINDOWS\SYSTEM32\dbgcore.DLL
0x00007ffdff470000 - 0x00007ffdff4f2000 	C:\WINDOWS\System32\bcryptPrimitives.dll
0x00007ffdf8960000 - 0x00007ffdf8988000 	C:\Program Files\Java\jdk-11.0.17\bin\java.dll
0x00007ffdf93c0000 - 0x00007ffdf93ca000 	C:\Program Files\Java\jdk-11.0.17\bin\jimage.dll
0x00007ffdf8440000 - 0x00007ffdf8456000 	C:\Program Files\Java\jdk-11.0.17\bin\zip.dll
0x00007ffdffd00000 - 0x00007ffe0046b000 	C:\WINDOWS\System32\SHELL32.dll
0x00007ffdfd240000 - 0x00007ffdfd9de000 	C:\WINDOWS\SYSTEM32\windows.storage.dll
0x00007ffe01750000 - 0x00007ffe01aa3000 	C:\WINDOWS\System32\combase.dll
0x00007ffdfed40000 - 0x00007ffdfed6e000 	C:\WINDOWS\SYSTEM32\Wldp.dll
0x00007ffe00d20000 - 0x00007ffe00ded000 	C:\WINDOWS\System32\OLEAUT32.dll
0x00007ffe016a0000 - 0x00007ffe0174d000 	C:\WINDOWS\System32\SHCORE.dll
0x00007ffe01550000 - 0x00007ffe015a5000 	C:\WINDOWS\System32\shlwapi.dll
0x00007ffdff2b0000 - 0x00007ffdff2d3000 	C:\WINDOWS\SYSTEM32\profapi.dll
0x00007ffdf7c90000 - 0x00007ffdf7ca9000 	C:\Program Files\Java\jdk-11.0.17\bin\net.dll
0x00007ffdf7b20000 - 0x00007ffdf7c2a000 	C:\WINDOWS\SYSTEM32\WINHTTP.dll
0x00007ffdfea20000 - 0x00007ffdfea8a000 	C:\WINDOWS\system32\mswsock.dll
0x00007ffdf73f0000 - 0x00007ffdf7402000 	C:\Program Files\Java\jdk-11.0.17\bin\nio.dll
0x00007ffdeba30000 - 0x00007ffdeba57000 	C:\Users\marko\.gradle\native\c067742578af261105cb4f569cf0c3c89f3d7b1fecec35dd04571415982c5e48\windows-amd64\native-platform.dll
0x00007ffdf8420000 - 0x00007ffdf842a000 	C:\Users\marko\.gradle\native\jansi\1.18\windows64\jansi.dll
0x00007ffdf73e0000 - 0x00007ffdf73e9000 	C:\Program Files\Java\jdk-11.0.17\bin\management.dll
0x00007ffdf73d0000 - 0x00007ffdf73db000 	C:\Program Files\Java\jdk-11.0.17\bin\management_ext.dll
0x00007ffdfec40000 - 0x00007ffdfec58000 	C:\WINDOWS\SYSTEM32\CRYPTSP.dll
0x00007ffdfe320000 - 0x00007ffdfe354000 	C:\WINDOWS\system32\rsaenh.dll
0x00007ffdff270000 - 0x00007ffdff29e000 	C:\WINDOWS\SYSTEM32\USERENV.dll
0x00007ffdfec30000 - 0x00007ffdfec3c000 	C:\WINDOWS\SYSTEM32\CRYPTBASE.dll
0x00007ffdfe6f0000 - 0x00007ffdfe72b000 	C:\WINDOWS\SYSTEM32\IPHLPAPI.DLL
0x00007ffe00df0000 - 0x00007ffe00df8000 	C:\WINDOWS\System32\NSI.dll
0x00007ffdf9060000 - 0x00007ffdf9077000 	C:\WINDOWS\SYSTEM32\dhcpcsvc6.DLL
0x00007ffdf90e0000 - 0x00007ffdf90fd000 	C:\WINDOWS\SYSTEM32\dhcpcsvc.DLL
0x00007ffdfe730000 - 0x00007ffdfe7fb000 	C:\WINDOWS\SYSTEM32\DNSAPI.dll

dbghelp: loaded successfully - version: 4.0.5 - missing functions: none
symbol engine: initialized successfully - sym options: 0x614 - pdb path: .;C:\Program Files\Java\jdk-11.0.17\bin;C:\WINDOWS\SYSTEM32;C:\WINDOWS\WinSxS\amd64_microsoft.windows.common-controls_6595b64144ccf1df_6.0.19041.3636_none_60b6a03d71f818d5;C:\Program Files\Java\jdk-11.0.17\bin\server;C:\Users\marko\.gradle\native\c067742578af261105cb4f569cf0c3c89f3d7b1fecec35dd04571415982c5e48\windows-amd64;C:\Users\marko\.gradle\native\jansi\1.18\windows64

VM Arguments:
jvm_args: -Xmx64m -Xms64m -Dorg.gradle.appname=gradlew 
java_command: org.gradle.wrapper.GradleWrapperMain eclipse
java_class_path (initial): C:\Users\marko\Desktop\ISS_24\issLab24\sonarQAK24\\gradle\wrapper\gradle-wrapper.jar
Launcher Type: SUN_STANDARD

[Global flags]
     intx CICompilerCount                          = 4                                         {product} {ergonomic}
     uint ConcGCThreads                            = 2                                         {product} {ergonomic}
     uint G1ConcRefinementThreads                  = 8                                         {product} {ergonomic}
   size_t G1HeapRegionSize                         = 1048576                                   {product} {ergonomic}
    uintx GCDrainStackTargetSize                   = 64                                        {product} {ergonomic}
   size_t InitialHeapSize                          = 67108864                                  {product} {command line}
   size_t MarkStackSize                            = 4194304                                   {product} {ergonomic}
   size_t MaxHeapSize                              = 67108864                                  {product} {command line}
   size_t MaxNewSize                               = 39845888                                  {product} {ergonomic}
   size_t MinHeapDeltaBytes                        = 1048576                                   {product} {ergonomic}
    uintx NonNMethodCodeHeapSize                   = 5836300                                {pd product} {ergonomic}
    uintx NonProfiledCodeHeapSize                  = 122910970                              {pd product} {ergonomic}
    uintx ProfiledCodeHeapSize                     = 122910970                              {pd product} {ergonomic}
    uintx ReservedCodeCacheSize                    = 251658240                              {pd product} {ergonomic}
     bool SegmentedCodeCache                       = true                                      {product} {ergonomic}
     bool UseCompressedClassPointers               = true                                 {lp64_product} {ergonomic}
     bool UseCompressedOops                        = true                                 {lp64_product} {ergonomic}
     bool UseG1GC                                  = true                                      {product} {ergonomic}
     bool UseLargePagesIndividualAllocation        = false                                  {pd product} {ergonomic}

Logging:
Log output configuration:
 #0: stdout all=warning uptime,level,tags
 #1: stderr all=off uptime,level,tags

Environment Variables:
JAVA_HOME=C:\Program Files\Java\jdk-11.0.17
CLASSPATH=C:\Users\marko\Desktop\ISS_24\issLab24\sonarQAK24\\gradle\wrapper\gradle-wrapper.jar
PATH=C:\Program Files\Java\jdk-11.0.17\bin;C:\Gradle\gradle-8.6\bin;C:\Program Files\Python310\Scripts\;C:\Program Files\Python310\;C:\Program Files\Common Files\Oracle\Java\javapath;C:\Program Files (x86)\Common Files\Oracle\Java\javapath;C:\Program Files (x86)\Razer Chroma SDK\bin;C:\Program Files\Razer Chroma SDK\bin;C:\Program Files (x86)\Razer\ChromaBroadcast\bin;C:\Program Files\Razer\ChromaBroadcast\bin;C:\Program Files (x86)\Intel\Intel(R) Management Engine Components\iCLS\;C:\Program Files\Intel\Intel(R) Management Engine Components\iCLS\;C:\WINDOWS\system32;C:\WINDOWS;C:\WINDOWS\System32\Wbem;C:\WINDOWS\System32\WindowsPowerShell\v1.0\;C:\Program Files (x86)\Intel\Intel(R) Management Engine Components\DAL;C:\Program Files\Intel\Intel(R) Management Engine Components\DAL;C:\Program Files (x86)\Intel\Intel(R) Management Engine Components\IPT;C:\Program Files\Intel\Intel(R) Management Engine Components\IPT;C:\WINDOWS\System32\OpenSSH\;C:\WINDOWS\system32\config\systemprofile\AppData\Local\Microsoft\WindowsApps;C:\WINDOWS\system32;C:\WINDOWS;C:\WINDOWS\System32\Wbem;C:\WINDOWS\System32\WindowsPowerShell\v1.0\;C:\WINDOWS\System32\OpenSSH\;C:\Users\marko\AppData\Roaming\nvm;C:\Program Files\nodejs;C:\Program Files\Git\cmd;C:\Program Files\Git LFS;C:\Users\marko\AppData\Roaming\Python\Python310\Scripts;C:\Program Files\Docker\Docker\resources\bin;C:\Program Files\nodejs\;C:\Program Files\Graphviz\bin;C:\Users\marko\AppData\Local\Programs\Microsoft VS Code\bin;C:\Users\marko\AppData\Local\Microsoft\WindowsApps;C:\Users\marko\AppData\Roaming\nvm;C:\Program Files\nodejs;C:\Users\marko\AppData\Roaming\Python\Python310\Scripts;C:\Users\marko\Desktop\antlr;;C:\Users\marko\AppData\Local\JetBrains\IntelliJ IDEA Community Edition 2022.3.2\bin;;C:\Users\marko\AppData\Roaming\npm
USERNAME=marko
OS=Windows_NT
PROCESSOR_IDENTIFIER=Intel64 Family 6 Model 142 Stepping 10, GenuineIntel



---------------  S Y S T E M  ---------------

OS: Windows 10 , 64 bit Build 19041 (10.0.19041.3636)
Hyper-V role detected

CPU:total 8 (initial active 8) (4 cores per cpu, 2 threads per core) family 6 model 142 stepping 10 microcode 0xb4, cmov, cx8, fxsr, mmx, sse, sse2, sse3, ssse3, sse4.1, sse4.2, popcnt, avx, avx2, aes, clmul, erms, 3dnowpref, lzcnt, ht, tsc, tscinvbit, bmi1, bmi2, adx, fma

Memory: 4k page, system-wide physical 8058M (652M free)
TotalPageFile size 8058M (AvailPageFile size 448M)
current process WorkingSet (physical memory assigned to process): 97M, peak: 107M
current process commit charge ("private bytes"): 164M, peak: 173M

vm_info: Java HotSpot(TM) 64-Bit Server VM (11.0.17+10-LTS-269) for windows-amd64 JRE (11.0.17+10-LTS-269), built on Sep 13 2022 19:26:37 by "mach5one" with MS VC++ 15.9 (VS2017)

END.
