#
# There is insufficient memory for the Java Runtime Environment to continue.
# Native memory allocation (malloc) failed to allocate 928336 bytes for Chunk::new
# Possible reasons:
#   The system is out of physical RAM or swap space
#   The process is running with CompressedOops enabled, and the Java Heap may be blocking the growth of the native heap
# Possible solutions:
#   Reduce memory load on the system
#   Increase physical memory or swap space
#   Check if swap backing store is full
#   Decrease Java heap size (-Xmx/-Xms)
#   Decrease number of Java threads
#   Decrease Java thread stack sizes (-Xss)
#   Set larger code cache with -XX:ReservedCodeCacheSize=
#   JVM is running with Unscaled Compressed Oops mode in which the Java heap is
#     placed in the first 4GB address space. The Java Heap base address is the
#     maximum limit for the native heap growth. Please use -XX:HeapBaseMinAddress
#     to set the Java Heap base and to place the Java Heap above 4GB virtual address.
# This output file may be truncated or incomplete.
#
#  Out of Memory Error (arena.cpp:189), pid=7204, tid=8008
#
# JRE version: Java(TM) SE Runtime Environment (17.0.11+7) (build 17.0.11+7-LTS-207)
# Java VM: Java HotSpot(TM) 64-Bit Server VM (17.0.11+7-LTS-207, mixed mode, sharing, tiered, compressed oops, compressed class ptrs, g1 gc, windows-amd64)
# No core dump will be written. Minidumps are not enabled by default on client versions of Windows
#

---------------  S U M M A R Y ------------

Command Line: --add-opens=java.base/java.util=ALL-UNNAMED --add-opens=java.base/java.lang=ALL-UNNAMED --add-opens=java.base/java.lang.invoke=ALL-UNNAMED --add-opens=java.base/java.util=ALL-UNNAMED --add-opens=java.prefs/java.util.prefs=ALL-UNNAMED --add-opens=java.prefs/java.util.prefs=ALL-UNNAMED --add-opens=java.base/java.nio.charset=ALL-UNNAMED --add-opens=java.base/java.net=ALL-UNNAMED --add-opens=java.base/java.util.concurrent.atomic=ALL-UNNAMED -XX:MaxMetaspaceSize=256m -XX:+HeapDumpOnOutOfMemoryError -Xms256m -Xmx512m -Dfile.encoding=windows-1252 -Duser.country=IT -Duser.language=it -Duser.variant org.gradle.launcher.daemon.bootstrap.GradleDaemon 7.4.2

Host: Intel(R) Core(TM) i5-8250U CPU @ 1.60GHz, 8 cores, 7G,  Windows 10 , 64 bit Build 19041 (10.0.19041.3636)
Time: Thu May 30 16:02:27 2024 ora legale Europa occidentale elapsed time: 6.218297 seconds (0d 0h 0m 6s)

---------------  T H R E A D  ---------------

Current thread (0x000001f07d487480):  JavaThread "C2 CompilerThread2" daemon [_thread_in_native, id=8008, stack(0x0000007de0700000,0x0000007de0800000)]


Current CompileTask:
C2:   6218 3257   !   4       java.net.URLClassLoader$1::run (81 bytes)

Stack: [0x0000007de0700000,0x0000007de0800000]
Native frames: (J=compiled Java code, j=interpreted, Vv=VM code, C=native code)
V  [jvm.dll+0x679cca]
V  [jvm.dll+0x7da13d]
V  [jvm.dll+0x7dba83]
V  [jvm.dll+0x7dc0f3]
V  [jvm.dll+0x2449af]
V  [jvm.dll+0xab83b]
V  [jvm.dll+0xabe1c]
V  [jvm.dll+0x2a9e6f]
V  [jvm.dll+0x5818d9]
V  [jvm.dll+0x21ed62]
V  [jvm.dll+0x21f13f]
V  [jvm.dll+0x218331]
V  [jvm.dll+0x215505]
V  [jvm.dll+0x1a2040]
V  [jvm.dll+0x225a2b]
V  [jvm.dll+0x223bcb]
V  [jvm.dll+0x7903ec]
V  [jvm.dll+0x78a85a]
V  [jvm.dll+0x678bb5]
C  [ucrtbase.dll+0x21bb2]
C  [KERNEL32.DLL+0x17344]
C  [ntdll.dll+0x526b1]


---------------  P R O C E S S  ---------------

Threads class SMR info:
_java_thread_list=0x000001f07ab300d0, length=37, elements={
0x000001f05798b380, 0x000001f0742149f0, 0x000001f0742154c0, 0x000001f07422e4c0,
0x000001f074230ea0, 0x000001f074231770, 0x000001f074232040, 0x000001f074232c40,
0x000001f074236620, 0x000001f074237540, 0x000001f0744a9f40, 0x000001f0744ac040,
0x000001f079e0e020, 0x000001f0747f6710, 0x000001f07a695260, 0x000001f079f63410,
0x000001f0793b1990, 0x000001f07a610e80, 0x000001f07a611390, 0x000001f07a611db0,
0x000001f07a6127d0, 0x000001f07a60ff50, 0x000001f07a6122c0, 0x000001f07a612ce0,
0x000001f07a613700, 0x000001f07a610460, 0x000001f07a610970, 0x000001f07a6118a0,
0x000001f07c9b1770, 0x000001f07c9ae9e0, 0x000001f07c9b26a0, 0x000001f07c9b4a10,
0x000001f07a86bcb0, 0x000001f07d487480, 0x000001f07c9b1260, 0x000001f07c9ad5a0,
0x000001f07c9b3ff0
}

Java Threads: ( => current thread )
  0x000001f05798b380 JavaThread "main" [_thread_blocked, id=7264, stack(0x0000007ddd700000,0x0000007ddd800000)]
  0x000001f0742149f0 JavaThread "Reference Handler" daemon [_thread_blocked, id=6944, stack(0x0000007ddde00000,0x0000007dddf00000)]
  0x000001f0742154c0 JavaThread "Finalizer" daemon [_thread_blocked, id=9820, stack(0x0000007dddf00000,0x0000007dde000000)]
  0x000001f07422e4c0 JavaThread "Signal Dispatcher" daemon [_thread_blocked, id=7012, stack(0x0000007dde000000,0x0000007dde100000)]
  0x000001f074230ea0 JavaThread "Attach Listener" daemon [_thread_blocked, id=13976, stack(0x0000007dde100000,0x0000007dde200000)]
  0x000001f074231770 JavaThread "Service Thread" daemon [_thread_blocked, id=3584, stack(0x0000007dde200000,0x0000007dde300000)]
  0x000001f074232040 JavaThread "Monitor Deflation Thread" daemon [_thread_blocked, id=14040, stack(0x0000007dde300000,0x0000007dde400000)]
  0x000001f074232c40 JavaThread "C2 CompilerThread0" daemon [_thread_in_native, id=11848, stack(0x0000007dde400000,0x0000007dde500000)]
  0x000001f074236620 JavaThread "C1 CompilerThread0" daemon [_thread_blocked, id=13820, stack(0x0000007dde500000,0x0000007dde600000)]
  0x000001f074237540 JavaThread "Sweeper thread" daemon [_thread_blocked, id=9504, stack(0x0000007dde600000,0x0000007dde700000)]
  0x000001f0744a9f40 JavaThread "Common-Cleaner" daemon [_thread_blocked, id=15084, stack(0x0000007dde700000,0x0000007dde800000)]
  0x000001f0744ac040 JavaThread "Notification Thread" daemon [_thread_blocked, id=3908, stack(0x0000007dde800000,0x0000007dde900000)]
  0x000001f079e0e020 JavaThread "Daemon health stats" [_thread_blocked, id=8280, stack(0x0000007ddf100000,0x0000007ddf200000)]
  0x000001f0747f6710 JavaThread "Incoming local TCP Connector on port 49661" [_thread_in_native, id=3872, stack(0x0000007ddeb00000,0x0000007ddec00000)]
  0x000001f07a695260 JavaThread "Daemon periodic checks" [_thread_blocked, id=13680, stack(0x0000007ddf200000,0x0000007ddf300000)]
  0x000001f079f63410 JavaThread "Daemon" [_thread_blocked, id=2772, stack(0x0000007ddf300000,0x0000007ddf400000)]
  0x000001f0793b1990 JavaThread "Handler for socket connection from /127.0.0.1:49661 to /127.0.0.1:49662" [_thread_in_native, id=11144, stack(0x0000007ddf400000,0x0000007ddf500000)]
  0x000001f07a610e80 JavaThread "Cancel handler" [_thread_blocked, id=2780, stack(0x0000007ddf500000,0x0000007ddf600000)]
  0x000001f07a611390 JavaThread "Daemon worker" [_thread_in_vm, id=10392, stack(0x0000007ddf600000,0x0000007ddf700000)]
  0x000001f07a611db0 JavaThread "Asynchronous log dispatcher for DefaultDaemonConnection: socket connection from /127.0.0.1:49661 to /127.0.0.1:49662" [_thread_blocked, id=2564, stack(0x0000007ddf700000,0x0000007ddf800000)]
  0x000001f07a6127d0 JavaThread "Stdin handler" [_thread_blocked, id=1744, stack(0x0000007ddf800000,0x0000007ddf900000)]
  0x000001f07a60ff50 JavaThread "Daemon client event forwarder" [_thread_blocked, id=8804, stack(0x0000007ddf900000,0x0000007ddfa00000)]
  0x000001f07a6122c0 JavaThread "Cache worker for journal cache (C:\Users\marko\.gradle\caches\journal-1)" [_thread_blocked, id=8668, stack(0x0000007ddfa00000,0x0000007ddfb00000)]
  0x000001f07a612ce0 JavaThread "File lock request listener" [_thread_in_native, id=2588, stack(0x0000007ddfb00000,0x0000007ddfc00000)]
  0x000001f07a613700 JavaThread "Cache worker for file hash cache (C:\Users\marko\.gradle\caches\7.4.2\fileHashes)" [_thread_blocked, id=15040, stack(0x0000007ddfc00000,0x0000007ddfd00000)]
  0x000001f07a610460 JavaThread "File watcher server" daemon [_thread_in_native, id=12116, stack(0x0000007ddfe00000,0x0000007ddff00000)]
  0x000001f07a610970 JavaThread "File watcher consumer" daemon [_thread_blocked, id=2964, stack(0x0000007ddff00000,0x0000007de0000000)]
  0x000001f07a6118a0 JavaThread "Cache worker for checksums cache (C:\Users\marko\Desktop\ISS_24\issLab24\BoundaryWalk\.gradle\7.4.2\checksums)" [_thread_blocked, id=2552, stack(0x0000007de0000000,0x0000007de0100000)]
  0x000001f07c9b1770 JavaThread "Cache worker for cache directory md-rule (C:\Users\marko\.gradle\caches\7.4.2\md-rule)" [_thread_blocked, id=7300, stack(0x0000007de0100000,0x0000007de0200000)]
  0x000001f07c9ae9e0 JavaThread "Cache worker for file hash cache (C:\Users\marko\Desktop\ISS_24\issLab24\BoundaryWalk\.gradle\7.4.2\fileHashes)" [_thread_blocked, id=10892, stack(0x0000007de0200000,0x0000007de0300000)]
  0x000001f07c9b26a0 JavaThread "Cache worker for cache directory md-supplier (C:\Users\marko\.gradle\caches\7.4.2\md-supplier)" [_thread_blocked, id=4092, stack(0x0000007de0300000,0x0000007de0400000)]
  0x000001f07c9b4a10 JavaThread "Cache worker for execution history cache (C:\Users\marko\.gradle\caches\7.4.2\executionHistory)" [_thread_blocked, id=8672, stack(0x0000007ddea00000,0x0000007ddeb00000)]
  0x000001f07a86bcb0 JavaThread "C2 CompilerThread1" daemon [_thread_in_native, id=7340, stack(0x0000007de0600000,0x0000007de0700000)]
=>0x000001f07d487480 JavaThread "C2 CompilerThread2" daemon [_thread_in_native, id=8008, stack(0x0000007de0700000,0x0000007de0800000)]
  0x000001f07c9b1260 JavaThread "jar transforms" [_thread_blocked, id=15256, stack(0x0000007de0800000,0x0000007de0900000)]
  0x000001f07c9ad5a0 JavaThread "jar transforms Thread 2" [_thread_blocked, id=3268, stack(0x0000007de0900000,0x0000007de0a00000)]
  0x000001f07c9b3ff0 JavaThread "Cache worker for file content cache (C:\Users\marko\.gradle\caches\7.4.2\fileContent)" [_thread_blocked, id=8944, stack(0x0000007de0a00000,0x0000007de0b00000)]

Other Threads:
  0x000001f07420e020 VMThread "VM Thread" [stack: 0x0000007dddd00000,0x0000007ddde00000] [id=11584]
  0x000001f0744af160 WatcherThread [stack: 0x0000007dde900000,0x0000007ddea00000] [id=3172]
  0x000001f0579b9a40 GCTaskThread "GC Thread#0" [stack: 0x0000007ddd800000,0x0000007ddd900000] [id=12072]
  0x000001f0790e9080 GCTaskThread "GC Thread#1" [stack: 0x0000007ddec00000,0x0000007dded00000] [id=2264]
  0x000001f074cfcef0 GCTaskThread "GC Thread#2" [stack: 0x0000007dded00000,0x0000007ddee00000] [id=8764]
  0x000001f074cfd1b0 GCTaskThread "GC Thread#3" [stack: 0x0000007ddee00000,0x0000007ddef00000] [id=2484]
  0x000001f074df48d0 GCTaskThread "GC Thread#4" [stack: 0x0000007ddef00000,0x0000007ddf000000] [id=1224]
  0x000001f074df4b90 GCTaskThread "GC Thread#5" [stack: 0x0000007ddf000000,0x0000007ddf100000] [id=12676]
  0x000001f07aa2fb90 GCTaskThread "GC Thread#6" [stack: 0x0000007ddfd00000,0x0000007ddfe00000] [id=4736]
  0x000001f07aa2f090 GCTaskThread "GC Thread#7" [stack: 0x0000007de0400000,0x0000007de0500000] [id=3188]
  0x000001f0579bf750 ConcurrentGCThread "G1 Main Marker" [stack: 0x0000007ddd900000,0x0000007ddda00000] [id=14516]
  0x000001f0579bff10 ConcurrentGCThread "G1 Conc#0" [stack: 0x0000007ddda00000,0x0000007dddb00000] [id=13468]
  0x000001f07aa30110 ConcurrentGCThread "G1 Conc#1" [stack: 0x0000007de0500000,0x0000007de0600000] [id=9140]
  0x000001f057a5d7e0 ConcurrentGCThread "G1 Refine#0" [stack: 0x0000007dddb00000,0x0000007dddc00000] [id=12848]
  0x000001f057a5dfc0 ConcurrentGCThread "G1 Service" [stack: 0x0000007dddc00000,0x0000007dddd00000] [id=12356]

Threads with active compile tasks:
C2 CompilerThread0     6280 3256       4       java.net.URLClassLoader$1::run (5 bytes)
C2 CompilerThread1     6280 3255   !   4       java.net.URLClassLoader::findClass (47 bytes)
C2 CompilerThread2     6280 3257   !   4       java.net.URLClassLoader$1::run (81 bytes)

VM state: not at safepoint (normal execution)

VM Mutex/Monitor currently owned by a thread: None

Heap address: 0x00000000e0000000, size: 512 MB, Compressed Oops mode: 32-bit

CDS archive(s) mapped at: [0x000001f000000000-0x000001f000bd0000-0x000001f000bd0000), size 12386304, SharedBaseAddress: 0x000001f000000000, ArchiveRelocationMode: 1.
Compressed class space mapped at: 0x000001f001000000-0x000001f00e000000, reserved size: 218103808
Narrow klass base: 0x000001f000000000, Narrow klass shift: 0, Narrow klass range: 0x100000000

GC Precious Log:
 CPUs: 8 total, 8 available
 Memory: 8058M
 Large Page Support: Disabled
 NUMA Support: Disabled
 Compressed Oops: Enabled (32-bit)
 Heap Region Size: 1M
 Heap Min Capacity: 256M
 Heap Initial Capacity: 256M
 Heap Max Capacity: 512M
 Pre-touch: Disabled
 Parallel Workers: 8
 Concurrent Workers: 2
 Concurrent Refinement Workers: 8
 Periodic GC: Disabled

Heap:
 garbage-first heap   total 262144K, used 75301K [0x00000000e0000000, 0x0000000100000000)
  region size 1024K, 66 young (67584K), 12 survivors (12288K)
 Metaspace       used 29331K, committed 29632K, reserved 278528K
  class space    used 4113K, committed 4288K, reserved 212992K

Heap Regions: E=young(eden), S=young(survivor), O=old, HS=humongous(starts), HC=humongous(continues), CS=collection set, F=free, OA=open archive, CA=closed archive, TAMS=top-at-mark-start (previous, next)
|   0|0x00000000e0000000, 0x00000000e0000000, 0x00000000e0100000|  0%| F|  |TAMS 0x00000000e0000000, 0x00000000e0000000| Untracked 
|   1|0x00000000e0100000, 0x00000000e0200000, 0x00000000e0200000|100%| O|  |TAMS 0x00000000e0200000, 0x00000000e0100000| Untracked 
|   2|0x00000000e0200000, 0x00000000e0300000, 0x00000000e0300000|100%| O|  |TAMS 0x00000000e0300000, 0x00000000e0200000| Untracked 
|   3|0x00000000e0300000, 0x00000000e0400000, 0x00000000e0400000|100%|HS|  |TAMS 0x00000000e0400000, 0x00000000e0300000| Complete 
|   4|0x00000000e0400000, 0x00000000e0500000, 0x00000000e0500000|100%|HC|  |TAMS 0x00000000e0500000, 0x00000000e0400000| Complete 
|   5|0x00000000e0500000, 0x00000000e0600000, 0x00000000e0600000|100%|HC|  |TAMS 0x00000000e0600000, 0x00000000e0500000| Complete 
|   6|0x00000000e0600000, 0x00000000e0700000, 0x00000000e0700000|100%| O|  |TAMS 0x00000000e0700000, 0x00000000e0600000| Complete 
|   7|0x00000000e0700000, 0x00000000e0800000, 0x00000000e0800000|100%| O|  |TAMS 0x00000000e0800000, 0x00000000e0700000| Untracked 
|   8|0x00000000e0800000, 0x00000000e0900000, 0x00000000e0900000|100%| O|  |TAMS 0x00000000e0900000, 0x00000000e0800000| Untracked 
|   9|0x00000000e0900000, 0x00000000e0a00000, 0x00000000e0a00000|100%| O|  |TAMS 0x00000000e0a00000, 0x00000000e0900000| Untracked 
|  10|0x00000000e0a00000, 0x00000000e0a2ce00, 0x00000000e0b00000| 17%| O|  |TAMS 0x00000000e0a2ce00, 0x00000000e0a00000| Untracked 
|  11|0x00000000e0b00000, 0x00000000e0b00000, 0x00000000e0c00000|  0%| F|  |TAMS 0x00000000e0b00000, 0x00000000e0b00000| Untracked 
|  12|0x00000000e0c00000, 0x00000000e0c00000, 0x00000000e0d00000|  0%| F|  |TAMS 0x00000000e0c00000, 0x00000000e0c00000| Untracked 
|  13|0x00000000e0d00000, 0x00000000e0d00000, 0x00000000e0e00000|  0%| F|  |TAMS 0x00000000e0d00000, 0x00000000e0d00000| Untracked 
|  14|0x00000000e0e00000, 0x00000000e0e00000, 0x00000000e0f00000|  0%| F|  |TAMS 0x00000000e0e00000, 0x00000000e0e00000| Untracked 
|  15|0x00000000e0f00000, 0x00000000e0f00000, 0x00000000e1000000|  0%| F|  |TAMS 0x00000000e0f00000, 0x00000000e0f00000| Untracked 
|  16|0x00000000e1000000, 0x00000000e1000000, 0x00000000e1100000|  0%| F|  |TAMS 0x00000000e1000000, 0x00000000e1000000| Untracked 
|  17|0x00000000e1100000, 0x00000000e1100000, 0x00000000e1200000|  0%| F|  |TAMS 0x00000000e1100000, 0x00000000e1100000| Untracked 
|  18|0x00000000e1200000, 0x00000000e1200000, 0x00000000e1300000|  0%| F|  |TAMS 0x00000000e1200000, 0x00000000e1200000| Untracked 
|  19|0x00000000e1300000, 0x00000000e1300000, 0x00000000e1400000|  0%| F|  |TAMS 0x00000000e1300000, 0x00000000e1300000| Untracked 
|  20|0x00000000e1400000, 0x00000000e1400000, 0x00000000e1500000|  0%| F|  |TAMS 0x00000000e1400000, 0x00000000e1400000| Untracked 
|  21|0x00000000e1500000, 0x00000000e1500000, 0x00000000e1600000|  0%| F|  |TAMS 0x00000000e1500000, 0x00000000e1500000| Untracked 
|  22|0x00000000e1600000, 0x00000000e1600000, 0x00000000e1700000|  0%| F|  |TAMS 0x00000000e1600000, 0x00000000e1600000| Untracked 
|  23|0x00000000e1700000, 0x00000000e1700000, 0x00000000e1800000|  0%| F|  |TAMS 0x00000000e1700000, 0x00000000e1700000| Untracked 
|  24|0x00000000e1800000, 0x00000000e1800000, 0x00000000e1900000|  0%| F|  |TAMS 0x00000000e1800000, 0x00000000e1800000| Untracked 
|  25|0x00000000e1900000, 0x00000000e1900000, 0x00000000e1a00000|  0%| F|  |TAMS 0x00000000e1900000, 0x00000000e1900000| Untracked 
|  26|0x00000000e1a00000, 0x00000000e1a00000, 0x00000000e1b00000|  0%| F|  |TAMS 0x00000000e1a00000, 0x00000000e1a00000| Untracked 
|  27|0x00000000e1b00000, 0x00000000e1b00000, 0x00000000e1c00000|  0%| F|  |TAMS 0x00000000e1b00000, 0x00000000e1b00000| Untracked 
|  28|0x00000000e1c00000, 0x00000000e1c00000, 0x00000000e1d00000|  0%| F|  |TAMS 0x00000000e1c00000, 0x00000000e1c00000| Untracked 
|  29|0x00000000e1d00000, 0x00000000e1d00000, 0x00000000e1e00000|  0%| F|  |TAMS 0x00000000e1d00000, 0x00000000e1d00000| Untracked 
|  30|0x00000000e1e00000, 0x00000000e1e00000, 0x00000000e1f00000|  0%| F|  |TAMS 0x00000000e1e00000, 0x00000000e1e00000| Untracked 
|  31|0x00000000e1f00000, 0x00000000e1f00000, 0x00000000e2000000|  0%| F|  |TAMS 0x00000000e1f00000, 0x00000000e1f00000| Untracked 
|  32|0x00000000e2000000, 0x00000000e2000000, 0x00000000e2100000|  0%| F|  |TAMS 0x00000000e2000000, 0x00000000e2000000| Untracked 
|  33|0x00000000e2100000, 0x00000000e2100000, 0x00000000e2200000|  0%| F|  |TAMS 0x00000000e2100000, 0x00000000e2100000| Untracked 
|  34|0x00000000e2200000, 0x00000000e2200000, 0x00000000e2300000|  0%| F|  |TAMS 0x00000000e2200000, 0x00000000e2200000| Untracked 
|  35|0x00000000e2300000, 0x00000000e2300000, 0x00000000e2400000|  0%| F|  |TAMS 0x00000000e2300000, 0x00000000e2300000| Untracked 
|  36|0x00000000e2400000, 0x00000000e2400000, 0x00000000e2500000|  0%| F|  |TAMS 0x00000000e2400000, 0x00000000e2400000| Untracked 
|  37|0x00000000e2500000, 0x00000000e2500000, 0x00000000e2600000|  0%| F|  |TAMS 0x00000000e2500000, 0x00000000e2500000| Untracked 
|  38|0x00000000e2600000, 0x00000000e2600000, 0x00000000e2700000|  0%| F|  |TAMS 0x00000000e2600000, 0x00000000e2600000| Untracked 
|  39|0x00000000e2700000, 0x00000000e2700000, 0x00000000e2800000|  0%| F|  |TAMS 0x00000000e2700000, 0x00000000e2700000| Untracked 
|  40|0x00000000e2800000, 0x00000000e2800000, 0x00000000e2900000|  0%| F|  |TAMS 0x00000000e2800000, 0x00000000e2800000| Untracked 
|  41|0x00000000e2900000, 0x00000000e2900000, 0x00000000e2a00000|  0%| F|  |TAMS 0x00000000e2900000, 0x00000000e2900000| Untracked 
|  42|0x00000000e2a00000, 0x00000000e2a00000, 0x00000000e2b00000|  0%| F|  |TAMS 0x00000000e2a00000, 0x00000000e2a00000| Untracked 
|  43|0x00000000e2b00000, 0x00000000e2b00000, 0x00000000e2c00000|  0%| F|  |TAMS 0x00000000e2b00000, 0x00000000e2b00000| Untracked 
|  44|0x00000000e2c00000, 0x00000000e2c00000, 0x00000000e2d00000|  0%| F|  |TAMS 0x00000000e2c00000, 0x00000000e2c00000| Untracked 
|  45|0x00000000e2d00000, 0x00000000e2d00000, 0x00000000e2e00000|  0%| F|  |TAMS 0x00000000e2d00000, 0x00000000e2d00000| Untracked 
|  46|0x00000000e2e00000, 0x00000000e2e00000, 0x00000000e2f00000|  0%| F|  |TAMS 0x00000000e2e00000, 0x00000000e2e00000| Untracked 
|  47|0x00000000e2f00000, 0x00000000e2f00000, 0x00000000e3000000|  0%| F|  |TAMS 0x00000000e2f00000, 0x00000000e2f00000| Untracked 
|  48|0x00000000e3000000, 0x00000000e3000000, 0x00000000e3100000|  0%| F|  |TAMS 0x00000000e3000000, 0x00000000e3000000| Untracked 
|  49|0x00000000e3100000, 0x00000000e3100000, 0x00000000e3200000|  0%| F|  |TAMS 0x00000000e3100000, 0x00000000e3100000| Untracked 
|  50|0x00000000e3200000, 0x00000000e3200000, 0x00000000e3300000|  0%| F|  |TAMS 0x00000000e3200000, 0x00000000e3200000| Untracked 
|  51|0x00000000e3300000, 0x00000000e3300000, 0x00000000e3400000|  0%| F|  |TAMS 0x00000000e3300000, 0x00000000e3300000| Untracked 
|  52|0x00000000e3400000, 0x00000000e3400000, 0x00000000e3500000|  0%| F|  |TAMS 0x00000000e3400000, 0x00000000e3400000| Untracked 
|  53|0x00000000e3500000, 0x00000000e3500000, 0x00000000e3600000|  0%| F|  |TAMS 0x00000000e3500000, 0x00000000e3500000| Untracked 
|  54|0x00000000e3600000, 0x00000000e3600000, 0x00000000e3700000|  0%| F|  |TAMS 0x00000000e3600000, 0x00000000e3600000| Untracked 
|  55|0x00000000e3700000, 0x00000000e3700000, 0x00000000e3800000|  0%| F|  |TAMS 0x00000000e3700000, 0x00000000e3700000| Untracked 
|  56|0x00000000e3800000, 0x00000000e3800000, 0x00000000e3900000|  0%| F|  |TAMS 0x00000000e3800000, 0x00000000e3800000| Untracked 
|  57|0x00000000e3900000, 0x00000000e3900000, 0x00000000e3a00000|  0%| F|  |TAMS 0x00000000e3900000, 0x00000000e3900000| Untracked 
|  58|0x00000000e3a00000, 0x00000000e3a00000, 0x00000000e3b00000|  0%| F|  |TAMS 0x00000000e3a00000, 0x00000000e3a00000| Untracked 
|  59|0x00000000e3b00000, 0x00000000e3b00000, 0x00000000e3c00000|  0%| F|  |TAMS 0x00000000e3b00000, 0x00000000e3b00000| Untracked 
|  60|0x00000000e3c00000, 0x00000000e3c00000, 0x00000000e3d00000|  0%| F|  |TAMS 0x00000000e3c00000, 0x00000000e3c00000| Untracked 
|  61|0x00000000e3d00000, 0x00000000e3d00000, 0x00000000e3e00000|  0%| F|  |TAMS 0x00000000e3d00000, 0x00000000e3d00000| Untracked 
|  62|0x00000000e3e00000, 0x00000000e3e00000, 0x00000000e3f00000|  0%| F|  |TAMS 0x00000000e3e00000, 0x00000000e3e00000| Untracked 
|  63|0x00000000e3f00000, 0x00000000e3f00000, 0x00000000e4000000|  0%| F|  |TAMS 0x00000000e3f00000, 0x00000000e3f00000| Untracked 
|  64|0x00000000e4000000, 0x00000000e4000000, 0x00000000e4100000|  0%| F|  |TAMS 0x00000000e4000000, 0x00000000e4000000| Untracked 
|  65|0x00000000e4100000, 0x00000000e4100000, 0x00000000e4200000|  0%| F|  |TAMS 0x00000000e4100000, 0x00000000e4100000| Untracked 
|  66|0x00000000e4200000, 0x00000000e4200000, 0x00000000e4300000|  0%| F|  |TAMS 0x00000000e4200000, 0x00000000e4200000| Untracked 
|  67|0x00000000e4300000, 0x00000000e4300000, 0x00000000e4400000|  0%| F|  |TAMS 0x00000000e4300000, 0x00000000e4300000| Untracked 
|  68|0x00000000e4400000, 0x00000000e4400000, 0x00000000e4500000|  0%| F|  |TAMS 0x00000000e4400000, 0x00000000e4400000| Untracked 
|  69|0x00000000e4500000, 0x00000000e4500000, 0x00000000e4600000|  0%| F|  |TAMS 0x00000000e4500000, 0x00000000e4500000| Untracked 
|  70|0x00000000e4600000, 0x00000000e4600000, 0x00000000e4700000|  0%| F|  |TAMS 0x00000000e4600000, 0x00000000e4600000| Untracked 
|  71|0x00000000e4700000, 0x00000000e4700000, 0x00000000e4800000|  0%| F|  |TAMS 0x00000000e4700000, 0x00000000e4700000| Untracked 
|  72|0x00000000e4800000, 0x00000000e4800000, 0x00000000e4900000|  0%| F|  |TAMS 0x00000000e4800000, 0x00000000e4800000| Untracked 
|  73|0x00000000e4900000, 0x00000000e4900000, 0x00000000e4a00000|  0%| F|  |TAMS 0x00000000e4900000, 0x00000000e4900000| Untracked 
|  74|0x00000000e4a00000, 0x00000000e4a00000, 0x00000000e4b00000|  0%| F|  |TAMS 0x00000000e4a00000, 0x00000000e4a00000| Untracked 
|  75|0x00000000e4b00000, 0x00000000e4b00000, 0x00000000e4c00000|  0%| F|  |TAMS 0x00000000e4b00000, 0x00000000e4b00000| Untracked 
|  76|0x00000000e4c00000, 0x00000000e4c00000, 0x00000000e4d00000|  0%| F|  |TAMS 0x00000000e4c00000, 0x00000000e4c00000| Untracked 
|  77|0x00000000e4d00000, 0x00000000e4d00000, 0x00000000e4e00000|  0%| F|  |TAMS 0x00000000e4d00000, 0x00000000e4d00000| Untracked 
|  78|0x00000000e4e00000, 0x00000000e4e00000, 0x00000000e4f00000|  0%| F|  |TAMS 0x00000000e4e00000, 0x00000000e4e00000| Untracked 
|  79|0x00000000e4f00000, 0x00000000e4f00000, 0x00000000e5000000|  0%| F|  |TAMS 0x00000000e4f00000, 0x00000000e4f00000| Untracked 
|  80|0x00000000e5000000, 0x00000000e5000000, 0x00000000e5100000|  0%| F|  |TAMS 0x00000000e5000000, 0x00000000e5000000| Untracked 
|  81|0x00000000e5100000, 0x00000000e5100000, 0x00000000e5200000|  0%| F|  |TAMS 0x00000000e5100000, 0x00000000e5100000| Untracked 
|  82|0x00000000e5200000, 0x00000000e5200000, 0x00000000e5300000|  0%| F|  |TAMS 0x00000000e5200000, 0x00000000e5200000| Untracked 
|  83|0x00000000e5300000, 0x00000000e5300000, 0x00000000e5400000|  0%| F|  |TAMS 0x00000000e5300000, 0x00000000e5300000| Untracked 
|  84|0x00000000e5400000, 0x00000000e5400000, 0x00000000e5500000|  0%| F|  |TAMS 0x00000000e5400000, 0x00000000e5400000| Untracked 
|  85|0x00000000e5500000, 0x00000000e5500000, 0x00000000e5600000|  0%| F|  |TAMS 0x00000000e5500000, 0x00000000e5500000| Untracked 
|  86|0x00000000e5600000, 0x00000000e5600000, 0x00000000e5700000|  0%| F|  |TAMS 0x00000000e5600000, 0x00000000e5600000| Untracked 
|  87|0x00000000e5700000, 0x00000000e5700000, 0x00000000e5800000|  0%| F|  |TAMS 0x00000000e5700000, 0x00000000e5700000| Untracked 
|  88|0x00000000e5800000, 0x00000000e5800000, 0x00000000e5900000|  0%| F|  |TAMS 0x00000000e5800000, 0x00000000e5800000| Untracked 
|  89|0x00000000e5900000, 0x00000000e5900000, 0x00000000e5a00000|  0%| F|  |TAMS 0x00000000e5900000, 0x00000000e5900000| Untracked 
|  90|0x00000000e5a00000, 0x00000000e5a00000, 0x00000000e5b00000|  0%| F|  |TAMS 0x00000000e5a00000, 0x00000000e5a00000| Untracked 
|  91|0x00000000e5b00000, 0x00000000e5b00000, 0x00000000e5c00000|  0%| F|  |TAMS 0x00000000e5b00000, 0x00000000e5b00000| Untracked 
|  92|0x00000000e5c00000, 0x00000000e5c00000, 0x00000000e5d00000|  0%| F|  |TAMS 0x00000000e5c00000, 0x00000000e5c00000| Untracked 
|  93|0x00000000e5d00000, 0x00000000e5d00000, 0x00000000e5e00000|  0%| F|  |TAMS 0x00000000e5d00000, 0x00000000e5d00000| Untracked 
|  94|0x00000000e5e00000, 0x00000000e5e00000, 0x00000000e5f00000|  0%| F|  |TAMS 0x00000000e5e00000, 0x00000000e5e00000| Untracked 
|  95|0x00000000e5f00000, 0x00000000e5f00000, 0x00000000e6000000|  0%| F|  |TAMS 0x00000000e5f00000, 0x00000000e5f00000| Untracked 
|  96|0x00000000e6000000, 0x00000000e6000000, 0x00000000e6100000|  0%| F|  |TAMS 0x00000000e6000000, 0x00000000e6000000| Untracked 
|  97|0x00000000e6100000, 0x00000000e6100000, 0x00000000e6200000|  0%| F|  |TAMS 0x00000000e6100000, 0x00000000e6100000| Untracked 
|  98|0x00000000e6200000, 0x00000000e6200000, 0x00000000e6300000|  0%| F|  |TAMS 0x00000000e6200000, 0x00000000e6200000| Untracked 
|  99|0x00000000e6300000, 0x00000000e6300000, 0x00000000e6400000|  0%| F|  |TAMS 0x00000000e6300000, 0x00000000e6300000| Untracked 
| 100|0x00000000e6400000, 0x00000000e6400000, 0x00000000e6500000|  0%| F|  |TAMS 0x00000000e6400000, 0x00000000e6400000| Untracked 
| 101|0x00000000e6500000, 0x00000000e6500000, 0x00000000e6600000|  0%| F|  |TAMS 0x00000000e6500000, 0x00000000e6500000| Untracked 
| 102|0x00000000e6600000, 0x00000000e6600000, 0x00000000e6700000|  0%| F|  |TAMS 0x00000000e6600000, 0x00000000e6600000| Untracked 
| 103|0x00000000e6700000, 0x00000000e6700000, 0x00000000e6800000|  0%| F|  |TAMS 0x00000000e6700000, 0x00000000e6700000| Untracked 
| 104|0x00000000e6800000, 0x00000000e6800000, 0x00000000e6900000|  0%| F|  |TAMS 0x00000000e6800000, 0x00000000e6800000| Untracked 
| 105|0x00000000e6900000, 0x00000000e6900000, 0x00000000e6a00000|  0%| F|  |TAMS 0x00000000e6900000, 0x00000000e6900000| Untracked 
| 106|0x00000000e6a00000, 0x00000000e6a00000, 0x00000000e6b00000|  0%| F|  |TAMS 0x00000000e6a00000, 0x00000000e6a00000| Untracked 
| 107|0x00000000e6b00000, 0x00000000e6b00000, 0x00000000e6c00000|  0%| F|  |TAMS 0x00000000e6b00000, 0x00000000e6b00000| Untracked 
| 108|0x00000000e6c00000, 0x00000000e6c00000, 0x00000000e6d00000|  0%| F|  |TAMS 0x00000000e6c00000, 0x00000000e6c00000| Untracked 
| 109|0x00000000e6d00000, 0x00000000e6d00000, 0x00000000e6e00000|  0%| F|  |TAMS 0x00000000e6d00000, 0x00000000e6d00000| Untracked 
| 110|0x00000000e6e00000, 0x00000000e6e00000, 0x00000000e6f00000|  0%| F|  |TAMS 0x00000000e6e00000, 0x00000000e6e00000| Untracked 
| 111|0x00000000e6f00000, 0x00000000e6f00000, 0x00000000e7000000|  0%| F|  |TAMS 0x00000000e6f00000, 0x00000000e6f00000| Untracked 
| 112|0x00000000e7000000, 0x00000000e7000000, 0x00000000e7100000|  0%| F|  |TAMS 0x00000000e7000000, 0x00000000e7000000| Untracked 
| 113|0x00000000e7100000, 0x00000000e7100000, 0x00000000e7200000|  0%| F|  |TAMS 0x00000000e7100000, 0x00000000e7100000| Untracked 
| 114|0x00000000e7200000, 0x00000000e7200000, 0x00000000e7300000|  0%| F|  |TAMS 0x00000000e7200000, 0x00000000e7200000| Untracked 
| 115|0x00000000e7300000, 0x00000000e7300000, 0x00000000e7400000|  0%| F|  |TAMS 0x00000000e7300000, 0x00000000e7300000| Untracked 
| 116|0x00000000e7400000, 0x00000000e7400000, 0x00000000e7500000|  0%| F|  |TAMS 0x00000000e7400000, 0x00000000e7400000| Untracked 
| 117|0x00000000e7500000, 0x00000000e7500000, 0x00000000e7600000|  0%| F|  |TAMS 0x00000000e7500000, 0x00000000e7500000| Untracked 
| 118|0x00000000e7600000, 0x00000000e7600000, 0x00000000e7700000|  0%| F|  |TAMS 0x00000000e7600000, 0x00000000e7600000| Untracked 
| 119|0x00000000e7700000, 0x00000000e7700000, 0x00000000e7800000|  0%| F|  |TAMS 0x00000000e7700000, 0x00000000e7700000| Untracked 
| 120|0x00000000e7800000, 0x00000000e7800000, 0x00000000e7900000|  0%| F|  |TAMS 0x00000000e7800000, 0x00000000e7800000| Untracked 
| 121|0x00000000e7900000, 0x00000000e7900000, 0x00000000e7a00000|  0%| F|  |TAMS 0x00000000e7900000, 0x00000000e7900000| Untracked 
| 122|0x00000000e7a00000, 0x00000000e7a00000, 0x00000000e7b00000|  0%| F|  |TAMS 0x00000000e7a00000, 0x00000000e7a00000| Untracked 
| 123|0x00000000e7b00000, 0x00000000e7b00000, 0x00000000e7c00000|  0%| F|  |TAMS 0x00000000e7b00000, 0x00000000e7b00000| Untracked 
| 124|0x00000000e7c00000, 0x00000000e7c00000, 0x00000000e7d00000|  0%| F|  |TAMS 0x00000000e7c00000, 0x00000000e7c00000| Untracked 
| 125|0x00000000e7d00000, 0x00000000e7d00000, 0x00000000e7e00000|  0%| F|  |TAMS 0x00000000e7d00000, 0x00000000e7d00000| Untracked 
| 126|0x00000000e7e00000, 0x00000000e7e00000, 0x00000000e7f00000|  0%| F|  |TAMS 0x00000000e7e00000, 0x00000000e7e00000| Untracked 
| 127|0x00000000e7f00000, 0x00000000e7f00000, 0x00000000e8000000|  0%| F|  |TAMS 0x00000000e7f00000, 0x00000000e7f00000| Untracked 
| 128|0x00000000e8000000, 0x00000000e8000000, 0x00000000e8100000|  0%| F|  |TAMS 0x00000000e8000000, 0x00000000e8000000| Untracked 
| 129|0x00000000e8100000, 0x00000000e8100000, 0x00000000e8200000|  0%| F|  |TAMS 0x00000000e8100000, 0x00000000e8100000| Untracked 
| 130|0x00000000e8200000, 0x00000000e8200000, 0x00000000e8300000|  0%| F|  |TAMS 0x00000000e8200000, 0x00000000e8200000| Untracked 
| 131|0x00000000e8300000, 0x00000000e8300000, 0x00000000e8400000|  0%| F|  |TAMS 0x00000000e8300000, 0x00000000e8300000| Untracked 
| 132|0x00000000e8400000, 0x00000000e8400000, 0x00000000e8500000|  0%| F|  |TAMS 0x00000000e8400000, 0x00000000e8400000| Untracked 
| 133|0x00000000e8500000, 0x00000000e8500000, 0x00000000e8600000|  0%| F|  |TAMS 0x00000000e8500000, 0x00000000e8500000| Untracked 
| 134|0x00000000e8600000, 0x00000000e8600000, 0x00000000e8700000|  0%| F|  |TAMS 0x00000000e8600000, 0x00000000e8600000| Untracked 
| 135|0x00000000e8700000, 0x00000000e8700000, 0x00000000e8800000|  0%| F|  |TAMS 0x00000000e8700000, 0x00000000e8700000| Untracked 
| 136|0x00000000e8800000, 0x00000000e8800000, 0x00000000e8900000|  0%| F|  |TAMS 0x00000000e8800000, 0x00000000e8800000| Untracked 
| 137|0x00000000e8900000, 0x00000000e8900000, 0x00000000e8a00000|  0%| F|  |TAMS 0x00000000e8900000, 0x00000000e8900000| Untracked 
| 138|0x00000000e8a00000, 0x00000000e8a00000, 0x00000000e8b00000|  0%| F|  |TAMS 0x00000000e8a00000, 0x00000000e8a00000| Untracked 
| 139|0x00000000e8b00000, 0x00000000e8b5c850, 0x00000000e8c00000| 36%| S|CS|TAMS 0x00000000e8b00000, 0x00000000e8b00000| Complete 
| 140|0x00000000e8c00000, 0x00000000e8d00000, 0x00000000e8d00000|100%| S|CS|TAMS 0x00000000e8c00000, 0x00000000e8c00000| Complete 
| 141|0x00000000e8d00000, 0x00000000e8e00000, 0x00000000e8e00000|100%| S|CS|TAMS 0x00000000e8d00000, 0x00000000e8d00000| Complete 
| 142|0x00000000e8e00000, 0x00000000e8f00000, 0x00000000e8f00000|100%| S|CS|TAMS 0x00000000e8e00000, 0x00000000e8e00000| Complete 
| 143|0x00000000e8f00000, 0x00000000e9000000, 0x00000000e9000000|100%| S|CS|TAMS 0x00000000e8f00000, 0x00000000e8f00000| Complete 
| 144|0x00000000e9000000, 0x00000000e9100000, 0x00000000e9100000|100%| S|CS|TAMS 0x00000000e9000000, 0x00000000e9000000| Complete 
| 145|0x00000000e9100000, 0x00000000e9200000, 0x00000000e9200000|100%| S|CS|TAMS 0x00000000e9100000, 0x00000000e9100000| Complete 
| 146|0x00000000e9200000, 0x00000000e9300000, 0x00000000e9300000|100%| S|CS|TAMS 0x00000000e9200000, 0x00000000e9200000| Complete 
| 147|0x00000000e9300000, 0x00000000e9400000, 0x00000000e9400000|100%| S|CS|TAMS 0x00000000e9300000, 0x00000000e9300000| Complete 
| 148|0x00000000e9400000, 0x00000000e9500000, 0x00000000e9500000|100%| S|CS|TAMS 0x00000000e9400000, 0x00000000e9400000| Complete 
| 149|0x00000000e9500000, 0x00000000e9600000, 0x00000000e9600000|100%| S|CS|TAMS 0x00000000e9500000, 0x00000000e9500000| Complete 
| 150|0x00000000e9600000, 0x00000000e9700000, 0x00000000e9700000|100%| S|CS|TAMS 0x00000000e9600000, 0x00000000e9600000| Complete 
| 151|0x00000000e9700000, 0x00000000e9700000, 0x00000000e9800000|  0%| F|  |TAMS 0x00000000e9700000, 0x00000000e9700000| Untracked 
| 152|0x00000000e9800000, 0x00000000e9800000, 0x00000000e9900000|  0%| F|  |TAMS 0x00000000e9800000, 0x00000000e9800000| Untracked 
| 153|0x00000000e9900000, 0x00000000e9900000, 0x00000000e9a00000|  0%| F|  |TAMS 0x00000000e9900000, 0x00000000e9900000| Untracked 
| 154|0x00000000e9a00000, 0x00000000e9a00000, 0x00000000e9b00000|  0%| F|  |TAMS 0x00000000e9a00000, 0x00000000e9a00000| Untracked 
| 155|0x00000000e9b00000, 0x00000000e9b00000, 0x00000000e9c00000|  0%| F|  |TAMS 0x00000000e9b00000, 0x00000000e9b00000| Untracked 
| 156|0x00000000e9c00000, 0x00000000e9c00000, 0x00000000e9d00000|  0%| F|  |TAMS 0x00000000e9c00000, 0x00000000e9c00000| Untracked 
| 157|0x00000000e9d00000, 0x00000000e9d00000, 0x00000000e9e00000|  0%| F|  |TAMS 0x00000000e9d00000, 0x00000000e9d00000| Untracked 
| 158|0x00000000e9e00000, 0x00000000e9e00000, 0x00000000e9f00000|  0%| F|  |TAMS 0x00000000e9e00000, 0x00000000e9e00000| Untracked 
| 159|0x00000000e9f00000, 0x00000000e9f00000, 0x00000000ea000000|  0%| F|  |TAMS 0x00000000e9f00000, 0x00000000e9f00000| Untracked 
| 160|0x00000000ea000000, 0x00000000ea000000, 0x00000000ea100000|  0%| F|  |TAMS 0x00000000ea000000, 0x00000000ea000000| Untracked 
| 161|0x00000000ea100000, 0x00000000ea100000, 0x00000000ea200000|  0%| F|  |TAMS 0x00000000ea100000, 0x00000000ea100000| Untracked 
| 162|0x00000000ea200000, 0x00000000ea200000, 0x00000000ea300000|  0%| F|  |TAMS 0x00000000ea200000, 0x00000000ea200000| Untracked 
| 163|0x00000000ea300000, 0x00000000ea300000, 0x00000000ea400000|  0%| F|  |TAMS 0x00000000ea300000, 0x00000000ea300000| Untracked 
| 164|0x00000000ea400000, 0x00000000ea400000, 0x00000000ea500000|  0%| F|  |TAMS 0x00000000ea400000, 0x00000000ea400000| Untracked 
| 165|0x00000000ea500000, 0x00000000ea500000, 0x00000000ea600000|  0%| F|  |TAMS 0x00000000ea500000, 0x00000000ea500000| Untracked 
| 166|0x00000000ea600000, 0x00000000ea600000, 0x00000000ea700000|  0%| F|  |TAMS 0x00000000ea600000, 0x00000000ea600000| Untracked 
| 167|0x00000000ea700000, 0x00000000ea700000, 0x00000000ea800000|  0%| F|  |TAMS 0x00000000ea700000, 0x00000000ea700000| Untracked 
| 168|0x00000000ea800000, 0x00000000ea800000, 0x00000000ea900000|  0%| F|  |TAMS 0x00000000ea800000, 0x00000000ea800000| Untracked 
| 169|0x00000000ea900000, 0x00000000ea900000, 0x00000000eaa00000|  0%| F|  |TAMS 0x00000000ea900000, 0x00000000ea900000| Untracked 
| 170|0x00000000eaa00000, 0x00000000eaa00000, 0x00000000eab00000|  0%| F|  |TAMS 0x00000000eaa00000, 0x00000000eaa00000| Untracked 
| 171|0x00000000eab00000, 0x00000000eab00000, 0x00000000eac00000|  0%| F|  |TAMS 0x00000000eab00000, 0x00000000eab00000| Untracked 
| 172|0x00000000eac00000, 0x00000000eac00000, 0x00000000ead00000|  0%| F|  |TAMS 0x00000000eac00000, 0x00000000eac00000| Untracked 
| 173|0x00000000ead00000, 0x00000000ead00000, 0x00000000eae00000|  0%| F|  |TAMS 0x00000000ead00000, 0x00000000ead00000| Untracked 
| 174|0x00000000eae00000, 0x00000000eae00000, 0x00000000eaf00000|  0%| F|  |TAMS 0x00000000eae00000, 0x00000000eae00000| Untracked 
| 175|0x00000000eaf00000, 0x00000000eaf00000, 0x00000000eb000000|  0%| F|  |TAMS 0x00000000eaf00000, 0x00000000eaf00000| Untracked 
| 176|0x00000000eb000000, 0x00000000eb000000, 0x00000000eb100000|  0%| F|  |TAMS 0x00000000eb000000, 0x00000000eb000000| Untracked 
| 177|0x00000000eb100000, 0x00000000eb100000, 0x00000000eb200000|  0%| F|  |TAMS 0x00000000eb100000, 0x00000000eb100000| Untracked 
| 178|0x00000000eb200000, 0x00000000eb200000, 0x00000000eb300000|  0%| F|  |TAMS 0x00000000eb200000, 0x00000000eb200000| Untracked 
| 179|0x00000000eb300000, 0x00000000eb300000, 0x00000000eb400000|  0%| F|  |TAMS 0x00000000eb300000, 0x00000000eb300000| Untracked 
| 180|0x00000000eb400000, 0x00000000eb400000, 0x00000000eb500000|  0%| F|  |TAMS 0x00000000eb400000, 0x00000000eb400000| Untracked 
| 181|0x00000000eb500000, 0x00000000eb500000, 0x00000000eb600000|  0%| F|  |TAMS 0x00000000eb500000, 0x00000000eb500000| Untracked 
| 182|0x00000000eb600000, 0x00000000eb600000, 0x00000000eb700000|  0%| F|  |TAMS 0x00000000eb600000, 0x00000000eb600000| Untracked 
| 183|0x00000000eb700000, 0x00000000eb700000, 0x00000000eb800000|  0%| F|  |TAMS 0x00000000eb700000, 0x00000000eb700000| Untracked 
| 184|0x00000000eb800000, 0x00000000eb800000, 0x00000000eb900000|  0%| F|  |TAMS 0x00000000eb800000, 0x00000000eb800000| Untracked 
| 185|0x00000000eb900000, 0x00000000eb900000, 0x00000000eba00000|  0%| F|  |TAMS 0x00000000eb900000, 0x00000000eb900000| Untracked 
| 186|0x00000000eba00000, 0x00000000eba00000, 0x00000000ebb00000|  0%| F|  |TAMS 0x00000000eba00000, 0x00000000eba00000| Untracked 
| 187|0x00000000ebb00000, 0x00000000ebb00000, 0x00000000ebc00000|  0%| F|  |TAMS 0x00000000ebb00000, 0x00000000ebb00000| Untracked 
| 188|0x00000000ebc00000, 0x00000000ebc00000, 0x00000000ebd00000|  0%| F|  |TAMS 0x00000000ebc00000, 0x00000000ebc00000| Untracked 
| 189|0x00000000ebd00000, 0x00000000ebd00000, 0x00000000ebe00000|  0%| F|  |TAMS 0x00000000ebd00000, 0x00000000ebd00000| Untracked 
| 190|0x00000000ebe00000, 0x00000000ebe00000, 0x00000000ebf00000|  0%| F|  |TAMS 0x00000000ebe00000, 0x00000000ebe00000| Untracked 
| 191|0x00000000ebf00000, 0x00000000ebf00000, 0x00000000ec000000|  0%| F|  |TAMS 0x00000000ebf00000, 0x00000000ebf00000| Untracked 
| 192|0x00000000ec000000, 0x00000000ec000000, 0x00000000ec100000|  0%| F|  |TAMS 0x00000000ec000000, 0x00000000ec000000| Untracked 
| 193|0x00000000ec100000, 0x00000000ec100000, 0x00000000ec200000|  0%| F|  |TAMS 0x00000000ec100000, 0x00000000ec100000| Untracked 
| 194|0x00000000ec200000, 0x00000000ec200000, 0x00000000ec300000|  0%| F|  |TAMS 0x00000000ec200000, 0x00000000ec200000| Untracked 
| 195|0x00000000ec300000, 0x00000000ec300000, 0x00000000ec400000|  0%| F|  |TAMS 0x00000000ec300000, 0x00000000ec300000| Untracked 
| 196|0x00000000ec400000, 0x00000000ec400000, 0x00000000ec500000|  0%| F|  |TAMS 0x00000000ec400000, 0x00000000ec400000| Untracked 
| 197|0x00000000ec500000, 0x00000000ec500000, 0x00000000ec600000|  0%| F|  |TAMS 0x00000000ec500000, 0x00000000ec500000| Untracked 
| 198|0x00000000ec600000, 0x00000000ec600000, 0x00000000ec700000|  0%| F|  |TAMS 0x00000000ec600000, 0x00000000ec600000| Untracked 
| 199|0x00000000ec700000, 0x00000000ec700000, 0x00000000ec800000|  0%| F|  |TAMS 0x00000000ec700000, 0x00000000ec700000| Untracked 
| 200|0x00000000ec800000, 0x00000000ec800000, 0x00000000ec900000|  0%| F|  |TAMS 0x00000000ec800000, 0x00000000ec800000| Untracked 
| 201|0x00000000ec900000, 0x00000000ec980800, 0x00000000eca00000| 50%| E|  |TAMS 0x00000000ec900000, 0x00000000ec900000| Complete 
| 202|0x00000000eca00000, 0x00000000ecb00000, 0x00000000ecb00000|100%| E|CS|TAMS 0x00000000eca00000, 0x00000000eca00000| Complete 
| 203|0x00000000ecb00000, 0x00000000ecc00000, 0x00000000ecc00000|100%| E|CS|TAMS 0x00000000ecb00000, 0x00000000ecb00000| Complete 
| 204|0x00000000ecc00000, 0x00000000ecd00000, 0x00000000ecd00000|100%| E|CS|TAMS 0x00000000ecc00000, 0x00000000ecc00000| Complete 
| 205|0x00000000ecd00000, 0x00000000ece00000, 0x00000000ece00000|100%| E|CS|TAMS 0x00000000ecd00000, 0x00000000ecd00000| Complete 
| 206|0x00000000ece00000, 0x00000000ecf00000, 0x00000000ecf00000|100%| E|CS|TAMS 0x00000000ece00000, 0x00000000ece00000| Complete 
| 207|0x00000000ecf00000, 0x00000000ed000000, 0x00000000ed000000|100%| E|CS|TAMS 0x00000000ecf00000, 0x00000000ecf00000| Complete 
| 208|0x00000000ed000000, 0x00000000ed100000, 0x00000000ed100000|100%| E|CS|TAMS 0x00000000ed000000, 0x00000000ed000000| Complete 
| 209|0x00000000ed100000, 0x00000000ed200000, 0x00000000ed200000|100%| E|CS|TAMS 0x00000000ed100000, 0x00000000ed100000| Complete 
| 210|0x00000000ed200000, 0x00000000ed300000, 0x00000000ed300000|100%| E|CS|TAMS 0x00000000ed200000, 0x00000000ed200000| Complete 
| 211|0x00000000ed300000, 0x00000000ed400000, 0x00000000ed400000|100%| E|CS|TAMS 0x00000000ed300000, 0x00000000ed300000| Complete 
| 212|0x00000000ed400000, 0x00000000ed500000, 0x00000000ed500000|100%| E|CS|TAMS 0x00000000ed400000, 0x00000000ed400000| Complete 
| 213|0x00000000ed500000, 0x00000000ed600000, 0x00000000ed600000|100%| E|CS|TAMS 0x00000000ed500000, 0x00000000ed500000| Complete 
| 214|0x00000000ed600000, 0x00000000ed700000, 0x00000000ed700000|100%| E|CS|TAMS 0x00000000ed600000, 0x00000000ed600000| Complete 
| 215|0x00000000ed700000, 0x00000000ed800000, 0x00000000ed800000|100%| E|CS|TAMS 0x00000000ed700000, 0x00000000ed700000| Complete 
| 216|0x00000000ed800000, 0x00000000ed900000, 0x00000000ed900000|100%| E|CS|TAMS 0x00000000ed800000, 0x00000000ed800000| Complete 
| 217|0x00000000ed900000, 0x00000000eda00000, 0x00000000eda00000|100%| E|CS|TAMS 0x00000000ed900000, 0x00000000ed900000| Complete 
| 218|0x00000000eda00000, 0x00000000edb00000, 0x00000000edb00000|100%| E|CS|TAMS 0x00000000eda00000, 0x00000000eda00000| Complete 
| 219|0x00000000edb00000, 0x00000000edc00000, 0x00000000edc00000|100%| E|CS|TAMS 0x00000000edb00000, 0x00000000edb00000| Complete 
| 220|0x00000000edc00000, 0x00000000edd00000, 0x00000000edd00000|100%| E|CS|TAMS 0x00000000edc00000, 0x00000000edc00000| Complete 
| 221|0x00000000edd00000, 0x00000000ede00000, 0x00000000ede00000|100%| E|CS|TAMS 0x00000000edd00000, 0x00000000edd00000| Complete 
| 222|0x00000000ede00000, 0x00000000edf00000, 0x00000000edf00000|100%| E|CS|TAMS 0x00000000ede00000, 0x00000000ede00000| Complete 
| 223|0x00000000edf00000, 0x00000000ee000000, 0x00000000ee000000|100%| E|CS|TAMS 0x00000000edf00000, 0x00000000edf00000| Complete 
| 224|0x00000000ee000000, 0x00000000ee100000, 0x00000000ee100000|100%| E|CS|TAMS 0x00000000ee000000, 0x00000000ee000000| Complete 
| 225|0x00000000ee100000, 0x00000000ee200000, 0x00000000ee200000|100%| E|CS|TAMS 0x00000000ee100000, 0x00000000ee100000| Complete 
| 226|0x00000000ee200000, 0x00000000ee300000, 0x00000000ee300000|100%| E|CS|TAMS 0x00000000ee200000, 0x00000000ee200000| Complete 
| 227|0x00000000ee300000, 0x00000000ee400000, 0x00000000ee400000|100%| E|CS|TAMS 0x00000000ee300000, 0x00000000ee300000| Complete 
| 228|0x00000000ee400000, 0x00000000ee500000, 0x00000000ee500000|100%| E|CS|TAMS 0x00000000ee400000, 0x00000000ee400000| Complete 
| 229|0x00000000ee500000, 0x00000000ee600000, 0x00000000ee600000|100%| E|CS|TAMS 0x00000000ee500000, 0x00000000ee500000| Complete 
| 230|0x00000000ee600000, 0x00000000ee700000, 0x00000000ee700000|100%| E|CS|TAMS 0x00000000ee600000, 0x00000000ee600000| Complete 
| 231|0x00000000ee700000, 0x00000000ee800000, 0x00000000ee800000|100%| E|CS|TAMS 0x00000000ee700000, 0x00000000ee700000| Complete 
| 232|0x00000000ee800000, 0x00000000ee900000, 0x00000000ee900000|100%| E|CS|TAMS 0x00000000ee800000, 0x00000000ee800000| Complete 
| 233|0x00000000ee900000, 0x00000000eea00000, 0x00000000eea00000|100%| E|CS|TAMS 0x00000000ee900000, 0x00000000ee900000| Complete 
| 234|0x00000000eea00000, 0x00000000eeb00000, 0x00000000eeb00000|100%| E|CS|TAMS 0x00000000eea00000, 0x00000000eea00000| Complete 
| 235|0x00000000eeb00000, 0x00000000eec00000, 0x00000000eec00000|100%| E|CS|TAMS 0x00000000eeb00000, 0x00000000eeb00000| Complete 
| 236|0x00000000eec00000, 0x00000000eed00000, 0x00000000eed00000|100%| E|CS|TAMS 0x00000000eec00000, 0x00000000eec00000| Complete 
| 237|0x00000000eed00000, 0x00000000eee00000, 0x00000000eee00000|100%| E|CS|TAMS 0x00000000eed00000, 0x00000000eed00000| Complete 
| 238|0x00000000eee00000, 0x00000000eef00000, 0x00000000eef00000|100%| E|CS|TAMS 0x00000000eee00000, 0x00000000eee00000| Complete 
| 239|0x00000000eef00000, 0x00000000ef000000, 0x00000000ef000000|100%| E|CS|TAMS 0x00000000eef00000, 0x00000000eef00000| Complete 
| 240|0x00000000ef000000, 0x00000000ef100000, 0x00000000ef100000|100%| E|CS|TAMS 0x00000000ef000000, 0x00000000ef000000| Complete 
| 241|0x00000000ef100000, 0x00000000ef200000, 0x00000000ef200000|100%| E|CS|TAMS 0x00000000ef100000, 0x00000000ef100000| Complete 
| 242|0x00000000ef200000, 0x00000000ef300000, 0x00000000ef300000|100%| E|CS|TAMS 0x00000000ef200000, 0x00000000ef200000| Complete 
| 243|0x00000000ef300000, 0x00000000ef400000, 0x00000000ef400000|100%| E|CS|TAMS 0x00000000ef300000, 0x00000000ef300000| Complete 
| 244|0x00000000ef400000, 0x00000000ef500000, 0x00000000ef500000|100%| E|CS|TAMS 0x00000000ef400000, 0x00000000ef400000| Complete 
| 245|0x00000000ef500000, 0x00000000ef600000, 0x00000000ef600000|100%| E|CS|TAMS 0x00000000ef500000, 0x00000000ef500000| Complete 
| 246|0x00000000ef600000, 0x00000000ef700000, 0x00000000ef700000|100%| E|CS|TAMS 0x00000000ef600000, 0x00000000ef600000| Complete 
| 247|0x00000000ef700000, 0x00000000ef800000, 0x00000000ef800000|100%| E|CS|TAMS 0x00000000ef700000, 0x00000000ef700000| Complete 
| 248|0x00000000ef800000, 0x00000000ef900000, 0x00000000ef900000|100%| E|CS|TAMS 0x00000000ef800000, 0x00000000ef800000| Complete 
| 249|0x00000000ef900000, 0x00000000efa00000, 0x00000000efa00000|100%| E|CS|TAMS 0x00000000ef900000, 0x00000000ef900000| Complete 
| 250|0x00000000efa00000, 0x00000000efb00000, 0x00000000efb00000|100%| E|CS|TAMS 0x00000000efa00000, 0x00000000efa00000| Complete 
| 251|0x00000000efb00000, 0x00000000efc00000, 0x00000000efc00000|100%| E|CS|TAMS 0x00000000efb00000, 0x00000000efb00000| Complete 
| 252|0x00000000efc00000, 0x00000000efd00000, 0x00000000efd00000|100%| E|CS|TAMS 0x00000000efc00000, 0x00000000efc00000| Complete 
| 253|0x00000000efd00000, 0x00000000efe00000, 0x00000000efe00000|100%| E|CS|TAMS 0x00000000efd00000, 0x00000000efd00000| Complete 
| 254|0x00000000efe00000, 0x00000000eff00000, 0x00000000eff00000|100%| E|CS|TAMS 0x00000000efe00000, 0x00000000efe00000| Complete 
| 255|0x00000000eff00000, 0x00000000f0000000, 0x00000000f0000000|100%| E|CS|TAMS 0x00000000eff00000, 0x00000000eff00000| Complete 

Card table byte_map: [0x000001f0705a0000,0x000001f0706a0000] _byte_map_base: 0x000001f06fea0000

Marking Bits (Prev, Next): (CMBitMap*) 0x000001f0579bae60, (CMBitMap*) 0x000001f0579bae20
 Prev Bits: [0x000001f070fa0000, 0x000001f0717a0000)
 Next Bits: [0x000001f0707a0000, 0x000001f070fa0000)

Polling page: 0x000001f057a60000

Metaspace:

Usage:
  Non-class:     24.66 MB used.
      Class:      4.03 MB used.
       Both:     28.69 MB used.

Virtual space:
  Non-class space:       64.00 MB reserved,      24.81 MB ( 39%) committed,  1 nodes.
      Class space:      208.00 MB reserved,       4.19 MB (  2%) committed,  1 nodes.
             Both:      272.00 MB reserved,      29.00 MB ( 11%) committed. 

Chunk freelists:
   Non-Class:  6.97 MB
       Class:  11.83 MB
        Both:  18.80 MB

MaxMetaspaceSize: 256.00 MB
CompressedClassSpaceSize: 208.00 MB
Initial GC threshold: 21.00 MB
Current GC threshold: 35.12 MB
CDS: on
MetaspaceReclaimPolicy: balanced
 - commit_granule_bytes: 65536.
 - commit_granule_words: 8192.
 - virtual_space_node_default_size: 8388608.
 - enlarge_chunks_in_place: 1.
 - new_chunks_are_fully_committed: 0.
 - uncommit_free_chunks: 1.
 - use_allocation_guard: 0.
 - handle_deallocations: 1.


Internal statistics:

num_allocs_failed_limit: 3.
num_arena_births: 250.
num_arena_deaths: 0.
num_vsnodes_births: 2.
num_vsnodes_deaths: 0.
num_space_committed: 464.
num_space_uncommitted: 0.
num_chunks_returned_to_freelist: 3.
num_chunks_taken_from_freelist: 1250.
num_chunk_merges: 3.
num_chunk_splits: 854.
num_chunks_enlarged: 624.
num_inconsistent_stats: 0.

CodeHeap 'non-profiled nmethods': size=120000Kb used=1910Kb max_used=1910Kb free=118089Kb
 bounds [0x000001f068500000, 0x000001f068770000, 0x000001f06fa30000]
CodeHeap 'profiled nmethods': size=120000Kb used=7096Kb max_used=7096Kb free=112903Kb
 bounds [0x000001f060a30000, 0x000001f061120000, 0x000001f067f60000]
CodeHeap 'non-nmethods': size=5760Kb used=1585Kb max_used=1683Kb free=4174Kb
 bounds [0x000001f067f60000, 0x000001f0681d0000, 0x000001f068500000]
 total_blobs=4083 nmethods=3435 adapters=560
 compilation: enabled
              stopped_count=0, restarted_count=0
 full_count=0

Compilation events (20 events):
Event: 6.185 Thread 0x000001f074236620 nmethod 3394 0x000001f0610f7810 code [0x000001f0610f7a00, 0x000001f0610f7d18]
Event: 6.190 Thread 0x000001f074236620 3397       3       java.util.ComparableTimSort::binarySort (223 bytes)
Event: 6.191 Thread 0x000001f074236620 nmethod 3397 0x000001f0610f7e90 code [0x000001f0610f80c0, 0x000001f0610f8cd8]
Event: 6.192 Thread 0x000001f074236620 3398       3       java.util.concurrent.locks.AbstractQueuedSynchronizer$ConditionObject::unlinkCancelledWaiters (91 bytes)
Event: 6.193 Thread 0x000001f074236620 nmethod 3398 0x000001f0610f9010 code [0x000001f0610f91e0, 0x000001f0610f9698]
Event: 6.193 Thread 0x000001f074236620 3399       3       org.codehaus.groovy.reflection.ClassInfo::isSAM (13 bytes)
Event: 6.193 Thread 0x000001f074236620 nmethod 3399 0x000001f0610f9810 code [0x000001f0610f99c0, 0x000001f0610f9bc8]
Event: 6.194 Thread 0x000001f074236620 3400       3       org.codehaus.groovy.reflection.CachedClass::getSuperClassDistance (41 bytes)
Event: 6.194 Thread 0x000001f074236620 nmethod 3400 0x000001f0610f9c90 code [0x000001f0610f9e40, 0x000001f0610fa0c8]
Event: 6.196 Thread 0x000001f074236620 3401       3       java.util.concurrent.atomic.AtomicReferenceArray::length (6 bytes)
Event: 6.196 Thread 0x000001f074236620 nmethod 3401 0x000001f0610fa210 code [0x000001f0610fa3a0, 0x000001f0610fa4b8]
Event: 6.201 Thread 0x000001f074236620 3402       3       java.beans.FeatureDescriptor::<init> (5 bytes)
Event: 6.201 Thread 0x000001f074236620 nmethod 3402 0x000001f0610fa590 code [0x000001f0610fa720, 0x000001f0610fa878]
Event: 6.203 Thread 0x000001f074236620 3403       3       java.beans.FeatureDescriptor::getParameterTypes (21 bytes)
Event: 6.205 Thread 0x000001f074236620 nmethod 3403 0x000001f0610fa910 code [0x000001f0610fabc0, 0x000001f0610fb978]
Event: 6.205 Thread 0x000001f074236620 3405   !   3       java.lang.reflect.Executable::sharedToGenericString (255 bytes)
Event: 6.209 Thread 0x000001f074236620 nmethod 3405 0x000001f0610fbd90 code [0x000001f0610fc300, 0x000001f0610fe998]
Event: 6.209 Thread 0x000001f074236620 3406   !   3       sun.reflect.annotation.AnnotationParser::parseAnnotation2 (271 bytes)
Event: 6.213 Thread 0x000001f074236620 nmethod 3406 0x000001f0610ffb10 code [0x000001f0610fff20, 0x000001f061101be8]
Event: 6.213 Thread 0x000001f074236620 3413       3       java.util.Hashtable::addEntry (87 bytes)

GC Heap History (6 events):
Event: 1.149 GC heap before
{Heap before GC invocations=0 (full 0):
 garbage-first heap   total 262144K, used 28672K [0x00000000e0000000, 0x0000000100000000)
  region size 1024K, 23 young (23552K), 0 survivors (0K)
 Metaspace       used 2985K, committed 3136K, reserved 278528K
  class space    used 380K, committed 448K, reserved 212992K
}
Event: 1.155 GC heap after
{Heap after GC invocations=1 (full 0):
 garbage-first heap   total 262144K, used 9159K [0x00000000e0000000, 0x0000000100000000)
  region size 1024K, 3 young (3072K), 3 survivors (3072K)
 Metaspace       used 2985K, committed 3136K, reserved 278528K
  class space    used 380K, committed 448K, reserved 212992K
}
Event: 1.542 GC heap before
{Heap before GC invocations=1 (full 0):
 garbage-first heap   total 262144K, used 38855K [0x00000000e0000000, 0x0000000100000000)
  region size 1024K, 31 young (31744K), 3 survivors (3072K)
 Metaspace       used 3895K, committed 4096K, reserved 278528K
  class space    used 476K, committed 576K, reserved 212992K
}
Event: 1.546 GC heap after
{Heap after GC invocations=2 (full 0):
 garbage-first heap   total 262144K, used 13491K [0x00000000e0000000, 0x0000000100000000)
  region size 1024K, 4 young (4096K), 4 survivors (4096K)
 Metaspace       used 3895K, committed 4096K, reserved 278528K
  class space    used 476K, committed 576K, reserved 212992K
}
Event: 4.641 GC heap before
{Heap before GC invocations=2 (full 0):
 garbage-first heap   total 262144K, used 115891K [0x00000000e0000000, 0x0000000100000000)
  region size 1024K, 105 young (107520K), 4 survivors (4096K)
 Metaspace       used 21278K, committed 21504K, reserved 278528K
  class space    used 3154K, committed 3264K, reserved 212992K
}
Event: 4.656 GC heap after
{Heap after GC invocations=3 (full 0):
 garbage-first heap   total 262144K, used 21029K [0x00000000e0000000, 0x0000000100000000)
  region size 1024K, 12 young (12288K), 12 survivors (12288K)
 Metaspace       used 21278K, committed 21504K, reserved 278528K
  class space    used 3154K, committed 3264K, reserved 212992K
}

Deoptimization events (20 events):
Event: 5.657 Thread 0x000001f07a611390 Uncommon trap: trap_request=0xffffff6e fr.pc=0x000001f0686bdec0 relative=0x00000000000004e0
Event: 5.657 Thread 0x000001f07a611390 Uncommon trap: reason=loop_limit_check action=maybe_recompile pc=0x000001f0686bdec0 method=java.util.regex.Pattern$Start.match(Ljava/util/regex/Matcher;ILjava/lang/CharSequence;)Z @ 34 c2
Event: 5.657 Thread 0x000001f07a611390 DEOPT PACKING pc=0x000001f0686bdec0 sp=0x0000007ddf6f8df0
Event: 5.657 Thread 0x000001f07a611390 DEOPT UNPACKING pc=0x000001f067fb23a3 sp=0x0000007ddf6f8d30 mode 2
Event: 5.874 Thread 0x000001f07a611390 Uncommon trap: trap_request=0xffffff45 fr.pc=0x000001f0686cf118 relative=0x0000000000000098
Event: 5.874 Thread 0x000001f07a611390 Uncommon trap: reason=unstable_if action=reinterpret pc=0x000001f0686cf118 method=java.util.regex.Pattern$LastNode.match(Ljava/util/regex/Matcher;ILjava/lang/CharSequence;)Z @ 5 c2
Event: 5.874 Thread 0x000001f07a611390 DEOPT PACKING pc=0x000001f0686cf118 sp=0x0000007ddf6fa070
Event: 5.874 Thread 0x000001f07a611390 DEOPT UNPACKING pc=0x000001f067fb23a3 sp=0x0000007ddf6fa008 mode 2
Event: 6.073 Thread 0x000001f07a611390 Uncommon trap: trap_request=0xffffff45 fr.pc=0x000001f068680bdc relative=0x000000000000079c
Event: 6.073 Thread 0x000001f07a611390 Uncommon trap: reason=unstable_if action=reinterpret pc=0x000001f068680bdc method=java.lang.Class.getPackageName()Ljava/lang/String; @ 55 c2
Event: 6.073 Thread 0x000001f07a611390 DEOPT PACKING pc=0x000001f068680bdc sp=0x0000007ddf6f9df0
Event: 6.073 Thread 0x000001f07a611390 DEOPT UNPACKING pc=0x000001f067fb23a3 sp=0x0000007ddf6f9db0 mode 2
Event: 6.139 Thread 0x000001f07a611390 Uncommon trap: trap_request=0xffffffde fr.pc=0x000001f0686d0b24 relative=0x0000000000000444
Event: 6.139 Thread 0x000001f07a611390 Uncommon trap: reason=class_check action=maybe_recompile pc=0x000001f0686d0b24 method=java.util.regex.Pattern$Start.match(Ljava/util/regex/Matcher;ILjava/lang/CharSequence;)Z @ 44 c2
Event: 6.139 Thread 0x000001f07a611390 DEOPT PACKING pc=0x000001f0686d0b24 sp=0x0000007ddf6f8610
Event: 6.139 Thread 0x000001f07a611390 DEOPT UNPACKING pc=0x000001f067fb23a3 sp=0x0000007ddf6f84d8 mode 2
Event: 6.141 Thread 0x000001f07a611390 Uncommon trap: trap_request=0xffffffde fr.pc=0x000001f0686d0b24 relative=0x0000000000000444
Event: 6.141 Thread 0x000001f07a611390 Uncommon trap: reason=class_check action=maybe_recompile pc=0x000001f0686d0b24 method=java.util.regex.Pattern$Start.match(Ljava/util/regex/Matcher;ILjava/lang/CharSequence;)Z @ 44 c2
Event: 6.141 Thread 0x000001f07a611390 DEOPT PACKING pc=0x000001f0686d0b24 sp=0x0000007ddf6f8610
Event: 6.141 Thread 0x000001f07a611390 DEOPT UNPACKING pc=0x000001f067fb23a3 sp=0x0000007ddf6f84d8 mode 2

Classes unloaded (0 events):
No events

Classes redefined (0 events):
No events

Internal exceptions (20 events):
Event: 6.125 Thread 0x000001f07a611390 Exception <a 'java/lang/ClassNotFoundException'{0x00000000ece10e28}: settings_46zqiwof7ooy2qd2p7014lrhmBeanInfo> (0x00000000ece10e28) 
thrown [s\open\src\hotspot\share\classfile\systemDictionary.cpp, line 256]
Event: 6.126 Thread 0x000001f07a611390 Exception <a 'java/lang/ClassNotFoundException'{0x00000000ece1b0f0}: org/gradle/initialization/SettingsScriptBeanInfo> (0x00000000ece1b0f0) 
thrown [s\open\src\hotspot\share\classfile\systemDictionary.cpp, line 256]
Event: 6.126 Thread 0x000001f07a611390 Exception <a 'java/lang/ClassNotFoundException'{0x00000000ece257a0}: org/gradle/plugin/use/internal/PluginsAwareScriptBeanInfo> (0x00000000ece257a0) 
thrown [s\open\src\hotspot\share\classfile\systemDictionary.cpp, line 256]
Event: 6.127 Thread 0x000001f07a611390 Exception <a 'java/lang/ClassNotFoundException'{0x00000000ece2fd58}: org/gradle/groovy/scripts/DefaultScriptBeanInfo> (0x00000000ece2fd58) 
thrown [s\open\src\hotspot\share\classfile\systemDictionary.cpp, line 256]
Event: 6.128 Thread 0x000001f07a611390 Exception <a 'java/lang/ClassNotFoundException'{0x00000000ece3a2c8}: org/gradle/groovy/scripts/BasicScriptBeanInfo> (0x00000000ece3a2c8) 
thrown [s\open\src\hotspot\share\classfile\systemDictionary.cpp, line 256]
Event: 6.128 Thread 0x000001f07a611390 Exception <a 'java/lang/ClassNotFoundException'{0x00000000ece447c8}: org/gradle/groovy/scripts/ScriptBeanInfo> (0x00000000ece447c8) 
thrown [s\open\src\hotspot\share\classfile\systemDictionary.cpp, line 256]
Event: 6.129 Thread 0x000001f07a611390 Exception <a 'java/lang/ClassNotFoundException'{0x00000000ece5c280}: groovy/lang/ScriptBeanInfo> (0x00000000ece5c280) 
thrown [s\open\src\hotspot\share\classfile\systemDictionary.cpp, line 256]
Event: 6.131 Thread 0x000001f07a611390 Exception <a 'java/lang/ClassNotFoundException'{0x00000000ece73ce8}: groovy/lang/ScriptCustomizer> (0x00000000ece73ce8) 
thrown [s\open\src\hotspot\share\classfile\systemDictionary.cpp, line 256]
Event: 6.133 Thread 0x000001f07a611390 Exception <a 'java/lang/ClassNotFoundException'{0x00000000ece861c0}: org/gradle/groovy/scripts/ScriptCustomizer> (0x00000000ece861c0) 
thrown [s\open\src\hotspot\share\classfile\systemDictionary.cpp, line 256]
Event: 6.136 Thread 0x000001f07a611390 Exception <a 'java/lang/ClassNotFoundException'{0x00000000ece97400}: org/gradle/groovy/scripts/BasicScriptCustomizer> (0x00000000ece97400) 
thrown [s\open\src\hotspot\share\classfile\systemDictionary.cpp, line 256]
Event: 6.138 Thread 0x000001f07a611390 Exception <a 'java/lang/ClassNotFoundException'{0x00000000eceae280}: org/gradle/groovy/scripts/DefaultScriptCustomizer> (0x00000000eceae280) 
thrown [s\open\src\hotspot\share\classfile\systemDictionary.cpp, line 256]
Event: 6.147 Thread 0x000001f07a611390 Exception <a 'java/lang/ClassNotFoundException'{0x00000000eceebf80}: org/gradle/plugin/use/internal/PluginsAwareScriptCustomizer> (0x00000000eceebf80) 
thrown [s\open\src\hotspot\share\classfile\systemDictionary.cpp, line 256]
Event: 6.149 Thread 0x000001f07a611390 Exception <a 'java/lang/ClassNotFoundException'{0x00000000ecefe610}: org/gradle/initialization/SettingsScriptCustomizer> (0x00000000ecefe610) 
thrown [s\open\src\hotspot\share\classfile\systemDictionary.cpp, line 256]
Event: 6.151 Thread 0x000001f07a611390 Exception <a 'java/lang/ClassNotFoundException'{0x00000000ecd0bd20}: settings_46zqiwof7ooy2qd2p7014lrhmCustomizer> (0x00000000ecd0bd20) 
thrown [s\open\src\hotspot\share\classfile\systemDictionary.cpp, line 256]
Event: 6.196 Thread 0x000001f07a611390 Exception <a 'java/lang/ClassNotFoundException'{0x00000000ecc41f10}: org/gradle/initialization/DefaultSettings_DecoratedBeanInfo> (0x00000000ecc41f10) 
thrown [s\open\src\hotspot\share\classfile\systemDictionary.cpp, line 256]
Event: 6.198 Thread 0x000001f07a611390 Exception <a 'java/lang/ClassNotFoundException'{0x00000000ecc50888}: org/gradle/initialization/DefaultSettingsBeanInfo> (0x00000000ecc50888) 
thrown [s\open\src\hotspot\share\classfile\systemDictionary.cpp, line 256]
Event: 6.199 Thread 0x000001f07a611390 Exception <a 'java/lang/ClassNotFoundException'{0x00000000ecc5fc90}: org/gradle/api/internal/project/AbstractPluginAwareBeanInfo> (0x00000000ecc5fc90) 
thrown [s\open\src\hotspot\share\classfile\systemDictionary.cpp, line 256]
Event: 6.200 Thread 0x000001f07a611390 Exception <a 'java/lang/ClassNotFoundException'{0x00000000ecc6eb20}: org/gradle/api/internal/project/AbstractPluginAwareCustomizer> (0x00000000ecc6eb20) 
thrown [s\open\src\hotspot\share\classfile\systemDictionary.cpp, line 256]
Event: 6.202 Thread 0x000001f07a611390 Exception <a 'java/lang/ClassNotFoundException'{0x00000000ecc834c0}: org/gradle/initialization/DefaultSettingsCustomizer> (0x00000000ecc834c0) 
thrown [s\open\src\hotspot\share\classfile\systemDictionary.cpp, line 256]
Event: 6.207 Thread 0x000001f07a611390 Exception <a 'java/lang/ClassNotFoundException'{0x00000000eccc0f98}: org/gradle/initialization/DefaultSettings_DecoratedCustomizer> (0x00000000eccc0f98) 
thrown [s\open\src\hotspot\share\classfile\systemDictionary.cpp, line 256]

VM Operations (20 events):
Event: 5.083 Executing VM operation: HandshakeAllThreads
Event: 5.112 Executing VM operation: HandshakeAllThreads done
Event: 5.295 Executing VM operation: HandshakeAllThreads
Event: 5.295 Executing VM operation: HandshakeAllThreads done
Event: 5.512 Executing VM operation: HandshakeAllThreads
Event: 5.512 Executing VM operation: HandshakeAllThreads done
Event: 5.513 Executing VM operation: HandshakeAllThreads
Event: 5.513 Executing VM operation: HandshakeAllThreads done
Event: 5.518 Executing VM operation: HandshakeAllThreads
Event: 5.518 Executing VM operation: HandshakeAllThreads done
Event: 5.524 Executing VM operation: HandshakeAllThreads
Event: 5.524 Executing VM operation: HandshakeAllThreads done
Event: 5.667 Executing VM operation: HandshakeAllThreads
Event: 5.667 Executing VM operation: HandshakeAllThreads done
Event: 5.731 Executing VM operation: ICBufferFull
Event: 5.731 Executing VM operation: ICBufferFull done
Event: 5.987 Executing VM operation: HandshakeAllThreads
Event: 5.987 Executing VM operation: HandshakeAllThreads done
Event: 5.989 Executing VM operation: HandshakeAllThreads
Event: 5.989 Executing VM operation: HandshakeAllThreads done

Events (20 events):
Event: 5.867 loading class java/math/MutableBigInteger done
Event: 5.887 loading class java/lang/invoke/SerializedLambda
Event: 5.887 loading class java/lang/invoke/SerializedLambda done
Event: 5.961 Thread 0x000001f07c9b1260 Thread added: 0x000001f07c9b1260
Event: 5.962 loading class sun/nio/fs/WindowsPath$1
Event: 5.962 loading class sun/nio/fs/WindowsPath$1 done
Event: 6.018 loading class java/nio/charset/CharacterCodingException
Event: 6.018 loading class java/nio/charset/CharacterCodingException done
Event: 6.048 Thread 0x000001f07c9ad5a0 Thread added: 0x000001f07c9ad5a0
Event: 6.086 loading class java/util/stream/Streams$RangeIntSpliterator
Event: 6.086 loading class java/util/stream/Streams$RangeIntSpliterator done
Event: 6.088 loading class java/util/stream/IntPipeline$1
Event: 6.089 loading class java/util/stream/IntPipeline$1 done
Event: 6.089 loading class java/util/stream/Nodes$FixedNodeBuilder
Event: 6.090 loading class java/util/stream/Nodes$ArrayNode
Event: 6.090 loading class java/util/stream/Nodes$ArrayNode done
Event: 6.090 loading class java/util/stream/Nodes$FixedNodeBuilder done
Event: 6.090 loading class java/util/stream/IntPipeline$1$1
Event: 6.090 loading class java/util/stream/IntPipeline$1$1 done
Event: 6.175 Thread 0x000001f07c9b3ff0 Thread added: 0x000001f07c9b3ff0


Dynamic libraries:
0x00007ff6cf4b0000 - 0x00007ff6cf4c0000 	C:\Program Files\Java\jdk-17.0.11\bin\java.exe
0x00007ffd5a070000 - 0x00007ffd5a268000 	C:\WINDOWS\SYSTEM32\ntdll.dll
0x00007ffd58630000 - 0x00007ffd586ed000 	C:\WINDOWS\System32\KERNEL32.DLL
0x00007ffd57d00000 - 0x00007ffd57ff6000 	C:\WINDOWS\System32\KERNELBASE.dll
0x00007ffd57720000 - 0x00007ffd57820000 	C:\WINDOWS\System32\ucrtbase.dll
0x00007ffd50160000 - 0x00007ffd50179000 	C:\Program Files\Java\jdk-17.0.11\bin\jli.dll
0x00007ffd4f270000 - 0x00007ffd4f28b000 	C:\Program Files\Java\jdk-17.0.11\bin\VCRUNTIME140.dll
0x00007ffd59710000 - 0x00007ffd597c0000 	C:\WINDOWS\System32\ADVAPI32.dll
0x00007ffd580a0000 - 0x00007ffd5813e000 	C:\WINDOWS\System32\msvcrt.dll
0x00007ffd58750000 - 0x00007ffd587f0000 	C:\WINDOWS\System32\sechost.dll
0x00007ffd595e0000 - 0x00007ffd59703000 	C:\WINDOWS\System32\RPCRT4.dll
0x00007ffd57b70000 - 0x00007ffd57b97000 	C:\WINDOWS\System32\bcrypt.dll
0x00007ffd58280000 - 0x00007ffd5841f000 	C:\WINDOWS\System32\USER32.dll
0x00007ffd578d0000 - 0x00007ffd578f2000 	C:\WINDOWS\System32\win32u.dll
0x00007ffd41610000 - 0x00007ffd418aa000 	C:\WINDOWS\WinSxS\amd64_microsoft.windows.common-controls_6595b64144ccf1df_6.0.19041.3636_none_60b6a03d71f818d5\COMCTL32.dll
0x00007ffd5a000000 - 0x00007ffd5a02b000 	C:\WINDOWS\System32\GDI32.dll
0x00007ffd579e0000 - 0x00007ffd57af7000 	C:\WINDOWS\System32\gdi32full.dll
0x00007ffd58000000 - 0x00007ffd5809d000 	C:\WINDOWS\System32\msvcp_win.dll
0x00007ffd4a520000 - 0x00007ffd4a52a000 	C:\WINDOWS\SYSTEM32\VERSION.dll
0x00007ffd59f30000 - 0x00007ffd59f62000 	C:\WINDOWS\System32\IMM32.DLL
0x00007ffd50b30000 - 0x00007ffd50b3c000 	C:\Program Files\Java\jdk-17.0.11\bin\vcruntime140_1.dll
0x00007ffd232e0000 - 0x00007ffd2336e000 	C:\Program Files\Java\jdk-17.0.11\bin\msvcp140.dll
0x00007ffd1fa90000 - 0x00007ffd20670000 	C:\Program Files\Java\jdk-17.0.11\bin\server\jvm.dll
0x00007ffd58cd0000 - 0x00007ffd58cd8000 	C:\WINDOWS\System32\PSAPI.DLL
0x00007ffd54800000 - 0x00007ffd54809000 	C:\WINDOWS\SYSTEM32\WSOCK32.dll
0x00007ffd3d560000 - 0x00007ffd3d587000 	C:\WINDOWS\SYSTEM32\WINMM.dll
0x00007ffd59510000 - 0x00007ffd5957b000 	C:\WINDOWS\System32\WS2_32.dll
0x00007ffd55f00000 - 0x00007ffd55f12000 	C:\WINDOWS\SYSTEM32\kernel.appcore.dll
0x00007ffd50150000 - 0x00007ffd5015a000 	C:\Program Files\Java\jdk-17.0.11\bin\jimage.dll
0x00007ffd553f0000 - 0x00007ffd555d4000 	C:\WINDOWS\SYSTEM32\DBGHELP.DLL
0x00007ffd52bd0000 - 0x00007ffd52c04000 	C:\WINDOWS\SYSTEM32\dbgcore.DLL
0x00007ffd57950000 - 0x00007ffd579d2000 	C:\WINDOWS\System32\bcryptPrimitives.dll
0x00007ffd4ed10000 - 0x00007ffd4ed35000 	C:\Program Files\Java\jdk-17.0.11\bin\java.dll
0x00007ffd23200000 - 0x00007ffd232d7000 	C:\Program Files\Java\jdk-17.0.11\bin\jsvml.dll
0x00007ffd597c0000 - 0x00007ffd59f2b000 	C:\WINDOWS\System32\SHELL32.dll
0x00007ffd555e0000 - 0x00007ffd55d7e000 	C:\WINDOWS\SYSTEM32\windows.storage.dll
0x00007ffd587f0000 - 0x00007ffd58b43000 	C:\WINDOWS\System32\combase.dll
0x00007ffd570e0000 - 0x00007ffd5710e000 	C:\WINDOWS\SYSTEM32\Wldp.dll
0x00007ffd59440000 - 0x00007ffd5950d000 	C:\WINDOWS\System32\OLEAUT32.dll
0x00007ffd581d0000 - 0x00007ffd5827d000 	C:\WINDOWS\System32\SHCORE.dll
0x00007ffd58c60000 - 0x00007ffd58cb5000 	C:\WINDOWS\System32\shlwapi.dll
0x00007ffd57650000 - 0x00007ffd57673000 	C:\WINDOWS\SYSTEM32\profapi.dll
0x00007ffd47bd0000 - 0x00007ffd47be9000 	C:\Program Files\Java\jdk-17.0.11\bin\net.dll
0x00007ffd4a530000 - 0x00007ffd4a63a000 	C:\WINDOWS\SYSTEM32\WINHTTP.dll
0x00007ffd56de0000 - 0x00007ffd56e4a000 	C:\WINDOWS\system32\mswsock.dll
0x00007ffd47bb0000 - 0x00007ffd47bc6000 	C:\Program Files\Java\jdk-17.0.11\bin\nio.dll
0x00007ffd35640000 - 0x00007ffd35658000 	C:\Program Files\Java\jdk-17.0.11\bin\zip.dll
0x00007ffd494a0000 - 0x00007ffd494b0000 	C:\Program Files\Java\jdk-17.0.11\bin\verify.dll
0x00007ffd50a60000 - 0x00007ffd50a87000 	C:\Users\marko\.gradle\native\e1d6ef7f7dcc3fd88c89a11ec53ec762bb8ba0a96d01ffa2cd45eb1d1d8dd5c5\windows-amd64\native-platform.dll
0x00007ffd23370000 - 0x00007ffd234b4000 	C:\Users\marko\.gradle\native\0d407fdbe67a94daf76414ababcb853783967236a71b16ec16e742cd7a986fd3\windows-amd64\native-platform-file-events.dll
0x00007ffd47f60000 - 0x00007ffd47f6a000 	C:\Program Files\Java\jdk-17.0.11\bin\management.dll
0x00007ffd3e680000 - 0x00007ffd3e68b000 	C:\Program Files\Java\jdk-17.0.11\bin\management_ext.dll
0x00007ffd57030000 - 0x00007ffd57048000 	C:\WINDOWS\SYSTEM32\CRYPTSP.dll
0x00007ffd566c0000 - 0x00007ffd566f4000 	C:\WINDOWS\system32\rsaenh.dll
0x00007ffd57610000 - 0x00007ffd5763e000 	C:\WINDOWS\SYSTEM32\USERENV.dll
0x00007ffd57050000 - 0x00007ffd5705c000 	C:\WINDOWS\SYSTEM32\CRYPTBASE.dll
0x00007ffd56aa0000 - 0x00007ffd56adb000 	C:\WINDOWS\SYSTEM32\IPHLPAPI.DLL
0x00007ffd58140000 - 0x00007ffd58148000 	C:\WINDOWS\System32\NSI.dll
0x00007ffd4f040000 - 0x00007ffd4f057000 	C:\WINDOWS\SYSTEM32\dhcpcsvc6.DLL
0x00007ffd4f020000 - 0x00007ffd4f03d000 	C:\WINDOWS\SYSTEM32\dhcpcsvc.DLL
0x00007ffd56ae0000 - 0x00007ffd56bab000 	C:\WINDOWS\SYSTEM32\DNSAPI.dll
0x00007ffd37140000 - 0x00007ffd3714e000 	C:\Program Files\Java\jdk-17.0.11\bin\sunmscapi.dll
0x00007ffd57ba0000 - 0x00007ffd57cfe000 	C:\WINDOWS\System32\CRYPT32.dll
0x00007ffd57150000 - 0x00007ffd57178000 	C:\WINDOWS\SYSTEM32\ncrypt.dll
0x00007ffd57110000 - 0x00007ffd5714b000 	C:\WINDOWS\SYSTEM32\NTASN1.dll
0x00007ffd2e960000 - 0x00007ffd2e967000 	C:\WINDOWS\system32\wshunix.dll

dbghelp: loaded successfully - version: 4.0.5 - missing functions: none
symbol engine: initialized successfully - sym options: 0x614 - pdb path: .;C:\Program Files\Java\jdk-17.0.11\bin;C:\WINDOWS\SYSTEM32;C:\WINDOWS\WinSxS\amd64_microsoft.windows.common-controls_6595b64144ccf1df_6.0.19041.3636_none_60b6a03d71f818d5;C:\Program Files\Java\jdk-17.0.11\bin\server;C:\Users\marko\.gradle\native\e1d6ef7f7dcc3fd88c89a11ec53ec762bb8ba0a96d01ffa2cd45eb1d1d8dd5c5\windows-amd64;C:\Users\marko\.gradle\native\0d407fdbe67a94daf76414ababcb853783967236a71b16ec16e742cd7a986fd3\windows-amd64

VM Arguments:
jvm_args: --add-opens=java.base/java.util=ALL-UNNAMED --add-opens=java.base/java.lang=ALL-UNNAMED --add-opens=java.base/java.lang.invoke=ALL-UNNAMED --add-opens=java.base/java.util=ALL-UNNAMED --add-opens=java.prefs/java.util.prefs=ALL-UNNAMED --add-opens=java.prefs/java.util.prefs=ALL-UNNAMED --add-opens=java.base/java.nio.charset=ALL-UNNAMED --add-opens=java.base/java.net=ALL-UNNAMED --add-opens=java.base/java.util.concurrent.atomic=ALL-UNNAMED -XX:MaxMetaspaceSize=256m -XX:+HeapDumpOnOutOfMemoryError -Xms256m -Xmx512m -Dfile.encoding=windows-1252 -Duser.country=IT -Duser.language=it -Duser.variant 
java_command: org.gradle.launcher.daemon.bootstrap.GradleDaemon 7.4.2
java_class_path (initial): C:\Users\marko\.gradle\wrapper\dists\gradle-7.4.2-bin\48ivgl02cpt2ed3fh9dbalvx8\gradle-7.4.2\lib\gradle-launcher-7.4.2.jar
Launcher Type: SUN_STANDARD

[Global flags]
     intx CICompilerCount                          = 4                                         {product} {ergonomic}
   size_t CompressedClassSpaceSize                 = 218103808                                 {product} {ergonomic}
     uint ConcGCThreads                            = 2                                         {product} {ergonomic}
     uint G1ConcRefinementThreads                  = 8                                         {product} {ergonomic}
   size_t G1HeapRegionSize                         = 1048576                                   {product} {ergonomic}
    uintx GCDrainStackTargetSize                   = 64                                        {product} {ergonomic}
     bool HeapDumpOnOutOfMemoryError               = true                                   {manageable} {command line}
   size_t InitialHeapSize                          = 268435456                                 {product} {command line}
   size_t MarkStackSize                            = 4194304                                   {product} {ergonomic}
   size_t MaxHeapSize                              = 536870912                                 {product} {command line}
   size_t MaxMetaspaceSize                         = 268435456                                 {product} {command line}
   size_t MaxNewSize                               = 321912832                                 {product} {ergonomic}
   size_t MinHeapDeltaBytes                        = 1048576                                   {product} {ergonomic}
   size_t MinHeapSize                              = 268435456                                 {product} {command line}
    uintx NonNMethodCodeHeapSize                   = 5839372                                {pd product} {ergonomic}
    uintx NonProfiledCodeHeapSize                  = 122909434                              {pd product} {ergonomic}
    uintx ProfiledCodeHeapSize                     = 122909434                              {pd product} {ergonomic}
    uintx ReservedCodeCacheSize                    = 251658240                              {pd product} {ergonomic}
     bool SegmentedCodeCache                       = true                                      {product} {ergonomic}
   size_t SoftMaxHeapSize                          = 536870912                              {manageable} {ergonomic}
     bool UseCompressedClassPointers               = true                           {product lp64_product} {ergonomic}
     bool UseCompressedOops                        = true                           {product lp64_product} {ergonomic}
     bool UseG1GC                                  = true                                      {product} {ergonomic}
     bool UseLargePagesIndividualAllocation        = false                                  {pd product} {ergonomic}

Logging:
Log output configuration:
 #0: stdout all=warning uptime,level,tags
 #1: stderr all=off uptime,level,tags

Environment Variables:
JAVA_HOME=C:\Program Files\Java\jdk-17.0.11
CLASSPATH=C:\Users\marko\Desktop\ISS_24\issLab24\BoundaryWalk\\gradle\wrapper\gradle-wrapper.jar
PATH=C:\Program Files\Java\jdk-17.0.11\bin;C:\Gradle\gradle-8.6\bin;C:\Program Files\Python310\Scripts\;C:\Program Files\Python310\;C:\Program Files\Common Files\Oracle\Java\javapath;C:\Program Files (x86)\Common Files\Oracle\Java\javapath;C:\Program Files (x86)\Razer Chroma SDK\bin;C:\Program Files\Razer Chroma SDK\bin;C:\Program Files (x86)\Razer\ChromaBroadcast\bin;C:\Program Files\Razer\ChromaBroadcast\bin;C:\Program Files (x86)\Intel\Intel(R) Management Engine Components\iCLS\;C:\Program Files\Intel\Intel(R) Management Engine Components\iCLS\;C:\WINDOWS\system32;C:\WINDOWS;C:\WINDOWS\System32\Wbem;C:\WINDOWS\System32\WindowsPowerShell\v1.0\;C:\Program Files (x86)\Intel\Intel(R) Management Engine Components\DAL;C:\Program Files\Intel\Intel(R) Management Engine Components\DAL;C:\Program Files (x86)\Intel\Intel(R) Management Engine Components\IPT;C:\Program Files\Intel\Intel(R) Management Engine Components\IPT;C:\WINDOWS\System32\OpenSSH\;C:\WINDOWS\system32\config\systemprofile\AppData\Local\Microsoft\WindowsApps;C:\WINDOWS\system32;C:\WINDOWS;C:\WINDOWS\System32\Wbem;C:\WINDOWS\System32\WindowsPowerShell\v1.0\;C:\WINDOWS\System32\OpenSSH\;C:\Users\marko\AppData\Roaming\nvm;C:\Program Files\nodejs;C:\Program Files\Git\cmd;C:\Program Files\Git LFS;C:\Users\marko\AppData\Roaming\Python\Python310\Scripts;C:\Program Files\Docker\Docker\resources\bin;C:\Program Files\nodejs\;C:\Program Files\Graphviz\bin;C:\Users\marko\AppData\Local\Programs\Microsoft VS Code\bin;C:\Users\marko\AppData\Local\Microsoft\WindowsApps;C:\Users\marko\AppData\Roaming\nvm;C:\Program Files\nodejs;C:\Users\marko\AppData\Roaming\Python\Python310\Scripts;C:\Users\marko\Desktop\antlr;;C:\Users\marko\AppData\Local\JetBrains\IntelliJ IDEA Community Edition 2022.3.2\bin;;C:\Users\marko\AppData\Roaming\npm
USERNAME=marko
OS=Windows_NT
PROCESSOR_IDENTIFIER=Intel64 Family 6 Model 142 Stepping 10, GenuineIntel



---------------  S Y S T E M  ---------------

OS:
 Windows 10 , 64 bit Build 19041 (10.0.19041.3636)
OS uptime: 0 days 0:39 hours
Hyper-V role detected

CPU: total 8 (initial active 8) (4 cores per cpu, 2 threads per core) family 6 model 142 stepping 10 microcode 0xb4, cx8, cmov, fxsr, ht, mmx, 3dnowpref, sse, sse2, sse3, ssse3, sse4.1, sse4.2, popcnt, lzcnt, tsc, tscinvbit, avx, avx2, aes, erms, clmul, bmi1, bmi2, adx, fma, vzeroupper, clflush, clflushopt, hv

Memory: 4k page, system-wide physical 8058M (676M free)
TotalPageFile size 8058M (AvailPageFile size 5M)
current process WorkingSet (physical memory assigned to process): 277M, peak: 277M
current process commit charge ("private bytes"): 455M, peak: 456M

vm_info: Java HotSpot(TM) 64-Bit Server VM (17.0.11+7-LTS-207) for windows-amd64 JRE (17.0.11+7-LTS-207), built on Mar 11 2024 19:01:50 by "mach5one" with MS VC++ 17.6 (VS2022)

END.
