#
# There is insufficient memory for the Java Runtime Environment to continue.
# Native memory allocation (malloc) failed to allocate 1277936 bytes for Chunk::new
# Possible reasons:
#   The system is out of physical RAM or swap space
#   The process is running with CompressedOops enabled, and the Java Heap may be blocking the growth of the native heap
# Possible solutions:
#   Reduce memory load on the system
#   Increase physical memory or swap space
#   Check if swap backing store is full
#   Decrease Java heap size (-Xmx/-Xms)
#   Decrease number of Java threads
#   Decrease Java thread stack sizes (-Xss)
#   Set larger code cache with -XX:ReservedCodeCacheSize=
#   JVM is running with Unscaled Compressed Oops mode in which the Java heap is
#     placed in the first 4GB address space. The Java Heap base address is the
#     maximum limit for the native heap growth. Please use -XX:HeapBaseMinAddress
#     to set the Java Heap base and to place the Java Heap above 4GB virtual address.
# This output file may be truncated or incomplete.
#
#  Out of Memory Error (arena.cpp:189), pid=10296, tid=2440
#
# JRE version: Java(TM) SE Runtime Environment (17.0.11+7) (build 17.0.11+7-LTS-207)
# Java VM: Java HotSpot(TM) 64-Bit Server VM (17.0.11+7-LTS-207, mixed mode, sharing, tiered, compressed oops, compressed class ptrs, g1 gc, windows-amd64)
# No core dump will be written. Minidumps are not enabled by default on client versions of Windows
#

---------------  S U M M A R Y ------------

Command Line: --add-opens=java.base/java.util=ALL-UNNAMED --add-opens=java.base/java.lang=ALL-UNNAMED --add-opens=java.base/java.lang.invoke=ALL-UNNAMED --add-opens=java.base/java.util=ALL-UNNAMED --add-opens=java.prefs/java.util.prefs=ALL-UNNAMED --add-opens=java.prefs/java.util.prefs=ALL-UNNAMED --add-opens=java.base/java.nio.charset=ALL-UNNAMED --add-opens=java.base/java.net=ALL-UNNAMED --add-opens=java.base/java.util.concurrent.atomic=ALL-UNNAMED -XX:MaxMetaspaceSize=256m -XX:+HeapDumpOnOutOfMemoryError -Xms256m -Xmx512m -Dfile.encoding=windows-1252 -Duser.country=IT -Duser.language=it -Duser.variant org.gradle.launcher.daemon.bootstrap.GradleDaemon 7.4.2

Host: Intel(R) Core(TM) i5-8250U CPU @ 1.60GHz, 8 cores, 7G,  Windows 10 , 64 bit Build 19041 (10.0.19041.3636)
Time: Thu May 30 16:01:08 2024 ora legale Europa occidentale elapsed time: 8.367845 seconds (0d 0h 0m 8s)

---------------  T H R E A D  ---------------

Current thread (0x000002437cf9f5c0):  JavaThread "C2 CompilerThread0" daemon [_thread_in_native, id=2440, stack(0x000000f7ae500000,0x000000f7ae600000)]


Current CompileTask:
C2:   8367 3914       4       java.util.AbstractCollection::addAll (42 bytes)

Stack: [0x000000f7ae500000,0x000000f7ae600000]
Native frames: (J=compiled Java code, j=interpreted, Vv=VM code, C=native code)
V  [jvm.dll+0x679cca]
V  [jvm.dll+0x7da13d]
V  [jvm.dll+0x7dba83]
V  [jvm.dll+0x7dc0f3]
V  [jvm.dll+0x2449af]
V  [jvm.dll+0xab83b]
V  [jvm.dll+0xabe1c]
V  [jvm.dll+0x36155f]
V  [jvm.dll+0x32bd61]
V  [jvm.dll+0x32b1fa]
V  [jvm.dll+0x2161df]
V  [jvm.dll+0x21560f]
V  [jvm.dll+0x1a2040]
V  [jvm.dll+0x225a2b]
V  [jvm.dll+0x223bcb]
V  [jvm.dll+0x7903ec]
V  [jvm.dll+0x78a85a]
V  [jvm.dll+0x678bb5]
C  [ucrtbase.dll+0x21bb2]
C  [KERNEL32.DLL+0x17344]
C  [ntdll.dll+0x526b1]


---------------  P R O C E S S  ---------------

Threads class SMR info:
_java_thread_list=0x0000024313ac9b50, length=40, elements={
0x000002436074a450, 0x000002437cf835d0, 0x000002437cf840a0, 0x000002437cf9a980,
0x000002437cf9d770, 0x000002437cf9e040, 0x000002437cf9e910, 0x000002437cf9f5c0,
0x000002437cfa2fa0, 0x000002437cfa5740, 0x000002437d2169d0, 0x000002437d2178f0,
0x000002437eb19ea0, 0x000002437d2d0710, 0x000002437e27e4a0, 0x000002437e6cf2a0,
0x000002437f1b5f40, 0x000002437f34b440, 0x000002437ecdfd90, 0x000002437ecdee60,
0x000002437ece11d0, 0x000002437ece0cc0, 0x000002437ece16e0, 0x000002437ecdf370,
0x000002437ecdf880, 0x000002437ece2610, 0x000002437f31fe20, 0x000002437ece02a0,
0x000002437ece07b0, 0x000002437ece2100, 0x0000024312d17a30, 0x0000024312d18960,
0x0000024312d1bc00, 0x0000024312d18e70, 0x0000024312d19890, 0x0000024312d18450,
0x0000024312d1b1e0, 0x0000024312d19da0, 0x0000024312d1c620, 0x0000024312d165f0
}

Java Threads: ( => current thread )
  0x000002436074a450 JavaThread "main" [_thread_blocked, id=5836, stack(0x000000f7ad800000,0x000000f7ad900000)]
  0x000002437cf835d0 JavaThread "Reference Handler" daemon [_thread_blocked, id=1448, stack(0x000000f7adf00000,0x000000f7ae000000)]
  0x000002437cf840a0 JavaThread "Finalizer" daemon [_thread_blocked, id=4836, stack(0x000000f7ae000000,0x000000f7ae100000)]
  0x000002437cf9a980 JavaThread "Signal Dispatcher" daemon [_thread_blocked, id=12620, stack(0x000000f7ae100000,0x000000f7ae200000)]
  0x000002437cf9d770 JavaThread "Attach Listener" daemon [_thread_blocked, id=6252, stack(0x000000f7ae200000,0x000000f7ae300000)]
  0x000002437cf9e040 JavaThread "Service Thread" daemon [_thread_blocked, id=13532, stack(0x000000f7ae300000,0x000000f7ae400000)]
  0x000002437cf9e910 JavaThread "Monitor Deflation Thread" daemon [_thread_blocked, id=3388, stack(0x000000f7ae400000,0x000000f7ae500000)]
=>0x000002437cf9f5c0 JavaThread "C2 CompilerThread0" daemon [_thread_in_native, id=2440, stack(0x000000f7ae500000,0x000000f7ae600000)]
  0x000002437cfa2fa0 JavaThread "C1 CompilerThread0" daemon [_thread_blocked, id=15144, stack(0x000000f7ae600000,0x000000f7ae700000)]
  0x000002437cfa5740 JavaThread "Sweeper thread" daemon [_thread_blocked, id=9112, stack(0x000000f7ae700000,0x000000f7ae800000)]
  0x000002437d2169d0 JavaThread "Common-Cleaner" daemon [_thread_blocked, id=7764, stack(0x000000f7ae800000,0x000000f7ae900000)]
  0x000002437d2178f0 JavaThread "Notification Thread" daemon [_thread_blocked, id=13132, stack(0x000000f7ae900000,0x000000f7aea00000)]
  0x000002437eb19ea0 JavaThread "Daemon health stats" [_thread_blocked, id=8688, stack(0x000000f7af200000,0x000000f7af300000)]
  0x000002437d2d0710 JavaThread "Incoming local TCP Connector on port 49656" [_thread_in_native, id=15200, stack(0x000000f7aeb00000,0x000000f7aec00000)]
  0x000002437e27e4a0 JavaThread "Daemon periodic checks" [_thread_blocked, id=6176, stack(0x000000f7aec00000,0x000000f7aed00000)]
  0x000002437e6cf2a0 JavaThread "C2 CompilerThread1" daemon [_thread_in_native, id=8644, stack(0x000000f7af300000,0x000000f7af400000)]
  0x000002437f1b5f40 JavaThread "Daemon" [_thread_blocked, id=14056, stack(0x000000f7af500000,0x000000f7af600000)]
  0x000002437f34b440 JavaThread "Handler for socket connection from /127.0.0.1:49656 to /127.0.0.1:49657" [_thread_in_native, id=1656, stack(0x000000f7af600000,0x000000f7af700000)]
  0x000002437ecdfd90 JavaThread "Cancel handler" [_thread_blocked, id=12720, stack(0x000000f7af700000,0x000000f7af800000)]
  0x000002437ecdee60 JavaThread "Daemon worker" [_thread_in_vm, id=2960, stack(0x000000f7af800000,0x000000f7af900000)]
  0x000002437ece11d0 JavaThread "Asynchronous log dispatcher for DefaultDaemonConnection: socket connection from /127.0.0.1:49656 to /127.0.0.1:49657" [_thread_blocked, id=12780, stack(0x000000f7af900000,0x000000f7afa00000)]
  0x000002437ece0cc0 JavaThread "Stdin handler" [_thread_blocked, id=12708, stack(0x000000f7afa00000,0x000000f7afb00000)]
  0x000002437ece16e0 JavaThread "Daemon client event forwarder" [_thread_blocked, id=10848, stack(0x000000f7afb00000,0x000000f7afc00000)]
  0x000002437ecdf370 JavaThread "Cache worker for journal cache (C:\Users\marko\.gradle\caches\journal-1)" [_thread_blocked, id=5448, stack(0x000000f7af400000,0x000000f7af500000)]
  0x000002437ecdf880 JavaThread "File lock request listener" [_thread_in_native, id=5636, stack(0x000000f7afc00000,0x000000f7afd00000)]
  0x000002437ece2610 JavaThread "Cache worker for file hash cache (C:\Users\marko\.gradle\caches\7.4.2\fileHashes)" [_thread_blocked, id=14652, stack(0x000000f7afd00000,0x000000f7afe00000)]
  0x000002437f31fe20 JavaThread "C2 CompilerThread2" daemon [_thread_blocked, id=14012, stack(0x000000f7afe00000,0x000000f7aff00000)]
  0x000002437ece02a0 JavaThread "File watcher server" daemon [_thread_in_native, id=13252, stack(0x000000f7aff00000,0x000000f7b0000000)]
  0x000002437ece07b0 JavaThread "File watcher consumer" daemon [_thread_blocked, id=10780, stack(0x000000f7b0000000,0x000000f7b0100000)]
  0x000002437ece2100 JavaThread "Cache worker for checksums cache (C:\Users\marko\Desktop\ISS_24\issLab24\BoundaryWalk\.gradle\7.4.2\checksums)" [_thread_blocked, id=13848, stack(0x000000f7b0100000,0x000000f7b0200000)]
  0x0000024312d17a30 JavaThread "Cache worker for cache directory md-rule (C:\Users\marko\.gradle\caches\7.4.2\md-rule)" [_thread_blocked, id=13556, stack(0x000000f7b0200000,0x000000f7b0300000)]
  0x0000024312d18960 JavaThread "Cache worker for file hash cache (C:\Users\marko\Desktop\ISS_24\issLab24\BoundaryWalk\.gradle\7.4.2\fileHashes)" [_thread_blocked, id=12760, stack(0x000000f7b0300000,0x000000f7b0400000)]
  0x0000024312d1bc00 JavaThread "Cache worker for cache directory md-supplier (C:\Users\marko\.gradle\caches\7.4.2\md-supplier)" [_thread_blocked, id=13348, stack(0x000000f7b0400000,0x000000f7b0500000)]
  0x0000024312d18e70 JavaThread "Cache worker for execution history cache (C:\Users\marko\.gradle\caches\7.4.2\executionHistory)" [_thread_blocked, id=2392, stack(0x000000f7b0800000,0x000000f7b0900000)]
  0x0000024312d19890 JavaThread "jar transforms" [_thread_blocked, id=4708, stack(0x000000f7b0900000,0x000000f7b0a00000)]
  0x0000024312d18450 JavaThread "jar transforms Thread 2" [_thread_blocked, id=5840, stack(0x000000f7b0a00000,0x000000f7b0b00000)]
  0x0000024312d1b1e0 JavaThread "Cache worker for file content cache (C:\Users\marko\.gradle\caches\7.4.2\fileContent)" [_thread_blocked, id=13064, stack(0x000000f7b0b00000,0x000000f7b0c00000)]
  0x0000024312d19da0 JavaThread "Cache worker for dependencies-accessors (C:\Users\marko\Desktop\ISS_24\issLab24\BoundaryWalk\.gradle\7.4.2\dependencies-accessors)" [_thread_blocked, id=9852, stack(0x000000f7b0c00000,0x000000f7b0d00000)]
  0x0000024312d1c620 JavaThread "jar transforms Thread 3" [_thread_blocked, id=10440, stack(0x000000f7b0d00000,0x000000f7b0e00000)]
  0x0000024312d165f0 JavaThread "Cache worker for Build Output Cleanup Cache (C:\Users\marko\Desktop\ISS_24\issLab24\BoundaryWalk\.gradle\buildOutputCleanup)" [_thread_blocked, id=1512, stack(0x000000f7b0e00000,0x000000f7b0f00000)]

Other Threads:
  0x000002437cf7abf0 VMThread "VM Thread" [stack: 0x000000f7ade00000,0x000000f7adf00000] [id=14772]
  0x0000024360785ab0 WatcherThread [stack: 0x000000f7aea00000,0x000000f7aeb00000] [id=9536]
  0x0000024360778b10 GCTaskThread "GC Thread#0" [stack: 0x000000f7ad900000,0x000000f7ada00000] [id=244]
  0x000002437df47880 GCTaskThread "GC Thread#1" [stack: 0x000000f7aed00000,0x000000f7aee00000] [id=15176]
  0x000002437eb25bf0 GCTaskThread "GC Thread#2" [stack: 0x000000f7aee00000,0x000000f7aef00000] [id=11048]
  0x000002437e0be8f0 GCTaskThread "GC Thread#3" [stack: 0x000000f7aef00000,0x000000f7af000000] [id=5964]
  0x000002437de07130 GCTaskThread "GC Thread#4" [stack: 0x000000f7af000000,0x000000f7af100000] [id=12628]
  0x000002437de073f0 GCTaskThread "GC Thread#5" [stack: 0x000000f7af100000,0x000000f7af200000] [id=4012]
  0x000002437fa64f30 GCTaskThread "GC Thread#6" [stack: 0x000000f7b0500000,0x000000f7b0600000] [id=6372]
  0x000002437fb0db90 GCTaskThread "GC Thread#7" [stack: 0x000000f7b0600000,0x000000f7b0700000] [id=9444]
  0x000002436077e820 ConcurrentGCThread "G1 Main Marker" [stack: 0x000000f7ada00000,0x000000f7adb00000] [id=2424]
  0x000002436077efe0 ConcurrentGCThread "G1 Conc#0" [stack: 0x000000f7adb00000,0x000000f7adc00000] [id=1664]
  0x000002437fb22770 ConcurrentGCThread "G1 Conc#1" [stack: 0x000000f7b0700000,0x000000f7b0800000] [id=4416]
  0x000002437ce420d0 ConcurrentGCThread "G1 Refine#0" [stack: 0x000000f7adc00000,0x000000f7add00000] [id=13288]
  0x000002437ce428b0 ConcurrentGCThread "G1 Service" [stack: 0x000000f7add00000,0x000000f7ade00000] [id=9640]

Threads with active compile tasks:
C2 CompilerThread0     8415 3914       4       java.util.AbstractCollection::addAll (42 bytes)
C2 CompilerThread1     8415 4010       4       jdk.internal.org.objectweb.asm.SymbolTable::addConstantMemberReference (147 bytes)

VM state: not at safepoint (normal execution)

VM Mutex/Monitor currently owned by a thread: None

Heap address: 0x00000000e0000000, size: 512 MB, Compressed Oops mode: 32-bit

CDS archive(s) mapped at: [0x0000024300000000-0x0000024300bd0000-0x0000024300bd0000), size 12386304, SharedBaseAddress: 0x0000024300000000, ArchiveRelocationMode: 1.
Compressed class space mapped at: 0x0000024301000000-0x000002430e000000, reserved size: 218103808
Narrow klass base: 0x0000024300000000, Narrow klass shift: 0, Narrow klass range: 0x100000000

GC Precious Log:
 CPUs: 8 total, 8 available
 Memory: 8058M
 Large Page Support: Disabled
 NUMA Support: Disabled
 Compressed Oops: Enabled (32-bit)
 Heap Region Size: 1M
 Heap Min Capacity: 256M
 Heap Initial Capacity: 256M
 Heap Max Capacity: 512M
 Pre-touch: Disabled
 Parallel Workers: 8
 Concurrent Workers: 2
 Concurrent Refinement Workers: 8
 Periodic GC: Disabled

Heap:
 garbage-first heap   total 262144K, used 43905K [0x00000000e0000000, 0x0000000100000000)
  region size 1024K, 31 young (31744K), 15 survivors (15360K)
 Metaspace       used 37483K, committed 37888K, reserved 278528K
  class space    used 5144K, committed 5312K, reserved 212992K

Heap Regions: E=young(eden), S=young(survivor), O=old, HS=humongous(starts), HC=humongous(continues), CS=collection set, F=free, OA=open archive, CA=closed archive, TAMS=top-at-mark-start (previous, next)
|   0|0x00000000e0000000, 0x00000000e0000000, 0x00000000e0100000|  0%| F|  |TAMS 0x00000000e0000000, 0x00000000e0000000| Untracked 
|   1|0x00000000e0100000, 0x00000000e0200000, 0x00000000e0200000|100%| O|  |TAMS 0x00000000e0200000, 0x00000000e0100000| Untracked 
|   2|0x00000000e0200000, 0x00000000e0300000, 0x00000000e0300000|100%| O|  |TAMS 0x00000000e0300000, 0x00000000e0200000| Untracked 
|   3|0x00000000e0300000, 0x00000000e0400000, 0x00000000e0400000|100%|HS|  |TAMS 0x00000000e0400000, 0x00000000e0300000| Complete 
|   4|0x00000000e0400000, 0x00000000e0500000, 0x00000000e0500000|100%|HC|  |TAMS 0x00000000e0500000, 0x00000000e0400000| Complete 
|   5|0x00000000e0500000, 0x00000000e0600000, 0x00000000e0600000|100%|HC|  |TAMS 0x00000000e0600000, 0x00000000e0500000| Complete 
|   6|0x00000000e0600000, 0x00000000e0700000, 0x00000000e0700000|100%| O|  |TAMS 0x00000000e0700000, 0x00000000e0600000| Untracked 
|   7|0x00000000e0700000, 0x00000000e0800000, 0x00000000e0800000|100%| O|  |TAMS 0x00000000e0800000, 0x00000000e0700000| Untracked 
|   8|0x00000000e0800000, 0x00000000e0900000, 0x00000000e0900000|100%| O|  |TAMS 0x00000000e0900000, 0x00000000e0800000| Untracked 
|   9|0x00000000e0900000, 0x00000000e0a00000, 0x00000000e0a00000|100%| O|  |TAMS 0x00000000e09f0000, 0x00000000e0900000| Untracked 
|  10|0x00000000e0a00000, 0x00000000e0a00000, 0x00000000e0b00000|  0%| F|  |TAMS 0x00000000e0a00000, 0x00000000e0a00000| Untracked 
|  11|0x00000000e0b00000, 0x00000000e0b00000, 0x00000000e0c00000|  0%| F|  |TAMS 0x00000000e0b00000, 0x00000000e0b00000| Untracked 
|  12|0x00000000e0c00000, 0x00000000e0c00000, 0x00000000e0d00000|  0%| F|  |TAMS 0x00000000e0c00000, 0x00000000e0c00000| Untracked 
|  13|0x00000000e0d00000, 0x00000000e0e00000, 0x00000000e0e00000|100%| O|  |TAMS 0x00000000e0d00000, 0x00000000e0d00000| Untracked 
|  14|0x00000000e0e00000, 0x00000000e0f00000, 0x00000000e0f00000|100%| O|  |TAMS 0x00000000e0e00000, 0x00000000e0e00000| Untracked 
|  15|0x00000000e0f00000, 0x00000000e1000000, 0x00000000e1000000|100%| O|  |TAMS 0x00000000e0f00000, 0x00000000e0f00000| Untracked 
|  16|0x00000000e1000000, 0x00000000e1100000, 0x00000000e1100000|100%| O|  |TAMS 0x00000000e1000000, 0x00000000e1000000| Untracked 
|  17|0x00000000e1100000, 0x00000000e1116600, 0x00000000e1200000|  8%| O|  |TAMS 0x00000000e1100000, 0x00000000e1100000| Untracked 
|  18|0x00000000e1200000, 0x00000000e1200000, 0x00000000e1300000|  0%| F|  |TAMS 0x00000000e1200000, 0x00000000e1200000| Untracked 
|  19|0x00000000e1300000, 0x00000000e1300000, 0x00000000e1400000|  0%| F|  |TAMS 0x00000000e1300000, 0x00000000e1300000| Untracked 
|  20|0x00000000e1400000, 0x00000000e1400000, 0x00000000e1500000|  0%| F|  |TAMS 0x00000000e1400000, 0x00000000e1400000| Untracked 
|  21|0x00000000e1500000, 0x00000000e1500000, 0x00000000e1600000|  0%| F|  |TAMS 0x00000000e1500000, 0x00000000e1500000| Untracked 
|  22|0x00000000e1600000, 0x00000000e1600000, 0x00000000e1700000|  0%| F|  |TAMS 0x00000000e1600000, 0x00000000e1600000| Untracked 
|  23|0x00000000e1700000, 0x00000000e1700000, 0x00000000e1800000|  0%| F|  |TAMS 0x00000000e1700000, 0x00000000e1700000| Untracked 
|  24|0x00000000e1800000, 0x00000000e1800000, 0x00000000e1900000|  0%| F|  |TAMS 0x00000000e1800000, 0x00000000e1800000| Untracked 
|  25|0x00000000e1900000, 0x00000000e1900000, 0x00000000e1a00000|  0%| F|  |TAMS 0x00000000e1900000, 0x00000000e1900000| Untracked 
|  26|0x00000000e1a00000, 0x00000000e1a00000, 0x00000000e1b00000|  0%| F|  |TAMS 0x00000000e1a00000, 0x00000000e1a00000| Untracked 
|  27|0x00000000e1b00000, 0x00000000e1b00000, 0x00000000e1c00000|  0%| F|  |TAMS 0x00000000e1b00000, 0x00000000e1b00000| Untracked 
|  28|0x00000000e1c00000, 0x00000000e1c00000, 0x00000000e1d00000|  0%| F|  |TAMS 0x00000000e1c00000, 0x00000000e1c00000| Untracked 
|  29|0x00000000e1d00000, 0x00000000e1d00000, 0x00000000e1e00000|  0%| F|  |TAMS 0x00000000e1d00000, 0x00000000e1d00000| Untracked 
|  30|0x00000000e1e00000, 0x00000000e1e00000, 0x00000000e1f00000|  0%| F|  |TAMS 0x00000000e1e00000, 0x00000000e1e00000| Untracked 
|  31|0x00000000e1f00000, 0x00000000e1f00000, 0x00000000e2000000|  0%| F|  |TAMS 0x00000000e1f00000, 0x00000000e1f00000| Untracked 
|  32|0x00000000e2000000, 0x00000000e2000000, 0x00000000e2100000|  0%| F|  |TAMS 0x00000000e2000000, 0x00000000e2000000| Untracked 
|  33|0x00000000e2100000, 0x00000000e2100000, 0x00000000e2200000|  0%| F|  |TAMS 0x00000000e2100000, 0x00000000e2100000| Untracked 
|  34|0x00000000e2200000, 0x00000000e2200000, 0x00000000e2300000|  0%| F|  |TAMS 0x00000000e2200000, 0x00000000e2200000| Untracked 
|  35|0x00000000e2300000, 0x00000000e2300000, 0x00000000e2400000|  0%| F|  |TAMS 0x00000000e2300000, 0x00000000e2300000| Untracked 
|  36|0x00000000e2400000, 0x00000000e2400000, 0x00000000e2500000|  0%| F|  |TAMS 0x00000000e2400000, 0x00000000e2400000| Untracked 
|  37|0x00000000e2500000, 0x00000000e2500000, 0x00000000e2600000|  0%| F|  |TAMS 0x00000000e2500000, 0x00000000e2500000| Untracked 
|  38|0x00000000e2600000, 0x00000000e2600000, 0x00000000e2700000|  0%| F|  |TAMS 0x00000000e2600000, 0x00000000e2600000| Untracked 
|  39|0x00000000e2700000, 0x00000000e2700000, 0x00000000e2800000|  0%| F|  |TAMS 0x00000000e2700000, 0x00000000e2700000| Untracked 
|  40|0x00000000e2800000, 0x00000000e2800000, 0x00000000e2900000|  0%| F|  |TAMS 0x00000000e2800000, 0x00000000e2800000| Untracked 
|  41|0x00000000e2900000, 0x00000000e2900000, 0x00000000e2a00000|  0%| F|  |TAMS 0x00000000e2900000, 0x00000000e2900000| Untracked 
|  42|0x00000000e2a00000, 0x00000000e2a00000, 0x00000000e2b00000|  0%| F|  |TAMS 0x00000000e2a00000, 0x00000000e2a00000| Untracked 
|  43|0x00000000e2b00000, 0x00000000e2b00000, 0x00000000e2c00000|  0%| F|  |TAMS 0x00000000e2b00000, 0x00000000e2b00000| Untracked 
|  44|0x00000000e2c00000, 0x00000000e2c00000, 0x00000000e2d00000|  0%| F|  |TAMS 0x00000000e2c00000, 0x00000000e2c00000| Untracked 
|  45|0x00000000e2d00000, 0x00000000e2d00000, 0x00000000e2e00000|  0%| F|  |TAMS 0x00000000e2d00000, 0x00000000e2d00000| Untracked 
|  46|0x00000000e2e00000, 0x00000000e2e00000, 0x00000000e2f00000|  0%| F|  |TAMS 0x00000000e2e00000, 0x00000000e2e00000| Untracked 
|  47|0x00000000e2f00000, 0x00000000e2f00000, 0x00000000e3000000|  0%| F|  |TAMS 0x00000000e2f00000, 0x00000000e2f00000| Untracked 
|  48|0x00000000e3000000, 0x00000000e3000000, 0x00000000e3100000|  0%| F|  |TAMS 0x00000000e3000000, 0x00000000e3000000| Untracked 
|  49|0x00000000e3100000, 0x00000000e3100000, 0x00000000e3200000|  0%| F|  |TAMS 0x00000000e3100000, 0x00000000e3100000| Untracked 
|  50|0x00000000e3200000, 0x00000000e3200000, 0x00000000e3300000|  0%| F|  |TAMS 0x00000000e3200000, 0x00000000e3200000| Untracked 
|  51|0x00000000e3300000, 0x00000000e3300000, 0x00000000e3400000|  0%| F|  |TAMS 0x00000000e3300000, 0x00000000e3300000| Untracked 
|  52|0x00000000e3400000, 0x00000000e3400000, 0x00000000e3500000|  0%| F|  |TAMS 0x00000000e3400000, 0x00000000e3400000| Untracked 
|  53|0x00000000e3500000, 0x00000000e3500000, 0x00000000e3600000|  0%| F|  |TAMS 0x00000000e3500000, 0x00000000e3500000| Untracked 
|  54|0x00000000e3600000, 0x00000000e3600000, 0x00000000e3700000|  0%| F|  |TAMS 0x00000000e3600000, 0x00000000e3600000| Untracked 
|  55|0x00000000e3700000, 0x00000000e3700000, 0x00000000e3800000|  0%| F|  |TAMS 0x00000000e3700000, 0x00000000e3700000| Untracked 
|  56|0x00000000e3800000, 0x00000000e3800000, 0x00000000e3900000|  0%| F|  |TAMS 0x00000000e3800000, 0x00000000e3800000| Untracked 
|  57|0x00000000e3900000, 0x00000000e3900000, 0x00000000e3a00000|  0%| F|  |TAMS 0x00000000e3900000, 0x00000000e3900000| Untracked 
|  58|0x00000000e3a00000, 0x00000000e3a00000, 0x00000000e3b00000|  0%| F|  |TAMS 0x00000000e3a00000, 0x00000000e3a00000| Untracked 
|  59|0x00000000e3b00000, 0x00000000e3b00000, 0x00000000e3c00000|  0%| F|  |TAMS 0x00000000e3b00000, 0x00000000e3b00000| Untracked 
|  60|0x00000000e3c00000, 0x00000000e3c00000, 0x00000000e3d00000|  0%| F|  |TAMS 0x00000000e3c00000, 0x00000000e3c00000| Untracked 
|  61|0x00000000e3d00000, 0x00000000e3d00000, 0x00000000e3e00000|  0%| F|  |TAMS 0x00000000e3d00000, 0x00000000e3d00000| Untracked 
|  62|0x00000000e3e00000, 0x00000000e3e00000, 0x00000000e3f00000|  0%| F|  |TAMS 0x00000000e3e00000, 0x00000000e3e00000| Untracked 
|  63|0x00000000e3f00000, 0x00000000e3f00000, 0x00000000e4000000|  0%| F|  |TAMS 0x00000000e3f00000, 0x00000000e3f00000| Untracked 
|  64|0x00000000e4000000, 0x00000000e4000000, 0x00000000e4100000|  0%| F|  |TAMS 0x00000000e4000000, 0x00000000e4000000| Untracked 
|  65|0x00000000e4100000, 0x00000000e4100000, 0x00000000e4200000|  0%| F|  |TAMS 0x00000000e4100000, 0x00000000e4100000| Untracked 
|  66|0x00000000e4200000, 0x00000000e4200000, 0x00000000e4300000|  0%| F|  |TAMS 0x00000000e4200000, 0x00000000e4200000| Untracked 
|  67|0x00000000e4300000, 0x00000000e4300000, 0x00000000e4400000|  0%| F|  |TAMS 0x00000000e4300000, 0x00000000e4300000| Untracked 
|  68|0x00000000e4400000, 0x00000000e4400000, 0x00000000e4500000|  0%| F|  |TAMS 0x00000000e4400000, 0x00000000e4400000| Untracked 
|  69|0x00000000e4500000, 0x00000000e4500000, 0x00000000e4600000|  0%| F|  |TAMS 0x00000000e4500000, 0x00000000e4500000| Untracked 
|  70|0x00000000e4600000, 0x00000000e4600000, 0x00000000e4700000|  0%| F|  |TAMS 0x00000000e4600000, 0x00000000e4600000| Untracked 
|  71|0x00000000e4700000, 0x00000000e4700000, 0x00000000e4800000|  0%| F|  |TAMS 0x00000000e4700000, 0x00000000e4700000| Untracked 
|  72|0x00000000e4800000, 0x00000000e4800000, 0x00000000e4900000|  0%| F|  |TAMS 0x00000000e4800000, 0x00000000e4800000| Untracked 
|  73|0x00000000e4900000, 0x00000000e4900000, 0x00000000e4a00000|  0%| F|  |TAMS 0x00000000e4900000, 0x00000000e4900000| Untracked 
|  74|0x00000000e4a00000, 0x00000000e4a00000, 0x00000000e4b00000|  0%| F|  |TAMS 0x00000000e4a00000, 0x00000000e4a00000| Untracked 
|  75|0x00000000e4b00000, 0x00000000e4b00000, 0x00000000e4c00000|  0%| F|  |TAMS 0x00000000e4b00000, 0x00000000e4b00000| Untracked 
|  76|0x00000000e4c00000, 0x00000000e4c00000, 0x00000000e4d00000|  0%| F|  |TAMS 0x00000000e4c00000, 0x00000000e4c00000| Untracked 
|  77|0x00000000e4d00000, 0x00000000e4d00000, 0x00000000e4e00000|  0%| F|  |TAMS 0x00000000e4d00000, 0x00000000e4d00000| Untracked 
|  78|0x00000000e4e00000, 0x00000000e4e00000, 0x00000000e4f00000|  0%| F|  |TAMS 0x00000000e4e00000, 0x00000000e4e00000| Untracked 
|  79|0x00000000e4f00000, 0x00000000e4f00000, 0x00000000e5000000|  0%| F|  |TAMS 0x00000000e4f00000, 0x00000000e4f00000| Untracked 
|  80|0x00000000e5000000, 0x00000000e5000000, 0x00000000e5100000|  0%| F|  |TAMS 0x00000000e5000000, 0x00000000e5000000| Untracked 
|  81|0x00000000e5100000, 0x00000000e5100000, 0x00000000e5200000|  0%| F|  |TAMS 0x00000000e5100000, 0x00000000e5100000| Untracked 
|  82|0x00000000e5200000, 0x00000000e5200000, 0x00000000e5300000|  0%| F|  |TAMS 0x00000000e5200000, 0x00000000e5200000| Untracked 
|  83|0x00000000e5300000, 0x00000000e5300000, 0x00000000e5400000|  0%| F|  |TAMS 0x00000000e5300000, 0x00000000e5300000| Untracked 
|  84|0x00000000e5400000, 0x00000000e5400000, 0x00000000e5500000|  0%| F|  |TAMS 0x00000000e5400000, 0x00000000e5400000| Untracked 
|  85|0x00000000e5500000, 0x00000000e5500000, 0x00000000e5600000|  0%| F|  |TAMS 0x00000000e5500000, 0x00000000e5500000| Untracked 
|  86|0x00000000e5600000, 0x00000000e5600000, 0x00000000e5700000|  0%| F|  |TAMS 0x00000000e5600000, 0x00000000e5600000| Untracked 
|  87|0x00000000e5700000, 0x00000000e5700000, 0x00000000e5800000|  0%| F|  |TAMS 0x00000000e5700000, 0x00000000e5700000| Untracked 
|  88|0x00000000e5800000, 0x00000000e5800000, 0x00000000e5900000|  0%| F|  |TAMS 0x00000000e5800000, 0x00000000e5800000| Untracked 
|  89|0x00000000e5900000, 0x00000000e5900000, 0x00000000e5a00000|  0%| F|  |TAMS 0x00000000e5900000, 0x00000000e5900000| Untracked 
|  90|0x00000000e5a00000, 0x00000000e5a00000, 0x00000000e5b00000|  0%| F|  |TAMS 0x00000000e5a00000, 0x00000000e5a00000| Untracked 
|  91|0x00000000e5b00000, 0x00000000e5b00000, 0x00000000e5c00000|  0%| F|  |TAMS 0x00000000e5b00000, 0x00000000e5b00000| Untracked 
|  92|0x00000000e5c00000, 0x00000000e5c00000, 0x00000000e5d00000|  0%| F|  |TAMS 0x00000000e5c00000, 0x00000000e5c00000| Untracked 
|  93|0x00000000e5d00000, 0x00000000e5d00000, 0x00000000e5e00000|  0%| F|  |TAMS 0x00000000e5d00000, 0x00000000e5d00000| Untracked 
|  94|0x00000000e5e00000, 0x00000000e5e00000, 0x00000000e5f00000|  0%| F|  |TAMS 0x00000000e5e00000, 0x00000000e5e00000| Untracked 
|  95|0x00000000e5f00000, 0x00000000e5f00000, 0x00000000e6000000|  0%| F|  |TAMS 0x00000000e5f00000, 0x00000000e5f00000| Untracked 
|  96|0x00000000e6000000, 0x00000000e6000000, 0x00000000e6100000|  0%| F|  |TAMS 0x00000000e6000000, 0x00000000e6000000| Untracked 
|  97|0x00000000e6100000, 0x00000000e6100000, 0x00000000e6200000|  0%| F|  |TAMS 0x00000000e6100000, 0x00000000e6100000| Untracked 
|  98|0x00000000e6200000, 0x00000000e6200000, 0x00000000e6300000|  0%| F|  |TAMS 0x00000000e6200000, 0x00000000e6200000| Untracked 
|  99|0x00000000e6300000, 0x00000000e6300000, 0x00000000e6400000|  0%| F|  |TAMS 0x00000000e6300000, 0x00000000e6300000| Untracked 
| 100|0x00000000e6400000, 0x00000000e6400000, 0x00000000e6500000|  0%| F|  |TAMS 0x00000000e6400000, 0x00000000e6400000| Untracked 
| 101|0x00000000e6500000, 0x00000000e6500000, 0x00000000e6600000|  0%| F|  |TAMS 0x00000000e6500000, 0x00000000e6500000| Untracked 
| 102|0x00000000e6600000, 0x00000000e6600000, 0x00000000e6700000|  0%| F|  |TAMS 0x00000000e6600000, 0x00000000e6600000| Untracked 
| 103|0x00000000e6700000, 0x00000000e6700000, 0x00000000e6800000|  0%| F|  |TAMS 0x00000000e6700000, 0x00000000e6700000| Untracked 
| 104|0x00000000e6800000, 0x00000000e6800000, 0x00000000e6900000|  0%| F|  |TAMS 0x00000000e6800000, 0x00000000e6800000| Untracked 
| 105|0x00000000e6900000, 0x00000000e6900000, 0x00000000e6a00000|  0%| F|  |TAMS 0x00000000e6900000, 0x00000000e6900000| Untracked 
| 106|0x00000000e6a00000, 0x00000000e6a00000, 0x00000000e6b00000|  0%| F|  |TAMS 0x00000000e6a00000, 0x00000000e6a00000| Untracked 
| 107|0x00000000e6b00000, 0x00000000e6b00000, 0x00000000e6c00000|  0%| F|  |TAMS 0x00000000e6b00000, 0x00000000e6b00000| Untracked 
| 108|0x00000000e6c00000, 0x00000000e6c00000, 0x00000000e6d00000|  0%| F|  |TAMS 0x00000000e6c00000, 0x00000000e6c00000| Untracked 
| 109|0x00000000e6d00000, 0x00000000e6d00000, 0x00000000e6e00000|  0%| F|  |TAMS 0x00000000e6d00000, 0x00000000e6d00000| Untracked 
| 110|0x00000000e6e00000, 0x00000000e6e00000, 0x00000000e6f00000|  0%| F|  |TAMS 0x00000000e6e00000, 0x00000000e6e00000| Untracked 
| 111|0x00000000e6f00000, 0x00000000e6f00000, 0x00000000e7000000|  0%| F|  |TAMS 0x00000000e6f00000, 0x00000000e6f00000| Untracked 
| 112|0x00000000e7000000, 0x00000000e7000000, 0x00000000e7100000|  0%| F|  |TAMS 0x00000000e7000000, 0x00000000e7000000| Untracked 
| 113|0x00000000e7100000, 0x00000000e7100000, 0x00000000e7200000|  0%| F|  |TAMS 0x00000000e7100000, 0x00000000e7100000| Untracked 
| 114|0x00000000e7200000, 0x00000000e7200000, 0x00000000e7300000|  0%| F|  |TAMS 0x00000000e7200000, 0x00000000e7200000| Untracked 
| 115|0x00000000e7300000, 0x00000000e7300000, 0x00000000e7400000|  0%| F|  |TAMS 0x00000000e7300000, 0x00000000e7300000| Untracked 
| 116|0x00000000e7400000, 0x00000000e7400000, 0x00000000e7500000|  0%| F|  |TAMS 0x00000000e7400000, 0x00000000e7400000| Untracked 
| 117|0x00000000e7500000, 0x00000000e7500000, 0x00000000e7600000|  0%| F|  |TAMS 0x00000000e7500000, 0x00000000e7500000| Untracked 
| 118|0x00000000e7600000, 0x00000000e7600000, 0x00000000e7700000|  0%| F|  |TAMS 0x00000000e7600000, 0x00000000e7600000| Untracked 
| 119|0x00000000e7700000, 0x00000000e7700000, 0x00000000e7800000|  0%| F|  |TAMS 0x00000000e7700000, 0x00000000e7700000| Untracked 
| 120|0x00000000e7800000, 0x00000000e7800000, 0x00000000e7900000|  0%| F|  |TAMS 0x00000000e7800000, 0x00000000e7800000| Untracked 
| 121|0x00000000e7900000, 0x00000000e7900000, 0x00000000e7a00000|  0%| F|  |TAMS 0x00000000e7900000, 0x00000000e7900000| Untracked 
| 122|0x00000000e7a00000, 0x00000000e7a00000, 0x00000000e7b00000|  0%| F|  |TAMS 0x00000000e7a00000, 0x00000000e7a00000| Untracked 
| 123|0x00000000e7b00000, 0x00000000e7b00000, 0x00000000e7c00000|  0%| F|  |TAMS 0x00000000e7b00000, 0x00000000e7b00000| Untracked 
| 124|0x00000000e7c00000, 0x00000000e7c00000, 0x00000000e7d00000|  0%| F|  |TAMS 0x00000000e7c00000, 0x00000000e7c00000| Untracked 
| 125|0x00000000e7d00000, 0x00000000e7d00000, 0x00000000e7e00000|  0%| F|  |TAMS 0x00000000e7d00000, 0x00000000e7d00000| Untracked 
| 126|0x00000000e7e00000, 0x00000000e7e00000, 0x00000000e7f00000|  0%| F|  |TAMS 0x00000000e7e00000, 0x00000000e7e00000| Untracked 
| 127|0x00000000e7f00000, 0x00000000e7f00000, 0x00000000e8000000|  0%| F|  |TAMS 0x00000000e7f00000, 0x00000000e7f00000| Untracked 
| 128|0x00000000e8000000, 0x00000000e8000000, 0x00000000e8100000|  0%| F|  |TAMS 0x00000000e8000000, 0x00000000e8000000| Untracked 
| 129|0x00000000e8100000, 0x00000000e8100000, 0x00000000e8200000|  0%| F|  |TAMS 0x00000000e8100000, 0x00000000e8100000| Untracked 
| 130|0x00000000e8200000, 0x00000000e8200000, 0x00000000e8300000|  0%| F|  |TAMS 0x00000000e8200000, 0x00000000e8200000| Untracked 
| 131|0x00000000e8300000, 0x00000000e83c9ed8, 0x00000000e8400000| 78%| S|CS|TAMS 0x00000000e8300000, 0x00000000e8300000| Complete 
| 132|0x00000000e8400000, 0x00000000e8500000, 0x00000000e8500000|100%| S|CS|TAMS 0x00000000e8400000, 0x00000000e8400000| Complete 
| 133|0x00000000e8500000, 0x00000000e8600000, 0x00000000e8600000|100%| S|CS|TAMS 0x00000000e8500000, 0x00000000e8500000| Complete 
| 134|0x00000000e8600000, 0x00000000e8700000, 0x00000000e8700000|100%| S|CS|TAMS 0x00000000e8600000, 0x00000000e8600000| Complete 
| 135|0x00000000e8700000, 0x00000000e8800000, 0x00000000e8800000|100%| S|CS|TAMS 0x00000000e8700000, 0x00000000e8700000| Complete 
| 136|0x00000000e8800000, 0x00000000e8900000, 0x00000000e8900000|100%| S|CS|TAMS 0x00000000e8800000, 0x00000000e8800000| Complete 
| 137|0x00000000e8900000, 0x00000000e8a00000, 0x00000000e8a00000|100%| S|CS|TAMS 0x00000000e8900000, 0x00000000e8900000| Complete 
| 138|0x00000000e8a00000, 0x00000000e8b00000, 0x00000000e8b00000|100%| S|CS|TAMS 0x00000000e8a00000, 0x00000000e8a00000| Complete 
| 139|0x00000000e8b00000, 0x00000000e8c00000, 0x00000000e8c00000|100%| S|CS|TAMS 0x00000000e8b00000, 0x00000000e8b00000| Complete 
| 140|0x00000000e8c00000, 0x00000000e8d00000, 0x00000000e8d00000|100%| S|CS|TAMS 0x00000000e8c00000, 0x00000000e8c00000| Complete 
| 141|0x00000000e8d00000, 0x00000000e8d00000, 0x00000000e8e00000|  0%| F|  |TAMS 0x00000000e8d00000, 0x00000000e8d00000| Untracked 
| 142|0x00000000e8e00000, 0x00000000e8e00000, 0x00000000e8f00000|  0%| F|  |TAMS 0x00000000e8e00000, 0x00000000e8e00000| Untracked 
| 143|0x00000000e8f00000, 0x00000000e8f00000, 0x00000000e9000000|  0%| F|  |TAMS 0x00000000e8f00000, 0x00000000e8f00000| Untracked 
| 144|0x00000000e9000000, 0x00000000e9000000, 0x00000000e9100000|  0%| F|  |TAMS 0x00000000e9000000, 0x00000000e9000000| Untracked 
| 145|0x00000000e9100000, 0x00000000e9100000, 0x00000000e9200000|  0%| F|  |TAMS 0x00000000e9100000, 0x00000000e9100000| Untracked 
| 146|0x00000000e9200000, 0x00000000e9200000, 0x00000000e9300000|  0%| F|  |TAMS 0x00000000e9200000, 0x00000000e9200000| Untracked 
| 147|0x00000000e9300000, 0x00000000e9300000, 0x00000000e9400000|  0%| F|  |TAMS 0x00000000e9300000, 0x00000000e9300000| Untracked 
| 148|0x00000000e9400000, 0x00000000e9400000, 0x00000000e9500000|  0%| F|  |TAMS 0x00000000e9400000, 0x00000000e9400000| Untracked 
| 149|0x00000000e9500000, 0x00000000e9500000, 0x00000000e9600000|  0%| F|  |TAMS 0x00000000e9500000, 0x00000000e9500000| Untracked 
| 150|0x00000000e9600000, 0x00000000e9600000, 0x00000000e9700000|  0%| F|  |TAMS 0x00000000e9600000, 0x00000000e9600000| Untracked 
| 151|0x00000000e9700000, 0x00000000e9700000, 0x00000000e9800000|  0%| F|  |TAMS 0x00000000e9700000, 0x00000000e9700000| Untracked 
| 152|0x00000000e9800000, 0x00000000e9800000, 0x00000000e9900000|  0%| F|  |TAMS 0x00000000e9800000, 0x00000000e9800000| Untracked 
| 153|0x00000000e9900000, 0x00000000e9a00000, 0x00000000e9a00000|100%| S|CS|TAMS 0x00000000e9900000, 0x00000000e9900000| Complete 
| 154|0x00000000e9a00000, 0x00000000e9b00000, 0x00000000e9b00000|100%| S|CS|TAMS 0x00000000e9a00000, 0x00000000e9a00000| Complete 
| 155|0x00000000e9b00000, 0x00000000e9c00000, 0x00000000e9c00000|100%| S|CS|TAMS 0x00000000e9b00000, 0x00000000e9b00000| Complete 
| 156|0x00000000e9c00000, 0x00000000e9d00000, 0x00000000e9d00000|100%| S|CS|TAMS 0x00000000e9c00000, 0x00000000e9c00000| Complete 
| 157|0x00000000e9d00000, 0x00000000e9e00000, 0x00000000e9e00000|100%| S|CS|TAMS 0x00000000e9d00000, 0x00000000e9d00000| Complete 
| 158|0x00000000e9e00000, 0x00000000e9e00000, 0x00000000e9f00000|  0%| F|  |TAMS 0x00000000e9e00000, 0x00000000e9e00000| Untracked 
| 159|0x00000000e9f00000, 0x00000000e9f00000, 0x00000000ea000000|  0%| F|  |TAMS 0x00000000e9f00000, 0x00000000e9f00000| Untracked 
| 160|0x00000000ea000000, 0x00000000ea000000, 0x00000000ea100000|  0%| F|  |TAMS 0x00000000ea000000, 0x00000000ea000000| Untracked 
| 161|0x00000000ea100000, 0x00000000ea100000, 0x00000000ea200000|  0%| F|  |TAMS 0x00000000ea100000, 0x00000000ea100000| Untracked 
| 162|0x00000000ea200000, 0x00000000ea200000, 0x00000000ea300000|  0%| F|  |TAMS 0x00000000ea200000, 0x00000000ea200000| Untracked 
| 163|0x00000000ea300000, 0x00000000ea300000, 0x00000000ea400000|  0%| F|  |TAMS 0x00000000ea300000, 0x00000000ea300000| Untracked 
| 164|0x00000000ea400000, 0x00000000ea400000, 0x00000000ea500000|  0%| F|  |TAMS 0x00000000ea400000, 0x00000000ea400000| Untracked 
| 165|0x00000000ea500000, 0x00000000ea500000, 0x00000000ea600000|  0%| F|  |TAMS 0x00000000ea500000, 0x00000000ea500000| Untracked 
| 166|0x00000000ea600000, 0x00000000ea600000, 0x00000000ea700000|  0%| F|  |TAMS 0x00000000ea600000, 0x00000000ea600000| Untracked 
| 167|0x00000000ea700000, 0x00000000ea700000, 0x00000000ea800000|  0%| F|  |TAMS 0x00000000ea700000, 0x00000000ea700000| Untracked 
| 168|0x00000000ea800000, 0x00000000ea800000, 0x00000000ea900000|  0%| F|  |TAMS 0x00000000ea800000, 0x00000000ea800000| Untracked 
| 169|0x00000000ea900000, 0x00000000ea900000, 0x00000000eaa00000|  0%| F|  |TAMS 0x00000000ea900000, 0x00000000ea900000| Untracked 
| 170|0x00000000eaa00000, 0x00000000eaa00000, 0x00000000eab00000|  0%| F|  |TAMS 0x00000000eaa00000, 0x00000000eaa00000| Untracked 
| 171|0x00000000eab00000, 0x00000000eab00000, 0x00000000eac00000|  0%| F|  |TAMS 0x00000000eab00000, 0x00000000eab00000| Untracked 
| 172|0x00000000eac00000, 0x00000000eac00000, 0x00000000ead00000|  0%| F|  |TAMS 0x00000000eac00000, 0x00000000eac00000| Untracked 
| 173|0x00000000ead00000, 0x00000000ead00000, 0x00000000eae00000|  0%| F|  |TAMS 0x00000000ead00000, 0x00000000ead00000| Untracked 
| 174|0x00000000eae00000, 0x00000000eae00000, 0x00000000eaf00000|  0%| F|  |TAMS 0x00000000eae00000, 0x00000000eae00000| Untracked 
| 175|0x00000000eaf00000, 0x00000000eaf00000, 0x00000000eb000000|  0%| F|  |TAMS 0x00000000eaf00000, 0x00000000eaf00000| Untracked 
| 176|0x00000000eb000000, 0x00000000eb000000, 0x00000000eb100000|  0%| F|  |TAMS 0x00000000eb000000, 0x00000000eb000000| Untracked 
| 177|0x00000000eb100000, 0x00000000eb100000, 0x00000000eb200000|  0%| F|  |TAMS 0x00000000eb100000, 0x00000000eb100000| Untracked 
| 178|0x00000000eb200000, 0x00000000eb200000, 0x00000000eb300000|  0%| F|  |TAMS 0x00000000eb200000, 0x00000000eb200000| Untracked 
| 179|0x00000000eb300000, 0x00000000eb300000, 0x00000000eb400000|  0%| F|  |TAMS 0x00000000eb300000, 0x00000000eb300000| Untracked 
| 180|0x00000000eb400000, 0x00000000eb400000, 0x00000000eb500000|  0%| F|  |TAMS 0x00000000eb400000, 0x00000000eb400000| Untracked 
| 181|0x00000000eb500000, 0x00000000eb500000, 0x00000000eb600000|  0%| F|  |TAMS 0x00000000eb500000, 0x00000000eb500000| Untracked 
| 182|0x00000000eb600000, 0x00000000eb600000, 0x00000000eb700000|  0%| F|  |TAMS 0x00000000eb600000, 0x00000000eb600000| Untracked 
| 183|0x00000000eb700000, 0x00000000eb700000, 0x00000000eb800000|  0%| F|  |TAMS 0x00000000eb700000, 0x00000000eb700000| Untracked 
| 184|0x00000000eb800000, 0x00000000eb800000, 0x00000000eb900000|  0%| F|  |TAMS 0x00000000eb800000, 0x00000000eb800000| Untracked 
| 185|0x00000000eb900000, 0x00000000eb900000, 0x00000000eba00000|  0%| F|  |TAMS 0x00000000eb900000, 0x00000000eb900000| Untracked 
| 186|0x00000000eba00000, 0x00000000eba00000, 0x00000000ebb00000|  0%| F|  |TAMS 0x00000000eba00000, 0x00000000eba00000| Untracked 
| 187|0x00000000ebb00000, 0x00000000ebb00000, 0x00000000ebc00000|  0%| F|  |TAMS 0x00000000ebb00000, 0x00000000ebb00000| Untracked 
| 188|0x00000000ebc00000, 0x00000000ebc00000, 0x00000000ebd00000|  0%| F|  |TAMS 0x00000000ebc00000, 0x00000000ebc00000| Untracked 
| 189|0x00000000ebd00000, 0x00000000ebd00000, 0x00000000ebe00000|  0%| F|  |TAMS 0x00000000ebd00000, 0x00000000ebd00000| Untracked 
| 190|0x00000000ebe00000, 0x00000000ebe00000, 0x00000000ebf00000|  0%| F|  |TAMS 0x00000000ebe00000, 0x00000000ebe00000| Untracked 
| 191|0x00000000ebf00000, 0x00000000ebf00000, 0x00000000ec000000|  0%| F|  |TAMS 0x00000000ebf00000, 0x00000000ebf00000| Untracked 
| 192|0x00000000ec000000, 0x00000000ec000000, 0x00000000ec100000|  0%| F|  |TAMS 0x00000000ec000000, 0x00000000ec000000| Untracked 
| 193|0x00000000ec100000, 0x00000000ec100000, 0x00000000ec200000|  0%| F|  |TAMS 0x00000000ec100000, 0x00000000ec100000| Untracked 
| 194|0x00000000ec200000, 0x00000000ec200000, 0x00000000ec300000|  0%| F|  |TAMS 0x00000000ec200000, 0x00000000ec200000| Untracked 
| 195|0x00000000ec300000, 0x00000000ec300000, 0x00000000ec400000|  0%| F|  |TAMS 0x00000000ec300000, 0x00000000ec300000| Untracked 
| 196|0x00000000ec400000, 0x00000000ec400000, 0x00000000ec500000|  0%| F|  |TAMS 0x00000000ec400000, 0x00000000ec400000| Untracked 
| 197|0x00000000ec500000, 0x00000000ec500000, 0x00000000ec600000|  0%| F|  |TAMS 0x00000000ec500000, 0x00000000ec500000| Untracked 
| 198|0x00000000ec600000, 0x00000000ec600000, 0x00000000ec700000|  0%| F|  |TAMS 0x00000000ec600000, 0x00000000ec600000| Untracked 
| 199|0x00000000ec700000, 0x00000000ec700000, 0x00000000ec800000|  0%| F|  |TAMS 0x00000000ec700000, 0x00000000ec700000| Untracked 
| 200|0x00000000ec800000, 0x00000000ec800000, 0x00000000ec900000|  0%| F|  |TAMS 0x00000000ec800000, 0x00000000ec800000| Untracked 
| 201|0x00000000ec900000, 0x00000000ec900000, 0x00000000eca00000|  0%| F|  |TAMS 0x00000000ec900000, 0x00000000ec900000| Untracked 
| 202|0x00000000eca00000, 0x00000000eca00000, 0x00000000ecb00000|  0%| F|  |TAMS 0x00000000eca00000, 0x00000000eca00000| Untracked 
| 203|0x00000000ecb00000, 0x00000000ecb00000, 0x00000000ecc00000|  0%| F|  |TAMS 0x00000000ecb00000, 0x00000000ecb00000| Untracked 
| 204|0x00000000ecc00000, 0x00000000ecc00000, 0x00000000ecd00000|  0%| F|  |TAMS 0x00000000ecc00000, 0x00000000ecc00000| Untracked 
| 205|0x00000000ecd00000, 0x00000000ecd00000, 0x00000000ece00000|  0%| F|  |TAMS 0x00000000ecd00000, 0x00000000ecd00000| Untracked 
| 206|0x00000000ece00000, 0x00000000ece00000, 0x00000000ecf00000|  0%| F|  |TAMS 0x00000000ece00000, 0x00000000ece00000| Untracked 
| 207|0x00000000ecf00000, 0x00000000ecf00000, 0x00000000ed000000|  0%| F|  |TAMS 0x00000000ecf00000, 0x00000000ecf00000| Untracked 
| 208|0x00000000ed000000, 0x00000000ed000000, 0x00000000ed100000|  0%| F|  |TAMS 0x00000000ed000000, 0x00000000ed000000| Untracked 
| 209|0x00000000ed100000, 0x00000000ed100000, 0x00000000ed200000|  0%| F|  |TAMS 0x00000000ed100000, 0x00000000ed100000| Untracked 
| 210|0x00000000ed200000, 0x00000000ed200000, 0x00000000ed300000|  0%| F|  |TAMS 0x00000000ed200000, 0x00000000ed200000| Untracked 
| 211|0x00000000ed300000, 0x00000000ed300000, 0x00000000ed400000|  0%| F|  |TAMS 0x00000000ed300000, 0x00000000ed300000| Untracked 
| 212|0x00000000ed400000, 0x00000000ed400000, 0x00000000ed500000|  0%| F|  |TAMS 0x00000000ed400000, 0x00000000ed400000| Untracked 
| 213|0x00000000ed500000, 0x00000000ed500000, 0x00000000ed600000|  0%| F|  |TAMS 0x00000000ed500000, 0x00000000ed500000| Untracked 
| 214|0x00000000ed600000, 0x00000000ed600000, 0x00000000ed700000|  0%| F|  |TAMS 0x00000000ed600000, 0x00000000ed600000| Untracked 
| 215|0x00000000ed700000, 0x00000000ed700000, 0x00000000ed800000|  0%| F|  |TAMS 0x00000000ed700000, 0x00000000ed700000| Untracked 
| 216|0x00000000ed800000, 0x00000000ed800000, 0x00000000ed900000|  0%| F|  |TAMS 0x00000000ed800000, 0x00000000ed800000| Untracked 
| 217|0x00000000ed900000, 0x00000000ed900000, 0x00000000eda00000|  0%| F|  |TAMS 0x00000000ed900000, 0x00000000ed900000| Untracked 
| 218|0x00000000eda00000, 0x00000000eda00000, 0x00000000edb00000|  0%| F|  |TAMS 0x00000000eda00000, 0x00000000eda00000| Untracked 
| 219|0x00000000edb00000, 0x00000000edb00000, 0x00000000edc00000|  0%| F|  |TAMS 0x00000000edb00000, 0x00000000edb00000| Untracked 
| 220|0x00000000edc00000, 0x00000000edc00000, 0x00000000edd00000|  0%| F|  |TAMS 0x00000000edc00000, 0x00000000edc00000| Untracked 
| 221|0x00000000edd00000, 0x00000000edd00000, 0x00000000ede00000|  0%| F|  |TAMS 0x00000000edd00000, 0x00000000edd00000| Untracked 
| 222|0x00000000ede00000, 0x00000000ede00000, 0x00000000edf00000|  0%| F|  |TAMS 0x00000000ede00000, 0x00000000ede00000| Untracked 
| 223|0x00000000edf00000, 0x00000000edf00000, 0x00000000ee000000|  0%| F|  |TAMS 0x00000000edf00000, 0x00000000edf00000| Untracked 
| 224|0x00000000ee000000, 0x00000000ee000000, 0x00000000ee100000|  0%| F|  |TAMS 0x00000000ee000000, 0x00000000ee000000| Untracked 
| 225|0x00000000ee100000, 0x00000000ee100000, 0x00000000ee200000|  0%| F|  |TAMS 0x00000000ee100000, 0x00000000ee100000| Untracked 
| 226|0x00000000ee200000, 0x00000000ee200000, 0x00000000ee300000|  0%| F|  |TAMS 0x00000000ee200000, 0x00000000ee200000| Untracked 
| 227|0x00000000ee300000, 0x00000000ee300000, 0x00000000ee400000|  0%| F|  |TAMS 0x00000000ee300000, 0x00000000ee300000| Untracked 
| 228|0x00000000ee400000, 0x00000000ee400000, 0x00000000ee500000|  0%| F|  |TAMS 0x00000000ee400000, 0x00000000ee400000| Untracked 
| 229|0x00000000ee500000, 0x00000000ee500000, 0x00000000ee600000|  0%| F|  |TAMS 0x00000000ee500000, 0x00000000ee500000| Untracked 
| 230|0x00000000ee600000, 0x00000000ee600000, 0x00000000ee700000|  0%| F|  |TAMS 0x00000000ee600000, 0x00000000ee600000| Untracked 
| 231|0x00000000ee700000, 0x00000000ee700000, 0x00000000ee800000|  0%| F|  |TAMS 0x00000000ee700000, 0x00000000ee700000| Untracked 
| 232|0x00000000ee800000, 0x00000000ee800000, 0x00000000ee900000|  0%| F|  |TAMS 0x00000000ee800000, 0x00000000ee800000| Untracked 
| 233|0x00000000ee900000, 0x00000000ee900000, 0x00000000eea00000|  0%| F|  |TAMS 0x00000000ee900000, 0x00000000ee900000| Untracked 
| 234|0x00000000eea00000, 0x00000000eea00000, 0x00000000eeb00000|  0%| F|  |TAMS 0x00000000eea00000, 0x00000000eea00000| Untracked 
| 235|0x00000000eeb00000, 0x00000000eeb00000, 0x00000000eec00000|  0%| F|  |TAMS 0x00000000eeb00000, 0x00000000eeb00000| Untracked 
| 236|0x00000000eec00000, 0x00000000eec00000, 0x00000000eed00000|  0%| F|  |TAMS 0x00000000eec00000, 0x00000000eec00000| Untracked 
| 237|0x00000000eed00000, 0x00000000eed00000, 0x00000000eee00000|  0%| F|  |TAMS 0x00000000eed00000, 0x00000000eed00000| Untracked 
| 238|0x00000000eee00000, 0x00000000eee00000, 0x00000000eef00000|  0%| F|  |TAMS 0x00000000eee00000, 0x00000000eee00000| Untracked 
| 239|0x00000000eef00000, 0x00000000eef82010, 0x00000000ef000000| 50%| E|  |TAMS 0x00000000eef00000, 0x00000000eef00000| Complete 
| 240|0x00000000ef000000, 0x00000000ef100000, 0x00000000ef100000|100%| E|CS|TAMS 0x00000000ef000000, 0x00000000ef000000| Complete 
| 241|0x00000000ef100000, 0x00000000ef200000, 0x00000000ef200000|100%| E|CS|TAMS 0x00000000ef100000, 0x00000000ef100000| Complete 
| 242|0x00000000ef200000, 0x00000000ef300000, 0x00000000ef300000|100%| E|CS|TAMS 0x00000000ef200000, 0x00000000ef200000| Complete 
| 243|0x00000000ef300000, 0x00000000ef400000, 0x00000000ef400000|100%| E|CS|TAMS 0x00000000ef300000, 0x00000000ef300000| Complete 
| 244|0x00000000ef400000, 0x00000000ef500000, 0x00000000ef500000|100%| E|CS|TAMS 0x00000000ef400000, 0x00000000ef400000| Complete 
| 245|0x00000000ef500000, 0x00000000ef600000, 0x00000000ef600000|100%| E|CS|TAMS 0x00000000ef500000, 0x00000000ef500000| Complete 
| 246|0x00000000ef600000, 0x00000000ef700000, 0x00000000ef700000|100%| E|CS|TAMS 0x00000000ef600000, 0x00000000ef600000| Complete 
| 247|0x00000000ef700000, 0x00000000ef800000, 0x00000000ef800000|100%| E|CS|TAMS 0x00000000ef700000, 0x00000000ef700000| Complete 
| 248|0x00000000ef800000, 0x00000000ef900000, 0x00000000ef900000|100%| E|CS|TAMS 0x00000000ef800000, 0x00000000ef800000| Complete 
| 249|0x00000000ef900000, 0x00000000efa00000, 0x00000000efa00000|100%| E|CS|TAMS 0x00000000ef900000, 0x00000000ef900000| Complete 
| 250|0x00000000efa00000, 0x00000000efb00000, 0x00000000efb00000|100%| E|CS|TAMS 0x00000000efa00000, 0x00000000efa00000| Complete 
| 251|0x00000000efb00000, 0x00000000efc00000, 0x00000000efc00000|100%| E|CS|TAMS 0x00000000efb00000, 0x00000000efb00000| Complete 
| 252|0x00000000efc00000, 0x00000000efd00000, 0x00000000efd00000|100%| E|CS|TAMS 0x00000000efc00000, 0x00000000efc00000| Complete 
| 253|0x00000000efd00000, 0x00000000efe00000, 0x00000000efe00000|100%| E|CS|TAMS 0x00000000efd00000, 0x00000000efd00000| Complete 
| 254|0x00000000efe00000, 0x00000000eff00000, 0x00000000eff00000|100%| E|CS|TAMS 0x00000000efe00000, 0x00000000efe00000| Complete 
| 255|0x00000000eff00000, 0x00000000f0000000, 0x00000000f0000000|100%| E|CS|TAMS 0x00000000eff00000, 0x00000000eff00000| Complete 

Card table byte_map: [0x0000024379350000,0x0000024379450000] _byte_map_base: 0x0000024378c50000

Marking Bits (Prev, Next): (CMBitMap*) 0x0000024360779ef0, (CMBitMap*) 0x0000024360779f30
 Prev Bits: [0x0000024379550000, 0x0000024379d50000)
 Next Bits: [0x0000024379d50000, 0x000002437a550000)

Polling page: 0x0000024360820000

Metaspace:

Usage:
  Non-class:     31.61 MB used.
      Class:      5.03 MB used.
       Both:     36.64 MB used.

Virtual space:
  Non-class space:       64.00 MB reserved,      31.81 MB ( 50%) committed,  1 nodes.
      Class space:      208.00 MB reserved,       5.19 MB (  2%) committed,  1 nodes.
             Both:      272.00 MB reserved,      37.00 MB ( 14%) committed. 

Chunk freelists:
   Non-Class:  208.00 KB
       Class:  10.83 MB
        Both:  11.03 MB

MaxMetaspaceSize: 256.00 MB
CompressedClassSpaceSize: 208.00 MB
Initial GC threshold: 21.00 MB
Current GC threshold: 58.69 MB
CDS: on
MetaspaceReclaimPolicy: balanced
 - commit_granule_bytes: 65536.
 - commit_granule_words: 8192.
 - virtual_space_node_default_size: 8388608.
 - enlarge_chunks_in_place: 1.
 - new_chunks_are_fully_committed: 0.
 - uncommit_free_chunks: 1.
 - use_allocation_guard: 0.
 - handle_deallocations: 1.


Internal statistics:

num_allocs_failed_limit: 6.
num_arena_births: 358.
num_arena_deaths: 0.
num_vsnodes_births: 2.
num_vsnodes_deaths: 0.
num_space_committed: 592.
num_space_uncommitted: 0.
num_chunks_returned_to_freelist: 6.
num_chunks_taken_from_freelist: 1706.
num_chunk_merges: 6.
num_chunk_splits: 1174.
num_chunks_enlarged: 847.
num_inconsistent_stats: 0.

CodeHeap 'non-profiled nmethods': size=120000Kb used=2692Kb max_used=2692Kb free=117307Kb
 bounds [0x00000243712b0000, 0x0000024371560000, 0x00000243787e0000]
CodeHeap 'profiled nmethods': size=120000Kb used=8354Kb max_used=8354Kb free=111645Kb
 bounds [0x00000243697e0000, 0x000002436a010000, 0x0000024370d10000]
CodeHeap 'non-nmethods': size=5760Kb used=2303Kb max_used=2407Kb free=3456Kb
 bounds [0x0000024370d10000, 0x0000024370f80000, 0x00000243712b0000]
 total_blobs=4850 nmethods=4040 adapters=722
 compilation: enabled
              stopped_count=0, restarted_count=0
 full_count=0

Compilation events (20 events):
Event: 8.338 Thread 0x000002437f31fe20 nmethod 3934 0x000002437153c110 code [0x000002437153c280, 0x000002437153c2d8]
Event: 8.338 Thread 0x000002437f31fe20 3920       4       com.google.common.collect.Iterators$ArrayItr::get (12 bytes)
Event: 8.339 Thread 0x000002437f31fe20 nmethod 3920 0x000002437153c410 code [0x000002437153c580, 0x000002437153c638]
Event: 8.340 Thread 0x000002437cfa2fa0 3941       3       org.gradle.internal.service.DefaultServiceRegistry$CompositeServiceProvider::getAll (43 bytes)
Event: 8.340 Thread 0x000002437cfa2fa0 nmethod 3941 0x0000024369fd9190 code [0x0000024369fd9340, 0x0000024369fd9608]
Event: 8.340 Thread 0x000002437cfa2fa0 3942       3       org.gradle.internal.service.DefaultServiceRegistry$ParentServices::getAll (12 bytes)
Event: 8.340 Thread 0x000002437cfa2fa0 nmethod 3942 0x0000024369fd9790 code [0x0000024369fd9940, 0x0000024369fd9b08]
Event: 8.361 Thread 0x000002437cfa2fa0 3943       3       java.lang.Long::valueOf (40 bytes)
Event: 8.362 Thread 0x000002437cfa2fa0 nmethod 3943 0x0000024369fd9c10 code [0x0000024369fd9dc0, 0x0000024369fda118]
Event: 8.362 Thread 0x000002437cfa2fa0 3944       3       java.lang.ThreadLocal$ThreadLocalMap::getEntryAfterMiss (59 bytes)
Event: 8.363 Thread 0x000002437cfa2fa0 nmethod 3944 0x0000024369fda290 code [0x0000024369fda480, 0x0000024369fdaaa8]
Event: 8.364 Thread 0x000002437cfa2fa0 3947       3       java.lang.invoke.LambdaFormBuffer::changeName (149 bytes)
Event: 8.364 Thread 0x000002437cfa2fa0 nmethod 3947 0x0000024369fdad10 code [0x0000024369fdaee0, 0x0000024369fdb428]
Event: 8.364 Thread 0x000002437cfa2fa0 3949       1       java.lang.invoke.InvokerBytecodeGenerator::setClassWriter (6 bytes)
Event: 8.364 Thread 0x000002437cfa2fa0 nmethod 3949 0x000002437153d010 code [0x000002437153d1a0, 0x000002437153d2b8]
Event: 8.364 Thread 0x000002437cfa2fa0 3950       3       jdk.internal.org.objectweb.asm.AnnotationWriter::visitEnd (44 bytes)
Event: 8.364 Thread 0x000002437cfa2fa0 nmethod 3950 0x0000024369fdb610 code [0x0000024369fdb7a0, 0x0000024369fdb938]
Event: 8.365 Thread 0x000002437cfa2fa0 3951       3       java.util.ImmutableCollections$List12::<init> (20 bytes)
Event: 8.365 Thread 0x000002437cfa2fa0 nmethod 3951 0x0000024369fdba90 code [0x0000024369fdbc60, 0x0000024369fdc108]
Event: 8.365 Thread 0x000002437cfa2fa0 3953       3       java.lang.invoke.InvokerBytecodeGenerator::isStaticallyNameable (148 bytes)

GC Heap History (8 events):
Event: 0.856 GC heap before
{Heap before GC invocations=0 (full 0):
 garbage-first heap   total 262144K, used 28672K [0x00000000e0000000, 0x0000000100000000)
  region size 1024K, 23 young (23552K), 0 survivors (0K)
 Metaspace       used 2969K, committed 3136K, reserved 278528K
  class space    used 380K, committed 448K, reserved 212992K
}
Event: 0.864 GC heap after
{Heap after GC invocations=1 (full 0):
 garbage-first heap   total 262144K, used 8940K [0x00000000e0000000, 0x0000000100000000)
  region size 1024K, 3 young (3072K), 3 survivors (3072K)
 Metaspace       used 2969K, committed 3136K, reserved 278528K
  class space    used 380K, committed 448K, reserved 212992K
}
Event: 1.284 GC heap before
{Heap before GC invocations=1 (full 0):
 garbage-first heap   total 262144K, used 38636K [0x00000000e0000000, 0x0000000100000000)
  region size 1024K, 31 young (31744K), 3 survivors (3072K)
 Metaspace       used 3899K, committed 4096K, reserved 278528K
  class space    used 477K, committed 576K, reserved 212992K
}
Event: 1.289 GC heap after
{Heap after GC invocations=2 (full 0):
 garbage-first heap   total 262144K, used 13248K [0x00000000e0000000, 0x0000000100000000)
  region size 1024K, 4 young (4096K), 4 survivors (4096K)
 Metaspace       used 3899K, committed 4096K, reserved 278528K
  class space    used 477K, committed 576K, reserved 212992K
}
Event: 4.599 GC heap before
{Heap before GC invocations=2 (full 0):
 garbage-first heap   total 262144K, used 113600K [0x00000000e0000000, 0x0000000100000000)
  region size 1024K, 103 young (105472K), 4 survivors (4096K)
 Metaspace       used 21247K, committed 21504K, reserved 278528K
  class space    used 3147K, committed 3264K, reserved 212992K
}
Event: 4.611 GC heap after
{Heap after GC invocations=3 (full 0):
 garbage-first heap   total 262144K, used 20938K [0x00000000e0000000, 0x0000000100000000)
  region size 1024K, 12 young (12288K), 12 survivors (12288K)
 Metaspace       used 21247K, committed 21504K, reserved 278528K
  class space    used 3147K, committed 3264K, reserved 212992K
}
Event: 8.060 GC heap before
{Heap before GC invocations=4 (full 0):
 garbage-first heap   total 262144K, used 123338K [0x00000000e0000000, 0x0000000100000000)
  region size 1024K, 110 young (112640K), 12 survivors (12288K)
 Metaspace       used 35612K, committed 35968K, reserved 278528K
  class space    used 4872K, committed 5056K, reserved 212992K
}
Event: 8.075 GC heap after
{Heap after GC invocations=5 (full 0):
 garbage-first heap   total 262144K, used 28545K [0x00000000e0000000, 0x0000000100000000)
  region size 1024K, 15 young (15360K), 15 survivors (15360K)
 Metaspace       used 35612K, committed 35968K, reserved 278528K
  class space    used 4872K, committed 5056K, reserved 212992K
}

Deoptimization events (20 events):
Event: 7.574 Thread 0x000002437eb19ea0 Uncommon trap: trap_request=0xffffffbe fr.pc=0x0000024371491848 relative=0x00000000000004e8
Event: 7.574 Thread 0x000002437eb19ea0 Uncommon trap: reason=profile_predicate action=maybe_recompile pc=0x0000024371491848 method=java.util.stream.ReferencePipeline.forEachWithCancel(Ljava/util/Spliterator;Ljava/util/stream/Sink;)Z @ 8 c2
Event: 7.574 Thread 0x000002437eb19ea0 DEOPT PACKING pc=0x0000024371491848 sp=0x000000f7af2fe970
Event: 7.575 Thread 0x000002437eb19ea0 DEOPT UNPACKING pc=0x0000024370d623a3 sp=0x000000f7af2fe910 mode 2
Event: 7.822 Thread 0x000002437ecdee60 Uncommon trap: trap_request=0xffffff45 fr.pc=0x0000024371315e04 relative=0x00000000000001e4
Event: 7.822 Thread 0x000002437ecdee60 Uncommon trap: reason=unstable_if action=reinterpret pc=0x0000024371315e04 method=java.net.URI$Parser.scan(IILjava/lang/String;)I @ 26 c2
Event: 7.822 Thread 0x000002437ecdee60 DEOPT PACKING pc=0x0000024371315e04 sp=0x000000f7af8f7f90
Event: 7.822 Thread 0x000002437ecdee60 DEOPT UNPACKING pc=0x0000024370d623a3 sp=0x000000f7af8f7f20 mode 2
Event: 7.822 Thread 0x000002437ecdee60 Uncommon trap: trap_request=0xffffff45 fr.pc=0x000002437130e258 relative=0x0000000000000138
Event: 7.822 Thread 0x000002437ecdee60 Uncommon trap: reason=unstable_if action=reinterpret pc=0x000002437130e258 method=java.net.URI.match(CJJ)Z @ 45 c2
Event: 7.822 Thread 0x000002437ecdee60 DEOPT PACKING pc=0x000002437130e258 sp=0x000000f7af8f7d00
Event: 7.822 Thread 0x000002437ecdee60 DEOPT UNPACKING pc=0x0000024370d623a3 sp=0x000000f7af8f7c38 mode 2
Event: 7.822 Thread 0x000002437ecdee60 Uncommon trap: trap_request=0xffffff45 fr.pc=0x00000243712d8fcc relative=0x000000000000004c
Event: 7.822 Thread 0x000002437ecdee60 Uncommon trap: reason=unstable_if action=reinterpret pc=0x00000243712d8fcc method=java.net.URI.match(CJJ)Z @ 19 c2
Event: 7.822 Thread 0x000002437ecdee60 DEOPT PACKING pc=0x00000243712d8fcc sp=0x000000f7af8f7d10
Event: 7.822 Thread 0x000002437ecdee60 DEOPT UNPACKING pc=0x0000024370d623a3 sp=0x000000f7af8f7cc0 mode 2
Event: 8.203 Thread 0x000002437ecdee60 Uncommon trap: trap_request=0xffffffbe fr.pc=0x0000024371491848 relative=0x00000000000004e8
Event: 8.203 Thread 0x000002437ecdee60 Uncommon trap: reason=profile_predicate action=maybe_recompile pc=0x0000024371491848 method=java.util.stream.ReferencePipeline.forEachWithCancel(Ljava/util/Spliterator;Ljava/util/stream/Sink;)Z @ 8 c2
Event: 8.203 Thread 0x000002437ecdee60 DEOPT PACKING pc=0x0000024371491848 sp=0x000000f7af8f79f0
Event: 8.203 Thread 0x000002437ecdee60 DEOPT UNPACKING pc=0x0000024370d623a3 sp=0x000000f7af8f7990 mode 2

Classes unloaded (0 events):
No events

Classes redefined (0 events):
No events

Internal exceptions (20 events):
Event: 7.368 Thread 0x000002437ecdee60 Exception <a 'java/lang/ClassNotFoundException'{0x00000000eb4f91c8}: groovy/lang/Closure$1BeanInfo> (0x00000000eb4f91c8) 
thrown [s\open\src\hotspot\share\classfile\systemDictionary.cpp, line 256]
Event: 7.370 Thread 0x000002437ecdee60 Exception <a 'java/lang/ClassNotFoundException'{0x00000000eb31d568}: groovy/lang/ClosureBeanInfo> (0x00000000eb31d568) 
thrown [s\open\src\hotspot\share\classfile\systemDictionary.cpp, line 256]
Event: 7.371 Thread 0x000002437ecdee60 Exception <a 'java/lang/ClassNotFoundException'{0x00000000eb3414c8}: groovy/lang/ClosureCustomizer> (0x00000000eb3414c8) 
thrown [s\open\src\hotspot\share\classfile\systemDictionary.cpp, line 256]
Event: 7.378 Thread 0x000002437ecdee60 Exception <a 'java/lang/ClassNotFoundException'{0x00000000eb389618}: groovy/lang/Closure$1Customizer> (0x00000000eb389618) 
thrown [s\open\src\hotspot\share\classfile\systemDictionary.cpp, line 256]
Event: 7.515 Thread 0x000002437ecdee60 Exception <a 'java/lang/ClassNotFoundException'{0x00000000eb07b870}: org/gradle/internal/metaobject/ConfigureDelegateBeanInfo> (0x00000000eb07b870) 
thrown [s\open\src\hotspot\share\classfile\systemDictionary.cpp, line 256]
Event: 7.516 Thread 0x000002437ecdee60 Exception <a 'java/lang/ClassNotFoundException'{0x00000000eb08bc30}: org/gradle/internal/metaobject/ConfigureDelegateCustomizer> (0x00000000eb08bc30) 
thrown [s\open\src\hotspot\share\classfile\systemDictionary.cpp, line 256]
Event: 7.523 Thread 0x000002437ecdee60 Exception <a 'java/lang/ClassNotFoundException'{0x00000000eb0c4c00}: org/gradle/plugin/use/internal/PluginRequestCollector$PluginDependenciesSpecImplBeanInfo> (0x00000000eb0c4c00) 
thrown [s\open\src\hotspot\share\classfile\systemDictionary.cpp, line 256]
Event: 7.525 Thread 0x000002437ecdee60 Exception <a 'java/lang/ClassNotFoundException'{0x00000000eb0d6ef8}: org/gradle/plugin/use/internal/PluginRequestCollector$PluginDependenciesSpecImplCustomizer> (0x00000000eb0d6ef8) 
thrown [s\open\src\hotspot\share\classfile\systemDictionary.cpp, line 256]
Event: 7.537 Thread 0x000002437ecdee60 Exception <a 'java/lang/ClassNotFoundException'{0x00000000eaf120f8}: org/gradle/plugin/use/internal/PluginRequestCollector$PluginDependencySpecImplBeanInfo> (0x00000000eaf120f8) 
thrown [s\open\src\hotspot\share\classfile\systemDictionary.cpp, line 256]
Event: 7.538 Thread 0x000002437ecdee60 Exception <a 'java/lang/ClassNotFoundException'{0x00000000eaf24390}: org/gradle/plugin/use/internal/PluginRequestCollector$PluginDependencySpecImplCustomizer> (0x00000000eaf24390) 
thrown [s\open\src\hotspot\share\classfile\systemDictionary.cpp, line 256]
Event: 7.914 Thread 0x000002437ecdee60 Exception <a 'java/lang/NoSuchMethodError'{0x00000000ea5b5ff0}: 'java.lang.Object java.lang.invoke.DirectMethodHandle$Holder.newInvokeSpecial(java.lang.Object, int, java.lang.Object)'> (0x00000000ea5b5ff0) 
thrown [s\open\src\hotspot\share\interpreter\linkResolver.cpp, line 759]
Event: 8.116 Thread 0x000002437ecdee60 Exception <a 'java/lang/NoSuchMethodError'{0x00000000efe8fbf8}: 'int java.lang.invoke.DirectMethodHandle$Holder.invokeInterface(java.lang.Object, java.lang.Object)'> (0x00000000efe8fbf8) 
thrown [s\open\src\hotspot\share\interpreter\linkResolver.cpp, line 759]
Event: 8.117 Thread 0x000002437ecdee60 Exception <a 'java/lang/IncompatibleClassChangeError'{0x00000000efe94178}: Found class java.lang.Object, but interface was expected> (0x00000000efe94178) 
thrown [s\open\src\hotspot\share\interpreter\linkResolver.cpp, line 826]
Event: 8.118 Thread 0x000002437ecdee60 Exception <a 'java/lang/NoSuchMethodError'{0x00000000efe9be50}: 'int java.lang.invoke.DirectMethodHandle$Holder.invokeSpecialIFC(java.lang.Object, java.lang.Object, java.lang.Object, java.lang.Object, java.lang.Object)'> (0x00000000efe9be50) 
thrown [s\open\src\hotspot\share\interpreter\linkResolver.cpp, line 759]
Event: 8.208 Thread 0x000002437ecdee60 Exception <a 'java/lang/NoSuchMethodError'{0x00000000ef9cabd0}: 'int java.lang.invoke.DirectMethodHandle$Holder.invokeStatic(java.lang.Object)'> (0x00000000ef9cabd0) 
thrown [s\open\src\hotspot\share\interpreter\linkResolver.cpp, line 759]
Event: 8.208 Thread 0x000002437ecdee60 Exception <a 'java/lang/NoSuchMethodError'{0x00000000ef9cf268}: 'int java.lang.invoke.DirectMethodHandle$Holder.invokeStaticInit(java.lang.Object)'> (0x00000000ef9cf268) 
thrown [s\open\src\hotspot\share\interpreter\linkResolver.cpp, line 759]
Event: 8.244 Thread 0x000002437ecdee60 Exception <a 'java/lang/NoSuchMethodError'{0x00000000ef76b8e8}: 'void java.lang.invoke.DirectMethodHandle$Holder.invokeStatic(java.lang.Object, java.lang.Object, java.lang.Object, int, java.lang.Object)'> (0x00000000ef76b8e8) 
thrown [s\open\src\hotspot\share\interpreter\linkResolver.cpp, line 759]
Event: 8.363 Thread 0x000002437ecdee60 Exception <a 'java/lang/NoSuchMethodError'{0x00000000ef3c8ed0}: 'java.lang.Object java.lang.invoke.DelegatingMethodHandle$Holder.reinvoke_L(java.lang.Object, java.lang.Object, java.lang.Object, java.lang.Object, java.lang.Object, java.lang.Object, java.lang.Object, java.lang.Object, java.lang.Object, java.lang.Object, java.lang.Object, java.lang.Object, java.lang.Object, java.lang.Object, java.lang.Object, java.lang.Object, java.lang.Object, java.lang.Object, java.lang.Object, java.lang.Object, java.lang.O
Event: 8.364 Thread 0x000002437ecdee60 Exception <a 'java/lang/NoSuchMethodError'{0x00000000ef3d4e98}: 'java.lang.Object java.lang.invoke.Invokers$Holder.invoker(java.lang.Object, java.lang.Object, java.lang.Object, java.lang.Object, java.lang.Object, java.lang.Object, java.lang.Object, java.lang.Object, java.lang.Object, java.lang.Object, java.lang.Object, java.lang.Object, java.lang.Object, java.lang.Object, java.lang.Object, java.lang.Object, java.lang.Object, java.lang.Object, java.lang.Object, java.lang.Object, java.lang.Object)'> (0x00000
Event: 8.365 Thread 0x000002437ecdee60 Exception <a 'java/lang/NoSuchMethodError'{0x00000000ef3dc0c8}: 'java.lang.Object java.lang.invoke.DelegatingMethodHandle$Holder.delegate(java.lang.Object, java.lang.Object, java.lang.Object, java.lang.Object, java.lang.Object, java.lang.Object, java.lang.Object, java.lang.Object, java.lang.Object, java.lang.Object, java.lang.Object, java.lang.Object, java.lang.Object, java.lang.Object, java.lang.Object, java.lang.Object, java.lang.Object, java.lang.Object, java.lang.Object, java.lang.Object, java.lang.Obj

VM Operations (20 events):
Event: 6.307 Executing VM operation: ICBufferFull
Event: 6.308 Executing VM operation: ICBufferFull done
Event: 6.785 Executing VM operation: HandshakeAllThreads
Event: 6.785 Executing VM operation: HandshakeAllThreads done
Event: 6.859 Executing VM operation: HandshakeAllThreads
Event: 6.859 Executing VM operation: HandshakeAllThreads done
Event: 7.111 Executing VM operation: HandshakeAllThreads
Event: 7.111 Executing VM operation: HandshakeAllThreads done
Event: 7.343 Executing VM operation: ICBufferFull
Event: 7.343 Executing VM operation: ICBufferFull done
Event: 7.548 Executing VM operation: HandshakeAllThreads
Event: 7.548 Executing VM operation: HandshakeAllThreads done
Event: 7.549 Executing VM operation: HandshakeAllThreads
Event: 7.549 Executing VM operation: HandshakeAllThreads done
Event: 8.060 Executing VM operation: CollectForMetadataAllocation
Event: 8.075 Executing VM operation: CollectForMetadataAllocation done
Event: 8.089 Executing VM operation: G1Concurrent
Event: 8.092 Executing VM operation: G1Concurrent done
Event: 8.094 Executing VM operation: G1Concurrent
Event: 8.094 Executing VM operation: G1Concurrent done

Events (20 events):
Event: 7.986 loading class javax/naming/InvalidNameException done
Event: 7.986 loading class java/security/cert/CertificateParsingException
Event: 7.986 loading class java/security/cert/CertificateException
Event: 7.986 loading class java/security/cert/CertificateException done
Event: 7.986 loading class java/security/cert/CertificateParsingException done
Event: 8.115 loading class java/util/Collections$ReverseComparator
Event: 8.115 loading class java/util/Collections$ReverseComparator done
Event: 8.115 loading class java/util/Comparators$NaturalOrderComparator
Event: 8.115 loading class java/util/Comparators$NaturalOrderComparator done
Event: 8.116 loading class java/util/Collections$ReverseComparator2
Event: 8.116 loading class java/util/Collections$ReverseComparator2 done
Event: 8.203 loading class java/util/Collections$2
Event: 8.203 loading class java/util/Collections$2 done
Event: 8.342 loading class java/util/zip/GZIPInputStream
Event: 8.343 loading class java/util/zip/GZIPInputStream done
Event: 8.343 loading class java/util/zip/GZIPOutputStream
Event: 8.343 loading class java/util/zip/GZIPOutputStream done
Event: 8.349 loading class java/lang/ThreadLocal$SuppliedThreadLocal
Event: 8.349 loading class java/lang/ThreadLocal$SuppliedThreadLocal done
Event: 8.360 Thread 0x0000024312d165f0 Thread added: 0x0000024312d165f0


Dynamic libraries:
0x00007ff6cf4b0000 - 0x00007ff6cf4c0000 	C:\Program Files\Java\jdk-17.0.11\bin\java.exe
0x00007ffd5a070000 - 0x00007ffd5a268000 	C:\WINDOWS\SYSTEM32\ntdll.dll
0x00007ffd58630000 - 0x00007ffd586ed000 	C:\WINDOWS\System32\KERNEL32.DLL
0x00007ffd57d00000 - 0x00007ffd57ff6000 	C:\WINDOWS\System32\KERNELBASE.dll
0x00007ffd57720000 - 0x00007ffd57820000 	C:\WINDOWS\System32\ucrtbase.dll
0x00007ffd50ba0000 - 0x00007ffd50bb9000 	C:\Program Files\Java\jdk-17.0.11\bin\jli.dll
0x00007ffd52c20000 - 0x00007ffd52c3b000 	C:\Program Files\Java\jdk-17.0.11\bin\VCRUNTIME140.dll
0x00007ffd59710000 - 0x00007ffd597c0000 	C:\WINDOWS\System32\ADVAPI32.dll
0x00007ffd580a0000 - 0x00007ffd5813e000 	C:\WINDOWS\System32\msvcrt.dll
0x00007ffd58750000 - 0x00007ffd587f0000 	C:\WINDOWS\System32\sechost.dll
0x00007ffd595e0000 - 0x00007ffd59703000 	C:\WINDOWS\System32\RPCRT4.dll
0x00007ffd57b70000 - 0x00007ffd57b97000 	C:\WINDOWS\System32\bcrypt.dll
0x00007ffd58280000 - 0x00007ffd5841f000 	C:\WINDOWS\System32\USER32.dll
0x00007ffd41610000 - 0x00007ffd418aa000 	C:\WINDOWS\WinSxS\amd64_microsoft.windows.common-controls_6595b64144ccf1df_6.0.19041.3636_none_60b6a03d71f818d5\COMCTL32.dll
0x00007ffd578d0000 - 0x00007ffd578f2000 	C:\WINDOWS\System32\win32u.dll
0x00007ffd5a000000 - 0x00007ffd5a02b000 	C:\WINDOWS\System32\GDI32.dll
0x00007ffd579e0000 - 0x00007ffd57af7000 	C:\WINDOWS\System32\gdi32full.dll
0x00007ffd58000000 - 0x00007ffd5809d000 	C:\WINDOWS\System32\msvcp_win.dll
0x00007ffd4a520000 - 0x00007ffd4a52a000 	C:\WINDOWS\SYSTEM32\VERSION.dll
0x00007ffd59f30000 - 0x00007ffd59f62000 	C:\WINDOWS\System32\IMM32.DLL
0x00007ffd50b30000 - 0x00007ffd50b3c000 	C:\Program Files\Java\jdk-17.0.11\bin\vcruntime140_1.dll
0x00007ffd232e0000 - 0x00007ffd2336e000 	C:\Program Files\Java\jdk-17.0.11\bin\msvcp140.dll
0x00007ffd1fa90000 - 0x00007ffd20670000 	C:\Program Files\Java\jdk-17.0.11\bin\server\jvm.dll
0x00007ffd58cd0000 - 0x00007ffd58cd8000 	C:\WINDOWS\System32\PSAPI.DLL
0x00007ffd54800000 - 0x00007ffd54809000 	C:\WINDOWS\SYSTEM32\WSOCK32.dll
0x00007ffd3d560000 - 0x00007ffd3d587000 	C:\WINDOWS\SYSTEM32\WINMM.dll
0x00007ffd59510000 - 0x00007ffd5957b000 	C:\WINDOWS\System32\WS2_32.dll
0x00007ffd55f00000 - 0x00007ffd55f12000 	C:\WINDOWS\SYSTEM32\kernel.appcore.dll
0x00007ffd50170000 - 0x00007ffd5017a000 	C:\Program Files\Java\jdk-17.0.11\bin\jimage.dll
0x00007ffd553f0000 - 0x00007ffd555d4000 	C:\WINDOWS\SYSTEM32\DBGHELP.DLL
0x00007ffd52bd0000 - 0x00007ffd52c04000 	C:\WINDOWS\SYSTEM32\dbgcore.DLL
0x00007ffd57950000 - 0x00007ffd579d2000 	C:\WINDOWS\System32\bcryptPrimitives.dll
0x00007ffd4ed10000 - 0x00007ffd4ed35000 	C:\Program Files\Java\jdk-17.0.11\bin\java.dll
0x00007ffd23200000 - 0x00007ffd232d7000 	C:\Program Files\Java\jdk-17.0.11\bin\jsvml.dll
0x00007ffd597c0000 - 0x00007ffd59f2b000 	C:\WINDOWS\System32\SHELL32.dll
0x00007ffd555e0000 - 0x00007ffd55d7e000 	C:\WINDOWS\SYSTEM32\windows.storage.dll
0x00007ffd587f0000 - 0x00007ffd58b43000 	C:\WINDOWS\System32\combase.dll
0x00007ffd570e0000 - 0x00007ffd5710e000 	C:\WINDOWS\SYSTEM32\Wldp.dll
0x00007ffd59440000 - 0x00007ffd5950d000 	C:\WINDOWS\System32\OLEAUT32.dll
0x00007ffd581d0000 - 0x00007ffd5827d000 	C:\WINDOWS\System32\SHCORE.dll
0x00007ffd58c60000 - 0x00007ffd58cb5000 	C:\WINDOWS\System32\shlwapi.dll
0x00007ffd57650000 - 0x00007ffd57673000 	C:\WINDOWS\SYSTEM32\profapi.dll
0x00007ffd50150000 - 0x00007ffd50169000 	C:\Program Files\Java\jdk-17.0.11\bin\net.dll
0x00007ffd4a530000 - 0x00007ffd4a63a000 	C:\WINDOWS\SYSTEM32\WINHTTP.dll
0x00007ffd56de0000 - 0x00007ffd56e4a000 	C:\WINDOWS\system32\mswsock.dll
0x00007ffd4f270000 - 0x00007ffd4f286000 	C:\Program Files\Java\jdk-17.0.11\bin\nio.dll
0x00007ffd47bd0000 - 0x00007ffd47be8000 	C:\Program Files\Java\jdk-17.0.11\bin\zip.dll
0x00007ffd494a0000 - 0x00007ffd494b0000 	C:\Program Files\Java\jdk-17.0.11\bin\verify.dll
0x00007ffd50a60000 - 0x00007ffd50a87000 	C:\Users\marko\.gradle\native\e1d6ef7f7dcc3fd88c89a11ec53ec762bb8ba0a96d01ffa2cd45eb1d1d8dd5c5\windows-amd64\native-platform.dll
0x00007ffd23370000 - 0x00007ffd234b4000 	C:\Users\marko\.gradle\native\0d407fdbe67a94daf76414ababcb853783967236a71b16ec16e742cd7a986fd3\windows-amd64\native-platform-file-events.dll
0x00007ffd47f60000 - 0x00007ffd47f6a000 	C:\Program Files\Java\jdk-17.0.11\bin\management.dll
0x00007ffd47bc0000 - 0x00007ffd47bcb000 	C:\Program Files\Java\jdk-17.0.11\bin\management_ext.dll
0x00007ffd57030000 - 0x00007ffd57048000 	C:\WINDOWS\SYSTEM32\CRYPTSP.dll
0x00007ffd566c0000 - 0x00007ffd566f4000 	C:\WINDOWS\system32\rsaenh.dll
0x00007ffd57610000 - 0x00007ffd5763e000 	C:\WINDOWS\SYSTEM32\USERENV.dll
0x00007ffd57050000 - 0x00007ffd5705c000 	C:\WINDOWS\SYSTEM32\CRYPTBASE.dll
0x00007ffd56aa0000 - 0x00007ffd56adb000 	C:\WINDOWS\SYSTEM32\IPHLPAPI.DLL
0x00007ffd58140000 - 0x00007ffd58148000 	C:\WINDOWS\System32\NSI.dll
0x00007ffd4f040000 - 0x00007ffd4f057000 	C:\WINDOWS\SYSTEM32\dhcpcsvc6.DLL
0x00007ffd4f020000 - 0x00007ffd4f03d000 	C:\WINDOWS\SYSTEM32\dhcpcsvc.DLL
0x00007ffd56ae0000 - 0x00007ffd56bab000 	C:\WINDOWS\SYSTEM32\DNSAPI.dll
0x00007ffd47bb0000 - 0x00007ffd47bbe000 	C:\Program Files\Java\jdk-17.0.11\bin\sunmscapi.dll
0x00007ffd57ba0000 - 0x00007ffd57cfe000 	C:\WINDOWS\System32\CRYPT32.dll
0x00007ffd57150000 - 0x00007ffd57178000 	C:\WINDOWS\SYSTEM32\ncrypt.dll
0x00007ffd57110000 - 0x00007ffd5714b000 	C:\WINDOWS\SYSTEM32\NTASN1.dll
0x00007ffd2e960000 - 0x00007ffd2e967000 	C:\WINDOWS\system32\wshunix.dll

dbghelp: loaded successfully - version: 4.0.5 - missing functions: none
symbol engine: initialized successfully - sym options: 0x614 - pdb path: .;C:\Program Files\Java\jdk-17.0.11\bin;C:\WINDOWS\SYSTEM32;C:\WINDOWS\WinSxS\amd64_microsoft.windows.common-controls_6595b64144ccf1df_6.0.19041.3636_none_60b6a03d71f818d5;C:\Program Files\Java\jdk-17.0.11\bin\server;C:\Users\marko\.gradle\native\e1d6ef7f7dcc3fd88c89a11ec53ec762bb8ba0a96d01ffa2cd45eb1d1d8dd5c5\windows-amd64;C:\Users\marko\.gradle\native\0d407fdbe67a94daf76414ababcb853783967236a71b16ec16e742cd7a986fd3\windows-amd64

VM Arguments:
jvm_args: --add-opens=java.base/java.util=ALL-UNNAMED --add-opens=java.base/java.lang=ALL-UNNAMED --add-opens=java.base/java.lang.invoke=ALL-UNNAMED --add-opens=java.base/java.util=ALL-UNNAMED --add-opens=java.prefs/java.util.prefs=ALL-UNNAMED --add-opens=java.prefs/java.util.prefs=ALL-UNNAMED --add-opens=java.base/java.nio.charset=ALL-UNNAMED --add-opens=java.base/java.net=ALL-UNNAMED --add-opens=java.base/java.util.concurrent.atomic=ALL-UNNAMED -XX:MaxMetaspaceSize=256m -XX:+HeapDumpOnOutOfMemoryError -Xms256m -Xmx512m -Dfile.encoding=windows-1252 -Duser.country=IT -Duser.language=it -Duser.variant 
java_command: org.gradle.launcher.daemon.bootstrap.GradleDaemon 7.4.2
java_class_path (initial): C:\Users\marko\.gradle\wrapper\dists\gradle-7.4.2-bin\48ivgl02cpt2ed3fh9dbalvx8\gradle-7.4.2\lib\gradle-launcher-7.4.2.jar
Launcher Type: SUN_STANDARD

[Global flags]
     intx CICompilerCount                          = 4                                         {product} {ergonomic}
   size_t CompressedClassSpaceSize                 = 218103808                                 {product} {ergonomic}
     uint ConcGCThreads                            = 2                                         {product} {ergonomic}
     uint G1ConcRefinementThreads                  = 8                                         {product} {ergonomic}
   size_t G1HeapRegionSize                         = 1048576                                   {product} {ergonomic}
    uintx GCDrainStackTargetSize                   = 64                                        {product} {ergonomic}
     bool HeapDumpOnOutOfMemoryError               = true                                   {manageable} {command line}
   size_t InitialHeapSize                          = 268435456                                 {product} {command line}
   size_t MarkStackSize                            = 4194304                                   {product} {ergonomic}
   size_t MaxHeapSize                              = 536870912                                 {product} {command line}
   size_t MaxMetaspaceSize                         = 268435456                                 {product} {command line}
   size_t MaxNewSize                               = 321912832                                 {product} {ergonomic}
   size_t MinHeapDeltaBytes                        = 1048576                                   {product} {ergonomic}
   size_t MinHeapSize                              = 268435456                                 {product} {command line}
    uintx NonNMethodCodeHeapSize                   = 5839372                                {pd product} {ergonomic}
    uintx NonProfiledCodeHeapSize                  = 122909434                              {pd product} {ergonomic}
    uintx ProfiledCodeHeapSize                     = 122909434                              {pd product} {ergonomic}
    uintx ReservedCodeCacheSize                    = 251658240                              {pd product} {ergonomic}
     bool SegmentedCodeCache                       = true                                      {product} {ergonomic}
   size_t SoftMaxHeapSize                          = 536870912                              {manageable} {ergonomic}
     bool UseCompressedClassPointers               = true                           {product lp64_product} {ergonomic}
     bool UseCompressedOops                        = true                           {product lp64_product} {ergonomic}
     bool UseG1GC                                  = true                                      {product} {ergonomic}
     bool UseLargePagesIndividualAllocation        = false                                  {pd product} {ergonomic}

Logging:
Log output configuration:
 #0: stdout all=warning uptime,level,tags
 #1: stderr all=off uptime,level,tags

Environment Variables:
JAVA_HOME=C:\Program Files\Java\jdk-17.0.11
CLASSPATH=C:\Users\marko\Desktop\ISS_24\issLab24\BoundaryWalk\\gradle\wrapper\gradle-wrapper.jar
PATH=C:\Program Files\Java\jdk-17.0.11\bin;C:\Gradle\gradle-8.6\bin;C:\Program Files\Python310\Scripts\;C:\Program Files\Python310\;C:\Program Files\Common Files\Oracle\Java\javapath;C:\Program Files (x86)\Common Files\Oracle\Java\javapath;C:\Program Files (x86)\Razer Chroma SDK\bin;C:\Program Files\Razer Chroma SDK\bin;C:\Program Files (x86)\Razer\ChromaBroadcast\bin;C:\Program Files\Razer\ChromaBroadcast\bin;C:\Program Files (x86)\Intel\Intel(R) Management Engine Components\iCLS\;C:\Program Files\Intel\Intel(R) Management Engine Components\iCLS\;C:\WINDOWS\system32;C:\WINDOWS;C:\WINDOWS\System32\Wbem;C:\WINDOWS\System32\WindowsPowerShell\v1.0\;C:\Program Files (x86)\Intel\Intel(R) Management Engine Components\DAL;C:\Program Files\Intel\Intel(R) Management Engine Components\DAL;C:\Program Files (x86)\Intel\Intel(R) Management Engine Components\IPT;C:\Program Files\Intel\Intel(R) Management Engine Components\IPT;C:\WINDOWS\System32\OpenSSH\;C:\WINDOWS\system32\config\systemprofile\AppData\Local\Microsoft\WindowsApps;C:\WINDOWS\system32;C:\WINDOWS;C:\WINDOWS\System32\Wbem;C:\WINDOWS\System32\WindowsPowerShell\v1.0\;C:\WINDOWS\System32\OpenSSH\;C:\Users\marko\AppData\Roaming\nvm;C:\Program Files\nodejs;C:\Program Files\Git\cmd;C:\Program Files\Git LFS;C:\Users\marko\AppData\Roaming\Python\Python310\Scripts;C:\Program Files\Docker\Docker\resources\bin;C:\Program Files\nodejs\;C:\Program Files\Graphviz\bin;C:\Users\marko\AppData\Local\Programs\Microsoft VS Code\bin;C:\Users\marko\AppData\Local\Microsoft\WindowsApps;C:\Users\marko\AppData\Roaming\nvm;C:\Program Files\nodejs;C:\Users\marko\AppData\Roaming\Python\Python310\Scripts;C:\Users\marko\Desktop\antlr;;C:\Users\marko\AppData\Local\JetBrains\IntelliJ IDEA Community Edition 2022.3.2\bin;;C:\Users\marko\AppData\Roaming\npm
USERNAME=marko
OS=Windows_NT
PROCESSOR_IDENTIFIER=Intel64 Family 6 Model 142 Stepping 10, GenuineIntel



---------------  S Y S T E M  ---------------

OS:
 Windows 10 , 64 bit Build 19041 (10.0.19041.3636)
OS uptime: 0 days 0:38 hours
Hyper-V role detected

CPU: total 8 (initial active 8) (4 cores per cpu, 2 threads per core) family 6 model 142 stepping 10 microcode 0xb4, cx8, cmov, fxsr, ht, mmx, 3dnowpref, sse, sse2, sse3, ssse3, sse4.1, sse4.2, popcnt, lzcnt, tsc, tscinvbit, avx, avx2, aes, erms, clmul, bmi1, bmi2, adx, fma, vzeroupper, clflush, clflushopt, hv

Memory: 4k page, system-wide physical 8058M (651M free)
TotalPageFile size 8058M (AvailPageFile size 13M)
current process WorkingSet (physical memory assigned to process): 313M, peak: 321M
current process commit charge ("private bytes"): 468M, peak: 478M

vm_info: Java HotSpot(TM) 64-Bit Server VM (17.0.11+7-LTS-207) for windows-amd64 JRE (17.0.11+7-LTS-207), built on Mar 11 2024 19:01:50 by "mach5one" with MS VC++ 17.6 (VS2022)

END.
