#
# There is insufficient memory for the Java Runtime Environment to continue.
# Native memory allocation (mmap) failed to map 65536 bytes for Failed to commit metaspace.
# Possible reasons:
#   The system is out of physical RAM or swap space
#   The process is running with CompressedOops enabled, and the Java Heap may be blocking the growth of the native heap
# Possible solutions:
#   Reduce memory load on the system
#   Increase physical memory or swap space
#   Check if swap backing store is full
#   Decrease Java heap size (-Xmx/-Xms)
#   Decrease number of Java threads
#   Decrease Java thread stack sizes (-Xss)
#   Set larger code cache with -XX:ReservedCodeCacheSize=
#   JVM is running with Unscaled Compressed Oops mode in which the Java heap is
#     placed in the first 4GB address space. The Java Heap base address is the
#     maximum limit for the native heap growth. Please use -XX:HeapBaseMinAddress
#     to set the Java Heap base and to place the Java Heap above 4GB virtual address.
# This output file may be truncated or incomplete.
#
#  Out of Memory Error (virtualSpaceNode.cpp:110), pid=6020, tid=6692
#
# JRE version: Java(TM) SE Runtime Environment (17.0.11+7) (build 17.0.11+7-LTS-207)
# Java VM: Java HotSpot(TM) 64-Bit Server VM (17.0.11+7-LTS-207, mixed mode, sharing, tiered, compressed oops, compressed class ptrs, g1 gc, windows-amd64)
# No core dump will be written. Minidumps are not enabled by default on client versions of Windows
#

---------------  S U M M A R Y ------------

Command Line: -Xmx64m -Xms64m -Dorg.gradle.appname=gradlew org.gradle.wrapper.GradleWrapperMain run

Host: Intel(R) Core(TM) i5-8250U CPU @ 1.60GHz, 8 cores, 7G,  Windows 10 , 64 bit Build 19041 (10.0.19041.3636)
Time: Thu May 30 16:07:40 2024 ora legale Europa occidentale elapsed time: 10.847049 seconds (0d 0h 0m 10s)

---------------  T H R E A D  ---------------

Current thread (0x0000029fd3b79350):  JavaThread "main" [_thread_in_vm, id=6692, stack(0x000000f6c3f00000,0x000000f6c4000000)]

Stack: [0x000000f6c3f00000,0x000000f6c4000000]
Native frames: (J=compiled Java code, j=interpreted, Vv=VM code, C=native code)
V  [jvm.dll+0x679cca]
V  [jvm.dll+0x7da13d]
V  [jvm.dll+0x7dba83]
V  [jvm.dll+0x7dc0f3]
V  [jvm.dll+0x2449af]
V  [jvm.dll+0x7d5d0b]
V  [jvm.dll+0x6200b6]
V  [jvm.dll+0x1be687]
V  [jvm.dll+0x622a12]
V  [jvm.dll+0x620a76]
V  [jvm.dll+0x2422dc]
V  [jvm.dll+0x6d079d]
V  [jvm.dll+0x6d116f]
V  [jvm.dll+0x36dd25]
V  [jvm.dll+0x75523c]
V  [jvm.dll+0x7550aa]
V  [jvm.dll+0x40d253]
V  [jvm.dll+0x42169c]
C  [java.dll+0x1657]

Java frames: (J=compiled Java code, j=interpreted, Vv=VM code)
j  java.lang.ClassLoader.defineClass0(Ljava/lang/ClassLoader;Ljava/lang/Class;Ljava/lang/String;[BIILjava/security/ProtectionDomain;ZILjava/lang/Object;)Ljava/lang/Class;+0 java.base@17.0.11
j  java.lang.System$2.defineClass(Ljava/lang/ClassLoader;Ljava/lang/Class;Ljava/lang/String;[BLjava/security/ProtectionDomain;ZILjava/lang/Object;)Ljava/lang/Class;+17 java.base@17.0.11
j  java.lang.invoke.MethodHandles$Lookup$ClassDefiner.defineClass(ZLjava/lang/Object;)Ljava/lang/Class;+54 java.base@17.0.11
j  java.lang.invoke.InvokerBytecodeGenerator.loadMethod([B)Ljava/lang/invoke/MemberName;+16 java.base@17.0.11
j  java.lang.invoke.InvokerBytecodeGenerator.generateCustomizedCode(Ljava/lang/invoke/LambdaForm;Ljava/lang/invoke/MethodType;)Ljava/lang/invoke/MemberName;+30 java.base@17.0.11
j  java.lang.invoke.LambdaForm.compileToBytecode()V+69 java.base@17.0.11
j  java.lang.invoke.DirectMethodHandle.makePreparedLambdaForm(Ljava/lang/invoke/MethodType;I)Ljava/lang/invoke/LambdaForm;+792 java.base@17.0.11
j  java.lang.invoke.DirectMethodHandle.preparedLambdaForm(Ljava/lang/invoke/MethodType;I)Ljava/lang/invoke/LambdaForm;+17 java.base@17.0.11
j  java.lang.invoke.DirectMethodHandle.preparedLambdaForm(Ljava/lang/invoke/MemberName;Z)Ljava/lang/invoke/LambdaForm;+159 java.base@17.0.11
j  java.lang.invoke.DirectMethodHandle.preparedLambdaForm(Ljava/lang/invoke/MemberName;)Ljava/lang/invoke/LambdaForm;+2 java.base@17.0.11
j  java.lang.invoke.DirectMethodHandle.make(BLjava/lang/Class;Ljava/lang/invoke/MemberName;Ljava/lang/Class;)Ljava/lang/invoke/DirectMethodHandle;+163 java.base@17.0.11
j  java.lang.invoke.MethodHandles$Lookup.getDirectMethodCommon(BLjava/lang/Class;Ljava/lang/invoke/MemberName;ZZLjava/lang/invoke/MethodHandles$Lookup;)Ljava/lang/invoke/MethodHandle;+210 java.base@17.0.11
j  java.lang.invoke.MethodHandles$Lookup.getDirectMethodNoSecurityManager(BLjava/lang/Class;Ljava/lang/invoke/MemberName;Ljava/lang/invoke/MethodHandles$Lookup;)Ljava/lang/invoke/MethodHandle;+14 java.base@17.0.11
j  java.lang.invoke.MethodHandles$Lookup.getDirectMethodForConstant(BLjava/lang/Class;Ljava/lang/invoke/MemberName;)Ljava/lang/invoke/MethodHandle;+31 java.base@17.0.11
j  java.lang.invoke.MethodHandles$Lookup.linkMethodHandleConstant(BLjava/lang/Class;Ljava/lang/String;Ljava/lang/Object;)Ljava/lang/invoke/MethodHandle;+153 java.base@17.0.11
j  java.lang.invoke.MethodHandleNatives.linkMethodHandleConstant(Ljava/lang/Class;ILjava/lang/Class;Ljava/lang/String;Ljava/lang/Object;)Ljava/lang/invoke/MethodHandle;+38 java.base@17.0.11
v  ~StubRoutines::call_stub
j  org.gradle.launcher.daemon.client.DaemonClient.findCrashLogFile(Lorg/gradle/launcher/daemon/protocol/Build;Lorg/gradle/launcher/daemon/diagnostics/DaemonDiagnostics;)Ljava/util/Optional;+111
j  org.gradle.launcher.daemon.client.DaemonClient.handleDaemonDisappearance(Lorg/gradle/launcher/daemon/protocol/Build;Lorg/gradle/launcher/daemon/diagnostics/DaemonDiagnostics;)Lorg/gradle/launcher/daemon/protocol/Result;+26
j  org.gradle.launcher.daemon.client.DaemonClient.monitorBuild(Lorg/gradle/launcher/daemon/protocol/Build;Lorg/gradle/launcher/daemon/diagnostics/DaemonDiagnostics;Lorg/gradle/internal/remote/internal/Connection;Lorg/gradle/initialization/BuildCancellationToken;Lorg/gradle/initialization/BuildEventConsumer;)Ljava/lang/Object;+111
j  org.gradle.launcher.daemon.client.DaemonClient.executeBuild(Lorg/gradle/launcher/daemon/protocol/Build;Lorg/gradle/launcher/daemon/client/DaemonClientConnection;Lorg/gradle/initialization/BuildCancellationToken;Lorg/gradle/initialization/BuildEventConsumer;)Lorg/gradle/launcher/exec/BuildActionResult;+128
j  org.gradle.launcher.daemon.client.DaemonClient.execute(Lorg/gradle/internal/invocation/BuildAction;Lorg/gradle/launcher/exec/BuildActionParameters;Lorg/gradle/initialization/BuildRequestContext;)Lorg/gradle/launcher/exec/BuildActionResult;+272
j  org.gradle.launcher.daemon.client.DaemonClient.execute(Lorg/gradle/internal/invocation/BuildAction;Ljava/lang/Object;Ljava/lang/Object;)Lorg/gradle/launcher/exec/BuildActionResult;+10
j  org.gradle.launcher.cli.RunBuildAction.run()V+74
j  org.gradle.internal.Actions$RunnableActionAdapter.execute(Ljava/lang/Object;)V+4
j  org.gradle.launcher.cli.DefaultCommandLineActionFactory$ParseAndBuildAction.execute(Lorg/gradle/launcher/bootstrap/ExecutionListener;)V+124
j  org.gradle.launcher.cli.DefaultCommandLineActionFactory$ParseAndBuildAction.execute(Ljava/lang/Object;)V+5
j  org.gradle.launcher.cli.DebugLoggerWarningAction.execute(Lorg/gradle/launcher/bootstrap/ExecutionListener;)V+9
j  org.gradle.launcher.cli.DebugLoggerWarningAction.execute(Ljava/lang/Object;)V+5
j  org.gradle.launcher.cli.WelcomeMessageAction.execute(Lorg/gradle/launcher/bootstrap/ExecutionListener;)V+211
j  org.gradle.launcher.cli.WelcomeMessageAction.execute(Ljava/lang/Object;)V+5
j  org.gradle.launcher.cli.NativeServicesInitializingAction.execute(Lorg/gradle/launcher/bootstrap/ExecutionListener;)V+35
j  org.gradle.launcher.cli.NativeServicesInitializingAction.execute(Ljava/lang/Object;)V+5
j  org.gradle.launcher.cli.ExceptionReportingAction.execute(Lorg/gradle/launcher/bootstrap/ExecutionListener;)V+5
j  org.gradle.launcher.cli.ExceptionReportingAction.execute(Ljava/lang/Object;)V+5
j  org.gradle.launcher.cli.DefaultCommandLineActionFactory$WithLogging.execute(Lorg/gradle/launcher/bootstrap/ExecutionListener;)V+257
j  org.gradle.launcher.Main.doAction([Ljava/lang/String;Lorg/gradle/launcher/bootstrap/ExecutionListener;)V+14
j  org.gradle.launcher.bootstrap.EntryPoint.run([Ljava/lang/String;)V+12
v  ~StubRoutines::call_stub
j  jdk.internal.reflect.NativeMethodAccessorImpl.invoke0(Ljava/lang/reflect/Method;Ljava/lang/Object;[Ljava/lang/Object;)Ljava/lang/Object;+0 java.base@17.0.11
j  jdk.internal.reflect.NativeMethodAccessorImpl.invoke(Ljava/lang/Object;[Ljava/lang/Object;)Ljava/lang/Object;+133 java.base@17.0.11
j  jdk.internal.reflect.DelegatingMethodAccessorImpl.invoke(Ljava/lang/Object;[Ljava/lang/Object;)Ljava/lang/Object;+6 java.base@17.0.11
j  java.lang.reflect.Method.invoke(Ljava/lang/Object;[Ljava/lang/Object;)Ljava/lang/Object;+59 java.base@17.0.11
j  org.gradle.launcher.bootstrap.ProcessBootstrap.runNoExit(Ljava/lang/String;[Ljava/lang/String;)V+159
j  org.gradle.launcher.bootstrap.ProcessBootstrap.run(Ljava/lang/String;[Ljava/lang/String;)V+2
v  ~StubRoutines::call_stub
j  jdk.internal.reflect.NativeMethodAccessorImpl.invoke0(Ljava/lang/reflect/Method;Ljava/lang/Object;[Ljava/lang/Object;)Ljava/lang/Object;+0 java.base@17.0.11
j  jdk.internal.reflect.NativeMethodAccessorImpl.invoke(Ljava/lang/Object;[Ljava/lang/Object;)Ljava/lang/Object;+133 java.base@17.0.11
j  jdk.internal.reflect.DelegatingMethodAccessorImpl.invoke(Ljava/lang/Object;[Ljava/lang/Object;)Ljava/lang/Object;+6 java.base@17.0.11
j  java.lang.reflect.Method.invoke(Ljava/lang/Object;[Ljava/lang/Object;)Ljava/lang/Object;+59 java.base@17.0.11
j  org.gradle.launcher.GradleMain.main([Ljava/lang/String;)V+100
v  ~StubRoutines::call_stub
j  jdk.internal.reflect.NativeMethodAccessorImpl.invoke0(Ljava/lang/reflect/Method;Ljava/lang/Object;[Ljava/lang/Object;)Ljava/lang/Object;+0 java.base@17.0.11
j  jdk.internal.reflect.NativeMethodAccessorImpl.invoke(Ljava/lang/Object;[Ljava/lang/Object;)Ljava/lang/Object;+133 java.base@17.0.11
j  jdk.internal.reflect.DelegatingMethodAccessorImpl.invoke(Ljava/lang/Object;[Ljava/lang/Object;)Ljava/lang/Object;+6 java.base@17.0.11
j  java.lang.reflect.Method.invoke(Ljava/lang/Object;[Ljava/lang/Object;)Ljava/lang/Object;+59 java.base@17.0.11
j  org.gradle.wrapper.BootstrapMainStarter.start([Ljava/lang/String;Ljava/io/File;)V+105
j  org.gradle.wrapper.WrapperExecutor.execute([Ljava/lang/String;Lorg/gradle/wrapper/Install;Lorg/gradle/wrapper/BootstrapMainStarter;)V+14
j  org.gradle.wrapper.GradleWrapperMain.main([Ljava/lang/String;)V+190
v  ~StubRoutines::call_stub

---------------  P R O C E S S  ---------------

Threads class SMR info:
_java_thread_list=0x0000029ff27e2430, length=15, elements={
0x0000029fd3b79350, 0x0000029fed2dfa30, 0x0000029fed2e07c0, 0x0000029fed2fc330,
0x0000029fed2fd110, 0x0000029fed2fd9e0, 0x0000029fed2fe2b0, 0x0000029fed2ff6d0,
0x0000029fed3024b0, 0x0000029fed304dd0, 0x0000029fed5678e0, 0x0000029fed56e200,
0x0000029ff28e0030, 0x0000029ff2c22330, 0x0000029ff2ad1f50
}

Java Threads: ( => current thread )
=>0x0000029fd3b79350 JavaThread "main" [_thread_in_vm, id=6692, stack(0x000000f6c3f00000,0x000000f6c4000000)]
  0x0000029fed2dfa30 JavaThread "Reference Handler" daemon [_thread_blocked, id=13476, stack(0x000000f6c4600000,0x000000f6c4700000)]
  0x0000029fed2e07c0 JavaThread "Finalizer" daemon [_thread_blocked, id=15300, stack(0x000000f6c4700000,0x000000f6c4800000)]
  0x0000029fed2fc330 JavaThread "Signal Dispatcher" daemon [_thread_blocked, id=9972, stack(0x000000f6c4800000,0x000000f6c4900000)]
  0x0000029fed2fd110 JavaThread "Attach Listener" daemon [_thread_blocked, id=4180, stack(0x000000f6c4900000,0x000000f6c4a00000)]
  0x0000029fed2fd9e0 JavaThread "Service Thread" daemon [_thread_blocked, id=3524, stack(0x000000f6c4a00000,0x000000f6c4b00000)]
  0x0000029fed2fe2b0 JavaThread "Monitor Deflation Thread" daemon [_thread_blocked, id=14732, stack(0x000000f6c4b00000,0x000000f6c4c00000)]
  0x0000029fed2ff6d0 JavaThread "C2 CompilerThread0" daemon [_thread_blocked, id=4904, stack(0x000000f6c4c00000,0x000000f6c4d00000)]
  0x0000029fed3024b0 JavaThread "C1 CompilerThread0" daemon [_thread_in_vm, id=5880, stack(0x000000f6c4d00000,0x000000f6c4e00000)]
  0x0000029fed304dd0 JavaThread "Sweeper thread" daemon [_thread_blocked, id=5080, stack(0x000000f6c4e00000,0x000000f6c4f00000)]
  0x0000029fed5678e0 JavaThread "Notification Thread" daemon [_thread_blocked, id=1360, stack(0x000000f6c4f00000,0x000000f6c5000000)]
  0x0000029fed56e200 JavaThread "Common-Cleaner" daemon [_thread_blocked, id=10552, stack(0x000000f6c5100000,0x000000f6c5200000)]
  0x0000029ff28e0030 JavaThread "pool-1-thread-1" [_thread_in_vm, id=11128, stack(0x000000f6c5700000,0x000000f6c5800000)]
  0x0000029ff2c22330 JavaThread "DisconnectableInputStream source reader" daemon [_thread_in_native, id=6404, stack(0x000000f6c5a00000,0x000000f6c5b00000)]
  0x0000029ff2ad1f50 JavaThread "Forward input" [_thread_blocked, id=4812, stack(0x000000f6c5b00000,0x000000f6c5c00000)]

Other Threads:
  0x0000029fed2dac10 VMThread "VM Thread" [stack: 0x000000f6c4500000,0x000000f6c4600000] [id=3488]
  0x0000029fd3bba030 WatcherThread [stack: 0x000000f6c5000000,0x000000f6c5100000] [id=14856]
  0x0000029fd3b9ac30 GCTaskThread "GC Thread#0" [stack: 0x000000f6c4000000,0x000000f6c4100000] [id=10644]
  0x0000029fed7079d0 GCTaskThread "GC Thread#1" [stack: 0x000000f6c5300000,0x000000f6c5400000] [id=4916]
  0x0000029ff22c21a0 GCTaskThread "GC Thread#2" [stack: 0x000000f6c5400000,0x000000f6c5500000] [id=2400]
  0x0000029ff28e5f10 GCTaskThread "GC Thread#3" [stack: 0x000000f6c5500000,0x000000f6c5600000] [id=1680]
  0x0000029ff2861a30 GCTaskThread "GC Thread#4" [stack: 0x000000f6c5600000,0x000000f6c5700000] [id=7604]
  0x0000029fd3b9d2a0 ConcurrentGCThread "G1 Main Marker" [stack: 0x000000f6c4100000,0x000000f6c4200000] [id=12084]
  0x0000029fd3b9dbc0 ConcurrentGCThread "G1 Conc#0" [stack: 0x000000f6c4200000,0x000000f6c4300000] [id=14376]
  0x0000029fd3c00cf0 ConcurrentGCThread "G1 Refine#0" [stack: 0x000000f6c4300000,0x000000f6c4400000] [id=9648]
  0x0000029fd3c01630 ConcurrentGCThread "G1 Service" [stack: 0x000000f6c4400000,0x000000f6c4500000] [id=14128]

Threads with active compile tasks:
C1 CompilerThread0    10883 1492       3       org.gradle.internal.logging.text.AbstractLineChoppingStyledTextOutput$1::execute (140 bytes)

VM state: not at safepoint (normal execution)

VM Mutex/Monitor currently owned by a thread:  ([mutex/lock_event])
[0x0000029fd3b73c40] Metaspace_lock - owner thread: 0x0000029fd3b79350
[0x0000029fd3b74590] MethodData_lock - owner thread: 0x0000029fed3024b0

Heap address: 0x00000000fc000000, size: 64 MB, Compressed Oops mode: 32-bit

CDS archive(s) mapped at: [0x0000029f80000000-0x0000029f80bd0000-0x0000029f80bd0000), size 12386304, SharedBaseAddress: 0x0000029f80000000, ArchiveRelocationMode: 1.
Compressed class space mapped at: 0x0000029f81000000-0x0000029fc1000000, reserved size: 1073741824
Narrow klass base: 0x0000029f80000000, Narrow klass shift: 0, Narrow klass range: 0x100000000

GC Precious Log:
 CPUs: 8 total, 8 available
 Memory: 8058M
 Large Page Support: Disabled
 NUMA Support: Disabled
 Compressed Oops: Enabled (32-bit)
 Heap Region Size: 1M
 Heap Min Capacity: 64M
 Heap Initial Capacity: 64M
 Heap Max Capacity: 64M
 Pre-touch: Disabled
 Parallel Workers: 8
 Concurrent Workers: 2
 Concurrent Refinement Workers: 8
 Periodic GC: Disabled

Heap:
 garbage-first heap   total 65536K, used 30720K [0x00000000fc000000, 0x0000000100000000)
  region size 1024K, 25 young (25600K), 3 survivors (3072K)
 Metaspace       used 9670K, committed 9856K, reserved 1114112K
  class space    used 1276K, committed 1344K, reserved 1048576K

Heap Regions: E=young(eden), S=young(survivor), O=old, HS=humongous(starts), HC=humongous(continues), CS=collection set, F=free, OA=open archive, CA=closed archive, TAMS=top-at-mark-start (previous, next)
|   0|0x00000000fc000000, 0x00000000fc000000, 0x00000000fc100000|  0%| F|  |TAMS 0x00000000fc000000, 0x00000000fc000000| Untracked 
|   1|0x00000000fc100000, 0x00000000fc100000, 0x00000000fc200000|  0%| F|  |TAMS 0x00000000fc100000, 0x00000000fc100000| Untracked 
|   2|0x00000000fc200000, 0x00000000fc200000, 0x00000000fc300000|  0%| F|  |TAMS 0x00000000fc200000, 0x00000000fc200000| Untracked 
|   3|0x00000000fc300000, 0x00000000fc400000, 0x00000000fc400000|100%|HS|  |TAMS 0x00000000fc300000, 0x00000000fc300000| Complete 
|   4|0x00000000fc400000, 0x00000000fc500000, 0x00000000fc500000|100%|HC|  |TAMS 0x00000000fc400000, 0x00000000fc400000| Complete 
|   5|0x00000000fc500000, 0x00000000fc600000, 0x00000000fc600000|100%|HC|  |TAMS 0x00000000fc500000, 0x00000000fc500000| Complete 
|   6|0x00000000fc600000, 0x00000000fc700000, 0x00000000fc700000|100%| O|  |TAMS 0x00000000fc600000, 0x00000000fc600000| Untracked 
|   7|0x00000000fc700000, 0x00000000fc800000, 0x00000000fc800000|100%| O|  |TAMS 0x00000000fc700000, 0x00000000fc700000| Untracked 
|   8|0x00000000fc800000, 0x00000000fc900000, 0x00000000fc900000|100%| O|  |TAMS 0x00000000fc800000, 0x00000000fc800000| Untracked 
|   9|0x00000000fc900000, 0x00000000fc900000, 0x00000000fca00000|  0%| F|  |TAMS 0x00000000fc900000, 0x00000000fc900000| Untracked 
|  10|0x00000000fca00000, 0x00000000fca00000, 0x00000000fcb00000|  0%| F|  |TAMS 0x00000000fca00000, 0x00000000fca00000| Untracked 
|  11|0x00000000fcb00000, 0x00000000fcb00000, 0x00000000fcc00000|  0%| F|  |TAMS 0x00000000fcb00000, 0x00000000fcb00000| Untracked 
|  12|0x00000000fcc00000, 0x00000000fcc00000, 0x00000000fcd00000|  0%| F|  |TAMS 0x00000000fcc00000, 0x00000000fcc00000| Untracked 
|  13|0x00000000fcd00000, 0x00000000fcd00000, 0x00000000fce00000|  0%| F|  |TAMS 0x00000000fcd00000, 0x00000000fcd00000| Untracked 
|  14|0x00000000fce00000, 0x00000000fce00000, 0x00000000fcf00000|  0%| F|  |TAMS 0x00000000fce00000, 0x00000000fce00000| Untracked 
|  15|0x00000000fcf00000, 0x00000000fcf00000, 0x00000000fd000000|  0%| F|  |TAMS 0x00000000fcf00000, 0x00000000fcf00000| Untracked 
|  16|0x00000000fd000000, 0x00000000fd000000, 0x00000000fd100000|  0%| F|  |TAMS 0x00000000fd000000, 0x00000000fd000000| Untracked 
|  17|0x00000000fd100000, 0x00000000fd100000, 0x00000000fd200000|  0%| F|  |TAMS 0x00000000fd100000, 0x00000000fd100000| Untracked 
|  18|0x00000000fd200000, 0x00000000fd200000, 0x00000000fd300000|  0%| F|  |TAMS 0x00000000fd200000, 0x00000000fd200000| Untracked 
|  19|0x00000000fd300000, 0x00000000fd300000, 0x00000000fd400000|  0%| F|  |TAMS 0x00000000fd300000, 0x00000000fd300000| Untracked 
|  20|0x00000000fd400000, 0x00000000fd400000, 0x00000000fd500000|  0%| F|  |TAMS 0x00000000fd400000, 0x00000000fd400000| Untracked 
|  21|0x00000000fd500000, 0x00000000fd500000, 0x00000000fd600000|  0%| F|  |TAMS 0x00000000fd500000, 0x00000000fd500000| Untracked 
|  22|0x00000000fd600000, 0x00000000fd600000, 0x00000000fd700000|  0%| F|  |TAMS 0x00000000fd600000, 0x00000000fd600000| Untracked 
|  23|0x00000000fd700000, 0x00000000fd700000, 0x00000000fd800000|  0%| F|  |TAMS 0x00000000fd700000, 0x00000000fd700000| Untracked 
|  24|0x00000000fd800000, 0x00000000fd800000, 0x00000000fd900000|  0%| F|  |TAMS 0x00000000fd800000, 0x00000000fd800000| Untracked 
|  25|0x00000000fd900000, 0x00000000fd900000, 0x00000000fda00000|  0%| F|  |TAMS 0x00000000fd900000, 0x00000000fd900000| Untracked 
|  26|0x00000000fda00000, 0x00000000fda00000, 0x00000000fdb00000|  0%| F|  |TAMS 0x00000000fda00000, 0x00000000fda00000| Untracked 
|  27|0x00000000fdb00000, 0x00000000fdb00000, 0x00000000fdc00000|  0%| F|  |TAMS 0x00000000fdb00000, 0x00000000fdb00000| Untracked 
|  28|0x00000000fdc00000, 0x00000000fdc00000, 0x00000000fdd00000|  0%| F|  |TAMS 0x00000000fdc00000, 0x00000000fdc00000| Untracked 
|  29|0x00000000fdd00000, 0x00000000fdd00000, 0x00000000fde00000|  0%| F|  |TAMS 0x00000000fdd00000, 0x00000000fdd00000| Untracked 
|  30|0x00000000fde00000, 0x00000000fde00000, 0x00000000fdf00000|  0%| F|  |TAMS 0x00000000fde00000, 0x00000000fde00000| Untracked 
|  31|0x00000000fdf00000, 0x00000000fdf00000, 0x00000000fe000000|  0%| F|  |TAMS 0x00000000fdf00000, 0x00000000fdf00000| Untracked 
|  32|0x00000000fe000000, 0x00000000fe000000, 0x00000000fe100000|  0%| F|  |TAMS 0x00000000fe000000, 0x00000000fe000000| Untracked 
|  33|0x00000000fe100000, 0x00000000fe100000, 0x00000000fe200000|  0%| F|  |TAMS 0x00000000fe100000, 0x00000000fe100000| Untracked 
|  34|0x00000000fe200000, 0x00000000fe200000, 0x00000000fe300000|  0%| F|  |TAMS 0x00000000fe200000, 0x00000000fe200000| Untracked 
|  35|0x00000000fe300000, 0x00000000fe300000, 0x00000000fe400000|  0%| F|  |TAMS 0x00000000fe300000, 0x00000000fe300000| Untracked 
|  36|0x00000000fe400000, 0x00000000fe400000, 0x00000000fe500000|  0%| F|  |TAMS 0x00000000fe400000, 0x00000000fe400000| Untracked 
|  37|0x00000000fe500000, 0x00000000fe500000, 0x00000000fe600000|  0%| F|  |TAMS 0x00000000fe500000, 0x00000000fe500000| Untracked 
|  38|0x00000000fe600000, 0x00000000fe700000, 0x00000000fe700000|100%| S|CS|TAMS 0x00000000fe600000, 0x00000000fe600000| Complete 
|  39|0x00000000fe700000, 0x00000000fe800000, 0x00000000fe800000|100%| S|CS|TAMS 0x00000000fe700000, 0x00000000fe700000| Complete 
|  40|0x00000000fe800000, 0x00000000fe900000, 0x00000000fe900000|100%| S|CS|TAMS 0x00000000fe800000, 0x00000000fe800000| Complete 
|  41|0x00000000fe900000, 0x00000000fe900000, 0x00000000fea00000|  0%| F|  |TAMS 0x00000000fe900000, 0x00000000fe900000| Untracked 
|  42|0x00000000fea00000, 0x00000000fea3a500, 0x00000000feb00000| 22%| E|  |TAMS 0x00000000fea00000, 0x00000000fea00000| Complete 
|  43|0x00000000feb00000, 0x00000000fec00000, 0x00000000fec00000|100%| E|CS|TAMS 0x00000000feb00000, 0x00000000feb00000| Complete 
|  44|0x00000000fec00000, 0x00000000fed00000, 0x00000000fed00000|100%| E|CS|TAMS 0x00000000fec00000, 0x00000000fec00000| Complete 
|  45|0x00000000fed00000, 0x00000000fee00000, 0x00000000fee00000|100%| E|CS|TAMS 0x00000000fed00000, 0x00000000fed00000| Complete 
|  46|0x00000000fee00000, 0x00000000fef00000, 0x00000000fef00000|100%| E|CS|TAMS 0x00000000fee00000, 0x00000000fee00000| Complete 
|  47|0x00000000fef00000, 0x00000000ff000000, 0x00000000ff000000|100%| E|CS|TAMS 0x00000000fef00000, 0x00000000fef00000| Complete 
|  48|0x00000000ff000000, 0x00000000ff100000, 0x00000000ff100000|100%| E|CS|TAMS 0x00000000ff000000, 0x00000000ff000000| Complete 
|  49|0x00000000ff100000, 0x00000000ff200000, 0x00000000ff200000|100%| E|CS|TAMS 0x00000000ff100000, 0x00000000ff100000| Complete 
|  50|0x00000000ff200000, 0x00000000ff300000, 0x00000000ff300000|100%| E|CS|TAMS 0x00000000ff200000, 0x00000000ff200000| Complete 
|  51|0x00000000ff300000, 0x00000000ff400000, 0x00000000ff400000|100%| E|CS|TAMS 0x00000000ff300000, 0x00000000ff300000| Complete 
|  52|0x00000000ff400000, 0x00000000ff500000, 0x00000000ff500000|100%| E|CS|TAMS 0x00000000ff400000, 0x00000000ff400000| Complete 
|  53|0x00000000ff500000, 0x00000000ff600000, 0x00000000ff600000|100%| E|CS|TAMS 0x00000000ff500000, 0x00000000ff500000| Complete 
|  54|0x00000000ff600000, 0x00000000ff700000, 0x00000000ff700000|100%| E|CS|TAMS 0x00000000ff600000, 0x00000000ff600000| Complete 
|  55|0x00000000ff700000, 0x00000000ff800000, 0x00000000ff800000|100%| E|CS|TAMS 0x00000000ff700000, 0x00000000ff700000| Complete 
|  56|0x00000000ff800000, 0x00000000ff900000, 0x00000000ff900000|100%| E|CS|TAMS 0x00000000ff800000, 0x00000000ff800000| Complete 
|  57|0x00000000ff900000, 0x00000000ffa00000, 0x00000000ffa00000|100%| E|CS|TAMS 0x00000000ff900000, 0x00000000ff900000| Complete 
|  58|0x00000000ffa00000, 0x00000000ffb00000, 0x00000000ffb00000|100%| E|CS|TAMS 0x00000000ffa00000, 0x00000000ffa00000| Complete 
|  59|0x00000000ffb00000, 0x00000000ffc00000, 0x00000000ffc00000|100%| E|CS|TAMS 0x00000000ffb00000, 0x00000000ffb00000| Complete 
|  60|0x00000000ffc00000, 0x00000000ffd00000, 0x00000000ffd00000|100%| E|CS|TAMS 0x00000000ffc00000, 0x00000000ffc00000| Complete 
|  61|0x00000000ffd00000, 0x00000000ffe00000, 0x00000000ffe00000|100%| E|CS|TAMS 0x00000000ffd00000, 0x00000000ffd00000| Complete 
|  62|0x00000000ffe00000, 0x00000000fff00000, 0x00000000fff00000|100%| E|CS|TAMS 0x00000000ffe00000, 0x00000000ffe00000| Complete 
|  63|0x00000000fff00000, 0x0000000100000000, 0x0000000100000000|100%| E|CS|TAMS 0x00000000fff00000, 0x00000000fff00000| Complete 

Card table byte_map: [0x0000029fd1b50000,0x0000029fd1b70000] _byte_map_base: 0x0000029fd1370000

Marking Bits (Prev, Next): (CMBitMap*) 0x0000029fd3b9c170, (CMBitMap*) 0x0000029fd3b9c1b0
 Prev Bits: [0x0000029fea770000, 0x0000029fea870000)
 Next Bits: [0x0000029fea870000, 0x0000029fea970000)

Polling page: 0x0000029fd1b00000

Metaspace:

Usage:
  Non-class:      8.20 MB used.
      Class:      1.25 MB used.
       Both:      9.44 MB used.

Virtual space:
  Non-class space:       64.00 MB reserved,       8.31 MB ( 13%) committed,  1 nodes.
      Class space:        1.00 GB reserved,       1.31 MB ( <1%) committed,  1 nodes.
             Both:        1.06 GB reserved,       9.62 MB ( <1%) committed. 

Chunk freelists:
   Non-Class:  6.87 MB
       Class:  14.59 MB
        Both:  21.46 MB

MaxMetaspaceSize: unlimited
CompressedClassSpaceSize: 1.00 GB
Initial GC threshold: 21.00 MB
Current GC threshold: 21.00 MB
CDS: on
MetaspaceReclaimPolicy: balanced
 - commit_granule_bytes: 65536.
 - commit_granule_words: 8192.
 - virtual_space_node_default_size: 8388608.
 - enlarge_chunks_in_place: 1.
 - new_chunks_are_fully_committed: 0.
 - uncommit_free_chunks: 1.
 - use_allocation_guard: 0.
 - handle_deallocations: 1.


Internal statistics:

num_allocs_failed_limit: 0.
num_arena_births: 92.
num_arena_deaths: 0.
num_vsnodes_births: 2.
num_vsnodes_deaths: 0.
num_space_committed: 154.
num_space_uncommitted: 0.
num_chunks_returned_to_freelist: 0.
num_chunks_taken_from_freelist: 331.
num_chunk_merges: 0.
num_chunk_splits: 226.
num_chunks_enlarged: 188.
num_inconsistent_stats: 0.

CodeHeap 'non-profiled nmethods': size=120000Kb used=654Kb max_used=654Kb free=119345Kb
 bounds [0x0000029fe2f10000, 0x0000029fe3180000, 0x0000029fea440000]
CodeHeap 'profiled nmethods': size=120000Kb used=2796Kb max_used=2796Kb free=117203Kb
 bounds [0x0000029fdb440000, 0x0000029fdb700000, 0x0000029fe2970000]
CodeHeap 'non-nmethods': size=5760Kb used=1190Kb max_used=1218Kb free=4569Kb
 bounds [0x0000029fe2970000, 0x0000029fe2be0000, 0x0000029fe2f10000]
 total_blobs=1979 nmethods=1490 adapters=402
 compilation: enabled
              stopped_count=0, restarted_count=0
 full_count=0

Compilation events (20 events):
Event: 9.150 Thread 0x0000029fed3024b0 nmethod 1479 0x0000029fdb6f6e90 code [0x0000029fdb6f7040, 0x0000029fdb6f7238]
Event: 9.150 Thread 0x0000029fed3024b0 1480       3       java.util.concurrent.ScheduledThreadPoolExecutor::canRunInCurrentRunState (61 bytes)
Event: 9.151 Thread 0x0000029fed3024b0 nmethod 1480 0x0000029fdb6f7310 code [0x0000029fdb6f7520, 0x0000029fdb6f7d28]
Event: 9.353 Thread 0x0000029fed3024b0 1481       1       org.gradle.internal.logging.console.ProgressOperation::getCategory (5 bytes)
Event: 9.354 Thread 0x0000029fed3024b0 nmethod 1481 0x0000029fe2fb2990 code [0x0000029fe2fb2b20, 0x0000029fe2fb2bf8]
Event: 9.354 Thread 0x0000029fed3024b0 1482       3       org.gradle.internal.logging.console.DefaultRedrawableLabel::redraw (163 bytes)
Event: 9.356 Thread 0x0000029fed3024b0 nmethod 1482 0x0000029fdb6f7f90 code [0x0000029fdb6f8200, 0x0000029fdb6f8cb8]
Event: 9.854 Thread 0x0000029fed2ff6d0 1483       4       java.lang.invoke.VarForm::getMemberName (20 bytes)
Event: 9.856 Thread 0x0000029fed2ff6d0 nmethod 1483 0x0000029fe2fb2c90 code [0x0000029fe2fb2e20, 0x0000029fe2fb2f08]
Event: 10.153 Thread 0x0000029fed3024b0 1484       3       java.lang.AbstractStringBuilder::shift (37 bytes)
Event: 10.153 Thread 0x0000029fed3024b0 nmethod 1484 0x0000029fdb6f9110 code [0x0000029fdb6f92c0, 0x0000029fdb6f94a8]
Event: 10.153 Thread 0x0000029fed3024b0 1485       3       java.util.AbstractList$Itr::<init> (31 bytes)
Event: 10.153 Thread 0x0000029fed3024b0 nmethod 1485 0x0000029fdb6f9590 code [0x0000029fdb6f9720, 0x0000029fdb6f98f8]
Event: 10.246 Thread 0x0000029fed2ff6d0 1486       4       java.util.ArrayList$Itr::hasNext (20 bytes)
Event: 10.247 Thread 0x0000029fed2ff6d0 nmethod 1486 0x0000029fe2fb3010 code [0x0000029fe2fb3180, 0x0000029fe2fb3218]
Event: 10.838 Thread 0x0000029fed3024b0 1487       1       java.util.LinkedList::size (5 bytes)
Event: 10.838 Thread 0x0000029fed3024b0 nmethod 1487 0x0000029fe2fb3310 code [0x0000029fe2fb34a0, 0x0000029fe2fb3578]
Event: 10.838 Thread 0x0000029fed3024b0 1488       3       java.nio.CharBuffer::arrayOffset (35 bytes)
Event: 10.838 Thread 0x0000029fed3024b0 nmethod 1488 0x0000029fdb6f9a10 code [0x0000029fdb6f9be0, 0x0000029fdb6f9eb8]
Event: 10.840 Thread 0x0000029fed3024b0 1490       3       jdk.internal.org.objectweb.asm.Type::getDescriptor (93 bytes)

GC Heap History (2 events):
Event: 0.617 GC heap before
{Heap before GC invocations=0 (full 0):
 garbage-first heap   total 65536K, used 28672K [0x00000000fc000000, 0x0000000100000000)
  region size 1024K, 23 young (23552K), 0 survivors (0K)
 Metaspace       used 3934K, committed 4160K, reserved 1114112K
  class space    used 501K, committed 576K, reserved 1048576K
}
Event: 0.623 GC heap after
{Heap after GC invocations=1 (full 0):
 garbage-first heap   total 65536K, used 9216K [0x00000000fc000000, 0x0000000100000000)
  region size 1024K, 3 young (3072K), 3 survivors (3072K)
 Metaspace       used 3934K, committed 4160K, reserved 1114112K
  class space    used 501K, committed 576K, reserved 1048576K
}

Deoptimization events (20 events):
Event: 3.651 Thread 0x0000029fd3b79350 Uncommon trap: trap_request=0xffffffc6 fr.pc=0x0000029fe2f8de04 relative=0x00000000000012e4
Event: 3.651 Thread 0x0000029fd3b79350 Uncommon trap: reason=bimorphic_or_optimized_type_check action=maybe_recompile pc=0x0000029fe2f8de04 method=java.util.HashMap.putVal(ILjava/lang/Object;Ljava/lang/Object;ZZ)Ljava/lang/Object; @ 203 c2
Event: 3.651 Thread 0x0000029fd3b79350 DEOPT PACKING pc=0x0000029fe2f8de04 sp=0x000000f6c3ff9c90
Event: 3.651 Thread 0x0000029fd3b79350 DEOPT UNPACKING pc=0x0000029fe29c23a3 sp=0x000000f6c3ff9c20 mode 2
Event: 3.652 Thread 0x0000029fd3b79350 Uncommon trap: trap_request=0xffffffc6 fr.pc=0x0000029fe2f8de04 relative=0x00000000000012e4
Event: 3.652 Thread 0x0000029fd3b79350 Uncommon trap: reason=bimorphic_or_optimized_type_check action=maybe_recompile pc=0x0000029fe2f8de04 method=java.util.HashMap.putVal(ILjava/lang/Object;Ljava/lang/Object;ZZ)Ljava/lang/Object; @ 203 c2
Event: 3.652 Thread 0x0000029fd3b79350 DEOPT PACKING pc=0x0000029fe2f8de04 sp=0x000000f6c3ff9c90
Event: 3.652 Thread 0x0000029fd3b79350 DEOPT UNPACKING pc=0x0000029fe29c23a3 sp=0x000000f6c3ff9c20 mode 2
Event: 3.653 Thread 0x0000029fd3b79350 Uncommon trap: trap_request=0xffffffc6 fr.pc=0x0000029fe2f8de04 relative=0x00000000000012e4
Event: 3.653 Thread 0x0000029fd3b79350 Uncommon trap: reason=bimorphic_or_optimized_type_check action=maybe_recompile pc=0x0000029fe2f8de04 method=java.util.HashMap.putVal(ILjava/lang/Object;Ljava/lang/Object;ZZ)Ljava/lang/Object; @ 203 c2
Event: 3.653 Thread 0x0000029fd3b79350 DEOPT PACKING pc=0x0000029fe2f8de04 sp=0x000000f6c3ff9c90
Event: 3.653 Thread 0x0000029fd3b79350 DEOPT UNPACKING pc=0x0000029fe29c23a3 sp=0x000000f6c3ff9c20 mode 2
Event: 3.654 Thread 0x0000029fd3b79350 Uncommon trap: trap_request=0xffffffc6 fr.pc=0x0000029fe2f99d10 relative=0x0000000000000450
Event: 3.654 Thread 0x0000029fd3b79350 Uncommon trap: reason=bimorphic_or_optimized_type_check action=maybe_recompile pc=0x0000029fe2f99d10 method=java.util.HashMap.getNode(Ljava/lang/Object;)Ljava/util/HashMap$Node; @ 128 c2
Event: 3.654 Thread 0x0000029fd3b79350 DEOPT PACKING pc=0x0000029fe2f99d10 sp=0x000000f6c3ff9d10
Event: 3.654 Thread 0x0000029fd3b79350 DEOPT UNPACKING pc=0x0000029fe29c23a3 sp=0x000000f6c3ff9c28 mode 2
Event: 3.656 Thread 0x0000029fd3b79350 Uncommon trap: trap_request=0xffffffc6 fr.pc=0x0000029fe2f8de04 relative=0x00000000000012e4
Event: 3.656 Thread 0x0000029fd3b79350 Uncommon trap: reason=bimorphic_or_optimized_type_check action=maybe_recompile pc=0x0000029fe2f8de04 method=java.util.HashMap.putVal(ILjava/lang/Object;Ljava/lang/Object;ZZ)Ljava/lang/Object; @ 203 c2
Event: 3.656 Thread 0x0000029fd3b79350 DEOPT PACKING pc=0x0000029fe2f8de04 sp=0x000000f6c3ff9c90
Event: 3.656 Thread 0x0000029fd3b79350 DEOPT UNPACKING pc=0x0000029fe29c23a3 sp=0x000000f6c3ff9c20 mode 2

Classes unloaded (0 events):
No events

Classes redefined (0 events):
No events

Internal exceptions (20 events):
Event: 0.577 Thread 0x0000029fd3b79350 Exception <a 'java/lang/NoSuchMethodError'{0x00000000fea987b0}: 'void java.lang.invoke.DelegatingMethodHandle$Holder.delegate(java.lang.Object, java.lang.Object, int, java.lang.Object)'> (0x00000000fea987b0) 
thrown [s\open\src\hotspot\share\interpreter\linkResolver.cpp, line 759]
Event: 0.578 Thread 0x0000029fd3b79350 Exception <a 'java/lang/NoSuchMethodError'{0x00000000fea9c8f8}: 'int java.lang.invoke.DirectMethodHandle$Holder.invokeSpecial(java.lang.Object, java.lang.Object, java.lang.Object)'> (0x00000000fea9c8f8) 
thrown [s\open\src\hotspot\share\interpreter\linkResolver.cpp, line 759]
Event: 0.582 Thread 0x0000029fd3b79350 Exception <a 'java/lang/NoSuchMethodError'{0x00000000feaafa40}: 'java.lang.Object java.lang.invoke.Invokers$Holder.invokeExact_MT(java.lang.Object, java.lang.Object, java.lang.Object, java.lang.Object)'> (0x00000000feaafa40) 
thrown [s\open\src\hotspot\share\interpreter\linkResolver.cpp, line 759]
Event: 0.708 Thread 0x0000029fd3b79350 Exception <a 'java/lang/NoSuchMethodError'{0x00000000ffc8bd08}: 'java.lang.Object java.lang.invoke.DirectMethodHandle$Holder.invokeInterface(java.lang.Object, java.lang.Object, java.lang.Object)'> (0x00000000ffc8bd08) 
thrown [s\open\src\hotspot\share\interpreter\linkResolver.cpp, line 759]
Event: 0.722 Thread 0x0000029fd3b79350 Implicit null exception at 0x0000029fe2f5cd13 to 0x0000029fe2f5d16c
Event: 0.722 Thread 0x0000029fd3b79350 Implicit null exception at 0x0000029fe2f50591 to 0x0000029fe2f509d0
Event: 0.723 Thread 0x0000029fd3b79350 Implicit null exception at 0x0000029fe2f69e0f to 0x0000029fe2f69e89
Event: 0.742 Thread 0x0000029fd3b79350 Exception <a 'java/lang/NoSuchMethodError'{0x00000000ffa3b178}: 'java.lang.Object java.lang.invoke.DirectMethodHandle$Holder.invokeStaticInit(java.lang.Object)'> (0x00000000ffa3b178) 
thrown [s\open\src\hotspot\share\interpreter\linkResolver.cpp, line 759]
Event: 0.837 Thread 0x0000029fd3b79350 Exception <a 'java/lang/NoSuchMethodError'{0x00000000ff6b4590}: 'java.lang.Object java.lang.invoke.DirectMethodHandle$Holder.invokeStaticInit(java.lang.Object, int, int, int, int)'> (0x00000000ff6b4590) 
thrown [s\open\src\hotspot\share\interpreter\linkResolver.cpp, line 759]
Event: 0.886 Thread 0x0000029fd3b79350 Exception <a 'java/lang/NoSuchMethodError'{0x00000000ff531480}: 'java.lang.Object java.lang.invoke.DirectMethodHandle$Holder.invokeStaticInit(java.lang.Object, java.lang.Object, int, int, int, int)'> (0x00000000ff531480) 
thrown [s\open\src\hotspot\share\interpreter\linkResolver.cpp, line 759]
Event: 1.005 Thread 0x0000029fd3b79350 Exception <a 'java/lang/NoSuchMethodError'{0x00000000ff55ee08}: 'void java.lang.invoke.DirectMethodHandle$Holder.invokeStatic(java.lang.Object, java.lang.Object, java.lang.Object)'> (0x00000000ff55ee08) 
thrown [s\open\src\hotspot\share\interpreter\linkResolver.cpp, line 759]
Event: 1.021 Thread 0x0000029fd3b79350 Implicit null exception at 0x0000029fe2f4b5f2 to 0x0000029fe2f4bc0c
Event: 1.021 Thread 0x0000029fd3b79350 Implicit null exception at 0x0000029fe2f4a9f2 to 0x0000029fe2f4b00c
Event: 1.205 Thread 0x0000029ff2dac530 Exception <a 'java/lang/NoSuchMethodError'{0x00000000feeff698}: 'void java.lang.invoke.DirectMethodHandle$Holder.invokeStatic(java.lang.Object, long)'> (0x00000000feeff698) 
thrown [s\open\src\hotspot\share\interpreter\linkResolver.cpp, line 759]
Event: 1.206 Thread 0x0000029ff2dac530 Exception <a 'java/lang/NoSuchMethodError'{0x00000000fed05398}: 'java.lang.Object java.lang.invoke.DirectMethodHandle$Holder.newInvokeSpecial(java.lang.Object, long)'> (0x00000000fed05398) 
thrown [s\open\src\hotspot\share\interpreter\linkResolver.cpp, line 759]
Event: 1.208 Thread 0x0000029ff2dac530 Exception <a 'java/lang/NoSuchMethodError'{0x00000000fed10540}: 'java.lang.Object java.lang.invoke.DirectMethodHandle$Holder.invokeStaticInit(java.lang.Object, java.lang.Object, long, java.lang.Object)'> (0x00000000fed10540) 
thrown [s\open\src\hotspot\share\interpreter\linkResolver.cpp, line 759]
Event: 1.209 Thread 0x0000029ff2dac530 Exception <a 'java/lang/NoSuchMethodError'{0x00000000fed16c00}: 'java.lang.Object java.lang.invoke.DirectMethodHandle$Holder.newInvokeSpecial(java.lang.Object, java.lang.Object, long)'> (0x00000000fed16c00) 
thrown [s\open\src\hotspot\share\interpreter\linkResolver.cpp, line 759]
Event: 1.210 Thread 0x0000029ff2dac530 Exception <a 'java/lang/NoSuchMethodError'{0x00000000fed1aef0}: 'java.lang.Object java.lang.invoke.Invokers$Holder.linkToTargetMethod(java.lang.Object, long, java.lang.Object)'> (0x00000000fed1aef0) 
thrown [s\open\src\hotspot\share\interpreter\linkResolver.cpp, line 759]
Event: 10.834 Thread 0x0000029fd3b79350 Exception <a 'sun/net/ConnectionResetException'{0x00000000feba0290}: Connection reset> (0x00000000feba0290) 
thrown [s\open\src\hotspot\share\prims\jni.cpp, line 535]
Event: 10.840 Thread 0x0000029fd3b79350 Exception <a 'java/lang/NoSuchMethodError'{0x00000000febdd688}: 'int java.lang.invoke.DirectMethodHandle$Holder.invokeVirtual(java.lang.Object, java.lang.Object)'> (0x00000000febdd688) 
thrown [s\open\src\hotspot\share\interpreter\linkResolver.cpp, line 759]

VM Operations (20 events):
Event: 1.224 Executing VM operation: HandshakeAllThreads
Event: 1.224 Executing VM operation: HandshakeAllThreads done
Event: 1.245 Executing VM operation: HandshakeAllThreads
Event: 1.245 Executing VM operation: HandshakeAllThreads done
Event: 2.246 Executing VM operation: Cleanup
Event: 2.246 Executing VM operation: Cleanup done
Event: 3.648 Executing VM operation: HandshakeAllThreads
Event: 3.648 Executing VM operation: HandshakeAllThreads done
Event: 3.648 Executing VM operation: Cleanup
Event: 3.649 Executing VM operation: Cleanup done
Event: 4.656 Executing VM operation: Cleanup
Event: 4.656 Executing VM operation: Cleanup done
Event: 6.675 Executing VM operation: Cleanup
Event: 6.675 Executing VM operation: Cleanup done
Event: 7.677 Executing VM operation: Cleanup
Event: 7.677 Executing VM operation: Cleanup done
Event: 8.679 Executing VM operation: Cleanup
Event: 8.679 Executing VM operation: Cleanup done
Event: 9.681 Executing VM operation: Cleanup
Event: 9.681 Executing VM operation: Cleanup done

Events (20 events):
Event: 8.227 loading class jdk/internal/reflect/ByteVectorImpl
Event: 8.227 loading class jdk/internal/reflect/ByteVector
Event: 8.227 loading class jdk/internal/reflect/ByteVector done
Event: 8.227 loading class jdk/internal/reflect/ByteVectorImpl done
Event: 8.227 loading class jdk/internal/reflect/ClassFileAssembler
Event: 8.227 loading class jdk/internal/reflect/ClassFileAssembler done
Event: 8.227 loading class jdk/internal/reflect/UTF8
Event: 8.227 loading class jdk/internal/reflect/UTF8 done
Event: 8.229 loading class jdk/internal/reflect/Label
Event: 8.229 loading class jdk/internal/reflect/Label done
Event: 8.229 loading class jdk/internal/reflect/Label$PatchInfo
Event: 8.229 loading class jdk/internal/reflect/Label$PatchInfo done
Event: 8.229 loading class jdk/internal/reflect/MethodAccessorGenerator$1
Event: 8.229 loading class jdk/internal/reflect/MethodAccessorGenerator$1 done
Event: 8.229 loading class jdk/internal/reflect/ClassDefiner
Event: 8.229 loading class jdk/internal/reflect/ClassDefiner done
Event: 8.229 loading class jdk/internal/reflect/ClassDefiner$1
Event: 8.229 loading class jdk/internal/reflect/ClassDefiner$1 done
Event: 10.834 loading class sun/net/ConnectionResetException
Event: 10.834 loading class sun/net/ConnectionResetException done


Dynamic libraries:
0x00007ff6cf4b0000 - 0x00007ff6cf4c0000 	C:\Program Files\Java\jdk-17.0.11\bin\java.exe
0x00007ffd5a070000 - 0x00007ffd5a268000 	C:\WINDOWS\SYSTEM32\ntdll.dll
0x00007ffd58630000 - 0x00007ffd586ed000 	C:\WINDOWS\System32\KERNEL32.DLL
0x00007ffd57d00000 - 0x00007ffd57ff6000 	C:\WINDOWS\System32\KERNELBASE.dll
0x00007ffd57720000 - 0x00007ffd57820000 	C:\WINDOWS\System32\ucrtbase.dll
0x00007ffd50160000 - 0x00007ffd50179000 	C:\Program Files\Java\jdk-17.0.11\bin\jli.dll
0x00007ffd4f270000 - 0x00007ffd4f28b000 	C:\Program Files\Java\jdk-17.0.11\bin\VCRUNTIME140.dll
0x00007ffd59710000 - 0x00007ffd597c0000 	C:\WINDOWS\System32\ADVAPI32.dll
0x00007ffd580a0000 - 0x00007ffd5813e000 	C:\WINDOWS\System32\msvcrt.dll
0x00007ffd58750000 - 0x00007ffd587f0000 	C:\WINDOWS\System32\sechost.dll
0x00007ffd595e0000 - 0x00007ffd59703000 	C:\WINDOWS\System32\RPCRT4.dll
0x00007ffd57b70000 - 0x00007ffd57b97000 	C:\WINDOWS\System32\bcrypt.dll
0x00007ffd58280000 - 0x00007ffd5841f000 	C:\WINDOWS\System32\USER32.dll
0x00007ffd41610000 - 0x00007ffd418aa000 	C:\WINDOWS\WinSxS\amd64_microsoft.windows.common-controls_6595b64144ccf1df_6.0.19041.3636_none_60b6a03d71f818d5\COMCTL32.dll
0x00007ffd578d0000 - 0x00007ffd578f2000 	C:\WINDOWS\System32\win32u.dll
0x00007ffd5a000000 - 0x00007ffd5a02b000 	C:\WINDOWS\System32\GDI32.dll
0x00007ffd579e0000 - 0x00007ffd57af7000 	C:\WINDOWS\System32\gdi32full.dll
0x00007ffd58000000 - 0x00007ffd5809d000 	C:\WINDOWS\System32\msvcp_win.dll
0x00007ffd4a520000 - 0x00007ffd4a52a000 	C:\WINDOWS\SYSTEM32\VERSION.dll
0x00007ffd59f30000 - 0x00007ffd59f62000 	C:\WINDOWS\System32\IMM32.DLL
0x00007ffd50b30000 - 0x00007ffd50b3c000 	C:\Program Files\Java\jdk-17.0.11\bin\vcruntime140_1.dll
0x00007ffd45a50000 - 0x00007ffd45ade000 	C:\Program Files\Java\jdk-17.0.11\bin\msvcp140.dll
0x00007ffd1fa90000 - 0x00007ffd20670000 	C:\Program Files\Java\jdk-17.0.11\bin\server\jvm.dll
0x00007ffd58cd0000 - 0x00007ffd58cd8000 	C:\WINDOWS\System32\PSAPI.DLL
0x00007ffd54800000 - 0x00007ffd54809000 	C:\WINDOWS\SYSTEM32\WSOCK32.dll
0x00007ffd3d560000 - 0x00007ffd3d587000 	C:\WINDOWS\SYSTEM32\WINMM.dll
0x00007ffd59510000 - 0x00007ffd5957b000 	C:\WINDOWS\System32\WS2_32.dll
0x00007ffd55f00000 - 0x00007ffd55f12000 	C:\WINDOWS\SYSTEM32\kernel.appcore.dll
0x00007ffd50150000 - 0x00007ffd5015a000 	C:\Program Files\Java\jdk-17.0.11\bin\jimage.dll
0x00007ffd553f0000 - 0x00007ffd555d4000 	C:\WINDOWS\SYSTEM32\DBGHELP.DLL
0x00007ffd52bd0000 - 0x00007ffd52c04000 	C:\WINDOWS\SYSTEM32\dbgcore.DLL
0x00007ffd57950000 - 0x00007ffd579d2000 	C:\WINDOWS\System32\bcryptPrimitives.dll
0x00007ffd4ed10000 - 0x00007ffd4ed35000 	C:\Program Files\Java\jdk-17.0.11\bin\java.dll
0x00007ffd36310000 - 0x00007ffd363e7000 	C:\Program Files\Java\jdk-17.0.11\bin\jsvml.dll
0x00007ffd597c0000 - 0x00007ffd59f2b000 	C:\WINDOWS\System32\SHELL32.dll
0x00007ffd555e0000 - 0x00007ffd55d7e000 	C:\WINDOWS\SYSTEM32\windows.storage.dll
0x00007ffd587f0000 - 0x00007ffd58b43000 	C:\WINDOWS\System32\combase.dll
0x00007ffd570e0000 - 0x00007ffd5710e000 	C:\WINDOWS\SYSTEM32\Wldp.dll
0x00007ffd59440000 - 0x00007ffd5950d000 	C:\WINDOWS\System32\OLEAUT32.dll
0x00007ffd581d0000 - 0x00007ffd5827d000 	C:\WINDOWS\System32\SHCORE.dll
0x00007ffd58c60000 - 0x00007ffd58cb5000 	C:\WINDOWS\System32\shlwapi.dll
0x00007ffd57650000 - 0x00007ffd57673000 	C:\WINDOWS\SYSTEM32\profapi.dll
0x00007ffd4a350000 - 0x00007ffd4a369000 	C:\Program Files\Java\jdk-17.0.11\bin\net.dll
0x00007ffd4a530000 - 0x00007ffd4a63a000 	C:\WINDOWS\SYSTEM32\WINHTTP.dll
0x00007ffd56de0000 - 0x00007ffd56e4a000 	C:\WINDOWS\system32\mswsock.dll
0x00007ffd47bd0000 - 0x00007ffd47be6000 	C:\Program Files\Java\jdk-17.0.11\bin\nio.dll
0x00007ffd47bb0000 - 0x00007ffd47bc8000 	C:\Program Files\Java\jdk-17.0.11\bin\zip.dll
0x00007ffd4fb00000 - 0x00007ffd4fb10000 	C:\Program Files\Java\jdk-17.0.11\bin\verify.dll
0x00007ffd50a60000 - 0x00007ffd50a87000 	C:\Users\marko\.gradle\native\e1d6ef7f7dcc3fd88c89a11ec53ec762bb8ba0a96d01ffa2cd45eb1d1d8dd5c5\windows-amd64\native-platform.dll
0x00007ffd4a340000 - 0x00007ffd4a34a000 	C:\Users\marko\.gradle\native\jansi\1.18\windows64\jansi.dll
0x00007ffd494a0000 - 0x00007ffd494aa000 	C:\Program Files\Java\jdk-17.0.11\bin\management.dll
0x00007ffd49160000 - 0x00007ffd4916b000 	C:\Program Files\Java\jdk-17.0.11\bin\management_ext.dll
0x00007ffd57030000 - 0x00007ffd57048000 	C:\WINDOWS\SYSTEM32\CRYPTSP.dll
0x00007ffd566c0000 - 0x00007ffd566f4000 	C:\WINDOWS\system32\rsaenh.dll
0x00007ffd57610000 - 0x00007ffd5763e000 	C:\WINDOWS\SYSTEM32\USERENV.dll
0x00007ffd57050000 - 0x00007ffd5705c000 	C:\WINDOWS\SYSTEM32\CRYPTBASE.dll
0x00007ffd56aa0000 - 0x00007ffd56adb000 	C:\WINDOWS\SYSTEM32\IPHLPAPI.DLL
0x00007ffd58140000 - 0x00007ffd58148000 	C:\WINDOWS\System32\NSI.dll
0x00007ffd4f040000 - 0x00007ffd4f057000 	C:\WINDOWS\SYSTEM32\dhcpcsvc6.DLL
0x00007ffd4f020000 - 0x00007ffd4f03d000 	C:\WINDOWS\SYSTEM32\dhcpcsvc.DLL
0x00007ffd56ae0000 - 0x00007ffd56bab000 	C:\WINDOWS\SYSTEM32\DNSAPI.dll
0x00007ffd47f60000 - 0x00007ffd47f6e000 	C:\Program Files\Java\jdk-17.0.11\bin\sunmscapi.dll
0x00007ffd57ba0000 - 0x00007ffd57cfe000 	C:\WINDOWS\System32\CRYPT32.dll
0x00007ffd57150000 - 0x00007ffd57178000 	C:\WINDOWS\SYSTEM32\ncrypt.dll
0x00007ffd57110000 - 0x00007ffd5714b000 	C:\WINDOWS\SYSTEM32\NTASN1.dll
0x00007ffd2e960000 - 0x00007ffd2e967000 	C:\WINDOWS\system32\wshunix.dll

dbghelp: loaded successfully - version: 4.0.5 - missing functions: none
symbol engine: initialized successfully - sym options: 0x614 - pdb path: .;C:\Program Files\Java\jdk-17.0.11\bin;C:\WINDOWS\SYSTEM32;C:\WINDOWS\WinSxS\amd64_microsoft.windows.common-controls_6595b64144ccf1df_6.0.19041.3636_none_60b6a03d71f818d5;C:\Program Files\Java\jdk-17.0.11\bin\server;C:\Users\marko\.gradle\native\e1d6ef7f7dcc3fd88c89a11ec53ec762bb8ba0a96d01ffa2cd45eb1d1d8dd5c5\windows-amd64;C:\Users\marko\.gradle\native\jansi\1.18\windows64

VM Arguments:
jvm_args: -Xmx64m -Xms64m -Dorg.gradle.appname=gradlew 
java_command: org.gradle.wrapper.GradleWrapperMain run
java_class_path (initial): C:\Users\marko\Desktop\ISS_24\issLab24\BoundaryWalk\\gradle\wrapper\gradle-wrapper.jar
Launcher Type: SUN_STANDARD

[Global flags]
     intx CICompilerCount                          = 4                                         {product} {ergonomic}
     uint ConcGCThreads                            = 2                                         {product} {ergonomic}
     uint G1ConcRefinementThreads                  = 8                                         {product} {ergonomic}
   size_t G1HeapRegionSize                         = 1048576                                   {product} {ergonomic}
    uintx GCDrainStackTargetSize                   = 64                                        {product} {ergonomic}
   size_t InitialHeapSize                          = 67108864                                  {product} {command line}
   size_t MarkStackSize                            = 4194304                                   {product} {ergonomic}
   size_t MaxHeapSize                              = 67108864                                  {product} {command line}
   size_t MaxNewSize                               = 39845888                                  {product} {ergonomic}
   size_t MinHeapDeltaBytes                        = 1048576                                   {product} {ergonomic}
   size_t MinHeapSize                              = 67108864                                  {product} {command line}
    uintx NonNMethodCodeHeapSize                   = 5839372                                {pd product} {ergonomic}
    uintx NonProfiledCodeHeapSize                  = 122909434                              {pd product} {ergonomic}
    uintx ProfiledCodeHeapSize                     = 122909434                              {pd product} {ergonomic}
    uintx ReservedCodeCacheSize                    = 251658240                              {pd product} {ergonomic}
     bool SegmentedCodeCache                       = true                                      {product} {ergonomic}
   size_t SoftMaxHeapSize                          = 67108864                               {manageable} {ergonomic}
     bool UseCompressedClassPointers               = true                           {product lp64_product} {ergonomic}
     bool UseCompressedOops                        = true                           {product lp64_product} {ergonomic}
     bool UseG1GC                                  = true                                      {product} {ergonomic}
     bool UseLargePagesIndividualAllocation        = false                                  {pd product} {ergonomic}

Logging:
Log output configuration:
 #0: stdout all=warning uptime,level,tags
 #1: stderr all=off uptime,level,tags

Environment Variables:
JAVA_HOME=C:\Program Files\Java\jdk-17.0.11
CLASSPATH=C:\Users\marko\Desktop\ISS_24\issLab24\BoundaryWalk\\gradle\wrapper\gradle-wrapper.jar
PATH=C:\Program Files\Java\jdk-17.0.11\bin;C:\Gradle\gradle-8.6\bin;C:\Program Files\Python310\Scripts\;C:\Program Files\Python310\;C:\Program Files\Common Files\Oracle\Java\javapath;C:\Program Files (x86)\Common Files\Oracle\Java\javapath;C:\Program Files (x86)\Razer Chroma SDK\bin;C:\Program Files\Razer Chroma SDK\bin;C:\Program Files (x86)\Razer\ChromaBroadcast\bin;C:\Program Files\Razer\ChromaBroadcast\bin;C:\Program Files (x86)\Intel\Intel(R) Management Engine Components\iCLS\;C:\Program Files\Intel\Intel(R) Management Engine Components\iCLS\;C:\WINDOWS\system32;C:\WINDOWS;C:\WINDOWS\System32\Wbem;C:\WINDOWS\System32\WindowsPowerShell\v1.0\;C:\Program Files (x86)\Intel\Intel(R) Management Engine Components\DAL;C:\Program Files\Intel\Intel(R) Management Engine Components\DAL;C:\Program Files (x86)\Intel\Intel(R) Management Engine Components\IPT;C:\Program Files\Intel\Intel(R) Management Engine Components\IPT;C:\WINDOWS\System32\OpenSSH\;C:\WINDOWS\system32\config\systemprofile\AppData\Local\Microsoft\WindowsApps;C:\WINDOWS\system32;C:\WINDOWS;C:\WINDOWS\System32\Wbem;C:\WINDOWS\System32\WindowsPowerShell\v1.0\;C:\WINDOWS\System32\OpenSSH\;C:\Users\marko\AppData\Roaming\nvm;C:\Program Files\nodejs;C:\Program Files\Git\cmd;C:\Program Files\Git LFS;C:\Users\marko\AppData\Roaming\Python\Python310\Scripts;C:\Program Files\Docker\Docker\resources\bin;C:\Program Files\nodejs\;C:\Program Files\Graphviz\bin;C:\Users\marko\AppData\Local\Programs\Microsoft VS Code\bin;C:\Users\marko\AppData\Local\Microsoft\WindowsApps;C:\Users\marko\AppData\Roaming\nvm;C:\Program Files\nodejs;C:\Users\marko\AppData\Roaming\Python\Python310\Scripts;C:\Users\marko\Desktop\antlr;;C:\Users\marko\AppData\Local\JetBrains\IntelliJ IDEA Community Edition 2022.3.2\bin;;C:\Users\marko\AppData\Roaming\npm
USERNAME=marko
OS=Windows_NT
PROCESSOR_IDENTIFIER=Intel64 Family 6 Model 142 Stepping 10, GenuineIntel



---------------  S Y S T E M  ---------------

OS:
 Windows 10 , 64 bit Build 19041 (10.0.19041.3636)
OS uptime: 0 days 0:44 hours
Hyper-V role detected

CPU: total 8 (initial active 8) (4 cores per cpu, 2 threads per core) family 6 model 142 stepping 10 microcode 0xb4, cx8, cmov, fxsr, ht, mmx, 3dnowpref, sse, sse2, sse3, ssse3, sse4.1, sse4.2, popcnt, lzcnt, tsc, tscinvbit, avx, avx2, aes, erms, clmul, bmi1, bmi2, adx, fma, vzeroupper, clflush, clflushopt, hv

Memory: 4k page, system-wide physical 8058M (947M free)
TotalPageFile size 8058M (AvailPageFile size 488M)
current process WorkingSet (physical memory assigned to process): 92M, peak: 97M
current process commit charge ("private bytes"): 165M, peak: 169M

vm_info: Java HotSpot(TM) 64-Bit Server VM (17.0.11+7-LTS-207) for windows-amd64 JRE (17.0.11+7-LTS-207), built on Mar 11 2024 19:01:50 by "mach5one" with MS VC++ 17.6 (VS2022)

END.
