#
# There is insufficient memory for the Java Runtime Environment to continue.
# Native memory allocation (malloc) failed to allocate 709296 bytes for Chunk::new
# Possible reasons:
#   The system is out of physical RAM or swap space
#   The process is running with CompressedOops enabled, and the Java Heap may be blocking the growth of the native heap
# Possible solutions:
#   Reduce memory load on the system
#   Increase physical memory or swap space
#   Check if swap backing store is full
#   Decrease Java heap size (-Xmx/-Xms)
#   Decrease number of Java threads
#   Decrease Java thread stack sizes (-Xss)
#   Set larger code cache with -XX:ReservedCodeCacheSize=
#   JVM is running with Unscaled Compressed Oops mode in which the Java heap is
#     placed in the first 4GB address space. The Java Heap base address is the
#     maximum limit for the native heap growth. Please use -XX:HeapBaseMinAddress
#     to set the Java Heap base and to place the Java Heap above 4GB virtual address.
# This output file may be truncated or incomplete.
#
#  Out of Memory Error (arena.cpp:197), pid=7428, tid=2556
#
# JRE version: OpenJDK Runtime Environment Temurin-11.0.23+9 (11.0.23+9) (build 11.0.23+9)
# Java VM: OpenJDK 64-Bit Server VM Temurin-11.0.23+9 (11.0.23+9, mixed mode, tiered, compressed oops, g1 gc, windows-amd64)
# No core dump will be written. Minidumps are not enabled by default on client versions of Windows
#

---------------  S U M M A R Y ------------

Command Line: --module-path=C:\Users\marko\.gradle\caches\modules-2\files-2.1\org.openjfx\javafx-fxml\11\d5ff9262ef49d166db658d15f37e3ecff38fde4b\javafx-fxml-11-win.jar;C:\Users\marko\.gradle\caches\modules-2\files-2.1\org.openjfx\javafx-web\11\5c8a3b6cacde832437dff8e21a82749b5f66c1cf\javafx-web-11-win.jar;C:\Users\marko\.gradle\caches\modules-2\files-2.1\org.openjfx\javafx-controls\11\af8d24de44e16a19ae959028eb23a48c145fb682\javafx-controls-11-win.jar;C:\Users\marko\.gradle\caches\modules-2\files-2.1\org.openjfx\javafx-media\11\b7a33f3ff0cad17af71e883c0921bc6819cad9c8\javafx-media-11-win.jar;C:\Users\marko\.gradle\caches\modules-2\files-2.1\org.openjfx\javafx-graphics\11\9345c7ea43dbcc73a62eca5332717b4ce617e6c6\javafx-graphics-11-win.jar;C:\Users\marko\.gradle\caches\modules-2\files-2.1\org.openjfx\javafx-base\11\ad3a4acfaa28b484d30c40c1f009445cc3f6e68b\javafx-base-11-win.jar --add-modules=javafx.controls,javafx.fxml,javafx.web,javafx.graphics -Dfile.encoding=windows-1252 -Duser.country=IT -Duser.language=it -Duser.variant it.unibo.ctxbasicrobot.MainCtxbasicrobotKt

Host: Intel(R) Core(TM) i5-8250U CPU @ 1.60GHz, 8 cores, 7G,  Windows 10 , 64 bit Build 19041 (10.0.19041.3636)
Time: Thu May 30 16:11:24 2024 ora legale Europa occidentale elapsed time: 134.650428 seconds (0d 0h 2m 14s)

---------------  T H R E A D  ---------------

Current thread (0x000001fdc37ae800):  JavaThread "C2 CompilerThread0" daemon [_thread_in_native, id=2556, stack(0x0000002bc7200000,0x0000002bc7300000)]


Current CompileTask:
C2: 134650 5282       4       org.springframework.core.annotation.TypeMappedAnnotations$MergedAnnotationFinder::doWithAnnotations (10 bytes)

Stack: [0x0000002bc7200000,0x0000002bc7300000]
Native frames: (J=compiled Java code, j=interpreted, Vv=VM code, C=native code)
V  [jvm.dll+0x645caa]
V  [jvm.dll+0x7d9849]
V  [jvm.dll+0x7daf49]
V  [jvm.dll+0x7db633]
V  [jvm.dll+0x269845]
V  [jvm.dll+0xc1bfc]
V  [jvm.dll+0xc21ac]
V  [jvm.dll+0x379bd7]
V  [jvm.dll+0x1b3984]
V  [jvm.dll+0x22193f]
V  [jvm.dll+0x2207f8]
V  [jvm.dll+0x19e5c1]
V  [jvm.dll+0x2308a9]
V  [jvm.dll+0x22ea1f]
V  [jvm.dll+0x79aa01]
V  [jvm.dll+0x7936d4]
V  [jvm.dll+0x644a65]
C  [ucrtbase.dll+0x21bb2]
C  [KERNEL32.DLL+0x17344]
C  [ntdll.dll+0x526b1]


---------------  P R O C E S S  ---------------

Threads class SMR info:
_java_thread_list=0x000001fdc4919e40, length=51, elements={
0x000001fdc377d000, 0x000001fdc3fba800, 0x000001fdc37a9000, 0x000001fdc37ab000,
0x000001fdc37ac000, 0x000001fdc37ae800, 0x000001fdc4018800, 0x000001fdc4027000,
0x000001fdc41d9800, 0x000001fdc41db800, 0x000001fdc41dd000, 0x000001fdc41d9000,
0x000001fdc41d7800, 0x000001fdc41dc000, 0x000001fdc41de000, 0x000001fdc41da800,
0x000001fdc41d8000, 0x000001fdc4e7b000, 0x000001fdc4e7a800, 0x000001fdc4e7d800,
0x000001fdc4e7e800, 0x000001fdc4e7c800, 0x000001fdc4e7f000, 0x000001fdc4e80000,
0x000001fdc4e81000, 0x000001fdc4e81800, 0x000001fdc4e84000, 0x000001fdc4e86800,
0x000001fdc4e83800, 0x000001fdc4e7c000, 0x000001fdc4e85000, 0x000001fdc4e85800,
0x000001fdc4e82800, 0x000001fdc4e87800, 0x000001fdc4e89000, 0x000001fdc4e88000,
0x000001fdc6684800, 0x000001fdc6684000, 0x000001fdc667f000, 0x000001fdc6685800,
0x000001fdc6683000, 0x000001fdc6682800, 0x000001fdc6680000, 0x000001fdc6686800,
0x000001fdc6680800, 0x000001fdc6687000, 0x000001fdc6681800, 0x000001fdc668d000,
0x000001fdc668c000, 0x000001fdc668a800, 0x000001fdc4016800
}

Java Threads: ( => current thread )
  0x000001fdc377d000 JavaThread "Reference Handler" daemon [_thread_blocked, id=11684, stack(0x0000002bc6d00000,0x0000002bc6e00000)]
  0x000001fdc3fba800 JavaThread "Finalizer" daemon [_thread_blocked, id=15164, stack(0x0000002bc6e00000,0x0000002bc6f00000)]
  0x000001fdc37a9000 JavaThread "Signal Dispatcher" daemon [_thread_blocked, id=8840, stack(0x0000002bc6f00000,0x0000002bc7000000)]
  0x000001fdc37ab000 JavaThread "Attach Listener" daemon [_thread_blocked, id=11564, stack(0x0000002bc7000000,0x0000002bc7100000)]
  0x000001fdc37ac000 JavaThread "Service Thread" daemon [_thread_blocked, id=2456, stack(0x0000002bc7100000,0x0000002bc7200000)]
=>0x000001fdc37ae800 JavaThread "C2 CompilerThread0" daemon [_thread_in_native, id=2556, stack(0x0000002bc7200000,0x0000002bc7300000)]
  0x000001fdc4018800 JavaThread "C1 CompilerThread0" daemon [_thread_blocked, id=1524, stack(0x0000002bc7300000,0x0000002bc7400000)]
  0x000001fdc4027000 JavaThread "Sweeper thread" daemon [_thread_blocked, id=6504, stack(0x0000002bc7400000,0x0000002bc7500000)]
  0x000001fdc41d9800 JavaThread "Common-Cleaner" daemon [_thread_blocked, id=1812, stack(0x0000002bc7500000,0x0000002bc7600000)]
  0x000001fdc41db800 JavaThread "qakcpuspool-1" daemon [_thread_blocked, id=6948, stack(0x0000002bc7b00000,0x0000002bc7c00000)]
  0x000001fdc41dd000 JavaThread "qakcpuspool-2" daemon [_thread_blocked, id=9792, stack(0x0000002bc7c00000,0x0000002bc7d00000)]
  0x000001fdc41d9000 JavaThread "DefaultDispatcher-worker-1" daemon [_thread_blocked, id=7364, stack(0x0000002bc7d00000,0x0000002bc7e00000)]
  0x000001fdc41d7800 JavaThread "DefaultDispatcher-worker-2" daemon [_thread_blocked, id=11180, stack(0x0000002bc7e00000,0x0000002bc7f00000)]
  0x000001fdc41dc000 JavaThread "DefaultDispatcher-worker-3" daemon [_thread_blocked, id=8708, stack(0x0000002bc7f00000,0x0000002bc8000000)]
  0x000001fdc41de000 JavaThread "qakcpuspool-3" daemon [_thread_blocked, id=8824, stack(0x0000002bc8000000,0x0000002bc8100000)]
  0x000001fdc41da800 JavaThread "tcpSrv" daemon [_thread_in_native, id=3812, stack(0x0000002bc8100000,0x0000002bc8200000)]
  0x000001fdc41d8000 JavaThread "CoapServer(main)#1" [_thread_blocked, id=15192, stack(0x0000002bc7700000,0x0000002bc7800000)]
  0x000001fdc4e7b000 JavaThread "CoapServer(secondary)#1" [_thread_blocked, id=5832, stack(0x0000002bc8200000,0x0000002bc8300000)]
  0x000001fdc4e7a800 JavaThread "CoapServer(secondary)#2" [_thread_blocked, id=9496, stack(0x0000002bc8300000,0x0000002bc8400000)]
  0x000001fdc4e7d800 JavaThread "UDP-Receiver-0.0.0.0/0.0.0.0:8020[0]" daemon [_thread_in_native, id=5856, stack(0x0000002bc8400000,0x0000002bc8500000)]
  0x000001fdc4e7e800 JavaThread "UDP-Sender-0.0.0.0/0.0.0.0:8020[0]" daemon [_thread_blocked, id=11620, stack(0x0000002bc8500000,0x0000002bc8600000)]
  0x000001fdc4e7c800 JavaThread "qakcpuspool-4" daemon [_thread_blocked, id=12936, stack(0x0000002bc8700000,0x0000002bc8800000)]
  0x000001fdc4e7f000 JavaThread "qakcpuspool-5" daemon [_thread_blocked, id=14844, stack(0x0000002bc8800000,0x0000002bc8900000)]
  0x000001fdc4e80000 JavaThread "qakcpuspool-6" daemon [_thread_blocked, id=4920, stack(0x0000002bc8900000,0x0000002bc8a00000)]
  0x000001fdc4e81000 JavaThread "qakcpuspool-7" daemon [_thread_blocked, id=9136, stack(0x0000002bc8a00000,0x0000002bc8b00000)]
  0x000001fdc4e81800 JavaThread "qakcpuspool-8" daemon [_thread_blocked, id=15040, stack(0x0000002bc8b00000,0x0000002bc8c00000)]
  0x000001fdc4e84000 JavaThread "Grizzly(1) SelectorRunner" daemon [_thread_in_native, id=13552, stack(0x0000002bc9300000,0x0000002bc9400000)]
  0x000001fdc4e86800 JavaThread "Grizzly(1)" daemon [_thread_blocked, id=7628, stack(0x0000002bc9400000,0x0000002bc9500000)]
  0x000001fdc4e83800 JavaThread "Grizzly(2)" daemon [_thread_blocked, id=7652, stack(0x0000002bc9500000,0x0000002bc9600000)]
  0x000001fdc4e7c000 JavaThread "Catalina-utility-1" [_thread_blocked, id=3616, stack(0x0000002bc9200000,0x0000002bc9300000)]
  0x000001fdc4e85000 JavaThread "Catalina-utility-2" [_thread_blocked, id=7408, stack(0x0000002bc9700000,0x0000002bc9800000)]
  0x000001fdc4e85800 JavaThread "container-0" [_thread_blocked, id=14488, stack(0x0000002bc9800000,0x0000002bc9900000)]
  0x000001fdc4e82800 JavaThread "CoapClient(main)#1" [_thread_blocked, id=6112, stack(0x0000002bc9900000,0x0000002bc9a00000)]
  0x000001fdc4e87800 JavaThread ":CoapEndpoint-UDP-0.0.0.0:0#1" daemon [_thread_blocked, id=996, stack(0x0000002bc7600000,0x0000002bc7700000)]
  0x000001fdc4e89000 JavaThread "UDP-Receiver-0.0.0.0/0.0.0.0:0[0]" daemon [_thread_in_native, id=9528, stack(0x0000002bc8600000,0x0000002bc8700000)]
  0x000001fdc4e88000 JavaThread "UDP-Sender-0.0.0.0/0.0.0.0:0[0]" daemon [_thread_blocked, id=7996, stack(0x0000002bc9a00000,0x0000002bc9b00000)]
  0x000001fdc6684800 JavaThread "CoapClient(secondary)#1" [_thread_blocked, id=13916, stack(0x0000002bc9c00000,0x0000002bc9d00000)]
  0x000001fdc6684000 JavaThread "http-nio-8085-exec-1" daemon [_thread_in_native, id=3324, stack(0x0000002bc9e00000,0x0000002bc9f00000)]
  0x000001fdc667f000 JavaThread "http-nio-8085-exec-2" daemon [_thread_blocked, id=6108, stack(0x0000002bc9f00000,0x0000002bca000000)]
  0x000001fdc6685800 JavaThread "http-nio-8085-exec-3" daemon [_thread_blocked, id=13808, stack(0x0000002bca000000,0x0000002bca100000)]
  0x000001fdc6683000 JavaThread "http-nio-8085-exec-4" daemon [_thread_blocked, id=11892, stack(0x0000002bca100000,0x0000002bca200000)]
  0x000001fdc6682800 JavaThread "http-nio-8085-exec-5" daemon [_thread_blocked, id=7444, stack(0x0000002bca200000,0x0000002bca300000)]
  0x000001fdc6680000 JavaThread "http-nio-8085-exec-6" daemon [_thread_blocked, id=6004, stack(0x0000002bca300000,0x0000002bca400000)]
  0x000001fdc6686800 JavaThread "http-nio-8085-exec-7" daemon [_thread_blocked, id=12940, stack(0x0000002bca400000,0x0000002bca500000)]
  0x000001fdc6680800 JavaThread "http-nio-8085-exec-8" daemon [_thread_blocked, id=7772, stack(0x0000002bca500000,0x0000002bca600000)]
  0x000001fdc6687000 JavaThread "http-nio-8085-exec-9" daemon [_thread_blocked, id=1284, stack(0x0000002bca600000,0x0000002bca700000)]
  0x000001fdc6681800 JavaThread "http-nio-8085-exec-10" daemon [_thread_blocked, id=11956, stack(0x0000002bca700000,0x0000002bca800000)]
  0x000001fdc668d000 JavaThread "http-nio-8085-Poller" daemon [_thread_in_native, id=952, stack(0x0000002bca800000,0x0000002bca900000)]
  0x000001fdc668c000 JavaThread "http-nio-8085-Acceptor" daemon [_thread_in_native, id=4320, stack(0x0000002bca900000,0x0000002bcaa00000)]
  0x000001fdc668a800 JavaThread "DestroyJavaVM" [_thread_blocked, id=15156, stack(0x0000002bc6600000,0x0000002bc6700000)]
  0x000001fdc4016800 JavaThread "C2 CompilerThread1" daemon [_thread_in_native, id=14148, stack(0x0000002bc6300000,0x0000002bc6400000)]

Other Threads:
  0x000001fdc377a000 VMThread "VM Thread" [stack: 0x0000002bc6c00000,0x0000002bc6d00000] [id=2088]
  0x000001fdc4313000 WatcherThread [stack: 0x0000002bc7800000,0x0000002bc7900000] [id=14060]
  0x000001fda27ee800 GCTaskThread "GC Thread#0" [stack: 0x0000002bc6700000,0x0000002bc6800000] [id=2196]
  0x000001fdc4e06000 GCTaskThread "GC Thread#1" [stack: 0x0000002bc7900000,0x0000002bc7a00000] [id=2128]
  0x000001fdc46dd000 GCTaskThread "GC Thread#2" [stack: 0x0000002bc7a00000,0x0000002bc7b00000] [id=9720]
  0x000001fdc5ba9000 GCTaskThread "GC Thread#3" [stack: 0x0000002bc8c00000,0x0000002bc8d00000] [id=4584]
  0x000001fdc5963800 GCTaskThread "GC Thread#4" [stack: 0x0000002bc8d00000,0x0000002bc8e00000] [id=6116]
  0x000001fdc6a3f800 GCTaskThread "GC Thread#5" [stack: 0x0000002bc8e00000,0x0000002bc8f00000] [id=14132]
  0x000001fdc6e6a800 GCTaskThread "GC Thread#6" [stack: 0x0000002bc8f00000,0x0000002bc9000000] [id=14420]
  0x000001fdc5bab800 GCTaskThread "GC Thread#7" [stack: 0x0000002bc9000000,0x0000002bc9100000] [id=10960]
  0x000001fda2820000 ConcurrentGCThread "G1 Main Marker" [stack: 0x0000002bc6800000,0x0000002bc6900000] [id=12040]
  0x000001fda2823000 ConcurrentGCThread "G1 Conc#0" [stack: 0x0000002bc6900000,0x0000002bc6a00000] [id=7004]
  0x000001fdc8688800 ConcurrentGCThread "G1 Conc#1" [stack: 0x0000002bc9100000,0x0000002bc9200000] [id=1472]
  0x000001fdc35e5800 ConcurrentGCThread "G1 Refine#0" [stack: 0x0000002bc6a00000,0x0000002bc6b00000] [id=5628]
  0x000001fdc35e6800 ConcurrentGCThread "G1 Young RemSet Sampling" [stack: 0x0000002bc6b00000,0x0000002bc6c00000] [id=9120]

Threads with active compile tasks:
C2 CompilerThread0   134685 5282       4       org.springframework.core.annotation.TypeMappedAnnotations$MergedAnnotationFinder::doWithAnnotations (10 bytes)
C2 CompilerThread1   134685 5306   !   4       java.util.zip.ZipFile$ZipFileInflaterInputStream::close (67 bytes)

VM state:not at safepoint (normal execution)

VM Mutex/Monitor currently owned by a thread: None

Heap address: 0x0000000082000000, size: 2016 MB, Compressed Oops mode: 32-bit
Narrow klass base: 0x0000000000000000, Narrow klass shift: 3
Compressed class space size: 1073741824 Address: 0x0000000100000000

Heap:
 garbage-first heap   total 129024K, used 80465K [0x0000000082000000, 0x0000000100000000)
  region size 1024K, 56 young (57344K), 7 survivors (7168K)
 Metaspace       used 53169K, capacity 54636K, committed 54704K, reserved 1097728K
  class space    used 6052K, capacity 6650K, committed 6656K, reserved 1048576K
Heap Regions: E=young(eden), S=young(survivor), O=old, HS=humongous(starts), HC=humongous(continues), CS=collection set, F=free, A=archive, TAMS=top-at-mark-start (previous, next)
|   0|0x0000000082000000, 0x0000000082100000, 0x0000000082100000|100%|HS|  |TAMS 0x0000000082100000, 0x0000000082000000| Complete 
|   1|0x0000000082100000, 0x0000000082200000, 0x0000000082200000|100%|HC|  |TAMS 0x0000000082200000, 0x0000000082100000| Complete 
|   2|0x0000000082200000, 0x0000000082300000, 0x0000000082300000|100%|HC|  |TAMS 0x0000000082300000, 0x0000000082200000| Complete 
|   3|0x0000000082300000, 0x0000000082400000, 0x0000000082400000|100%|HC|  |TAMS 0x0000000082400000, 0x0000000082300000| Complete 
|   4|0x0000000082400000, 0x0000000082500000, 0x0000000082500000|100%|HC|  |TAMS 0x0000000082500000, 0x0000000082400000| Complete 
|   5|0x0000000082500000, 0x0000000082600000, 0x0000000082600000|100%|HC|  |TAMS 0x0000000082600000, 0x0000000082500000| Complete 
|   6|0x0000000082600000, 0x0000000082700000, 0x0000000082700000|100%|HC|  |TAMS 0x0000000082700000, 0x0000000082600000| Complete 
|   7|0x0000000082700000, 0x0000000082800000, 0x0000000082800000|100%|HC|  |TAMS 0x0000000082800000, 0x0000000082700000| Complete 
|   8|0x0000000082800000, 0x0000000082900000, 0x0000000082900000|100%|HC|  |TAMS 0x0000000082900000, 0x0000000082800000| Complete 
|   9|0x0000000082900000, 0x0000000082a00000, 0x0000000082a00000|100%|HS|  |TAMS 0x0000000082a00000, 0x0000000082900000| Complete 
|  10|0x0000000082a00000, 0x0000000082b00000, 0x0000000082b00000|100%| O|  |TAMS 0x0000000082b00000, 0x0000000082a00000| Untracked 
|  11|0x0000000082b00000, 0x0000000082c00000, 0x0000000082c00000|100%| O|  |TAMS 0x0000000082c00000, 0x0000000082b00000| Untracked 
|  12|0x0000000082c00000, 0x0000000082d00000, 0x0000000082d00000|100%| O|  |TAMS 0x0000000082d00000, 0x0000000082c00000| Untracked 
|  13|0x0000000082d00000, 0x0000000082e00000, 0x0000000082e00000|100%| O|  |TAMS 0x0000000082e00000, 0x0000000082d00000| Untracked 
|  14|0x0000000082e00000, 0x0000000082f00000, 0x0000000082f00000|100%| O|  |TAMS 0x0000000082f00000, 0x0000000082e00000| Untracked 
|  15|0x0000000082f00000, 0x0000000083000000, 0x0000000083000000|100%| O|  |TAMS 0x0000000083000000, 0x0000000082f00000| Untracked 
|  16|0x0000000083000000, 0x0000000083100000, 0x0000000083100000|100%| O|  |TAMS 0x0000000083100000, 0x0000000083000000| Untracked 
|  17|0x0000000083100000, 0x0000000083200000, 0x0000000083200000|100%| O|  |TAMS 0x0000000083200000, 0x0000000083100000| Untracked 
|  18|0x0000000083200000, 0x0000000083300000, 0x0000000083300000|100%| O|  |TAMS 0x0000000083300000, 0x0000000083200000| Untracked 
|  19|0x0000000083300000, 0x0000000083400000, 0x0000000083400000|100%| O|  |TAMS 0x0000000083400000, 0x0000000083300000| Untracked 
|  20|0x0000000083400000, 0x0000000083500000, 0x0000000083500000|100%| O|  |TAMS 0x0000000083500000, 0x0000000083400000| Untracked 
|  21|0x0000000083500000, 0x0000000083600000, 0x0000000083600000|100%| O|  |TAMS 0x0000000083600000, 0x0000000083500000| Untracked 
|  22|0x0000000083600000, 0x0000000083700000, 0x0000000083700000|100%| O|  |TAMS 0x0000000083610000, 0x0000000083600000| Untracked 
|  23|0x0000000083700000, 0x0000000083800000, 0x0000000083800000|100%| O|  |TAMS 0x0000000083700000, 0x0000000083700000| Untracked 
|  24|0x0000000083800000, 0x0000000083813600, 0x0000000083900000|  7%| O|  |TAMS 0x0000000083800000, 0x0000000083800000| Untracked 
|  25|0x0000000083900000, 0x0000000083900000, 0x0000000083a00000|  0%| F|  |TAMS 0x0000000083900000, 0x0000000083900000| Untracked 
|  26|0x0000000083a00000, 0x0000000083a00000, 0x0000000083b00000|  0%| F|  |TAMS 0x0000000083a00000, 0x0000000083a00000| Untracked 
|  27|0x0000000083b00000, 0x0000000083b00000, 0x0000000083c00000|  0%| F|  |TAMS 0x0000000083b00000, 0x0000000083b00000| Untracked 
|  28|0x0000000083c00000, 0x0000000083c00000, 0x0000000083d00000|  0%| F|  |TAMS 0x0000000083c00000, 0x0000000083c00000| Untracked 
|  29|0x0000000083d00000, 0x0000000083d00000, 0x0000000083e00000|  0%| F|  |TAMS 0x0000000083d00000, 0x0000000083d00000| Untracked 
|  30|0x0000000083e00000, 0x0000000083e00000, 0x0000000083f00000|  0%| F|  |TAMS 0x0000000083e00000, 0x0000000083e00000| Untracked 
|  31|0x0000000083f00000, 0x0000000083f00000, 0x0000000084000000|  0%| F|  |TAMS 0x0000000083f00000, 0x0000000083f00000| Untracked 
|  32|0x0000000084000000, 0x0000000084000000, 0x0000000084100000|  0%| F|  |TAMS 0x0000000084000000, 0x0000000084000000| Untracked 
|  33|0x0000000084100000, 0x0000000084100000, 0x0000000084200000|  0%| F|  |TAMS 0x0000000084100000, 0x0000000084100000| Untracked 
|  34|0x0000000084200000, 0x0000000084200000, 0x0000000084300000|  0%| F|  |TAMS 0x0000000084200000, 0x0000000084200000| Untracked 
|  35|0x0000000084300000, 0x0000000084300000, 0x0000000084400000|  0%| F|  |TAMS 0x0000000084300000, 0x0000000084300000| Untracked 
|  36|0x0000000084400000, 0x0000000084400000, 0x0000000084500000|  0%| F|  |TAMS 0x0000000084400000, 0x0000000084400000| Untracked 
|  37|0x0000000084500000, 0x0000000084500000, 0x0000000084600000|  0%| F|  |TAMS 0x0000000084500000, 0x0000000084500000| Untracked 
|  38|0x0000000084600000, 0x0000000084600000, 0x0000000084700000|  0%| F|  |TAMS 0x0000000084600000, 0x0000000084600000| Untracked 
|  39|0x0000000084700000, 0x0000000084700000, 0x0000000084800000|  0%| F|  |TAMS 0x0000000084700000, 0x0000000084700000| Untracked 
|  40|0x0000000084800000, 0x0000000084800000, 0x0000000084900000|  0%| F|  |TAMS 0x0000000084800000, 0x0000000084800000| Untracked 
|  41|0x0000000084900000, 0x0000000084900000, 0x0000000084a00000|  0%| F|  |TAMS 0x0000000084900000, 0x0000000084900000| Untracked 
|  42|0x0000000084a00000, 0x0000000084a00000, 0x0000000084b00000|  0%| F|  |TAMS 0x0000000084a00000, 0x0000000084a00000| Untracked 
|  43|0x0000000084b00000, 0x0000000084b00000, 0x0000000084c00000|  0%| F|  |TAMS 0x0000000084b00000, 0x0000000084b00000| Untracked 
|  44|0x0000000084c00000, 0x0000000084c00000, 0x0000000084d00000|  0%| F|  |TAMS 0x0000000084c00000, 0x0000000084c00000| Untracked 
|  45|0x0000000084d00000, 0x0000000084d00000, 0x0000000084e00000|  0%| F|  |TAMS 0x0000000084d00000, 0x0000000084d00000| Untracked 
|  46|0x0000000084e00000, 0x0000000084e00000, 0x0000000084f00000|  0%| F|  |TAMS 0x0000000084e00000, 0x0000000084e00000| Untracked 
|  47|0x0000000084f00000, 0x0000000084f00000, 0x0000000085000000|  0%| F|  |TAMS 0x0000000084f00000, 0x0000000084f00000| Untracked 
|  48|0x0000000085000000, 0x0000000085000000, 0x0000000085100000|  0%| F|  |TAMS 0x0000000085000000, 0x0000000085000000| Untracked 
|  49|0x0000000085100000, 0x0000000085100000, 0x0000000085200000|  0%| F|  |TAMS 0x0000000085100000, 0x0000000085100000| Untracked 
|  50|0x0000000085200000, 0x0000000085200000, 0x0000000085300000|  0%| F|  |TAMS 0x0000000085200000, 0x0000000085200000| Untracked 
|  51|0x0000000085300000, 0x0000000085300000, 0x0000000085400000|  0%| F|  |TAMS 0x0000000085300000, 0x0000000085300000| Untracked 
|  52|0x0000000085400000, 0x0000000085400000, 0x0000000085500000|  0%| F|  |TAMS 0x0000000085400000, 0x0000000085400000| Untracked 
|  53|0x0000000085500000, 0x0000000085581150, 0x0000000085600000| 50%| S|CS|TAMS 0x0000000085500000, 0x0000000085500000| Complete 
|  54|0x0000000085600000, 0x0000000085700000, 0x0000000085700000|100%| S|CS|TAMS 0x0000000085600000, 0x0000000085600000| Complete 
|  55|0x0000000085700000, 0x0000000085800000, 0x0000000085800000|100%| S|CS|TAMS 0x0000000085700000, 0x0000000085700000| Complete 
|  56|0x0000000085800000, 0x0000000085900000, 0x0000000085900000|100%| S|CS|TAMS 0x0000000085800000, 0x0000000085800000| Complete 
|  57|0x0000000085900000, 0x0000000085a00000, 0x0000000085a00000|100%| S|CS|TAMS 0x0000000085900000, 0x0000000085900000| Complete 
|  58|0x0000000085a00000, 0x0000000085b00000, 0x0000000085b00000|100%| S|CS|TAMS 0x0000000085a00000, 0x0000000085a00000| Complete 
|  59|0x0000000085b00000, 0x0000000085b00000, 0x0000000085c00000|  0%| F|  |TAMS 0x0000000085b00000, 0x0000000085b00000| Untracked 
|  60|0x0000000085c00000, 0x0000000085c00000, 0x0000000085d00000|  0%| F|  |TAMS 0x0000000085c00000, 0x0000000085c00000| Untracked 
|  61|0x0000000085d00000, 0x0000000085d00000, 0x0000000085e00000|  0%| F|  |TAMS 0x0000000085d00000, 0x0000000085d00000| Untracked 
|  62|0x0000000085e00000, 0x0000000085e00000, 0x0000000085f00000|  0%| F|  |TAMS 0x0000000085e00000, 0x0000000085e00000| Untracked 
|  63|0x0000000085f00000, 0x0000000085f00000, 0x0000000086000000|  0%| F|  |TAMS 0x0000000085f00000, 0x0000000085f00000| Untracked 
|  64|0x0000000086000000, 0x0000000086100000, 0x0000000086100000|100%| S|CS|TAMS 0x0000000086000000, 0x0000000086000000| Complete 
|  65|0x0000000086100000, 0x0000000086100000, 0x0000000086200000|  0%| F|  |TAMS 0x0000000086100000, 0x0000000086100000| Untracked 
|  66|0x0000000086200000, 0x0000000086200000, 0x0000000086300000|  0%| F|  |TAMS 0x0000000086200000, 0x0000000086200000| Untracked 
|  67|0x0000000086300000, 0x0000000086300000, 0x0000000086400000|  0%| F|  |TAMS 0x0000000086300000, 0x0000000086300000| Untracked 
|  68|0x0000000086400000, 0x0000000086400000, 0x0000000086500000|  0%| F|  |TAMS 0x0000000086400000, 0x0000000086400000| Untracked 
|  69|0x0000000086500000, 0x0000000086500000, 0x0000000086600000|  0%| F|  |TAMS 0x0000000086500000, 0x0000000086500000| Untracked 
|  70|0x0000000086600000, 0x0000000086600000, 0x0000000086700000|  0%| F|  |TAMS 0x0000000086600000, 0x0000000086600000| Untracked 
|  71|0x0000000086700000, 0x0000000086700000, 0x0000000086800000|  0%| F|  |TAMS 0x0000000086700000, 0x0000000086700000| Untracked 
|  72|0x0000000086800000, 0x0000000086800000, 0x0000000086900000|  0%| F|  |TAMS 0x0000000086800000, 0x0000000086800000| Untracked 
|  73|0x0000000086900000, 0x0000000086900000, 0x0000000086a00000|  0%| F|  |TAMS 0x0000000086900000, 0x0000000086900000| Untracked 
|  74|0x0000000086a00000, 0x0000000086a00000, 0x0000000086b00000|  0%| F|  |TAMS 0x0000000086a00000, 0x0000000086a00000| Untracked 
|  75|0x0000000086b00000, 0x0000000086b00000, 0x0000000086c00000|  0%| F|  |TAMS 0x0000000086b00000, 0x0000000086b00000| Untracked 
|  76|0x0000000086c00000, 0x0000000086c00000, 0x0000000086d00000|  0%| F|  |TAMS 0x0000000086c00000, 0x0000000086c00000| Untracked 
|  77|0x0000000086d00000, 0x0000000086db62a8, 0x0000000086e00000| 71%| E|  |TAMS 0x0000000086d00000, 0x0000000086d00000| Complete 
|  78|0x0000000086e00000, 0x0000000086f00000, 0x0000000086f00000|100%| E|CS|TAMS 0x0000000086e00000, 0x0000000086e00000| Complete 
|  79|0x0000000086f00000, 0x0000000087000000, 0x0000000087000000|100%| E|CS|TAMS 0x0000000086f00000, 0x0000000086f00000| Complete 
|  80|0x0000000087000000, 0x0000000087100000, 0x0000000087100000|100%| E|CS|TAMS 0x0000000087000000, 0x0000000087000000| Complete 
|  81|0x0000000087100000, 0x0000000087200000, 0x0000000087200000|100%| E|CS|TAMS 0x0000000087100000, 0x0000000087100000| Complete 
|  82|0x0000000087200000, 0x0000000087300000, 0x0000000087300000|100%| E|CS|TAMS 0x0000000087200000, 0x0000000087200000| Complete 
|  83|0x0000000087300000, 0x0000000087400000, 0x0000000087400000|100%| E|CS|TAMS 0x0000000087300000, 0x0000000087300000| Complete 
|  84|0x0000000087400000, 0x0000000087500000, 0x0000000087500000|100%| E|CS|TAMS 0x0000000087400000, 0x0000000087400000| Complete 
|  85|0x0000000087500000, 0x0000000087600000, 0x0000000087600000|100%| E|CS|TAMS 0x0000000087500000, 0x0000000087500000| Complete 
|  86|0x0000000087600000, 0x0000000087700000, 0x0000000087700000|100%| E|CS|TAMS 0x0000000087600000, 0x0000000087600000| Complete 
|  87|0x0000000087700000, 0x0000000087800000, 0x0000000087800000|100%| E|CS|TAMS 0x0000000087700000, 0x0000000087700000| Complete 
|  88|0x0000000087800000, 0x0000000087900000, 0x0000000087900000|100%| E|CS|TAMS 0x0000000087800000, 0x0000000087800000| Complete 
|  89|0x0000000087900000, 0x0000000087a00000, 0x0000000087a00000|100%| E|CS|TAMS 0x0000000087900000, 0x0000000087900000| Complete 
|  90|0x0000000087a00000, 0x0000000087b00000, 0x0000000087b00000|100%| E|CS|TAMS 0x0000000087a00000, 0x0000000087a00000| Complete 
|  91|0x0000000087b00000, 0x0000000087c00000, 0x0000000087c00000|100%| E|CS|TAMS 0x0000000087b00000, 0x0000000087b00000| Complete 
|  92|0x0000000087c00000, 0x0000000087d00000, 0x0000000087d00000|100%| E|CS|TAMS 0x0000000087c00000, 0x0000000087c00000| Complete 
|  93|0x0000000087d00000, 0x0000000087e00000, 0x0000000087e00000|100%| E|CS|TAMS 0x0000000087d00000, 0x0000000087d00000| Complete 
|  94|0x0000000087e00000, 0x0000000087f00000, 0x0000000087f00000|100%| E|CS|TAMS 0x0000000087e00000, 0x0000000087e00000| Complete 
|  95|0x0000000087f00000, 0x0000000088000000, 0x0000000088000000|100%| E|CS|TAMS 0x0000000087f00000, 0x0000000087f00000| Complete 
|  96|0x0000000088000000, 0x0000000088100000, 0x0000000088100000|100%| E|CS|TAMS 0x0000000088000000, 0x0000000088000000| Complete 
|  97|0x0000000088100000, 0x0000000088200000, 0x0000000088200000|100%| E|CS|TAMS 0x0000000088100000, 0x0000000088100000| Complete 
|  98|0x0000000088200000, 0x0000000088300000, 0x0000000088300000|100%| E|CS|TAMS 0x0000000088200000, 0x0000000088200000| Complete 
|  99|0x0000000088300000, 0x0000000088400000, 0x0000000088400000|100%| E|CS|TAMS 0x0000000088300000, 0x0000000088300000| Complete 
| 100|0x0000000088400000, 0x0000000088500000, 0x0000000088500000|100%| E|CS|TAMS 0x0000000088400000, 0x0000000088400000| Complete 
| 101|0x0000000088500000, 0x0000000088600000, 0x0000000088600000|100%| E|CS|TAMS 0x0000000088500000, 0x0000000088500000| Complete 
| 102|0x0000000088600000, 0x0000000088700000, 0x0000000088700000|100%| E|CS|TAMS 0x0000000088600000, 0x0000000088600000| Complete 
| 103|0x0000000088700000, 0x0000000088800000, 0x0000000088800000|100%| E|CS|TAMS 0x0000000088700000, 0x0000000088700000| Complete 
| 104|0x0000000088800000, 0x0000000088900000, 0x0000000088900000|100%| E|CS|TAMS 0x0000000088800000, 0x0000000088800000| Complete 
| 105|0x0000000088900000, 0x0000000088a00000, 0x0000000088a00000|100%| E|CS|TAMS 0x0000000088900000, 0x0000000088900000| Complete 
| 106|0x0000000088a00000, 0x0000000088b00000, 0x0000000088b00000|100%| E|CS|TAMS 0x0000000088a00000, 0x0000000088a00000| Complete 
| 107|0x0000000088b00000, 0x0000000088c00000, 0x0000000088c00000|100%| E|CS|TAMS 0x0000000088b00000, 0x0000000088b00000| Complete 
| 108|0x0000000088c00000, 0x0000000088d00000, 0x0000000088d00000|100%| E|CS|TAMS 0x0000000088c00000, 0x0000000088c00000| Complete 
| 109|0x0000000088d00000, 0x0000000088e00000, 0x0000000088e00000|100%| E|CS|TAMS 0x0000000088d00000, 0x0000000088d00000| Complete 
| 110|0x0000000088e00000, 0x0000000088f00000, 0x0000000088f00000|100%| E|CS|TAMS 0x0000000088e00000, 0x0000000088e00000| Complete 
| 111|0x0000000088f00000, 0x0000000089000000, 0x0000000089000000|100%| E|CS|TAMS 0x0000000088f00000, 0x0000000088f00000| Complete 
| 112|0x0000000089000000, 0x0000000089100000, 0x0000000089100000|100%| E|CS|TAMS 0x0000000089000000, 0x0000000089000000| Complete 
| 113|0x0000000089100000, 0x0000000089200000, 0x0000000089200000|100%| E|CS|TAMS 0x0000000089100000, 0x0000000089100000| Complete 
| 114|0x0000000089200000, 0x0000000089300000, 0x0000000089300000|100%| E|CS|TAMS 0x0000000089200000, 0x0000000089200000| Complete 
| 115|0x0000000089300000, 0x0000000089400000, 0x0000000089400000|100%| E|CS|TAMS 0x0000000089300000, 0x0000000089300000| Complete 
| 116|0x0000000089400000, 0x0000000089500000, 0x0000000089500000|100%| E|CS|TAMS 0x0000000089400000, 0x0000000089400000| Complete 
| 117|0x0000000089500000, 0x0000000089600000, 0x0000000089600000|100%| E|CS|TAMS 0x0000000089500000, 0x0000000089500000| Complete 
| 118|0x0000000089600000, 0x0000000089700000, 0x0000000089700000|100%| E|CS|TAMS 0x0000000089600000, 0x0000000089600000| Complete 
| 119|0x0000000089700000, 0x0000000089800000, 0x0000000089800000|100%| E|CS|TAMS 0x0000000089700000, 0x0000000089700000| Complete 
| 120|0x0000000089800000, 0x0000000089900000, 0x0000000089900000|100%| E|CS|TAMS 0x0000000089800000, 0x0000000089800000| Complete 
| 121|0x0000000089900000, 0x0000000089a00000, 0x0000000089a00000|100%| E|CS|TAMS 0x0000000089900000, 0x0000000089900000| Complete 
| 122|0x0000000089a00000, 0x0000000089b00000, 0x0000000089b00000|100%| E|CS|TAMS 0x0000000089a00000, 0x0000000089a00000| Complete 
| 123|0x0000000089b00000, 0x0000000089c00000, 0x0000000089c00000|100%| E|CS|TAMS 0x0000000089b00000, 0x0000000089b00000| Complete 
| 124|0x0000000089c00000, 0x0000000089d00000, 0x0000000089d00000|100%| E|CS|TAMS 0x0000000089c00000, 0x0000000089c00000| Complete 
| 125|0x0000000089d00000, 0x0000000089e00000, 0x0000000089e00000|100%| E|CS|TAMS 0x0000000089d00000, 0x0000000089d00000| Complete 

Card table byte_map: [0x000001fdbc5b0000,0x000001fdbc9a0000] _byte_map_base: 0x000001fdbc1a0000

Marking Bits (Prev, Next): (CMBitMap*) 0x000001fda28171c8, (CMBitMap*) 0x000001fda2817200
 Prev Bits: [0x000001fdbcd90000, 0x000001fdbed10000)
 Next Bits: [0x000001fdbed10000, 0x000001fdc0c90000)

Polling page: 0x000001fda2650000

Metaspace:

Usage:
  Non-class:     46.86 MB capacity,    46.02 MB ( 98%) used,   676.72 KB (  1%) free+waste,   179.88 KB ( <1%) overhead. 
      Class:      6.49 MB capacity,     5.92 MB ( 91%) used,   507.99 KB (  8%) free+waste,    84.81 KB (  1%) overhead. 
       Both:     53.36 MB capacity,    51.94 MB ( 97%) used,     1.16 MB (  2%) free+waste,   264.69 KB ( <1%) overhead. 

Virtual space:
  Non-class space:       48.00 MB reserved,      47.17 MB ( 98%) committed 
      Class space:        1.00 GB reserved,       6.50 MB ( <1%) committed 
             Both:        1.05 GB reserved,      53.67 MB (  5%) committed 

Chunk freelists:
   Non-Class:  62.00 KB
       Class:  6.00 KB
        Both:  68.00 KB

MaxMetaspaceSize: 17179869184.00 GB
CompressedClassSpaceSize: 1.00 GB
Initial GC threshold: 20.80 MB
Current GC threshold: 58.83 MB
CDS: off

CodeHeap 'non-profiled nmethods': size=120000Kb used=3411Kb max_used=3411Kb free=116588Kb
 bounds [0x000001fdb4230000, 0x000001fdb4590000, 0x000001fdbb760000]
CodeHeap 'profiled nmethods': size=120000Kb used=11468Kb max_used=11468Kb free=108531Kb
 bounds [0x000001fdacd00000, 0x000001fdad840000, 0x000001fdb4230000]
CodeHeap 'non-nmethods': size=5760Kb used=1292Kb max_used=1325Kb free=4468Kb
 bounds [0x000001fdac760000, 0x000001fdac9d0000, 0x000001fdacd00000]
 total_blobs=5836 nmethods=5251 adapters=497
 compilation: enabled
              stopped_count=0, restarted_count=0
 full_count=0

Compilation events (20 events):
Event: 134.534 Thread 0x000001fdc4018800 nmethod 5276 0x000001fdad822890 code [0x000001fdad822a40, 0x000001fdad822b38]
Event: 134.545 Thread 0x000001fdc37ae800 5277 %     4       java.util.Properties$LineReader::readLine @ 293 (635 bytes)
Event: 134.549 Thread 0x000001fdc4018800 5278       3       java.util.ResourceBundle$KeyElementReference::<init> (12 bytes)
Event: 134.549 Thread 0x000001fdc4018800 nmethod 5278 0x000001fdad822b90 code [0x000001fdad822d60, 0x000001fdad8230f8]
Event: 134.554 Thread 0x000001fdc4018800 5279       1       ch.qos.logback.core.pattern.Converter::getNext (5 bytes)
Event: 134.554 Thread 0x000001fdc4018800 nmethod 5279 0x000001fdb4580d10 code [0x000001fdb4580ec0, 0x000001fdb4580f78]
Event: 134.554 Thread 0x000001fdc4018800 5280       3       org.springframework.context.support.AbstractApplicationContext::assertBeanFactoryActive (81 bytes)
Event: 134.555 Thread 0x000001fdc4018800 nmethod 5280 0x000001fdad823210 code [0x000001fdad823540, 0x000001fdad8247b8]
Event: 134.555 Thread 0x000001fdc4018800 5281       3       org.springframework.core.annotation.AnnotationAwareOrderComparator::findOrder (18 bytes)
Event: 134.555 Thread 0x000001fdc4018800 nmethod 5281 0x000001fdad824d90 code [0x000001fdad824fa0, 0x000001fdad8254e8]
Event: 134.561 Thread 0x000001fdc4018800 5283       1       org.apache.tomcat.util.http.MimeHeaderField::getName (5 bytes)
Event: 134.562 Thread 0x000001fdc4018800 nmethod 5283 0x000001fdb4581010 code [0x000001fdb45811c0, 0x000001fdb4581278]
Event: 134.579 Thread 0x000001fdc37ae800 nmethod 5277% 0x000001fdb4581310 code [0x000001fdb4581560, 0x000001fdb45828a0]
Event: 134.579 Thread 0x000001fdc37ae800 5282       4       org.springframework.core.annotation.TypeMappedAnnotations$MergedAnnotationFinder::doWithAnnotations (10 bytes)
Event: 134.582 Thread 0x000001fdc4018800 5285       3       org.springframework.util.ReflectionUtils::makeAccessible (36 bytes)
Event: 134.582 Thread 0x000001fdc4018800 nmethod 5285 0x000001fdad825690 code [0x000001fdad8258e0, 0x000001fdad826158]
Event: 134.602 Thread 0x000001fdc4018800 5286       1       org.springframework.util.MimeType::getType (5 bytes)
Event: 134.602 Thread 0x000001fdc4018800 nmethod 5286 0x000001fdb4583510 code [0x000001fdb45836c0, 0x000001fdb4583778]
Event: 134.607 Thread 0x000001fdc4018800 5288       3       java.util.concurrent.ConcurrentHashMap::size (31 bytes)
Event: 134.608 Thread 0x000001fdc4018800 nmethod 5288 0x000001fdad826410 code [0x000001fdad8265e0, 0x000001fdad8267e8]

GC Heap History (14 events):
Event: 1.445 GC heap before
{Heap before GC invocations=0 (full 0):
 garbage-first heap   total 129024K, used 33792K [0x0000000082000000, 0x0000000100000000)
  region size 1024K, 24 young (24576K), 0 survivors (0K)
 Metaspace       used 12036K, capacity 12181K, committed 12416K, reserved 1060864K
  class space    used 1080K, capacity 1143K, committed 1152K, reserved 1048576K
}
Event: 1.457 GC heap after
{Heap after GC invocations=1 (full 0):
 garbage-first heap   total 129024K, used 16842K [0x0000000082000000, 0x0000000100000000)
  region size 1024K, 3 young (3072K), 3 survivors (3072K)
 Metaspace       used 12036K, capacity 12181K, committed 12416K, reserved 1060864K
  class space    used 1080K, capacity 1143K, committed 1152K, reserved 1048576K
}
Event: 4.411 GC heap before
{Heap before GC invocations=1 (full 0):
 garbage-first heap   total 129024K, used 90570K [0x0000000082000000, 0x0000000100000000)
  region size 1024K, 75 young (76800K), 3 survivors (3072K)
 Metaspace       used 20826K, capacity 21125K, committed 21296K, reserved 1069056K
  class space    used 2018K, capacity 2120K, committed 2176K, reserved 1048576K
}
Event: 4.426 GC heap after
{Heap after GC invocations=2 (full 0):
 garbage-first heap   total 129024K, used 22540K [0x0000000082000000, 0x0000000100000000)
  region size 1024K, 9 young (9216K), 9 survivors (9216K)
 Metaspace       used 20826K, capacity 21125K, committed 21296K, reserved 1069056K
  class space    used 2018K, capacity 2120K, committed 2176K, reserved 1048576K
}
Event: 4.456 GC heap before
{Heap before GC invocations=2 (full 0):
 garbage-first heap   total 129024K, used 22540K [0x0000000082000000, 0x0000000100000000)
  region size 1024K, 10 young (10240K), 9 survivors (9216K)
 Metaspace       used 20941K, capacity 21221K, committed 21296K, reserved 1069056K
  class space    used 2027K, capacity 2152K, committed 2176K, reserved 1048576K
}
Event: 4.473 GC heap after
{Heap after GC invocations=3 (full 0):
 garbage-first heap   total 129024K, used 23316K [0x0000000082000000, 0x0000000100000000)
  region size 1024K, 1 young (1024K), 1 survivors (1024K)
 Metaspace       used 20941K, capacity 21221K, committed 21296K, reserved 1069056K
  class space    used 2027K, capacity 2152K, committed 2176K, reserved 1048576K
}
Event: 6.470 GC heap before
{Heap before GC invocations=4 (full 0):
 garbage-first heap   total 129024K, used 74516K [0x0000000082000000, 0x0000000100000000)
  region size 1024K, 52 young (53248K), 1 survivors (1024K)
 Metaspace       used 29710K, capacity 30414K, committed 30640K, reserved 1077248K
  class space    used 3213K, capacity 3489K, committed 3584K, reserved 1048576K
}
Event: 6.478 GC heap after
{Heap after GC invocations=5 (full 0):
 garbage-first heap   total 129024K, used 24963K [0x0000000082000000, 0x0000000100000000)
  region size 1024K, 3 young (3072K), 3 survivors (3072K)
 Metaspace       used 29710K, capacity 30414K, committed 30640K, reserved 1077248K
  class space    used 3213K, capacity 3489K, committed 3584K, reserved 1048576K
}
Event: 7.146 GC heap before
{Heap before GC invocations=5 (full 0):
 garbage-first heap   total 129024K, used 58755K [0x0000000082000000, 0x0000000100000000)
  region size 1024K, 37 young (37888K), 3 survivors (3072K)
 Metaspace       used 35008K, capacity 35725K, committed 35888K, reserved 1081344K
  class space    used 3820K, capacity 4108K, committed 4224K, reserved 1048576K
}
Event: 7.156 GC heap after
{Heap after GC invocations=6 (full 0):
 garbage-first heap   total 129024K, used 25810K [0x0000000082000000, 0x0000000100000000)
  region size 1024K, 4 young (4096K), 4 survivors (4096K)
 Metaspace       used 35008K, capacity 35725K, committed 35888K, reserved 1081344K
  class space    used 3820K, capacity 4108K, committed 4224K, reserved 1048576K
}
Event: 9.125 GC heap before
{Heap before GC invocations=7 (full 0):
 garbage-first heap   total 129024K, used 85202K [0x0000000082000000, 0x0000000100000000)
  region size 1024K, 62 young (63488K), 4 survivors (4096K)
 Metaspace       used 39925K, capacity 40751K, committed 40880K, reserved 1085440K
  class space    used 4441K, capacity 4793K, committed 4864K, reserved 1048576K
}
Event: 9.134 GC heap after
{Heap after GC invocations=8 (full 0):
 garbage-first heap   total 129024K, used 27604K [0x0000000082000000, 0x0000000100000000)
  region size 1024K, 5 young (5120K), 5 survivors (5120K)
 Metaspace       used 39925K, capacity 40751K, committed 40880K, reserved 1085440K
  class space    used 4441K, capacity 4793K, committed 4864K, reserved 1048576K
}
Event: 12.287 GC heap before
{Heap before GC invocations=8 (full 0):
 garbage-first heap   total 129024K, used 90068K [0x0000000082000000, 0x0000000100000000)
  region size 1024K, 66 young (67584K), 5 survivors (5120K)
 Metaspace       used 47235K, capacity 48452K, committed 48560K, reserved 1091584K
  class space    used 5355K, capacity 5862K, committed 5888K, reserved 1048576K
}
Event: 12.300 GC heap after
{Heap after GC invocations=9 (full 0):
 garbage-first heap   total 129024K, used 31313K [0x0000000082000000, 0x0000000100000000)
  region size 1024K, 7 young (7168K), 7 survivors (7168K)
 Metaspace       used 47235K, capacity 48452K, committed 48560K, reserved 1091584K
  class space    used 5355K, capacity 5862K, committed 5888K, reserved 1048576K
}

Deoptimization events (20 events):
Event: 12.306 Thread 0x000001fda27d4000 DEOPT PACKING pc=0x000001fdb44b2cd8 sp=0x0000002bc66fdae0
Event: 12.306 Thread 0x000001fda27d4000 DEOPT UNPACKING pc=0x000001fdac7aa1af sp=0x0000002bc66fdb20 mode 2
Event: 12.968 Thread 0x000001fda27d4000 Uncommon trap: trap_request=0xffffff4d fr.pc=0x000001fdb44e7ec8 relative=0x00000000000001e8
Event: 12.968 Thread 0x000001fda27d4000 Uncommon trap: reason=unstable_if action=reinterpret pc=0x000001fdb44e7ec8 method=java.lang.PublicMethods$MethodList.filter([Ljava/lang/reflect/Method;Ljava/lang/String;[Ljava/lang/Class;Z)Ljava/lang/PublicMethods$MethodList; @ 43 c2
Event: 12.968 Thread 0x000001fda27d4000 DEOPT PACKING pc=0x000001fdb44e7ec8 sp=0x0000002bc66fd410
Event: 12.968 Thread 0x000001fda27d4000 DEOPT UNPACKING pc=0x000001fdac7aa1af sp=0x0000002bc66fd3d0 mode 2
Event: 13.399 Thread 0x000001fda27d4000 Uncommon trap: trap_request=0xffffff4d fr.pc=0x000001fdb449526c relative=0x00000000000009cc
Event: 13.399 Thread 0x000001fda27d4000 Uncommon trap: reason=unstable_if action=reinterpret pc=0x000001fdb449526c method=org.springframework.beans.factory.support.DefaultSingletonBeanRegistry.getSingleton(Ljava/lang/String;Z)Ljava/lang/Object; @ 39 c2
Event: 13.399 Thread 0x000001fda27d4000 DEOPT PACKING pc=0x000001fdb449526c sp=0x0000002bc66fdc00
Event: 13.399 Thread 0x000001fda27d4000 DEOPT UNPACKING pc=0x000001fdac7aa1af sp=0x0000002bc66fdb98 mode 2
Event: 13.840 Thread 0x000001fda27d4000 Uncommon trap: trap_request=0xfffffff4 fr.pc=0x000001fdb44d41d4 relative=0x0000000000000414
Event: 13.840 Thread 0x000001fda27d4000 Uncommon trap: reason=null_check action=make_not_entrant pc=0x000001fdb44d41d4 method=java.util.AbstractCollection.toArray([Ljava/lang/Object;)[Ljava/lang/Object; @ 116 c2
Event: 13.840 Thread 0x000001fda27d4000 DEOPT PACKING pc=0x000001fdb44d41d4 sp=0x0000002bc66f9ca0
Event: 13.840 Thread 0x000001fda27d4000 DEOPT UNPACKING pc=0x000001fdac7aa1af sp=0x0000002bc66f9c50 mode 2
Event: 14.124 Thread 0x000001fda27d4000 Uncommon trap: trap_request=0xffffff4d fr.pc=0x000001fdb445727c relative=0x000000000000005c
Event: 14.124 Thread 0x000001fda27d4000 Uncommon trap: reason=unstable_if action=reinterpret pc=0x000001fdb445727c method=org.springframework.util.ConcurrentReferenceHashMap$Segment.clear()V @ 7 c2
Event: 14.124 Thread 0x000001fda27d4000 DEOPT PACKING pc=0x000001fdb445727c sp=0x0000002bc66fe7a0
Event: 14.124 Thread 0x000001fda27d4000 DEOPT UNPACKING pc=0x000001fdac7aa1af sp=0x0000002bc66fe730 mode 2
Event: 24.295 Thread 0x000001fdc4e7c800 DEOPT PACKING pc=0x000001fdacf8d496 sp=0x0000002bc87fe780
Event: 24.295 Thread 0x000001fdc4e7c800 DEOPT UNPACKING pc=0x000001fdac7aa95e sp=0x0000002bc87fdc10 mode 0

Classes redefined (0 events):
No events

Internal exceptions (20 events):
Event: 12.435 Thread 0x000001fda27d4000 Exception <a 'java/lang/ClassNotFoundException'{0x0000000089acd608}: org/springframework/beans/factory/AwareCustomizer> (0x0000000089acd608) thrown at [s\src\hotspot\share\classfile\systemDictionary.cpp, line 230]
Event: 12.436 Thread 0x000001fda27d4000 Exception <a 'java/lang/ClassNotFoundException'{0x0000000089adeea8}: org/springframework/context/ApplicationContextAwareCustomizer> (0x0000000089adeea8) thrown at [s\src\hotspot\share\classfile\systemDictionary.cpp, line 230]
Event: 12.437 Thread 0x000001fda27d4000 Exception <a 'java/lang/ClassNotFoundException'{0x0000000089af00b8}: org/springframework/beans/factory/AwareCustomizer> (0x0000000089af00b8) thrown at [s\src\hotspot\share\classfile\systemDictionary.cpp, line 230]
Event: 12.438 Thread 0x000001fda27d4000 Exception <a 'java/lang/ClassNotFoundException'{0x0000000089901dc0}: org/springframework/web/context/ServletContextAwareCustomizer> (0x0000000089901dc0) thrown at [s\src\hotspot\share\classfile\systemDictionary.cpp, line 230]
Event: 12.440 Thread 0x000001fda27d4000 Exception <a 'java/lang/ClassNotFoundException'{0x0000000089912a98}: org/springframework/beans/factory/AwareCustomizer> (0x0000000089912a98) thrown at [s\src\hotspot\share\classfile\systemDictionary.cpp, line 230]
Event: 12.459 Thread 0x000001fda27d4000 Exception <a 'java/lang/NoSuchMethodError'{0x0000000089972be8}: 'void java.lang.invoke.DirectMethodHandle$Holder.invokeVirtual(java.lang.Object, java.lang.Object, java.lang.Object, java.lang.Object)'> (0x0000000089972be8) thrown at [s\src\hotspot\share\interpreter\linkResolver.cpp, line 773]
Event: 12.769 Thread 0x000001fda27d4000 Exception <a 'java/lang/NoSuchMethodError'{0x0000000089240e10}: 'void java.lang.invoke.DirectMethodHandle$Holder.invokeVirtual(java.lang.Object, java.lang.Object, int)'> (0x0000000089240e10) thrown at [s\src\hotspot\share\interpreter\linkResolver.cpp, line 773]
Event: 12.773 Thread 0x000001fda27d4000 Exception <a 'java/lang/NoSuchMethodError'{0x000000008925ac08}: 'void java.lang.invoke.DirectMethodHandle$Holder.invokeVirtual(java.lang.Object, java.lang.Object, long)'> (0x000000008925ac08) thrown at [s\src\hotspot\share\interpreter\linkResolver.cpp, line 773]
Event: 12.969 Thread 0x000001fda27d4000 Exception <a 'java/lang/NoSuchMethodError'{0x0000000088e83950}: 'java.lang.Object java.lang.invoke.DirectMethodHandle$Holder.newInvokeSpecial(java.lang.Object, java.lang.Object, java.lang.Object, java.lang.Object, java.lang.Object)'> (0x0000000088e83950) thrown at [s\src\hotspot\share\interpreter\linkResolver.cpp, line 773]
Event: 13.245 Thread 0x000001fda27d4000 Exception <a 'java/lang/IncompatibleClassChangeError'{0x0000000088adca00}: Found class java.lang.Object, but interface was expected> (0x0000000088adca00) thrown at [s\src\hotspot\share\interpreter\linkResolver.cpp, line 839]
Event: 13.383 Thread 0x000001fda27d4000 Exception <a 'java/lang/NoSuchMethodError'{0x00000000888b0498}: 'int java.lang.invoke.DirectMethodHandle$Holder.invokeStaticInit(java.lang.Object, java.lang.Object, java.lang.Object, java.lang.Object)'> (0x00000000888b0498) thrown at [s\src\hotspot\share\interpreter\linkResolver.cpp, line 773]
Event: 13.723 Thread 0x000001fda27d4000 Exception <a 'java/lang/IncompatibleClassChangeError'{0x00000000884c7c50}: Found class java.lang.Object, but interface was expected> (0x00000000884c7c50) thrown at [s\src\hotspot\share\interpreter\linkResolver.cpp, line 839]
Event: 13.840 Thread 0x000001fda27d4000 Implicit null exception at 0x000001fdb44d3fd9 to 0x000001fdb44d41c8
Event: 14.024 Thread 0x000001fda27d4000 Exception <a 'java/lang/NoSuchMethodError'{0x0000000088016938}: 'java.lang.Object java.lang.invoke.DirectMethodHandle$Holder.invokeSpecial(java.lang.Object, java.lang.Object, int, java.lang.Object, int, java.lang.Object)'> (0x0000000088016938) thrown at [s\src\hotspot\share\interpreter\linkResolver.cpp, line 773]
Event: 14.026 Thread 0x000001fda27d4000 Exception <a 'java/lang/NoSuchMethodError'{0x000000008801e0c8}: 'java.lang.Object java.lang.invoke.DirectMethodHandle$Holder.invokeStatic(java.lang.Object, java.lang.Object, int, java.lang.Object, int)'> (0x000000008801e0c8) thrown at [s\src\hotspot\share\interpreter\linkResolver.cpp, line 773]
Event: 14.028 Thread 0x000001fda27d4000 Exception <a 'java/lang/NoSuchMethodError'{0x00000000880218a8}: 'java.lang.Object java.lang.invoke.DirectMethodHandle$Holder.invokeSpecial(java.lang.Object, java.lang.Object, java.lang.Object, int, java.lang.Object, int)'> (0x00000000880218a8) thrown at [s\src\hotspot\share\interpreter\linkResolver.cpp, line 773]
Event: 14.033 Thread 0x000001fda27d4000 Exception <a 'java/lang/NoSuchMethodError'{0x0000000088030550}: 'void java.lang.invoke.DirectMethodHandle$Holder.invokeVirtual(java.lang.Object, java.lang.Object)'> (0x0000000088030550) thrown at [s\src\hotspot\share\interpreter\linkResolver.cpp, line 773]
Event: 15.056 Thread 0x000001fdc4e86800 Exception <a 'java/lang/NoSuchMethodError'{0x0000000087d6e708}: 'java.lang.Object java.lang.invoke.DirectMethodHandle$Holder.invokeStatic(java.lang.Object, java.lang.Object, java.lang.Object, java.lang.Object, java.lang.Object, java.lang.Object, java.lang.Object, java.lang.Object, java.lang.Object, java.lang.Object, java.lang.Object, java.lang.Object, java.lang.Object, int)'> (0x0000000087d6e708) thrown at [s\src\hotspot\share\interpreter\linkResolver.cpp, line 773]
Event: 15.058 Thread 0x000001fdc4e86800 Exception <a 'java/lang/NoSuchMethodError'{0x0000000087d7b1e8}: 'java.lang.Object java.lang.invoke.DirectMethodHandle$Holder.invokeStatic(java.lang.Object, java.lang.Object, java.lang.Object, java.lang.Object, java.lang.Object, java.lang.Object, java.lang.Object, java.lang.Object, java.lang.Object, java.lang.Object, java.lang.Object, java.lang.Object, java.lang.Object, int, int)'> (0x0000000087d7b1e8) thrown at [s\src\hotspot\share\interpreter\linkResolver.cpp, line 773]
Event: 15.062 Thread 0x000001fdc4e86800 Exception <a 'java/lang/NoSuchMethodError'{0x0000000087d87a68}: 'java.lang.Object java.lang.invoke.DirectMethodHandle$Holder.invokeStatic(java.lang.Object, java.lang.Object, java.lang.Object, java.lang.Object, java.lang.Object, java.lang.Object, java.lang.Object, java.lang.Object, java.lang.Object, java.lang.Object, java.lang.Object, java.lang.Object, java.lang.Object, int, int, java.lang.Object)'> (0x0000000087d87a68) thrown at [s\src\hotspot\share\interpreter\linkResolver.cpp, line 773]

Events (20 events):
Event: 134.642 loading class org/thymeleaf/standard/processor/StandardAssertTagProcessor
Event: 134.642 loading class org/thymeleaf/standard/processor/StandardAssertTagProcessor done
Event: 134.643 loading class org/thymeleaf/standard/processor/AbstractStandardAssertionTagProcessor
Event: 134.643 loading class org/thymeleaf/standard/processor/AbstractStandardAssertionTagProcessor done
Event: 134.643 loading class org/thymeleaf/exceptions/TemplateAssertionException
Event: 134.643 loading class org/thymeleaf/exceptions/TemplateAssertionException done
Event: 134.644 loading class org/thymeleaf/standard/processor/StandardAttrTagProcessor
Event: 134.644 loading class org/thymeleaf/standard/processor/StandardAttrTagProcessor done
Event: 134.644 loading class org/thymeleaf/standard/processor/AbstractStandardMultipleAttributeModifierTagProcessor
Event: 134.644 loading class org/thymeleaf/standard/processor/AbstractStandardMultipleAttributeModifierTagProcessor done
Event: 134.645 loading class org/thymeleaf/standard/processor/AbstractStandardMultipleAttributeModifierTagProcessor$ModificationType
Event: 134.645 loading class org/thymeleaf/standard/processor/AbstractStandardMultipleAttributeModifierTagProcessor$ModificationType done
Event: 134.646 loading class org/thymeleaf/standard/processor/StandardAttrappendTagProcessor
Event: 134.646 loading class org/thymeleaf/standard/processor/StandardAttrappendTagProcessor done
Event: 134.647 loading class org/thymeleaf/standard/processor/StandardAttrprependTagProcessor
Event: 134.647 loading class org/thymeleaf/standard/processor/StandardAttrprependTagProcessor done
Event: 134.647 loading class org/thymeleaf/standard/processor/StandardCaseTagProcessor
Event: 134.647 loading class org/thymeleaf/standard/processor/StandardCaseTagProcessor done
Event: 134.648 loading class org/thymeleaf/standard/processor/AbstractStandardConditionalVisibilityTagProcessor
Event: 134.648 loading class org/thymeleaf/standard/processor/AbstractStandardConditionalVisibilityTagProcessor done


Dynamic libraries:
0x00007ff6ae170000 - 0x00007ff6ae17e000 	C:\Users\marko\.gradle\jdks\adoptium-11-x64-hotspot-windows\bin\java.exe
0x00007ffd5a070000 - 0x00007ffd5a268000 	C:\WINDOWS\SYSTEM32\ntdll.dll
0x00007ffd58630000 - 0x00007ffd586ed000 	C:\WINDOWS\System32\KERNEL32.DLL
0x00007ffd57d00000 - 0x00007ffd57ff6000 	C:\WINDOWS\System32\KERNELBASE.dll
0x00007ffd57720000 - 0x00007ffd57820000 	C:\WINDOWS\System32\ucrtbase.dll
0x00007ffd4a350000 - 0x00007ffd4a367000 	C:\Users\marko\.gradle\jdks\adoptium-11-x64-hotspot-windows\bin\jli.dll
0x00007ffd50ba0000 - 0x00007ffd50bbb000 	C:\Users\marko\.gradle\jdks\adoptium-11-x64-hotspot-windows\bin\VCRUNTIME140.dll
0x00007ffd58280000 - 0x00007ffd5841f000 	C:\WINDOWS\System32\USER32.dll
0x00007ffd41610000 - 0x00007ffd418aa000 	C:\WINDOWS\WinSxS\amd64_microsoft.windows.common-controls_6595b64144ccf1df_6.0.19041.3636_none_60b6a03d71f818d5\COMCTL32.dll
0x00007ffd578d0000 - 0x00007ffd578f2000 	C:\WINDOWS\System32\win32u.dll
0x00007ffd580a0000 - 0x00007ffd5813e000 	C:\WINDOWS\System32\msvcrt.dll
0x00007ffd5a000000 - 0x00007ffd5a02b000 	C:\WINDOWS\System32\GDI32.dll
0x00007ffd579e0000 - 0x00007ffd57af7000 	C:\WINDOWS\System32\gdi32full.dll
0x00007ffd58000000 - 0x00007ffd5809d000 	C:\WINDOWS\System32\msvcp_win.dll
0x00007ffd59f30000 - 0x00007ffd59f62000 	C:\WINDOWS\System32\IMM32.DLL
0x00007ffd52c20000 - 0x00007ffd52c2c000 	C:\Users\marko\.gradle\jdks\adoptium-11-x64-hotspot-windows\bin\vcruntime140_1.dll
0x00007ffd30f90000 - 0x00007ffd3101d000 	C:\Users\marko\.gradle\jdks\adoptium-11-x64-hotspot-windows\bin\msvcp140.dll
0x00007ffd1e660000 - 0x00007ffd1f223000 	C:\Users\marko\.gradle\jdks\adoptium-11-x64-hotspot-windows\bin\server\jvm.dll
0x00007ffd59710000 - 0x00007ffd597c0000 	C:\WINDOWS\System32\ADVAPI32.dll
0x00007ffd58750000 - 0x00007ffd587f0000 	C:\WINDOWS\System32\sechost.dll
0x00007ffd595e0000 - 0x00007ffd59703000 	C:\WINDOWS\System32\RPCRT4.dll
0x00007ffd57b70000 - 0x00007ffd57b97000 	C:\WINDOWS\System32\bcrypt.dll
0x00007ffd58cd0000 - 0x00007ffd58cd8000 	C:\WINDOWS\System32\PSAPI.DLL
0x00007ffd54800000 - 0x00007ffd54809000 	C:\WINDOWS\SYSTEM32\WSOCK32.dll
0x00007ffd3d560000 - 0x00007ffd3d587000 	C:\WINDOWS\SYSTEM32\WINMM.dll
0x00007ffd4a520000 - 0x00007ffd4a52a000 	C:\WINDOWS\SYSTEM32\VERSION.dll
0x00007ffd59510000 - 0x00007ffd5957b000 	C:\WINDOWS\System32\WS2_32.dll
0x00007ffd55f00000 - 0x00007ffd55f12000 	C:\WINDOWS\SYSTEM32\kernel.appcore.dll
0x00007ffd50b30000 - 0x00007ffd50b40000 	C:\Users\marko\.gradle\jdks\adoptium-11-x64-hotspot-windows\bin\verify.dll
0x00007ffd553f0000 - 0x00007ffd555d4000 	C:\WINDOWS\SYSTEM32\DBGHELP.DLL
0x00007ffd52bd0000 - 0x00007ffd52c04000 	C:\WINDOWS\SYSTEM32\dbgcore.DLL
0x00007ffd57950000 - 0x00007ffd579d2000 	C:\WINDOWS\System32\bcryptPrimitives.dll
0x00007ffd45a50000 - 0x00007ffd45a78000 	C:\Users\marko\.gradle\jdks\adoptium-11-x64-hotspot-windows\bin\java.dll
0x00007ffd4a340000 - 0x00007ffd4a34a000 	C:\Users\marko\.gradle\jdks\adoptium-11-x64-hotspot-windows\bin\jimage.dll
0x00007ffd459a0000 - 0x00007ffd459b8000 	C:\Users\marko\.gradle\jdks\adoptium-11-x64-hotspot-windows\bin\zip.dll
0x00007ffd597c0000 - 0x00007ffd59f2b000 	C:\WINDOWS\System32\SHELL32.dll
0x00007ffd555e0000 - 0x00007ffd55d7e000 	C:\WINDOWS\SYSTEM32\windows.storage.dll
0x00007ffd587f0000 - 0x00007ffd58b43000 	C:\WINDOWS\System32\combase.dll
0x00007ffd570e0000 - 0x00007ffd5710e000 	C:\WINDOWS\SYSTEM32\Wldp.dll
0x00007ffd59440000 - 0x00007ffd5950d000 	C:\WINDOWS\System32\OLEAUT32.dll
0x00007ffd581d0000 - 0x00007ffd5827d000 	C:\WINDOWS\System32\SHCORE.dll
0x00007ffd58c60000 - 0x00007ffd58cb5000 	C:\WINDOWS\System32\shlwapi.dll
0x00007ffd57650000 - 0x00007ffd57673000 	C:\WINDOWS\SYSTEM32\profapi.dll
0x00007ffd35640000 - 0x00007ffd35659000 	C:\Users\marko\.gradle\jdks\adoptium-11-x64-hotspot-windows\bin\net.dll
0x00007ffd4a530000 - 0x00007ffd4a63a000 	C:\WINDOWS\SYSTEM32\WINHTTP.dll
0x00007ffd56de0000 - 0x00007ffd56e4a000 	C:\WINDOWS\system32\mswsock.dll
0x00007ffd35620000 - 0x00007ffd35632000 	C:\Users\marko\.gradle\jdks\adoptium-11-x64-hotspot-windows\bin\nio.dll
0x00007ffd57030000 - 0x00007ffd57048000 	C:\WINDOWS\SYSTEM32\CRYPTSP.dll
0x00007ffd566c0000 - 0x00007ffd566f4000 	C:\WINDOWS\system32\rsaenh.dll
0x00007ffd57610000 - 0x00007ffd5763e000 	C:\WINDOWS\SYSTEM32\USERENV.dll
0x00007ffd57050000 - 0x00007ffd5705c000 	C:\WINDOWS\SYSTEM32\CRYPTBASE.dll
0x00007ffd56aa0000 - 0x00007ffd56adb000 	C:\WINDOWS\SYSTEM32\IPHLPAPI.DLL
0x00007ffd58140000 - 0x00007ffd58148000 	C:\WINDOWS\System32\NSI.dll
0x00007ffd4f040000 - 0x00007ffd4f057000 	C:\WINDOWS\SYSTEM32\dhcpcsvc6.DLL
0x00007ffd4f020000 - 0x00007ffd4f03d000 	C:\WINDOWS\SYSTEM32\dhcpcsvc.DLL
0x00007ffd56ae0000 - 0x00007ffd56bab000 	C:\WINDOWS\SYSTEM32\DNSAPI.dll
0x00007ffd49d20000 - 0x00007ffd49d2a000 	C:\Windows\System32\rasadhlp.dll
0x00007ffd49e20000 - 0x00007ffd49ea0000 	C:\WINDOWS\System32\fwpuclnt.dll
0x00007ffd494a0000 - 0x00007ffd494a9000 	C:\Users\marko\.gradle\jdks\adoptium-11-x64-hotspot-windows\bin\management.dll
0x00007ffd49160000 - 0x00007ffd4916b000 	C:\Users\marko\.gradle\jdks\adoptium-11-x64-hotspot-windows\bin\management_ext.dll
0x00007ffd2e980000 - 0x00007ffd2e997000 	C:\WINDOWS\system32\napinsp.dll
0x00007ffd2d650000 - 0x00007ffd2d66b000 	C:\WINDOWS\system32\pnrpnsp.dll
0x00007ffd31fb0000 - 0x00007ffd31fc5000 	C:\WINDOWS\system32\wshbth.dll
0x00007ffd525b0000 - 0x00007ffd525cd000 	C:\WINDOWS\system32\NLAapi.dll
0x00007ffd29e80000 - 0x00007ffd29e92000 	C:\WINDOWS\System32\winrnr.dll
0x00007ffd47f60000 - 0x00007ffd47f6e000 	C:\Users\marko\.gradle\jdks\adoptium-11-x64-hotspot-windows\bin\sunmscapi.dll
0x00007ffd57ba0000 - 0x00007ffd57cfe000 	C:\WINDOWS\System32\CRYPT32.dll
0x00007ffd57150000 - 0x00007ffd57178000 	C:\WINDOWS\SYSTEM32\ncrypt.dll
0x00007ffd57110000 - 0x00007ffd5714b000 	C:\WINDOWS\SYSTEM32\NTASN1.dll
0x00007ffd35ff0000 - 0x00007ffd36017000 	C:\Users\marko\.gradle\jdks\adoptium-11-x64-hotspot-windows\bin\sunec.dll

dbghelp: loaded successfully - version: 4.0.5 - missing functions: none
symbol engine: initialized successfully - sym options: 0x614 - pdb path: .;C:\Users\marko\.gradle\jdks\adoptium-11-x64-hotspot-windows\bin;C:\WINDOWS\SYSTEM32;C:\WINDOWS\WinSxS\amd64_microsoft.windows.common-controls_6595b64144ccf1df_6.0.19041.3636_none_60b6a03d71f818d5;C:\Users\marko\.gradle\jdks\adoptium-11-x64-hotspot-windows\bin\server

VM Arguments:
jvm_args: --module-path=C:\Users\marko\.gradle\caches\modules-2\files-2.1\org.openjfx\javafx-fxml\11\d5ff9262ef49d166db658d15f37e3ecff38fde4b\javafx-fxml-11-win.jar;C:\Users\marko\.gradle\caches\modules-2\files-2.1\org.openjfx\javafx-web\11\5c8a3b6cacde832437dff8e21a82749b5f66c1cf\javafx-web-11-win.jar;C:\Users\marko\.gradle\caches\modules-2\files-2.1\org.openjfx\javafx-controls\11\af8d24de44e16a19ae959028eb23a48c145fb682\javafx-controls-11-win.jar;C:\Users\marko\.gradle\caches\modules-2\files-2.1\org.openjfx\javafx-media\11\b7a33f3ff0cad17af71e883c0921bc6819cad9c8\javafx-media-11-win.jar;C:\Users\marko\.gradle\caches\modules-2\files-2.1\org.openjfx\javafx-graphics\11\9345c7ea43dbcc73a62eca5332717b4ce617e6c6\javafx-graphics-11-win.jar;C:\Users\marko\.gradle\caches\modules-2\files-2.1\org.openjfx\javafx-base\11\ad3a4acfaa28b484d30c40c1f009445cc3f6e68b\javafx-base-11-win.jar --add-modules=javafx.controls,javafx.fxml,javafx.web,javafx.graphics -Dfile.encoding=windows-1252 -Duser.country=IT -Duser.language=it -Duser.variant 
java_command: it.unibo.ctxbasicrobot.MainCtxbasicrobotKt
java_class_path (initial): C:\Users\marko\Desktop\ISS_24\issLab24\BoundaryWalk\build\classes\java\main;C:\Users\marko\Desktop\ISS_24\issLab24\BoundaryWalk\build\classes\kotlin\main;C:\Users\marko\Desktop\ISS_24\issLab24\BoundaryWalk\build\resources\main;C:\Users\marko\.gradle\caches\modules-2\files-2.1\org.jetbrains.kotlinx\kotlinx-coroutines-core-jvm\1.6.0\f3b8fd26c2e76d2f18cbc36aacb6e349fcb9fd5f\kotlinx-coroutines-core-jvm-1.6.0.jar;C:\Users\marko\.gradle\caches\modules-2\files-2.1\com.squareup.okhttp3\okhttp\4.9.3\b0b14b3d12980912723fb8b66afb48dcda742fcb\okhttp-4.9.3.jar;C:\Users\marko\.gradle\caches\modules-2\files-2.1\org.jetbrains.kotlin\kotlin-stdlib-jdk7\1.9.22\c4b17283ad7939e778989663f8301d871987fa5e\kotlin-stdlib-jdk7-1.9.22.jar;C:\Users\marko\.gradle\caches\modules-2\files-2.1\com.squareup.okio\okio\2.8.0\49b64e09d81c0cc84b267edd0c2fd7df5a64c78c\okio-jvm-2.8.0.jar;C:\Users\marko\.gradle\caches\modules-2\files-2.1\org.jetbrains.kotlin\kotlin-stdlib\1.9.22\d6c44cd08d8f3f9bece8101216dbe6553365c6e3\kotlin-stdlib-1.9.22.jar;C:\Users\marko\.gradle\caches\modules-2\files-2.1\org.jetbrains.kotlin\kotlin-stdlib-jdk8\1.9.22\dea0c11e2fa503ab891c8a090e3b54754472975d\kotlin-stdlib-jdk8-1.9.22.jar;C:\Users\marko\.gradle\caches\modules-2\files-2.1\org.eclipse.californium\californium-proxy2\3.5.0\75d72a499b522210a20e2343ab491b63e315aa3a\californium-proxy2-3.5.0.jar;C:\Users\marko\.gradle\caches\modules-2\files-2.1\com.google.guava\guava\30.1.1-jre\87e0fd1df874ea3cbe577702fe6f17068b790fd8\guava-30.1.1-jre.jar;C:\Users\marko\.gradle\caches\modules-2\files-2.1\javax.websocket\javax.websocket-api\1.1\eeeb68631711256418dfbb47b11c731b6c8f6235\javax.websocket-api-1.1.jar;C:\Users\marko\.gradle\caches\modules-2\files-2.1\org.glassfish.tyrus.bundles\tyrus-standalone-client\1.9\cf9e6cdbd6ad2a72bc54c0823c0ac31c76df4b9e\tyrus-standalone-client-1.9.jar;C:\Users\marko\.gradle\caches\modules-2\files-2.1\org.apache.httpcomponents\httpclient\4.5.13\e5f6cae5ca7ecaac1ec2827a9e2d65ae2869c
Launcher Type: SUN_STANDARD

[Global flags]
     intx CICompilerCount                          = 4                                         {product} {ergonomic}
     uint ConcGCThreads                            = 2                                         {product} {ergonomic}
     uint G1ConcRefinementThreads                  = 8                                         {product} {ergonomic}
   size_t G1HeapRegionSize                         = 1048576                                   {product} {ergonomic}
    uintx GCDrainStackTargetSize                   = 64                                        {product} {ergonomic}
   size_t InitialHeapSize                          = 132120576                                 {product} {ergonomic}
   size_t MarkStackSize                            = 4194304                                   {product} {ergonomic}
   size_t MaxHeapSize                              = 2113929216                                {product} {ergonomic}
   size_t MaxNewSize                               = 1267728384                                {product} {ergonomic}
   size_t MinHeapDeltaBytes                        = 1048576                                   {product} {ergonomic}
    uintx NonNMethodCodeHeapSize                   = 5836300                                {pd product} {ergonomic}
    uintx NonProfiledCodeHeapSize                  = 122910970                              {pd product} {ergonomic}
    uintx ProfiledCodeHeapSize                     = 122910970                              {pd product} {ergonomic}
    uintx ReservedCodeCacheSize                    = 251658240                              {pd product} {ergonomic}
     bool SegmentedCodeCache                       = true                                      {product} {ergonomic}
     bool UseCompressedClassPointers               = true                                 {lp64_product} {ergonomic}
     bool UseCompressedOops                        = true                                 {lp64_product} {ergonomic}
     bool UseG1GC                                  = true                                      {product} {ergonomic}
     bool UseLargePagesIndividualAllocation        = false                                  {pd product} {ergonomic}

Logging:
Log output configuration:
 #0: stdout all=warning uptime,level,tags
 #1: stderr all=off uptime,level,tags

Environment Variables:
JAVA_HOME=C:\Program Files\Java\jdk-17.0.11
CLASSPATH=C:\Users\marko\Desktop\ISS_24\issLab24\BoundaryWalk\\gradle\wrapper\gradle-wrapper.jar
PATH=C:\Program Files\Java\jdk-17.0.11\bin;C:\Gradle\gradle-8.6\bin;C:\Program Files\Python310\Scripts\;C:\Program Files\Python310\;C:\Program Files\Common Files\Oracle\Java\javapath;C:\Program Files (x86)\Common Files\Oracle\Java\javapath;C:\Program Files (x86)\Razer Chroma SDK\bin;C:\Program Files\Razer Chroma SDK\bin;C:\Program Files (x86)\Razer\ChromaBroadcast\bin;C:\Program Files\Razer\ChromaBroadcast\bin;C:\Program Files (x86)\Intel\Intel(R) Management Engine Components\iCLS\;C:\Program Files\Intel\Intel(R) Management Engine Components\iCLS\;C:\WINDOWS\system32;C:\WINDOWS;C:\WINDOWS\System32\Wbem;C:\WINDOWS\System32\WindowsPowerShell\v1.0\;C:\Program Files (x86)\Intel\Intel(R) Management Engine Components\DAL;C:\Program Files\Intel\Intel(R) Management Engine Components\DAL;C:\Program Files (x86)\Intel\Intel(R) Management Engine Components\IPT;C:\Program Files\Intel\Intel(R) Management Engine Components\IPT;C:\WINDOWS\System32\OpenSSH\;C:\WINDOWS\system32\config\systemprofile\AppData\Local\Microsoft\WindowsApps;C:\WINDOWS\system32;C:\WINDOWS;C:\WINDOWS\System32\Wbem;C:\WINDOWS\System32\WindowsPowerShell\v1.0\;C:\WINDOWS\System32\OpenSSH\;C:\Users\marko\AppData\Roaming\nvm;C:\Program Files\nodejs;C:\Program Files\Git\cmd;C:\Program Files\Git LFS;C:\Users\marko\AppData\Roaming\Python\Python310\Scripts;C:\Program Files\Docker\Docker\resources\bin;C:\Program Files\nodejs\;C:\Program Files\Graphviz\bin;C:\Users\marko\AppData\Local\Programs\Microsoft VS Code\bin;C:\Users\marko\AppData\Local\Microsoft\WindowsApps;C:\Users\marko\AppData\Roaming\nvm;C:\Program Files\nodejs;C:\Users\marko\AppData\Roaming\Python\Python310\Scripts;C:\Users\marko\Desktop\antlr;;C:\Users\marko\AppData\Local\JetBrains\IntelliJ IDEA Community Edition 2022.3.2\bin;;C:\Users\marko\AppData\Roaming\npm
USERNAME=marko
OS=Windows_NT
PROCESSOR_IDENTIFIER=Intel64 Family 6 Model 142 Stepping 10, GenuineIntel
TMP=C:\Users\marko\AppData\Local\Temp
TEMP=C:\Users\marko\AppData\Local\Temp



---------------  S Y S T E M  ---------------

OS: Windows 10 , 64 bit Build 19041 (10.0.19041.3636)
OS uptime: 0 days 0:48 hours
Hyper-V role detected

CPU:total 8 (initial active 8) (4 cores per cpu, 2 threads per core) family 6 model 142 stepping 10 microcode 0xb4, cmov, cx8, fxsr, mmx, sse, sse2, sse3, ssse3, sse4.1, sse4.2, popcnt, avx, avx2, aes, clmul, erms, 3dnowpref, lzcnt, ht, tsc, tscinvbit, bmi1, bmi2, adx, fma

Memory: 4k page, system-wide physical 8058M (670M free)
TotalPageFile size 8058M (AvailPageFile size 5M)
current process WorkingSet (physical memory assigned to process): 246M, peak: 264M
current process commit charge ("private bytes"): 307M, peak: 324M

vm_info: OpenJDK 64-Bit Server VM (11.0.23+9) for windows-amd64 JRE (11.0.23+9), built on Apr 17 2024 12:39:58 by "" with MS VC++ 16.10 / 16.11 (VS2019)

END.
