#
# There is insufficient memory for the Java Runtime Environment to continue.
# Native memory allocation (malloc) failed to allocate 1076176 bytes for Chunk::new
# Possible reasons:
#   The system is out of physical RAM or swap space
#   The process is running with CompressedOops enabled, and the Java Heap may be blocking the growth of the native heap
# Possible solutions:
#   Reduce memory load on the system
#   Increase physical memory or swap space
#   Check if swap backing store is full
#   Decrease Java heap size (-Xmx/-Xms)
#   Decrease number of Java threads
#   Decrease Java thread stack sizes (-Xss)
#   Set larger code cache with -XX:ReservedCodeCacheSize=
#   JVM is running with Unscaled Compressed Oops mode in which the Java heap is
#     placed in the first 4GB address space. The Java Heap base address is the
#     maximum limit for the native heap growth. Please use -XX:HeapBaseMinAddress
#     to set the Java Heap base and to place the Java Heap above 4GB virtual address.
# This output file may be truncated or incomplete.
#
#  Out of Memory Error (arena.cpp:197), pid=12368, tid=12872
#
# JRE version: OpenJDK Runtime Environment Temurin-11.0.23+9 (11.0.23+9) (build 11.0.23+9)
# Java VM: OpenJDK 64-Bit Server VM Temurin-11.0.23+9 (11.0.23+9, mixed mode, tiered, compressed oops, g1 gc, windows-amd64)
# No core dump will be written. Minidumps are not enabled by default on client versions of Windows
#

---------------  S U M M A R Y ------------

Command Line: --module-path=C:\Users\marko\.gradle\caches\modules-2\files-2.1\org.openjfx\javafx-fxml\11\d5ff9262ef49d166db658d15f37e3ecff38fde4b\javafx-fxml-11-win.jar;C:\Users\marko\.gradle\caches\modules-2\files-2.1\org.openjfx\javafx-web\11\5c8a3b6cacde832437dff8e21a82749b5f66c1cf\javafx-web-11-win.jar;C:\Users\marko\.gradle\caches\modules-2\files-2.1\org.openjfx\javafx-controls\11\af8d24de44e16a19ae959028eb23a48c145fb682\javafx-controls-11-win.jar;C:\Users\marko\.gradle\caches\modules-2\files-2.1\org.openjfx\javafx-media\11\b7a33f3ff0cad17af71e883c0921bc6819cad9c8\javafx-media-11-win.jar;C:\Users\marko\.gradle\caches\modules-2\files-2.1\org.openjfx\javafx-graphics\11\9345c7ea43dbcc73a62eca5332717b4ce617e6c6\javafx-graphics-11-win.jar;C:\Users\marko\.gradle\caches\modules-2\files-2.1\org.openjfx\javafx-base\11\ad3a4acfaa28b484d30c40c1f009445cc3f6e68b\javafx-base-11-win.jar --add-modules=javafx.controls,javafx.fxml,javafx.web,javafx.graphics -Dfile.encoding=windows-1252 -Duser.country=IT -Duser.language=it -Duser.variant it.unibo.ctxbasicrobot.MainCtxbasicrobotKt

Host: Intel(R) Core(TM) i5-8250U CPU @ 1.60GHz, 8 cores, 7G,  Windows 10 , 64 bit Build 19041 (10.0.19041.3636)
Time: Thu May 30 16:17:47 2024 ora legale Europa occidentale elapsed time: 6.861648 seconds (0d 0h 0m 6s)

---------------  T H R E A D  ---------------

Current thread (0x0000024361c88800):  JavaThread "C2 CompilerThread2" daemon [_thread_in_native, id=12872, stack(0x000000bb2c200000,0x000000bb2c300000)]


Current CompileTask:
C2:   6861 2313       4       java.lang.invoke.MethodType::makeImpl (108 bytes)

Stack: [0x000000bb2c200000,0x000000bb2c300000]
Native frames: (J=compiled Java code, j=interpreted, Vv=VM code, C=native code)
V  [jvm.dll+0x645caa]
V  [jvm.dll+0x7d9849]
V  [jvm.dll+0x7daf49]
V  [jvm.dll+0x7db633]
V  [jvm.dll+0x269845]
V  [jvm.dll+0xc1bfc]
V  [jvm.dll+0xc21ac]
V  [jvm.dll+0x379bd7]
V  [jvm.dll+0x1b3984]
V  [jvm.dll+0x22193f]
V  [jvm.dll+0x2207f8]
V  [jvm.dll+0x19e5c1]
V  [jvm.dll+0x2308a9]
V  [jvm.dll+0x22ea1f]
V  [jvm.dll+0x79aa01]
V  [jvm.dll+0x7936d4]
V  [jvm.dll+0x644a65]
C  [ucrtbase.dll+0x21bb2]
C  [KERNEL32.DLL+0x17344]
C  [ntdll.dll+0x526b1]


---------------  P R O C E S S  ---------------

Threads class SMR info:
_java_thread_list=0x000002436145f210, length=33, elements={
0x000002433f181800, 0x0000024360900800, 0x0000024360909000, 0x00000243600f9800,
0x00000243600fb800, 0x00000243600fc800, 0x000002436095c800, 0x0000024360964800,
0x0000024360978000, 0x0000024360087800, 0x000002436257f000, 0x0000024362faa000,
0x0000024363268800, 0x0000024363267800, 0x0000024363266800, 0x0000024363269000,
0x00000243621d4800, 0x0000024361d11800, 0x00000243621d3800, 0x00000243621d7800,
0x00000243621d7000, 0x00000243621d5000, 0x00000243621d6000, 0x0000024361c88800,
0x00000243621d8800, 0x00000243621d2800, 0x00000243621dc800, 0x00000243621de000,
0x00000243621db800, 0x00000243621da000, 0x00000243621df000, 0x00000243621dd800,
0x00000243621d9800
}

Java Threads: ( => current thread )
  0x000002433f181800 JavaThread "main" [_thread_in_native, id=11692, stack(0x000000bb2a200000,0x000000bb2a300000)]
  0x0000024360900800 JavaThread "Reference Handler" daemon [_thread_blocked, id=14256, stack(0x000000bb2a900000,0x000000bb2aa00000)]
  0x0000024360909000 JavaThread "Finalizer" daemon [_thread_blocked, id=2692, stack(0x000000bb2aa00000,0x000000bb2ab00000)]
  0x00000243600f9800 JavaThread "Signal Dispatcher" daemon [_thread_blocked, id=13504, stack(0x000000bb2ab00000,0x000000bb2ac00000)]
  0x00000243600fb800 JavaThread "Attach Listener" daemon [_thread_blocked, id=9472, stack(0x000000bb2ac00000,0x000000bb2ad00000)]
  0x00000243600fc800 JavaThread "Service Thread" daemon [_thread_blocked, id=12200, stack(0x000000bb2ad00000,0x000000bb2ae00000)]
  0x000002436095c800 JavaThread "C2 CompilerThread0" daemon [_thread_in_native, id=7912, stack(0x000000bb2ae00000,0x000000bb2af00000)]
  0x0000024360964800 JavaThread "C1 CompilerThread0" daemon [_thread_blocked, id=11852, stack(0x000000bb2af00000,0x000000bb2b000000)]
  0x0000024360978000 JavaThread "Sweeper thread" daemon [_thread_blocked, id=8568, stack(0x000000bb2b000000,0x000000bb2b100000)]
  0x0000024360087800 JavaThread "Common-Cleaner" daemon [_thread_blocked, id=10548, stack(0x000000bb2b100000,0x000000bb2b200000)]
  0x000002436257f000 JavaThread "qakcpuspool-1" daemon [_thread_blocked, id=11168, stack(0x000000bb2b700000,0x000000bb2b800000)]
  0x0000024362faa000 JavaThread "qakcpuspool-2" daemon [_thread_in_native, id=5820, stack(0x000000bb2b800000,0x000000bb2b900000)]
  0x0000024363268800 JavaThread "DefaultDispatcher-worker-1" daemon [_thread_blocked, id=15272, stack(0x000000bb2b900000,0x000000bb2ba00000)]
  0x0000024363267800 JavaThread "DefaultDispatcher-worker-2" daemon [_thread_blocked, id=1904, stack(0x000000bb2ba00000,0x000000bb2bb00000)]
  0x0000024363266800 JavaThread "DefaultDispatcher-worker-3" daemon [_thread_blocked, id=13672, stack(0x000000bb2bb00000,0x000000bb2bc00000)]
  0x0000024363269000 JavaThread "qakcpuspool-3" daemon [_thread_blocked, id=6428, stack(0x000000bb2bc00000,0x000000bb2bd00000)]
  0x00000243621d4800 JavaThread "tcpSrv" daemon [_thread_in_native, id=6956, stack(0x000000bb2bd00000,0x000000bb2be00000)]
  0x0000024361d11800 JavaThread "C2 CompilerThread1" daemon [_thread_in_native, id=14352, stack(0x000000bb2b200000,0x000000bb2b300000)]
  0x00000243621d3800 JavaThread "CoapServer(main)#1" [_thread_blocked, id=3988, stack(0x000000bb2b300000,0x000000bb2b400000)]
  0x00000243621d7800 JavaThread "CoapServer(secondary)#1" [_thread_blocked, id=11900, stack(0x000000bb2be00000,0x000000bb2bf00000)]
  0x00000243621d7000 JavaThread "CoapServer(secondary)#2" [_thread_blocked, id=10312, stack(0x000000bb2bf00000,0x000000bb2c000000)]
  0x00000243621d5000 JavaThread "UDP-Receiver-0.0.0.0/0.0.0.0:8020[0]" daemon [_thread_in_native, id=10744, stack(0x000000bb2c000000,0x000000bb2c100000)]
  0x00000243621d6000 JavaThread "UDP-Sender-0.0.0.0/0.0.0.0:8020[0]" daemon [_thread_blocked, id=13640, stack(0x000000bb2c100000,0x000000bb2c200000)]
=>0x0000024361c88800 JavaThread "C2 CompilerThread2" daemon [_thread_in_native, id=12872, stack(0x000000bb2c200000,0x000000bb2c300000)]
  0x00000243621d8800 JavaThread "qakcpuspool-4" daemon [_thread_blocked, id=524, stack(0x000000bb2c300000,0x000000bb2c400000)]
  0x00000243621d2800 JavaThread "qakcpuspool-5" daemon [_thread_blocked, id=5196, stack(0x000000bb2c400000,0x000000bb2c500000)]
  0x00000243621dc800 JavaThread "qakcpuspool-6" daemon [_thread_blocked, id=3456, stack(0x000000bb2c500000,0x000000bb2c600000)]
  0x00000243621de000 JavaThread "qakcpuspool-7" daemon [_thread_blocked, id=7632, stack(0x000000bb2c600000,0x000000bb2c700000)]
  0x00000243621db800 JavaThread "qakcpuspool-8" daemon [_thread_blocked, id=5672, stack(0x000000bb2c700000,0x000000bb2c800000)]
  0x00000243621da000 JavaThread "background-preinit" [_thread_in_native, id=5528, stack(0x000000bb2ce00000,0x000000bb2cf00000)]
  0x00000243621df000 JavaThread "Grizzly(1) SelectorRunner" daemon [_thread_in_native, id=11492, stack(0x000000bb2cf00000,0x000000bb2d000000)]
  0x00000243621dd800 JavaThread "Grizzly(1)" daemon [_thread_blocked, id=4824, stack(0x000000bb2d000000,0x000000bb2d100000)]
  0x00000243621d9800 JavaThread "Grizzly(2)" daemon [_thread_blocked, id=15264, stack(0x000000bb2d100000,0x000000bb2d200000)]

Other Threads:
  0x00000243600ca000 VMThread "VM Thread" [stack: 0x000000bb2a800000,0x000000bb2a900000] [id=13524]
  0x0000024361140000 WatcherThread [stack: 0x000000bb2b400000,0x000000bb2b500000] [id=648]
  0x000002433f19c800 GCTaskThread "GC Thread#0" [stack: 0x000000bb2a300000,0x000000bb2a400000] [id=1352]
  0x0000024361c02000 GCTaskThread "GC Thread#1" [stack: 0x000000bb2b500000,0x000000bb2b600000] [id=9844]
  0x000002436154a800 GCTaskThread "GC Thread#2" [stack: 0x000000bb2b600000,0x000000bb2b700000] [id=1964]
  0x0000024362490000 GCTaskThread "GC Thread#3" [stack: 0x000000bb2c800000,0x000000bb2c900000] [id=12648]
  0x0000024363ac8000 GCTaskThread "GC Thread#4" [stack: 0x000000bb2c900000,0x000000bb2ca00000] [id=6792]
  0x0000024365f82000 GCTaskThread "GC Thread#5" [stack: 0x000000bb2ca00000,0x000000bb2cb00000] [id=15280]
  0x0000024364eec800 GCTaskThread "GC Thread#6" [stack: 0x000000bb2cb00000,0x000000bb2cc00000] [id=12624]
  0x000002436468e000 GCTaskThread "GC Thread#7" [stack: 0x000000bb2cc00000,0x000000bb2cd00000] [id=12120]
  0x000002433f1cd800 ConcurrentGCThread "G1 Main Marker" [stack: 0x000000bb2a400000,0x000000bb2a500000] [id=216]
  0x000002433f1d0000 ConcurrentGCThread "G1 Conc#0" [stack: 0x000000bb2a500000,0x000000bb2a600000] [id=1668]
  0x000002436641f800 ConcurrentGCThread "G1 Conc#1" [stack: 0x000000bb2cd00000,0x000000bb2ce00000] [id=13144]
  0x000002433f23e000 ConcurrentGCThread "G1 Refine#0" [stack: 0x000000bb2a600000,0x000000bb2a700000] [id=3080]
  0x000002435ff36800 ConcurrentGCThread "G1 Young RemSet Sampling" [stack: 0x000000bb2a700000,0x000000bb2a800000] [id=7508]

Threads with active compile tasks:
C2 CompilerThread0     6924 2468       4       java.util.jar.JarFile::maybeInstantiateVerifier (112 bytes)
C1 CompilerThread0     6924 2510       3       jdk.internal.misc.Unsafe::pickPos (14 bytes)
C2 CompilerThread1     6925 2505       4       java.lang.invoke.MethodType$ConcurrentWeakInternSet::get (54 bytes)
C2 CompilerThread2     6925 2313       4       java.lang.invoke.MethodType::makeImpl (108 bytes)

VM state:not at safepoint (normal execution)

VM Mutex/Monitor currently owned by a thread: None

Heap address: 0x0000000082000000, size: 2016 MB, Compressed Oops mode: 32-bit
Narrow klass base: 0x0000000000000000, Narrow klass shift: 3
Compressed class space size: 1073741824 Address: 0x0000000100000000

Heap:
 garbage-first heap   total 129024K, used 37807K [0x0000000082000000, 0x0000000100000000)
  region size 1024K, 18 young (18432K), 3 survivors (3072K)
 Metaspace       used 31425K, capacity 32155K, committed 32304K, reserved 1077248K
  class space    used 3386K, capacity 3666K, committed 3712K, reserved 1048576K
Heap Regions: E=young(eden), S=young(survivor), O=old, HS=humongous(starts), HC=humongous(continues), CS=collection set, F=free, A=archive, TAMS=top-at-mark-start (previous, next)
|   0|0x0000000082000000, 0x0000000082100000, 0x0000000082100000|100%|HS|  |TAMS 0x0000000082100000, 0x0000000082000000| Complete 
|   1|0x0000000082100000, 0x0000000082200000, 0x0000000082200000|100%|HC|  |TAMS 0x0000000082200000, 0x0000000082100000| Complete 
|   2|0x0000000082200000, 0x0000000082300000, 0x0000000082300000|100%|HC|  |TAMS 0x0000000082300000, 0x0000000082200000| Complete 
|   3|0x0000000082300000, 0x0000000082400000, 0x0000000082400000|100%|HC|  |TAMS 0x0000000082400000, 0x0000000082300000| Complete 
|   4|0x0000000082400000, 0x0000000082500000, 0x0000000082500000|100%|HC|  |TAMS 0x0000000082500000, 0x0000000082400000| Complete 
|   5|0x0000000082500000, 0x0000000082600000, 0x0000000082600000|100%|HC|  |TAMS 0x0000000082600000, 0x0000000082500000| Complete 
|   6|0x0000000082600000, 0x0000000082700000, 0x0000000082700000|100%|HC|  |TAMS 0x0000000082700000, 0x0000000082600000| Complete 
|   7|0x0000000082700000, 0x0000000082800000, 0x0000000082800000|100%|HC|  |TAMS 0x0000000082800000, 0x0000000082700000| Complete 
|   8|0x0000000082800000, 0x0000000082900000, 0x0000000082900000|100%|HC|  |TAMS 0x0000000082900000, 0x0000000082800000| Complete 
|   9|0x0000000082900000, 0x0000000082a00000, 0x0000000082a00000|100%|HS|  |TAMS 0x0000000082a00000, 0x0000000082900000| Complete 
|  10|0x0000000082a00000, 0x0000000082b00000, 0x0000000082b00000|100%| O|  |TAMS 0x0000000082b00000, 0x0000000082a00000| Untracked 
|  11|0x0000000082b00000, 0x0000000082c00000, 0x0000000082c00000|100%| O|  |TAMS 0x0000000082c00000, 0x0000000082b00000| Untracked 
|  12|0x0000000082c00000, 0x0000000082d00000, 0x0000000082d00000|100%| O|  |TAMS 0x0000000082d00000, 0x0000000082c00000| Untracked 
|  13|0x0000000082d00000, 0x0000000082e00000, 0x0000000082e00000|100%| O|  |TAMS 0x0000000082e00000, 0x0000000082d00000| Untracked 
|  14|0x0000000082e00000, 0x0000000082f00000, 0x0000000082f00000|100%| O|  |TAMS 0x0000000082f00000, 0x0000000082e00000| Untracked 
|  15|0x0000000082f00000, 0x0000000083000000, 0x0000000083000000|100%| O|  |TAMS 0x0000000083000000, 0x0000000082f00000| Untracked 
|  16|0x0000000083000000, 0x0000000083100000, 0x0000000083100000|100%| O|  |TAMS 0x0000000083100000, 0x0000000083000000| Untracked 
|  17|0x0000000083100000, 0x0000000083200000, 0x0000000083200000|100%| O|  |TAMS 0x0000000083200000, 0x0000000083100000| Untracked 
|  18|0x0000000083200000, 0x0000000083300000, 0x0000000083300000|100%| O|  |TAMS 0x0000000083300000, 0x0000000083200000| Untracked 
|  19|0x0000000083300000, 0x0000000083400000, 0x0000000083400000|100%| O|  |TAMS 0x0000000083400000, 0x0000000083300000| Untracked 
|  20|0x0000000083400000, 0x0000000083500000, 0x0000000083500000|100%| O|  |TAMS 0x0000000083500000, 0x0000000083400000| Untracked 
|  21|0x0000000083500000, 0x00000000835a8a00, 0x0000000083600000| 65%| O|  |TAMS 0x00000000835a8a00, 0x0000000083500000| Untracked 
|  22|0x0000000083600000, 0x0000000083600000, 0x0000000083700000|  0%| F|  |TAMS 0x0000000083600000, 0x0000000083600000| Untracked 
|  23|0x0000000083700000, 0x0000000083700000, 0x0000000083800000|  0%| F|  |TAMS 0x0000000083700000, 0x0000000083700000| Untracked 
|  24|0x0000000083800000, 0x0000000083800000, 0x0000000083900000|  0%| F|  |TAMS 0x0000000083800000, 0x0000000083800000| Untracked 
|  25|0x0000000083900000, 0x0000000083900000, 0x0000000083a00000|  0%| F|  |TAMS 0x0000000083900000, 0x0000000083900000| Untracked 
|  26|0x0000000083a00000, 0x0000000083a00000, 0x0000000083b00000|  0%| F|  |TAMS 0x0000000083a00000, 0x0000000083a00000| Untracked 
|  27|0x0000000083b00000, 0x0000000083b00000, 0x0000000083c00000|  0%| F|  |TAMS 0x0000000083b00000, 0x0000000083b00000| Untracked 
|  28|0x0000000083c00000, 0x0000000083c00000, 0x0000000083d00000|  0%| F|  |TAMS 0x0000000083c00000, 0x0000000083c00000| Untracked 
|  29|0x0000000083d00000, 0x0000000083d00000, 0x0000000083e00000|  0%| F|  |TAMS 0x0000000083d00000, 0x0000000083d00000| Untracked 
|  30|0x0000000083e00000, 0x0000000083e00000, 0x0000000083f00000|  0%| F|  |TAMS 0x0000000083e00000, 0x0000000083e00000| Untracked 
|  31|0x0000000083f00000, 0x0000000083f00000, 0x0000000084000000|  0%| F|  |TAMS 0x0000000083f00000, 0x0000000083f00000| Untracked 
|  32|0x0000000084000000, 0x0000000084000000, 0x0000000084100000|  0%| F|  |TAMS 0x0000000084000000, 0x0000000084000000| Untracked 
|  33|0x0000000084100000, 0x0000000084100000, 0x0000000084200000|  0%| F|  |TAMS 0x0000000084100000, 0x0000000084100000| Untracked 
|  34|0x0000000084200000, 0x0000000084200000, 0x0000000084300000|  0%| F|  |TAMS 0x0000000084200000, 0x0000000084200000| Untracked 
|  35|0x0000000084300000, 0x0000000084300000, 0x0000000084400000|  0%| F|  |TAMS 0x0000000084300000, 0x0000000084300000| Untracked 
|  36|0x0000000084400000, 0x0000000084400000, 0x0000000084500000|  0%| F|  |TAMS 0x0000000084400000, 0x0000000084400000| Untracked 
|  37|0x0000000084500000, 0x0000000084500000, 0x0000000084600000|  0%| F|  |TAMS 0x0000000084500000, 0x0000000084500000| Untracked 
|  38|0x0000000084600000, 0x0000000084600000, 0x0000000084700000|  0%| F|  |TAMS 0x0000000084600000, 0x0000000084600000| Untracked 
|  39|0x0000000084700000, 0x0000000084700000, 0x0000000084800000|  0%| F|  |TAMS 0x0000000084700000, 0x0000000084700000| Untracked 
|  40|0x0000000084800000, 0x0000000084800000, 0x0000000084900000|  0%| F|  |TAMS 0x0000000084800000, 0x0000000084800000| Untracked 
|  41|0x0000000084900000, 0x0000000084900000, 0x0000000084a00000|  0%| F|  |TAMS 0x0000000084900000, 0x0000000084900000| Untracked 
|  42|0x0000000084a00000, 0x0000000084a00000, 0x0000000084b00000|  0%| F|  |TAMS 0x0000000084a00000, 0x0000000084a00000| Untracked 
|  43|0x0000000084b00000, 0x0000000084b00000, 0x0000000084c00000|  0%| F|  |TAMS 0x0000000084b00000, 0x0000000084b00000| Untracked 
|  44|0x0000000084c00000, 0x0000000084c00000, 0x0000000084d00000|  0%| F|  |TAMS 0x0000000084c00000, 0x0000000084c00000| Untracked 
|  45|0x0000000084d00000, 0x0000000084d00000, 0x0000000084e00000|  0%| F|  |TAMS 0x0000000084d00000, 0x0000000084d00000| Untracked 
|  46|0x0000000084e00000, 0x0000000084e00000, 0x0000000084f00000|  0%| F|  |TAMS 0x0000000084e00000, 0x0000000084e00000| Untracked 
|  47|0x0000000084f00000, 0x0000000084f00000, 0x0000000085000000|  0%| F|  |TAMS 0x0000000084f00000, 0x0000000084f00000| Untracked 
|  48|0x0000000085000000, 0x0000000085000000, 0x0000000085100000|  0%| F|  |TAMS 0x0000000085000000, 0x0000000085000000| Untracked 
|  49|0x0000000085100000, 0x0000000085100000, 0x0000000085200000|  0%| F|  |TAMS 0x0000000085100000, 0x0000000085100000| Untracked 
|  50|0x0000000085200000, 0x0000000085200000, 0x0000000085300000|  0%| F|  |TAMS 0x0000000085200000, 0x0000000085200000| Untracked 
|  51|0x0000000085300000, 0x0000000085300000, 0x0000000085400000|  0%| F|  |TAMS 0x0000000085300000, 0x0000000085300000| Untracked 
|  52|0x0000000085400000, 0x0000000085400000, 0x0000000085500000|  0%| F|  |TAMS 0x0000000085400000, 0x0000000085400000| Untracked 
|  53|0x0000000085500000, 0x0000000085500000, 0x0000000085600000|  0%| F|  |TAMS 0x0000000085500000, 0x0000000085500000| Untracked 
|  54|0x0000000085600000, 0x0000000085600000, 0x0000000085700000|  0%| F|  |TAMS 0x0000000085600000, 0x0000000085600000| Untracked 
|  55|0x0000000085700000, 0x0000000085700000, 0x0000000085800000|  0%| F|  |TAMS 0x0000000085700000, 0x0000000085700000| Untracked 
|  56|0x0000000085800000, 0x0000000085800000, 0x0000000085900000|  0%| F|  |TAMS 0x0000000085800000, 0x0000000085800000| Untracked 
|  57|0x0000000085900000, 0x0000000085900000, 0x0000000085a00000|  0%| F|  |TAMS 0x0000000085900000, 0x0000000085900000| Untracked 
|  58|0x0000000085a00000, 0x0000000085a00000, 0x0000000085b00000|  0%| F|  |TAMS 0x0000000085a00000, 0x0000000085a00000| Untracked 
|  59|0x0000000085b00000, 0x0000000085b00000, 0x0000000085c00000|  0%| F|  |TAMS 0x0000000085b00000, 0x0000000085b00000| Untracked 
|  60|0x0000000085c00000, 0x0000000085c00000, 0x0000000085d00000|  0%| F|  |TAMS 0x0000000085c00000, 0x0000000085c00000| Untracked 
|  61|0x0000000085d00000, 0x0000000085d00000, 0x0000000085e00000|  0%| F|  |TAMS 0x0000000085d00000, 0x0000000085d00000| Untracked 
|  62|0x0000000085e00000, 0x0000000085e00000, 0x0000000085f00000|  0%| F|  |TAMS 0x0000000085e00000, 0x0000000085e00000| Untracked 
|  63|0x0000000085f00000, 0x0000000085f00000, 0x0000000086000000|  0%| F|  |TAMS 0x0000000085f00000, 0x0000000085f00000| Untracked 
|  64|0x0000000086000000, 0x0000000086000000, 0x0000000086100000|  0%| F|  |TAMS 0x0000000086000000, 0x0000000086000000| Untracked 
|  65|0x0000000086100000, 0x0000000086100000, 0x0000000086200000|  0%| F|  |TAMS 0x0000000086100000, 0x0000000086100000| Untracked 
|  66|0x0000000086200000, 0x0000000086200000, 0x0000000086300000|  0%| F|  |TAMS 0x0000000086200000, 0x0000000086200000| Untracked 
|  67|0x0000000086300000, 0x0000000086300000, 0x0000000086400000|  0%| F|  |TAMS 0x0000000086300000, 0x0000000086300000| Untracked 
|  68|0x0000000086400000, 0x0000000086400000, 0x0000000086500000|  0%| F|  |TAMS 0x0000000086400000, 0x0000000086400000| Untracked 
|  69|0x0000000086500000, 0x0000000086500000, 0x0000000086600000|  0%| F|  |TAMS 0x0000000086500000, 0x0000000086500000| Untracked 
|  70|0x0000000086600000, 0x0000000086600000, 0x0000000086700000|  0%| F|  |TAMS 0x0000000086600000, 0x0000000086600000| Untracked 
|  71|0x0000000086700000, 0x0000000086700000, 0x0000000086800000|  0%| F|  |TAMS 0x0000000086700000, 0x0000000086700000| Untracked 
|  72|0x0000000086800000, 0x0000000086800000, 0x0000000086900000|  0%| F|  |TAMS 0x0000000086800000, 0x0000000086800000| Untracked 
|  73|0x0000000086900000, 0x0000000086900000, 0x0000000086a00000|  0%| F|  |TAMS 0x0000000086900000, 0x0000000086900000| Untracked 
|  74|0x0000000086a00000, 0x0000000086a00000, 0x0000000086b00000|  0%| F|  |TAMS 0x0000000086a00000, 0x0000000086a00000| Untracked 
|  75|0x0000000086b00000, 0x0000000086b433c8, 0x0000000086c00000| 26%| S|CS|TAMS 0x0000000086b00000, 0x0000000086b00000| Complete 
|  76|0x0000000086c00000, 0x0000000086d00000, 0x0000000086d00000|100%| S|CS|TAMS 0x0000000086c00000, 0x0000000086c00000| Complete 
|  77|0x0000000086d00000, 0x0000000086e00000, 0x0000000086e00000|100%| S|CS|TAMS 0x0000000086d00000, 0x0000000086d00000| Complete 
|  78|0x0000000086e00000, 0x0000000086e00000, 0x0000000086f00000|  0%| F|  |TAMS 0x0000000086e00000, 0x0000000086e00000| Untracked 
|  79|0x0000000086f00000, 0x0000000086f00000, 0x0000000087000000|  0%| F|  |TAMS 0x0000000086f00000, 0x0000000086f00000| Untracked 
|  80|0x0000000087000000, 0x0000000087000000, 0x0000000087100000|  0%| F|  |TAMS 0x0000000087000000, 0x0000000087000000| Untracked 
|  81|0x0000000087100000, 0x0000000087100000, 0x0000000087200000|  0%| F|  |TAMS 0x0000000087100000, 0x0000000087100000| Untracked 
|  82|0x0000000087200000, 0x0000000087200000, 0x0000000087300000|  0%| F|  |TAMS 0x0000000087200000, 0x0000000087200000| Untracked 
|  83|0x0000000087300000, 0x0000000087300000, 0x0000000087400000|  0%| F|  |TAMS 0x0000000087300000, 0x0000000087300000| Untracked 
|  84|0x0000000087400000, 0x0000000087400000, 0x0000000087500000|  0%| F|  |TAMS 0x0000000087400000, 0x0000000087400000| Untracked 
|  85|0x0000000087500000, 0x0000000087500000, 0x0000000087600000|  0%| F|  |TAMS 0x0000000087500000, 0x0000000087500000| Untracked 
|  86|0x0000000087600000, 0x0000000087600000, 0x0000000087700000|  0%| F|  |TAMS 0x0000000087600000, 0x0000000087600000| Untracked 
|  87|0x0000000087700000, 0x0000000087700000, 0x0000000087800000|  0%| F|  |TAMS 0x0000000087700000, 0x0000000087700000| Untracked 
|  88|0x0000000087800000, 0x0000000087800000, 0x0000000087900000|  0%| F|  |TAMS 0x0000000087800000, 0x0000000087800000| Untracked 
|  89|0x0000000087900000, 0x0000000087900000, 0x0000000087a00000|  0%| F|  |TAMS 0x0000000087900000, 0x0000000087900000| Untracked 
|  90|0x0000000087a00000, 0x0000000087a00000, 0x0000000087b00000|  0%| F|  |TAMS 0x0000000087a00000, 0x0000000087a00000| Untracked 
|  91|0x0000000087b00000, 0x0000000087b00000, 0x0000000087c00000|  0%| F|  |TAMS 0x0000000087b00000, 0x0000000087b00000| Untracked 
|  92|0x0000000087c00000, 0x0000000087c00000, 0x0000000087d00000|  0%| F|  |TAMS 0x0000000087c00000, 0x0000000087c00000| Untracked 
|  93|0x0000000087d00000, 0x0000000087d00000, 0x0000000087e00000|  0%| F|  |TAMS 0x0000000087d00000, 0x0000000087d00000| Untracked 
|  94|0x0000000087e00000, 0x0000000087e00000, 0x0000000087f00000|  0%| F|  |TAMS 0x0000000087e00000, 0x0000000087e00000| Untracked 
|  95|0x0000000087f00000, 0x0000000087f00000, 0x0000000088000000|  0%| F|  |TAMS 0x0000000087f00000, 0x0000000087f00000| Untracked 
|  96|0x0000000088000000, 0x0000000088000000, 0x0000000088100000|  0%| F|  |TAMS 0x0000000088000000, 0x0000000088000000| Untracked 
|  97|0x0000000088100000, 0x0000000088100000, 0x0000000088200000|  0%| F|  |TAMS 0x0000000088100000, 0x0000000088100000| Untracked 
|  98|0x0000000088200000, 0x0000000088200000, 0x0000000088300000|  0%| F|  |TAMS 0x0000000088200000, 0x0000000088200000| Untracked 
|  99|0x0000000088300000, 0x0000000088300000, 0x0000000088400000|  0%| F|  |TAMS 0x0000000088300000, 0x0000000088300000| Untracked 
| 100|0x0000000088400000, 0x0000000088400000, 0x0000000088500000|  0%| F|  |TAMS 0x0000000088400000, 0x0000000088400000| Untracked 
| 101|0x0000000088500000, 0x0000000088500000, 0x0000000088600000|  0%| F|  |TAMS 0x0000000088500000, 0x0000000088500000| Untracked 
| 102|0x0000000088600000, 0x0000000088600000, 0x0000000088700000|  0%| F|  |TAMS 0x0000000088600000, 0x0000000088600000| Untracked 
| 103|0x0000000088700000, 0x0000000088700000, 0x0000000088800000|  0%| F|  |TAMS 0x0000000088700000, 0x0000000088700000| Untracked 
| 104|0x0000000088800000, 0x0000000088800000, 0x0000000088900000|  0%| F|  |TAMS 0x0000000088800000, 0x0000000088800000| Untracked 
| 105|0x0000000088900000, 0x0000000088900000, 0x0000000088a00000|  0%| F|  |TAMS 0x0000000088900000, 0x0000000088900000| Untracked 
| 106|0x0000000088a00000, 0x0000000088a00000, 0x0000000088b00000|  0%| F|  |TAMS 0x0000000088a00000, 0x0000000088a00000| Untracked 
| 107|0x0000000088b00000, 0x0000000088b00000, 0x0000000088c00000|  0%| F|  |TAMS 0x0000000088b00000, 0x0000000088b00000| Untracked 
| 108|0x0000000088c00000, 0x0000000088c00000, 0x0000000088d00000|  0%| F|  |TAMS 0x0000000088c00000, 0x0000000088c00000| Untracked 
| 109|0x0000000088d00000, 0x0000000088d00000, 0x0000000088e00000|  0%| F|  |TAMS 0x0000000088d00000, 0x0000000088d00000| Untracked 
| 110|0x0000000088e00000, 0x0000000088e00000, 0x0000000088f00000|  0%| F|  |TAMS 0x0000000088e00000, 0x0000000088e00000| Untracked 
| 111|0x0000000088f00000, 0x0000000088feea10, 0x0000000089000000| 93%| E|  |TAMS 0x0000000088f00000, 0x0000000088f00000| Complete 
| 112|0x0000000089000000, 0x0000000089100000, 0x0000000089100000|100%| E|CS|TAMS 0x0000000089000000, 0x0000000089000000| Complete 
| 113|0x0000000089100000, 0x0000000089200000, 0x0000000089200000|100%| E|CS|TAMS 0x0000000089100000, 0x0000000089100000| Complete 
| 114|0x0000000089200000, 0x0000000089300000, 0x0000000089300000|100%| E|CS|TAMS 0x0000000089200000, 0x0000000089200000| Complete 
| 115|0x0000000089300000, 0x0000000089400000, 0x0000000089400000|100%| E|CS|TAMS 0x0000000089300000, 0x0000000089300000| Complete 
| 116|0x0000000089400000, 0x0000000089500000, 0x0000000089500000|100%| E|CS|TAMS 0x0000000089400000, 0x0000000089400000| Complete 
| 117|0x0000000089500000, 0x0000000089600000, 0x0000000089600000|100%| E|CS|TAMS 0x0000000089500000, 0x0000000089500000| Complete 
| 118|0x0000000089600000, 0x0000000089700000, 0x0000000089700000|100%| E|  |TAMS 0x0000000089600000, 0x0000000089600000| Complete 
| 119|0x0000000089700000, 0x0000000089800000, 0x0000000089800000|100%| E|CS|TAMS 0x0000000089700000, 0x0000000089700000| Complete 
| 120|0x0000000089800000, 0x0000000089900000, 0x0000000089900000|100%| E|CS|TAMS 0x0000000089800000, 0x0000000089800000| Complete 
| 121|0x0000000089900000, 0x0000000089a00000, 0x0000000089a00000|100%| E|CS|TAMS 0x0000000089900000, 0x0000000089900000| Complete 
| 122|0x0000000089a00000, 0x0000000089b00000, 0x0000000089b00000|100%| E|CS|TAMS 0x0000000089a00000, 0x0000000089a00000| Complete 
| 123|0x0000000089b00000, 0x0000000089c00000, 0x0000000089c00000|100%| E|CS|TAMS 0x0000000089b00000, 0x0000000089b00000| Complete 
| 124|0x0000000089c00000, 0x0000000089d00000, 0x0000000089d00000|100%| E|CS|TAMS 0x0000000089c00000, 0x0000000089c00000| Complete 
| 125|0x0000000089d00000, 0x0000000089e00000, 0x0000000089e00000|100%| E|CS|TAMS 0x0000000089d00000, 0x0000000089d00000| Complete 

Card table byte_map: [0x0000024358f10000,0x0000024359300000] _byte_map_base: 0x0000024358b00000

Marking Bits (Prev, Next): (CMBitMap*) 0x000002433f1c4fc0, (CMBitMap*) 0x000002433f1c4f88
 Prev Bits: [0x000002435b670000, 0x000002435d5f0000)
 Next Bits: [0x00000243596f0000, 0x000002435b670000)

Polling page: 0x000002433eff0000

Metaspace:

Usage:
  Non-class:     27.88 MB capacity,    27.47 MB ( 99%) used,   341.38 KB (  1%) free+waste,    80.56 KB ( <1%) overhead. 
      Class:      3.58 MB capacity,     3.32 MB ( 93%) used,   233.38 KB (  6%) free+waste,    38.00 KB (  1%) overhead. 
       Both:     31.46 MB capacity,    30.79 MB ( 98%) used,   574.77 KB (  2%) free+waste,   118.56 KB ( <1%) overhead. 

Virtual space:
  Non-class space:       28.00 MB reserved,      27.92 MB (>99%) committed 
      Class space:        1.00 GB reserved,       3.62 MB ( <1%) committed 
             Both:        1.03 GB reserved,      31.55 MB (  3%) committed 

Chunk freelists:
   Non-Class:  39.00 KB
       Class:  14.00 KB
        Both:  53.00 KB

MaxMetaspaceSize: 17179869184.00 GB
CompressedClassSpaceSize: 1.00 GB
Initial GC threshold: 20.80 MB
Current GC threshold: 35.08 MB
CDS: off

CodeHeap 'non-profiled nmethods': size=120000Kb used=1469Kb max_used=1469Kb free=118530Kb
 bounds [0x0000024350b90000, 0x0000024350e00000, 0x00000243580c0000]
CodeHeap 'profiled nmethods': size=120000Kb used=4947Kb max_used=4947Kb free=115052Kb
 bounds [0x0000024349660000, 0x0000024349b40000, 0x0000024350b90000]
CodeHeap 'non-nmethods': size=5760Kb used=1235Kb max_used=1259Kb free=4524Kb
 bounds [0x00000243490c0000, 0x0000024349330000, 0x0000024349660000]
 total_blobs=2990 nmethods=2475 adapters=427
 compilation: enabled
              stopped_count=0, restarted_count=0
 full_count=0

Compilation events (20 events):
Event: 6.742 Thread 0x0000024360964800 nmethod 2489 0x0000024349b2a410 code [0x0000024349b2a7c0, 0x0000024349b2c878]
Event: 6.742 Thread 0x0000024360964800 2493       3       jdk.internal.org.objectweb.asm.AnnotationWriter::put (109 bytes)
Event: 6.743 Thread 0x0000024360964800 nmethod 2493 0x0000024349b2d710 code [0x0000024349b2d920, 0x0000024349b2dd58]
Event: 6.743 Thread 0x0000024360964800 2491       3       java.lang.invoke.InvokerBytecodeGenerator::<init> (12 bytes)
Event: 6.743 Thread 0x0000024360964800 nmethod 2491 0x0000024349b2df90 code [0x0000024349b2e160, 0x0000024349b2e2f8]
Event: 6.743 Thread 0x0000024360964800 2492   !   3       java.lang.invoke.LambdaForm::lambdaName (49 bytes)
Event: 6.743 Thread 0x0000024360964800 nmethod 2492 0x0000024349b2e410 code [0x0000024349b2e5c0, 0x0000024349b2e6d8]
Event: 6.767 Thread 0x0000024360964800 2494       3       java.util.concurrent.ConcurrentHashMap::addCount (279 bytes)
Event: 6.770 Thread 0x0000024360964800 nmethod 2494 0x0000024349b2e790 code [0x0000024349b2e9e0, 0x0000024349b2f358]
Event: 6.808 Thread 0x0000024360964800 2496       3       java.util.concurrent.ThreadLocalRandom::mix32 (26 bytes)
Event: 6.808 Thread 0x0000024360964800 nmethod 2496 0x0000024349b2f610 code [0x0000024349b2f7c0, 0x0000024349b2f8d8]
Event: 6.808 Thread 0x0000024360964800 2497       3       java.lang.Thread::isInterrupted (6 bytes)
Event: 6.808 Thread 0x0000024360964800 nmethod 2497 0x0000024349b2f990 code [0x0000024349b2fb40, 0x0000024349b2fc88]
Event: 6.808 Thread 0x0000024360964800 2499       3       java.util.concurrent.ThreadLocalRandom::nextSeed (32 bytes)
Event: 6.809 Thread 0x0000024360964800 nmethod 2499 0x0000024349b2fd10 code [0x0000024349b2fec0, 0x0000024349b2fff8]
Event: 6.809 Thread 0x0000024360964800 2498       3       java.util.concurrent.ThreadLocalRandom::nextInt (74 bytes)
Event: 6.810 Thread 0x0000024360964800 nmethod 2498 0x0000024349b30090 code [0x0000024349b30280, 0x0000024349b30828]
Event: 6.831 Thread 0x0000024360964800 2500       3       java.util.concurrent.locks.ReentrantLock::lock (9 bytes)
Event: 6.832 Thread 0x0000024360964800 nmethod 2500 0x0000024349b30a10 code [0x0000024349b30c20, 0x0000024349b31058]
Event: 6.838 Thread 0x0000024361d11800 2501       4       jdk.internal.org.objectweb.asm.ClassWriter::newStringishItem (68 bytes)

GC Heap History (8 events):
Event: 1.689 GC heap before
{Heap before GC invocations=0 (full 0):
 garbage-first heap   total 129024K, used 33792K [0x0000000082000000, 0x0000000100000000)
  region size 1024K, 24 young (24576K), 0 survivors (0K)
 Metaspace       used 12039K, capacity 12181K, committed 12416K, reserved 1060864K
  class space    used 1080K, capacity 1143K, committed 1152K, reserved 1048576K
}
Event: 1.700 GC heap after
{Heap after GC invocations=1 (full 0):
 garbage-first heap   total 129024K, used 16569K [0x0000000082000000, 0x0000000100000000)
  region size 1024K, 3 young (3072K), 3 survivors (3072K)
 Metaspace       used 12039K, capacity 12181K, committed 12416K, reserved 1060864K
  class space    used 1080K, capacity 1143K, committed 1152K, reserved 1048576K
}
Event: 4.617 GC heap before
{Heap before GC invocations=1 (full 0):
 garbage-first heap   total 129024K, used 91321K [0x0000000082000000, 0x0000000100000000)
  region size 1024K, 75 young (76800K), 3 survivors (3072K)
 Metaspace       used 20786K, capacity 21125K, committed 21296K, reserved 1069056K
  class space    used 2014K, capacity 2120K, committed 2176K, reserved 1048576K
}
Event: 4.656 GC heap after
{Heap after GC invocations=2 (full 0):
 garbage-first heap   total 129024K, used 22338K [0x0000000082000000, 0x0000000100000000)
  region size 1024K, 9 young (9216K), 9 survivors (9216K)
 Metaspace       used 20786K, capacity 21125K, committed 21296K, reserved 1069056K
  class space    used 2014K, capacity 2120K, committed 2176K, reserved 1048576K
}
Event: 4.707 GC heap before
{Heap before GC invocations=2 (full 0):
 garbage-first heap   total 129024K, used 22338K [0x0000000082000000, 0x0000000100000000)
  region size 1024K, 10 young (10240K), 9 survivors (9216K)
 Metaspace       used 20926K, capacity 21221K, committed 21296K, reserved 1069056K
  class space    used 2028K, capacity 2152K, committed 2176K, reserved 1048576K
}
Event: 4.732 GC heap after
{Heap after GC invocations=3 (full 0):
 garbage-first heap   total 129024K, used 22868K [0x0000000082000000, 0x0000000100000000)
  region size 1024K, 1 young (1024K), 1 survivors (1024K)
 Metaspace       used 20926K, capacity 21221K, committed 21296K, reserved 1069056K
  class space    used 2028K, capacity 2152K, committed 2176K, reserved 1048576K
}
Event: 6.708 GC heap before
{Heap before GC invocations=4 (full 0):
 garbage-first heap   total 129024K, used 69972K [0x0000000082000000, 0x0000000100000000)
  region size 1024K, 48 young (49152K), 1 survivors (1024K)
 Metaspace       used 28765K, capacity 29440K, committed 29744K, reserved 1075200K
  class space    used 3112K, capacity 3400K, committed 3456K, reserved 1048576K
}
Event: 6.714 GC heap after
{Heap after GC invocations=5 (full 0):
 garbage-first heap   total 129024K, used 24495K [0x0000000082000000, 0x0000000100000000)
  region size 1024K, 3 young (3072K), 3 survivors (3072K)
 Metaspace       used 28765K, capacity 29440K, committed 29744K, reserved 1075200K
  class space    used 3112K, capacity 3400K, committed 3456K, reserved 1048576K
}

Deoptimization events (20 events):
Event: 6.397 Thread 0x000002433f181800 Uncommon trap: trap_request=0xffffff4d fr.pc=0x0000024350c16878 relative=0x00000000000010b8
Event: 6.397 Thread 0x000002433f181800 Uncommon trap: reason=unstable_if action=reinterpret pc=0x0000024350c16878 method=java.util.concurrent.ConcurrentHashMap.putVal(Ljava/lang/Object;Ljava/lang/Object;Z)Ljava/lang/Object; @ 148 c2
Event: 6.397 Thread 0x000002433f181800 DEOPT PACKING pc=0x0000024350c16878 sp=0x000000bb2a2fdfc0
Event: 6.397 Thread 0x000002433f181800 DEOPT UNPACKING pc=0x000002434910a1af sp=0x000000bb2a2fdf50 mode 2
Event: 6.463 Thread 0x000002433f181800 Uncommon trap: trap_request=0xffffffc6 fr.pc=0x0000024350ccd744 relative=0x0000000000000164
Event: 6.463 Thread 0x000002433f181800 Uncommon trap: reason=bimorphic_or_optimized_type_check action=maybe_recompile pc=0x0000024350ccd744 method=java.util.stream.ReferencePipeline$2$1.accept(Ljava/lang/Object;)V @ 21 c2
Event: 6.463 Thread 0x000002433f181800 DEOPT PACKING pc=0x0000024350ccd744 sp=0x000000bb2a2fdbf0
Event: 6.463 Thread 0x000002433f181800 DEOPT UNPACKING pc=0x000002434910a1af sp=0x000000bb2a2fdb88 mode 2
Event: 6.535 Thread 0x000002433f181800 Uncommon trap: trap_request=0xffffff4d fr.pc=0x0000024350c50d04 relative=0x0000000000001264
Event: 6.535 Thread 0x000002433f181800 Uncommon trap: reason=unstable_if action=reinterpret pc=0x0000024350c50d04 method=java.net.URL.<init>(Ljava/net/URL;Ljava/lang/String;Ljava/net/URLStreamHandler;)V @ 347 c2
Event: 6.535 Thread 0x000002433f181800 DEOPT PACKING pc=0x0000024350c50d04 sp=0x000000bb2a2fe9b0
Event: 6.535 Thread 0x000002433f181800 DEOPT UNPACKING pc=0x000002434910a1af sp=0x000000bb2a2fe930 mode 2
Event: 6.569 Thread 0x0000024362faa000 Uncommon trap: trap_request=0xffffffde fr.pc=0x0000024350cdf584 relative=0x0000000000001084
Event: 6.569 Thread 0x0000024362faa000 Uncommon trap: reason=class_check action=maybe_recompile pc=0x0000024350cdf584 method=java.util.regex.Pattern$BmpCharPropertyGreedy.match(Ljava/util/regex/Matcher;ILjava/lang/CharSequence;)Z @ 26 c2
Event: 6.569 Thread 0x0000024362faa000 DEOPT PACKING pc=0x0000024350cdf584 sp=0x000000bb2b8fb840
Event: 6.569 Thread 0x0000024362faa000 DEOPT UNPACKING pc=0x000002434910a1af sp=0x000000bb2b8fb820 mode 2
Event: 6.752 Thread 0x00000243621da000 Uncommon trap: trap_request=0xffffff4d fr.pc=0x0000024350c13ed0 relative=0x0000000000000170
Event: 6.752 Thread 0x00000243621da000 Uncommon trap: reason=unstable_if action=reinterpret pc=0x0000024350c13ed0 method=java.util.concurrent.ConcurrentHashMap.addCount(JI)V @ 34 c2
Event: 6.752 Thread 0x00000243621da000 DEOPT PACKING pc=0x0000024350c13ed0 sp=0x000000bb2cefb560
Event: 6.752 Thread 0x00000243621da000 DEOPT UNPACKING pc=0x000002434910a1af sp=0x000000bb2cefb4a0 mode 2

Classes redefined (0 events):
No events

Internal exceptions (20 events):
Event: 6.216 Thread 0x0000024362faa000 Exception <a 'java/lang/NoSuchMethodError'{0x0000000087eff970}: 'java.lang.Object java.lang.invoke.DirectMethodHandle$Holder.invokeStatic(java.lang.Object, java.lang.Object, java.lang.Object, java.lang.Object, java.lang.Object, java.lang.Object, java.lang.Object, java.lang.Object, java.lang.Object, java.lang.Object, java.lang.Object, int, int)'> (0x0000000087eff970) thrown at [s\src\hotspot\share\interpreter\linkResolver.cpp, line 773]
Event: 6.221 Thread 0x000002433f181800 Exception <a 'java/lang/NoSuchMethodError'{0x0000000087e6a360}: 'java.lang.Object java.lang.invoke.DirectMethodHandle$Holder.invokeSpecial(java.lang.Object, java.lang.Object, java.lang.Object, int, java.lang.Object)'> (0x0000000087e6a360) thrown at [s\src\hotspot\share\interpreter\linkResolver.cpp, line 773]
Event: 6.222 Thread 0x000002433f181800 Exception <a 'java/lang/NoSuchMethodError'{0x0000000087e72288}: 'java.lang.Object java.lang.invoke.DirectMethodHandle$Holder.invokeStatic(java.lang.Object, java.lang.Object, java.lang.Object, int, java.lang.Object)'> (0x0000000087e72288) thrown at [s\src\hotspot\share\interpreter\linkResolver.cpp, line 773]
Event: 6.224 Thread 0x000002433f181800 Exception <a 'java/lang/NoSuchMethodError'{0x0000000087e78c90}: 'java.lang.Object java.lang.invoke.Invokers$Holder.linkToTargetMethod(java.lang.Object, java.lang.Object, int, java.lang.Object, java.lang.Object)'> (0x0000000087e78c90) thrown at [s\src\hotspot\share\interpreter\linkResolver.cpp, line 773]
Event: 6.224 Thread 0x0000024362faa000 Exception <a 'java/lang/NoSuchMethodError'{0x0000000087d1fcd0}: 'java.lang.Object java.lang.invoke.DirectMethodHandle$Holder.invokeStatic(java.lang.Object, java.lang.Object, java.lang.Object, java.lang.Object, java.lang.Object, java.lang.Object, java.lang.Object, java.lang.Object, java.lang.Object, java.lang.Object, java.lang.Object, int, int, java.lang.Object)'> (0x0000000087d1fcd0) thrown at [s\src\hotspot\share\interpreter\linkResolver.cpp, line 773]
Event: 6.227 Thread 0x000002433f181800 Exception <a 'java/lang/NoSuchMethodError'{0x0000000087e860d8}: 'int java.lang.invoke.DirectMethodHandle$Holder.invokeStatic(java.lang.Object, int, java.lang.Object, java.lang.Object)'> (0x0000000087e860d8) thrown at [s\src\hotspot\share\interpreter\linkResolver.cpp, line 773]
Event: 6.228 Thread 0x000002433f181800 Exception <a 'java/lang/NoSuchMethodError'{0x0000000087e8d0e8}: 'java.lang.Object java.lang.invoke.DirectMethodHandle$Holder.invokeStatic(java.lang.Object, int, java.lang.Object)'> (0x0000000087e8d0e8) thrown at [s\src\hotspot\share\interpreter\linkResolver.cpp, line 773]
Event: 6.228 Thread 0x0000024362faa000 Exception <a 'java/lang/NoSuchMethodError'{0x0000000087d40908}: 'java.lang.Object java.lang.invoke.DirectMethodHandle$Holder.invokeStatic(java.lang.Object, java.lang.Object, java.lang.Object, java.lang.Object, java.lang.Object, java.lang.Object, java.lang.Object, java.lang.Object, java.lang.Object, java.lang.Object, java.lang.Object, int, int, java.lang.Object, java.lang.Object)'> (0x0000000087d40908) thrown at [s\src\hotspot\share\interpreter\linkResolver.cpp, line 773]
Event: 6.229 Thread 0x000002433f181800 Exception <a 'java/lang/NoSuchMethodError'{0x0000000087e91398}: 'int java.lang.invoke.DirectMethodHandle$Holder.invokeSpecialIFC(java.lang.Object, java.lang.Object, java.lang.Object, java.lang.Object)'> (0x0000000087e91398) thrown at [s\src\hotspot\share\interpreter\linkResolver.cpp, line 773]
Event: 6.231 Thread 0x0000024362faa000 Exception <a 'java/lang/reflect/InvocationTargetException'{0x0000000087d542a8}> (0x0000000087d542a8) thrown at [s\src\hotspot\share\runtime\reflection.cpp, line 1245]
Event: 6.232 Thread 0x0000024362faa000 Exception <a 'java/lang/reflect/InvocationTargetException'{0x0000000087d55040}> (0x0000000087d55040) thrown at [s\src\hotspot\share\runtime\reflection.cpp, line 1245]
Event: 6.346 Thread 0x000002433f181800 Exception <a 'java/lang/NoSuchMethodError'{0x0000000087aa66a0}: 'void java.lang.invoke.DirectMethodHandle$Holder.invokeStaticInit(java.lang.Object, java.lang.Object)'> (0x0000000087aa66a0) thrown at [s\src\hotspot\share\interpreter\linkResolver.cpp, line 773]
Event: 6.353 Thread 0x000002433f181800 Exception <a 'java/lang/NoSuchMethodError'{0x0000000087aba7d8}: 'void java.lang.invoke.DirectMethodHandle$Holder.invokeStaticInit(java.lang.Object, java.lang.Object, java.lang.Object)'> (0x0000000087aba7d8) thrown at [s\src\hotspot\share\interpreter\linkResolver.cpp, line 773]
Event: 6.498 Thread 0x000002433f181800 Exception <a 'java/lang/NoSuchMethodError'{0x000000008764c0e8}: 'void java.lang.invoke.DirectMethodHandle$Holder.invokeSpecial(java.lang.Object, java.lang.Object, java.lang.Object, java.lang.Object, java.lang.Object)'> (0x000000008764c0e8) thrown at [s\src\hotspot\share\interpreter\linkResolver.cpp, line 773]
Event: 6.521 Thread 0x000002433f181800 Exception <a 'java/lang/IncompatibleClassChangeError'{0x000000008767ff40}: Found class java.lang.Object, but interface was expected> (0x000000008767ff40) thrown at [s\src\hotspot\share\interpreter\linkResolver.cpp, line 839]
Event: 6.522 Thread 0x00000243621da000 Exception <a 'java/lang/NoClassDefFoundError'{0x00000000875285a0}: javax/validation/Validation> (0x00000000875285a0) thrown at [s\src\hotspot\share\classfile\systemDictionary.cpp, line 219]
Event: 6.555 Thread 0x000002433f181800 Exception <a 'java/lang/NoSuchMethodError'{0x00000000875df2c8}: 'java.lang.Object java.lang.invoke.DirectMethodHandle$Holder.invokeVirtual(java.lang.Object, java.lang.Object, java.lang.Object)'> (0x00000000875df2c8) thrown at [s\src\hotspot\share\interpreter\linkResolver.cpp, line 773]
Event: 6.599 Thread 0x000002433f181800 Exception <a 'java/lang/NoSuchMethodError'{0x00000000873923c8}: 'java.lang.Object java.lang.invoke.DirectMethodHandle$Holder.invokeStaticInit(java.lang.Object, int)'> (0x00000000873923c8) thrown at [s\src\hotspot\share\interpreter\linkResolver.cpp, line 773]
Event: 6.662 Thread 0x00000243621da000 Exception <a 'java/lang/NoSuchMethodError'{0x0000000086f1f458}: 'java.lang.Object java.lang.invoke.DirectMethodHandle$Holder.invokeStaticInit(java.lang.Object, java.lang.Object, java.lang.Object, java.lang.Object, java.lang.Object)'> (0x0000000086f1f458) thrown at [s\src\hotspot\share\interpreter\linkResolver.cpp, line 773]
Event: 6.737 Thread 0x000002433f181800 Exception <a 'java/lang/NoSuchMethodError'{0x0000000089d79068}: 'int java.lang.invoke.DirectMethodHandle$Holder.invokeSpecialIFC(java.lang.Object, java.lang.Object, int)'> (0x0000000089d79068) thrown at [s\src\hotspot\share\interpreter\linkResolver.cpp, line 773]

Events (20 events):
Event: 6.849 loading class org/springframework/context/annotation/ConditionContext
Event: 6.849 loading class org/springframework/context/annotation/ConditionContext done
Event: 6.850 loading class org/springframework/context/annotation/ConditionEvaluator$ConditionContextImpl
Event: 6.850 loading class org/springframework/context/annotation/ConditionEvaluator$ConditionContextImpl done
Event: 6.850 loading class org/glassfish/grizzly/filterchain/DefaultFilterChain
Event: 6.850 loading class org/glassfish/grizzly/filterchain/DefaultFilterChain done
Event: 6.853 loading class com/fasterxml/jackson/databind/Module$SetupContext
Event: 6.853 loading class com/fasterxml/jackson/databind/Module$SetupContext done
Event: 6.853 loading class org/springframework/context/annotation/AnnotationConfigUtils
Event: 6.853 loading class org/springframework/context/annotation/AnnotationConfigUtils done
Event: 6.854 loading class com/fasterxml/jackson/databind/jsontype/TypeResolverBuilder
Event: 6.854 loading class com/fasterxml/jackson/databind/jsontype/TypeResolverBuilder done
Event: 6.855 loading class org/glassfish/grizzly/filterchain/ListFacadeFilterChain
Event: 6.855 loading class org/glassfish/grizzly/filterchain/ListFacadeFilterChain done
Event: 6.856 loading class org/glassfish/grizzly/filterchain/AbstractFilterChain
Event: 6.856 loading class org/glassfish/grizzly/filterchain/AbstractFilterChain done
Event: 6.856 loading class com/fasterxml/jackson/databind/introspect/VisibilityChecker
Event: 6.856 loading class com/fasterxml/jackson/databind/introspect/VisibilityChecker done
Event: 6.856 loading class javax/annotation/Resource
Event: 6.856 loading class javax/annotation/Resource done


Dynamic libraries:
0x00007ff6ae170000 - 0x00007ff6ae17e000 	C:\Users\marko\.gradle\jdks\adoptium-11-x64-hotspot-windows\bin\java.exe
0x00007ffd5a070000 - 0x00007ffd5a268000 	C:\WINDOWS\SYSTEM32\ntdll.dll
0x00007ffd58630000 - 0x00007ffd586ed000 	C:\WINDOWS\System32\KERNEL32.DLL
0x00007ffd57d00000 - 0x00007ffd57ff6000 	C:\WINDOWS\System32\KERNELBASE.dll
0x00007ffd57720000 - 0x00007ffd57820000 	C:\WINDOWS\System32\ucrtbase.dll
0x00007ffd47bd0000 - 0x00007ffd47be7000 	C:\Users\marko\.gradle\jdks\adoptium-11-x64-hotspot-windows\bin\jli.dll
0x00007ffd47bb0000 - 0x00007ffd47bcb000 	C:\Users\marko\.gradle\jdks\adoptium-11-x64-hotspot-windows\bin\VCRUNTIME140.dll
0x00007ffd58280000 - 0x00007ffd5841f000 	C:\WINDOWS\System32\USER32.dll
0x00007ffd578d0000 - 0x00007ffd578f2000 	C:\WINDOWS\System32\win32u.dll
0x00007ffd41610000 - 0x00007ffd418aa000 	C:\WINDOWS\WinSxS\amd64_microsoft.windows.common-controls_6595b64144ccf1df_6.0.19041.3636_none_60b6a03d71f818d5\COMCTL32.dll
0x00007ffd5a000000 - 0x00007ffd5a02b000 	C:\WINDOWS\System32\GDI32.dll
0x00007ffd579e0000 - 0x00007ffd57af7000 	C:\WINDOWS\System32\gdi32full.dll
0x00007ffd58000000 - 0x00007ffd5809d000 	C:\WINDOWS\System32\msvcp_win.dll
0x00007ffd580a0000 - 0x00007ffd5813e000 	C:\WINDOWS\System32\msvcrt.dll
0x00007ffd59f30000 - 0x00007ffd59f62000 	C:\WINDOWS\System32\IMM32.DLL
0x00007ffd49160000 - 0x00007ffd4916c000 	C:\Users\marko\.gradle\jdks\adoptium-11-x64-hotspot-windows\bin\vcruntime140_1.dll
0x00007ffd274f0000 - 0x00007ffd2757d000 	C:\Users\marko\.gradle\jdks\adoptium-11-x64-hotspot-windows\bin\msvcp140.dll
0x00007ffd1faa0000 - 0x00007ffd20663000 	C:\Users\marko\.gradle\jdks\adoptium-11-x64-hotspot-windows\bin\server\jvm.dll
0x00007ffd59710000 - 0x00007ffd597c0000 	C:\WINDOWS\System32\ADVAPI32.dll
0x00007ffd58750000 - 0x00007ffd587f0000 	C:\WINDOWS\System32\sechost.dll
0x00007ffd595e0000 - 0x00007ffd59703000 	C:\WINDOWS\System32\RPCRT4.dll
0x00007ffd57b70000 - 0x00007ffd57b97000 	C:\WINDOWS\System32\bcrypt.dll
0x00007ffd58cd0000 - 0x00007ffd58cd8000 	C:\WINDOWS\System32\PSAPI.DLL
0x00007ffd54870000 - 0x00007ffd54879000 	C:\WINDOWS\SYSTEM32\WSOCK32.dll
0x00007ffd3d560000 - 0x00007ffd3d587000 	C:\WINDOWS\SYSTEM32\WINMM.dll
0x00007ffd59510000 - 0x00007ffd5957b000 	C:\WINDOWS\System32\WS2_32.dll
0x00007ffd4a520000 - 0x00007ffd4a52a000 	C:\WINDOWS\SYSTEM32\VERSION.dll
0x00007ffd55f00000 - 0x00007ffd55f12000 	C:\WINDOWS\SYSTEM32\kernel.appcore.dll
0x00007ffd47f60000 - 0x00007ffd47f70000 	C:\Users\marko\.gradle\jdks\adoptium-11-x64-hotspot-windows\bin\verify.dll
0x00007ffd553f0000 - 0x00007ffd555d4000 	C:\WINDOWS\SYSTEM32\DBGHELP.DLL
0x00007ffd52bd0000 - 0x00007ffd52c04000 	C:\WINDOWS\SYSTEM32\dbgcore.DLL
0x00007ffd57950000 - 0x00007ffd579d2000 	C:\WINDOWS\System32\bcryptPrimitives.dll
0x00007ffd35530000 - 0x00007ffd35558000 	C:\Users\marko\.gradle\jdks\adoptium-11-x64-hotspot-windows\bin\java.dll
0x00007ffd45d40000 - 0x00007ffd45d4a000 	C:\Users\marko\.gradle\jdks\adoptium-11-x64-hotspot-windows\bin\jimage.dll
0x00007ffd35510000 - 0x00007ffd35528000 	C:\Users\marko\.gradle\jdks\adoptium-11-x64-hotspot-windows\bin\zip.dll
0x00007ffd597c0000 - 0x00007ffd59f2b000 	C:\WINDOWS\System32\SHELL32.dll
0x00007ffd555e0000 - 0x00007ffd55d7e000 	C:\WINDOWS\SYSTEM32\windows.storage.dll
0x00007ffd587f0000 - 0x00007ffd58b43000 	C:\WINDOWS\System32\combase.dll
0x00007ffd570e0000 - 0x00007ffd5710e000 	C:\WINDOWS\SYSTEM32\Wldp.dll
0x00007ffd59440000 - 0x00007ffd5950d000 	C:\WINDOWS\System32\OLEAUT32.dll
0x00007ffd581d0000 - 0x00007ffd5827d000 	C:\WINDOWS\System32\SHCORE.dll
0x00007ffd58c60000 - 0x00007ffd58cb5000 	C:\WINDOWS\System32\shlwapi.dll
0x00007ffd57650000 - 0x00007ffd57673000 	C:\WINDOWS\SYSTEM32\profapi.dll
0x00007ffd354f0000 - 0x00007ffd35509000 	C:\Users\marko\.gradle\jdks\adoptium-11-x64-hotspot-windows\bin\net.dll
0x00007ffd4a530000 - 0x00007ffd4a63a000 	C:\WINDOWS\SYSTEM32\WINHTTP.dll
0x00007ffd56de0000 - 0x00007ffd56e4a000 	C:\WINDOWS\system32\mswsock.dll
0x00007ffd35240000 - 0x00007ffd35252000 	C:\Users\marko\.gradle\jdks\adoptium-11-x64-hotspot-windows\bin\nio.dll
0x00007ffd57030000 - 0x00007ffd57048000 	C:\WINDOWS\SYSTEM32\CRYPTSP.dll
0x00007ffd566c0000 - 0x00007ffd566f4000 	C:\WINDOWS\system32\rsaenh.dll
0x00007ffd57610000 - 0x00007ffd5763e000 	C:\WINDOWS\SYSTEM32\USERENV.dll
0x00007ffd57050000 - 0x00007ffd5705c000 	C:\WINDOWS\SYSTEM32\CRYPTBASE.dll
0x00007ffd56aa0000 - 0x00007ffd56adb000 	C:\WINDOWS\SYSTEM32\IPHLPAPI.DLL
0x00007ffd58140000 - 0x00007ffd58148000 	C:\WINDOWS\System32\NSI.dll
0x00007ffd4f040000 - 0x00007ffd4f057000 	C:\WINDOWS\SYSTEM32\dhcpcsvc6.DLL
0x00007ffd4f020000 - 0x00007ffd4f03d000 	C:\WINDOWS\SYSTEM32\dhcpcsvc.DLL
0x00007ffd56ae0000 - 0x00007ffd56bab000 	C:\WINDOWS\SYSTEM32\DNSAPI.dll
0x00007ffd45a50000 - 0x00007ffd45a59000 	C:\Users\marko\.gradle\jdks\adoptium-11-x64-hotspot-windows\bin\management.dll
0x00007ffd3e680000 - 0x00007ffd3e68b000 	C:\Users\marko\.gradle\jdks\adoptium-11-x64-hotspot-windows\bin\management_ext.dll
0x00007ffd2e980000 - 0x00007ffd2e997000 	C:\WINDOWS\system32\napinsp.dll
0x00007ffd2d650000 - 0x00007ffd2d66b000 	C:\WINDOWS\system32\pnrpnsp.dll
0x00007ffd31fb0000 - 0x00007ffd31fc5000 	C:\WINDOWS\system32\wshbth.dll
0x00007ffd525b0000 - 0x00007ffd525cd000 	C:\WINDOWS\system32\NLAapi.dll
0x00007ffd29e80000 - 0x00007ffd29e92000 	C:\WINDOWS\System32\winrnr.dll
0x00007ffd49d20000 - 0x00007ffd49d2a000 	C:\Windows\System32\rasadhlp.dll
0x00007ffd49e20000 - 0x00007ffd49ea0000 	C:\WINDOWS\System32\fwpuclnt.dll

dbghelp: loaded successfully - version: 4.0.5 - missing functions: none
symbol engine: initialized successfully - sym options: 0x614 - pdb path: .;C:\Users\marko\.gradle\jdks\adoptium-11-x64-hotspot-windows\bin;C:\WINDOWS\SYSTEM32;C:\WINDOWS\WinSxS\amd64_microsoft.windows.common-controls_6595b64144ccf1df_6.0.19041.3636_none_60b6a03d71f818d5;C:\Users\marko\.gradle\jdks\adoptium-11-x64-hotspot-windows\bin\server

VM Arguments:
jvm_args: --module-path=C:\Users\marko\.gradle\caches\modules-2\files-2.1\org.openjfx\javafx-fxml\11\d5ff9262ef49d166db658d15f37e3ecff38fde4b\javafx-fxml-11-win.jar;C:\Users\marko\.gradle\caches\modules-2\files-2.1\org.openjfx\javafx-web\11\5c8a3b6cacde832437dff8e21a82749b5f66c1cf\javafx-web-11-win.jar;C:\Users\marko\.gradle\caches\modules-2\files-2.1\org.openjfx\javafx-controls\11\af8d24de44e16a19ae959028eb23a48c145fb682\javafx-controls-11-win.jar;C:\Users\marko\.gradle\caches\modules-2\files-2.1\org.openjfx\javafx-media\11\b7a33f3ff0cad17af71e883c0921bc6819cad9c8\javafx-media-11-win.jar;C:\Users\marko\.gradle\caches\modules-2\files-2.1\org.openjfx\javafx-graphics\11\9345c7ea43dbcc73a62eca5332717b4ce617e6c6\javafx-graphics-11-win.jar;C:\Users\marko\.gradle\caches\modules-2\files-2.1\org.openjfx\javafx-base\11\ad3a4acfaa28b484d30c40c1f009445cc3f6e68b\javafx-base-11-win.jar --add-modules=javafx.controls,javafx.fxml,javafx.web,javafx.graphics -Dfile.encoding=windows-1252 -Duser.country=IT -Duser.language=it -Duser.variant 
java_command: it.unibo.ctxbasicrobot.MainCtxbasicrobotKt
java_class_path (initial): C:\Users\marko\Desktop\ISS_24\issLab24\BoundaryWalk\build\classes\java\main;C:\Users\marko\Desktop\ISS_24\issLab24\BoundaryWalk\build\classes\kotlin\main;C:\Users\marko\Desktop\ISS_24\issLab24\BoundaryWalk\build\resources\main;C:\Users\marko\.gradle\caches\modules-2\files-2.1\org.jetbrains.kotlinx\kotlinx-coroutines-core-jvm\1.6.0\f3b8fd26c2e76d2f18cbc36aacb6e349fcb9fd5f\kotlinx-coroutines-core-jvm-1.6.0.jar;C:\Users\marko\.gradle\caches\modules-2\files-2.1\com.squareup.okhttp3\okhttp\4.9.3\b0b14b3d12980912723fb8b66afb48dcda742fcb\okhttp-4.9.3.jar;C:\Users\marko\.gradle\caches\modules-2\files-2.1\org.jetbrains.kotlin\kotlin-stdlib-jdk7\1.9.22\c4b17283ad7939e778989663f8301d871987fa5e\kotlin-stdlib-jdk7-1.9.22.jar;C:\Users\marko\.gradle\caches\modules-2\files-2.1\com.squareup.okio\okio\2.8.0\49b64e09d81c0cc84b267edd0c2fd7df5a64c78c\okio-jvm-2.8.0.jar;C:\Users\marko\.gradle\caches\modules-2\files-2.1\org.jetbrains.kotlin\kotlin-stdlib\1.9.22\d6c44cd08d8f3f9bece8101216dbe6553365c6e3\kotlin-stdlib-1.9.22.jar;C:\Users\marko\.gradle\caches\modules-2\files-2.1\org.jetbrains.kotlin\kotlin-stdlib-jdk8\1.9.22\dea0c11e2fa503ab891c8a090e3b54754472975d\kotlin-stdlib-jdk8-1.9.22.jar;C:\Users\marko\.gradle\caches\modules-2\files-2.1\org.eclipse.californium\californium-proxy2\3.5.0\75d72a499b522210a20e2343ab491b63e315aa3a\californium-proxy2-3.5.0.jar;C:\Users\marko\.gradle\caches\modules-2\files-2.1\com.google.guava\guava\30.1.1-jre\87e0fd1df874ea3cbe577702fe6f17068b790fd8\guava-30.1.1-jre.jar;C:\Users\marko\.gradle\caches\modules-2\files-2.1\javax.websocket\javax.websocket-api\1.1\eeeb68631711256418dfbb47b11c731b6c8f6235\javax.websocket-api-1.1.jar;C:\Users\marko\.gradle\caches\modules-2\files-2.1\org.glassfish.tyrus.bundles\tyrus-standalone-client\1.9\cf9e6cdbd6ad2a72bc54c0823c0ac31c76df4b9e\tyrus-standalone-client-1.9.jar;C:\Users\marko\.gradle\caches\modules-2\files-2.1\org.apache.httpcomponents\httpclient\4.5.13\e5f6cae5ca7ecaac1ec2827a9e2d65ae2869c
Launcher Type: SUN_STANDARD

[Global flags]
     intx CICompilerCount                          = 4                                         {product} {ergonomic}
     uint ConcGCThreads                            = 2                                         {product} {ergonomic}
     uint G1ConcRefinementThreads                  = 8                                         {product} {ergonomic}
   size_t G1HeapRegionSize                         = 1048576                                   {product} {ergonomic}
    uintx GCDrainStackTargetSize                   = 64                                        {product} {ergonomic}
   size_t InitialHeapSize                          = 132120576                                 {product} {ergonomic}
   size_t MarkStackSize                            = 4194304                                   {product} {ergonomic}
   size_t MaxHeapSize                              = 2113929216                                {product} {ergonomic}
   size_t MaxNewSize                               = 1267728384                                {product} {ergonomic}
   size_t MinHeapDeltaBytes                        = 1048576                                   {product} {ergonomic}
    uintx NonNMethodCodeHeapSize                   = 5836300                                {pd product} {ergonomic}
    uintx NonProfiledCodeHeapSize                  = 122910970                              {pd product} {ergonomic}
    uintx ProfiledCodeHeapSize                     = 122910970                              {pd product} {ergonomic}
    uintx ReservedCodeCacheSize                    = 251658240                              {pd product} {ergonomic}
     bool SegmentedCodeCache                       = true                                      {product} {ergonomic}
     bool UseCompressedClassPointers               = true                                 {lp64_product} {ergonomic}
     bool UseCompressedOops                        = true                                 {lp64_product} {ergonomic}
     bool UseG1GC                                  = true                                      {product} {ergonomic}
     bool UseLargePagesIndividualAllocation        = false                                  {pd product} {ergonomic}

Logging:
Log output configuration:
 #0: stdout all=warning uptime,level,tags
 #1: stderr all=off uptime,level,tags

Environment Variables:
JAVA_HOME=C:\Program Files\Java\jdk-17.0.11
CLASSPATH=C:\Users\marko\Desktop\ISS_24\issLab24\BoundaryWalk\\gradle\wrapper\gradle-wrapper.jar
PATH=C:\Program Files\Java\jdk-17.0.11\bin;C:\Gradle\gradle-8.6\bin;C:\Program Files\Python310\Scripts\;C:\Program Files\Python310\;C:\Program Files\Common Files\Oracle\Java\javapath;C:\Program Files (x86)\Common Files\Oracle\Java\javapath;C:\Program Files (x86)\Razer Chroma SDK\bin;C:\Program Files\Razer Chroma SDK\bin;C:\Program Files (x86)\Razer\ChromaBroadcast\bin;C:\Program Files\Razer\ChromaBroadcast\bin;C:\Program Files (x86)\Intel\Intel(R) Management Engine Components\iCLS\;C:\Program Files\Intel\Intel(R) Management Engine Components\iCLS\;C:\WINDOWS\system32;C:\WINDOWS;C:\WINDOWS\System32\Wbem;C:\WINDOWS\System32\WindowsPowerShell\v1.0\;C:\Program Files (x86)\Intel\Intel(R) Management Engine Components\DAL;C:\Program Files\Intel\Intel(R) Management Engine Components\DAL;C:\Program Files (x86)\Intel\Intel(R) Management Engine Components\IPT;C:\Program Files\Intel\Intel(R) Management Engine Components\IPT;C:\WINDOWS\System32\OpenSSH\;C:\WINDOWS\system32\config\systemprofile\AppData\Local\Microsoft\WindowsApps;C:\WINDOWS\system32;C:\WINDOWS;C:\WINDOWS\System32\Wbem;C:\WINDOWS\System32\WindowsPowerShell\v1.0\;C:\WINDOWS\System32\OpenSSH\;C:\Users\marko\AppData\Roaming\nvm;C:\Program Files\nodejs;C:\Program Files\Git\cmd;C:\Program Files\Git LFS;C:\Users\marko\AppData\Roaming\Python\Python310\Scripts;C:\Program Files\Docker\Docker\resources\bin;C:\Program Files\nodejs\;C:\Program Files\Graphviz\bin;C:\Users\marko\AppData\Local\Programs\Microsoft VS Code\bin;C:\Users\marko\AppData\Local\Microsoft\WindowsApps;C:\Users\marko\AppData\Roaming\nvm;C:\Program Files\nodejs;C:\Users\marko\AppData\Roaming\Python\Python310\Scripts;C:\Users\marko\Desktop\antlr;;C:\Users\marko\AppData\Local\JetBrains\IntelliJ IDEA Community Edition 2022.3.2\bin;;C:\Users\marko\AppData\Roaming\npm
USERNAME=marko
OS=Windows_NT
PROCESSOR_IDENTIFIER=Intel64 Family 6 Model 142 Stepping 10, GenuineIntel
TMP=C:\Users\marko\AppData\Local\Temp
TEMP=C:\Users\marko\AppData\Local\Temp



---------------  S Y S T E M  ---------------

OS: Windows 10 , 64 bit Build 19041 (10.0.19041.3636)
OS uptime: 0 days 0:54 hours
Hyper-V role detected

CPU:total 8 (initial active 8) (4 cores per cpu, 2 threads per core) family 6 model 142 stepping 10 microcode 0xb4, cmov, cx8, fxsr, mmx, sse, sse2, sse3, ssse3, sse4.1, sse4.2, popcnt, avx, avx2, aes, clmul, erms, 3dnowpref, lzcnt, ht, tsc, tscinvbit, bmi1, bmi2, adx, fma

Memory: 4k page, system-wide physical 8058M (549M free)
TotalPageFile size 8058M (AvailPageFile size 14M)
current process WorkingSet (physical memory assigned to process): 214M, peak: 223M
current process commit charge ("private bytes"): 281M, peak: 290M

vm_info: OpenJDK 64-Bit Server VM (11.0.23+9) for windows-amd64 JRE (11.0.23+9), built on Apr 17 2024 12:39:58 by "" with MS VC++ 16.10 / 16.11 (VS2019)

END.
