#
# There is insufficient memory for the Java Runtime Environment to continue.
# Native memory allocation (malloc) failed to allocate 1218416 bytes for Chunk::new
# Possible reasons:
#   The system is out of physical RAM or swap space
#   The process is running with CompressedOops enabled, and the Java Heap may be blocking the growth of the native heap
# Possible solutions:
#   Reduce memory load on the system
#   Increase physical memory or swap space
#   Check if swap backing store is full
#   Decrease Java heap size (-Xmx/-Xms)
#   Decrease number of Java threads
#   Decrease Java thread stack sizes (-Xss)
#   Set larger code cache with -XX:ReservedCodeCacheSize=
#   JVM is running with Unscaled Compressed Oops mode in which the Java heap is
#     placed in the first 4GB address space. The Java Heap base address is the
#     maximum limit for the native heap growth. Please use -XX:HeapBaseMinAddress
#     to set the Java Heap base and to place the Java Heap above 4GB virtual address.
# This output file may be truncated or incomplete.
#
#  Out of Memory Error (./open/src/hotspot/share/memory/arena.cpp:197), pid=260, tid=14252
#
# JRE version: Java(TM) SE Runtime Environment 18.9 (11.0.17+10) (build 11.0.17+10-LTS-269)
# Java VM: Java HotSpot(TM) 64-Bit Server VM 18.9 (11.0.17+10-LTS-269, mixed mode, tiered, compressed oops, g1 gc, windows-amd64)
# No core dump will be written. Minidumps are not enabled by default on client versions of Windows
#

---------------  S U M M A R Y ------------

Command Line: --add-opens=java.base/java.util=ALL-UNNAMED --add-opens=java.base/java.lang=ALL-UNNAMED --add-opens=java.base/java.lang.invoke=ALL-UNNAMED --add-opens=java.prefs/java.util.prefs=ALL-UNNAMED --add-opens=java.base/java.nio.charset=ALL-UNNAMED --add-opens=java.base/java.net=ALL-UNNAMED --add-opens=java.base/java.util.concurrent.atomic=ALL-UNNAMED -XX:MaxMetaspaceSize=384m -XX:+HeapDumpOnOutOfMemoryError -Xms256m -Xmx512m -Dfile.encoding=windows-1252 -Duser.country=IT -Duser.language=it -Duser.variant -javaagent:C:\Users\marko\.gradle\wrapper\dists\gradle-8.4-bin\1w5dpkrfk8irigvoxmyhowfim\gradle-8.4\lib\agents\gradle-instrumentation-agent-8.4.jar org.gradle.launcher.daemon.bootstrap.GradleDaemon 8.4

Host: Intel(R) Core(TM) i5-8250U CPU @ 1.60GHz, 8 cores, 7G,  Windows 10 , 64 bit Build 19041 (10.0.19041.3636)
Time: Thu May  2 16:07:20 2024 ora legale Europa occidentale elapsed time: 222.081116 seconds (0d 0h 3m 42s)

---------------  T H R E A D  ---------------

Current thread (0x000001c3a2236800):  JavaThread "C2 CompilerThread0" daemon [_thread_in_native, id=14252, stack(0x0000009a8c500000,0x0000009a8c600000)]


Current CompileTask:
C2: 222081 14961       4       org.gradle.api.internal.artifacts.ivyservice.modulecache.ModuleMetadataSerializer$Reader::readMavenDependency (148 bytes)

Stack: [0x0000009a8c500000,0x0000009a8c600000]
Native frames: (J=compiled Java code, j=interpreted, Vv=VM code, C=native code)
V  [jvm.dll+0x62b5da]
V  [jvm.dll+0x7653df]
V  [jvm.dll+0x766a89]
V  [jvm.dll+0x767113]
V  [jvm.dll+0x23dd28]
V  [jvm.dll+0xb2a1c]
V  [jvm.dll+0xb2fdc]
V  [jvm.dll+0x341597]
V  [jvm.dll+0x18cc59]
V  [jvm.dll+0x1f8815]
V  [jvm.dll+0x1f78fd]
V  [jvm.dll+0x177c91]
V  [jvm.dll+0x207296]
V  [jvm.dll+0x20542b]
V  [jvm.dll+0x72b2c0]
V  [jvm.dll+0x723e64]
V  [jvm.dll+0x62a485]
C  [ucrtbase.dll+0x21bb2]
C  [KERNEL32.DLL+0x17344]
C  [ntdll.dll+0x526b1]


---------------  P R O C E S S  ---------------

Threads class SMR info:
_java_thread_list=0x000001c3a8d9a530, length=108, elements={
0x000001c387220800, 0x000001c3a21b6000, 0x000001c3a21b7000, 0x000001c3a2230000,
0x000001c3a2231800, 0x000001c3a2233800, 0x000001c3a2236800, 0x000001c3a2239800,
0x000001c3a2246000, 0x000001c3a1969000, 0x000001c3a46d6000, 0x000001c3a2e81800,
0x000001c3a46ef000, 0x000001c3a23a7800, 0x000001c3a23a9000, 0x000001c3a23a3000,
0x000001c3a23a9800, 0x000001c3a23a4000, 0x000001c3a4fa0000, 0x000001c3a4fa2000,
0x000001c3a4fa3000, 0x000001c3a4f9d800, 0x000001c3a4f9f000, 0x000001c3a286b000,
0x000001c3a2871800, 0x000001c3a286f000, 0x000001c3a2872800, 0x000001c3a2870800,
0x000001c3a2873000, 0x000001c3a2874000, 0x000001c3a2878000, 0x000001c3a2879000,
0x000001c3a2877000, 0x000001c3a2875000, 0x000001c3a8d8e800, 0x000001c3a8d89800,
0x000001c3a8d8b000, 0x000001c3a2276800, 0x000001c3a2277800, 0x000001c3aaf88800,
0x000001c3aaf87800, 0x000001c3aaf83000, 0x000001c3aaf83800, 0x000001c3aaf87000,
0x000001c3aaf89800, 0x000001c3aaf84800, 0x000001c3aaf8b000, 0x000001c3aaf85000,
0x000001c3aaf8b800, 0x000001c3aaf86000, 0x000001c3aaf8d800, 0x000001c3aaf8e000,
0x000001c3aaf90800, 0x000001c3aaf8f000, 0x000001c3aaf91800, 0x000001c3aaf8c800,
0x000001c3aaf90000, 0x000001c3a3659800, 0x000001c3a3656000, 0x000001c3a365a800,
0x000001c3a3655800, 0x000001c3a3657000, 0x000001c3a3658000, 0x000001c3a3654800,
0x000001c3a365e800, 0x000001c3a3658800, 0x000001c3a3661000, 0x000001c3a365b000,
0x000001c3a365c000, 0x000001c3a3660000, 0x000001c3a365f000, 0x000001c3a35cc000,
0x000001c3a365d800, 0x000001c3a3661800, 0x000001c3a3662800, 0x000001c3a3663800,
0x000001c3a8d80800, 0x000001c3a8d85800, 0x000001c3a8d83000, 0x000001c3a8d86000,
0x000001c3a8d84800, 0x000001c3a8d83800, 0x000001c3a8d82000, 0x000001c3a8d87000,
0x000001c3a8d81800, 0x000001c3a8d8a000, 0x000001c3a8d8c000, 0x000001c3a8d88800,
0x000001c3a8d8c800, 0x000001c3a8d8d800, 0x000001c3a8d88000, 0x000001c3a8d8f000,
0x000001c3a4fa4000, 0x000001c3a4fa5800, 0x000001c3a4fa6800, 0x000001c3a4fa0800,
0x000001c3a4fac000, 0x000001c3a4fa9800, 0x000001c3a4faa800, 0x000001c3a4fab000,
0x000001c3a286c000, 0x000001c3a2870000, 0x000001c3a286d800, 0x000001c3a286e000,
0x000001c3a2875800, 0x000001c3a2879800, 0x000001c3a2876800, 0x000001c3a2272800
}

Java Threads: ( => current thread )
  0x000001c387220800 JavaThread "main" [_thread_blocked, id=4176, stack(0x0000009a8b900000,0x0000009a8ba00000)]
  0x000001c3a21b6000 JavaThread "Reference Handler" daemon [_thread_blocked, id=2728, stack(0x0000009a8c000000,0x0000009a8c100000)]
  0x000001c3a21b7000 JavaThread "Finalizer" daemon [_thread_blocked, id=4584, stack(0x0000009a8c100000,0x0000009a8c200000)]
  0x000001c3a2230000 JavaThread "Signal Dispatcher" daemon [_thread_blocked, id=1800, stack(0x0000009a8c200000,0x0000009a8c300000)]
  0x000001c3a2231800 JavaThread "Attach Listener" daemon [_thread_blocked, id=7876, stack(0x0000009a8c300000,0x0000009a8c400000)]
  0x000001c3a2233800 JavaThread "Service Thread" daemon [_thread_blocked, id=9468, stack(0x0000009a8c400000,0x0000009a8c500000)]
=>0x000001c3a2236800 JavaThread "C2 CompilerThread0" daemon [_thread_in_native, id=14252, stack(0x0000009a8c500000,0x0000009a8c600000)]
  0x000001c3a2239800 JavaThread "C1 CompilerThread0" daemon [_thread_blocked, id=3976, stack(0x0000009a8c600000,0x0000009a8c700000)]
  0x000001c3a2246000 JavaThread "Sweeper thread" daemon [_thread_blocked, id=15040, stack(0x0000009a8c700000,0x0000009a8c800000)]
  0x000001c3a1969000 JavaThread "Common-Cleaner" daemon [_thread_blocked, id=5056, stack(0x0000009a8c800000,0x0000009a8c900000)]
  0x000001c3a46d6000 JavaThread "Daemon health stats" [_thread_blocked, id=5344, stack(0x0000009a8d100000,0x0000009a8d200000)]
  0x000001c3a2e81800 JavaThread "Incoming local TCP Connector on port 62122" [_thread_in_native, id=11100, stack(0x0000009a8c900000,0x0000009a8ca00000)]
  0x000001c3a46ef000 JavaThread "Daemon periodic checks" [_thread_blocked, id=7972, stack(0x0000009a8cb00000,0x0000009a8cc00000)]
  0x000001c3a23a7800 JavaThread "Cache worker for journal cache (C:\Users\marko\.gradle\caches\journal-1)" [_thread_blocked, id=13500, stack(0x0000009a8dc00000,0x0000009a8dd00000)]
  0x000001c3a23a9000 JavaThread "File lock request listener" [_thread_in_native, id=11452, stack(0x0000009a8dd00000,0x0000009a8de00000)]
  0x000001c3a23a3000 JavaThread "Cache worker for file hash cache (C:\Users\marko\.gradle\caches\8.4\fileHashes)" [_thread_blocked, id=14600, stack(0x0000009a8df00000,0x0000009a8e000000)]
  0x000001c3a23a9800 JavaThread "File watcher server" daemon [_thread_in_native, id=13864, stack(0x0000009a8e100000,0x0000009a8e200000)]
  0x000001c3a23a4000 JavaThread "File watcher consumer" daemon [_thread_blocked, id=13704, stack(0x0000009a8e200000,0x0000009a8e300000)]
  0x000001c3a4fa0000 JavaThread "Cache worker for file content cache (C:\Users\marko\.gradle\caches\8.4\fileContent)" [_thread_blocked, id=5380, stack(0x0000009a8e600000,0x0000009a8e700000)]
  0x000001c3a4fa2000 JavaThread "Cache worker for execution history cache (C:\Users\marko\.gradle\caches\8.4\executionHistory)" [_thread_blocked, id=10012, stack(0x0000009a8e800000,0x0000009a8e900000)]
  0x000001c3a4fa3000 JavaThread "jar transforms" [_thread_blocked, id=1572, stack(0x0000009a8e900000,0x0000009a8ea00000)]
  0x000001c3a4f9d800 JavaThread "jar transforms Thread 2" [_thread_blocked, id=8752, stack(0x0000009a8ea00000,0x0000009a8eb00000)]
  0x000001c3a4f9f000 JavaThread "jar transforms Thread 3" [_thread_blocked, id=5948, stack(0x0000009a8ec00000,0x0000009a8ed00000)]
  0x000001c3a286b000 JavaThread "jar transforms Thread 4" [_thread_blocked, id=13716, stack(0x0000009a8f500000,0x0000009a8f600000)]
  0x000001c3a2871800 JavaThread "jar transforms Thread 5" [_thread_blocked, id=10332, stack(0x0000009a8f600000,0x0000009a8f700000)]
  0x000001c3a286f000 JavaThread "jar transforms Thread 6" [_thread_blocked, id=13284, stack(0x0000009a8f700000,0x0000009a8f800000)]
  0x000001c3a2872800 JavaThread "jar transforms Thread 7" [_thread_blocked, id=10948, stack(0x0000009a8f800000,0x0000009a8f900000)]
  0x000001c3a2870800 JavaThread "jar transforms Thread 8" [_thread_blocked, id=9640, stack(0x0000009a8f900000,0x0000009a8fa00000)]
  0x000001c3a2873000 JavaThread "Memory manager" [_thread_blocked, id=14360, stack(0x0000009a8fa00000,0x0000009a8fb00000)]
  0x000001c3a2874000 JavaThread "ForkJoinPool.commonPool-worker-3" daemon [_thread_blocked, id=10512, stack(0x0000009a8fc00000,0x0000009a8fd00000)]
  0x000001c3a2878000 JavaThread "ForkJoinPool.commonPool-worker-7" daemon [_thread_blocked, id=14396, stack(0x0000009a8fe00000,0x0000009a8ff00000)]
  0x000001c3a2879000 JavaThread "ForkJoinPool.commonPool-worker-11" daemon [_thread_blocked, id=8372, stack(0x0000009a8ff00000,0x0000009a90000000)]
  0x000001c3a2877000 JavaThread "ForkJoinPool.commonPool-worker-9" daemon [_thread_blocked, id=14640, stack(0x0000009a90000000,0x0000009a90100000)]
  0x000001c3a2875000 JavaThread "ForkJoinPool.commonPool-worker-15" daemon [_thread_blocked, id=10868, stack(0x0000009a90100000,0x0000009a90200000)]
  0x000001c3a8d8e800 JavaThread "RMI Scheduler(0)" daemon [_thread_blocked, id=8792, stack(0x0000009a8d800000,0x0000009a8d900000)]
  0x000001c3a8d89800 JavaThread "RMI GC Daemon" daemon [_thread_blocked, id=14948, stack(0x0000009a95c00000,0x0000009a95d00000)]
  0x000001c3a8d8b000 JavaThread "RMI TCP Accept-0" daemon [_thread_in_native, id=14796, stack(0x0000009a95e00000,0x0000009a95f00000)]
  0x000001c3a2276800 JavaThread "RMI Reaper" [_thread_blocked, id=2652, stack(0x0000009a95f00000,0x0000009a96000000)]
  0x000001c3a2277800 JavaThread "Cache worker for Java compile cache (C:\Users\marko\.gradle\caches\8.4\javaCompile)" [_thread_blocked, id=4556, stack(0x0000009a96100000,0x0000009a96200000)]
  0x000001c3aaf88800 JavaThread "Daemon Thread 2" [_thread_blocked, id=1980, stack(0x0000009a8b600000,0x0000009a8b700000)]
  0x000001c3aaf87800 JavaThread "Handler for socket connection from /127.0.0.1:62122 to /127.0.0.1:62196" [_thread_in_native, id=2176, stack(0x0000009a8b700000,0x0000009a8b800000)]
  0x000001c3aaf83000 JavaThread "Cancel handler" [_thread_blocked, id=2076, stack(0x0000009a8b800000,0x0000009a8b900000)]
  0x000001c3aaf83800 JavaThread "Daemon worker Thread 2" [_thread_blocked, id=14368, stack(0x0000009a8d200000,0x0000009a8d300000)]
  0x000001c3aaf87000 JavaThread "Asynchronous log dispatcher for DefaultDaemonConnection: socket connection from /127.0.0.1:62122 to /127.0.0.1:62196" [_thread_blocked, id=9352, stack(0x0000009a8d500000,0x0000009a8d600000)]
  0x000001c3aaf89800 JavaThread "Stdin handler" [_thread_blocked, id=6960, stack(0x0000009a8d600000,0x0000009a8d700000)]
  0x000001c3aaf84800 JavaThread "Daemon client event forwarder" [_thread_blocked, id=9952, stack(0x0000009a8d700000,0x0000009a8d800000)]
  0x000001c3aaf8b000 JavaThread "Cache worker for checksums cache (C:\Users\marko\Desktop\ISS_24\natali_projects\virtualrobotusage\.gradle\8.4\checksums)" [_thread_blocked, id=7892, stack(0x0000009a8de00000,0x0000009a8df00000)]
  0x000001c3aaf85000 JavaThread "Cache worker for file hash cache (C:\Users\marko\Desktop\ISS_24\natali_projects\virtualrobotusage\.gradle\8.4\fileHashes)" [_thread_blocked, id=10132, stack(0x0000009a8e300000,0x0000009a8e400000)]
  0x000001c3aaf8b800 JavaThread "Cache worker for cache directory md-supplier (C:\Users\marko\.gradle\caches\8.4\md-supplier)" [_thread_blocked, id=9512, stack(0x0000009a8e400000,0x0000009a8e500000)]
  0x000001c3aaf86000 JavaThread "Cache worker for cache directory md-rule (C:\Users\marko\.gradle\caches\8.4\md-rule)" [_thread_blocked, id=12448, stack(0x0000009a8e500000,0x0000009a8e600000)]
  0x000001c3aaf8d800 JavaThread "Cache worker for dependencies-accessors (C:\Users\marko\Desktop\ISS_24\natali_projects\virtualrobotusage\.gradle\8.4\dependencies-accessors)" [_thread_blocked, id=4972, stack(0x0000009a8e700000,0x0000009a8e800000)]
  0x000001c3aaf8e000 JavaThread "Cache worker for Build Output Cleanup Cache (C:\Users\marko\Desktop\ISS_24\natali_projects\virtualrobotusage\.gradle\buildOutputCleanup)" [_thread_blocked, id=3992, stack(0x0000009a8eb00000,0x0000009a8ec00000)]
  0x000001c3aaf90800 JavaThread "Unconstrained build operations" [_thread_blocked, id=14460, stack(0x0000009a8ed00000,0x0000009a8ee00000)]
  0x000001c3aaf8f000 JavaThread "Unconstrained build operations Thread 2" [_thread_blocked, id=12016, stack(0x0000009a8ee00000,0x0000009a8ef00000)]
  0x000001c3aaf91800 JavaThread "Unconstrained build operations Thread 3" [_thread_blocked, id=5776, stack(0x0000009a8ef00000,0x0000009a8f000000)]
  0x000001c3aaf8c800 JavaThread "Unconstrained build operations Thread 4" [_thread_blocked, id=15300, stack(0x0000009a8f000000,0x0000009a8f100000)]
  0x000001c3aaf90000 JavaThread "Unconstrained build operations Thread 5" [_thread_blocked, id=13928, stack(0x0000009a8f100000,0x0000009a8f200000)]
  0x000001c3a3659800 JavaThread "Unconstrained build operations Thread 6" [_thread_blocked, id=2556, stack(0x0000009a8f200000,0x0000009a8f300000)]
  0x000001c3a3656000 JavaThread "Unconstrained build operations Thread 7" [_thread_blocked, id=13724, stack(0x0000009a8f300000,0x0000009a8f400000)]
  0x000001c3a365a800 JavaThread "build event listener" [_thread_blocked, id=13744, stack(0x0000009a8f400000,0x0000009a8f500000)]
  0x000001c3a3655800 JavaThread "ForkJoinPool.commonPool-worker-1" daemon [_thread_blocked, id=4404, stack(0x0000009a8fb00000,0x0000009a8fc00000)]
  0x000001c3a3657000 JavaThread "ForkJoinPool.commonPool-worker-5" daemon [_thread_blocked, id=4788, stack(0x0000009a8fd00000,0x0000009a8fe00000)]
  0x000001c3a3658000 JavaThread "included builds" [_thread_blocked, id=10444, stack(0x0000009a8e000000,0x0000009a8e100000)]
  0x000001c3a3654800 JavaThread "Execution worker" [_thread_in_Java, id=2604, stack(0x0000009a90200000,0x0000009a90300000)]
  0x000001c3a365e800 JavaThread "Execution worker Thread 2" [_thread_blocked, id=5412, stack(0x0000009a90300000,0x0000009a90400000)]
  0x000001c3a3658800 JavaThread "Execution worker Thread 3" [_thread_blocked, id=5980, stack(0x0000009a90400000,0x0000009a90500000)]
  0x000001c3a3661000 JavaThread "Execution worker Thread 4" [_thread_blocked, id=8868, stack(0x0000009a90500000,0x0000009a90600000)]
  0x000001c3a365b000 JavaThread "Execution worker Thread 5" [_thread_blocked, id=12100, stack(0x0000009a90600000,0x0000009a90700000)]
  0x000001c3a365c000 JavaThread "Execution worker Thread 6" [_thread_blocked, id=956, stack(0x0000009a90700000,0x0000009a90800000)]
  0x000001c3a3660000 JavaThread "Execution worker Thread 7" [_thread_blocked, id=12052, stack(0x0000009a90800000,0x0000009a90900000)]
  0x000001c3a365f000 JavaThread "Cache worker for execution history cache (C:\Users\marko\Desktop\ISS_24\natali_projects\virtualrobotusage\.gradle\8.4\executionHistory)" [_thread_blocked, id=2956, stack(0x0000009a90900000,0x0000009a90a00000)]
  0x000001c3a35cc000 JavaThread "C2 CompilerThread1" daemon [_thread_in_native, id=14788, stack(0x0000009a90a00000,0x0000009a90b00000)]
  0x000001c3a365d800 JavaThread "Unconstrained build operations Thread 8" [_thread_blocked, id=14812, stack(0x0000009a90b00000,0x0000009a90c00000)]
  0x000001c3a3661800 JavaThread "Unconstrained build operations Thread 9" [_thread_blocked, id=11160, stack(0x0000009a90c00000,0x0000009a90d00000)]
  0x000001c3a3662800 JavaThread "Unconstrained build operations Thread 10" [_thread_blocked, id=8560, stack(0x0000009a90d00000,0x0000009a90e00000)]
  0x000001c3a3663800 JavaThread "Unconstrained build operations Thread 11" [_thread_blocked, id=15236, stack(0x0000009a90e00000,0x0000009a90f00000)]
  0x000001c3a8d80800 JavaThread "Unconstrained build operations Thread 12" [_thread_blocked, id=2184, stack(0x0000009a90f00000,0x0000009a91000000)]
  0x000001c3a8d85800 JavaThread "Unconstrained build operations Thread 13" [_thread_blocked, id=6624, stack(0x0000009a91000000,0x0000009a91100000)]
  0x000001c3a8d83000 JavaThread "Unconstrained build operations Thread 14" [_thread_blocked, id=10720, stack(0x0000009a91100000,0x0000009a91200000)]
  0x000001c3a8d86000 JavaThread "Unconstrained build operations Thread 15" [_thread_blocked, id=13348, stack(0x0000009a91200000,0x0000009a91300000)]
  0x000001c3a8d84800 JavaThread "Unconstrained build operations Thread 16" [_thread_blocked, id=12804, stack(0x0000009a91300000,0x0000009a91400000)]
  0x000001c3a8d83800 JavaThread "Unconstrained build operations Thread 17" [_thread_blocked, id=4996, stack(0x0000009a91400000,0x0000009a91500000)]
  0x000001c3a8d82000 JavaThread "Unconstrained build operations Thread 18" [_thread_blocked, id=14220, stack(0x0000009a91500000,0x0000009a91600000)]
  0x000001c3a8d87000 JavaThread "Unconstrained build operations Thread 19" [_thread_blocked, id=13552, stack(0x0000009a91600000,0x0000009a91700000)]
  0x000001c3a8d81800 JavaThread "Unconstrained build operations Thread 20" [_thread_blocked, id=12836, stack(0x0000009a91700000,0x0000009a91800000)]
  0x000001c3a8d8a000 JavaThread "Unconstrained build operations Thread 21" [_thread_blocked, id=7380, stack(0x0000009a91800000,0x0000009a91900000)]
  0x000001c3a8d8c000 JavaThread "Unconstrained build operations Thread 22" [_thread_blocked, id=3940, stack(0x0000009a91900000,0x0000009a91a00000)]
  0x000001c3a8d88800 JavaThread "Unconstrained build operations Thread 23" [_thread_blocked, id=9712, stack(0x0000009a91a00000,0x0000009a91b00000)]
  0x000001c3a8d8c800 JavaThread "Unconstrained build operations Thread 24" [_thread_blocked, id=14408, stack(0x0000009a91b00000,0x0000009a91c00000)]
  0x000001c3a8d8d800 JavaThread "Unconstrained build operations Thread 25" [_thread_blocked, id=5444, stack(0x0000009a91c00000,0x0000009a91d00000)]
  0x000001c3a8d88000 JavaThread "Unconstrained build operations Thread 26" [_thread_blocked, id=2348, stack(0x0000009a91d00000,0x0000009a91e00000)]
  0x000001c3a8d8f000 JavaThread "Unconstrained build operations Thread 27" [_thread_blocked, id=4272, stack(0x0000009a91e00000,0x0000009a91f00000)]
  0x000001c3a4fa4000 JavaThread "Unconstrained build operations Thread 28" [_thread_blocked, id=14248, stack(0x0000009a91f00000,0x0000009a92000000)]
  0x000001c3a4fa5800 JavaThread "Unconstrained build operations Thread 29" [_thread_blocked, id=11920, stack(0x0000009a92000000,0x0000009a92100000)]
  0x000001c3a4fa6800 JavaThread "Unconstrained build operations Thread 30" [_thread_blocked, id=14660, stack(0x0000009a92100000,0x0000009a92200000)]
  0x000001c3a4fa0800 JavaThread "Unconstrained build operations Thread 31" [_thread_blocked, id=10524, stack(0x0000009a92200000,0x0000009a92300000)]
  0x000001c3a4fac000 JavaThread "Unconstrained build operations Thread 32" [_thread_blocked, id=1992, stack(0x0000009a92300000,0x0000009a92400000)]
  0x000001c3a4fa9800 JavaThread "Unconstrained build operations Thread 33" [_thread_blocked, id=11432, stack(0x0000009a92400000,0x0000009a92500000)]
  0x000001c3a4faa800 JavaThread "Unconstrained build operations Thread 34" [_thread_blocked, id=13080, stack(0x0000009a92500000,0x0000009a92600000)]
  0x000001c3a4fab000 JavaThread "Unconstrained build operations Thread 35" [_thread_blocked, id=856, stack(0x0000009a92600000,0x0000009a92700000)]
  0x000001c3a286c000 JavaThread "Unconstrained build operations Thread 36" [_thread_blocked, id=3788, stack(0x0000009a92700000,0x0000009a92800000)]
  0x000001c3a2870000 JavaThread "Unconstrained build operations Thread 37" [_thread_blocked, id=4756, stack(0x0000009a92800000,0x0000009a92900000)]
  0x000001c3a286d800 JavaThread "Unconstrained build operations Thread 38" [_thread_blocked, id=11592, stack(0x0000009a92900000,0x0000009a92a00000)]
  0x000001c3a286e000 JavaThread "Unconstrained build operations Thread 39" [_thread_blocked, id=4992, stack(0x0000009a92a00000,0x0000009a92b00000)]
  0x000001c3a2875800 JavaThread "Unconstrained build operations Thread 40" [_thread_blocked, id=14500, stack(0x0000009a92b00000,0x0000009a92c00000)]
  0x000001c3a2879800 JavaThread "Unconstrained build operations Thread 41" [_thread_blocked, id=14964, stack(0x0000009a92c00000,0x0000009a92d00000)]
  0x000001c3a2876800 JavaThread "Unconstrained build operations Thread 42" [_thread_blocked, id=7844, stack(0x0000009a92d00000,0x0000009a92e00000)]
  0x000001c3a2272800 JavaThread "Unconstrained build operations Thread 43" [_thread_blocked, id=744, stack(0x0000009a92e00000,0x0000009a92f00000)]

Other Threads:
  0x000001c3a21b4800 VMThread "VM Thread" [stack: 0x0000009a8bf00000,0x0000009a8c000000] [id=2472]
  0x000001c3a26d0800 WatcherThread [stack: 0x0000009a8ca00000,0x0000009a8cb00000] [id=9916]
  0x000001c387236800 GCTaskThread "GC Thread#0" [stack: 0x0000009a8ba00000,0x0000009a8bb00000] [id=14240]
  0x000001c3a31dd000 GCTaskThread "GC Thread#1" [stack: 0x0000009a8cc00000,0x0000009a8cd00000] [id=12368]
  0x000001c3a32e7000 GCTaskThread "GC Thread#2" [stack: 0x0000009a8cd00000,0x0000009a8ce00000] [id=5960]
  0x000001c3a31de000 GCTaskThread "GC Thread#3" [stack: 0x0000009a8ce00000,0x0000009a8cf00000] [id=8936]
  0x000001c3a343d000 GCTaskThread "GC Thread#4" [stack: 0x0000009a8cf00000,0x0000009a8d000000] [id=5324]
  0x000001c3a2a76800 GCTaskThread "GC Thread#5" [stack: 0x0000009a8d000000,0x0000009a8d100000] [id=5648]
  0x000001c3a4149000 GCTaskThread "GC Thread#6" [stack: 0x0000009a8d900000,0x0000009a8da00000] [id=3836]
  0x000001c3a4149800 GCTaskThread "GC Thread#7" [stack: 0x0000009a8da00000,0x0000009a8db00000] [id=10904]
  0x000001c38724b800 ConcurrentGCThread "G1 Main Marker" [stack: 0x0000009a8bb00000,0x0000009a8bc00000] [id=552]
  0x000001c387250000 ConcurrentGCThread "G1 Conc#0" [stack: 0x0000009a8bc00000,0x0000009a8bd00000] [id=9476]
  0x000001c3a2469800 ConcurrentGCThread "G1 Conc#1" [stack: 0x0000009a8db00000,0x0000009a8dc00000] [id=6544]
  0x000001c3a183a800 ConcurrentGCThread "G1 Refine#0" [stack: 0x0000009a8bd00000,0x0000009a8be00000] [id=9328]
  0x000001c3a183b000 ConcurrentGCThread "G1 Young RemSet Sampling" [stack: 0x0000009a8be00000,0x0000009a8bf00000] [id=8704]

Threads with active compile tasks:
C2 CompilerThread0   222193 14961       4       org.gradle.api.internal.artifacts.ivyservice.modulecache.ModuleMetadataSerializer$Reader::readMavenDependency (148 bytes)
C2 CompilerThread1   222193 15002       4       io.spring.gradle.dependencymanagement.org.codehaus.plexus.util.xml.pull.MXParser::parseAttribute (1644 bytes)

VM state:not at safepoint (normal execution)

VM Mutex/Monitor currently owned by a thread: None

Heap address: 0x00000000e0000000, size: 512 MB, Compressed Oops mode: 32-bit
Narrow klass base: 0x0000000000000000, Narrow klass shift: 3
Compressed class space size: 394264576 Address: 0x0000000100000000

Heap:
 garbage-first heap   total 262144K, used 196419K [0x00000000e0000000, 0x0000000100000000)
  region size 1024K, 120 young (122880K), 18 survivors (18432K)
 Metaspace       used 93895K, capacity 97418K, committed 97500K, reserved 468992K
  class space    used 12253K, capacity 13658K, committed 13708K, reserved 385024K
Heap Regions: E=young(eden), S=young(survivor), O=old, HS=humongous(starts), HC=humongous(continues), CS=collection set, F=free, A=archive, TAMS=top-at-mark-start (previous, next)
|   0|0x00000000e0000000, 0x00000000e0100000, 0x00000000e0100000|100%|HS|  |TAMS 0x00000000e0100000, 0x00000000e0000000| Complete 
|   1|0x00000000e0100000, 0x00000000e0200000, 0x00000000e0200000|100%|HC|  |TAMS 0x00000000e0200000, 0x00000000e0100000| Complete 
|   2|0x00000000e0200000, 0x00000000e0300000, 0x00000000e0300000|100%|HC|  |TAMS 0x00000000e0300000, 0x00000000e0200000| Complete 
|   3|0x00000000e0300000, 0x00000000e0400000, 0x00000000e0400000|100%|HC|  |TAMS 0x00000000e0400000, 0x00000000e0300000| Complete 
|   4|0x00000000e0400000, 0x00000000e0500000, 0x00000000e0500000|100%| O|  |TAMS 0x00000000e0500000, 0x00000000e0400000| Untracked 
|   5|0x00000000e0500000, 0x00000000e0600000, 0x00000000e0600000|100%| O|  |TAMS 0x00000000e0600000, 0x00000000e0500000| Untracked 
|   6|0x00000000e0600000, 0x00000000e0700000, 0x00000000e0700000|100%| O|  |TAMS 0x00000000e0700000, 0x00000000e0600000| Untracked 
|   7|0x00000000e0700000, 0x00000000e0800000, 0x00000000e0800000|100%| O|  |TAMS 0x00000000e0800000, 0x00000000e0700000| Untracked 
|   8|0x00000000e0800000, 0x00000000e0900000, 0x00000000e0900000|100%| O|  |TAMS 0x00000000e0900000, 0x00000000e0800000| Untracked 
|   9|0x00000000e0900000, 0x00000000e0a00000, 0x00000000e0a00000|100%| O|  |TAMS 0x00000000e0a00000, 0x00000000e0900000| Untracked 
|  10|0x00000000e0a00000, 0x00000000e0b00000, 0x00000000e0b00000|100%| O|  |TAMS 0x00000000e0b00000, 0x00000000e0a00000| Untracked 
|  11|0x00000000e0b00000, 0x00000000e0c00000, 0x00000000e0c00000|100%| O|  |TAMS 0x00000000e0c00000, 0x00000000e0b00000| Untracked 
|  12|0x00000000e0c00000, 0x00000000e0d00000, 0x00000000e0d00000|100%| O|  |TAMS 0x00000000e0d00000, 0x00000000e0c00000| Untracked 
|  13|0x00000000e0d00000, 0x00000000e0e00000, 0x00000000e0e00000|100%| O|  |TAMS 0x00000000e0e00000, 0x00000000e0d00000| Untracked 
|  14|0x00000000e0e00000, 0x00000000e0f00000, 0x00000000e0f00000|100%| O|  |TAMS 0x00000000e0f00000, 0x00000000e0e00000| Untracked 
|  15|0x00000000e0f00000, 0x00000000e1000000, 0x00000000e1000000|100%| O|  |TAMS 0x00000000e1000000, 0x00000000e0f00000| Untracked 
|  16|0x00000000e1000000, 0x00000000e1100000, 0x00000000e1100000|100%| O|  |TAMS 0x00000000e1100000, 0x00000000e1000000| Untracked 
|  17|0x00000000e1100000, 0x00000000e1200000, 0x00000000e1200000|100%| O|  |TAMS 0x00000000e1200000, 0x00000000e1100000| Untracked 
|  18|0x00000000e1200000, 0x00000000e1300000, 0x00000000e1300000|100%|HS|  |TAMS 0x00000000e1200000, 0x00000000e1200000| Complete 
|  19|0x00000000e1300000, 0x00000000e1400000, 0x00000000e1400000|100%|HC|  |TAMS 0x00000000e1300000, 0x00000000e1300000| Complete 
|  20|0x00000000e1400000, 0x00000000e1500000, 0x00000000e1500000|100%|HS|  |TAMS 0x00000000e1400000, 0x00000000e1400000| Complete 
|  21|0x00000000e1500000, 0x00000000e1600000, 0x00000000e1600000|100%|HC|  |TAMS 0x00000000e1500000, 0x00000000e1500000| Complete 
|  22|0x00000000e1600000, 0x00000000e1700000, 0x00000000e1700000|100%| O|  |TAMS 0x00000000e1600000, 0x00000000e1600000| Untracked 
|  23|0x00000000e1700000, 0x00000000e1800000, 0x00000000e1800000|100%| O|  |TAMS 0x00000000e1800000, 0x00000000e1700000| Untracked 
|  24|0x00000000e1800000, 0x00000000e1900000, 0x00000000e1900000|100%| O|  |TAMS 0x00000000e1900000, 0x00000000e1800000| Untracked 
|  25|0x00000000e1900000, 0x00000000e1a00000, 0x00000000e1a00000|100%| O|  |TAMS 0x00000000e1a00000, 0x00000000e1900000| Untracked 
|  26|0x00000000e1a00000, 0x00000000e1b00000, 0x00000000e1b00000|100%| O|  |TAMS 0x00000000e1b00000, 0x00000000e1a00000| Untracked 
|  27|0x00000000e1b00000, 0x00000000e1c00000, 0x00000000e1c00000|100%| O|  |TAMS 0x00000000e1bccc00, 0x00000000e1b00000| Untracked 
|  28|0x00000000e1c00000, 0x00000000e1d00000, 0x00000000e1d00000|100%|HS|  |TAMS 0x00000000e1c00000, 0x00000000e1c00000| Complete 
|  29|0x00000000e1d00000, 0x00000000e1e00000, 0x00000000e1e00000|100%|HC|  |TAMS 0x00000000e1d00000, 0x00000000e1d00000| Complete 
|  30|0x00000000e1e00000, 0x00000000e1f00000, 0x00000000e1f00000|100%|HC|  |TAMS 0x00000000e1e00000, 0x00000000e1e00000| Complete 
|  31|0x00000000e1f00000, 0x00000000e2000000, 0x00000000e2000000|100%|HC|  |TAMS 0x00000000e1f00000, 0x00000000e1f00000| Complete 
|  32|0x00000000e2000000, 0x00000000e2100000, 0x00000000e2100000|100%|HS|  |TAMS 0x00000000e2000000, 0x00000000e2000000| Complete 
|  33|0x00000000e2100000, 0x00000000e2200000, 0x00000000e2200000|100%|HC|  |TAMS 0x00000000e2100000, 0x00000000e2100000| Complete 
|  34|0x00000000e2200000, 0x00000000e2300000, 0x00000000e2300000|100%|HC|  |TAMS 0x00000000e2200000, 0x00000000e2200000| Complete 
|  35|0x00000000e2300000, 0x00000000e2400000, 0x00000000e2400000|100%|HC|  |TAMS 0x00000000e2300000, 0x00000000e2300000| Complete 
|  36|0x00000000e2400000, 0x00000000e2500000, 0x00000000e2500000|100%| O|  |TAMS 0x00000000e2400000, 0x00000000e2400000| Untracked 
|  37|0x00000000e2500000, 0x00000000e2600000, 0x00000000e2600000|100%| O|  |TAMS 0x00000000e2500000, 0x00000000e2500000| Untracked 
|  38|0x00000000e2600000, 0x00000000e2700000, 0x00000000e2700000|100%| O|  |TAMS 0x00000000e2600000, 0x00000000e2600000| Untracked 
|  39|0x00000000e2700000, 0x00000000e2800000, 0x00000000e2800000|100%| O|  |TAMS 0x00000000e2700000, 0x00000000e2700000| Untracked 
|  40|0x00000000e2800000, 0x00000000e2900000, 0x00000000e2900000|100%| O|  |TAMS 0x00000000e2800000, 0x00000000e2800000| Untracked 
|  41|0x00000000e2900000, 0x00000000e2a00000, 0x00000000e2a00000|100%| O|  |TAMS 0x00000000e2900000, 0x00000000e2900000| Untracked 
|  42|0x00000000e2a00000, 0x00000000e2b00000, 0x00000000e2b00000|100%| O|  |TAMS 0x00000000e2a00000, 0x00000000e2a00000| Untracked 
|  43|0x00000000e2b00000, 0x00000000e2c00000, 0x00000000e2c00000|100%| O|  |TAMS 0x00000000e2b00000, 0x00000000e2b00000| Untracked 
|  44|0x00000000e2c00000, 0x00000000e2d00000, 0x00000000e2d00000|100%| O|  |TAMS 0x00000000e2c00000, 0x00000000e2c00000| Untracked 
|  45|0x00000000e2d00000, 0x00000000e2e00000, 0x00000000e2e00000|100%| O|  |TAMS 0x00000000e2d00000, 0x00000000e2d00000| Untracked 
|  46|0x00000000e2e00000, 0x00000000e2f00000, 0x00000000e2f00000|100%| O|  |TAMS 0x00000000e2e00000, 0x00000000e2e00000| Untracked 
|  47|0x00000000e2f00000, 0x00000000e3000000, 0x00000000e3000000|100%| O|  |TAMS 0x00000000e2f00000, 0x00000000e2f00000| Untracked 
|  48|0x00000000e3000000, 0x00000000e3100000, 0x00000000e3100000|100%| O|  |TAMS 0x00000000e3000000, 0x00000000e3000000| Untracked 
|  49|0x00000000e3100000, 0x00000000e3200000, 0x00000000e3200000|100%| O|  |TAMS 0x00000000e3100000, 0x00000000e3100000| Untracked 
|  50|0x00000000e3200000, 0x00000000e3300000, 0x00000000e3300000|100%| O|  |TAMS 0x00000000e3200000, 0x00000000e3200000| Untracked 
|  51|0x00000000e3300000, 0x00000000e3400000, 0x00000000e3400000|100%| O|  |TAMS 0x00000000e3300000, 0x00000000e3300000| Untracked 
|  52|0x00000000e3400000, 0x00000000e3500000, 0x00000000e3500000|100%| O|  |TAMS 0x00000000e3400000, 0x00000000e3400000| Untracked 
|  53|0x00000000e3500000, 0x00000000e3600000, 0x00000000e3600000|100%| O|  |TAMS 0x00000000e3500000, 0x00000000e3500000| Untracked 
|  54|0x00000000e3600000, 0x00000000e3700000, 0x00000000e3700000|100%| O|  |TAMS 0x00000000e3600000, 0x00000000e3600000| Untracked 
|  55|0x00000000e3700000, 0x00000000e3800000, 0x00000000e3800000|100%| O|  |TAMS 0x00000000e3700000, 0x00000000e3700000| Untracked 
|  56|0x00000000e3800000, 0x00000000e3900000, 0x00000000e3900000|100%| O|  |TAMS 0x00000000e3800000, 0x00000000e3800000| Untracked 
|  57|0x00000000e3900000, 0x00000000e3a00000, 0x00000000e3a00000|100%| O|  |TAMS 0x00000000e3900000, 0x00000000e3900000| Untracked 
|  58|0x00000000e3a00000, 0x00000000e3b00000, 0x00000000e3b00000|100%| O|  |TAMS 0x00000000e3a00000, 0x00000000e3a00000| Untracked 
|  59|0x00000000e3b00000, 0x00000000e3c00000, 0x00000000e3c00000|100%| O|  |TAMS 0x00000000e3b00000, 0x00000000e3b00000| Untracked 
|  60|0x00000000e3c00000, 0x00000000e3d00000, 0x00000000e3d00000|100%| O|  |TAMS 0x00000000e3c00000, 0x00000000e3c00000| Untracked 
|  61|0x00000000e3d00000, 0x00000000e3e00000, 0x00000000e3e00000|100%| O|  |TAMS 0x00000000e3d00000, 0x00000000e3d00000| Untracked 
|  62|0x00000000e3e00000, 0x00000000e3f00000, 0x00000000e3f00000|100%| O|  |TAMS 0x00000000e3e00000, 0x00000000e3e00000| Untracked 
|  63|0x00000000e3f00000, 0x00000000e4000000, 0x00000000e4000000|100%| O|  |TAMS 0x00000000e3f00000, 0x00000000e3f00000| Untracked 
|  64|0x00000000e4000000, 0x00000000e4100000, 0x00000000e4100000|100%| O|  |TAMS 0x00000000e4000000, 0x00000000e4000000| Untracked 
|  65|0x00000000e4100000, 0x00000000e4200000, 0x00000000e4200000|100%| O|  |TAMS 0x00000000e4100000, 0x00000000e4100000| Untracked 
|  66|0x00000000e4200000, 0x00000000e4300000, 0x00000000e4300000|100%| O|  |TAMS 0x00000000e4200000, 0x00000000e4200000| Untracked 
|  67|0x00000000e4300000, 0x00000000e4400000, 0x00000000e4400000|100%| O|  |TAMS 0x00000000e4300000, 0x00000000e4300000| Untracked 
|  68|0x00000000e4400000, 0x00000000e4500000, 0x00000000e4500000|100%| O|  |TAMS 0x00000000e4400000, 0x00000000e4400000| Untracked 
|  69|0x00000000e4500000, 0x00000000e4600000, 0x00000000e4600000|100%| O|  |TAMS 0x00000000e4500000, 0x00000000e4500000| Untracked 
|  70|0x00000000e4600000, 0x00000000e4700000, 0x00000000e4700000|100%| O|  |TAMS 0x00000000e4600000, 0x00000000e4600000| Untracked 
|  71|0x00000000e4700000, 0x00000000e4800000, 0x00000000e4800000|100%| O|  |TAMS 0x00000000e4700000, 0x00000000e4700000| Untracked 
|  72|0x00000000e4800000, 0x00000000e4900000, 0x00000000e4900000|100%| O|  |TAMS 0x00000000e4800000, 0x00000000e4800000| Untracked 
|  73|0x00000000e4900000, 0x00000000e49d0c00, 0x00000000e4a00000| 81%| O|  |TAMS 0x00000000e4900000, 0x00000000e4900000| Untracked 
|  74|0x00000000e4a00000, 0x00000000e4a00000, 0x00000000e4b00000|  0%| F|  |TAMS 0x00000000e4a00000, 0x00000000e4a00000| Untracked 
|  75|0x00000000e4b00000, 0x00000000e4b00000, 0x00000000e4c00000|  0%| F|  |TAMS 0x00000000e4b00000, 0x00000000e4b00000| Untracked 
|  76|0x00000000e4c00000, 0x00000000e4c00000, 0x00000000e4d00000|  0%| F|  |TAMS 0x00000000e4c00000, 0x00000000e4c00000| Untracked 
|  77|0x00000000e4d00000, 0x00000000e4d00000, 0x00000000e4e00000|  0%| F|  |TAMS 0x00000000e4d00000, 0x00000000e4d00000| Untracked 
|  78|0x00000000e4e00000, 0x00000000e4e00000, 0x00000000e4f00000|  0%| F|  |TAMS 0x00000000e4e00000, 0x00000000e4e00000| Untracked 
|  79|0x00000000e4f00000, 0x00000000e4f00000, 0x00000000e5000000|  0%| F|  |TAMS 0x00000000e4f00000, 0x00000000e4f00000| Untracked 
|  80|0x00000000e5000000, 0x00000000e5000000, 0x00000000e5100000|  0%| F|  |TAMS 0x00000000e5000000, 0x00000000e5000000| Untracked 
|  81|0x00000000e5100000, 0x00000000e5100000, 0x00000000e5200000|  0%| F|  |TAMS 0x00000000e5100000, 0x00000000e5100000| Untracked 
|  82|0x00000000e5200000, 0x00000000e5200000, 0x00000000e5300000|  0%| F|  |TAMS 0x00000000e5200000, 0x00000000e5200000| Untracked 
|  83|0x00000000e5300000, 0x00000000e5300000, 0x00000000e5400000|  0%| F|  |TAMS 0x00000000e5300000, 0x00000000e5300000| Untracked 
|  84|0x00000000e5400000, 0x00000000e5400000, 0x00000000e5500000|  0%| F|  |TAMS 0x00000000e5400000, 0x00000000e5400000| Untracked 
|  85|0x00000000e5500000, 0x00000000e5500000, 0x00000000e5600000|  0%| F|  |TAMS 0x00000000e5500000, 0x00000000e5500000| Untracked 
|  86|0x00000000e5600000, 0x00000000e5600000, 0x00000000e5700000|  0%| F|  |TAMS 0x00000000e5600000, 0x00000000e5600000| Untracked 
|  87|0x00000000e5700000, 0x00000000e5700000, 0x00000000e5800000|  0%| F|  |TAMS 0x00000000e5700000, 0x00000000e5700000| Untracked 
|  88|0x00000000e5800000, 0x00000000e5800000, 0x00000000e5900000|  0%| F|  |TAMS 0x00000000e5800000, 0x00000000e5800000| Untracked 
|  89|0x00000000e5900000, 0x00000000e5900000, 0x00000000e5a00000|  0%| F|  |TAMS 0x00000000e5900000, 0x00000000e5900000| Untracked 
|  90|0x00000000e5a00000, 0x00000000e5a00000, 0x00000000e5b00000|  0%| F|  |TAMS 0x00000000e5a00000, 0x00000000e5a00000| Untracked 
|  91|0x00000000e5b00000, 0x00000000e5b00000, 0x00000000e5c00000|  0%| F|  |TAMS 0x00000000e5b00000, 0x00000000e5b00000| Untracked 
|  92|0x00000000e5c00000, 0x00000000e5c00000, 0x00000000e5d00000|  0%| F|  |TAMS 0x00000000e5c00000, 0x00000000e5c00000| Untracked 
|  93|0x00000000e5d00000, 0x00000000e5d00000, 0x00000000e5e00000|  0%| F|  |TAMS 0x00000000e5d00000, 0x00000000e5d00000| Untracked 
|  94|0x00000000e5e00000, 0x00000000e5e00000, 0x00000000e5f00000|  0%| F|  |TAMS 0x00000000e5e00000, 0x00000000e5e00000| Untracked 
|  95|0x00000000e5f00000, 0x00000000e5f00000, 0x00000000e6000000|  0%| F|  |TAMS 0x00000000e5f00000, 0x00000000e5f00000| Untracked 
|  96|0x00000000e6000000, 0x00000000e6000000, 0x00000000e6100000|  0%| F|  |TAMS 0x00000000e6000000, 0x00000000e6000000| Untracked 
|  97|0x00000000e6100000, 0x00000000e6100000, 0x00000000e6200000|  0%| F|  |TAMS 0x00000000e6100000, 0x00000000e6100000| Untracked 
|  98|0x00000000e6200000, 0x00000000e6200000, 0x00000000e6300000|  0%| F|  |TAMS 0x00000000e6200000, 0x00000000e6200000| Untracked 
|  99|0x00000000e6300000, 0x00000000e6300000, 0x00000000e6400000|  0%| F|  |TAMS 0x00000000e6300000, 0x00000000e6300000| Untracked 
| 100|0x00000000e6400000, 0x00000000e6400000, 0x00000000e6500000|  0%| F|  |TAMS 0x00000000e6400000, 0x00000000e6400000| Untracked 
| 101|0x00000000e6500000, 0x00000000e6500000, 0x00000000e6600000|  0%| F|  |TAMS 0x00000000e6500000, 0x00000000e6500000| Untracked 
| 102|0x00000000e6600000, 0x00000000e6600000, 0x00000000e6700000|  0%| F|  |TAMS 0x00000000e6600000, 0x00000000e6600000| Untracked 
| 103|0x00000000e6700000, 0x00000000e6700000, 0x00000000e6800000|  0%| F|  |TAMS 0x00000000e6700000, 0x00000000e6700000| Untracked 
| 104|0x00000000e6800000, 0x00000000e6800000, 0x00000000e6900000|  0%| F|  |TAMS 0x00000000e6800000, 0x00000000e6800000| Untracked 
| 105|0x00000000e6900000, 0x00000000e6900000, 0x00000000e6a00000|  0%| F|  |TAMS 0x00000000e6900000, 0x00000000e6900000| Untracked 
| 106|0x00000000e6a00000, 0x00000000e6a00000, 0x00000000e6b00000|  0%| F|  |TAMS 0x00000000e6a00000, 0x00000000e6a00000| Untracked 
| 107|0x00000000e6b00000, 0x00000000e6b00000, 0x00000000e6c00000|  0%| F|  |TAMS 0x00000000e6b00000, 0x00000000e6b00000| Untracked 
| 108|0x00000000e6c00000, 0x00000000e6c00000, 0x00000000e6d00000|  0%| F|  |TAMS 0x00000000e6c00000, 0x00000000e6c00000| Untracked 
| 109|0x00000000e6d00000, 0x00000000e6e00000, 0x00000000e6e00000|100%| S|CS|TAMS 0x00000000e6d00000, 0x00000000e6d00000| Complete 
| 110|0x00000000e6e00000, 0x00000000e6f00000, 0x00000000e6f00000|100%| S|CS|TAMS 0x00000000e6e00000, 0x00000000e6e00000| Complete 
| 111|0x00000000e6f00000, 0x00000000e7000000, 0x00000000e7000000|100%| S|CS|TAMS 0x00000000e6f00000, 0x00000000e6f00000| Complete 
| 112|0x00000000e7000000, 0x00000000e7100000, 0x00000000e7100000|100%| S|CS|TAMS 0x00000000e7000000, 0x00000000e7000000| Complete 
| 113|0x00000000e7100000, 0x00000000e7200000, 0x00000000e7200000|100%| S|CS|TAMS 0x00000000e7100000, 0x00000000e7100000| Complete 
| 114|0x00000000e7200000, 0x00000000e7300000, 0x00000000e7300000|100%| S|CS|TAMS 0x00000000e7200000, 0x00000000e7200000| Complete 
| 115|0x00000000e7300000, 0x00000000e7400000, 0x00000000e7400000|100%| S|CS|TAMS 0x00000000e7300000, 0x00000000e7300000| Complete 
| 116|0x00000000e7400000, 0x00000000e7500000, 0x00000000e7500000|100%| S|CS|TAMS 0x00000000e7400000, 0x00000000e7400000| Complete 
| 117|0x00000000e7500000, 0x00000000e7600000, 0x00000000e7600000|100%| S|CS|TAMS 0x00000000e7500000, 0x00000000e7500000| Complete 
| 118|0x00000000e7600000, 0x00000000e7700000, 0x00000000e7700000|100%| S|CS|TAMS 0x00000000e7600000, 0x00000000e7600000| Complete 
| 119|0x00000000e7700000, 0x00000000e7800000, 0x00000000e7800000|100%| S|CS|TAMS 0x00000000e7700000, 0x00000000e7700000| Complete 
| 120|0x00000000e7800000, 0x00000000e7900000, 0x00000000e7900000|100%| S|CS|TAMS 0x00000000e7800000, 0x00000000e7800000| Complete 
| 121|0x00000000e7900000, 0x00000000e7a00000, 0x00000000e7a00000|100%| S|CS|TAMS 0x00000000e7900000, 0x00000000e7900000| Complete 
| 122|0x00000000e7a00000, 0x00000000e7b00000, 0x00000000e7b00000|100%| S|CS|TAMS 0x00000000e7a00000, 0x00000000e7a00000| Complete 
| 123|0x00000000e7b00000, 0x00000000e7c00000, 0x00000000e7c00000|100%| S|CS|TAMS 0x00000000e7b00000, 0x00000000e7b00000| Complete 
| 124|0x00000000e7c00000, 0x00000000e7c00000, 0x00000000e7d00000|  0%| F|  |TAMS 0x00000000e7c00000, 0x00000000e7c00000| Untracked 
| 125|0x00000000e7d00000, 0x00000000e7d00000, 0x00000000e7e00000|  0%| F|  |TAMS 0x00000000e7d00000, 0x00000000e7d00000| Untracked 
| 126|0x00000000e7e00000, 0x00000000e7e00000, 0x00000000e7f00000|  0%| F|  |TAMS 0x00000000e7e00000, 0x00000000e7e00000| Untracked 
| 127|0x00000000e7f00000, 0x00000000e7f00000, 0x00000000e8000000|  0%| F|  |TAMS 0x00000000e7f00000, 0x00000000e7f00000| Untracked 
| 128|0x00000000e8000000, 0x00000000e8100000, 0x00000000e8100000|100%| S|CS|TAMS 0x00000000e8000000, 0x00000000e8000000| Complete 
| 129|0x00000000e8100000, 0x00000000e8200000, 0x00000000e8200000|100%| S|CS|TAMS 0x00000000e8100000, 0x00000000e8100000| Complete 
| 130|0x00000000e8200000, 0x00000000e8300000, 0x00000000e8300000|100%| S|CS|TAMS 0x00000000e8200000, 0x00000000e8200000| Complete 
| 131|0x00000000e8300000, 0x00000000e8300000, 0x00000000e8400000|  0%| F|  |TAMS 0x00000000e8300000, 0x00000000e8300000| Untracked 
| 132|0x00000000e8400000, 0x00000000e8400000, 0x00000000e8500000|  0%| F|  |TAMS 0x00000000e8400000, 0x00000000e8400000| Untracked 
| 133|0x00000000e8500000, 0x00000000e8500000, 0x00000000e8600000|  0%| F|  |TAMS 0x00000000e8500000, 0x00000000e8500000| Untracked 
| 134|0x00000000e8600000, 0x00000000e8600000, 0x00000000e8700000|  0%| F|  |TAMS 0x00000000e8600000, 0x00000000e8600000| Untracked 
| 135|0x00000000e8700000, 0x00000000e8700000, 0x00000000e8800000|  0%| F|  |TAMS 0x00000000e8700000, 0x00000000e8700000| Untracked 
| 136|0x00000000e8800000, 0x00000000e8800000, 0x00000000e8900000|  0%| F|  |TAMS 0x00000000e8800000, 0x00000000e8800000| Untracked 
| 137|0x00000000e8900000, 0x00000000e8900000, 0x00000000e8a00000|  0%| F|  |TAMS 0x00000000e8900000, 0x00000000e8900000| Untracked 
| 138|0x00000000e8a00000, 0x00000000e8a00000, 0x00000000e8b00000|  0%| F|  |TAMS 0x00000000e8a00000, 0x00000000e8a00000| Untracked 
| 139|0x00000000e8b00000, 0x00000000e8b00000, 0x00000000e8c00000|  0%| F|  |TAMS 0x00000000e8b00000, 0x00000000e8b00000| Untracked 
| 140|0x00000000e8c00000, 0x00000000e8c00000, 0x00000000e8d00000|  0%| F|  |TAMS 0x00000000e8c00000, 0x00000000e8c00000| Untracked 
| 141|0x00000000e8d00000, 0x00000000e8d00000, 0x00000000e8e00000|  0%| F|  |TAMS 0x00000000e8d00000, 0x00000000e8d00000| Untracked 
| 142|0x00000000e8e00000, 0x00000000e8e00000, 0x00000000e8f00000|  0%| F|  |TAMS 0x00000000e8e00000, 0x00000000e8e00000| Untracked 
| 143|0x00000000e8f00000, 0x00000000e8f00000, 0x00000000e9000000|  0%| F|  |TAMS 0x00000000e8f00000, 0x00000000e8f00000| Untracked 
| 144|0x00000000e9000000, 0x00000000e9000000, 0x00000000e9100000|  0%| F|  |TAMS 0x00000000e9000000, 0x00000000e9000000| Untracked 
| 145|0x00000000e9100000, 0x00000000e9100000, 0x00000000e9200000|  0%| F|  |TAMS 0x00000000e9100000, 0x00000000e9100000| Untracked 
| 146|0x00000000e9200000, 0x00000000e9200000, 0x00000000e9300000|  0%| F|  |TAMS 0x00000000e9200000, 0x00000000e9200000| Untracked 
| 147|0x00000000e9300000, 0x00000000e9300000, 0x00000000e9400000|  0%| F|  |TAMS 0x00000000e9300000, 0x00000000e9300000| Untracked 
| 148|0x00000000e9400000, 0x00000000e9400000, 0x00000000e9500000|  0%| F|  |TAMS 0x00000000e9400000, 0x00000000e9400000| Untracked 
| 149|0x00000000e9500000, 0x00000000e9500000, 0x00000000e9600000|  0%| F|  |TAMS 0x00000000e9500000, 0x00000000e9500000| Untracked 
| 150|0x00000000e9600000, 0x00000000e9600000, 0x00000000e9700000|  0%| F|  |TAMS 0x00000000e9600000, 0x00000000e9600000| Untracked 
| 151|0x00000000e9700000, 0x00000000e97f21d0, 0x00000000e9800000| 94%| E|  |TAMS 0x00000000e9700000, 0x00000000e9700000| Complete 
| 152|0x00000000e9800000, 0x00000000e9900000, 0x00000000e9900000|100%| E|CS|TAMS 0x00000000e9800000, 0x00000000e9800000| Complete 
| 153|0x00000000e9900000, 0x00000000e9a00000, 0x00000000e9a00000|100%| E|CS|TAMS 0x00000000e9900000, 0x00000000e9900000| Complete 
| 154|0x00000000e9a00000, 0x00000000e9b00000, 0x00000000e9b00000|100%| E|CS|TAMS 0x00000000e9a00000, 0x00000000e9a00000| Complete 
| 155|0x00000000e9b00000, 0x00000000e9c00000, 0x00000000e9c00000|100%| E|CS|TAMS 0x00000000e9b00000, 0x00000000e9b00000| Complete 
| 156|0x00000000e9c00000, 0x00000000e9d00000, 0x00000000e9d00000|100%| E|CS|TAMS 0x00000000e9c00000, 0x00000000e9c00000| Complete 
| 157|0x00000000e9d00000, 0x00000000e9e00000, 0x00000000e9e00000|100%| E|CS|TAMS 0x00000000e9d00000, 0x00000000e9d00000| Complete 
| 158|0x00000000e9e00000, 0x00000000e9f00000, 0x00000000e9f00000|100%| E|CS|TAMS 0x00000000e9e00000, 0x00000000e9e00000| Complete 
| 159|0x00000000e9f00000, 0x00000000ea000000, 0x00000000ea000000|100%| E|CS|TAMS 0x00000000e9f00000, 0x00000000e9f00000| Complete 
| 160|0x00000000ea000000, 0x00000000ea100000, 0x00000000ea100000|100%| E|CS|TAMS 0x00000000ea000000, 0x00000000ea000000| Complete 
| 161|0x00000000ea100000, 0x00000000ea200000, 0x00000000ea200000|100%| E|CS|TAMS 0x00000000ea100000, 0x00000000ea100000| Complete 
| 162|0x00000000ea200000, 0x00000000ea300000, 0x00000000ea300000|100%| E|CS|TAMS 0x00000000ea200000, 0x00000000ea200000| Complete 
| 163|0x00000000ea300000, 0x00000000ea400000, 0x00000000ea400000|100%| E|CS|TAMS 0x00000000ea300000, 0x00000000ea300000| Complete 
| 164|0x00000000ea400000, 0x00000000ea500000, 0x00000000ea500000|100%| E|CS|TAMS 0x00000000ea400000, 0x00000000ea400000| Complete 
| 165|0x00000000ea500000, 0x00000000ea600000, 0x00000000ea600000|100%| E|CS|TAMS 0x00000000ea500000, 0x00000000ea500000| Complete 
| 166|0x00000000ea600000, 0x00000000ea700000, 0x00000000ea700000|100%| E|CS|TAMS 0x00000000ea600000, 0x00000000ea600000| Complete 
| 167|0x00000000ea700000, 0x00000000ea800000, 0x00000000ea800000|100%| E|CS|TAMS 0x00000000ea700000, 0x00000000ea700000| Complete 
| 168|0x00000000ea800000, 0x00000000ea900000, 0x00000000ea900000|100%| E|CS|TAMS 0x00000000ea800000, 0x00000000ea800000| Complete 
| 169|0x00000000ea900000, 0x00000000eaa00000, 0x00000000eaa00000|100%| E|CS|TAMS 0x00000000ea900000, 0x00000000ea900000| Complete 
| 170|0x00000000eaa00000, 0x00000000eab00000, 0x00000000eab00000|100%| E|CS|TAMS 0x00000000eaa00000, 0x00000000eaa00000| Complete 
| 171|0x00000000eab00000, 0x00000000eac00000, 0x00000000eac00000|100%| E|CS|TAMS 0x00000000eab00000, 0x00000000eab00000| Complete 
| 172|0x00000000eac00000, 0x00000000ead00000, 0x00000000ead00000|100%| E|CS|TAMS 0x00000000eac00000, 0x00000000eac00000| Complete 
| 173|0x00000000ead00000, 0x00000000eae00000, 0x00000000eae00000|100%| E|CS|TAMS 0x00000000ead00000, 0x00000000ead00000| Complete 
| 174|0x00000000eae00000, 0x00000000eaf00000, 0x00000000eaf00000|100%| E|CS|TAMS 0x00000000eae00000, 0x00000000eae00000| Complete 
| 175|0x00000000eaf00000, 0x00000000eb000000, 0x00000000eb000000|100%| E|CS|TAMS 0x00000000eaf00000, 0x00000000eaf00000| Complete 
| 176|0x00000000eb000000, 0x00000000eb100000, 0x00000000eb100000|100%| E|CS|TAMS 0x00000000eb000000, 0x00000000eb000000| Complete 
| 177|0x00000000eb100000, 0x00000000eb200000, 0x00000000eb200000|100%| E|CS|TAMS 0x00000000eb100000, 0x00000000eb100000| Complete 
| 178|0x00000000eb200000, 0x00000000eb300000, 0x00000000eb300000|100%| E|CS|TAMS 0x00000000eb200000, 0x00000000eb200000| Complete 
| 179|0x00000000eb300000, 0x00000000eb400000, 0x00000000eb400000|100%| E|CS|TAMS 0x00000000eb300000, 0x00000000eb300000| Complete 
| 180|0x00000000eb400000, 0x00000000eb500000, 0x00000000eb500000|100%| E|CS|TAMS 0x00000000eb400000, 0x00000000eb400000| Complete 
| 181|0x00000000eb500000, 0x00000000eb600000, 0x00000000eb600000|100%| E|CS|TAMS 0x00000000eb500000, 0x00000000eb500000| Complete 
| 182|0x00000000eb600000, 0x00000000eb700000, 0x00000000eb700000|100%| E|CS|TAMS 0x00000000eb600000, 0x00000000eb600000| Complete 
| 183|0x00000000eb700000, 0x00000000eb800000, 0x00000000eb800000|100%| E|CS|TAMS 0x00000000eb700000, 0x00000000eb700000| Complete 
| 184|0x00000000eb800000, 0x00000000eb900000, 0x00000000eb900000|100%| E|CS|TAMS 0x00000000eb800000, 0x00000000eb800000| Complete 
| 185|0x00000000eb900000, 0x00000000eba00000, 0x00000000eba00000|100%| E|CS|TAMS 0x00000000eb900000, 0x00000000eb900000| Complete 
| 186|0x00000000eba00000, 0x00000000ebb00000, 0x00000000ebb00000|100%| E|CS|TAMS 0x00000000eba00000, 0x00000000eba00000| Complete 
| 187|0x00000000ebb00000, 0x00000000ebc00000, 0x00000000ebc00000|100%| E|CS|TAMS 0x00000000ebb00000, 0x00000000ebb00000| Complete 
| 188|0x00000000ebc00000, 0x00000000ebd00000, 0x00000000ebd00000|100%| E|CS|TAMS 0x00000000ebc00000, 0x00000000ebc00000| Complete 
| 189|0x00000000ebd00000, 0x00000000ebe00000, 0x00000000ebe00000|100%| E|CS|TAMS 0x00000000ebd00000, 0x00000000ebd00000| Complete 
| 190|0x00000000ebe00000, 0x00000000ebf00000, 0x00000000ebf00000|100%| E|CS|TAMS 0x00000000ebe00000, 0x00000000ebe00000| Complete 
| 191|0x00000000ebf00000, 0x00000000ec000000, 0x00000000ec000000|100%| E|CS|TAMS 0x00000000ebf00000, 0x00000000ebf00000| Complete 
| 192|0x00000000ec000000, 0x00000000ec100000, 0x00000000ec100000|100%| E|CS|TAMS 0x00000000ec000000, 0x00000000ec000000| Complete 
| 193|0x00000000ec100000, 0x00000000ec200000, 0x00000000ec200000|100%| E|CS|TAMS 0x00000000ec100000, 0x00000000ec100000| Complete 
| 194|0x00000000ec200000, 0x00000000ec300000, 0x00000000ec300000|100%| E|CS|TAMS 0x00000000ec200000, 0x00000000ec200000| Complete 
| 195|0x00000000ec300000, 0x00000000ec400000, 0x00000000ec400000|100%| E|CS|TAMS 0x00000000ec300000, 0x00000000ec300000| Complete 
| 196|0x00000000ec400000, 0x00000000ec500000, 0x00000000ec500000|100%| E|CS|TAMS 0x00000000ec400000, 0x00000000ec400000| Complete 
| 197|0x00000000ec500000, 0x00000000ec600000, 0x00000000ec600000|100%| E|CS|TAMS 0x00000000ec500000, 0x00000000ec500000| Complete 
| 198|0x00000000ec600000, 0x00000000ec700000, 0x00000000ec700000|100%| E|CS|TAMS 0x00000000ec600000, 0x00000000ec600000| Complete 
| 199|0x00000000ec700000, 0x00000000ec800000, 0x00000000ec800000|100%| E|CS|TAMS 0x00000000ec700000, 0x00000000ec700000| Complete 
| 200|0x00000000ec800000, 0x00000000ec900000, 0x00000000ec900000|100%| E|CS|TAMS 0x00000000ec800000, 0x00000000ec800000| Complete 
| 201|0x00000000ec900000, 0x00000000eca00000, 0x00000000eca00000|100%| E|CS|TAMS 0x00000000ec900000, 0x00000000ec900000| Complete 
| 202|0x00000000eca00000, 0x00000000ecb00000, 0x00000000ecb00000|100%| E|CS|TAMS 0x00000000eca00000, 0x00000000eca00000| Complete 
| 203|0x00000000ecb00000, 0x00000000ecc00000, 0x00000000ecc00000|100%| E|  |TAMS 0x00000000ecb00000, 0x00000000ecb00000| Complete 
| 204|0x00000000ecc00000, 0x00000000ecd00000, 0x00000000ecd00000|100%| E|CS|TAMS 0x00000000ecc00000, 0x00000000ecc00000| Complete 
| 205|0x00000000ecd00000, 0x00000000ece00000, 0x00000000ece00000|100%| E|CS|TAMS 0x00000000ecd00000, 0x00000000ecd00000| Complete 
| 206|0x00000000ece00000, 0x00000000ecf00000, 0x00000000ecf00000|100%| E|CS|TAMS 0x00000000ece00000, 0x00000000ece00000| Complete 
| 207|0x00000000ecf00000, 0x00000000ed000000, 0x00000000ed000000|100%| E|CS|TAMS 0x00000000ecf00000, 0x00000000ecf00000| Complete 
| 208|0x00000000ed000000, 0x00000000ed100000, 0x00000000ed100000|100%| E|CS|TAMS 0x00000000ed000000, 0x00000000ed000000| Complete 
| 209|0x00000000ed100000, 0x00000000ed200000, 0x00000000ed200000|100%| E|CS|TAMS 0x00000000ed100000, 0x00000000ed100000| Complete 
| 210|0x00000000ed200000, 0x00000000ed300000, 0x00000000ed300000|100%| E|CS|TAMS 0x00000000ed200000, 0x00000000ed200000| Complete 
| 211|0x00000000ed300000, 0x00000000ed400000, 0x00000000ed400000|100%| E|CS|TAMS 0x00000000ed300000, 0x00000000ed300000| Complete 
| 212|0x00000000ed400000, 0x00000000ed500000, 0x00000000ed500000|100%| E|CS|TAMS 0x00000000ed400000, 0x00000000ed400000| Complete 
| 213|0x00000000ed500000, 0x00000000ed600000, 0x00000000ed600000|100%| E|CS|TAMS 0x00000000ed500000, 0x00000000ed500000| Complete 
| 214|0x00000000ed600000, 0x00000000ed700000, 0x00000000ed700000|100%| E|CS|TAMS 0x00000000ed600000, 0x00000000ed600000| Complete 
| 215|0x00000000ed700000, 0x00000000ed800000, 0x00000000ed800000|100%| E|CS|TAMS 0x00000000ed700000, 0x00000000ed700000| Complete 
| 216|0x00000000ed800000, 0x00000000ed900000, 0x00000000ed900000|100%| E|CS|TAMS 0x00000000ed800000, 0x00000000ed800000| Complete 
| 217|0x00000000ed900000, 0x00000000eda00000, 0x00000000eda00000|100%| E|CS|TAMS 0x00000000ed900000, 0x00000000ed900000| Complete 
| 218|0x00000000eda00000, 0x00000000edb00000, 0x00000000edb00000|100%| E|CS|TAMS 0x00000000eda00000, 0x00000000eda00000| Complete 
| 219|0x00000000edb00000, 0x00000000edc00000, 0x00000000edc00000|100%| E|CS|TAMS 0x00000000edb00000, 0x00000000edb00000| Complete 
| 220|0x00000000edc00000, 0x00000000edd00000, 0x00000000edd00000|100%| E|CS|TAMS 0x00000000edc00000, 0x00000000edc00000| Complete 
| 221|0x00000000edd00000, 0x00000000ede00000, 0x00000000ede00000|100%| E|CS|TAMS 0x00000000edd00000, 0x00000000edd00000| Complete 
| 222|0x00000000ede00000, 0x00000000edf00000, 0x00000000edf00000|100%| E|CS|TAMS 0x00000000ede00000, 0x00000000ede00000| Complete 
| 223|0x00000000edf00000, 0x00000000ee000000, 0x00000000ee000000|100%| E|CS|TAMS 0x00000000edf00000, 0x00000000edf00000| Complete 
| 224|0x00000000ee000000, 0x00000000ee100000, 0x00000000ee100000|100%| E|CS|TAMS 0x00000000ee000000, 0x00000000ee000000| Complete 
| 225|0x00000000ee100000, 0x00000000ee200000, 0x00000000ee200000|100%| E|CS|TAMS 0x00000000ee100000, 0x00000000ee100000| Complete 
| 226|0x00000000ee200000, 0x00000000ee300000, 0x00000000ee300000|100%| E|CS|TAMS 0x00000000ee200000, 0x00000000ee200000| Complete 
| 227|0x00000000ee300000, 0x00000000ee400000, 0x00000000ee400000|100%| E|CS|TAMS 0x00000000ee300000, 0x00000000ee300000| Complete 
| 228|0x00000000ee400000, 0x00000000ee500000, 0x00000000ee500000|100%| E|CS|TAMS 0x00000000ee400000, 0x00000000ee400000| Complete 
| 229|0x00000000ee500000, 0x00000000ee600000, 0x00000000ee600000|100%| E|CS|TAMS 0x00000000ee500000, 0x00000000ee500000| Complete 
| 230|0x00000000ee600000, 0x00000000ee700000, 0x00000000ee700000|100%| E|CS|TAMS 0x00000000ee600000, 0x00000000ee600000| Complete 
| 231|0x00000000ee700000, 0x00000000ee800000, 0x00000000ee800000|100%| E|CS|TAMS 0x00000000ee700000, 0x00000000ee700000| Complete 
| 232|0x00000000ee800000, 0x00000000ee900000, 0x00000000ee900000|100%| E|CS|TAMS 0x00000000ee800000, 0x00000000ee800000| Complete 
| 233|0x00000000ee900000, 0x00000000eea00000, 0x00000000eea00000|100%| E|CS|TAMS 0x00000000ee900000, 0x00000000ee900000| Complete 
| 234|0x00000000eea00000, 0x00000000eeb00000, 0x00000000eeb00000|100%| E|CS|TAMS 0x00000000eea00000, 0x00000000eea00000| Complete 
| 235|0x00000000eeb00000, 0x00000000eec00000, 0x00000000eec00000|100%| E|CS|TAMS 0x00000000eeb00000, 0x00000000eeb00000| Complete 
| 236|0x00000000eec00000, 0x00000000eed00000, 0x00000000eed00000|100%| E|CS|TAMS 0x00000000eec00000, 0x00000000eec00000| Complete 
| 237|0x00000000eed00000, 0x00000000eee00000, 0x00000000eee00000|100%| E|CS|TAMS 0x00000000eed00000, 0x00000000eed00000| Complete 
| 238|0x00000000eee00000, 0x00000000eef00000, 0x00000000eef00000|100%| E|CS|TAMS 0x00000000eee00000, 0x00000000eee00000| Complete 
| 239|0x00000000eef00000, 0x00000000ef000000, 0x00000000ef000000|100%| E|CS|TAMS 0x00000000eef00000, 0x00000000eef00000| Complete 
| 240|0x00000000ef000000, 0x00000000ef100000, 0x00000000ef100000|100%| E|CS|TAMS 0x00000000ef000000, 0x00000000ef000000| Complete 
| 241|0x00000000ef100000, 0x00000000ef200000, 0x00000000ef200000|100%| E|CS|TAMS 0x00000000ef100000, 0x00000000ef100000| Complete 
| 242|0x00000000ef200000, 0x00000000ef300000, 0x00000000ef300000|100%| E|CS|TAMS 0x00000000ef200000, 0x00000000ef200000| Complete 
| 243|0x00000000ef300000, 0x00000000ef400000, 0x00000000ef400000|100%| E|CS|TAMS 0x00000000ef300000, 0x00000000ef300000| Complete 
| 244|0x00000000ef400000, 0x00000000ef500000, 0x00000000ef500000|100%| E|CS|TAMS 0x00000000ef400000, 0x00000000ef400000| Complete 
| 245|0x00000000ef500000, 0x00000000ef600000, 0x00000000ef600000|100%| E|CS|TAMS 0x00000000ef500000, 0x00000000ef500000| Complete 
| 246|0x00000000ef600000, 0x00000000ef700000, 0x00000000ef700000|100%| E|CS|TAMS 0x00000000ef600000, 0x00000000ef600000| Complete 
| 247|0x00000000ef700000, 0x00000000ef800000, 0x00000000ef800000|100%| E|CS|TAMS 0x00000000ef700000, 0x00000000ef700000| Complete 
| 248|0x00000000ef800000, 0x00000000ef900000, 0x00000000ef900000|100%| E|CS|TAMS 0x00000000ef800000, 0x00000000ef800000| Complete 
| 249|0x00000000ef900000, 0x00000000efa00000, 0x00000000efa00000|100%| E|CS|TAMS 0x00000000ef900000, 0x00000000ef900000| Complete 
| 250|0x00000000efa00000, 0x00000000efb00000, 0x00000000efb00000|100%| E|CS|TAMS 0x00000000efa00000, 0x00000000efa00000| Complete 
| 251|0x00000000efb00000, 0x00000000efc00000, 0x00000000efc00000|100%| E|CS|TAMS 0x00000000efb00000, 0x00000000efb00000| Complete 
| 252|0x00000000efc00000, 0x00000000efd00000, 0x00000000efd00000|100%| E|CS|TAMS 0x00000000efc00000, 0x00000000efc00000| Complete 
| 253|0x00000000efd00000, 0x00000000efe00000, 0x00000000efe00000|100%| E|CS|TAMS 0x00000000efd00000, 0x00000000efd00000| Complete 
| 254|0x00000000efe00000, 0x00000000eff00000, 0x00000000eff00000|100%| E|CS|TAMS 0x00000000efe00000, 0x00000000efe00000| Complete 
| 255|0x00000000eff00000, 0x00000000f0000000, 0x00000000f0000000|100%| E|CS|TAMS 0x00000000eff00000, 0x00000000eff00000| Complete 

Card table byte_map: [0x000001c39dd20000,0x000001c39de20000] _byte_map_base: 0x000001c39d620000

Marking Bits (Prev, Next): (CMBitMap*) 0x000001c387246bf0, (CMBitMap*) 0x000001c387246bb8
 Prev Bits: [0x000001c39e720000, 0x000001c39ef20000)
 Next Bits: [0x000001c39df20000, 0x000001c39e720000)

Polling page: 0x000001c3851c0000

Metaspace:

Usage:
  Non-class:     81.80 MB capacity,    79.73 MB ( 97%) used,     1.68 MB (  2%) free+waste,   397.13 KB ( <1%) overhead. 
      Class:     13.34 MB capacity,    11.97 MB ( 90%) used,     1.19 MB (  9%) free+waste,   189.31 KB (  1%) overhead. 
       Both:     95.13 MB capacity,    91.70 MB ( 96%) used,     2.87 MB (  3%) free+waste,   586.44 KB ( <1%) overhead. 

Virtual space:
  Non-class space:       82.00 MB reserved,      81.83 MB (>99%) committed 
      Class space:      376.00 MB reserved,      13.39 MB (  4%) committed 
             Both:      458.00 MB reserved,      95.21 MB ( 21%) committed 

Chunk freelists:
   Non-Class:  4.00 KB
       Class:  0 bytes
        Both:  4.00 KB

CodeHeap 'non-profiled nmethods': size=120000Kb used=9423Kb max_used=9423Kb free=110576Kb
 bounds [0x000001c3963c0000, 0x000001c396d00000, 0x000001c39d8f0000]
CodeHeap 'profiled nmethods': size=120000Kb used=32647Kb max_used=32647Kb free=87352Kb
 bounds [0x000001c38ee90000, 0x000001c390e80000, 0x000001c3963c0000]
CodeHeap 'non-nmethods': size=5760Kb used=2329Kb max_used=2381Kb free=3431Kb
 bounds [0x000001c38e8f0000, 0x000001c38eb60000, 0x000001c38ee90000]
 total_blobs=15824 nmethods=14878 adapters=856
 compilation: enabled
              stopped_count=0, restarted_count=0
 full_count=0

Compilation events (10 events):
Event: 222.035 Thread 0x000001c3a2239800 nmethod 15073 0x000001c390e5ab90 code [0x000001c390e5ad80, 0x000001c390e5b388]
Event: 222.035 Thread 0x000001c3a2239800 15074       3       java.util.concurrent.ThreadPoolExecutor$Worker::run (9 bytes)
Event: 222.035 Thread 0x000001c3a2239800 nmethod 15074 0x000001c390e5b510 code [0x000001c390e5b6c0, 0x000001c390e5b808]
Event: 222.070 Thread 0x000001c3a2239800 15075       3       io.spring.gradle.dependencymanagement.org.apache.maven.model.io.DefaultModelReader::isStrict (37 bytes)
Event: 222.072 Thread 0x000001c3a2239800 nmethod 15075 0x000001c390e5b910 code [0x000001c390e5bae0, 0x000001c390e5bee8]
Event: 222.072 Thread 0x000001c3a2239800 15076   !   3       io.spring.gradle.dependencymanagement.org.apache.maven.model.io.DefaultModelReader::read (58 bytes)
Event: 222.075 Thread 0x000001c3a35cc000 nmethod 14986 0x000001c396ceeb10 code [0x000001c396ceef20, 0x000001c396cf1f40]
Event: 222.076 Thread 0x000001c3a2239800 nmethod 15076 0x000001c390e5c010 code [0x000001c390e5c280, 0x000001c390e5cbb8]
Event: 222.076 Thread 0x000001c3a35cc000 15002       4       io.spring.gradle.dependencymanagement.org.codehaus.plexus.util.xml.pull.MXParser::parseAttribute (1644 bytes)
Event: 222.077 Thread 0x000001c3a2239800 15077       3       org.gradle.api.internal.artifacts.configurations.DefaultConfiguration$SelectedArtifactsProvider::getValue (5 bytes)

GC Heap History (10 events):
Event: 23.781 GC heap before
{Heap before GC invocations=11 (full 0):
 garbage-first heap   total 262144K, used 195281K [0x00000000e0000000, 0x0000000100000000)
  region size 1024K, 150 young (153600K), 14 survivors (14336K)
 Metaspace       used 73945K, capacity 76247K, committed 76380K, reserved 452608K
  class space    used 9850K, capacity 10755K, committed 10764K, reserved 385024K
}
Event: 23.804 GC heap after
{Heap after GC invocations=12 (full 0):
 garbage-first heap   total 262144K, used 60602K [0x00000000e0000000, 0x0000000100000000)
  region size 1024K, 15 young (15360K), 15 survivors (15360K)
 Metaspace       used 73945K, capacity 76247K, committed 76380K, reserved 452608K
  class space    used 9850K, capacity 10755K, committed 10764K, reserved 385024K
}
Event: 30.160 GC heap before
{Heap before GC invocations=12 (full 0):
 garbage-first heap   total 262144K, used 200890K [0x00000000e0000000, 0x0000000100000000)
  region size 1024K, 153 young (156672K), 15 survivors (15360K)
 Metaspace       used 80891K, capacity 83502K, committed 83676K, reserved 458752K
  class space    used 10805K, capacity 11842K, committed 11916K, reserved 385024K
}
Event: 30.193 GC heap after
{Heap after GC invocations=13 (full 0):
 garbage-first heap   total 262144K, used 69885K [0x00000000e0000000, 0x0000000100000000)
  region size 1024K, 14 young (14336K), 14 survivors (14336K)
 Metaspace       used 80891K, capacity 83502K, committed 83676K, reserved 458752K
  class space    used 10805K, capacity 11842K, committed 11916K, reserved 385024K
}
Event: 43.018 GC heap before
{Heap before GC invocations=13 (full 0):
 garbage-first heap   total 262144K, used 205053K [0x00000000e0000000, 0x0000000100000000)
  region size 1024K, 146 young (149504K), 14 survivors (14336K)
 Metaspace       used 85309K, capacity 88238K, committed 88412K, reserved 462848K
  class space    used 11297K, capacity 12467K, committed 12556K, reserved 385024K
}
Event: 43.050 GC heap after
{Heap after GC invocations=14 (full 0):
 garbage-first heap   total 262144K, used 76092K [0x00000000e0000000, 0x0000000100000000)
  region size 1024K, 16 young (16384K), 16 survivors (16384K)
 Metaspace       used 85309K, capacity 88238K, committed 88412K, reserved 462848K
  class space    used 11297K, capacity 12467K, committed 12556K, reserved 385024K
}
Event: 46.850 GC heap before
{Heap before GC invocations=14 (full 0):
 garbage-first heap   total 262144K, used 206140K [0x00000000e0000000, 0x0000000100000000)
  region size 1024K, 144 young (147456K), 16 survivors (16384K)
 Metaspace       used 88870K, capacity 91832K, committed 91868K, reserved 464896K
  class space    used 11689K, capacity 12905K, committed 12940K, reserved 385024K
}
Event: 46.882 GC heap after
{Heap after GC invocations=15 (full 0):
 garbage-first heap   total 262144K, used 82639K [0x00000000e0000000, 0x0000000100000000)
  region size 1024K, 14 young (14336K), 14 survivors (14336K)
 Metaspace       used 88870K, capacity 91832K, committed 91868K, reserved 464896K
  class space    used 11689K, capacity 12905K, committed 12940K, reserved 385024K
}
Event: 98.911 GC heap before
{Heap before GC invocations=15 (full 0):
 garbage-first heap   total 262144K, used 209615K [0x00000000e0000000, 0x0000000100000000)
  region size 1024K, 139 young (142336K), 14 survivors (14336K)
 Metaspace       used 92958K, capacity 96369K, committed 96732K, reserved 468992K
  class space    used 12227K, capacity 13583K, committed 13708K, reserved 385024K
}
Event: 98.951 GC heap after
{Heap after GC invocations=16 (full 0):
 garbage-first heap   total 262144K, used 94019K [0x00000000e0000000, 0x0000000100000000)
  region size 1024K, 18 young (18432K), 18 survivors (18432K)
 Metaspace       used 92958K, capacity 96369K, committed 96732K, reserved 468992K
  class space    used 12227K, capacity 13583K, committed 13708K, reserved 385024K
}

Deoptimization events (10 events):
Event: 99.383 Thread 0x000001c3a94a6000 Uncommon trap: reason=profile_predicate action=maybe_recompile pc=0x000001c396af13d0 method=sun.nio.cs.ISO_8859_1$Decoder.decodeArrayLoop(Ljava/nio/ByteBuffer;Ljava/nio/CharBuffer;)Ljava/nio/charset/CoderResult; @ 133 c2
Event: 99.383 Thread 0x000001c3a94a6000 Uncommon trap: reason=profile_predicate action=maybe_recompile pc=0x000001c396af13d0 method=sun.nio.cs.ISO_8859_1$Decoder.decodeArrayLoop(Ljava/nio/ByteBuffer;Ljava/nio/CharBuffer;)Ljava/nio/charset/CoderResult; @ 133 c2
Event: 99.384 Thread 0x000001c3a94a6000 Uncommon trap: reason=profile_predicate action=maybe_recompile pc=0x000001c396af13d0 method=sun.nio.cs.ISO_8859_1$Decoder.decodeArrayLoop(Ljava/nio/ByteBuffer;Ljava/nio/CharBuffer;)Ljava/nio/charset/CoderResult; @ 133 c2
Event: 99.660 Thread 0x000001c3a59c2800 Uncommon trap: reason=unstable_if action=reinterpret pc=0x000001c396ba1c5c method=java.util.concurrent.ConcurrentHashMap.addCount(JI)V @ 168 c2
Event: 99.766 Thread 0x000001c3a59ca800 Uncommon trap: reason=unstable_if action=reinterpret pc=0x000001c3967b8da0 method=java.util.concurrent.ConcurrentHashMap.addCount(JI)V @ 97 c2
Event: 99.844 Thread 0x000001c3a365b000 Uncommon trap: reason=unstable_if action=reinterpret pc=0x000001c396860b3c method=java.util.concurrent.ConcurrentHashMap.addCount(JI)V @ 97 c2
Event: 131.315 Thread 0x000001c3a3cc8800 Uncommon trap: reason=bimorphic_or_optimized_type_check action=maybe_recompile pc=0x000001c3966f5ddc method=java.util.stream.MatchOps$MatchOp.evaluateSequential(Ljava/util/stream/PipelineHelper;Ljava/util/Spliterator;)Ljava/lang/Boolean; @ 14 c2
Event: 131.322 Thread 0x000001c3a3cc8800 Uncommon trap: reason=class_check action=maybe_recompile pc=0x000001c396a62700 method=java.util.HashMap.removeNode(ILjava/lang/Object;Ljava/lang/Object;ZZ)Ljava/util/HashMap$Node; @ 143 c2
Event: 220.209 Thread 0x000001c3a4fa3000 Uncommon trap: reason=unstable_if action=reinterpret pc=0x000001c396a0b65c method=java.util.concurrent.ConcurrentLinkedQueue.updateHead(Ljava/util/concurrent/ConcurrentLinkedQueue$Node;Ljava/util/concurrent/ConcurrentLinkedQueue$Node;)V @ 14 c2
Event: 220.577 Thread 0x000001c3aaf83800 Uncommon trap: reason=intrinsic_or_type_checked_inlining action=make_not_entrant pc=0x000001c396ce07b4 method=java.util.Arrays.copyOfRange([Ljava/lang/Object;IILjava/lang/Class;)[Ljava/lang/Object; @ 83 c2

Classes redefined (0 events):
No events

Internal exceptions (10 events):
Event: 131.381 Thread 0x000001c3a4dfc800 Exception <a 'java/io/IOException'{0x00000000ec5c96e8}> (0x00000000ec5c96e8) thrown at [./open/src/hotspot/share/prims/jni.cpp, line 611]
Event: 131.381 Thread 0x000001c3a4dfc800 Exception <a 'java/io/IOException'{0x00000000ec5cae60}> (0x00000000ec5cae60) thrown at [./open/src/hotspot/share/prims/jni.cpp, line 611]
Event: 131.381 Thread 0x000001c3a4dfc800 Exception <a 'java/lang/reflect/InvocationTargetException'{0x00000000ec5cbaa8}> (0x00000000ec5cbaa8) thrown at [./open/src/hotspot/share/runtime/reflection.cpp, line 1242]
Event: 131.381 Thread 0x000001c3a4dfc800 Exception <a 'java/io/IOException'{0x00000000ec5cc088}> (0x00000000ec5cc088) thrown at [./open/src/hotspot/share/prims/jni.cpp, line 611]
Event: 131.384 Thread 0x000001c3a4dfc800 Exception <a 'java/io/IOException'{0x00000000ec5e5ea8}> (0x00000000ec5e5ea8) thrown at [./open/src/hotspot/share/prims/jni.cpp, line 611]
Event: 131.384 Thread 0x000001c3a4dfc800 Exception <a 'java/io/IOException'{0x00000000ec5e8e90}> (0x00000000ec5e8e90) thrown at [./open/src/hotspot/share/prims/jni.cpp, line 611]
Event: 219.786 Thread 0x000001c3aaf83800 Exception <a 'sun/nio/fs/WindowsException'{0x00000000ec1f2398}> (0x00000000ec1f2398) thrown at [./open/src/hotspot/share/prims/jni.cpp, line 611]
Event: 219.787 Thread 0x000001c3aaf83800 Exception <a 'sun/nio/fs/WindowsException'{0x00000000ec1f3910}> (0x00000000ec1f3910) thrown at [./open/src/hotspot/share/prims/jni.cpp, line 611]
Event: 219.788 Thread 0x000001c3aaf83800 Exception <a 'sun/nio/fs/WindowsException'{0x00000000ec1f4e88}> (0x00000000ec1f4e88) thrown at [./open/src/hotspot/share/prims/jni.cpp, line 611]
Event: 219.788 Thread 0x000001c3aaf83800 Exception <a 'sun/nio/fs/WindowsException'{0x00000000ec1f63e0}> (0x00000000ec1f63e0) thrown at [./open/src/hotspot/share/prims/jni.cpp, line 611]

Events (10 events):
Event: 221.953 Thread 0x000001c3a8d8f000 Thread added: 0x000001c3a8d8f000
Event: 221.968 Thread 0x000001c3a4fa4000 Thread added: 0x000001c3a4fa4000
Event: 221.982 Thread 0x000001c3a4fa5800 Thread added: 0x000001c3a4fa5800
Event: 221.995 Thread 0x000001c3a4fa6800 Thread added: 0x000001c3a4fa6800
Event: 222.008 Thread 0x000001c3a4fa0800 Thread added: 0x000001c3a4fa0800
Event: 222.020 Thread 0x000001c3a4fac000 Thread added: 0x000001c3a4fac000
Event: 222.034 Thread 0x000001c3a4fa9800 Thread added: 0x000001c3a4fa9800
Event: 222.046 Thread 0x000001c3a4faa800 Thread added: 0x000001c3a4faa800
Event: 222.058 Thread 0x000001c3a4fab000 Thread added: 0x000001c3a4fab000
Event: 222.068 Thread 0x000001c3a286c000 Thread added: 0x000001c3a286c000


Dynamic libraries:
0x00007ff7c5940000 - 0x00007ff7c594f000 	C:\Program Files\Java\jdk-11.0.17\bin\java.exe
0x00007ffc983b0000 - 0x00007ffc985a8000 	C:\WINDOWS\SYSTEM32\ntdll.dll
0x00007ffc96510000 - 0x00007ffc965cd000 	C:\WINDOWS\System32\KERNEL32.DLL
0x00007ffc95d70000 - 0x00007ffc96066000 	C:\WINDOWS\System32\KERNELBASE.dll
0x00007ffc95b00000 - 0x00007ffc95c00000 	C:\WINDOWS\System32\ucrtbase.dll
0x00007ffc81740000 - 0x00007ffc81758000 	C:\Program Files\Java\jdk-11.0.17\bin\jli.dll
0x00007ffc8ed50000 - 0x00007ffc8ed65000 	C:\Program Files\Java\jdk-11.0.17\bin\VCRUNTIME140.dll
0x00007ffc97100000 - 0x00007ffc971b0000 	C:\WINDOWS\System32\ADVAPI32.dll
0x00007ffc97f10000 - 0x00007ffc97fae000 	C:\WINDOWS\System32\msvcrt.dll
0x00007ffc96700000 - 0x00007ffc967a0000 	C:\WINDOWS\System32\sechost.dll
0x00007ffc967a0000 - 0x00007ffc968c3000 	C:\WINDOWS\System32\RPCRT4.dll
0x00007ffc96340000 - 0x00007ffc96367000 	C:\WINDOWS\System32\bcrypt.dll
0x00007ffc98080000 - 0x00007ffc9821f000 	C:\WINDOWS\System32\USER32.dll
0x00007ffc95c00000 - 0x00007ffc95c22000 	C:\WINDOWS\System32\win32u.dll
0x00007ffc7efd0000 - 0x00007ffc7f26a000 	C:\WINDOWS\WinSxS\amd64_microsoft.windows.common-controls_6595b64144ccf1df_6.0.19041.3636_none_60b6a03d71f818d5\COMCTL32.dll
0x00007ffc971b0000 - 0x00007ffc971db000 	C:\WINDOWS\System32\GDI32.dll
0x00007ffc96070000 - 0x00007ffc96187000 	C:\WINDOWS\System32\gdi32full.dll
0x00007ffc95a60000 - 0x00007ffc95afd000 	C:\WINDOWS\System32\msvcp_win.dll
0x00007ffc8ed30000 - 0x00007ffc8ed3a000 	C:\WINDOWS\SYSTEM32\VERSION.dll
0x00007ffc98330000 - 0x00007ffc98362000 	C:\WINDOWS\System32\IMM32.DLL
0x00007ffc6e7d0000 - 0x00007ffc6e86b000 	C:\Program Files\Java\jdk-11.0.17\bin\msvcp140.dll
0x00007ffc52b30000 - 0x00007ffc5364a000 	C:\Program Files\Java\jdk-11.0.17\bin\server\jvm.dll
0x00007ffc968d0000 - 0x00007ffc968d8000 	C:\WINDOWS\System32\PSAPI.DLL
0x00007ffc8ee40000 - 0x00007ffc8ee49000 	C:\WINDOWS\SYSTEM32\WSOCK32.dll
0x00007ffc77620000 - 0x00007ffc77647000 	C:\WINDOWS\SYSTEM32\WINMM.dll
0x00007ffc97090000 - 0x00007ffc970fb000 	C:\WINDOWS\System32\WS2_32.dll
0x00007ffc94240000 - 0x00007ffc94252000 	C:\WINDOWS\SYSTEM32\kernel.appcore.dll
0x00007ffc8ee30000 - 0x00007ffc8ee40000 	C:\Program Files\Java\jdk-11.0.17\bin\verify.dll
0x00007ffc93730000 - 0x00007ffc93914000 	C:\WINDOWS\SYSTEM32\DBGHELP.DLL
0x00007ffc833d0000 - 0x00007ffc83404000 	C:\WINDOWS\SYSTEM32\dbgcore.DLL
0x00007ffc95c30000 - 0x00007ffc95cb2000 	C:\WINDOWS\System32\bcryptPrimitives.dll
0x00007ffc748a0000 - 0x00007ffc748c8000 	C:\Program Files\Java\jdk-11.0.17\bin\java.dll
0x00007ffc87bd0000 - 0x00007ffc87bda000 	C:\Program Files\Java\jdk-11.0.17\bin\jimage.dll
0x00007ffc816d0000 - 0x00007ffc816de000 	C:\Program Files\Java\jdk-11.0.17\bin\instrument.dll
0x00007ffc77ce0000 - 0x00007ffc77cf6000 	C:\Program Files\Java\jdk-11.0.17\bin\zip.dll
0x00007ffc97440000 - 0x00007ffc97bab000 	C:\WINDOWS\System32\SHELL32.dll
0x00007ffc93920000 - 0x00007ffc940be000 	C:\WINDOWS\SYSTEM32\windows.storage.dll
0x00007ffc97bb0000 - 0x00007ffc97f03000 	C:\WINDOWS\System32\combase.dll
0x00007ffc953c0000 - 0x00007ffc953ee000 	C:\WINDOWS\SYSTEM32\Wldp.dll
0x00007ffc97fb0000 - 0x00007ffc9807d000 	C:\WINDOWS\System32\OLEAUT32.dll
0x00007ffc971e0000 - 0x00007ffc9728d000 	C:\WINDOWS\System32\SHCORE.dll
0x00007ffc982d0000 - 0x00007ffc98325000 	C:\WINDOWS\System32\shlwapi.dll
0x00007ffc95990000 - 0x00007ffc959b3000 	C:\WINDOWS\SYSTEM32\profapi.dll
0x00007ffc74880000 - 0x00007ffc74899000 	C:\Program Files\Java\jdk-11.0.17\bin\net.dll
0x00007ffc8cb50000 - 0x00007ffc8cc5a000 	C:\WINDOWS\System32\KERNELBASE.dll
0x00007ffc95120000 - 0x00007ffc9518a000 	C:\WINDOWS\System32\sechost.dll
0x00007ffc74860000 - 0x00007ffc74872000 	C:\WINDOWS\System32\bcrypt.dll
0x00007ffc76ef0000 - 0x00007ffc76f17000 	C:\WINDOWS\System32\win32u.dll
0x00007ffc67430000 - 0x00007ffc67574000 	C:\Users\marko\.gradle\native\38dada09dfb8b06ba9b0570ebf7e218e3eb74d4ef43ca46872605cf95ebc2f47\windows-amd64\native-platform-file-events.dll
0x00007ffc87530000 - 0x00007ffc87539000 	C:\WINDOWS\System32\GDI32.dll
0x00007ffc85ec0000 - 0x00007ffc85ecb000 	C:\Program Files\Java\jdk-11.0.17\bin\management_ext.dll
0x00007ffc95320000 - 0x00007ffc95338000 	C:\WINDOWS\SYSTEM32\CRYPTSP.dll
0x00007ffc94a00000 - 0x00007ffc94a34000 	C:\WINDOWS\system32\rsaenh.dll
0x00007ffc95910000 - 0x00007ffc9593e000 	C:\WINDOWS\System32\msvcp_win.dll
0x00007ffc95310000 - 0x00007ffc9531c000 	C:\WINDOWS\SYSTEM32\VERSION.dll
0x00007ffc94de0000 - 0x00007ffc94e1b000 	C:\WINDOWS\System32\IMM32.DLL
0x00007ffc966f0000 - 0x00007ffc966f8000 	C:\WINDOWS\System32\PSAPI.DLL
0x00007ffc8e9c0000 - 0x00007ffc8e9d7000 	C:\WINDOWS\SYSTEM32\WINMM.dll
0x00007ffc8e9a0000 - 0x00007ffc8e9bd000 	C:\Program Files\Java\jdk-11.0.17\bin\verify.dll
0x00007ffc94e20000 - 0x00007ffc94eeb000 	C:\WINDOWS\SYSTEM32\dbgcore.DLL
0x00007ffc92a70000 - 0x00007ffc92b00000 	C:\Program Files\Java\jdk-11.0.17\bin\jimage.dll
0x00007ffc73cc0000 - 0x00007ffc73cd7000 	C:\Program Files\Java\jdk-11.0.17\bin\zip.dll
0x00007ffc73ca0000 - 0x00007ffc73cbb000 	C:\WINDOWS\system32\pnrpnsp.dll
0x00007ffc70c80000 - 0x00007ffc70c95000 	C:\WINDOWS\System32\combase.dll
0x00007ffc90d30000 - 0x00007ffc90d4d000 	C:\WINDOWS\system32\NLAapi.dll
0x00007ffc73c80000 - 0x00007ffc73c92000 	C:\WINDOWS\System32\SHCORE.dll
0x00007ffc8da20000 - 0x00007ffc8da2a000 	C:\WINDOWS\System32\shlwapi.dll
0x00007ffc881d0000 - 0x00007ffc88250000 	C:\WINDOWS\SYSTEM32\profapi.dll
0x00007ffc865d0000 - 0x00007ffc865ee000 	C:\Program Files\Java\jdk-11.0.17\bin\net.dll
0x00007ffc76d50000 - 0x00007ffc76d57000 	C:\Program Files\Java\jdk-11.0.17\bin\rmi.dll

dbghelp: loaded successfully - version: 4.0.5 - missing functions: none
symbol engine: initialized successfully - sym options: 0x614 - pdb path: .;C:\Program Files\Java\jdk-11.0.17\bin;C:\WINDOWS\SYSTEM32;C:\WINDOWS\WinSxS\amd64_microsoft.windows.common-controls_6595b64144ccf1df_6.0.19041.3636_none_60b6a03d71f818d5;C:\Program Files\Java\jdk-11.0.17\bin\server;C:\Users\marko\.gradle\native\c067742578af261105cb4f569cf0c3c89f3d7b1fecec35dd04571415982c5e48\windows-amd64;C:\Users\marko\.gradle\native\38dada09dfb8b06ba9b0570ebf7e218e3eb74d4ef43ca46872605cf95ebc2f47\windows-amd64;C:\Users\marko\AppData\Local\Temp\native-platform10723040501576509614dir

VM Arguments:
jvm_args: --add-opens=java.base/java.util=ALL-UNNAMED --add-opens=java.base/java.lang=ALL-UNNAMED --add-opens=java.base/java.lang.invoke=ALL-UNNAMED --add-opens=java.prefs/java.util.prefs=ALL-UNNAMED --add-opens=java.base/java.nio.charset=ALL-UNNAMED --add-opens=java.base/java.net=ALL-UNNAMED --add-opens=java.base/java.util.concurrent.atomic=ALL-UNNAMED -XX:MaxMetaspaceSize=384m -XX:+HeapDumpOnOutOfMemoryError -Xms256m -Xmx512m -Dfile.encoding=windows-1252 -Duser.country=IT -Duser.language=it -Duser.variant -javaagent:C:\Users\marko\.gradle\wrapper\dists\gradle-8.4-bin\1w5dpkrfk8irigvoxmyhowfim\gradle-8.4\lib\agents\gradle-instrumentation-agent-8.4.jar 
java_command: org.gradle.launcher.daemon.bootstrap.GradleDaemon 8.4
java_class_path (initial): C:\Users\marko\.gradle\wrapper\dists\gradle-8.4-bin\1w5dpkrfk8irigvoxmyhowfim\gradle-8.4\lib\gradle-launcher-8.4.jar
Launcher Type: SUN_STANDARD

[Global flags]
     intx CICompilerCount                          = 4                                         {product} {ergonomic}
   size_t CompressedClassSpaceSize                 = 394264576                                 {product} {ergonomic}
     uint ConcGCThreads                            = 2                                         {product} {ergonomic}
     uint G1ConcRefinementThreads                  = 8                                         {product} {ergonomic}
   size_t G1HeapRegionSize                         = 1048576                                   {product} {ergonomic}
    uintx GCDrainStackTargetSize                   = 64                                        {product} {ergonomic}
     bool HeapDumpOnOutOfMemoryError               = true                                   {manageable} {command line}
   size_t InitialHeapSize                          = 268435456                                 {product} {command line}
   size_t MarkStackSize                            = 4194304                                   {product} {ergonomic}
   size_t MaxHeapSize                              = 536870912                                 {product} {command line}
   size_t MaxMetaspaceSize                         = 402653184                                 {product} {command line}
   size_t MaxNewSize                               = 321912832                                 {product} {ergonomic}
   size_t MinHeapDeltaBytes                        = 1048576                                   {product} {ergonomic}
    uintx NonNMethodCodeHeapSize                   = 5836300                                {pd product} {ergonomic}
    uintx NonProfiledCodeHeapSize                  = 122910970                              {pd product} {ergonomic}
    uintx ProfiledCodeHeapSize                     = 122910970                              {pd product} {ergonomic}
    uintx ReservedCodeCacheSize                    = 251658240                              {pd product} {ergonomic}
     bool SegmentedCodeCache                       = true                                      {product} {ergonomic}
     bool UseCompressedClassPointers               = true                                 {lp64_product} {ergonomic}
     bool UseCompressedOops                        = true                                 {lp64_product} {ergonomic}
     bool UseG1GC                                  = true                                      {product} {ergonomic}
     bool UseLargePagesIndividualAllocation        = false                                  {pd product} {ergonomic}

Logging:
Log output configuration:
 #0: stdout all=warning uptime,level,tags
 #1: stderr all=off uptime,level,tags

Environment Variables:
JAVA_HOME=C:\Program Files\Java\jdk-11.0.17
CLASSPATH=C:\Users\marko\Desktop\ISS_24\natali_projects\virtualrobotusage\\gradle\wrapper\gradle-wrapper.jar
PATH=C:\Program Files\Java\jdk-11.0.17\bin;C:\Gradle\gradle-8.6\bin;C:\Program Files\Python310\Scripts\;C:\Program Files\Python310\;C:\Program Files\Common Files\Oracle\Java\javapath;C:\Program Files (x86)\Common Files\Oracle\Java\javapath;C:\Program Files (x86)\Razer Chroma SDK\bin;C:\Program Files\Razer Chroma SDK\bin;C:\Program Files (x86)\Razer\ChromaBroadcast\bin;C:\Program Files\Razer\ChromaBroadcast\bin;C:\Program Files (x86)\Intel\Intel(R) Management Engine Components\iCLS\;C:\Program Files\Intel\Intel(R) Management Engine Components\iCLS\;C:\WINDOWS\system32;C:\WINDOWS;C:\WINDOWS\System32\Wbem;C:\WINDOWS\System32\WindowsPowerShell\v1.0\;C:\Program Files (x86)\Intel\Intel(R) Management Engine Components\DAL;C:\Program Files\Intel\Intel(R) Management Engine Components\DAL;C:\Program Files (x86)\Intel\Intel(R) Management Engine Components\IPT;C:\Program Files\Intel\Intel(R) Management Engine Components\IPT;C:\WINDOWS\System32\OpenSSH\;C:\WINDOWS\system32\config\systemprofile\AppData\Local\Microsoft\WindowsApps;C:\WINDOWS\system32;C:\WINDOWS;C:\WINDOWS\System32\Wbem;C:\WINDOWS\System32\WindowsPowerShell\v1.0\;C:\WINDOWS\System32\OpenSSH\;C:\Users\marko\AppData\Roaming\nvm;C:\Program Files\nodejs;C:\Program Files\Git\cmd;C:\Program Files\Git LFS;C:\Users\marko\AppData\Roaming\Python\Python310\Scripts;C:\Program Files\Docker\Docker\resources\bin;C:\Program Files\nodejs\;C:\Program Files\Graphviz\bin;C:\Users\marko\AppData\Local\Programs\Microsoft VS Code\bin;C:\Users\marko\AppData\Local\Microsoft\WindowsApps;C:\Users\marko\Desktop\antlr;C:\Users\marko\AppData\Local\JetBrains\IntelliJ IDEA Community Edition 2022.3.2\bin;C:\Users\marko\AppData\Roaming\npm
USERNAME=marko
OS=Windows_NT
PROCESSOR_IDENTIFIER=Intel64 Family 6 Model 142 Stepping 10, GenuineIntel



---------------  S Y S T E M  ---------------

OS: Windows 10 , 64 bit Build 19041 (10.0.19041.3636)
Hyper-V role detected

CPU:total 8 (initial active 8) (4 cores per cpu, 2 threads per core) family 6 model 142 stepping 10 microcode 0xb4, cmov, cx8, fxsr, mmx, sse, sse2, sse3, ssse3, sse4.1, sse4.2, popcnt, avx, avx2, aes, clmul, erms, 3dnowpref, lzcnt, ht, tsc, tscinvbit, bmi1, bmi2, adx, fma

Memory: 4k page, system-wide physical 8058M (443M free)
TotalPageFile size 8058M (AvailPageFile size 5M)
current process WorkingSet (physical memory assigned to process): 513M, peak: 535M
current process commit charge ("private bytes"): 579M, peak: 609M

vm_info: Java HotSpot(TM) 64-Bit Server VM (11.0.17+10-LTS-269) for windows-amd64 JRE (11.0.17+10-LTS-269), built on Sep 13 2022 19:26:37 by "mach5one" with MS VC++ 15.9 (VS2017)

END.
